1775669884
SOM total power                                         :     4870 mW
LPD temperature measurement 		    		:     30 C
FPD temperature measurement (REMOTE)  		    	:     30 C
PL temperature    					:     29 C
1775669885
SOM total power                                         :     5060 mW
LPD temperature measurement 		    		:     30 C
FPD temperature measurement (REMOTE)  		    	:     29 C
PL temperature    					:     28 C
1775669887
SOM total power                                         :     4990 mW
LPD temperature measurement 		    		:     29 C
FPD temperature measurement (REMOTE)  		    	:     28 C
PL temperature    					:     29 C
1775669888
SOM total power                                         :     4920 mW
LPD temperature measurement 		    		:     30 C
FPD temperature measurement (REMOTE)  		    	:     30 C
PL temperature    					:     29 C
1775669890
SOM total power                                         :     5020 mW
LPD temperature measurement 		    		:     30 C
FPD temperature measurement (REMOTE)  		    	:     29 C
PL temperature    					:     29 C
1775669891
SOM total power                                         :     4970 mW
LPD temperature measurement 		    		:     29 C
FPD temperature measurement (REMOTE)  		    	:     28 C
PL temperature    					:     30 C
1775669893
SOM total power                                         :     5050 mW
LPD temperature measurement 		    		:     30 C
FPD temperature measurement (REMOTE)  		    	:     30 C
PL temperature    					:     28 C
1775669894
SOM total power                                         :     5040 mW
LPD temperature measurement 		    		:     30 C
FPD temperature measurement (REMOTE)  		    	:     30 C
PL temperature    					:     29 C
1775669895
SOM total power                                         :     5000 mW
LPD temperature measurement 		    		:     29 C
FPD temperature measurement (REMOTE)  		    	:     29 C
PL temperature    					:     29 C
1775669897
SOM total power                                         :     5050 mW
LPD temperature measurement 		    		:     32 C
FPD temperature measurement (REMOTE)  		    	:     31 C
PL temperature    					:     29 C
1775669898
SOM total power                                         :     5020 mW
LPD temperature measurement 		    		:     32 C
FPD temperature measurement (REMOTE)  		    	:     31 C
PL temperature    					:     28 C
1775669900
SOM total power                                         :     5360 mW
LPD temperature measurement 		    		:     30 C
FPD temperature measurement (REMOTE)  		    	:     31 C
PL temperature    					:     29 C
1775669901
SOM total power                                         :     5280 mW
LPD temperature measurement 		    		:     31 C
FPD temperature measurement (REMOTE)  		    	:     29 C
PL temperature    					:     29 C
1775669903
SOM total power                                         :     5220 mW
LPD temperature measurement 		    		:     30 C
FPD temperature measurement (REMOTE)  		    	:     31 C
PL temperature    					:     30 C
1775669904
SOM total power                                         :     5110 mW
LPD temperature measurement 		    		:     31 C
FPD temperature measurement (REMOTE)  		    	:     31 C
PL temperature    					:     29 C
1775669906
SOM total power                                         :     5030 mW
LPD temperature measurement 		    		:     32 C
FPD temperature measurement (REMOTE)  		    	:     31 C
PL temperature    					:     29 C
1775669907
SOM total power                                         :     5020 mW
LPD temperature measurement 		    		:     32 C
FPD temperature measurement (REMOTE)  		    	:     29 C
PL temperature    					:     29 C
1775669909
SOM total power                                         :     5510 mW
LPD temperature measurement 		    		:     31 C
FPD temperature measurement (REMOTE)  		    	:     31 C
PL temperature    					:     29 C
1775669910
SOM total power                                         :     5370 mW
LPD temperature measurement 		    		:     31 C
FPD temperature measurement (REMOTE)  		    	:     30 C
PL temperature    					:     30 C
1775669912
SOM total power                                         :     5270 mW
LPD temperature measurement 		    		:     30 C
FPD temperature measurement (REMOTE)  		    	:     30 C
PL temperature    					:     29 C
1775669913
SOM total power                                         :     5090 mW
LPD temperature measurement 		    		:     30 C
FPD temperature measurement (REMOTE)  		    	:     29 C
PL temperature    					:     28 C
1775669914
SOM total power                                         :     5240 mW
LPD temperature measurement 		    		:     29 C
FPD temperature measurement (REMOTE)  		    	:     30 C
PL temperature    					:     30 C
1775669916
SOM total power                                         :     5240 mW
LPD temperature measurement 		    		:     31 C
FPD temperature measurement (REMOTE)  		    	:     30 C
PL temperature    					:     29 C
1775669917
SOM total power                                         :     5350 mW
LPD temperature measurement 		    		:     32 C
FPD temperature measurement (REMOTE)  		    	:     30 C
PL temperature    					:     29 C
1775669919
SOM total power                                         :     5380 mW
LPD temperature measurement 		    		:     30 C
FPD temperature measurement (REMOTE)  		    	:     30 C
PL temperature    					:     29 C
1775669921
SOM total power                                         :     5280 mW
LPD temperature measurement 		    		:     29 C
FPD temperature measurement (REMOTE)  		    	:     30 C
PL temperature    					:     29 C
1775669922
SOM total power                                         :     5320 mW
LPD temperature measurement 		    		:     31 C
FPD temperature measurement (REMOTE)  		    	:     30 C
PL temperature    					:     29 C
1775669924
SOM total power                                         :     4890 mW
LPD temperature measurement 		    		:     30 C
FPD temperature measurement (REMOTE)  		    	:     30 C
PL temperature    					:     30 C
1775669925
SOM total power                                         :     5370 mW
LPD temperature measurement 		    		:     29 C
FPD temperature measurement (REMOTE)  		    	:     29 C
PL temperature    					:     29 C
1775669927
SOM total power                                         :     5050 mW
LPD temperature measurement 		    		:     31 C
FPD temperature measurement (REMOTE)  		    	:     31 C
PL temperature    					:     30 C
1775669928
SOM total power                                         :     5380 mW
LPD temperature measurement 		    		:     31 C
FPD temperature measurement (REMOTE)  		    	:     29 C
PL temperature    					:     28 C
1775669930
SOM total power                                         :     5380 mW
LPD temperature measurement 		    		:     32 C
FPD temperature measurement (REMOTE)  		    	:     30 C
PL temperature    					:     30 C
1775669931
SOM total power                                         :     5220 mW
LPD temperature measurement 		    		:     29 C
FPD temperature measurement (REMOTE)  		    	:     30 C
PL temperature    					:     29 C
1775669932
SOM total power                                         :     5230 mW
LPD temperature measurement 		    		:     30 C
FPD temperature measurement (REMOTE)  		    	:     30 C
PL temperature    					:     30 C
1775669934
SOM total power                                         :     5220 mW
LPD temperature measurement 		    		:     30 C
FPD temperature measurement (REMOTE)  		    	:     30 C
PL temperature    					:     29 C
1775669935
SOM total power                                         :     5170 mW
LPD temperature measurement 		    		:     31 C
FPD temperature measurement (REMOTE)  		    	:     30 C
PL temperature    					:     29 C
1775669937
SOM total power                                         :     5240 mW
LPD temperature measurement 		    		:     30 C
FPD temperature measurement (REMOTE)  		    	:     29 C
PL temperature    					:     29 C
1775669938
SOM total power                                         :     5120 mW
LPD temperature measurement 		    		:     31 C
FPD temperature measurement (REMOTE)  		    	:     30 C
PL temperature    					:     29 C
1775669940
SOM total power                                         :     5060 mW
LPD temperature measurement 		    		:     32 C
FPD temperature measurement (REMOTE)  		    	:     30 C
PL temperature    					:     31 C
1775669941
SOM total power                                         :     5240 mW
LPD temperature measurement 		    		:     31 C
FPD temperature measurement (REMOTE)  		    	:     30 C
PL temperature    					:     30 C
1775669943
SOM total power                                         :     5210 mW
LPD temperature measurement 		    		:     31 C
FPD temperature measurement (REMOTE)  		    	:     30 C
PL temperature    					:     30 C
1775669944
SOM total power                                         :     5370 mW
LPD temperature measurement 		    		:     30 C
FPD temperature measurement (REMOTE)  		    	:     30 C
PL temperature    					:     29 C
1775669945
SOM total power                                         :     5100 mW
LPD temperature measurement 		    		:     32 C
FPD temperature measurement (REMOTE)  		    	:     30 C
PL temperature    					:     30 C
1775669947
SOM total power                                         :     5130 mW
LPD temperature measurement 		    		:     32 C
FPD temperature measurement (REMOTE)  		    	:     29 C
PL temperature    					:     28 C
1775669948
SOM total power                                         :     5190 mW
LPD temperature measurement 		    		:     30 C
FPD temperature measurement (REMOTE)  		    	:     29 C
PL temperature    					:     30 C
1775669950
SOM total power                                         :     5060 mW
LPD temperature measurement 		    		:     31 C
FPD temperature measurement (REMOTE)  		    	:     29 C
PL temperature    					:     30 C
1775669951
SOM total power                                         :     5380 mW
LPD temperature measurement 		    		:     30 C
FPD temperature measurement (REMOTE)  		    	:     31 C
PL temperature    					:     29 C
1775669953
SOM total power                                         :     5080 mW
LPD temperature measurement 		    		:     31 C
FPD temperature measurement (REMOTE)  		    	:     31 C
PL temperature    					:     30 C
1775669954
SOM total power                                         :     5270 mW
LPD temperature measurement 		    		:     31 C
FPD temperature measurement (REMOTE)  		    	:     30 C
PL temperature    					:     29 C
1775669956
SOM total power                                         :     5090 mW
LPD temperature measurement 		    		:     32 C
FPD temperature measurement (REMOTE)  		    	:     31 C
PL temperature    					:     30 C
1775669957
SOM total power                                         :     5000 mW
LPD temperature measurement 		    		:     32 C
FPD temperature measurement (REMOTE)  		    	:     31 C
PL temperature    					:     30 C
1775669958
SOM total power                                         :     5380 mW
LPD temperature measurement 		    		:     32 C
FPD temperature measurement (REMOTE)  		    	:     31 C
PL temperature    					:     30 C
1775669960
SOM total power                                         :     5220 mW
LPD temperature measurement 		    		:     31 C
FPD temperature measurement (REMOTE)  		    	:     30 C
PL temperature    					:     28 C
1775669961
SOM total power                                         :     5150 mW
LPD temperature measurement 		    		:     32 C
FPD temperature measurement (REMOTE)  		    	:     32 C
PL temperature    					:     30 C
1775669963
SOM total power                                         :     5080 mW
LPD temperature measurement 		    		:     32 C
FPD temperature measurement (REMOTE)  		    	:     30 C
PL temperature    					:     29 C
1775669964
SOM total power                                         :     5080 mW
LPD temperature measurement 		    		:     31 C
FPD temperature measurement (REMOTE)  		    	:     32 C
PL temperature    					:     29 C
1775669966
SOM total power                                         :     5160 mW
LPD temperature measurement 		    		:     31 C
FPD temperature measurement (REMOTE)  		    	:     30 C
PL temperature    					:     29 C
1775669967
SOM total power                                         :     5010 mW
LPD temperature measurement 		    		:     32 C
FPD temperature measurement (REMOTE)  		    	:     32 C
PL temperature    					:     31 C
1775669969
SOM total power                                         :     5090 mW
LPD temperature measurement 		    		:     31 C
FPD temperature measurement (REMOTE)  		    	:     29 C
PL temperature    					:     29 C
1775669970
SOM total power                                         :     5120 mW
LPD temperature measurement 		    		:     29 C
FPD temperature measurement (REMOTE)  		    	:     30 C
PL temperature    					:     31 C
1775669972
SOM total power                                         :     5280 mW
LPD temperature measurement 		    		:     32 C
FPD temperature measurement (REMOTE)  		    	:     30 C
PL temperature    					:     31 C
1775669973
SOM total power                                         :     5370 mW
LPD temperature measurement 		    		:     30 C
FPD temperature measurement (REMOTE)  		    	:     30 C
PL temperature    					:     29 C
1775669975
SOM total power                                         :     5210 mW
LPD temperature measurement 		    		:     32 C
FPD temperature measurement (REMOTE)  		    	:     32 C
PL temperature    					:     29 C
1775669976
SOM total power                                         :     5060 mW
LPD temperature measurement 		    		:     30 C
FPD temperature measurement (REMOTE)  		    	:     30 C
PL temperature    					:     30 C
1775669978
SOM total power                                         :     5250 mW
LPD temperature measurement 		    		:     31 C
FPD temperature measurement (REMOTE)  		    	:     31 C
PL temperature    					:     29 C
1775669979
SOM total power                                         :     5270 mW
LPD temperature measurement 		    		:     31 C
FPD temperature measurement (REMOTE)  		    	:     31 C
PL temperature    					:     29 C
1775669980
SOM total power                                         :     5270 mW
LPD temperature measurement 		    		:     31 C
FPD temperature measurement (REMOTE)  		    	:     30 C
PL temperature    					:     30 C
1775669982
SOM total power                                         :     5040 mW
LPD temperature measurement 		    		:     30 C
FPD temperature measurement (REMOTE)  		    	:     30 C
PL temperature    					:     30 C
1775669983
SOM total power                                         :     5320 mW
LPD temperature measurement 		    		:     31 C
FPD temperature measurement (REMOTE)  		    	:     31 C
PL temperature    					:     30 C
1775669985
SOM total power                                         :     5380 mW
LPD temperature measurement 		    		:     31 C
FPD temperature measurement (REMOTE)  		    	:     31 C
PL temperature    					:     29 C
1775669986
SOM total power                                         :     5360 mW
LPD temperature measurement 		    		:     31 C
FPD temperature measurement (REMOTE)  		    	:     30 C
PL temperature    					:     31 C
1775669988
SOM total power                                         :     5460 mW
LPD temperature measurement 		    		:     30 C
FPD temperature measurement (REMOTE)  		    	:     31 C
PL temperature    					:     30 C
1775669989
SOM total power                                         :     5060 mW
LPD temperature measurement 		    		:     31 C
FPD temperature measurement (REMOTE)  		    	:     30 C
PL temperature    					:     30 C
1775669991
SOM total power                                         :     5190 mW
LPD temperature measurement 		    		:     29 C
FPD temperature measurement (REMOTE)  		    	:     30 C
PL temperature    					:     30 C
1775669992
SOM total power                                         :     5380 mW
LPD temperature measurement 		    		:     32 C
FPD temperature measurement (REMOTE)  		    	:     31 C
PL temperature    					:     29 C
1775669994
SOM total power                                         :     5320 mW
LPD temperature measurement 		    		:     31 C
FPD temperature measurement (REMOTE)  		    	:     30 C
PL temperature    					:     29 C
1775669995
SOM total power                                         :     5270 mW
LPD temperature measurement 		    		:     31 C
FPD temperature measurement (REMOTE)  		    	:     31 C
PL temperature    					:     30 C
1775669997
SOM total power                                         :     5390 mW
LPD temperature measurement 		    		:     32 C
FPD temperature measurement (REMOTE)  		    	:     32 C
PL temperature    					:     31 C
1775669998
SOM total power                                         :     5060 mW
LPD temperature measurement 		    		:     31 C
FPD temperature measurement (REMOTE)  		    	:     30 C
PL temperature    					:     31 C
1775670000
SOM total power                                         :     5420 mW
LPD temperature measurement 		    		:     32 C
FPD temperature measurement (REMOTE)  		    	:     31 C
PL temperature    					:     30 C
1775670001
SOM total power                                         :     5170 mW
LPD temperature measurement 		    		:     31 C
FPD temperature measurement (REMOTE)  		    	:     31 C
PL temperature    					:     29 C
1775670002
SOM total power                                         :     5030 mW
LPD temperature measurement 		    		:     30 C
FPD temperature measurement (REMOTE)  		    	:     30 C
PL temperature    					:     28 C
1775670004
SOM total power                                         :     5230 mW
LPD temperature measurement 		    		:     30 C
FPD temperature measurement (REMOTE)  		    	:     31 C
PL temperature    					:     31 C
1775670005
SOM total power                                         :     5390 mW
LPD temperature measurement 		    		:     31 C
FPD temperature measurement (REMOTE)  		    	:     30 C
PL temperature    					:     31 C
1775670007
SOM total power                                         :     5210 mW
LPD temperature measurement 		    		:     31 C
FPD temperature measurement (REMOTE)  		    	:     32 C
PL temperature    					:     29 C
1775670008
SOM total power                                         :     5290 mW
LPD temperature measurement 		    		:     31 C
FPD temperature measurement (REMOTE)  		    	:     31 C
PL temperature    					:     31 C
1775670010
SOM total power                                         :     5280 mW
LPD temperature measurement 		    		:     32 C
FPD temperature measurement (REMOTE)  		    	:     31 C
PL temperature    					:     30 C
1775670011
SOM total power                                         :     5210 mW
LPD temperature measurement 		    		:     33 C
FPD temperature measurement (REMOTE)  		    	:     30 C
PL temperature    					:     29 C
1775670012
SOM total power                                         :     5510 mW
LPD temperature measurement 		    		:     31 C
FPD temperature measurement (REMOTE)  		    	:     31 C
PL temperature    					:     29 C
1775670014
SOM total power                                         :     5090 mW
LPD temperature measurement 		    		:     31 C
FPD temperature measurement (REMOTE)  		    	:     31 C
PL temperature    					:     29 C
1775670015
SOM total power                                         :     5310 mW
LPD temperature measurement 		    		:     31 C
FPD temperature measurement (REMOTE)  		    	:     30 C
PL temperature    					:     29 C
1775670017
SOM total power                                         :     5350 mW
LPD temperature measurement 		    		:     30 C
FPD temperature measurement (REMOTE)  		    	:     31 C
PL temperature    					:     30 C
1775670018
SOM total power                                         :     5110 mW
LPD temperature measurement 		    		:     32 C
FPD temperature measurement (REMOTE)  		    	:     29 C
PL temperature    					:     30 C
1775670020
SOM total power                                         :     5380 mW
LPD temperature measurement 		    		:     31 C
FPD temperature measurement (REMOTE)  		    	:     31 C
PL temperature    					:     30 C
1775670021
SOM total power                                         :     5130 mW
LPD temperature measurement 		    		:     31 C
FPD temperature measurement (REMOTE)  		    	:     29 C
PL temperature    					:     30 C
1775670023
SOM total power                                         :     5340 mW
LPD temperature measurement 		    		:     31 C
FPD temperature measurement (REMOTE)  		    	:     30 C
PL temperature    					:     30 C
1775670024
SOM total power                                         :     5290 mW
LPD temperature measurement 		    		:     33 C
FPD temperature measurement (REMOTE)  		    	:     30 C
PL temperature    					:     31 C
1775670026
SOM total power                                         :     5010 mW
LPD temperature measurement 		    		:     31 C
FPD temperature measurement (REMOTE)  		    	:     30 C
PL temperature    					:     30 C
1775670027
SOM total power                                         :     5050 mW
LPD temperature measurement 		    		:     32 C
FPD temperature measurement (REMOTE)  		    	:     30 C
PL temperature    					:     30 C
1775670029
SOM total power                                         :     5290 mW
LPD temperature measurement 		    		:     31 C
FPD temperature measurement (REMOTE)  		    	:     30 C
PL temperature    					:     30 C
1775670030
SOM total power                                         :     5220 mW
LPD temperature measurement 		    		:     31 C
FPD temperature measurement (REMOTE)  		    	:     32 C
PL temperature    					:     29 C
1775670031
SOM total power                                         :     5250 mW
LPD temperature measurement 		    		:     31 C
FPD temperature measurement (REMOTE)  		    	:     32 C
PL temperature    					:     31 C
1775670033
SOM total power                                         :     5090 mW
LPD temperature measurement 		    		:     32 C
FPD temperature measurement (REMOTE)  		    	:     31 C
PL temperature    					:     29 C
1775670034
SOM total power                                         :     5050 mW
LPD temperature measurement 		    		:     31 C
FPD temperature measurement (REMOTE)  		    	:     31 C
PL temperature    					:     29 C
1775670036
SOM total power                                         :     5050 mW
LPD temperature measurement 		    		:     31 C
FPD temperature measurement (REMOTE)  		    	:     31 C
PL temperature    					:     30 C
1775670037
SOM total power                                         :     5240 mW
LPD temperature measurement 		    		:     31 C
FPD temperature measurement (REMOTE)  		    	:     30 C
PL temperature    					:     30 C
1775670039
SOM total power                                         :     5320 mW
LPD temperature measurement 		    		:     31 C
FPD temperature measurement (REMOTE)  		    	:     30 C
PL temperature    					:     30 C
1775670040
SOM total power                                         :     5420 mW
LPD temperature measurement 		    		:     32 C
FPD temperature measurement (REMOTE)  		    	:     30 C
PL temperature    					:     29 C
1775670042
SOM total power                                         :     5390 mW
LPD temperature measurement 		    		:     31 C
FPD temperature measurement (REMOTE)  		    	:     30 C
PL temperature    					:     31 C
1775670043
SOM total power                                         :     5070 mW
LPD temperature measurement 		    		:     31 C
FPD temperature measurement (REMOTE)  		    	:     31 C
PL temperature    					:     29 C
1775670045
SOM total power                                         :     5220 mW
LPD temperature measurement 		    		:     31 C
FPD temperature measurement (REMOTE)  		    	:     31 C
PL temperature    					:     30 C
1775670046
SOM total power                                         :     5050 mW
LPD temperature measurement 		    		:     32 C
FPD temperature measurement (REMOTE)  		    	:     30 C
PL temperature    					:     28 C
1775670048
SOM total power                                         :     5150 mW
LPD temperature measurement 		    		:     31 C
FPD temperature measurement (REMOTE)  		    	:     31 C
PL temperature    					:     30 C
1775670049
SOM total power                                         :     5330 mW
LPD temperature measurement 		    		:     30 C
FPD temperature measurement (REMOTE)  		    	:     30 C
PL temperature    					:     30 C
1775670051
SOM total power                                         :     5370 mW
LPD temperature measurement 		    		:     31 C
FPD temperature measurement (REMOTE)  		    	:     30 C
PL temperature    					:     30 C
1775670052
SOM total power                                         :     5310 mW
LPD temperature measurement 		    		:     31 C
FPD temperature measurement (REMOTE)  		    	:     31 C
PL temperature    					:     30 C
1775670054
SOM total power                                         :     5240 mW
LPD temperature measurement 		    		:     31 C
FPD temperature measurement (REMOTE)  		    	:     32 C
PL temperature    					:     30 C
1775670055
SOM total power                                         :     5150 mW
LPD temperature measurement 		    		:     30 C
FPD temperature measurement (REMOTE)  		    	:     30 C
PL temperature    					:     29 C
1775670056
SOM total power                                         :     5150 mW
LPD temperature measurement 		    		:     31 C
FPD temperature measurement (REMOTE)  		    	:     30 C
PL temperature    					:     30 C
1775670058
SOM total power                                         :     5080 mW
LPD temperature measurement 		    		:     31 C
FPD temperature measurement (REMOTE)  		    	:     31 C
PL temperature    					:     30 C
1775670059
SOM total power                                         :     5040 mW
LPD temperature measurement 		    		:     31 C
FPD temperature measurement (REMOTE)  		    	:     31 C
PL temperature    					:     29 C
1775670061
SOM total power                                         :     5030 mW
LPD temperature measurement 		    		:     33 C
FPD temperature measurement (REMOTE)  		    	:     32 C
PL temperature    					:     29 C
1775670062
SOM total power                                         :     5380 mW
LPD temperature measurement 		    		:     30 C
FPD temperature measurement (REMOTE)  		    	:     31 C
PL temperature    					:     29 C
1775670064
SOM total power                                         :     5030 mW
LPD temperature measurement 		    		:     31 C
FPD temperature measurement (REMOTE)  		    	:     30 C
PL temperature    					:     30 C
1775670065
SOM total power                                         :     5060 mW
LPD temperature measurement 		    		:     30 C
FPD temperature measurement (REMOTE)  		    	:     31 C
PL temperature    					:     32 C
1775670067
SOM total power                                         :     5290 mW
LPD temperature measurement 		    		:     32 C
FPD temperature measurement (REMOTE)  		    	:     31 C
PL temperature    					:     31 C
1775670068
SOM total power                                         :     5010 mW
LPD temperature measurement 		    		:     30 C
FPD temperature measurement (REMOTE)  		    	:     31 C
PL temperature    					:     30 C
1775670070
SOM total power                                         :     5200 mW
LPD temperature measurement 		    		:     32 C
FPD temperature measurement (REMOTE)  		    	:     31 C
PL temperature    					:     30 C
1775670071
SOM total power                                         :     5360 mW
LPD temperature measurement 		    		:     31 C
FPD temperature measurement (REMOTE)  		    	:     30 C
PL temperature    					:     30 C
1775670072
SOM total power                                         :     5390 mW
LPD temperature measurement 		    		:     32 C
FPD temperature measurement (REMOTE)  		    	:     31 C
PL temperature    					:     29 C
1775670074
SOM total power                                         :     5220 mW
LPD temperature measurement 		    		:     32 C
FPD temperature measurement (REMOTE)  		    	:     30 C
PL temperature    					:     31 C
1775670075
SOM total power                                         :     5240 mW
LPD temperature measurement 		    		:     30 C
FPD temperature measurement (REMOTE)  		    	:     30 C
PL temperature    					:     30 C
1775670077
SOM total power                                         :     5010 mW
LPD temperature measurement 		    		:     32 C
FPD temperature measurement (REMOTE)  		    	:     31 C
PL temperature    					:     31 C
1775670078
SOM total power                                         :     5370 mW
LPD temperature measurement 		    		:     30 C
FPD temperature measurement (REMOTE)  		    	:     31 C
PL temperature    					:     30 C
1775670080
SOM total power                                         :     5040 mW
LPD temperature measurement 		    		:     31 C
FPD temperature measurement (REMOTE)  		    	:     29 C
PL temperature    					:     30 C
1775670081
SOM total power                                         :     5240 mW
LPD temperature measurement 		    		:     32 C
FPD temperature measurement (REMOTE)  		    	:     30 C
PL temperature    					:     31 C
1775670083
SOM total power                                         :     5310 mW
LPD temperature measurement 		    		:     31 C
FPD temperature measurement (REMOTE)  		    	:     31 C
PL temperature    					:     30 C
1775670084
SOM total power                                         :     5210 mW
LPD temperature measurement 		    		:     32 C
FPD temperature measurement (REMOTE)  		    	:     32 C
PL temperature    					:     30 C
1775670086
SOM total power                                         :     5330 mW
LPD temperature measurement 		    		:     31 C
FPD temperature measurement (REMOTE)  		    	:     31 C
PL temperature    					:     30 C
1775670087
SOM total power                                         :     5290 mW
LPD temperature measurement 		    		:     30 C
FPD temperature measurement (REMOTE)  		    	:     31 C
PL temperature    					:     31 C
1775670089
SOM total power                                         :     5040 mW
LPD temperature measurement 		    		:     32 C
FPD temperature measurement (REMOTE)  		    	:     31 C
PL temperature    					:     31 C
1775670090
SOM total power                                         :     5220 mW
LPD temperature measurement 		    		:     31 C
FPD temperature measurement (REMOTE)  		    	:     31 C
PL temperature    					:     29 C
1775670091
SOM total power                                         :     5510 mW
LPD temperature measurement 		    		:     31 C
FPD temperature measurement (REMOTE)  		    	:     30 C
PL temperature    					:     30 C
1775670093
SOM total power                                         :     5260 mW
LPD temperature measurement 		    		:     31 C
FPD temperature measurement (REMOTE)  		    	:     30 C
PL temperature    					:     29 C
1775670094
SOM total power                                         :     5210 mW
LPD temperature measurement 		    		:     32 C
FPD temperature measurement (REMOTE)  		    	:     31 C
PL temperature    					:     29 C
1775670096
SOM total power                                         :     5400 mW
LPD temperature measurement 		    		:     31 C
FPD temperature measurement (REMOTE)  		    	:     30 C
PL temperature    					:     30 C
1775670097
SOM total power                                         :     5040 mW
LPD temperature measurement 		    		:     31 C
FPD temperature measurement (REMOTE)  		    	:     31 C
PL temperature    					:     30 C
1775670099
SOM total power                                         :     5120 mW
LPD temperature measurement 		    		:     31 C
FPD temperature measurement (REMOTE)  		    	:     31 C
PL temperature    					:     32 C
1775670100
SOM total power                                         :     5400 mW
LPD temperature measurement 		    		:     32 C
FPD temperature measurement (REMOTE)  		    	:     31 C
PL temperature    					:     30 C
1775670102
SOM total power                                         :     5080 mW
LPD temperature measurement 		    		:     31 C
FPD temperature measurement (REMOTE)  		    	:     30 C
PL temperature    					:     30 C
1775670103
SOM total power                                         :     5400 mW
LPD temperature measurement 		    		:     31 C
FPD temperature measurement (REMOTE)  		    	:     31 C
PL temperature    					:     29 C
1775670105
SOM total power                                         :     5030 mW
LPD temperature measurement 		    		:     32 C
FPD temperature measurement (REMOTE)  		    	:     31 C
PL temperature    					:     30 C
1775670106
SOM total power                                         :     5050 mW
LPD temperature measurement 		    		:     31 C
FPD temperature measurement (REMOTE)  		    	:     31 C
PL temperature    					:     31 C
1775670108
SOM total power                                         :     5070 mW
LPD temperature measurement 		    		:     31 C
FPD temperature measurement (REMOTE)  		    	:     31 C
PL temperature    					:     30 C
1775670109
SOM total power                                         :     5310 mW
LPD temperature measurement 		    		:     32 C
FPD temperature measurement (REMOTE)  		    	:     31 C
PL temperature    					:     30 C
1775670110
SOM total power                                         :     5210 mW
LPD temperature measurement 		    		:     31 C
FPD temperature measurement (REMOTE)  		    	:     30 C
PL temperature    					:     30 C
1775670112
SOM total power                                         :     5360 mW
LPD temperature measurement 		    		:     31 C
FPD temperature measurement (REMOTE)  		    	:     32 C
PL temperature    					:     30 C
1775670113
SOM total power                                         :     5380 mW
LPD temperature measurement 		    		:     32 C
FPD temperature measurement (REMOTE)  		    	:     31 C
PL temperature    					:     30 C
1775670115
SOM total power                                         :     5400 mW
LPD temperature measurement 		    		:     31 C
FPD temperature measurement (REMOTE)  		    	:     29 C
PL temperature    					:     29 C
1775670116
SOM total power                                         :     5180 mW
LPD temperature measurement 		    		:     32 C
FPD temperature measurement (REMOTE)  		    	:     31 C
PL temperature    					:     30 C
1775670118
SOM total power                                         :     5080 mW
LPD temperature measurement 		    		:     32 C
FPD temperature measurement (REMOTE)  		    	:     31 C
PL temperature    					:     29 C
1775670119
SOM total power                                         :     5350 mW
LPD temperature measurement 		    		:     31 C
FPD temperature measurement (REMOTE)  		    	:     31 C
PL temperature    					:     30 C
1775670120
SOM total power                                         :     6250 mW
LPD temperature measurement 		    		:     32 C
FPD temperature measurement (REMOTE)  		    	:     31 C
PL temperature    					:     30 C
1775670122
SOM total power                                         :     5360 mW
LPD temperature measurement 		    		:     32 C
FPD temperature measurement (REMOTE)  		    	:     31 C
PL temperature    					:     29 C
1775670123
SOM total power                                         :     5380 mW
LPD temperature measurement 		    		:     31 C
FPD temperature measurement (REMOTE)  		    	:     31 C
PL temperature    					:     30 C
1775670125
SOM total power                                         :     5190 mW
LPD temperature measurement 		    		:     30 C
FPD temperature measurement (REMOTE)  		    	:     31 C
PL temperature    					:     31 C
1775670126
SOM total power                                         :     5370 mW
LPD temperature measurement 		    		:     31 C
FPD temperature measurement (REMOTE)  		    	:     31 C
PL temperature    					:     29 C
1775670128
SOM total power                                         :     5230 mW
LPD temperature measurement 		    		:     31 C
FPD temperature measurement (REMOTE)  		    	:     32 C
PL temperature    					:     31 C
1775670129
SOM total power                                         :     5050 mW
LPD temperature measurement 		    		:     31 C
FPD temperature measurement (REMOTE)  		    	:     31 C
PL temperature    					:     30 C
1775670131
SOM total power                                         :     5160 mW
LPD temperature measurement 		    		:     30 C
FPD temperature measurement (REMOTE)  		    	:     30 C
PL temperature    					:     30 C
1775670132
SOM total power                                         :     5100 mW
LPD temperature measurement 		    		:     33 C
FPD temperature measurement (REMOTE)  		    	:     31 C
PL temperature    					:     30 C
1775670134
SOM total power                                         :     5190 mW
LPD temperature measurement 		    		:     33 C
FPD temperature measurement (REMOTE)  		    	:     30 C
PL temperature    					:     30 C
1775670135
SOM total power                                         :     5280 mW
LPD temperature measurement 		    		:     32 C
FPD temperature measurement (REMOTE)  		    	:     30 C
PL temperature    					:     30 C
1775670136
SOM total power                                         :     5370 mW
LPD temperature measurement 		    		:     31 C
FPD temperature measurement (REMOTE)  		    	:     31 C
PL temperature    					:     29 C
1775670138
SOM total power                                         :     5030 mW
LPD temperature measurement 		    		:     32 C
FPD temperature measurement (REMOTE)  		    	:     32 C
PL temperature    					:     29 C
1775670139
SOM total power                                         :     4970 mW
LPD temperature measurement 		    		:     32 C
FPD temperature measurement (REMOTE)  		    	:     31 C
PL temperature    					:     30 C
1775670141
SOM total power                                         :     5160 mW
LPD temperature measurement 		    		:     31 C
FPD temperature measurement (REMOTE)  		    	:     30 C
PL temperature    					:     30 C
1775670142
SOM total power                                         :     5080 mW
LPD temperature measurement 		    		:     30 C
FPD temperature measurement (REMOTE)  		    	:     30 C
PL temperature    					:     30 C
1775670144
SOM total power                                         :     5220 mW
LPD temperature measurement 		    		:     31 C
FPD temperature measurement (REMOTE)  		    	:     32 C
PL temperature    					:     29 C
1775670145
SOM total power                                         :     5040 mW
LPD temperature measurement 		    		:     31 C
FPD temperature measurement (REMOTE)  		    	:     31 C
PL temperature    					:     31 C
1775670147
SOM total power                                         :     5050 mW
LPD temperature measurement 		    		:     32 C
FPD temperature measurement (REMOTE)  		    	:     31 C
PL temperature    					:     29 C
1775670148
SOM total power                                         :     5280 mW
LPD temperature measurement 		    		:     31 C
FPD temperature measurement (REMOTE)  		    	:     31 C
PL temperature    					:     30 C
1775670149
SOM total power                                         :     5380 mW
LPD temperature measurement 		    		:     31 C
FPD temperature measurement (REMOTE)  		    	:     30 C
PL temperature    					:     30 C
1775670151
SOM total power                                         :     5130 mW
LPD temperature measurement 		    		:     31 C
FPD temperature measurement (REMOTE)  		    	:     31 C
PL temperature    					:     30 C
1775670152
SOM total power                                         :     5180 mW
LPD temperature measurement 		    		:     32 C
FPD temperature measurement (REMOTE)  		    	:     32 C
PL temperature    					:     30 C
1775670154
SOM total power                                         :     5120 mW
LPD temperature measurement 		    		:     32 C
FPD temperature measurement (REMOTE)  		    	:     31 C
PL temperature    					:     30 C
1775670155
SOM total power                                         :     4920 mW
LPD temperature measurement 		    		:     31 C
FPD temperature measurement (REMOTE)  		    	:     29 C
PL temperature    					:     29 C
