1775668550
SOM total power                                         :     4920 mW
LPD temperature measurement 		    		:     30 C
FPD temperature measurement (REMOTE)  		    	:     29 C
PL temperature    					:     29 C
1775668552
SOM total power                                         :     5020 mW
LPD temperature measurement 		    		:     29 C
FPD temperature measurement (REMOTE)  		    	:     29 C
PL temperature    					:     28 C
1775668553
SOM total power                                         :     4590 mW
LPD temperature measurement 		    		:     30 C
FPD temperature measurement (REMOTE)  		    	:     28 C
PL temperature    					:     29 C
1775668555
SOM total power                                         :     4960 mW
LPD temperature measurement 		    		:     29 C
FPD temperature measurement (REMOTE)  		    	:     28 C
PL temperature    					:     29 C
1775668556
SOM total power                                         :     4660 mW
LPD temperature measurement 		    		:     30 C
FPD temperature measurement (REMOTE)  		    	:     31 C
PL temperature    					:     27 C
1775668558
SOM total power                                         :     5000 mW
LPD temperature measurement 		    		:     29 C
FPD temperature measurement (REMOTE)  		    	:     29 C
PL temperature    					:     29 C
1775668559
SOM total power                                         :     4630 mW
LPD temperature measurement 		    		:     29 C
FPD temperature measurement (REMOTE)  		    	:     29 C
PL temperature    					:     29 C
1775668560
SOM total power                                         :     5160 mW
LPD temperature measurement 		    		:     31 C
FPD temperature measurement (REMOTE)  		    	:     30 C
PL temperature    					:     29 C
1775668562
SOM total power                                         :     4630 mW
LPD temperature measurement 		    		:     29 C
FPD temperature measurement (REMOTE)  		    	:     29 C
PL temperature    					:     28 C
1775668563
SOM total power                                         :     4820 mW
LPD temperature measurement 		    		:     31 C
FPD temperature measurement (REMOTE)  		    	:     29 C
PL temperature    					:     27 C
1775668565
SOM total power                                         :     5060 mW
LPD temperature measurement 		    		:     31 C
FPD temperature measurement (REMOTE)  		    	:     29 C
PL temperature    					:     28 C
1775668566
SOM total power                                         :     4940 mW
LPD temperature measurement 		    		:     30 C
FPD temperature measurement (REMOTE)  		    	:     30 C
PL temperature    					:     28 C
1775668567
SOM total power                                         :     4990 mW
LPD temperature measurement 		    		:     29 C
FPD temperature measurement (REMOTE)  		    	:     28 C
PL temperature    					:     29 C
1775668569
SOM total power                                         :     4630 mW
LPD temperature measurement 		    		:     31 C
FPD temperature measurement (REMOTE)  		    	:     28 C
PL temperature    					:     30 C
1775668570
SOM total power                                         :     4990 mW
LPD temperature measurement 		    		:     30 C
FPD temperature measurement (REMOTE)  		    	:     29 C
PL temperature    					:     29 C
1775668572
SOM total power                                         :     4920 mW
LPD temperature measurement 		    		:     31 C
FPD temperature measurement (REMOTE)  		    	:     30 C
PL temperature    					:     30 C
1775668573
SOM total power                                         :     4870 mW
LPD temperature measurement 		    		:     29 C
FPD temperature measurement (REMOTE)  		    	:     28 C
PL temperature    					:     29 C
1775668574
SOM total power                                         :     4970 mW
LPD temperature measurement 		    		:     30 C
FPD temperature measurement (REMOTE)  		    	:     30 C
PL temperature    					:     28 C
1775668576
SOM total power                                         :     4590 mW
LPD temperature measurement 		    		:     31 C
FPD temperature measurement (REMOTE)  		    	:     28 C
PL temperature    					:     29 C
1775668577
SOM total power                                         :     4980 mW
LPD temperature measurement 		    		:     31 C
FPD temperature measurement (REMOTE)  		    	:     29 C
PL temperature    					:     31 C
1775668579
SOM total power                                         :     4720 mW
LPD temperature measurement 		    		:     31 C
FPD temperature measurement (REMOTE)  		    	:     30 C
PL temperature    					:     29 C
1775668580
SOM total power                                         :     4930 mW
LPD temperature measurement 		    		:     28 C
FPD temperature measurement (REMOTE)  		    	:     30 C
PL temperature    					:     30 C
1775668581
SOM total power                                         :     4770 mW
LPD temperature measurement 		    		:     30 C
FPD temperature measurement (REMOTE)  		    	:     28 C
PL temperature    					:     28 C
1775668583
SOM total power                                         :     4740 mW
LPD temperature measurement 		    		:     30 C
FPD temperature measurement (REMOTE)  		    	:     29 C
PL temperature    					:     30 C
1775668584
SOM total power                                         :     4840 mW
LPD temperature measurement 		    		:     31 C
FPD temperature measurement (REMOTE)  		    	:     30 C
PL temperature    					:     29 C
1775668586
SOM total power                                         :     4740 mW
LPD temperature measurement 		    		:     30 C
FPD temperature measurement (REMOTE)  		    	:     30 C
PL temperature    					:     30 C
1775668587
SOM total power                                         :     4940 mW
LPD temperature measurement 		    		:     29 C
FPD temperature measurement (REMOTE)  		    	:     29 C
PL temperature    					:     30 C
1775668588
SOM total power                                         :     4760 mW
LPD temperature measurement 		    		:     29 C
FPD temperature measurement (REMOTE)  		    	:     28 C
PL temperature    					:     31 C
1775668590
SOM total power                                         :     4740 mW
LPD temperature measurement 		    		:     30 C
FPD temperature measurement (REMOTE)  		    	:     30 C
PL temperature    					:     29 C
1775668591
SOM total power                                         :     4760 mW
LPD temperature measurement 		    		:     30 C
FPD temperature measurement (REMOTE)  		    	:     31 C
PL temperature    					:     29 C
1775668593
SOM total power                                         :     5030 mW
LPD temperature measurement 		    		:     30 C
FPD temperature measurement (REMOTE)  		    	:     29 C
PL temperature    					:     30 C
1775668594
SOM total power                                         :     4930 mW
LPD temperature measurement 		    		:     29 C
FPD temperature measurement (REMOTE)  		    	:     29 C
PL temperature    					:     29 C
1775668595
SOM total power                                         :     4800 mW
LPD temperature measurement 		    		:     31 C
FPD temperature measurement (REMOTE)  		    	:     29 C
PL temperature    					:     28 C
1775668597
SOM total power                                         :     5000 mW
LPD temperature measurement 		    		:     29 C
FPD temperature measurement (REMOTE)  		    	:     29 C
PL temperature    					:     28 C
1775668598
SOM total power                                         :     5510 mW
LPD temperature measurement 		    		:     29 C
FPD temperature measurement (REMOTE)  		    	:     28 C
PL temperature    					:     30 C
1775668599
SOM total power                                         :     5010 mW
LPD temperature measurement 		    		:     30 C
FPD temperature measurement (REMOTE)  		    	:     30 C
PL temperature    					:     29 C
1775668601
SOM total power                                         :     4730 mW
LPD temperature measurement 		    		:     30 C
FPD temperature measurement (REMOTE)  		    	:     29 C
PL temperature    					:     29 C
1775668602
SOM total power                                         :     4750 mW
LPD temperature measurement 		    		:     29 C
FPD temperature measurement (REMOTE)  		    	:     28 C
PL temperature    					:     28 C
1775668604
SOM total power                                         :     4760 mW
LPD temperature measurement 		    		:     30 C
FPD temperature measurement (REMOTE)  		    	:     29 C
PL temperature    					:     30 C
1775668605
SOM total power                                         :     4800 mW
LPD temperature measurement 		    		:     31 C
FPD temperature measurement (REMOTE)  		    	:     30 C
PL temperature    					:     28 C
1775668606
SOM total power                                         :     4990 mW
LPD temperature measurement 		    		:     28 C
FPD temperature measurement (REMOTE)  		    	:     28 C
PL temperature    					:     29 C
1775668608
SOM total power                                         :     4830 mW
LPD temperature measurement 		    		:     29 C
FPD temperature measurement (REMOTE)  		    	:     29 C
PL temperature    					:     29 C
1775668609
SOM total power                                         :     4860 mW
LPD temperature measurement 		    		:     29 C
FPD temperature measurement (REMOTE)  		    	:     29 C
PL temperature    					:     28 C
1775668611
SOM total power                                         :     4900 mW
LPD temperature measurement 		    		:     29 C
FPD temperature measurement (REMOTE)  		    	:     29 C
PL temperature    					:     30 C
1775668612
SOM total power                                         :     4690 mW
LPD temperature measurement 		    		:     30 C
FPD temperature measurement (REMOTE)  		    	:     30 C
PL temperature    					:     30 C
1775668613
SOM total power                                         :     5160 mW
LPD temperature measurement 		    		:     31 C
FPD temperature measurement (REMOTE)  		    	:     29 C
PL temperature    					:     29 C
1775668615
SOM total power                                         :     4840 mW
LPD temperature measurement 		    		:     30 C
FPD temperature measurement (REMOTE)  		    	:     29 C
PL temperature    					:     29 C
1775668616
SOM total power                                         :     4820 mW
LPD temperature measurement 		    		:     30 C
FPD temperature measurement (REMOTE)  		    	:     30 C
PL temperature    					:     29 C
1775668618
SOM total power                                         :     4880 mW
LPD temperature measurement 		    		:     30 C
FPD temperature measurement (REMOTE)  		    	:     28 C
PL temperature    					:     28 C
1775668619
SOM total power                                         :     4680 mW
LPD temperature measurement 		    		:     30 C
FPD temperature measurement (REMOTE)  		    	:     29 C
PL temperature    					:     29 C
1775668620
SOM total power                                         :     4850 mW
LPD temperature measurement 		    		:     29 C
FPD temperature measurement (REMOTE)  		    	:     28 C
PL temperature    					:     30 C
1775668622
SOM total power                                         :     4900 mW
LPD temperature measurement 		    		:     31 C
FPD temperature measurement (REMOTE)  		    	:     29 C
PL temperature    					:     29 C
1775668623
SOM total power                                         :     4780 mW
LPD temperature measurement 		    		:     30 C
FPD temperature measurement (REMOTE)  		    	:     29 C
PL temperature    					:     28 C
1775668625
SOM total power                                         :     4970 mW
LPD temperature measurement 		    		:     31 C
FPD temperature measurement (REMOTE)  		    	:     30 C
PL temperature    					:     30 C
1775668626
SOM total power                                         :     4810 mW
LPD temperature measurement 		    		:     30 C
FPD temperature measurement (REMOTE)  		    	:     29 C
PL temperature    					:     29 C
1775668627
SOM total power                                         :     4850 mW
LPD temperature measurement 		    		:     30 C
FPD temperature measurement (REMOTE)  		    	:     29 C
PL temperature    					:     29 C
1775668629
SOM total power                                         :     4990 mW
LPD temperature measurement 		    		:     30 C
FPD temperature measurement (REMOTE)  		    	:     29 C
PL temperature    					:     28 C
1775668630
SOM total power                                         :     4880 mW
LPD temperature measurement 		    		:     30 C
FPD temperature measurement (REMOTE)  		    	:     29 C
PL temperature    					:     30 C
1775668632
SOM total power                                         :     4880 mW
LPD temperature measurement 		    		:     31 C
FPD temperature measurement (REMOTE)  		    	:     30 C
PL temperature    					:     29 C
1775668633
SOM total power                                         :     4820 mW
LPD temperature measurement 		    		:     29 C
FPD temperature measurement (REMOTE)  		    	:     29 C
PL temperature    					:     29 C
1775668634
SOM total power                                         :     4740 mW
LPD temperature measurement 		    		:     30 C
FPD temperature measurement (REMOTE)  		    	:     30 C
PL temperature    					:     31 C
1775668636
SOM total power                                         :     4970 mW
LPD temperature measurement 		    		:     30 C
FPD temperature measurement (REMOTE)  		    	:     29 C
PL temperature    					:     29 C
1775668637
SOM total power                                         :     4750 mW
LPD temperature measurement 		    		:     30 C
FPD temperature measurement (REMOTE)  		    	:     31 C
PL temperature    					:     30 C
1775668639
SOM total power                                         :     4830 mW
LPD temperature measurement 		    		:     29 C
FPD temperature measurement (REMOTE)  		    	:     27 C
PL temperature    					:     30 C
1775668640
SOM total power                                         :     4800 mW
LPD temperature measurement 		    		:     31 C
FPD temperature measurement (REMOTE)  		    	:     29 C
PL temperature    					:     28 C
1775668641
SOM total power                                         :     4980 mW
LPD temperature measurement 		    		:     30 C
FPD temperature measurement (REMOTE)  		    	:     30 C
PL temperature    					:     29 C
1775668643
SOM total power                                         :     4840 mW
LPD temperature measurement 		    		:     30 C
FPD temperature measurement (REMOTE)  		    	:     30 C
PL temperature    					:     28 C
1775668644
SOM total power                                         :     4760 mW
LPD temperature measurement 		    		:     29 C
FPD temperature measurement (REMOTE)  		    	:     28 C
PL temperature    					:     30 C
1775668646
SOM total power                                         :     4780 mW
LPD temperature measurement 		    		:     31 C
FPD temperature measurement (REMOTE)  		    	:     28 C
PL temperature    					:     29 C
1775668647
SOM total power                                         :     4900 mW
LPD temperature measurement 		    		:     30 C
FPD temperature measurement (REMOTE)  		    	:     29 C
PL temperature    					:     30 C
1775668648
SOM total power                                         :     4860 mW
LPD temperature measurement 		    		:     31 C
FPD temperature measurement (REMOTE)  		    	:     29 C
PL temperature    					:     30 C
1775668650
SOM total power                                         :     4940 mW
LPD temperature measurement 		    		:     30 C
FPD temperature measurement (REMOTE)  		    	:     31 C
PL temperature    					:     29 C
1775668651
SOM total power                                         :     4880 mW
LPD temperature measurement 		    		:     29 C
FPD temperature measurement (REMOTE)  		    	:     28 C
PL temperature    					:     29 C
1775668653
SOM total power                                         :     4780 mW
LPD temperature measurement 		    		:     31 C
FPD temperature measurement (REMOTE)  		    	:     30 C
PL temperature    					:     28 C
1775668654
SOM total power                                         :     4760 mW
LPD temperature measurement 		    		:     30 C
FPD temperature measurement (REMOTE)  		    	:     31 C
PL temperature    					:     29 C
1775668655
SOM total power                                         :     4760 mW
LPD temperature measurement 		    		:     29 C
FPD temperature measurement (REMOTE)  		    	:     29 C
PL temperature    					:     28 C
1775668657
SOM total power                                         :     4950 mW
LPD temperature measurement 		    		:     31 C
FPD temperature measurement (REMOTE)  		    	:     30 C
PL temperature    					:     29 C
1775668658
SOM total power                                         :     4750 mW
LPD temperature measurement 		    		:     31 C
FPD temperature measurement (REMOTE)  		    	:     30 C
PL temperature    					:     30 C
1775668659
SOM total power                                         :     4880 mW
LPD temperature measurement 		    		:     30 C
FPD temperature measurement (REMOTE)  		    	:     30 C
PL temperature    					:     28 C
1775668661
SOM total power                                         :     4940 mW
LPD temperature measurement 		    		:     30 C
FPD temperature measurement (REMOTE)  		    	:     29 C
PL temperature    					:     29 C
1775668662
SOM total power                                         :     4910 mW
LPD temperature measurement 		    		:     30 C
FPD temperature measurement (REMOTE)  		    	:     30 C
PL temperature    					:     27 C
1775668664
SOM total power                                         :     4760 mW
LPD temperature measurement 		    		:     30 C
FPD temperature measurement (REMOTE)  		    	:     29 C
PL temperature    					:     28 C
1775668665
SOM total power                                         :     4720 mW
LPD temperature measurement 		    		:     30 C
FPD temperature measurement (REMOTE)  		    	:     29 C
PL temperature    					:     28 C
1775668666
SOM total power                                         :     5140 mW
LPD temperature measurement 		    		:     29 C
FPD temperature measurement (REMOTE)  		    	:     29 C
PL temperature    					:     31 C
1775668668
SOM total power                                         :     4840 mW
LPD temperature measurement 		    		:     29 C
FPD temperature measurement (REMOTE)  		    	:     29 C
PL temperature    					:     29 C
1775668669
SOM total power                                         :     5180 mW
LPD temperature measurement 		    		:     31 C
FPD temperature measurement (REMOTE)  		    	:     30 C
PL temperature    					:     29 C
1775668671
SOM total power                                         :     4880 mW
LPD temperature measurement 		    		:     29 C
FPD temperature measurement (REMOTE)  		    	:     28 C
PL temperature    					:     30 C
1775668672
SOM total power                                         :     4840 mW
LPD temperature measurement 		    		:     30 C
FPD temperature measurement (REMOTE)  		    	:     29 C
PL temperature    					:     29 C
1775668673
SOM total power                                         :     4790 mW
LPD temperature measurement 		    		:     30 C
FPD temperature measurement (REMOTE)  		    	:     29 C
PL temperature    					:     30 C
1775668675
SOM total power                                         :     4780 mW
LPD temperature measurement 		    		:     29 C
FPD temperature measurement (REMOTE)  		    	:     28 C
PL temperature    					:     30 C
1775668676
SOM total power                                         :     4850 mW
LPD temperature measurement 		    		:     30 C
FPD temperature measurement (REMOTE)  		    	:     29 C
PL temperature    					:     29 C
1775668678
SOM total power                                         :     4810 mW
LPD temperature measurement 		    		:     31 C
FPD temperature measurement (REMOTE)  		    	:     32 C
PL temperature    					:     30 C
1775668679
SOM total power                                         :     4740 mW
LPD temperature measurement 		    		:     31 C
FPD temperature measurement (REMOTE)  		    	:     31 C
PL temperature    					:     30 C
1775668680
SOM total power                                         :     4970 mW
LPD temperature measurement 		    		:     29 C
FPD temperature measurement (REMOTE)  		    	:     29 C
PL temperature    					:     29 C
1775668682
SOM total power                                         :     5020 mW
LPD temperature measurement 		    		:     29 C
FPD temperature measurement (REMOTE)  		    	:     30 C
PL temperature    					:     30 C
1775668683
SOM total power                                         :     4730 mW
LPD temperature measurement 		    		:     30 C
FPD temperature measurement (REMOTE)  		    	:     29 C
PL temperature    					:     29 C
1775668685
SOM total power                                         :     4760 mW
LPD temperature measurement 		    		:     29 C
FPD temperature measurement (REMOTE)  		    	:     28 C
PL temperature    					:     30 C
1775668686
SOM total power                                         :     5850 mW
LPD temperature measurement 		    		:     30 C
FPD temperature measurement (REMOTE)  		    	:     28 C
PL temperature    					:     30 C
1775668687
SOM total power                                         :     4830 mW
LPD temperature measurement 		    		:     31 C
FPD temperature measurement (REMOTE)  		    	:     31 C
PL temperature    					:     28 C
1775668689
SOM total power                                         :     4810 mW
LPD temperature measurement 		    		:     30 C
FPD temperature measurement (REMOTE)  		    	:     30 C
PL temperature    					:     28 C
1775668690
SOM total power                                         :     4720 mW
LPD temperature measurement 		    		:     29 C
FPD temperature measurement (REMOTE)  		    	:     29 C
PL temperature    					:     29 C
1775668692
SOM total power                                         :     4800 mW
LPD temperature measurement 		    		:     31 C
FPD temperature measurement (REMOTE)  		    	:     28 C
PL temperature    					:     31 C
1775668693
SOM total power                                         :     4890 mW
LPD temperature measurement 		    		:     31 C
FPD temperature measurement (REMOTE)  		    	:     28 C
PL temperature    					:     29 C
1775668694
SOM total power                                         :     4760 mW
LPD temperature measurement 		    		:     30 C
FPD temperature measurement (REMOTE)  		    	:     29 C
PL temperature    					:     29 C
1775668696
SOM total power                                         :     4890 mW
LPD temperature measurement 		    		:     31 C
FPD temperature measurement (REMOTE)  		    	:     29 C
PL temperature    					:     29 C
1775668697
SOM total power                                         :     4810 mW
LPD temperature measurement 		    		:     31 C
FPD temperature measurement (REMOTE)  		    	:     30 C
PL temperature    					:     29 C
1775668699
SOM total power                                         :     4750 mW
LPD temperature measurement 		    		:     31 C
FPD temperature measurement (REMOTE)  		    	:     30 C
PL temperature    					:     29 C
1775668700
SOM total power                                         :     4740 mW
LPD temperature measurement 		    		:     29 C
FPD temperature measurement (REMOTE)  		    	:     28 C
PL temperature    					:     28 C
1775668702
SOM total power                                         :     4770 mW
LPD temperature measurement 		    		:     30 C
FPD temperature measurement (REMOTE)  		    	:     29 C
PL temperature    					:     30 C
1775668703
SOM total power                                         :     4720 mW
LPD temperature measurement 		    		:     30 C
FPD temperature measurement (REMOTE)  		    	:     30 C
PL temperature    					:     29 C
1775668704
SOM total power                                         :     4970 mW
LPD temperature measurement 		    		:     30 C
FPD temperature measurement (REMOTE)  		    	:     29 C
PL temperature    					:     29 C
1775668706
SOM total power                                         :     4830 mW
LPD temperature measurement 		    		:     30 C
FPD temperature measurement (REMOTE)  		    	:     30 C
PL temperature    					:     30 C
1775668707
SOM total power                                         :     4730 mW
LPD temperature measurement 		    		:     30 C
FPD temperature measurement (REMOTE)  		    	:     29 C
PL temperature    					:     29 C
1775668709
SOM total power                                         :     4780 mW
LPD temperature measurement 		    		:     31 C
FPD temperature measurement (REMOTE)  		    	:     29 C
PL temperature    					:     30 C
1775668710
SOM total power                                         :     4780 mW
LPD temperature measurement 		    		:     29 C
FPD temperature measurement (REMOTE)  		    	:     28 C
PL temperature    					:     29 C
1775668711
SOM total power                                         :     4790 mW
LPD temperature measurement 		    		:     31 C
FPD temperature measurement (REMOTE)  		    	:     30 C
PL temperature    					:     28 C
1775668713
SOM total power                                         :     4960 mW
LPD temperature measurement 		    		:     31 C
FPD temperature measurement (REMOTE)  		    	:     30 C
PL temperature    					:     30 C
1775668714
SOM total power                                         :     4830 mW
LPD temperature measurement 		    		:     30 C
FPD temperature measurement (REMOTE)  		    	:     29 C
PL temperature    					:     30 C
1775668716
SOM total power                                         :     5510 mW
LPD temperature measurement 		    		:     30 C
FPD temperature measurement (REMOTE)  		    	:     29 C
PL temperature    					:     28 C
1775668717
SOM total power                                         :     4770 mW
LPD temperature measurement 		    		:     30 C
FPD temperature measurement (REMOTE)  		    	:     29 C
PL temperature    					:     30 C
1775668718
SOM total power                                         :     4880 mW
LPD temperature measurement 		    		:     31 C
FPD temperature measurement (REMOTE)  		    	:     30 C
PL temperature    					:     29 C
1775668720
SOM total power                                         :     4810 mW
LPD temperature measurement 		    		:     29 C
FPD temperature measurement (REMOTE)  		    	:     29 C
PL temperature    					:     29 C
1775668721
SOM total power                                         :     5100 mW
LPD temperature measurement 		    		:     30 C
FPD temperature measurement (REMOTE)  		    	:     30 C
PL temperature    					:     29 C
1775668722
SOM total power                                         :     4780 mW
LPD temperature measurement 		    		:     30 C
FPD temperature measurement (REMOTE)  		    	:     30 C
PL temperature    					:     29 C
1775668724
SOM total power                                         :     4850 mW
LPD temperature measurement 		    		:     31 C
FPD temperature measurement (REMOTE)  		    	:     30 C
PL temperature    					:     29 C
1775668725
SOM total power                                         :     4880 mW
LPD temperature measurement 		    		:     30 C
FPD temperature measurement (REMOTE)  		    	:     29 C
PL temperature    					:     29 C
1775668727
SOM total power                                         :     4750 mW
LPD temperature measurement 		    		:     30 C
FPD temperature measurement (REMOTE)  		    	:     30 C
PL temperature    					:     30 C
1775668728
SOM total power                                         :     4770 mW
LPD temperature measurement 		    		:     30 C
FPD temperature measurement (REMOTE)  		    	:     29 C
PL temperature    					:     29 C
1775668729
SOM total power                                         :     4780 mW
LPD temperature measurement 		    		:     30 C
FPD temperature measurement (REMOTE)  		    	:     30 C
PL temperature    					:     30 C
1775668731
SOM total power                                         :     5000 mW
LPD temperature measurement 		    		:     31 C
FPD temperature measurement (REMOTE)  		    	:     29 C
PL temperature    					:     29 C
1775668732
SOM total power                                         :     4760 mW
LPD temperature measurement 		    		:     30 C
FPD temperature measurement (REMOTE)  		    	:     29 C
PL temperature    					:     29 C
1775668734
SOM total power                                         :     4920 mW
LPD temperature measurement 		    		:     30 C
FPD temperature measurement (REMOTE)  		    	:     29 C
PL temperature    					:     28 C
1775668735
SOM total power                                         :     4760 mW
LPD temperature measurement 		    		:     31 C
FPD temperature measurement (REMOTE)  		    	:     30 C
PL temperature    					:     29 C
1775668737
SOM total power                                         :     4820 mW
LPD temperature measurement 		    		:     30 C
FPD temperature measurement (REMOTE)  		    	:     30 C
PL temperature    					:     29 C
1775668738
SOM total power                                         :     4740 mW
LPD temperature measurement 		    		:     31 C
FPD temperature measurement (REMOTE)  		    	:     29 C
PL temperature    					:     30 C
1775668739
SOM total power                                         :     4920 mW
LPD temperature measurement 		    		:     31 C
FPD temperature measurement (REMOTE)  		    	:     29 C
PL temperature    					:     30 C
1775668741
SOM total power                                         :     4780 mW
LPD temperature measurement 		    		:     30 C
FPD temperature measurement (REMOTE)  		    	:     30 C
PL temperature    					:     29 C
1775668742
SOM total power                                         :     4830 mW
LPD temperature measurement 		    		:     30 C
FPD temperature measurement (REMOTE)  		    	:     29 C
PL temperature    					:     29 C
1775668744
SOM total power                                         :     4740 mW
LPD temperature measurement 		    		:     30 C
FPD temperature measurement (REMOTE)  		    	:     30 C
PL temperature    					:     29 C
1775668745
SOM total power                                         :     5610 mW
LPD temperature measurement 		    		:     30 C
FPD temperature measurement (REMOTE)  		    	:     31 C
PL temperature    					:     29 C
1775668746
SOM total power                                         :     4760 mW
LPD temperature measurement 		    		:     29 C
FPD temperature measurement (REMOTE)  		    	:     30 C
PL temperature    					:     30 C
1775668748
SOM total power                                         :     4760 mW
LPD temperature measurement 		    		:     30 C
FPD temperature measurement (REMOTE)  		    	:     28 C
PL temperature    					:     30 C
1775668749
SOM total power                                         :     4830 mW
LPD temperature measurement 		    		:     30 C
FPD temperature measurement (REMOTE)  		    	:     31 C
PL temperature    					:     30 C
1775668751
SOM total power                                         :     5050 mW
LPD temperature measurement 		    		:     30 C
FPD temperature measurement (REMOTE)  		    	:     29 C
PL temperature    					:     28 C
1775668752
SOM total power                                         :     4860 mW
LPD temperature measurement 		    		:     29 C
FPD temperature measurement (REMOTE)  		    	:     28 C
PL temperature    					:     29 C
1775668753
SOM total power                                         :     4710 mW
LPD temperature measurement 		    		:     30 C
FPD temperature measurement (REMOTE)  		    	:     28 C
PL temperature    					:     29 C
1775668755
SOM total power                                         :     4720 mW
LPD temperature measurement 		    		:     31 C
FPD temperature measurement (REMOTE)  		    	:     30 C
PL temperature    					:     31 C
1775668756
SOM total power                                         :     4720 mW
LPD temperature measurement 		    		:     31 C
FPD temperature measurement (REMOTE)  		    	:     30 C
PL temperature    					:     28 C
1775668757
SOM total power                                         :     4780 mW
LPD temperature measurement 		    		:     30 C
FPD temperature measurement (REMOTE)  		    	:     29 C
PL temperature    					:     30 C
1775668759
SOM total power                                         :     5770 mW
LPD temperature measurement 		    		:     30 C
FPD temperature measurement (REMOTE)  		    	:     29 C
PL temperature    					:     29 C
1775668760
SOM total power                                         :     4970 mW
LPD temperature measurement 		    		:     30 C
FPD temperature measurement (REMOTE)  		    	:     27 C
PL temperature    					:     28 C
1775668762
SOM total power                                         :     4850 mW
LPD temperature measurement 		    		:     29 C
FPD temperature measurement (REMOTE)  		    	:     28 C
PL temperature    					:     28 C
1775668763
SOM total power                                         :     4940 mW
LPD temperature measurement 		    		:     31 C
FPD temperature measurement (REMOTE)  		    	:     29 C
PL temperature    					:     29 C
1775668764
SOM total power                                         :     4850 mW
LPD temperature measurement 		    		:     28 C
FPD temperature measurement (REMOTE)  		    	:     29 C
PL temperature    					:     29 C
1775668766
SOM total power                                         :     4770 mW
LPD temperature measurement 		    		:     30 C
FPD temperature measurement (REMOTE)  		    	:     30 C
PL temperature    					:     31 C
1775668767
SOM total power                                         :     5050 mW
LPD temperature measurement 		    		:     31 C
FPD temperature measurement (REMOTE)  		    	:     30 C
PL temperature    					:     29 C
1775668769
SOM total power                                         :     4770 mW
LPD temperature measurement 		    		:     31 C
FPD temperature measurement (REMOTE)  		    	:     29 C
PL temperature    					:     29 C
1775668770
SOM total power                                         :     4840 mW
LPD temperature measurement 		    		:     32 C
FPD temperature measurement (REMOTE)  		    	:     30 C
PL temperature    					:     30 C
1775668771
SOM total power                                         :     4740 mW
LPD temperature measurement 		    		:     30 C
FPD temperature measurement (REMOTE)  		    	:     29 C
PL temperature    					:     30 C
1775668773
SOM total power                                         :     4920 mW
LPD temperature measurement 		    		:     30 C
FPD temperature measurement (REMOTE)  		    	:     29 C
PL temperature    					:     30 C
1775668774
SOM total power                                         :     4730 mW
LPD temperature measurement 		    		:     31 C
FPD temperature measurement (REMOTE)  		    	:     29 C
PL temperature    					:     29 C
1775668775
SOM total power                                         :     4770 mW
LPD temperature measurement 		    		:     30 C
FPD temperature measurement (REMOTE)  		    	:     30 C
PL temperature    					:     29 C
1775668777
SOM total power                                         :     4720 mW
LPD temperature measurement 		    		:     31 C
FPD temperature measurement (REMOTE)  		    	:     31 C
PL temperature    					:     28 C
1775668778
SOM total power                                         :     5090 mW
LPD temperature measurement 		    		:     30 C
FPD temperature measurement (REMOTE)  		    	:     29 C
PL temperature    					:     29 C
1775668780
SOM total power                                         :     4990 mW
LPD temperature measurement 		    		:     29 C
FPD temperature measurement (REMOTE)  		    	:     29 C
PL temperature    					:     29 C
1775668781
SOM total power                                         :     4820 mW
LPD temperature measurement 		    		:     30 C
FPD temperature measurement (REMOTE)  		    	:     30 C
PL temperature    					:     29 C
1775668782
SOM total power                                         :     4850 mW
LPD temperature measurement 		    		:     30 C
FPD temperature measurement (REMOTE)  		    	:     29 C
PL temperature    					:     29 C
1775668784
SOM total power                                         :     4950 mW
LPD temperature measurement 		    		:     31 C
FPD temperature measurement (REMOTE)  		    	:     30 C
PL temperature    					:     30 C
1775668785
SOM total power                                         :     4820 mW
LPD temperature measurement 		    		:     29 C
FPD temperature measurement (REMOTE)  		    	:     29 C
PL temperature    					:     30 C
1775668787
SOM total power                                         :     4940 mW
LPD temperature measurement 		    		:     29 C
FPD temperature measurement (REMOTE)  		    	:     30 C
PL temperature    					:     30 C
1775668788
SOM total power                                         :     4900 mW
LPD temperature measurement 		    		:     30 C
FPD temperature measurement (REMOTE)  		    	:     29 C
PL temperature    					:     28 C
1775668789
SOM total power                                         :     4750 mW
LPD temperature measurement 		    		:     31 C
FPD temperature measurement (REMOTE)  		    	:     29 C
PL temperature    					:     30 C
1775668791
SOM total power                                         :     4760 mW
LPD temperature measurement 		    		:     29 C
FPD temperature measurement (REMOTE)  		    	:     29 C
PL temperature    					:     29 C
1775668792
SOM total power                                         :     4790 mW
LPD temperature measurement 		    		:     29 C
FPD temperature measurement (REMOTE)  		    	:     29 C
PL temperature    					:     29 C
1775668794
SOM total power                                         :     4750 mW
LPD temperature measurement 		    		:     30 C
FPD temperature measurement (REMOTE)  		    	:     29 C
PL temperature    					:     29 C
1775668795
SOM total power                                         :     4850 mW
LPD temperature measurement 		    		:     31 C
FPD temperature measurement (REMOTE)  		    	:     29 C
PL temperature    					:     30 C
1775668796
SOM total power                                         :     4800 mW
LPD temperature measurement 		    		:     31 C
FPD temperature measurement (REMOTE)  		    	:     29 C
PL temperature    					:     29 C
1775668798
SOM total power                                         :     4930 mW
LPD temperature measurement 		    		:     29 C
FPD temperature measurement (REMOTE)  		    	:     30 C
PL temperature    					:     29 C
1775668799
SOM total power                                         :     4820 mW
LPD temperature measurement 		    		:     30 C
FPD temperature measurement (REMOTE)  		    	:     30 C
PL temperature    					:     30 C
1775668800
SOM total power                                         :     4760 mW
LPD temperature measurement 		    		:     30 C
FPD temperature measurement (REMOTE)  		    	:     31 C
PL temperature    					:     30 C
1775668802
SOM total power                                         :     4780 mW
LPD temperature measurement 		    		:     30 C
FPD temperature measurement (REMOTE)  		    	:     30 C
PL temperature    					:     30 C
1775668803
SOM total power                                         :     5190 mW
LPD temperature measurement 		    		:     31 C
FPD temperature measurement (REMOTE)  		    	:     30 C
PL temperature    					:     30 C
1775668805
SOM total power                                         :     4790 mW
LPD temperature measurement 		    		:     29 C
FPD temperature measurement (REMOTE)  		    	:     29 C
PL temperature    					:     30 C
1775668806
SOM total power                                         :     4980 mW
LPD temperature measurement 		    		:     29 C
FPD temperature measurement (REMOTE)  		    	:     28 C
PL temperature    					:     29 C
1775668807
SOM total power                                         :     5090 mW
LPD temperature measurement 		    		:     29 C
FPD temperature measurement (REMOTE)  		    	:     28 C
PL temperature    					:     28 C
1775668809
SOM total power                                         :     4940 mW
LPD temperature measurement 		    		:     30 C
FPD temperature measurement (REMOTE)  		    	:     28 C
PL temperature    					:     30 C
1775668810
SOM total power                                         :     4820 mW
LPD temperature measurement 		    		:     30 C
FPD temperature measurement (REMOTE)  		    	:     30 C
PL temperature    					:     31 C
1775668812
SOM total power                                         :     4910 mW
LPD temperature measurement 		    		:     31 C
FPD temperature measurement (REMOTE)  		    	:     29 C
PL temperature    					:     29 C
1775668813
SOM total power                                         :     5040 mW
LPD temperature measurement 		    		:     30 C
FPD temperature measurement (REMOTE)  		    	:     30 C
PL temperature    					:     29 C
1775668814
SOM total power                                         :     4910 mW
LPD temperature measurement 		    		:     30 C
FPD temperature measurement (REMOTE)  		    	:     29 C
PL temperature    					:     29 C
1775668816
SOM total power                                         :     4930 mW
LPD temperature measurement 		    		:     31 C
FPD temperature measurement (REMOTE)  		    	:     29 C
PL temperature    					:     29 C
1775668817
SOM total power                                         :     4760 mW
LPD temperature measurement 		    		:     30 C
FPD temperature measurement (REMOTE)  		    	:     30 C
PL temperature    					:     30 C
1775668819
SOM total power                                         :     4680 mW
LPD temperature measurement 		    		:     30 C
FPD temperature measurement (REMOTE)  		    	:     28 C
PL temperature    					:     28 C
1775668820
SOM total power                                         :     4810 mW
LPD temperature measurement 		    		:     31 C
FPD temperature measurement (REMOTE)  		    	:     29 C
PL temperature    					:     29 C
1775668821
SOM total power                                         :     4830 mW
LPD temperature measurement 		    		:     31 C
FPD temperature measurement (REMOTE)  		    	:     30 C
PL temperature    					:     30 C
1775668823
SOM total power                                         :     4750 mW
LPD temperature measurement 		    		:     30 C
FPD temperature measurement (REMOTE)  		    	:     29 C
PL temperature    					:     29 C
1775668824
SOM total power                                         :     4790 mW
LPD temperature measurement 		    		:     29 C
FPD temperature measurement (REMOTE)  		    	:     30 C
PL temperature    					:     29 C
1775668826
SOM total power                                         :     4900 mW
LPD temperature measurement 		    		:     29 C
FPD temperature measurement (REMOTE)  		    	:     29 C
PL temperature    					:     30 C
1775668827
SOM total power                                         :     4760 mW
LPD temperature measurement 		    		:     31 C
FPD temperature measurement (REMOTE)  		    	:     29 C
PL temperature    					:     29 C
1775668828
SOM total power                                         :     4860 mW
LPD temperature measurement 		    		:     30 C
FPD temperature measurement (REMOTE)  		    	:     29 C
PL temperature    					:     29 C
1775668830
SOM total power                                         :     4750 mW
LPD temperature measurement 		    		:     30 C
FPD temperature measurement (REMOTE)  		    	:     29 C
PL temperature    					:     30 C
1775668831
SOM total power                                         :     4930 mW
LPD temperature measurement 		    		:     29 C
FPD temperature measurement (REMOTE)  		    	:     28 C
PL temperature    					:     28 C
1775668833
SOM total power                                         :     4890 mW
LPD temperature measurement 		    		:     30 C
FPD temperature measurement (REMOTE)  		    	:     31 C
PL temperature    					:     30 C
1775668834
SOM total power                                         :     4790 mW
LPD temperature measurement 		    		:     30 C
FPD temperature measurement (REMOTE)  		    	:     28 C
PL temperature    					:     29 C
1775668836
SOM total power                                         :     4860 mW
LPD temperature measurement 		    		:     29 C
FPD temperature measurement (REMOTE)  		    	:     30 C
PL temperature    					:     30 C
1775668837
SOM total power                                         :     5050 mW
LPD temperature measurement 		    		:     30 C
FPD temperature measurement (REMOTE)  		    	:     30 C
PL temperature    					:     30 C
1775668838
SOM total power                                         :     4980 mW
LPD temperature measurement 		    		:     31 C
FPD temperature measurement (REMOTE)  		    	:     28 C
PL temperature    					:     29 C
1775668840
SOM total power                                         :     4880 mW
LPD temperature measurement 		    		:     30 C
FPD temperature measurement (REMOTE)  		    	:     29 C
PL temperature    					:     30 C
1775668841
SOM total power                                         :     4800 mW
LPD temperature measurement 		    		:     30 C
FPD temperature measurement (REMOTE)  		    	:     31 C
PL temperature    					:     30 C
1775668843
SOM total power                                         :     5930 mW
LPD temperature measurement 		    		:     29 C
FPD temperature measurement (REMOTE)  		    	:     30 C
PL temperature    					:     29 C
1775668844
SOM total power                                         :     4940 mW
LPD temperature measurement 		    		:     31 C
FPD temperature measurement (REMOTE)  		    	:     29 C
PL temperature    					:     29 C
1775668845
SOM total power                                         :     4730 mW
LPD temperature measurement 		    		:     30 C
FPD temperature measurement (REMOTE)  		    	:     31 C
PL temperature    					:     29 C
1775668847
SOM total power                                         :     4950 mW
LPD temperature measurement 		    		:     29 C
FPD temperature measurement (REMOTE)  		    	:     30 C
PL temperature    					:     28 C
1775668848
SOM total power                                         :     4890 mW
LPD temperature measurement 		    		:     30 C
FPD temperature measurement (REMOTE)  		    	:     29 C
PL temperature    					:     29 C
1775668850
SOM total power                                         :     4910 mW
LPD temperature measurement 		    		:     30 C
FPD temperature measurement (REMOTE)  		    	:     30 C
PL temperature    					:     29 C
1775668851
SOM total power                                         :     4880 mW
LPD temperature measurement 		    		:     30 C
FPD temperature measurement (REMOTE)  		    	:     30 C
PL temperature    					:     29 C
1775668852
SOM total power                                         :     4740 mW
LPD temperature measurement 		    		:     31 C
FPD temperature measurement (REMOTE)  		    	:     28 C
PL temperature    					:     29 C
1775668854
SOM total power                                         :     4700 mW
LPD temperature measurement 		    		:     30 C
FPD temperature measurement (REMOTE)  		    	:     29 C
PL temperature    					:     31 C
1775668855
SOM total power                                         :     5060 mW
LPD temperature measurement 		    		:     31 C
FPD temperature measurement (REMOTE)  		    	:     30 C
PL temperature    					:     30 C
1775668856
SOM total power                                         :     5350 mW
LPD temperature measurement 		    		:     30 C
FPD temperature measurement (REMOTE)  		    	:     30 C
PL temperature    					:     28 C
1775668858
SOM total power                                         :     4770 mW
LPD temperature measurement 		    		:     30 C
FPD temperature measurement (REMOTE)  		    	:     29 C
PL temperature    					:     28 C
1775668859
SOM total power                                         :     5210 mW
LPD temperature measurement 		    		:     31 C
FPD temperature measurement (REMOTE)  		    	:     29 C
PL temperature    					:     30 C
1775668861
SOM total power                                         :     4860 mW
LPD temperature measurement 		    		:     31 C
FPD temperature measurement (REMOTE)  		    	:     31 C
PL temperature    					:     30 C
1775668862
SOM total power                                         :     5010 mW
LPD temperature measurement 		    		:     30 C
FPD temperature measurement (REMOTE)  		    	:     28 C
PL temperature    					:     30 C
1775668863
SOM total power                                         :     4770 mW
LPD temperature measurement 		    		:     30 C
FPD temperature measurement (REMOTE)  		    	:     29 C
PL temperature    					:     28 C
1775668865
SOM total power                                         :     4820 mW
LPD temperature measurement 		    		:     31 C
FPD temperature measurement (REMOTE)  		    	:     30 C
PL temperature    					:     29 C
1775668866
SOM total power                                         :     4870 mW
LPD temperature measurement 		    		:     30 C
FPD temperature measurement (REMOTE)  		    	:     28 C
PL temperature    					:     29 C
1775668868
SOM total power                                         :     4740 mW
LPD temperature measurement 		    		:     30 C
FPD temperature measurement (REMOTE)  		    	:     30 C
PL temperature    					:     30 C
1775668869
SOM total power                                         :     4930 mW
LPD temperature measurement 		    		:     31 C
FPD temperature measurement (REMOTE)  		    	:     29 C
PL temperature    					:     29 C
1775668870
SOM total power                                         :     4920 mW
LPD temperature measurement 		    		:     31 C
FPD temperature measurement (REMOTE)  		    	:     30 C
PL temperature    					:     29 C
1775668872
SOM total power                                         :     4930 mW
LPD temperature measurement 		    		:     30 C
FPD temperature measurement (REMOTE)  		    	:     29 C
PL temperature    					:     28 C
1775668873
SOM total power                                         :     4950 mW
LPD temperature measurement 		    		:     30 C
FPD temperature measurement (REMOTE)  		    	:     29 C
PL temperature    					:     29 C
1775668874
SOM total power                                         :     4740 mW
LPD temperature measurement 		    		:     29 C
FPD temperature measurement (REMOTE)  		    	:     29 C
PL temperature    					:     29 C
1775668876
SOM total power                                         :     4760 mW
LPD temperature measurement 		    		:     30 C
FPD temperature measurement (REMOTE)  		    	:     31 C
PL temperature    					:     30 C
1775668877
SOM total power                                         :     4770 mW
LPD temperature measurement 		    		:     31 C
FPD temperature measurement (REMOTE)  		    	:     29 C
PL temperature    					:     29 C
1775668879
SOM total power                                         :     4960 mW
LPD temperature measurement 		    		:     30 C
FPD temperature measurement (REMOTE)  		    	:     29 C
PL temperature    					:     29 C
1775668880
SOM total power                                         :     4820 mW
LPD temperature measurement 		    		:     30 C
FPD temperature measurement (REMOTE)  		    	:     29 C
PL temperature    					:     30 C
1775668882
SOM total power                                         :     4990 mW
LPD temperature measurement 		    		:     30 C
FPD temperature measurement (REMOTE)  		    	:     30 C
PL temperature    					:     30 C
1775668883
SOM total power                                         :     4850 mW
LPD temperature measurement 		    		:     30 C
FPD temperature measurement (REMOTE)  		    	:     29 C
PL temperature    					:     30 C
1775668884
SOM total power                                         :     4720 mW
LPD temperature measurement 		    		:     32 C
FPD temperature measurement (REMOTE)  		    	:     29 C
PL temperature    					:     29 C
1775668886
SOM total power                                         :     4760 mW
LPD temperature measurement 		    		:     30 C
FPD temperature measurement (REMOTE)  		    	:     30 C
PL temperature    					:     29 C
1775668887
SOM total power                                         :     4750 mW
LPD temperature measurement 		    		:     30 C
FPD temperature measurement (REMOTE)  		    	:     30 C
PL temperature    					:     30 C
1775668889
SOM total power                                         :     4720 mW
LPD temperature measurement 		    		:     31 C
FPD temperature measurement (REMOTE)  		    	:     29 C
PL temperature    					:     29 C
1775668890
SOM total power                                         :     4880 mW
LPD temperature measurement 		    		:     31 C
FPD temperature measurement (REMOTE)  		    	:     30 C
PL temperature    					:     30 C
1775668891
SOM total power                                         :     4780 mW
LPD temperature measurement 		    		:     30 C
FPD temperature measurement (REMOTE)  		    	:     29 C
PL temperature    					:     29 C
1775668893
SOM total power                                         :     4870 mW
LPD temperature measurement 		    		:     30 C
FPD temperature measurement (REMOTE)  		    	:     30 C
PL temperature    					:     30 C
1775668894
SOM total power                                         :     4740 mW
LPD temperature measurement 		    		:     31 C
FPD temperature measurement (REMOTE)  		    	:     29 C
PL temperature    					:     30 C
1775668895
SOM total power                                         :     4880 mW
LPD temperature measurement 		    		:     30 C
FPD temperature measurement (REMOTE)  		    	:     29 C
PL temperature    					:     29 C
1775668897
SOM total power                                         :     4820 mW
LPD temperature measurement 		    		:     30 C
FPD temperature measurement (REMOTE)  		    	:     29 C
PL temperature    					:     29 C
1775668898
SOM total power                                         :     4790 mW
LPD temperature measurement 		    		:     30 C
FPD temperature measurement (REMOTE)  		    	:     30 C
PL temperature    					:     29 C
1775668900
SOM total power                                         :     4920 mW
LPD temperature measurement 		    		:     28 C
FPD temperature measurement (REMOTE)  		    	:     30 C
PL temperature    					:     29 C
1775668901
SOM total power                                         :     4760 mW
LPD temperature measurement 		    		:     30 C
FPD temperature measurement (REMOTE)  		    	:     30 C
PL temperature    					:     28 C
1775668902
SOM total power                                         :     4740 mW
LPD temperature measurement 		    		:     31 C
FPD temperature measurement (REMOTE)  		    	:     30 C
PL temperature    					:     29 C
1775668904
SOM total power                                         :     5170 mW
LPD temperature measurement 		    		:     30 C
FPD temperature measurement (REMOTE)  		    	:     30 C
PL temperature    					:     30 C
1775668905
SOM total power                                         :     4840 mW
LPD temperature measurement 		    		:     29 C
FPD temperature measurement (REMOTE)  		    	:     29 C
PL temperature    					:     29 C
1775668907
SOM total power                                         :     4960 mW
LPD temperature measurement 		    		:     29 C
FPD temperature measurement (REMOTE)  		    	:     29 C
PL temperature    					:     30 C
1775668908
SOM total power                                         :     4820 mW
LPD temperature measurement 		    		:     29 C
FPD temperature measurement (REMOTE)  		    	:     29 C
PL temperature    					:     30 C
1775668909
SOM total power                                         :     4990 mW
LPD temperature measurement 		    		:     29 C
FPD temperature measurement (REMOTE)  		    	:     29 C
PL temperature    					:     30 C
1775668911
SOM total power                                         :     4800 mW
LPD temperature measurement 		    		:     29 C
FPD temperature measurement (REMOTE)  		    	:     29 C
PL temperature    					:     30 C
1775668912
SOM total power                                         :     4770 mW
LPD temperature measurement 		    		:     31 C
FPD temperature measurement (REMOTE)  		    	:     29 C
PL temperature    					:     30 C
1775668914
SOM total power                                         :     4900 mW
LPD temperature measurement 		    		:     30 C
FPD temperature measurement (REMOTE)  		    	:     29 C
PL temperature    					:     29 C
1775668915
SOM total power                                         :     4720 mW
LPD temperature measurement 		    		:     31 C
FPD temperature measurement (REMOTE)  		    	:     29 C
PL temperature    					:     29 C
1775668916
SOM total power                                         :     4860 mW
LPD temperature measurement 		    		:     29 C
FPD temperature measurement (REMOTE)  		    	:     28 C
PL temperature    					:     30 C
1775668918
SOM total power                                         :     4810 mW
LPD temperature measurement 		    		:     31 C
FPD temperature measurement (REMOTE)  		    	:     30 C
PL temperature    					:     29 C
1775668919
SOM total power                                         :     4850 mW
LPD temperature measurement 		    		:     30 C
FPD temperature measurement (REMOTE)  		    	:     30 C
PL temperature    					:     30 C
1775668920
SOM total power                                         :     4820 mW
LPD temperature measurement 		    		:     31 C
FPD temperature measurement (REMOTE)  		    	:     30 C
PL temperature    					:     29 C
1775668922
SOM total power                                         :     4750 mW
LPD temperature measurement 		    		:     31 C
FPD temperature measurement (REMOTE)  		    	:     30 C
PL temperature    					:     29 C
1775668923
SOM total power                                         :     4770 mW
LPD temperature measurement 		    		:     29 C
FPD temperature measurement (REMOTE)  		    	:     28 C
PL temperature    					:     30 C
1775668925
SOM total power                                         :     4950 mW
LPD temperature measurement 		    		:     29 C
FPD temperature measurement (REMOTE)  		    	:     29 C
PL temperature    					:     30 C
1775668926
SOM total power                                         :     4950 mW
LPD temperature measurement 		    		:     29 C
FPD temperature measurement (REMOTE)  		    	:     29 C
PL temperature    					:     29 C
1775668927
SOM total power                                         :     4820 mW
LPD temperature measurement 		    		:     30 C
FPD temperature measurement (REMOTE)  		    	:     29 C
PL temperature    					:     30 C
1775668929
SOM total power                                         :     5220 mW
LPD temperature measurement 		    		:     30 C
FPD temperature measurement (REMOTE)  		    	:     29 C
PL temperature    					:     29 C
1775668930
SOM total power                                         :     4780 mW
LPD temperature measurement 		    		:     30 C
FPD temperature measurement (REMOTE)  		    	:     30 C
PL temperature    					:     29 C
1775668931
SOM total power                                         :     4910 mW
LPD temperature measurement 		    		:     31 C
FPD temperature measurement (REMOTE)  		    	:     30 C
PL temperature    					:     29 C
1775668933
SOM total power                                         :     4760 mW
LPD temperature measurement 		    		:     30 C
FPD temperature measurement (REMOTE)  		    	:     30 C
PL temperature    					:     29 C
1775668934
SOM total power                                         :     4710 mW
LPD temperature measurement 		    		:     29 C
FPD temperature measurement (REMOTE)  		    	:     28 C
PL temperature    					:     29 C
1775668936
SOM total power                                         :     4700 mW
LPD temperature measurement 		    		:     29 C
FPD temperature measurement (REMOTE)  		    	:     29 C
PL temperature    					:     30 C
1775668937
SOM total power                                         :     4790 mW
LPD temperature measurement 		    		:     31 C
FPD temperature measurement (REMOTE)  		    	:     30 C
PL temperature    					:     28 C
1775668939
SOM total power                                         :     5160 mW
LPD temperature measurement 		    		:     31 C
FPD temperature measurement (REMOTE)  		    	:     29 C
PL temperature    					:     30 C
1775668940
SOM total power                                         :     5170 mW
LPD temperature measurement 		    		:     30 C
FPD temperature measurement (REMOTE)  		    	:     30 C
PL temperature    					:     29 C
1775668941
SOM total power                                         :     4920 mW
LPD temperature measurement 		    		:     30 C
FPD temperature measurement (REMOTE)  		    	:     29 C
PL temperature    					:     30 C
1775668943
SOM total power                                         :     4920 mW
LPD temperature measurement 		    		:     30 C
FPD temperature measurement (REMOTE)  		    	:     29 C
PL temperature    					:     30 C
1775668944
SOM total power                                         :     4870 mW
LPD temperature measurement 		    		:     30 C
FPD temperature measurement (REMOTE)  		    	:     29 C
PL temperature    					:     29 C
1775668945
SOM total power                                         :     4930 mW
LPD temperature measurement 		    		:     30 C
FPD temperature measurement (REMOTE)  		    	:     30 C
PL temperature    					:     29 C
1775668947
SOM total power                                         :     4740 mW
LPD temperature measurement 		    		:     32 C
FPD temperature measurement (REMOTE)  		    	:     30 C
PL temperature    					:     30 C
1775668948
SOM total power                                         :     4750 mW
LPD temperature measurement 		    		:     30 C
FPD temperature measurement (REMOTE)  		    	:     30 C
PL temperature    					:     30 C
1775668950
SOM total power                                         :     4740 mW
LPD temperature measurement 		    		:     31 C
FPD temperature measurement (REMOTE)  		    	:     28 C
PL temperature    					:     30 C
1775668951
SOM total power                                         :     4830 mW
LPD temperature measurement 		    		:     31 C
FPD temperature measurement (REMOTE)  		    	:     30 C
PL temperature    					:     30 C
1775668953
SOM total power                                         :     4740 mW
LPD temperature measurement 		    		:     31 C
FPD temperature measurement (REMOTE)  		    	:     30 C
PL temperature    					:     30 C
1775668954
SOM total power                                         :     4880 mW
LPD temperature measurement 		    		:     29 C
FPD temperature measurement (REMOTE)  		    	:     28 C
PL temperature    					:     29 C
1775668955
SOM total power                                         :     4990 mW
LPD temperature measurement 		    		:     30 C
FPD temperature measurement (REMOTE)  		    	:     29 C
PL temperature    					:     30 C
1775668957
SOM total power                                         :     4740 mW
LPD temperature measurement 		    		:     29 C
FPD temperature measurement (REMOTE)  		    	:     29 C
PL temperature    					:     29 C
1775668958
SOM total power                                         :     4990 mW
LPD temperature measurement 		    		:     30 C
FPD temperature measurement (REMOTE)  		    	:     30 C
PL temperature    					:     29 C
1775668959
SOM total power                                         :     4690 mW
LPD temperature measurement 		    		:     30 C
FPD temperature measurement (REMOTE)  		    	:     29 C
PL temperature    					:     30 C
1775668961
SOM total power                                         :     4920 mW
LPD temperature measurement 		    		:     29 C
FPD temperature measurement (REMOTE)  		    	:     29 C
PL temperature    					:     30 C
1775668962
SOM total power                                         :     4720 mW
LPD temperature measurement 		    		:     31 C
FPD temperature measurement (REMOTE)  		    	:     29 C
PL temperature    					:     29 C
1775668964
SOM total power                                         :     4760 mW
LPD temperature measurement 		    		:     29 C
FPD temperature measurement (REMOTE)  		    	:     30 C
PL temperature    					:     29 C
1775668965
SOM total power                                         :     4770 mW
LPD temperature measurement 		    		:     30 C
FPD temperature measurement (REMOTE)  		    	:     30 C
PL temperature    					:     30 C
1775668966
SOM total power                                         :     5000 mW
LPD temperature measurement 		    		:     30 C
FPD temperature measurement (REMOTE)  		    	:     29 C
PL temperature    					:     30 C
1775668968
SOM total power                                         :     4890 mW
LPD temperature measurement 		    		:     31 C
FPD temperature measurement (REMOTE)  		    	:     29 C
PL temperature    					:     29 C
1775668969
SOM total power                                         :     4760 mW
LPD temperature measurement 		    		:     30 C
FPD temperature measurement (REMOTE)  		    	:     30 C
PL temperature    					:     29 C
1775668971
SOM total power                                         :     5000 mW
LPD temperature measurement 		    		:     31 C
FPD temperature measurement (REMOTE)  		    	:     29 C
PL temperature    					:     30 C
1775668972
SOM total power                                         :     4860 mW
LPD temperature measurement 		    		:     30 C
FPD temperature measurement (REMOTE)  		    	:     29 C
PL temperature    					:     30 C
1775668973
SOM total power                                         :     4880 mW
LPD temperature measurement 		    		:     31 C
FPD temperature measurement (REMOTE)  		    	:     29 C
PL temperature    					:     29 C
1775668975
SOM total power                                         :     4860 mW
LPD temperature measurement 		    		:     30 C
FPD temperature measurement (REMOTE)  		    	:     30 C
PL temperature    					:     30 C
1775668976
SOM total power                                         :     4790 mW
LPD temperature measurement 		    		:     30 C
FPD temperature measurement (REMOTE)  		    	:     30 C
PL temperature    					:     30 C
1775668978
SOM total power                                         :     5180 mW
LPD temperature measurement 		    		:     31 C
FPD temperature measurement (REMOTE)  		    	:     29 C
PL temperature    					:     27 C
1775668979
SOM total power                                         :     5060 mW
LPD temperature measurement 		    		:     31 C
FPD temperature measurement (REMOTE)  		    	:     29 C
PL temperature    					:     29 C
1775668980
SOM total power                                         :     4750 mW
LPD temperature measurement 		    		:     31 C
FPD temperature measurement (REMOTE)  		    	:     29 C
PL temperature    					:     29 C
1775668982
SOM total power                                         :     4950 mW
LPD temperature measurement 		    		:     31 C
FPD temperature measurement (REMOTE)  		    	:     31 C
PL temperature    					:     29 C
1775668983
SOM total power                                         :     4910 mW
LPD temperature measurement 		    		:     31 C
FPD temperature measurement (REMOTE)  		    	:     29 C
PL temperature    					:     28 C
1775668985
SOM total power                                         :     4780 mW
LPD temperature measurement 		    		:     31 C
FPD temperature measurement (REMOTE)  		    	:     30 C
PL temperature    					:     29 C
1775668986
SOM total power                                         :     4770 mW
LPD temperature measurement 		    		:     30 C
FPD temperature measurement (REMOTE)  		    	:     29 C
PL temperature    					:     29 C
1775668987
SOM total power                                         :     4760 mW
LPD temperature measurement 		    		:     29 C
FPD temperature measurement (REMOTE)  		    	:     30 C
PL temperature    					:     30 C
1775668989
SOM total power                                         :     5170 mW
LPD temperature measurement 		    		:     29 C
FPD temperature measurement (REMOTE)  		    	:     30 C
PL temperature    					:     29 C
1775668990
SOM total power                                         :     4780 mW
LPD temperature measurement 		    		:     31 C
FPD temperature measurement (REMOTE)  		    	:     30 C
PL temperature    					:     29 C
1775668992
SOM total power                                         :     4920 mW
LPD temperature measurement 		    		:     31 C
FPD temperature measurement (REMOTE)  		    	:     30 C
PL temperature    					:     30 C
1775668993
SOM total power                                         :     4740 mW
LPD temperature measurement 		    		:     29 C
FPD temperature measurement (REMOTE)  		    	:     28 C
PL temperature    					:     29 C
1775668994
SOM total power                                         :     4990 mW
LPD temperature measurement 		    		:     29 C
FPD temperature measurement (REMOTE)  		    	:     29 C
PL temperature    					:     30 C
1775668996
SOM total power                                         :     4790 mW
LPD temperature measurement 		    		:     28 C
FPD temperature measurement (REMOTE)  		    	:     29 C
PL temperature    					:     30 C
1775668997
SOM total power                                         :     4770 mW
LPD temperature measurement 		    		:     29 C
FPD temperature measurement (REMOTE)  		    	:     30 C
PL temperature    					:     30 C
1775668998
SOM total power                                         :     4430 mW
LPD temperature measurement 		    		:     29 C
FPD temperature measurement (REMOTE)  		    	:     29 C
PL temperature    					:     29 C
1775669000
SOM total power                                         :     4420 mW
LPD temperature measurement 		    		:     31 C
FPD temperature measurement (REMOTE)  		    	:     29 C
PL temperature    					:     28 C
1775669001
SOM total power                                         :     4420 mW
LPD temperature measurement 		    		:     30 C
FPD temperature measurement (REMOTE)  		    	:     29 C
PL temperature    					:     29 C
1775669002
SOM total power                                         :     4440 mW
LPD temperature measurement 		    		:     30 C
FPD temperature measurement (REMOTE)  		    	:     28 C
PL temperature    					:     30 C
1775669004
SOM total power                                         :     4420 mW
LPD temperature measurement 		    		:     29 C
FPD temperature measurement (REMOTE)  		    	:     31 C
PL temperature    					:     30 C
1775669005
SOM total power                                         :     4410 mW
LPD temperature measurement 		    		:     31 C
FPD temperature measurement (REMOTE)  		    	:     27 C
PL temperature    					:     30 C
1775669007
SOM total power                                         :     4420 mW
LPD temperature measurement 		    		:     30 C
FPD temperature measurement (REMOTE)  		    	:     29 C
PL temperature    					:     28 C
1775669008
SOM total power                                         :     4410 mW
LPD temperature measurement 		    		:     31 C
FPD temperature measurement (REMOTE)  		    	:     27 C
PL temperature    					:     28 C
1775669009
SOM total power                                         :     4420 mW
LPD temperature measurement 		    		:     28 C
FPD temperature measurement (REMOTE)  		    	:     28 C
PL temperature    					:     28 C
1775669011

