1775667867
SOM total power                                         :     5040 mW
LPD temperature measurement 		    		:     28 C
FPD temperature measurement (REMOTE)  		    	:     27 C
PL temperature    					:     27 C
1775667868
SOM total power                                         :     5050 mW
LPD temperature measurement 		    		:     30 C
FPD temperature measurement (REMOTE)  		    	:     28 C
PL temperature    					:     29 C
1775667870
SOM total power                                         :     5010 mW
LPD temperature measurement 		    		:     31 C
FPD temperature measurement (REMOTE)  		    	:     28 C
PL temperature    					:     29 C
1775667871
SOM total power                                         :     4980 mW
LPD temperature measurement 		    		:     28 C
FPD temperature measurement (REMOTE)  		    	:     28 C
PL temperature    					:     28 C
1775667873
SOM total power                                         :     4940 mW
LPD temperature measurement 		    		:     29 C
FPD temperature measurement (REMOTE)  		    	:     28 C
PL temperature    					:     27 C
1775667874
SOM total power                                         :     5850 mW
LPD temperature measurement 		    		:     30 C
FPD temperature measurement (REMOTE)  		    	:     29 C
PL temperature    					:     28 C
1775667875
SOM total power                                         :     4850 mW
LPD temperature measurement 		    		:     30 C
FPD temperature measurement (REMOTE)  		    	:     28 C
PL temperature    					:     28 C
1775667877
SOM total power                                         :     4920 mW
LPD temperature measurement 		    		:     30 C
FPD temperature measurement (REMOTE)  		    	:     28 C
PL temperature    					:     28 C
1775667878
SOM total power                                         :     4830 mW
LPD temperature measurement 		    		:     29 C
FPD temperature measurement (REMOTE)  		    	:     28 C
PL temperature    					:     29 C
1775667880
SOM total power                                         :     4860 mW
LPD temperature measurement 		    		:     29 C
FPD temperature measurement (REMOTE)  		    	:     30 C
PL temperature    					:     30 C
1775667881
SOM total power                                         :     4920 mW
LPD temperature measurement 		    		:     29 C
FPD temperature measurement (REMOTE)  		    	:     29 C
PL temperature    					:     29 C
1775667882
SOM total power                                         :     5080 mW
LPD temperature measurement 		    		:     29 C
FPD temperature measurement (REMOTE)  		    	:     30 C
PL temperature    					:     28 C
1775667884
SOM total power                                         :     4870 mW
LPD temperature measurement 		    		:     29 C
FPD temperature measurement (REMOTE)  		    	:     30 C
PL temperature    					:     29 C
1775667885
SOM total power                                         :     5050 mW
LPD temperature measurement 		    		:     28 C
FPD temperature measurement (REMOTE)  		    	:     29 C
PL temperature    					:     28 C
1775667886
SOM total power                                         :     4860 mW
LPD temperature measurement 		    		:     28 C
FPD temperature measurement (REMOTE)  		    	:     28 C
PL temperature    					:     27 C
1775667888
SOM total power                                         :     4840 mW
LPD temperature measurement 		    		:     29 C
FPD temperature measurement (REMOTE)  		    	:     28 C
PL temperature    					:     28 C
1775667889
SOM total power                                         :     5080 mW
LPD temperature measurement 		    		:     29 C
FPD temperature measurement (REMOTE)  		    	:     28 C
PL temperature    					:     28 C
1775667891
SOM total power                                         :     4950 mW
LPD temperature measurement 		    		:     29 C
FPD temperature measurement (REMOTE)  		    	:     28 C
PL temperature    					:     28 C
1775667892
SOM total power                                         :     5020 mW
LPD temperature measurement 		    		:     29 C
FPD temperature measurement (REMOTE)  		    	:     28 C
PL temperature    					:     28 C
1775667893
SOM total power                                         :     4950 mW
LPD temperature measurement 		    		:     30 C
FPD temperature measurement (REMOTE)  		    	:     29 C
PL temperature    					:     29 C
1775667895
SOM total power                                         :     4940 mW
LPD temperature measurement 		    		:     29 C
FPD temperature measurement (REMOTE)  		    	:     28 C
PL temperature    					:     28 C
1775667896
SOM total power                                         :     4970 mW
LPD temperature measurement 		    		:     28 C
FPD temperature measurement (REMOTE)  		    	:     28 C
PL temperature    					:     30 C
1775667898
SOM total power                                         :     4910 mW
LPD temperature measurement 		    		:     30 C
FPD temperature measurement (REMOTE)  		    	:     28 C
PL temperature    					:     28 C
1775667899
SOM total power                                         :     5080 mW
LPD temperature measurement 		    		:     28 C
FPD temperature measurement (REMOTE)  		    	:     28 C
PL temperature    					:     28 C
1775667901
SOM total power                                         :     5050 mW
LPD temperature measurement 		    		:     30 C
FPD temperature measurement (REMOTE)  		    	:     29 C
PL temperature    					:     28 C
1775667902
SOM total power                                         :     4990 mW
LPD temperature measurement 		    		:     30 C
FPD temperature measurement (REMOTE)  		    	:     29 C
PL temperature    					:     28 C
1775667903
SOM total power                                         :     4940 mW
LPD temperature measurement 		    		:     29 C
FPD temperature measurement (REMOTE)  		    	:     28 C
PL temperature    					:     29 C
1775667905
SOM total power                                         :     5040 mW
LPD temperature measurement 		    		:     30 C
FPD temperature measurement (REMOTE)  		    	:     28 C
PL temperature    					:     29 C
1775667906
SOM total power                                         :     4890 mW
LPD temperature measurement 		    		:     30 C
FPD temperature measurement (REMOTE)  		    	:     27 C
PL temperature    					:     29 C
1775667907
SOM total power                                         :     5090 mW
LPD temperature measurement 		    		:     30 C
FPD temperature measurement (REMOTE)  		    	:     28 C
PL temperature    					:     29 C
1775667909
SOM total power                                         :     4870 mW
LPD temperature measurement 		    		:     29 C
FPD temperature measurement (REMOTE)  		    	:     28 C
PL temperature    					:     29 C
1775667910
SOM total power                                         :     4980 mW
LPD temperature measurement 		    		:     29 C
FPD temperature measurement (REMOTE)  		    	:     29 C
PL temperature    					:     28 C
1775667912
SOM total power                                         :     4910 mW
LPD temperature measurement 		    		:     31 C
FPD temperature measurement (REMOTE)  		    	:     28 C
PL temperature    					:     29 C
1775667913
SOM total power                                         :     5030 mW
LPD temperature measurement 		    		:     30 C
FPD temperature measurement (REMOTE)  		    	:     30 C
PL temperature    					:     30 C
1775667915
SOM total power                                         :     4910 mW
LPD temperature measurement 		    		:     31 C
FPD temperature measurement (REMOTE)  		    	:     28 C
PL temperature    					:     30 C
1775667916
SOM total power                                         :     5070 mW
LPD temperature measurement 		    		:     29 C
FPD temperature measurement (REMOTE)  		    	:     29 C
PL temperature    					:     29 C
1775667917
SOM total power                                         :     5210 mW
LPD temperature measurement 		    		:     29 C
FPD temperature measurement (REMOTE)  		    	:     29 C
PL temperature    					:     29 C
1775667919
SOM total power                                         :     5110 mW
LPD temperature measurement 		    		:     30 C
FPD temperature measurement (REMOTE)  		    	:     27 C
PL temperature    					:     30 C
1775667920
SOM total power                                         :     5030 mW
LPD temperature measurement 		    		:     30 C
FPD temperature measurement (REMOTE)  		    	:     29 C
PL temperature    					:     28 C
1775667922
SOM total power                                         :     5010 mW
LPD temperature measurement 		    		:     29 C
FPD temperature measurement (REMOTE)  		    	:     29 C
PL temperature    					:     29 C
1775667923
SOM total power                                         :     5110 mW
LPD temperature measurement 		    		:     30 C
FPD temperature measurement (REMOTE)  		    	:     29 C
PL temperature    					:     29 C
1775667924
SOM total power                                         :     4940 mW
LPD temperature measurement 		    		:     28 C
FPD temperature measurement (REMOTE)  		    	:     29 C
PL temperature    					:     28 C
1775667926
SOM total power                                         :     5430 mW
LPD temperature measurement 		    		:     29 C
FPD temperature measurement (REMOTE)  		    	:     28 C
PL temperature    					:     29 C
1775667927
SOM total power                                         :     4840 mW
LPD temperature measurement 		    		:     29 C
FPD temperature measurement (REMOTE)  		    	:     28 C
PL temperature    					:     29 C
1775667929
SOM total power                                         :     4920 mW
LPD temperature measurement 		    		:     29 C
FPD temperature measurement (REMOTE)  		    	:     30 C
PL temperature    					:     27 C
1775667930
SOM total power                                         :     5580 mW
LPD temperature measurement 		    		:     29 C
FPD temperature measurement (REMOTE)  		    	:     29 C
PL temperature    					:     28 C
1775667932
SOM total power                                         :     4990 mW
LPD temperature measurement 		    		:     30 C
FPD temperature measurement (REMOTE)  		    	:     28 C
PL temperature    					:     28 C
1775667933
SOM total power                                         :     4980 mW
LPD temperature measurement 		    		:     30 C
FPD temperature measurement (REMOTE)  		    	:     28 C
PL temperature    					:     29 C
1775667935
SOM total power                                         :     5160 mW
LPD temperature measurement 		    		:     30 C
FPD temperature measurement (REMOTE)  		    	:     29 C
PL temperature    					:     28 C
1775667936
SOM total power                                         :     4940 mW
LPD temperature measurement 		    		:     30 C
FPD temperature measurement (REMOTE)  		    	:     29 C
PL temperature    					:     29 C
1775667937
SOM total power                                         :     4920 mW
LPD temperature measurement 		    		:     30 C
FPD temperature measurement (REMOTE)  		    	:     29 C
PL temperature    					:     29 C
1775667939
SOM total power                                         :     4920 mW
LPD temperature measurement 		    		:     29 C
FPD temperature measurement (REMOTE)  		    	:     29 C
PL temperature    					:     28 C
1775667940
SOM total power                                         :     4980 mW
LPD temperature measurement 		    		:     30 C
FPD temperature measurement (REMOTE)  		    	:     29 C
PL temperature    					:     28 C
1775667942
SOM total power                                         :     5010 mW
LPD temperature measurement 		    		:     31 C
FPD temperature measurement (REMOTE)  		    	:     28 C
PL temperature    					:     29 C
1775667943
SOM total power                                         :     4910 mW
LPD temperature measurement 		    		:     29 C
FPD temperature measurement (REMOTE)  		    	:     28 C
PL temperature    					:     29 C
1775667944
SOM total power                                         :     5020 mW
LPD temperature measurement 		    		:     30 C
FPD temperature measurement (REMOTE)  		    	:     28 C
PL temperature    					:     30 C
1775667946
SOM total power                                         :     5010 mW
LPD temperature measurement 		    		:     31 C
FPD temperature measurement (REMOTE)  		    	:     28 C
PL temperature    					:     30 C
1775667947
SOM total power                                         :     5120 mW
LPD temperature measurement 		    		:     30 C
FPD temperature measurement (REMOTE)  		    	:     29 C
PL temperature    					:     30 C
1775667949
SOM total power                                         :     5370 mW
LPD temperature measurement 		    		:     31 C
FPD temperature measurement (REMOTE)  		    	:     29 C
PL temperature    					:     29 C
1775667950
SOM total power                                         :     5090 mW
LPD temperature measurement 		    		:     30 C
FPD temperature measurement (REMOTE)  		    	:     28 C
PL temperature    					:     30 C
1775667952
SOM total power                                         :     5060 mW
LPD temperature measurement 		    		:     30 C
FPD temperature measurement (REMOTE)  		    	:     30 C
PL temperature    					:     31 C
1775667953
SOM total power                                         :     4970 mW
LPD temperature measurement 		    		:     29 C
FPD temperature measurement (REMOTE)  		    	:     31 C
PL temperature    					:     28 C
1775667954
SOM total power                                         :     5150 mW
LPD temperature measurement 		    		:     30 C
FPD temperature measurement (REMOTE)  		    	:     29 C
PL temperature    					:     29 C
1775667956
SOM total power                                         :     4870 mW
LPD temperature measurement 		    		:     30 C
FPD temperature measurement (REMOTE)  		    	:     29 C
PL temperature    					:     29 C
1775667957
SOM total power                                         :     4990 mW
LPD temperature measurement 		    		:     30 C
FPD temperature measurement (REMOTE)  		    	:     30 C
PL temperature    					:     29 C
1775667959
SOM total power                                         :     4870 mW
LPD temperature measurement 		    		:     28 C
FPD temperature measurement (REMOTE)  		    	:     27 C
PL temperature    					:     30 C
1775667960
SOM total power                                         :     4910 mW
LPD temperature measurement 		    		:     29 C
FPD temperature measurement (REMOTE)  		    	:     29 C
PL temperature    					:     30 C
1775667962
SOM total power                                         :     4940 mW
LPD temperature measurement 		    		:     30 C
FPD temperature measurement (REMOTE)  		    	:     28 C
PL temperature    					:     29 C
1775667963
SOM total power                                         :     5020 mW
LPD temperature measurement 		    		:     30 C
FPD temperature measurement (REMOTE)  		    	:     30 C
PL temperature    					:     29 C
1775667964
SOM total power                                         :     4890 mW
LPD temperature measurement 		    		:     29 C
FPD temperature measurement (REMOTE)  		    	:     30 C
PL temperature    					:     30 C
1775667966
SOM total power                                         :     4920 mW
LPD temperature measurement 		    		:     30 C
FPD temperature measurement (REMOTE)  		    	:     30 C
PL temperature    					:     30 C
1775667967
SOM total power                                         :     5060 mW
LPD temperature measurement 		    		:     30 C
FPD temperature measurement (REMOTE)  		    	:     30 C
PL temperature    					:     28 C
1775667969
SOM total power                                         :     5070 mW
LPD temperature measurement 		    		:     30 C
FPD temperature measurement (REMOTE)  		    	:     29 C
PL temperature    					:     29 C
1775667970
SOM total power                                         :     4940 mW
LPD temperature measurement 		    		:     30 C
FPD temperature measurement (REMOTE)  		    	:     29 C
PL temperature    					:     30 C
1775667971
SOM total power                                         :     5130 mW
LPD temperature measurement 		    		:     30 C
FPD temperature measurement (REMOTE)  		    	:     29 C
PL temperature    					:     29 C
1775667973
SOM total power                                         :     4930 mW
LPD temperature measurement 		    		:     29 C
FPD temperature measurement (REMOTE)  		    	:     28 C
PL temperature    					:     29 C
1775667974
SOM total power                                         :     4930 mW
LPD temperature measurement 		    		:     30 C
FPD temperature measurement (REMOTE)  		    	:     28 C
PL temperature    					:     29 C
1775667976
SOM total power                                         :     5040 mW
LPD temperature measurement 		    		:     30 C
FPD temperature measurement (REMOTE)  		    	:     29 C
PL temperature    					:     28 C
1775667977
SOM total power                                         :     4870 mW
LPD temperature measurement 		    		:     30 C
FPD temperature measurement (REMOTE)  		    	:     28 C
PL temperature    					:     29 C
1775667978
SOM total power                                         :     5020 mW
LPD temperature measurement 		    		:     30 C
FPD temperature measurement (REMOTE)  		    	:     30 C
PL temperature    					:     30 C
1775667980
SOM total power                                         :     4960 mW
LPD temperature measurement 		    		:     31 C
FPD temperature measurement (REMOTE)  		    	:     28 C
PL temperature    					:     29 C
1775667981
SOM total power                                         :     5010 mW
LPD temperature measurement 		    		:     31 C
FPD temperature measurement (REMOTE)  		    	:     30 C
PL temperature    					:     30 C
1775667983
SOM total power                                         :     4900 mW
LPD temperature measurement 		    		:     29 C
FPD temperature measurement (REMOTE)  		    	:     29 C
PL temperature    					:     29 C
1775667984
SOM total power                                         :     5010 mW
LPD temperature measurement 		    		:     30 C
FPD temperature measurement (REMOTE)  		    	:     28 C
PL temperature    					:     29 C
1775667986
SOM total power                                         :     5040 mW
LPD temperature measurement 		    		:     30 C
FPD temperature measurement (REMOTE)  		    	:     29 C
PL temperature    					:     28 C
1775667987
SOM total power                                         :     5090 mW
LPD temperature measurement 		    		:     29 C
FPD temperature measurement (REMOTE)  		    	:     29 C
PL temperature    					:     28 C
1775667989
SOM total power                                         :     5040 mW
LPD temperature measurement 		    		:     30 C
FPD temperature measurement (REMOTE)  		    	:     30 C
PL temperature    					:     29 C
1775667990
SOM total power                                         :     4990 mW
LPD temperature measurement 		    		:     30 C
FPD temperature measurement (REMOTE)  		    	:     30 C
PL temperature    					:     28 C
1775667991
SOM total power                                         :     4940 mW
LPD temperature measurement 		    		:     29 C
FPD temperature measurement (REMOTE)  		    	:     28 C
PL temperature    					:     29 C
1775667993
SOM total power                                         :     4890 mW
LPD temperature measurement 		    		:     29 C
FPD temperature measurement (REMOTE)  		    	:     30 C
PL temperature    					:     30 C
1775667994
SOM total power                                         :     5080 mW
LPD temperature measurement 		    		:     30 C
FPD temperature measurement (REMOTE)  		    	:     28 C
PL temperature    					:     29 C
1775667996
SOM total power                                         :     5070 mW
LPD temperature measurement 		    		:     30 C
FPD temperature measurement (REMOTE)  		    	:     29 C
PL temperature    					:     30 C
1775667997
SOM total power                                         :     4900 mW
LPD temperature measurement 		    		:     30 C
FPD temperature measurement (REMOTE)  		    	:     29 C
PL temperature    					:     29 C
1775667998
SOM total power                                         :     5010 mW
LPD temperature measurement 		    		:     29 C
FPD temperature measurement (REMOTE)  		    	:     29 C
PL temperature    					:     28 C
1775668000
SOM total power                                         :     5080 mW
LPD temperature measurement 		    		:     30 C
FPD temperature measurement (REMOTE)  		    	:     29 C
PL temperature    					:     30 C
1775668001
SOM total power                                         :     4920 mW
LPD temperature measurement 		    		:     30 C
FPD temperature measurement (REMOTE)  		    	:     30 C
PL temperature    					:     29 C
1775668002
SOM total power                                         :     5020 mW
LPD temperature measurement 		    		:     29 C
FPD temperature measurement (REMOTE)  		    	:     29 C
PL temperature    					:     30 C
1775668004
SOM total power                                         :     4980 mW
LPD temperature measurement 		    		:     31 C
FPD temperature measurement (REMOTE)  		    	:     28 C
PL temperature    					:     29 C
1775668005
SOM total power                                         :     5000 mW
LPD temperature measurement 		    		:     30 C
FPD temperature measurement (REMOTE)  		    	:     29 C
PL temperature    					:     28 C
1775668007
SOM total power                                         :     5200 mW
LPD temperature measurement 		    		:     30 C
FPD temperature measurement (REMOTE)  		    	:     29 C
PL temperature    					:     29 C
1775668008
SOM total power                                         :     4890 mW
LPD temperature measurement 		    		:     30 C
FPD temperature measurement (REMOTE)  		    	:     29 C
PL temperature    					:     29 C
1775668009
SOM total power                                         :     5010 mW
LPD temperature measurement 		    		:     30 C
FPD temperature measurement (REMOTE)  		    	:     30 C
PL temperature    					:     30 C
1775668011
SOM total power                                         :     4920 mW
LPD temperature measurement 		    		:     31 C
FPD temperature measurement (REMOTE)  		    	:     29 C
PL temperature    					:     30 C
1775668012
SOM total power                                         :     5120 mW
LPD temperature measurement 		    		:     33 C
FPD temperature measurement (REMOTE)  		    	:     30 C
PL temperature    					:     29 C
1775668014
SOM total power                                         :     4850 mW
LPD temperature measurement 		    		:     30 C
FPD temperature measurement (REMOTE)  		    	:     28 C
PL temperature    					:     30 C
1775668015
SOM total power                                         :     5120 mW
LPD temperature measurement 		    		:     30 C
FPD temperature measurement (REMOTE)  		    	:     30 C
PL temperature    					:     31 C
1775668016
SOM total power                                         :     5070 mW
LPD temperature measurement 		    		:     30 C
FPD temperature measurement (REMOTE)  		    	:     29 C
PL temperature    					:     28 C
1775668018
SOM total power                                         :     5010 mW
LPD temperature measurement 		    		:     29 C
FPD temperature measurement (REMOTE)  		    	:     29 C
PL temperature    					:     28 C
1775668019
SOM total power                                         :     5560 mW
LPD temperature measurement 		    		:     29 C
FPD temperature measurement (REMOTE)  		    	:     29 C
PL temperature    					:     29 C
1775668021
SOM total power                                         :     4970 mW
LPD temperature measurement 		    		:     30 C
FPD temperature measurement (REMOTE)  		    	:     28 C
PL temperature    					:     30 C
1775668022
SOM total power                                         :     4980 mW
LPD temperature measurement 		    		:     30 C
FPD temperature measurement (REMOTE)  		    	:     29 C
PL temperature    					:     29 C
1775668023
SOM total power                                         :     5390 mW
LPD temperature measurement 		    		:     30 C
FPD temperature measurement (REMOTE)  		    	:     29 C
PL temperature    					:     28 C
1775668025
SOM total power                                         :     4900 mW
LPD temperature measurement 		    		:     30 C
FPD temperature measurement (REMOTE)  		    	:     29 C
PL temperature    					:     29 C
1775668026
SOM total power                                         :     5030 mW
LPD temperature measurement 		    		:     30 C
FPD temperature measurement (REMOTE)  		    	:     29 C
PL temperature    					:     28 C
1775668028
SOM total power                                         :     5060 mW
LPD temperature measurement 		    		:     29 C
FPD temperature measurement (REMOTE)  		    	:     30 C
PL temperature    					:     28 C
1775668029
SOM total power                                         :     5080 mW
LPD temperature measurement 		    		:     30 C
FPD temperature measurement (REMOTE)  		    	:     29 C
PL temperature    					:     29 C
1775668031
SOM total power                                         :     4990 mW
LPD temperature measurement 		    		:     30 C
FPD temperature measurement (REMOTE)  		    	:     29 C
PL temperature    					:     29 C
1775668032
SOM total power                                         :     4850 mW
LPD temperature measurement 		    		:     31 C
FPD temperature measurement (REMOTE)  		    	:     28 C
PL temperature    					:     29 C
1775668034
SOM total power                                         :     4910 mW
LPD temperature measurement 		    		:     29 C
FPD temperature measurement (REMOTE)  		    	:     29 C
PL temperature    					:     29 C
1775668035
SOM total power                                         :     5050 mW
LPD temperature measurement 		    		:     31 C
FPD temperature measurement (REMOTE)  		    	:     29 C
PL temperature    					:     28 C
1775668036
SOM total power                                         :     5220 mW
LPD temperature measurement 		    		:     30 C
FPD temperature measurement (REMOTE)  		    	:     29 C
PL temperature    					:     29 C
1775668038
SOM total power                                         :     4920 mW
LPD temperature measurement 		    		:     29 C
FPD temperature measurement (REMOTE)  		    	:     30 C
PL temperature    					:     30 C
1775668039
SOM total power                                         :     5830 mW
LPD temperature measurement 		    		:     30 C
FPD temperature measurement (REMOTE)  		    	:     30 C
PL temperature    					:     29 C
1775668041
SOM total power                                         :     4880 mW
LPD temperature measurement 		    		:     30 C
FPD temperature measurement (REMOTE)  		    	:     28 C
PL temperature    					:     29 C
1775668042
SOM total power                                         :     5040 mW
LPD temperature measurement 		    		:     30 C
FPD temperature measurement (REMOTE)  		    	:     29 C
PL temperature    					:     29 C
1775668043
SOM total power                                         :     4850 mW
LPD temperature measurement 		    		:     30 C
FPD temperature measurement (REMOTE)  		    	:     29 C
PL temperature    					:     30 C
1775668045
SOM total power                                         :     5070 mW
LPD temperature measurement 		    		:     30 C
FPD temperature measurement (REMOTE)  		    	:     30 C
PL temperature    					:     29 C
1775668046
SOM total power                                         :     5050 mW
LPD temperature measurement 		    		:     29 C
FPD temperature measurement (REMOTE)  		    	:     28 C
PL temperature    					:     29 C
1775668048
SOM total power                                         :     5190 mW
LPD temperature measurement 		    		:     29 C
FPD temperature measurement (REMOTE)  		    	:     30 C
PL temperature    					:     29 C
1775668049
SOM total power                                         :     4960 mW
LPD temperature measurement 		    		:     30 C
FPD temperature measurement (REMOTE)  		    	:     28 C
PL temperature    					:     29 C
1775668050
SOM total power                                         :     5110 mW
LPD temperature measurement 		    		:     30 C
FPD temperature measurement (REMOTE)  		    	:     29 C
PL temperature    					:     29 C
1775668052
SOM total power                                         :     4910 mW
LPD temperature measurement 		    		:     30 C
FPD temperature measurement (REMOTE)  		    	:     30 C
PL temperature    					:     29 C
1775668053
SOM total power                                         :     4990 mW
LPD temperature measurement 		    		:     29 C
FPD temperature measurement (REMOTE)  		    	:     29 C
PL temperature    					:     29 C
1775668055
SOM total power                                         :     5360 mW
LPD temperature measurement 		    		:     29 C
FPD temperature measurement (REMOTE)  		    	:     28 C
PL temperature    					:     29 C
1775668056
SOM total power                                         :     4940 mW
LPD temperature measurement 		    		:     30 C
FPD temperature measurement (REMOTE)  		    	:     29 C
PL temperature    					:     28 C
1775668058
SOM total power                                         :     5050 mW
LPD temperature measurement 		    		:     30 C
FPD temperature measurement (REMOTE)  		    	:     30 C
PL temperature    					:     29 C
1775668059
SOM total power                                         :     4960 mW
LPD temperature measurement 		    		:     31 C
FPD temperature measurement (REMOTE)  		    	:     28 C
PL temperature    					:     29 C
1775668060
SOM total power                                         :     5420 mW
LPD temperature measurement 		    		:     31 C
FPD temperature measurement (REMOTE)  		    	:     29 C
PL temperature    					:     29 C
1775668062
SOM total power                                         :     4920 mW
LPD temperature measurement 		    		:     31 C
FPD temperature measurement (REMOTE)  		    	:     29 C
PL temperature    					:     29 C
1775668063
SOM total power                                         :     5020 mW
LPD temperature measurement 		    		:     30 C
FPD temperature measurement (REMOTE)  		    	:     30 C
PL temperature    					:     29 C
1775668064
SOM total power                                         :     5000 mW
LPD temperature measurement 		    		:     30 C
FPD temperature measurement (REMOTE)  		    	:     28 C
PL temperature    					:     28 C
1775668066
SOM total power                                         :     5010 mW
LPD temperature measurement 		    		:     29 C
FPD temperature measurement (REMOTE)  		    	:     29 C
PL temperature    					:     30 C
1775668067
SOM total power                                         :     4850 mW
LPD temperature measurement 		    		:     31 C
FPD temperature measurement (REMOTE)  		    	:     30 C
PL temperature    					:     29 C
1775668069
SOM total power                                         :     5110 mW
LPD temperature measurement 		    		:     28 C
FPD temperature measurement (REMOTE)  		    	:     28 C
PL temperature    					:     28 C
1775668070
SOM total power                                         :     4970 mW
LPD temperature measurement 		    		:     31 C
FPD temperature measurement (REMOTE)  		    	:     29 C
PL temperature    					:     29 C
1775668072
SOM total power                                         :     5040 mW
LPD temperature measurement 		    		:     31 C
FPD temperature measurement (REMOTE)  		    	:     29 C
PL temperature    					:     30 C
1775668073
SOM total power                                         :     5040 mW
LPD temperature measurement 		    		:     29 C
FPD temperature measurement (REMOTE)  		    	:     29 C
PL temperature    					:     29 C
1775668075
SOM total power                                         :     4860 mW
LPD temperature measurement 		    		:     31 C
FPD temperature measurement (REMOTE)  		    	:     30 C
PL temperature    					:     30 C
1775668076
SOM total power                                         :     4870 mW
LPD temperature measurement 		    		:     31 C
FPD temperature measurement (REMOTE)  		    	:     29 C
PL temperature    					:     29 C
1775668077
SOM total power                                         :     4970 mW
LPD temperature measurement 		    		:     29 C
FPD temperature measurement (REMOTE)  		    	:     29 C
PL temperature    					:     27 C
1775668079
SOM total power                                         :     4900 mW
LPD temperature measurement 		    		:     29 C
FPD temperature measurement (REMOTE)  		    	:     28 C
PL temperature    					:     28 C
1775668080
SOM total power                                         :     4990 mW
LPD temperature measurement 		    		:     30 C
FPD temperature measurement (REMOTE)  		    	:     29 C
PL temperature    					:     30 C
1775668082
SOM total power                                         :     5010 mW
LPD temperature measurement 		    		:     29 C
FPD temperature measurement (REMOTE)  		    	:     29 C
PL temperature    					:     29 C
1775668083
SOM total power                                         :     4860 mW
LPD temperature measurement 		    		:     30 C
FPD temperature measurement (REMOTE)  		    	:     30 C
PL temperature    					:     30 C
1775668085
SOM total power                                         :     4960 mW
LPD temperature measurement 		    		:     31 C
FPD temperature measurement (REMOTE)  		    	:     29 C
PL temperature    					:     29 C
1775668086
SOM total power                                         :     4920 mW
LPD temperature measurement 		    		:     30 C
FPD temperature measurement (REMOTE)  		    	:     29 C
PL temperature    					:     29 C
1775668087
SOM total power                                         :     5040 mW
LPD temperature measurement 		    		:     30 C
FPD temperature measurement (REMOTE)  		    	:     29 C
PL temperature    					:     30 C
1775668089
SOM total power                                         :     5040 mW
LPD temperature measurement 		    		:     30 C
FPD temperature measurement (REMOTE)  		    	:     31 C
PL temperature    					:     29 C
1775668090
SOM total power                                         :     5000 mW
LPD temperature measurement 		    		:     29 C
FPD temperature measurement (REMOTE)  		    	:     29 C
PL temperature    					:     29 C
1775668092
SOM total power                                         :     4930 mW
LPD temperature measurement 		    		:     29 C
FPD temperature measurement (REMOTE)  		    	:     29 C
PL temperature    					:     28 C
1775668093
SOM total power                                         :     4880 mW
LPD temperature measurement 		    		:     31 C
FPD temperature measurement (REMOTE)  		    	:     30 C
PL temperature    					:     28 C
1775668095
SOM total power                                         :     4940 mW
LPD temperature measurement 		    		:     29 C
FPD temperature measurement (REMOTE)  		    	:     30 C
PL temperature    					:     29 C
1775668096
SOM total power                                         :     5070 mW
LPD temperature measurement 		    		:     30 C
FPD temperature measurement (REMOTE)  		    	:     29 C
PL temperature    					:     29 C
1775668097
SOM total power                                         :     5070 mW
LPD temperature measurement 		    		:     31 C
FPD temperature measurement (REMOTE)  		    	:     30 C
PL temperature    					:     28 C
1775668099
SOM total power                                         :     5030 mW
LPD temperature measurement 		    		:     30 C
FPD temperature measurement (REMOTE)  		    	:     30 C
PL temperature    					:     28 C
1775668100
SOM total power                                         :     5050 mW
LPD temperature measurement 		    		:     28 C
FPD temperature measurement (REMOTE)  		    	:     29 C
PL temperature    					:     30 C
1775668102
SOM total power                                         :     4930 mW
LPD temperature measurement 		    		:     30 C
FPD temperature measurement (REMOTE)  		    	:     28 C
PL temperature    					:     30 C
1775668103
SOM total power                                         :     4900 mW
LPD temperature measurement 		    		:     30 C
FPD temperature measurement (REMOTE)  		    	:     29 C
PL temperature    					:     28 C
1775668104
SOM total power                                         :     4950 mW
LPD temperature measurement 		    		:     29 C
FPD temperature measurement (REMOTE)  		    	:     30 C
PL temperature    					:     30 C
1775668106
SOM total power                                         :     4970 mW
LPD temperature measurement 		    		:     29 C
FPD temperature measurement (REMOTE)  		    	:     29 C
PL temperature    					:     29 C
1775668107
SOM total power                                         :     4910 mW
LPD temperature measurement 		    		:     30 C
FPD temperature measurement (REMOTE)  		    	:     29 C
PL temperature    					:     30 C
1775668109
SOM total power                                         :     5020 mW
LPD temperature measurement 		    		:     30 C
FPD temperature measurement (REMOTE)  		    	:     29 C
PL temperature    					:     30 C
1775668110
SOM total power                                         :     5090 mW
LPD temperature measurement 		    		:     31 C
FPD temperature measurement (REMOTE)  		    	:     30 C
PL temperature    					:     29 C
1775668112
SOM total power                                         :     5050 mW
LPD temperature measurement 		    		:     31 C
FPD temperature measurement (REMOTE)  		    	:     29 C
PL temperature    					:     27 C
1775668113
SOM total power                                         :     4960 mW
LPD temperature measurement 		    		:     30 C
FPD temperature measurement (REMOTE)  		    	:     30 C
PL temperature    					:     30 C
1775668114
SOM total power                                         :     5050 mW
LPD temperature measurement 		    		:     31 C
FPD temperature measurement (REMOTE)  		    	:     30 C
PL temperature    					:     29 C
1775668116
SOM total power                                         :     4910 mW
LPD temperature measurement 		    		:     30 C
FPD temperature measurement (REMOTE)  		    	:     30 C
PL temperature    					:     30 C
1775668117
SOM total power                                         :     4950 mW
LPD temperature measurement 		    		:     30 C
FPD temperature measurement (REMOTE)  		    	:     29 C
PL temperature    					:     29 C
1775668119
SOM total power                                         :     5520 mW
LPD temperature measurement 		    		:     31 C
FPD temperature measurement (REMOTE)  		    	:     29 C
PL temperature    					:     31 C
1775668120
SOM total power                                         :     5080 mW
LPD temperature measurement 		    		:     30 C
FPD temperature measurement (REMOTE)  		    	:     30 C
PL temperature    					:     29 C
1775668121
SOM total power                                         :     5160 mW
LPD temperature measurement 		    		:     29 C
FPD temperature measurement (REMOTE)  		    	:     29 C
PL temperature    					:     30 C
1775668123
SOM total power                                         :     5060 mW
LPD temperature measurement 		    		:     30 C
FPD temperature measurement (REMOTE)  		    	:     30 C
PL temperature    					:     29 C
1775668124
SOM total power                                         :     5030 mW
LPD temperature measurement 		    		:     30 C
FPD temperature measurement (REMOTE)  		    	:     29 C
PL temperature    					:     29 C
1775668126
SOM total power                                         :     5930 mW
LPD temperature measurement 		    		:     30 C
FPD temperature measurement (REMOTE)  		    	:     29 C
PL temperature    					:     29 C
1775668127
SOM total power                                         :     5060 mW
LPD temperature measurement 		    		:     30 C
FPD temperature measurement (REMOTE)  		    	:     29 C
PL temperature    					:     30 C
1775668129
SOM total power                                         :     4930 mW
LPD temperature measurement 		    		:     30 C
FPD temperature measurement (REMOTE)  		    	:     29 C
PL temperature    					:     30 C
1775668130
SOM total power                                         :     5030 mW
LPD temperature measurement 		    		:     30 C
FPD temperature measurement (REMOTE)  		    	:     29 C
PL temperature    					:     28 C
1775668131
SOM total power                                         :     5020 mW
LPD temperature measurement 		    		:     30 C
FPD temperature measurement (REMOTE)  		    	:     29 C
PL temperature    					:     29 C
1775668133
SOM total power                                         :     5060 mW
LPD temperature measurement 		    		:     31 C
FPD temperature measurement (REMOTE)  		    	:     29 C
PL temperature    					:     29 C
1775668134
SOM total power                                         :     4870 mW
LPD temperature measurement 		    		:     30 C
FPD temperature measurement (REMOTE)  		    	:     30 C
PL temperature    					:     30 C
1775668136
SOM total power                                         :     4880 mW
LPD temperature measurement 		    		:     30 C
FPD temperature measurement (REMOTE)  		    	:     29 C
PL temperature    					:     29 C
1775668137
SOM total power                                         :     4930 mW
LPD temperature measurement 		    		:     30 C
FPD temperature measurement (REMOTE)  		    	:     29 C
PL temperature    					:     29 C
1775668139
SOM total power                                         :     5140 mW
LPD temperature measurement 		    		:     30 C
FPD temperature measurement (REMOTE)  		    	:     30 C
PL temperature    					:     30 C
1775668140
SOM total power                                         :     4960 mW
LPD temperature measurement 		    		:     31 C
FPD temperature measurement (REMOTE)  		    	:     30 C
PL temperature    					:     28 C
1775668141
SOM total power                                         :     4990 mW
LPD temperature measurement 		    		:     29 C
FPD temperature measurement (REMOTE)  		    	:     30 C
PL temperature    					:     29 C
1775668143
SOM total power                                         :     4990 mW
LPD temperature measurement 		    		:     31 C
FPD temperature measurement (REMOTE)  		    	:     29 C
PL temperature    					:     30 C
1775668144
SOM total power                                         :     4950 mW
LPD temperature measurement 		    		:     30 C
FPD temperature measurement (REMOTE)  		    	:     29 C
PL temperature    					:     28 C
1775668146
SOM total power                                         :     4990 mW
LPD temperature measurement 		    		:     31 C
FPD temperature measurement (REMOTE)  		    	:     31 C
PL temperature    					:     29 C
1775668147
SOM total power                                         :     4830 mW
LPD temperature measurement 		    		:     30 C
FPD temperature measurement (REMOTE)  		    	:     29 C
PL temperature    					:     29 C
1775668149
SOM total power                                         :     5000 mW
LPD temperature measurement 		    		:     30 C
FPD temperature measurement (REMOTE)  		    	:     28 C
PL temperature    					:     29 C
1775668150
SOM total power                                         :     4960 mW
LPD temperature measurement 		    		:     30 C
FPD temperature measurement (REMOTE)  		    	:     29 C
PL temperature    					:     30 C
1775668152
SOM total power                                         :     5070 mW
LPD temperature measurement 		    		:     30 C
FPD temperature measurement (REMOTE)  		    	:     29 C
PL temperature    					:     30 C
1775668153
SOM total power                                         :     5180 mW
LPD temperature measurement 		    		:     32 C
FPD temperature measurement (REMOTE)  		    	:     30 C
PL temperature    					:     29 C
1775668154
SOM total power                                         :     5040 mW
LPD temperature measurement 		    		:     30 C
FPD temperature measurement (REMOTE)  		    	:     29 C
PL temperature    					:     29 C
1775668156
SOM total power                                         :     5040 mW
LPD temperature measurement 		    		:     30 C
FPD temperature measurement (REMOTE)  		    	:     31 C
PL temperature    					:     29 C
1775668157
SOM total power                                         :     5000 mW
LPD temperature measurement 		    		:     32 C
FPD temperature measurement (REMOTE)  		    	:     29 C
PL temperature    					:     29 C
1775668159
SOM total power                                         :     4920 mW
LPD temperature measurement 		    		:     30 C
FPD temperature measurement (REMOTE)  		    	:     29 C
PL temperature    					:     29 C
1775668160
SOM total power                                         :     4970 mW
LPD temperature measurement 		    		:     31 C
FPD temperature measurement (REMOTE)  		    	:     30 C
PL temperature    					:     29 C
1775668162
SOM total power                                         :     5070 mW
LPD temperature measurement 		    		:     29 C
FPD temperature measurement (REMOTE)  		    	:     28 C
PL temperature    					:     29 C
1775668163
SOM total power                                         :     4900 mW
LPD temperature measurement 		    		:     29 C
FPD temperature measurement (REMOTE)  		    	:     29 C
PL temperature    					:     29 C
1775668164
SOM total power                                         :     4940 mW
LPD temperature measurement 		    		:     30 C
FPD temperature measurement (REMOTE)  		    	:     30 C
PL temperature    					:     29 C
1775668166
SOM total power                                         :     4940 mW
LPD temperature measurement 		    		:     30 C
FPD temperature measurement (REMOTE)  		    	:     29 C
PL temperature    					:     29 C
1775668167
SOM total power                                         :     5150 mW
LPD temperature measurement 		    		:     31 C
FPD temperature measurement (REMOTE)  		    	:     28 C
PL temperature    					:     30 C
1775668169
SOM total power                                         :     4970 mW
LPD temperature measurement 		    		:     29 C
FPD temperature measurement (REMOTE)  		    	:     29 C
PL temperature    					:     29 C
1775668170
SOM total power                                         :     4930 mW
LPD temperature measurement 		    		:     30 C
FPD temperature measurement (REMOTE)  		    	:     30 C
PL temperature    					:     28 C
1775668171
SOM total power                                         :     5020 mW
LPD temperature measurement 		    		:     31 C
FPD temperature measurement (REMOTE)  		    	:     29 C
PL temperature    					:     30 C
1775668173
SOM total power                                         :     5040 mW
LPD temperature measurement 		    		:     31 C
FPD temperature measurement (REMOTE)  		    	:     28 C
PL temperature    					:     29 C
1775668174
SOM total power                                         :     5160 mW
LPD temperature measurement 		    		:     31 C
FPD temperature measurement (REMOTE)  		    	:     29 C
PL temperature    					:     28 C
1775668176
SOM total power                                         :     5000 mW
LPD temperature measurement 		    		:     31 C
FPD temperature measurement (REMOTE)  		    	:     29 C
PL temperature    					:     29 C
1775668177
SOM total power                                         :     4910 mW
LPD temperature measurement 		    		:     30 C
FPD temperature measurement (REMOTE)  		    	:     30 C
PL temperature    					:     31 C
1775668178
SOM total power                                         :     5060 mW
LPD temperature measurement 		    		:     29 C
FPD temperature measurement (REMOTE)  		    	:     29 C
PL temperature    					:     31 C
1775668180
SOM total power                                         :     5020 mW
LPD temperature measurement 		    		:     31 C
FPD temperature measurement (REMOTE)  		    	:     30 C
PL temperature    					:     29 C
1775668181
SOM total power                                         :     4900 mW
LPD temperature measurement 		    		:     30 C
FPD temperature measurement (REMOTE)  		    	:     28 C
PL temperature    					:     30 C
1775668183
SOM total power                                         :     5050 mW
LPD temperature measurement 		    		:     30 C
FPD temperature measurement (REMOTE)  		    	:     30 C
PL temperature    					:     29 C
1775668184
SOM total power                                         :     5040 mW
LPD temperature measurement 		    		:     30 C
FPD temperature measurement (REMOTE)  		    	:     29 C
PL temperature    					:     29 C
1775668186
SOM total power                                         :     4980 mW
LPD temperature measurement 		    		:     30 C
FPD temperature measurement (REMOTE)  		    	:     29 C
PL temperature    					:     30 C
1775668187
SOM total power                                         :     4950 mW
LPD temperature measurement 		    		:     31 C
FPD temperature measurement (REMOTE)  		    	:     31 C
PL temperature    					:     29 C
1775668188
SOM total power                                         :     5020 mW
LPD temperature measurement 		    		:     30 C
FPD temperature measurement (REMOTE)  		    	:     29 C
PL temperature    					:     29 C
1775668190
SOM total power                                         :     5090 mW
LPD temperature measurement 		    		:     31 C
FPD temperature measurement (REMOTE)  		    	:     29 C
PL temperature    					:     29 C
1775668191
SOM total power                                         :     5110 mW
LPD temperature measurement 		    		:     30 C
FPD temperature measurement (REMOTE)  		    	:     29 C
PL temperature    					:     30 C
1775668192
SOM total power                                         :     5070 mW
LPD temperature measurement 		    		:     30 C
FPD temperature measurement (REMOTE)  		    	:     30 C
PL temperature    					:     28 C
1775668194
SOM total power                                         :     5000 mW
LPD temperature measurement 		    		:     30 C
FPD temperature measurement (REMOTE)  		    	:     29 C
PL temperature    					:     28 C
1775668195
SOM total power                                         :     4950 mW
LPD temperature measurement 		    		:     30 C
FPD temperature measurement (REMOTE)  		    	:     29 C
PL temperature    					:     29 C
1775668197
SOM total power                                         :     5040 mW
LPD temperature measurement 		    		:     31 C
FPD temperature measurement (REMOTE)  		    	:     29 C
PL temperature    					:     30 C
1775668198
SOM total power                                         :     5010 mW
LPD temperature measurement 		    		:     30 C
FPD temperature measurement (REMOTE)  		    	:     30 C
PL temperature    					:     29 C
1775668199
SOM total power                                         :     4870 mW
LPD temperature measurement 		    		:     30 C
FPD temperature measurement (REMOTE)  		    	:     29 C
PL temperature    					:     29 C
1775668201
SOM total power                                         :     5070 mW
LPD temperature measurement 		    		:     32 C
FPD temperature measurement (REMOTE)  		    	:     30 C
PL temperature    					:     29 C
1775668202
SOM total power                                         :     4980 mW
LPD temperature measurement 		    		:     30 C
FPD temperature measurement (REMOTE)  		    	:     30 C
PL temperature    					:     30 C
1775668204
SOM total power                                         :     5000 mW
LPD temperature measurement 		    		:     30 C
FPD temperature measurement (REMOTE)  		    	:     29 C
PL temperature    					:     30 C
1775668205
SOM total power                                         :     5030 mW
LPD temperature measurement 		    		:     30 C
FPD temperature measurement (REMOTE)  		    	:     30 C
PL temperature    					:     29 C
1775668207
