1775669217
SOM total power                                         :     5490 mW
LPD temperature measurement 		    		:     29 C
FPD temperature measurement (REMOTE)  		    	:     29 C
PL temperature    					:     28 C
1775669219
SOM total power                                         :     5180 mW
LPD temperature measurement 		    		:     31 C
FPD temperature measurement (REMOTE)  		    	:     29 C
PL temperature    					:     28 C
1775669220
SOM total power                                         :     5850 mW
LPD temperature measurement 		    		:     29 C
FPD temperature measurement (REMOTE)  		    	:     28 C
PL temperature    					:     28 C
1775669222
SOM total power                                         :     5790 mW
LPD temperature measurement 		    		:     29 C
FPD temperature measurement (REMOTE)  		    	:     29 C
PL temperature    					:     27 C
1775669223
SOM total power                                         :     5380 mW
LPD temperature measurement 		    		:     29 C
FPD temperature measurement (REMOTE)  		    	:     28 C
PL temperature    					:     28 C
1775669225
SOM total power                                         :     5810 mW
LPD temperature measurement 		    		:     30 C
FPD temperature measurement (REMOTE)  		    	:     29 C
PL temperature    					:     28 C
1775669226
SOM total power                                         :     5670 mW
LPD temperature measurement 		    		:     29 C
FPD temperature measurement (REMOTE)  		    	:     29 C
PL temperature    					:     28 C
1775669228
SOM total power                                         :     5930 mW
LPD temperature measurement 		    		:     30 C
FPD temperature measurement (REMOTE)  		    	:     29 C
PL temperature    					:     28 C
1775669229
SOM total power                                         :     5740 mW
LPD temperature measurement 		    		:     30 C
FPD temperature measurement (REMOTE)  		    	:     29 C
PL temperature    					:     30 C
1775669231
SOM total power                                         :     5760 mW
LPD temperature measurement 		    		:     29 C
FPD temperature measurement (REMOTE)  		    	:     29 C
PL temperature    					:     28 C
1775669232
SOM total power                                         :     5390 mW
LPD temperature measurement 		    		:     31 C
FPD temperature measurement (REMOTE)  		    	:     29 C
PL temperature    					:     27 C
1775669234
SOM total power                                         :     5560 mW
LPD temperature measurement 		    		:     30 C
FPD temperature measurement (REMOTE)  		    	:     28 C
PL temperature    					:     29 C
1775669236
SOM total power                                         :     5880 mW
LPD temperature measurement 		    		:     30 C
FPD temperature measurement (REMOTE)  		    	:     29 C
PL temperature    					:     29 C
1775669237
SOM total power                                         :     6030 mW
LPD temperature measurement 		    		:     30 C
FPD temperature measurement (REMOTE)  		    	:     29 C
PL temperature    					:     29 C
1775669239
SOM total power                                         :     5760 mW
LPD temperature measurement 		    		:     31 C
FPD temperature measurement (REMOTE)  		    	:     29 C
PL temperature    					:     29 C
1775669240
SOM total power                                         :     6190 mW
LPD temperature measurement 		    		:     30 C
FPD temperature measurement (REMOTE)  		    	:     30 C
PL temperature    					:     30 C
1775669242
SOM total power                                         :     5970 mW
LPD temperature measurement 		    		:     29 C
FPD temperature measurement (REMOTE)  		    	:     30 C
PL temperature    					:     29 C
1775669244
SOM total power                                         :     6040 mW
LPD temperature measurement 		    		:     30 C
FPD temperature measurement (REMOTE)  		    	:     30 C
PL temperature    					:     29 C
1775669245
SOM total power                                         :     7170 mW
LPD temperature measurement 		    		:     30 C
FPD temperature measurement (REMOTE)  		    	:     29 C
PL temperature    					:     29 C
1775669247
SOM total power                                         :     5740 mW
LPD temperature measurement 		    		:     30 C
FPD temperature measurement (REMOTE)  		    	:     30 C
PL temperature    					:     29 C
1775669248
SOM total power                                         :     6020 mW
LPD temperature measurement 		    		:     31 C
FPD temperature measurement (REMOTE)  		    	:     28 C
PL temperature    					:     28 C
1775669250
SOM total power                                         :     6050 mW
LPD temperature measurement 		    		:     30 C
FPD temperature measurement (REMOTE)  		    	:     30 C
PL temperature    					:     29 C
1775669251
SOM total power                                         :     5780 mW
LPD temperature measurement 		    		:     31 C
FPD temperature measurement (REMOTE)  		    	:     30 C
PL temperature    					:     28 C
1775669253
SOM total power                                         :     5820 mW
LPD temperature measurement 		    		:     30 C
FPD temperature measurement (REMOTE)  		    	:     30 C
PL temperature    					:     29 C
1775669255
SOM total power                                         :     5740 mW
LPD temperature measurement 		    		:     29 C
FPD temperature measurement (REMOTE)  		    	:     30 C
PL temperature    					:     30 C
1775669256
SOM total power                                         :     5990 mW
LPD temperature measurement 		    		:     31 C
FPD temperature measurement (REMOTE)  		    	:     31 C
PL temperature    					:     28 C
1775669258
SOM total power                                         :     6070 mW
LPD temperature measurement 		    		:     31 C
FPD temperature measurement (REMOTE)  		    	:     30 C
PL temperature    					:     29 C
1775669259
SOM total power                                         :     6010 mW
LPD temperature measurement 		    		:     31 C
FPD temperature measurement (REMOTE)  		    	:     29 C
PL temperature    					:     29 C
1775669261
SOM total power                                         :     5760 mW
LPD temperature measurement 		    		:     29 C
FPD temperature measurement (REMOTE)  		    	:     29 C
PL temperature    					:     29 C
1775669263
SOM total power                                         :     6040 mW
LPD temperature measurement 		    		:     32 C
FPD temperature measurement (REMOTE)  		    	:     30 C
PL temperature    					:     29 C
1775669264
SOM total power                                         :     5770 mW
LPD temperature measurement 		    		:     32 C
FPD temperature measurement (REMOTE)  		    	:     31 C
PL temperature    					:     28 C
1775669266
SOM total power                                         :     6120 mW
LPD temperature measurement 		    		:     32 C
FPD temperature measurement (REMOTE)  		    	:     31 C
PL temperature    					:     29 C
1775669267
SOM total power                                         :     5870 mW
LPD temperature measurement 		    		:     30 C
FPD temperature measurement (REMOTE)  		    	:     31 C
PL temperature    					:     29 C
1775669269
SOM total power                                         :     5920 mW
LPD temperature measurement 		    		:     30 C
FPD temperature measurement (REMOTE)  		    	:     29 C
PL temperature    					:     29 C
1775669270
SOM total power                                         :     5890 mW
LPD temperature measurement 		    		:     31 C
FPD temperature measurement (REMOTE)  		    	:     30 C
PL temperature    					:     29 C
1775669272
SOM total power                                         :     6050 mW
LPD temperature measurement 		    		:     31 C
FPD temperature measurement (REMOTE)  		    	:     29 C
PL temperature    					:     27 C
1775669274
SOM total power                                         :     6070 mW
LPD temperature measurement 		    		:     31 C
FPD temperature measurement (REMOTE)  		    	:     31 C
PL temperature    					:     30 C
1775669275
SOM total power                                         :     6080 mW
LPD temperature measurement 		    		:     31 C
FPD temperature measurement (REMOTE)  		    	:     30 C
PL temperature    					:     30 C
1775669276
SOM total power                                         :     5930 mW
LPD temperature measurement 		    		:     32 C
FPD temperature measurement (REMOTE)  		    	:     30 C
PL temperature    					:     29 C
1775669278
SOM total power                                         :     6040 mW
LPD temperature measurement 		    		:     31 C
FPD temperature measurement (REMOTE)  		    	:     29 C
PL temperature    					:     29 C
1775669280
SOM total power                                         :     6170 mW
LPD temperature measurement 		    		:     30 C
FPD temperature measurement (REMOTE)  		    	:     31 C
PL temperature    					:     28 C
1775669281
SOM total power                                         :     5970 mW
LPD temperature measurement 		    		:     31 C
FPD temperature measurement (REMOTE)  		    	:     30 C
PL temperature    					:     31 C
1775669283
SOM total power                                         :     6020 mW
LPD temperature measurement 		    		:     32 C
FPD temperature measurement (REMOTE)  		    	:     29 C
PL temperature    					:     30 C
1775669284
SOM total power                                         :     6000 mW
LPD temperature measurement 		    		:     31 C
FPD temperature measurement (REMOTE)  		    	:     29 C
PL temperature    					:     29 C
1775669286
SOM total power                                         :     6210 mW
LPD temperature measurement 		    		:     30 C
FPD temperature measurement (REMOTE)  		    	:     30 C
PL temperature    					:     29 C
1775669288
SOM total power                                         :     6000 mW
LPD temperature measurement 		    		:     32 C
FPD temperature measurement (REMOTE)  		    	:     30 C
PL temperature    					:     29 C
1775669289
SOM total power                                         :     5960 mW
LPD temperature measurement 		    		:     30 C
FPD temperature measurement (REMOTE)  		    	:     31 C
PL temperature    					:     29 C
1775669291
SOM total power                                         :     6060 mW
LPD temperature measurement 		    		:     30 C
FPD temperature measurement (REMOTE)  		    	:     30 C
PL temperature    					:     29 C
1775669292
SOM total power                                         :     6050 mW
LPD temperature measurement 		    		:     31 C
FPD temperature measurement (REMOTE)  		    	:     31 C
PL temperature    					:     30 C
1775669294
SOM total power                                         :     6120 mW
LPD temperature measurement 		    		:     30 C
FPD temperature measurement (REMOTE)  		    	:     31 C
PL temperature    					:     29 C
1775669296
SOM total power                                         :     6100 mW
LPD temperature measurement 		    		:     30 C
FPD temperature measurement (REMOTE)  		    	:     30 C
PL temperature    					:     29 C
1775669297
SOM total power                                         :     6060 mW
LPD temperature measurement 		    		:     31 C
FPD temperature measurement (REMOTE)  		    	:     30 C
PL temperature    					:     29 C
1775669299
SOM total power                                         :     6050 mW
LPD temperature measurement 		    		:     30 C
FPD temperature measurement (REMOTE)  		    	:     30 C
PL temperature    					:     28 C
1775669300
SOM total power                                         :     6060 mW
LPD temperature measurement 		    		:     32 C
FPD temperature measurement (REMOTE)  		    	:     30 C
PL temperature    					:     30 C
1775669302
SOM total power                                         :     6210 mW
LPD temperature measurement 		    		:     32 C
FPD temperature measurement (REMOTE)  		    	:     31 C
PL temperature    					:     30 C
1775669304
SOM total power                                         :     5920 mW
LPD temperature measurement 		    		:     31 C
FPD temperature measurement (REMOTE)  		    	:     30 C
PL temperature    					:     30 C
1775669305
SOM total power                                         :     6070 mW
LPD temperature measurement 		    		:     30 C
FPD temperature measurement (REMOTE)  		    	:     31 C
PL temperature    					:     28 C
1775669307
SOM total power                                         :     5950 mW
LPD temperature measurement 		    		:     32 C
FPD temperature measurement (REMOTE)  		    	:     31 C
PL temperature    					:     30 C
1775669308
SOM total power                                         :     6060 mW
LPD temperature measurement 		    		:     31 C
FPD temperature measurement (REMOTE)  		    	:     31 C
PL temperature    					:     29 C
1775669310
SOM total power                                         :     6070 mW
LPD temperature measurement 		    		:     30 C
FPD temperature measurement (REMOTE)  		    	:     30 C
PL temperature    					:     30 C
1775669311
SOM total power                                         :     6060 mW
LPD temperature measurement 		    		:     31 C
FPD temperature measurement (REMOTE)  		    	:     29 C
PL temperature    					:     31 C
1775669313
SOM total power                                         :     6220 mW
LPD temperature measurement 		    		:     31 C
FPD temperature measurement (REMOTE)  		    	:     32 C
PL temperature    					:     29 C
1775669314
SOM total power                                         :     6160 mW
LPD temperature measurement 		    		:     32 C
FPD temperature measurement (REMOTE)  		    	:     31 C
PL temperature    					:     30 C
1775669316
SOM total power                                         :     6070 mW
LPD temperature measurement 		    		:     32 C
FPD temperature measurement (REMOTE)  		    	:     29 C
PL temperature    					:     29 C
1775669317
SOM total power                                         :     6060 mW
LPD temperature measurement 		    		:     30 C
FPD temperature measurement (REMOTE)  		    	:     30 C
PL temperature    					:     29 C
1775669319
SOM total power                                         :     6090 mW
LPD temperature measurement 		    		:     30 C
FPD temperature measurement (REMOTE)  		    	:     31 C
PL temperature    					:     31 C
1775669321
SOM total power                                         :     5980 mW
LPD temperature measurement 		    		:     31 C
FPD temperature measurement (REMOTE)  		    	:     30 C
PL temperature    					:     30 C
1775669322
SOM total power                                         :     6050 mW
LPD temperature measurement 		    		:     31 C
FPD temperature measurement (REMOTE)  		    	:     29 C
PL temperature    					:     29 C
1775669324
SOM total power                                         :     6140 mW
LPD temperature measurement 		    		:     32 C
FPD temperature measurement (REMOTE)  		    	:     32 C
PL temperature    					:     30 C
1775669326
SOM total power                                         :     6050 mW
LPD temperature measurement 		    		:     31 C
FPD temperature measurement (REMOTE)  		    	:     31 C
PL temperature    					:     30 C
1775669327
SOM total power                                         :     6070 mW
LPD temperature measurement 		    		:     32 C
FPD temperature measurement (REMOTE)  		    	:     30 C
PL temperature    					:     29 C
1775669329
SOM total power                                         :     6070 mW
LPD temperature measurement 		    		:     30 C
FPD temperature measurement (REMOTE)  		    	:     30 C
PL temperature    					:     30 C
1775669330
SOM total power                                         :     5890 mW
LPD temperature measurement 		    		:     31 C
FPD temperature measurement (REMOTE)  		    	:     30 C
PL temperature    					:     29 C
1775669332
SOM total power                                         :     6040 mW
LPD temperature measurement 		    		:     31 C
FPD temperature measurement (REMOTE)  		    	:     30 C
PL temperature    					:     30 C
1775669334
SOM total power                                         :     6060 mW
LPD temperature measurement 		    		:     32 C
FPD temperature measurement (REMOTE)  		    	:     30 C
PL temperature    					:     30 C
1775669335
SOM total power                                         :     6180 mW
LPD temperature measurement 		    		:     30 C
FPD temperature measurement (REMOTE)  		    	:     30 C
PL temperature    					:     30 C
1775669337
SOM total power                                         :     6070 mW
LPD temperature measurement 		    		:     32 C
FPD temperature measurement (REMOTE)  		    	:     29 C
PL temperature    					:     31 C
1775669338
SOM total power                                         :     6220 mW
LPD temperature measurement 		    		:     31 C
FPD temperature measurement (REMOTE)  		    	:     30 C
PL temperature    					:     29 C
1775669340
SOM total power                                         :     5770 mW
LPD temperature measurement 		    		:     31 C
FPD temperature measurement (REMOTE)  		    	:     31 C
PL temperature    					:     29 C
1775669342
SOM total power                                         :     6240 mW
LPD temperature measurement 		    		:     32 C
FPD temperature measurement (REMOTE)  		    	:     32 C
PL temperature    					:     31 C
1775669343
SOM total power                                         :     6050 mW
LPD temperature measurement 		    		:     32 C
FPD temperature measurement (REMOTE)  		    	:     30 C
PL temperature    					:     30 C
1775669345
SOM total power                                         :     6060 mW
LPD temperature measurement 		    		:     31 C
FPD temperature measurement (REMOTE)  		    	:     30 C
PL temperature    					:     29 C
1775669347
SOM total power                                         :     5870 mW
LPD temperature measurement 		    		:     30 C
FPD temperature measurement (REMOTE)  		    	:     29 C
PL temperature    					:     31 C
1775669348
SOM total power                                         :     5870 mW
LPD temperature measurement 		    		:     31 C
FPD temperature measurement (REMOTE)  		    	:     31 C
PL temperature    					:     29 C
1775669350
SOM total power                                         :     6120 mW
LPD temperature measurement 		    		:     31 C
FPD temperature measurement (REMOTE)  		    	:     30 C
PL temperature    					:     30 C
1775669351
SOM total power                                         :     6060 mW
LPD temperature measurement 		    		:     31 C
FPD temperature measurement (REMOTE)  		    	:     31 C
PL temperature    					:     29 C
1775669353
SOM total power                                         :     6030 mW
LPD temperature measurement 		    		:     31 C
FPD temperature measurement (REMOTE)  		    	:     30 C
PL temperature    					:     29 C
1775669354
SOM total power                                         :     5870 mW
LPD temperature measurement 		    		:     30 C
FPD temperature measurement (REMOTE)  		    	:     30 C
PL temperature    					:     29 C
1775669356
SOM total power                                         :     6060 mW
LPD temperature measurement 		    		:     31 C
FPD temperature measurement (REMOTE)  		    	:     29 C
PL temperature    					:     29 C
1775669357
SOM total power                                         :     5920 mW
LPD temperature measurement 		    		:     32 C
FPD temperature measurement (REMOTE)  		    	:     31 C
PL temperature    					:     30 C
1775669359
SOM total power                                         :     6040 mW
LPD temperature measurement 		    		:     31 C
FPD temperature measurement (REMOTE)  		    	:     29 C
PL temperature    					:     29 C
1775669361
SOM total power                                         :     5760 mW
LPD temperature measurement 		    		:     32 C
FPD temperature measurement (REMOTE)  		    	:     31 C
PL temperature    					:     30 C
1775669362
SOM total power                                         :     5810 mW
LPD temperature measurement 		    		:     31 C
FPD temperature measurement (REMOTE)  		    	:     31 C
PL temperature    					:     29 C
1775669364
SOM total power                                         :     6000 mW
LPD temperature measurement 		    		:     31 C
FPD temperature measurement (REMOTE)  		    	:     31 C
PL temperature    					:     29 C
1775669365
SOM total power                                         :     6070 mW
LPD temperature measurement 		    		:     31 C
FPD temperature measurement (REMOTE)  		    	:     30 C
PL temperature    					:     30 C
1775669367
SOM total power                                         :     5990 mW
LPD temperature measurement 		    		:     31 C
FPD temperature measurement (REMOTE)  		    	:     31 C
PL temperature    					:     29 C
1775669368
SOM total power                                         :     6080 mW
LPD temperature measurement 		    		:     31 C
FPD temperature measurement (REMOTE)  		    	:     30 C
PL temperature    					:     30 C
1775669370
SOM total power                                         :     6070 mW
LPD temperature measurement 		    		:     31 C
FPD temperature measurement (REMOTE)  		    	:     29 C
PL temperature    					:     30 C
1775669371
SOM total power                                         :     6030 mW
LPD temperature measurement 		    		:     30 C
FPD temperature measurement (REMOTE)  		    	:     30 C
PL temperature    					:     30 C
1775669373
SOM total power                                         :     5990 mW
LPD temperature measurement 		    		:     30 C
FPD temperature measurement (REMOTE)  		    	:     30 C
PL temperature    					:     28 C
1775669375
SOM total power                                         :     6100 mW
LPD temperature measurement 		    		:     31 C
FPD temperature measurement (REMOTE)  		    	:     31 C
PL temperature    					:     30 C
1775669376
SOM total power                                         :     6070 mW
LPD temperature measurement 		    		:     31 C
FPD temperature measurement (REMOTE)  		    	:     30 C
PL temperature    					:     28 C
1775669378
SOM total power                                         :     6070 mW
LPD temperature measurement 		    		:     31 C
FPD temperature measurement (REMOTE)  		    	:     31 C
PL temperature    					:     29 C
1775669379
SOM total power                                         :     6030 mW
LPD temperature measurement 		    		:     30 C
FPD temperature measurement (REMOTE)  		    	:     30 C
PL temperature    					:     30 C
1775669381
SOM total power                                         :     6060 mW
LPD temperature measurement 		    		:     32 C
FPD temperature measurement (REMOTE)  		    	:     30 C
PL temperature    					:     30 C
1775669382
SOM total power                                         :     5980 mW
LPD temperature measurement 		    		:     30 C
FPD temperature measurement (REMOTE)  		    	:     30 C
PL temperature    					:     30 C
1775669384
SOM total power                                         :     5980 mW
LPD temperature measurement 		    		:     31 C
FPD temperature measurement (REMOTE)  		    	:     29 C
PL temperature    					:     30 C
1775669385
SOM total power                                         :     6080 mW
LPD temperature measurement 		    		:     30 C
FPD temperature measurement (REMOTE)  		    	:     30 C
PL temperature    					:     30 C
1775669387
SOM total power                                         :     6040 mW
LPD temperature measurement 		    		:     33 C
FPD temperature measurement (REMOTE)  		    	:     31 C
PL temperature    					:     31 C
1775669388
SOM total power                                         :     6030 mW
LPD temperature measurement 		    		:     32 C
FPD temperature measurement (REMOTE)  		    	:     32 C
PL temperature    					:     29 C
1775669390
SOM total power                                         :     5910 mW
LPD temperature measurement 		    		:     31 C
FPD temperature measurement (REMOTE)  		    	:     31 C
PL temperature    					:     31 C
1775669392
SOM total power                                         :     6070 mW
LPD temperature measurement 		    		:     31 C
FPD temperature measurement (REMOTE)  		    	:     30 C
PL temperature    					:     30 C
1775669393
SOM total power                                         :     6050 mW
LPD temperature measurement 		    		:     32 C
FPD temperature measurement (REMOTE)  		    	:     31 C
PL temperature    					:     31 C
1775669395
SOM total power                                         :     5800 mW
LPD temperature measurement 		    		:     32 C
FPD temperature measurement (REMOTE)  		    	:     29 C
PL temperature    					:     30 C
1775669396
SOM total power                                         :     6060 mW
LPD temperature measurement 		    		:     30 C
FPD temperature measurement (REMOTE)  		    	:     29 C
PL temperature    					:     30 C
1775669398
SOM total power                                         :     5760 mW
LPD temperature measurement 		    		:     32 C
FPD temperature measurement (REMOTE)  		    	:     30 C
PL temperature    					:     30 C
1775669400
SOM total power                                         :     6030 mW
LPD temperature measurement 		    		:     32 C
FPD temperature measurement (REMOTE)  		    	:     30 C
PL temperature    					:     29 C
1775669401
SOM total power                                         :     5740 mW
LPD temperature measurement 		    		:     31 C
FPD temperature measurement (REMOTE)  		    	:     32 C
PL temperature    					:     30 C
1775669403
SOM total power                                         :     5870 mW
LPD temperature measurement 		    		:     31 C
FPD temperature measurement (REMOTE)  		    	:     30 C
PL temperature    					:     29 C
1775669405
SOM total power                                         :     6060 mW
LPD temperature measurement 		    		:     31 C
FPD temperature measurement (REMOTE)  		    	:     31 C
PL temperature    					:     29 C
1775669406
SOM total power                                         :     5990 mW
LPD temperature measurement 		    		:     32 C
FPD temperature measurement (REMOTE)  		    	:     31 C
PL temperature    					:     29 C
1775669408
SOM total power                                         :     6070 mW
LPD temperature measurement 		    		:     30 C
FPD temperature measurement (REMOTE)  		    	:     31 C
PL temperature    					:     30 C
1775669409
SOM total power                                         :     6190 mW
LPD temperature measurement 		    		:     31 C
FPD temperature measurement (REMOTE)  		    	:     31 C
PL temperature    					:     29 C
1775669411
SOM total power                                         :     5750 mW
LPD temperature measurement 		    		:     32 C
FPD temperature measurement (REMOTE)  		    	:     30 C
PL temperature    					:     31 C
1775669412
SOM total power                                         :     6080 mW
LPD temperature measurement 		    		:     31 C
FPD temperature measurement (REMOTE)  		    	:     32 C
PL temperature    					:     31 C
1775669414
SOM total power                                         :     6080 mW
LPD temperature measurement 		    		:     31 C
FPD temperature measurement (REMOTE)  		    	:     30 C
PL temperature    					:     29 C
1775669416
SOM total power                                         :     5780 mW
LPD temperature measurement 		    		:     31 C
FPD temperature measurement (REMOTE)  		    	:     31 C
PL temperature    					:     30 C
1775669417
SOM total power                                         :     6510 mW
LPD temperature measurement 		    		:     33 C
FPD temperature measurement (REMOTE)  		    	:     31 C
PL temperature    					:     30 C
1775669419
SOM total power                                         :     6000 mW
LPD temperature measurement 		    		:     32 C
FPD temperature measurement (REMOTE)  		    	:     30 C
PL temperature    					:     30 C
1775669420
SOM total power                                         :     6070 mW
LPD temperature measurement 		    		:     31 C
FPD temperature measurement (REMOTE)  		    	:     31 C
PL temperature    					:     31 C
1775669422
SOM total power                                         :     6070 mW
LPD temperature measurement 		    		:     30 C
FPD temperature measurement (REMOTE)  		    	:     29 C
PL temperature    					:     30 C
1775669423
SOM total power                                         :     6080 mW
LPD temperature measurement 		    		:     30 C
FPD temperature measurement (REMOTE)  		    	:     30 C
PL temperature    					:     30 C
1775669425
SOM total power                                         :     6050 mW
LPD temperature measurement 		    		:     31 C
FPD temperature measurement (REMOTE)  		    	:     31 C
PL temperature    					:     30 C
1775669426
SOM total power                                         :     6020 mW
LPD temperature measurement 		    		:     31 C
FPD temperature measurement (REMOTE)  		    	:     30 C
PL temperature    					:     30 C
1775669428
SOM total power                                         :     5980 mW
LPD temperature measurement 		    		:     32 C
FPD temperature measurement (REMOTE)  		    	:     31 C
PL temperature    					:     30 C
1775669430
SOM total power                                         :     6090 mW
LPD temperature measurement 		    		:     30 C
FPD temperature measurement (REMOTE)  		    	:     30 C
PL temperature    					:     30 C
1775669431
SOM total power                                         :     6030 mW
LPD temperature measurement 		    		:     31 C
FPD temperature measurement (REMOTE)  		    	:     30 C
PL temperature    					:     29 C
1775669433
SOM total power                                         :     6110 mW
LPD temperature measurement 		    		:     31 C
FPD temperature measurement (REMOTE)  		    	:     30 C
PL temperature    					:     29 C
1775669435
SOM total power                                         :     6060 mW
LPD temperature measurement 		    		:     33 C
FPD temperature measurement (REMOTE)  		    	:     31 C
PL temperature    					:     29 C
1775669436
SOM total power                                         :     6190 mW
LPD temperature measurement 		    		:     30 C
FPD temperature measurement (REMOTE)  		    	:     31 C
PL temperature    					:     32 C
1775669438
SOM total power                                         :     5990 mW
LPD temperature measurement 		    		:     31 C
FPD temperature measurement (REMOTE)  		    	:     30 C
PL temperature    					:     30 C
1775669439
SOM total power                                         :     6070 mW
LPD temperature measurement 		    		:     33 C
FPD temperature measurement (REMOTE)  		    	:     31 C
PL temperature    					:     30 C
1775669441
SOM total power                                         :     5970 mW
LPD temperature measurement 		    		:     31 C
FPD temperature measurement (REMOTE)  		    	:     32 C
PL temperature    					:     30 C
1775669442
SOM total power                                         :     6050 mW
LPD temperature measurement 		    		:     32 C
FPD temperature measurement (REMOTE)  		    	:     31 C
PL temperature    					:     30 C
1775669444
SOM total power                                         :     5980 mW
LPD temperature measurement 		    		:     31 C
FPD temperature measurement (REMOTE)  		    	:     30 C
PL temperature    					:     29 C
1775669446
SOM total power                                         :     6020 mW
LPD temperature measurement 		    		:     32 C
FPD temperature measurement (REMOTE)  		    	:     30 C
PL temperature    					:     30 C
1775669447
SOM total power                                         :     6050 mW
LPD temperature measurement 		    		:     30 C
FPD temperature measurement (REMOTE)  		    	:     29 C
PL temperature    					:     31 C
1775669449
SOM total power                                         :     6000 mW
LPD temperature measurement 		    		:     30 C
FPD temperature measurement (REMOTE)  		    	:     30 C
PL temperature    					:     31 C
1775669450
SOM total power                                         :     6050 mW
LPD temperature measurement 		    		:     31 C
FPD temperature measurement (REMOTE)  		    	:     30 C
PL temperature    					:     31 C
1775669452
SOM total power                                         :     6070 mW
LPD temperature measurement 		    		:     32 C
FPD temperature measurement (REMOTE)  		    	:     31 C
PL temperature    					:     30 C
1775669453
SOM total power                                         :     6080 mW
LPD temperature measurement 		    		:     32 C
FPD temperature measurement (REMOTE)  		    	:     30 C
PL temperature    					:     30 C
1775669455
SOM total power                                         :     6110 mW
LPD temperature measurement 		    		:     32 C
FPD temperature measurement (REMOTE)  		    	:     31 C
PL temperature    					:     30 C
1775669457
SOM total power                                         :     6020 mW
LPD temperature measurement 		    		:     31 C
FPD temperature measurement (REMOTE)  		    	:     30 C
PL temperature    					:     29 C
1775669458
SOM total power                                         :     6050 mW
LPD temperature measurement 		    		:     31 C
FPD temperature measurement (REMOTE)  		    	:     30 C
PL temperature    					:     29 C
1775669460
SOM total power                                         :     5970 mW
LPD temperature measurement 		    		:     30 C
FPD temperature measurement (REMOTE)  		    	:     30 C
PL temperature    					:     29 C
1775669461
SOM total power                                         :     5990 mW
LPD temperature measurement 		    		:     30 C
FPD temperature measurement (REMOTE)  		    	:     30 C
PL temperature    					:     30 C
1775669463
SOM total power                                         :     6060 mW
LPD temperature measurement 		    		:     32 C
FPD temperature measurement (REMOTE)  		    	:     31 C
PL temperature    					:     30 C
1775669464
SOM total power                                         :     6090 mW
LPD temperature measurement 		    		:     31 C
FPD temperature measurement (REMOTE)  		    	:     30 C
PL temperature    					:     29 C
1775669466
SOM total power                                         :     6110 mW
LPD temperature measurement 		    		:     32 C
FPD temperature measurement (REMOTE)  		    	:     32 C
PL temperature    					:     30 C
1775669468
SOM total power                                         :     6000 mW
LPD temperature measurement 		    		:     31 C
FPD temperature measurement (REMOTE)  		    	:     30 C
PL temperature    					:     30 C
1775669469
SOM total power                                         :     6170 mW
LPD temperature measurement 		    		:     30 C
FPD temperature measurement (REMOTE)  		    	:     31 C
PL temperature    					:     29 C
1775669471
SOM total power                                         :     6050 mW
LPD temperature measurement 		    		:     30 C
FPD temperature measurement (REMOTE)  		    	:     30 C
PL temperature    					:     29 C
1775669472
SOM total power                                         :     6240 mW
LPD temperature measurement 		    		:     30 C
FPD temperature measurement (REMOTE)  		    	:     31 C
PL temperature    					:     31 C
1775669474
SOM total power                                         :     6010 mW
LPD temperature measurement 		    		:     32 C
FPD temperature measurement (REMOTE)  		    	:     30 C
PL temperature    					:     29 C
1775669476
SOM total power                                         :     5740 mW
LPD temperature measurement 		    		:     32 C
FPD temperature measurement (REMOTE)  		    	:     31 C
PL temperature    					:     31 C
1775669477
SOM total power                                         :     6100 mW
LPD temperature measurement 		    		:     31 C
FPD temperature measurement (REMOTE)  		    	:     29 C
PL temperature    					:     30 C
1775669479
SOM total power                                         :     5780 mW
LPD temperature measurement 		    		:     31 C
FPD temperature measurement (REMOTE)  		    	:     31 C
PL temperature    					:     30 C
1775669480
SOM total power                                         :     6070 mW
LPD temperature measurement 		    		:     31 C
FPD temperature measurement (REMOTE)  		    	:     29 C
PL temperature    					:     30 C
