1775669271
SOM total power                                         :     4400 mW
LPD temperature measurement 		    		:     29 C
FPD temperature measurement (REMOTE)  		    	:     28 C
PL temperature    					:     29 C
1775669272
SOM total power                                         :     4750 mW
LPD temperature measurement 		    		:     29 C
FPD temperature measurement (REMOTE)  		    	:     29 C
PL temperature    					:     30 C
1775669274
SOM total power                                         :     5040 mW
LPD temperature measurement 		    		:     30 C
FPD temperature measurement (REMOTE)  		    	:     30 C
PL temperature    					:     30 C
1775669275
SOM total power                                         :     5040 mW
LPD temperature measurement 		    		:     30 C
FPD temperature measurement (REMOTE)  		    	:     30 C
PL temperature    					:     29 C
1775669276
SOM total power                                         :     5000 mW
LPD temperature measurement 		    		:     30 C
FPD temperature measurement (REMOTE)  		    	:     28 C
PL temperature    					:     30 C
1775669278
SOM total power                                         :     5070 mW
LPD temperature measurement 		    		:     29 C
FPD temperature measurement (REMOTE)  		    	:     28 C
PL temperature    					:     29 C
1775669279
SOM total power                                         :     4800 mW
LPD temperature measurement 		    		:     30 C
FPD temperature measurement (REMOTE)  		    	:     29 C
PL temperature    					:     29 C
1775669281
SOM total power                                         :     4860 mW
LPD temperature measurement 		    		:     30 C
FPD temperature measurement (REMOTE)  		    	:     29 C
PL temperature    					:     29 C
1775669282
SOM total power                                         :     4840 mW
LPD temperature measurement 		    		:     30 C
FPD temperature measurement (REMOTE)  		    	:     29 C
PL temperature    					:     29 C
1775669284
SOM total power                                         :     4940 mW
LPD temperature measurement 		    		:     29 C
FPD temperature measurement (REMOTE)  		    	:     28 C
PL temperature    					:     30 C
1775669285
SOM total power                                         :     5080 mW
LPD temperature measurement 		    		:     30 C
FPD temperature measurement (REMOTE)  		    	:     29 C
PL temperature    					:     28 C
1775669286
SOM total power                                         :     4940 mW
LPD temperature measurement 		    		:     32 C
FPD temperature measurement (REMOTE)  		    	:     31 C
PL temperature    					:     29 C
1775669288
SOM total power                                         :     5020 mW
LPD temperature measurement 		    		:     31 C
FPD temperature measurement (REMOTE)  		    	:     29 C
PL temperature    					:     28 C
1775669289
SOM total power                                         :     5070 mW
LPD temperature measurement 		    		:     30 C
FPD temperature measurement (REMOTE)  		    	:     30 C
PL temperature    					:     30 C
1775669291
SOM total power                                         :     4940 mW
LPD temperature measurement 		    		:     30 C
FPD temperature measurement (REMOTE)  		    	:     28 C
PL temperature    					:     30 C
1775669292
SOM total power                                         :     5000 mW
LPD temperature measurement 		    		:     29 C
FPD temperature measurement (REMOTE)  		    	:     29 C
PL temperature    					:     29 C
1775669293
SOM total power                                         :     5050 mW
LPD temperature measurement 		    		:     29 C
FPD temperature measurement (REMOTE)  		    	:     28 C
PL temperature    					:     29 C
1775669295
SOM total power                                         :     5210 mW
LPD temperature measurement 		    		:     29 C
FPD temperature measurement (REMOTE)  		    	:     29 C
PL temperature    					:     29 C
1775669296
SOM total power                                         :     4970 mW
LPD temperature measurement 		    		:     31 C
FPD temperature measurement (REMOTE)  		    	:     30 C
PL temperature    					:     30 C
1775669298
SOM total power                                         :     5220 mW
LPD temperature measurement 		    		:     30 C
FPD temperature measurement (REMOTE)  		    	:     30 C
PL temperature    					:     30 C
1775669299
SOM total power                                         :     5100 mW
LPD temperature measurement 		    		:     31 C
FPD temperature measurement (REMOTE)  		    	:     30 C
PL temperature    					:     28 C
1775669300
SOM total power                                         :     4990 mW
LPD temperature measurement 		    		:     29 C
FPD temperature measurement (REMOTE)  		    	:     29 C
PL temperature    					:     29 C
1775669302
SOM total power                                         :     4910 mW
LPD temperature measurement 		    		:     30 C
FPD temperature measurement (REMOTE)  		    	:     29 C
PL temperature    					:     29 C
1775669303
SOM total power                                         :     4870 mW
LPD temperature measurement 		    		:     31 C
FPD temperature measurement (REMOTE)  		    	:     30 C
PL temperature    					:     30 C
1775669305
SOM total power                                         :     5010 mW
LPD temperature measurement 		    		:     30 C
FPD temperature measurement (REMOTE)  		    	:     30 C
PL temperature    					:     30 C
1775669306
SOM total power                                         :     5100 mW
LPD temperature measurement 		    		:     30 C
FPD temperature measurement (REMOTE)  		    	:     29 C
PL temperature    					:     29 C
1775669307
SOM total power                                         :     5060 mW
LPD temperature measurement 		    		:     31 C
FPD temperature measurement (REMOTE)  		    	:     29 C
PL temperature    					:     29 C
1775669309
SOM total power                                         :     5130 mW
LPD temperature measurement 		    		:     29 C
FPD temperature measurement (REMOTE)  		    	:     29 C
PL temperature    					:     30 C
1775669310
SOM total power                                         :     5070 mW
LPD temperature measurement 		    		:     29 C
FPD temperature measurement (REMOTE)  		    	:     29 C
PL temperature    					:     30 C
1775669312
SOM total power                                         :     5280 mW
LPD temperature measurement 		    		:     29 C
FPD temperature measurement (REMOTE)  		    	:     28 C
PL temperature    					:     29 C
1775669313
SOM total power                                         :     4970 mW
LPD temperature measurement 		    		:     31 C
FPD temperature measurement (REMOTE)  		    	:     29 C
PL temperature    					:     29 C
1775669314
SOM total power                                         :     5040 mW
LPD temperature measurement 		    		:     31 C
FPD temperature measurement (REMOTE)  		    	:     29 C
PL temperature    					:     30 C
1775669316
SOM total power                                         :     5160 mW
LPD temperature measurement 		    		:     31 C
FPD temperature measurement (REMOTE)  		    	:     30 C
PL temperature    					:     29 C
1775669317
SOM total power                                         :     5180 mW
LPD temperature measurement 		    		:     30 C
FPD temperature measurement (REMOTE)  		    	:     30 C
PL temperature    					:     29 C
1775669318
SOM total power                                         :     5040 mW
LPD temperature measurement 		    		:     30 C
FPD temperature measurement (REMOTE)  		    	:     29 C
PL temperature    					:     29 C
1775669320
SOM total power                                         :     4860 mW
LPD temperature measurement 		    		:     31 C
FPD temperature measurement (REMOTE)  		    	:     29 C
PL temperature    					:     28 C
1775669321
SOM total power                                         :     5090 mW
LPD temperature measurement 		    		:     31 C
FPD temperature measurement (REMOTE)  		    	:     31 C
PL temperature    					:     29 C
1775669323
SOM total power                                         :     5320 mW
LPD temperature measurement 		    		:     30 C
FPD temperature measurement (REMOTE)  		    	:     30 C
PL temperature    					:     30 C
1775669324
SOM total power                                         :     5170 mW
LPD temperature measurement 		    		:     30 C
FPD temperature measurement (REMOTE)  		    	:     30 C
PL temperature    					:     30 C
1775669326
SOM total power                                         :     5080 mW
LPD temperature measurement 		    		:     31 C
FPD temperature measurement (REMOTE)  		    	:     31 C
PL temperature    					:     29 C
1775669327
SOM total power                                         :     5110 mW
LPD temperature measurement 		    		:     32 C
FPD temperature measurement (REMOTE)  		    	:     29 C
PL temperature    					:     30 C
1775669328
SOM total power                                         :     5400 mW
LPD temperature measurement 		    		:     31 C
FPD temperature measurement (REMOTE)  		    	:     29 C
PL temperature    					:     30 C
1775669330
SOM total power                                         :     5070 mW
LPD temperature measurement 		    		:     30 C
FPD temperature measurement (REMOTE)  		    	:     29 C
PL temperature    					:     29 C
1775669331
SOM total power                                         :     4940 mW
LPD temperature measurement 		    		:     31 C
FPD temperature measurement (REMOTE)  		    	:     31 C
PL temperature    					:     30 C
1775669333
SOM total power                                         :     5120 mW
LPD temperature measurement 		    		:     30 C
FPD temperature measurement (REMOTE)  		    	:     30 C
PL temperature    					:     30 C
1775669334
SOM total power                                         :     4930 mW
LPD temperature measurement 		    		:     31 C
FPD temperature measurement (REMOTE)  		    	:     29 C
PL temperature    					:     30 C
1775669335
SOM total power                                         :     4940 mW
LPD temperature measurement 		    		:     32 C
FPD temperature measurement (REMOTE)  		    	:     30 C
PL temperature    					:     29 C
1775669337
SOM total power                                         :     5210 mW
LPD temperature measurement 		    		:     30 C
FPD temperature measurement (REMOTE)  		    	:     30 C
PL temperature    					:     30 C
1775669338
SOM total power                                         :     4860 mW
LPD temperature measurement 		    		:     30 C
FPD temperature measurement (REMOTE)  		    	:     30 C
PL temperature    					:     29 C
1775669340
SOM total power                                         :     5160 mW
LPD temperature measurement 		    		:     30 C
FPD temperature measurement (REMOTE)  		    	:     29 C
PL temperature    					:     30 C
1775669341
SOM total power                                         :     5050 mW
LPD temperature measurement 		    		:     31 C
FPD temperature measurement (REMOTE)  		    	:     30 C
PL temperature    					:     30 C
1775669342
SOM total power                                         :     5110 mW
LPD temperature measurement 		    		:     30 C
FPD temperature measurement (REMOTE)  		    	:     30 C
PL temperature    					:     28 C
1775669344
SOM total power                                         :     4950 mW
LPD temperature measurement 		    		:     31 C
FPD temperature measurement (REMOTE)  		    	:     30 C
PL temperature    					:     29 C
1775669345
SOM total power                                         :     4980 mW
LPD temperature measurement 		    		:     32 C
FPD temperature measurement (REMOTE)  		    	:     29 C
PL temperature    					:     30 C
1775669347
SOM total power                                         :     5090 mW
LPD temperature measurement 		    		:     29 C
FPD temperature measurement (REMOTE)  		    	:     31 C
PL temperature    					:     30 C
1775669348
SOM total power                                         :     5090 mW
LPD temperature measurement 		    		:     31 C
FPD temperature measurement (REMOTE)  		    	:     31 C
PL temperature    					:     30 C
1775669349
SOM total power                                         :     5160 mW
LPD temperature measurement 		    		:     31 C
FPD temperature measurement (REMOTE)  		    	:     29 C
PL temperature    					:     29 C
1775669351
SOM total power                                         :     5130 mW
LPD temperature measurement 		    		:     31 C
FPD temperature measurement (REMOTE)  		    	:     29 C
PL temperature    					:     29 C
1775669352
SOM total power                                         :     5020 mW
LPD temperature measurement 		    		:     32 C
FPD temperature measurement (REMOTE)  		    	:     30 C
PL temperature    					:     31 C
1775669353
SOM total power                                         :     4910 mW
LPD temperature measurement 		    		:     31 C
FPD temperature measurement (REMOTE)  		    	:     29 C
PL temperature    					:     30 C
1775669355
SOM total power                                         :     4930 mW
LPD temperature measurement 		    		:     31 C
FPD temperature measurement (REMOTE)  		    	:     30 C
PL temperature    					:     30 C
1775669356
SOM total power                                         :     4880 mW
LPD temperature measurement 		    		:     31 C
FPD temperature measurement (REMOTE)  		    	:     30 C
PL temperature    					:     28 C
1775669358
SOM total power                                         :     5210 mW
LPD temperature measurement 		    		:     31 C
FPD temperature measurement (REMOTE)  		    	:     29 C
PL temperature    					:     29 C
1775669359
SOM total power                                         :     5040 mW
LPD temperature measurement 		    		:     29 C
FPD temperature measurement (REMOTE)  		    	:     29 C
PL temperature    					:     29 C
1775669361
SOM total power                                         :     4940 mW
LPD temperature measurement 		    		:     30 C
FPD temperature measurement (REMOTE)  		    	:     28 C
PL temperature    					:     30 C
1775669362
SOM total power                                         :     4880 mW
LPD temperature measurement 		    		:     32 C
FPD temperature measurement (REMOTE)  		    	:     29 C
PL temperature    					:     30 C
1775669363
SOM total power                                         :     4900 mW
LPD temperature measurement 		    		:     32 C
FPD temperature measurement (REMOTE)  		    	:     29 C
PL temperature    					:     29 C
1775669365
SOM total power                                         :     5010 mW
LPD temperature measurement 		    		:     30 C
FPD temperature measurement (REMOTE)  		    	:     29 C
PL temperature    					:     29 C
1775669366
SOM total power                                         :     5070 mW
LPD temperature measurement 		    		:     31 C
FPD temperature measurement (REMOTE)  		    	:     30 C
PL temperature    					:     30 C
1775669368
SOM total power                                         :     5120 mW
LPD temperature measurement 		    		:     32 C
FPD temperature measurement (REMOTE)  		    	:     30 C
PL temperature    					:     30 C
1775669369
SOM total power                                         :     5240 mW
LPD temperature measurement 		    		:     31 C
FPD temperature measurement (REMOTE)  		    	:     31 C
PL temperature    					:     30 C
1775669370
SOM total power                                         :     5170 mW
LPD temperature measurement 		    		:     31 C
FPD temperature measurement (REMOTE)  		    	:     30 C
PL temperature    					:     29 C
1775669372
SOM total power                                         :     5090 mW
LPD temperature measurement 		    		:     32 C
FPD temperature measurement (REMOTE)  		    	:     30 C
PL temperature    					:     28 C
1775669373
SOM total power                                         :     5240 mW
LPD temperature measurement 		    		:     30 C
FPD temperature measurement (REMOTE)  		    	:     30 C
PL temperature    					:     28 C
1775669374
SOM total power                                         :     5080 mW
LPD temperature measurement 		    		:     31 C
FPD temperature measurement (REMOTE)  		    	:     30 C
PL temperature    					:     29 C
1775669376
SOM total power                                         :     5010 mW
LPD temperature measurement 		    		:     30 C
FPD temperature measurement (REMOTE)  		    	:     29 C
PL temperature    					:     29 C
1775669377
SOM total power                                         :     5110 mW
LPD temperature measurement 		    		:     29 C
FPD temperature measurement (REMOTE)  		    	:     30 C
PL temperature    					:     30 C
1775669379
SOM total power                                         :     5010 mW
LPD temperature measurement 		    		:     30 C
FPD temperature measurement (REMOTE)  		    	:     30 C
PL temperature    					:     29 C
1775669380
SOM total power                                         :     4920 mW
LPD temperature measurement 		    		:     31 C
FPD temperature measurement (REMOTE)  		    	:     30 C
PL temperature    					:     29 C
1775669381
SOM total power                                         :     5030 mW
LPD temperature measurement 		    		:     30 C
FPD temperature measurement (REMOTE)  		    	:     30 C
PL temperature    					:     30 C
1775669383
SOM total power                                         :     4930 mW
LPD temperature measurement 		    		:     30 C
FPD temperature measurement (REMOTE)  		    	:     31 C
PL temperature    					:     30 C
1775669384
SOM total power                                         :     5030 mW
LPD temperature measurement 		    		:     31 C
FPD temperature measurement (REMOTE)  		    	:     29 C
PL temperature    					:     30 C
1775669386
SOM total power                                         :     5190 mW
LPD temperature measurement 		    		:     31 C
FPD temperature measurement (REMOTE)  		    	:     30 C
PL temperature    					:     28 C
1775669387
SOM total power                                         :     5160 mW
LPD temperature measurement 		    		:     31 C
FPD temperature measurement (REMOTE)  		    	:     29 C
PL temperature    					:     29 C
1775669388
SOM total power                                         :     5230 mW
LPD temperature measurement 		    		:     31 C
FPD temperature measurement (REMOTE)  		    	:     30 C
PL temperature    					:     28 C
1775669390
SOM total power                                         :     5010 mW
LPD temperature measurement 		    		:     30 C
FPD temperature measurement (REMOTE)  		    	:     30 C
PL temperature    					:     29 C
1775669391
SOM total power                                         :     5110 mW
LPD temperature measurement 		    		:     31 C
FPD temperature measurement (REMOTE)  		    	:     31 C
PL temperature    					:     30 C
1775669393
SOM total power                                         :     5070 mW
LPD temperature measurement 		    		:     31 C
FPD temperature measurement (REMOTE)  		    	:     31 C
PL temperature    					:     29 C
1775669394
SOM total power                                         :     5100 mW
LPD temperature measurement 		    		:     30 C
FPD temperature measurement (REMOTE)  		    	:     31 C
PL temperature    					:     30 C
1775669395
SOM total power                                         :     4960 mW
LPD temperature measurement 		    		:     31 C
FPD temperature measurement (REMOTE)  		    	:     29 C
PL temperature    					:     30 C
1775669397
SOM total power                                         :     5110 mW
LPD temperature measurement 		    		:     31 C
FPD temperature measurement (REMOTE)  		    	:     31 C
PL temperature    					:     29 C
1775669398
SOM total power                                         :     5070 mW
LPD temperature measurement 		    		:     31 C
FPD temperature measurement (REMOTE)  		    	:     31 C
PL temperature    					:     29 C
1775669400
SOM total power                                         :     5080 mW
LPD temperature measurement 		    		:     30 C
FPD temperature measurement (REMOTE)  		    	:     31 C
PL temperature    					:     29 C
1775669401
SOM total power                                         :     4880 mW
LPD temperature measurement 		    		:     30 C
FPD temperature measurement (REMOTE)  		    	:     31 C
PL temperature    					:     30 C
1775669402
SOM total power                                         :     5120 mW
LPD temperature measurement 		    		:     30 C
FPD temperature measurement (REMOTE)  		    	:     30 C
PL temperature    					:     30 C
1775669404
SOM total power                                         :     5110 mW
LPD temperature measurement 		    		:     29 C
FPD temperature measurement (REMOTE)  		    	:     29 C
PL temperature    					:     30 C
1775669405
SOM total power                                         :     5150 mW
LPD temperature measurement 		    		:     30 C
FPD temperature measurement (REMOTE)  		    	:     30 C
PL temperature    					:     31 C
1775669407
SOM total power                                         :     5400 mW
LPD temperature measurement 		    		:     30 C
FPD temperature measurement (REMOTE)  		    	:     29 C
PL temperature    					:     30 C
1775669408
SOM total power                                         :     4900 mW
LPD temperature measurement 		    		:     31 C
FPD temperature measurement (REMOTE)  		    	:     30 C
PL temperature    					:     31 C
1775669409
SOM total power                                         :     5070 mW
LPD temperature measurement 		    		:     32 C
FPD temperature measurement (REMOTE)  		    	:     30 C
PL temperature    					:     30 C
1775669411
SOM total power                                         :     5090 mW
LPD temperature measurement 		    		:     31 C
FPD temperature measurement (REMOTE)  		    	:     31 C
PL temperature    					:     30 C
1775669412
SOM total power                                         :     4810 mW
LPD temperature measurement 		    		:     31 C
FPD temperature measurement (REMOTE)  		    	:     30 C
PL temperature    					:     29 C
1775669414
SOM total power                                         :     5050 mW
LPD temperature measurement 		    		:     31 C
FPD temperature measurement (REMOTE)  		    	:     29 C
PL temperature    					:     30 C
1775669415
SOM total power                                         :     4950 mW
LPD temperature measurement 		    		:     30 C
FPD temperature measurement (REMOTE)  		    	:     30 C
PL temperature    					:     29 C
1775669416
SOM total power                                         :     5070 mW
LPD temperature measurement 		    		:     31 C
FPD temperature measurement (REMOTE)  		    	:     30 C
PL temperature    					:     30 C
1775669418
SOM total power                                         :     4970 mW
LPD temperature measurement 		    		:     30 C
FPD temperature measurement (REMOTE)  		    	:     29 C
PL temperature    					:     30 C
1775669419
SOM total power                                         :     5250 mW
LPD temperature measurement 		    		:     31 C
FPD temperature measurement (REMOTE)  		    	:     30 C
PL temperature    					:     28 C
1775669421
SOM total power                                         :     5060 mW
LPD temperature measurement 		    		:     30 C
FPD temperature measurement (REMOTE)  		    	:     29 C
PL temperature    					:     30 C
1775669422
SOM total power                                         :     5080 mW
LPD temperature measurement 		    		:     30 C
FPD temperature measurement (REMOTE)  		    	:     29 C
PL temperature    					:     29 C
1775669423
SOM total power                                         :     5200 mW
LPD temperature measurement 		    		:     30 C
FPD temperature measurement (REMOTE)  		    	:     31 C
PL temperature    					:     30 C
1775669425
SOM total power                                         :     5110 mW
LPD temperature measurement 		    		:     31 C
FPD temperature measurement (REMOTE)  		    	:     30 C
PL temperature    					:     29 C
1775669426
SOM total power                                         :     5870 mW
LPD temperature measurement 		    		:     31 C
FPD temperature measurement (REMOTE)  		    	:     30 C
PL temperature    					:     29 C
1775669428
SOM total power                                         :     5070 mW
LPD temperature measurement 		    		:     32 C
FPD temperature measurement (REMOTE)  		    	:     29 C
PL temperature    					:     30 C
1775669429
SOM total power                                         :     5060 mW
LPD temperature measurement 		    		:     31 C
FPD temperature measurement (REMOTE)  		    	:     29 C
PL temperature    					:     29 C
1775669430
SOM total power                                         :     5070 mW
LPD temperature measurement 		    		:     30 C
FPD temperature measurement (REMOTE)  		    	:     30 C
PL temperature    					:     29 C
1775669432
SOM total power                                         :     5030 mW
LPD temperature measurement 		    		:     32 C
FPD temperature measurement (REMOTE)  		    	:     31 C
PL temperature    					:     29 C
1775669433
SOM total power                                         :     5240 mW
LPD temperature measurement 		    		:     30 C
FPD temperature measurement (REMOTE)  		    	:     30 C
PL temperature    					:     30 C
1775669434
SOM total power                                         :     4970 mW
LPD temperature measurement 		    		:     31 C
FPD temperature measurement (REMOTE)  		    	:     30 C
PL temperature    					:     30 C
1775669436
SOM total power                                         :     5000 mW
LPD temperature measurement 		    		:     31 C
FPD temperature measurement (REMOTE)  		    	:     29 C
PL temperature    					:     29 C
1775669437
SOM total power                                         :     5040 mW
LPD temperature measurement 		    		:     30 C
FPD temperature measurement (REMOTE)  		    	:     30 C
PL temperature    					:     29 C
1775669439
SOM total power                                         :     4840 mW
LPD temperature measurement 		    		:     31 C
FPD temperature measurement (REMOTE)  		    	:     30 C
PL temperature    					:     30 C
1775669440
SOM total power                                         :     4900 mW
LPD temperature measurement 		    		:     31 C
FPD temperature measurement (REMOTE)  		    	:     30 C
PL temperature    					:     28 C
1775669442
SOM total power                                         :     5060 mW
LPD temperature measurement 		    		:     31 C
FPD temperature measurement (REMOTE)  		    	:     31 C
PL temperature    					:     29 C
1775669443
SOM total power                                         :     5220 mW
LPD temperature measurement 		    		:     31 C
FPD temperature measurement (REMOTE)  		    	:     31 C
PL temperature    					:     30 C
1775669444
SOM total power                                         :     5050 mW
LPD temperature measurement 		    		:     31 C
FPD temperature measurement (REMOTE)  		    	:     31 C
PL temperature    					:     29 C
1775669446
SOM total power                                         :     5170 mW
LPD temperature measurement 		    		:     31 C
FPD temperature measurement (REMOTE)  		    	:     30 C
PL temperature    					:     30 C
1775669447
SOM total power                                         :     5010 mW
LPD temperature measurement 		    		:     30 C
FPD temperature measurement (REMOTE)  		    	:     30 C
PL temperature    					:     30 C
1775669449
SOM total power                                         :     4960 mW
LPD temperature measurement 		    		:     31 C
FPD temperature measurement (REMOTE)  		    	:     30 C
PL temperature    					:     29 C
1775669450
SOM total power                                         :     5250 mW
LPD temperature measurement 		    		:     31 C
FPD temperature measurement (REMOTE)  		    	:     31 C
PL temperature    					:     28 C
1775669451
SOM total power                                         :     5000 mW
LPD temperature measurement 		    		:     30 C
FPD temperature measurement (REMOTE)  		    	:     29 C
PL temperature    					:     29 C
1775669453
SOM total power                                         :     5240 mW
LPD temperature measurement 		    		:     31 C
FPD temperature measurement (REMOTE)  		    	:     31 C
PL temperature    					:     30 C
1775669454
SOM total power                                         :     5190 mW
LPD temperature measurement 		    		:     31 C
FPD temperature measurement (REMOTE)  		    	:     31 C
PL temperature    					:     29 C
1775669455
SOM total power                                         :     4920 mW
LPD temperature measurement 		    		:     30 C
FPD temperature measurement (REMOTE)  		    	:     28 C
PL temperature    					:     30 C
1775669457
SOM total power                                         :     5220 mW
LPD temperature measurement 		    		:     30 C
FPD temperature measurement (REMOTE)  		    	:     30 C
PL temperature    					:     30 C
1775669458
SOM total power                                         :     5080 mW
LPD temperature measurement 		    		:     31 C
FPD temperature measurement (REMOTE)  		    	:     31 C
PL temperature    					:     30 C
1775669460
SOM total power                                         :     5060 mW
LPD temperature measurement 		    		:     30 C
FPD temperature measurement (REMOTE)  		    	:     31 C
PL temperature    					:     30 C
1775669461
SOM total power                                         :     5160 mW
LPD temperature measurement 		    		:     32 C
FPD temperature measurement (REMOTE)  		    	:     30 C
PL temperature    					:     29 C
1775669462
SOM total power                                         :     5130 mW
LPD temperature measurement 		    		:     32 C
FPD temperature measurement (REMOTE)  		    	:     30 C
PL temperature    					:     29 C
1775669464
SOM total power                                         :     5000 mW
LPD temperature measurement 		    		:     32 C
FPD temperature measurement (REMOTE)  		    	:     31 C
PL temperature    					:     30 C
1775669465
SOM total power                                         :     5160 mW
LPD temperature measurement 		    		:     31 C
FPD temperature measurement (REMOTE)  		    	:     30 C
PL temperature    					:     29 C
1775669466
SOM total power                                         :     4840 mW
LPD temperature measurement 		    		:     31 C
FPD temperature measurement (REMOTE)  		    	:     30 C
PL temperature    					:     30 C
1775669468
SOM total power                                         :     5050 mW
LPD temperature measurement 		    		:     31 C
FPD temperature measurement (REMOTE)  		    	:     31 C
PL temperature    					:     29 C
1775669469
SOM total power                                         :     4830 mW
LPD temperature measurement 		    		:     30 C
FPD temperature measurement (REMOTE)  		    	:     30 C
PL temperature    					:     30 C
1775669471
SOM total power                                         :     5100 mW
LPD temperature measurement 		    		:     30 C
FPD temperature measurement (REMOTE)  		    	:     29 C
PL temperature    					:     30 C
1775669472
SOM total power                                         :     5020 mW
LPD temperature measurement 		    		:     31 C
FPD temperature measurement (REMOTE)  		    	:     32 C
PL temperature    					:     30 C
1775669473
SOM total power                                         :     5150 mW
LPD temperature measurement 		    		:     29 C
FPD temperature measurement (REMOTE)  		    	:     31 C
PL temperature    					:     30 C
1775669475
SOM total power                                         :     5030 mW
LPD temperature measurement 		    		:     31 C
FPD temperature measurement (REMOTE)  		    	:     30 C
PL temperature    					:     29 C
1775669476
SOM total power                                         :     5000 mW
LPD temperature measurement 		    		:     31 C
FPD temperature measurement (REMOTE)  		    	:     28 C
PL temperature    					:     30 C
1775669478
SOM total power                                         :     5110 mW
LPD temperature measurement 		    		:     31 C
FPD temperature measurement (REMOTE)  		    	:     31 C
PL temperature    					:     29 C
1775669479
SOM total power                                         :     5090 mW
LPD temperature measurement 		    		:     30 C
FPD temperature measurement (REMOTE)  		    	:     31 C
PL temperature    					:     29 C
1775669480
SOM total power                                         :     5030 mW
LPD temperature measurement 		    		:     31 C
FPD temperature measurement (REMOTE)  		    	:     31 C
PL temperature    					:     29 C
1775669482
SOM total power                                         :     4970 mW
LPD temperature measurement 		    		:     30 C
FPD temperature measurement (REMOTE)  		    	:     30 C
PL temperature    					:     30 C
1775669483
SOM total power                                         :     5020 mW
LPD temperature measurement 		    		:     30 C
FPD temperature measurement (REMOTE)  		    	:     30 C
PL temperature    					:     29 C
1775669485
SOM total power                                         :     5070 mW
LPD temperature measurement 		    		:     30 C
FPD temperature measurement (REMOTE)  		    	:     28 C
PL temperature    					:     29 C
1775669486
SOM total power                                         :     5030 mW
LPD temperature measurement 		    		:     31 C
FPD temperature measurement (REMOTE)  		    	:     29 C
PL temperature    					:     30 C
1775669487
SOM total power                                         :     5080 mW
LPD temperature measurement 		    		:     31 C
FPD temperature measurement (REMOTE)  		    	:     31 C
PL temperature    					:     30 C
1775669489
SOM total power                                         :     5190 mW
LPD temperature measurement 		    		:     30 C
FPD temperature measurement (REMOTE)  		    	:     29 C
PL temperature    					:     29 C
1775669490
SOM total power                                         :     5070 mW
LPD temperature measurement 		    		:     32 C
FPD temperature measurement (REMOTE)  		    	:     31 C
PL temperature    					:     29 C
1775669492
SOM total power                                         :     5430 mW
LPD temperature measurement 		    		:     32 C
FPD temperature measurement (REMOTE)  		    	:     30 C
PL temperature    					:     29 C
1775669493
SOM total power                                         :     5110 mW
LPD temperature measurement 		    		:     30 C
FPD temperature measurement (REMOTE)  		    	:     30 C
PL temperature    					:     28 C
1775669495
SOM total power                                         :     5160 mW
LPD temperature measurement 		    		:     30 C
FPD temperature measurement (REMOTE)  		    	:     31 C
PL temperature    					:     30 C
1775669496
SOM total power                                         :     5070 mW
LPD temperature measurement 		    		:     31 C
FPD temperature measurement (REMOTE)  		    	:     30 C
PL temperature    					:     30 C
1775669497
SOM total power                                         :     4910 mW
LPD temperature measurement 		    		:     30 C
FPD temperature measurement (REMOTE)  		    	:     30 C
PL temperature    					:     30 C
1775669499
SOM total power                                         :     5000 mW
LPD temperature measurement 		    		:     31 C
FPD temperature measurement (REMOTE)  		    	:     30 C
PL temperature    					:     30 C
1775669500
SOM total power                                         :     5060 mW
LPD temperature measurement 		    		:     32 C
FPD temperature measurement (REMOTE)  		    	:     31 C
PL temperature    					:     30 C
1775669501
SOM total power                                         :     4950 mW
LPD temperature measurement 		    		:     31 C
FPD temperature measurement (REMOTE)  		    	:     31 C
PL temperature    					:     30 C
1775669503
SOM total power                                         :     5120 mW
LPD temperature measurement 		    		:     31 C
FPD temperature measurement (REMOTE)  		    	:     31 C
PL temperature    					:     30 C
1775669504
SOM total power                                         :     5040 mW
LPD temperature measurement 		    		:     30 C
FPD temperature measurement (REMOTE)  		    	:     31 C
PL temperature    					:     29 C
1775669506
SOM total power                                         :     5190 mW
LPD temperature measurement 		    		:     31 C
FPD temperature measurement (REMOTE)  		    	:     30 C
PL temperature    					:     29 C
1775669507
SOM total power                                         :     4990 mW
LPD temperature measurement 		    		:     30 C
FPD temperature measurement (REMOTE)  		    	:     30 C
PL temperature    					:     29 C
1775669508
SOM total power                                         :     4920 mW
LPD temperature measurement 		    		:     29 C
FPD temperature measurement (REMOTE)  		    	:     30 C
PL temperature    					:     29 C
1775669510
SOM total power                                         :     5140 mW
LPD temperature measurement 		    		:     30 C
FPD temperature measurement (REMOTE)  		    	:     31 C
PL temperature    					:     29 C
1775669511
SOM total power                                         :     5160 mW
LPD temperature measurement 		    		:     32 C
FPD temperature measurement (REMOTE)  		    	:     29 C
PL temperature    					:     30 C
1775669513
SOM total power                                         :     4910 mW
LPD temperature measurement 		    		:     32 C
FPD temperature measurement (REMOTE)  		    	:     29 C
PL temperature    					:     29 C
1775669514
SOM total power                                         :     4880 mW
LPD temperature measurement 		    		:     30 C
FPD temperature measurement (REMOTE)  		    	:     30 C
PL temperature    					:     30 C
1775669516
SOM total power                                         :     5070 mW
LPD temperature measurement 		    		:     31 C
FPD temperature measurement (REMOTE)  		    	:     31 C
PL temperature    					:     30 C
1775669517
SOM total power                                         :     5100 mW
LPD temperature measurement 		    		:     32 C
FPD temperature measurement (REMOTE)  		    	:     32 C
PL temperature    					:     30 C
1775669518
SOM total power                                         :     4950 mW
LPD temperature measurement 		    		:     31 C
FPD temperature measurement (REMOTE)  		    	:     32 C
PL temperature    					:     29 C
1775669520
SOM total power                                         :     5240 mW
LPD temperature measurement 		    		:     30 C
FPD temperature measurement (REMOTE)  		    	:     29 C
PL temperature    					:     31 C
1775669521
SOM total power                                         :     5080 mW
LPD temperature measurement 		    		:     31 C
FPD temperature measurement (REMOTE)  		    	:     29 C
PL temperature    					:     30 C
1775669523
SOM total power                                         :     5110 mW
LPD temperature measurement 		    		:     31 C
FPD temperature measurement (REMOTE)  		    	:     30 C
PL temperature    					:     31 C
1775669524
SOM total power                                         :     5120 mW
LPD temperature measurement 		    		:     30 C
FPD temperature measurement (REMOTE)  		    	:     30 C
PL temperature    					:     29 C
1775669525
SOM total power                                         :     5000 mW
LPD temperature measurement 		    		:     32 C
FPD temperature measurement (REMOTE)  		    	:     29 C
PL temperature    					:     29 C
1775669527
SOM total power                                         :     5150 mW
LPD temperature measurement 		    		:     30 C
FPD temperature measurement (REMOTE)  		    	:     32 C
PL temperature    					:     30 C
1775669528
SOM total power                                         :     4890 mW
LPD temperature measurement 		    		:     31 C
FPD temperature measurement (REMOTE)  		    	:     31 C
PL temperature    					:     31 C
1775669529
SOM total power                                         :     5080 mW
LPD temperature measurement 		    		:     31 C
FPD temperature measurement (REMOTE)  		    	:     31 C
PL temperature    					:     30 C
1775669531
SOM total power                                         :     5040 mW
LPD temperature measurement 		    		:     31 C
FPD temperature measurement (REMOTE)  		    	:     31 C
PL temperature    					:     30 C
1775669532
SOM total power                                         :     5320 mW
LPD temperature measurement 		    		:     32 C
FPD temperature measurement (REMOTE)  		    	:     30 C
PL temperature    					:     30 C
1775669534
SOM total power                                         :     5140 mW
LPD temperature measurement 		    		:     31 C
FPD temperature measurement (REMOTE)  		    	:     30 C
PL temperature    					:     30 C
1775669535
SOM total power                                         :     5150 mW
LPD temperature measurement 		    		:     31 C
FPD temperature measurement (REMOTE)  		    	:     31 C
PL temperature    					:     29 C
1775669536
SOM total power                                         :     4890 mW
LPD temperature measurement 		    		:     31 C
FPD temperature measurement (REMOTE)  		    	:     30 C
PL temperature    					:     30 C
1775669538
SOM total power                                         :     5150 mW
LPD temperature measurement 		    		:     31 C
FPD temperature measurement (REMOTE)  		    	:     30 C
PL temperature    					:     29 C
1775669539
SOM total power                                         :     5520 mW
LPD temperature measurement 		    		:     31 C
FPD temperature measurement (REMOTE)  		    	:     31 C
PL temperature    					:     29 C
1775669541
SOM total power                                         :     5070 mW
LPD temperature measurement 		    		:     30 C
FPD temperature measurement (REMOTE)  		    	:     30 C
PL temperature    					:     29 C
1775669542
SOM total power                                         :     4990 mW
LPD temperature measurement 		    		:     32 C
FPD temperature measurement (REMOTE)  		    	:     31 C
PL temperature    					:     31 C
1775669543
SOM total power                                         :     4920 mW
LPD temperature measurement 		    		:     31 C
FPD temperature measurement (REMOTE)  		    	:     31 C
PL temperature    					:     29 C
1775669545
SOM total power                                         :     5200 mW
LPD temperature measurement 		    		:     31 C
FPD temperature measurement (REMOTE)  		    	:     31 C
PL temperature    					:     29 C
1775669546
SOM total power                                         :     5120 mW
LPD temperature measurement 		    		:     30 C
FPD temperature measurement (REMOTE)  		    	:     29 C
PL temperature    					:     29 C
1775669548
SOM total power                                         :     5010 mW
LPD temperature measurement 		    		:     30 C
FPD temperature measurement (REMOTE)  		    	:     30 C
PL temperature    					:     31 C
1775669549
SOM total power                                         :     4900 mW
LPD temperature measurement 		    		:     32 C
FPD temperature measurement (REMOTE)  		    	:     30 C
PL temperature    					:     29 C
1775669551
SOM total power                                         :     5130 mW
LPD temperature measurement 		    		:     32 C
FPD temperature measurement (REMOTE)  		    	:     30 C
PL temperature    					:     30 C
1775669552
SOM total power                                         :     5020 mW
LPD temperature measurement 		    		:     31 C
FPD temperature measurement (REMOTE)  		    	:     29 C
PL temperature    					:     29 C
1775669553
SOM total power                                         :     5180 mW
LPD temperature measurement 		    		:     32 C
FPD temperature measurement (REMOTE)  		    	:     31 C
PL temperature    					:     29 C
1775669555
SOM total power                                         :     5060 mW
LPD temperature measurement 		    		:     31 C
FPD temperature measurement (REMOTE)  		    	:     31 C
PL temperature    					:     30 C
1775669556
SOM total power                                         :     4990 mW
LPD temperature measurement 		    		:     30 C
FPD temperature measurement (REMOTE)  		    	:     30 C
PL temperature    					:     29 C
1775669558
SOM total power                                         :     5120 mW
LPD temperature measurement 		    		:     31 C
FPD temperature measurement (REMOTE)  		    	:     29 C
PL temperature    					:     30 C
1775669559
SOM total power                                         :     4910 mW
LPD temperature measurement 		    		:     30 C
FPD temperature measurement (REMOTE)  		    	:     31 C
PL temperature    					:     30 C
1775669560
SOM total power                                         :     5150 mW
LPD temperature measurement 		    		:     30 C
FPD temperature measurement (REMOTE)  		    	:     30 C
PL temperature    					:     28 C
1775669562
SOM total power                                         :     4900 mW
LPD temperature measurement 		    		:     31 C
FPD temperature measurement (REMOTE)  		    	:     30 C
PL temperature    					:     31 C
1775669563
SOM total power                                         :     5000 mW
LPD temperature measurement 		    		:     31 C
FPD temperature measurement (REMOTE)  		    	:     31 C
PL temperature    					:     29 C
1775669565
SOM total power                                         :     4980 mW
LPD temperature measurement 		    		:     31 C
FPD temperature measurement (REMOTE)  		    	:     30 C
PL temperature    					:     29 C
1775669566
SOM total power                                         :     4940 mW
LPD temperature measurement 		    		:     30 C
FPD temperature measurement (REMOTE)  		    	:     30 C
PL temperature    					:     29 C
1775669567
SOM total power                                         :     5110 mW
LPD temperature measurement 		    		:     30 C
FPD temperature measurement (REMOTE)  		    	:     31 C
PL temperature    					:     28 C
1775669569
SOM total power                                         :     5020 mW
LPD temperature measurement 		    		:     30 C
FPD temperature measurement (REMOTE)  		    	:     31 C
PL temperature    					:     30 C
1775669570
SOM total power                                         :     5250 mW
LPD temperature measurement 		    		:     31 C
FPD temperature measurement (REMOTE)  		    	:     28 C
PL temperature    					:     30 C
1775669572
SOM total power                                         :     5160 mW
LPD temperature measurement 		    		:     31 C
FPD temperature measurement (REMOTE)  		    	:     31 C
PL temperature    					:     30 C
1775669573
SOM total power                                         :     5390 mW
LPD temperature measurement 		    		:     29 C
FPD temperature measurement (REMOTE)  		    	:     29 C
PL temperature    					:     29 C
1775669574
SOM total power                                         :     4950 mW
LPD temperature measurement 		    		:     31 C
FPD temperature measurement (REMOTE)  		    	:     31 C
PL temperature    					:     30 C
1775669576
SOM total power                                         :     5020 mW
LPD temperature measurement 		    		:     31 C
FPD temperature measurement (REMOTE)  		    	:     31 C
PL temperature    					:     31 C
1775669577
SOM total power                                         :     4820 mW
LPD temperature measurement 		    		:     31 C
FPD temperature measurement (REMOTE)  		    	:     30 C
PL temperature    					:     30 C
1775669579
SOM total power                                         :     5070 mW
LPD temperature measurement 		    		:     31 C
FPD temperature measurement (REMOTE)  		    	:     30 C
PL temperature    					:     30 C
1775669580
SOM total power                                         :     4970 mW
LPD temperature measurement 		    		:     32 C
FPD temperature measurement (REMOTE)  		    	:     30 C
PL temperature    					:     29 C
1775669581
SOM total power                                         :     5110 mW
LPD temperature measurement 		    		:     29 C
FPD temperature measurement (REMOTE)  		    	:     29 C
PL temperature    					:     30 C
1775669583
SOM total power                                         :     5010 mW
LPD temperature measurement 		    		:     31 C
FPD temperature measurement (REMOTE)  		    	:     30 C
PL temperature    					:     30 C
1775669584
SOM total power                                         :     5100 mW
LPD temperature measurement 		    		:     31 C
FPD temperature measurement (REMOTE)  		    	:     31 C
PL temperature    					:     30 C
1775669586
SOM total power                                         :     5070 mW
LPD temperature measurement 		    		:     30 C
FPD temperature measurement (REMOTE)  		    	:     31 C
PL temperature    					:     28 C
1775669587
SOM total power                                         :     5160 mW
LPD temperature measurement 		    		:     30 C
FPD temperature measurement (REMOTE)  		    	:     31 C
PL temperature    					:     29 C
1775669589
SOM total power                                         :     4900 mW
LPD temperature measurement 		    		:     30 C
FPD temperature measurement (REMOTE)  		    	:     31 C
PL temperature    					:     30 C
1775669590
SOM total power                                         :     4930 mW
LPD temperature measurement 		    		:     31 C
FPD temperature measurement (REMOTE)  		    	:     29 C
PL temperature    					:     30 C
1775669591
SOM total power                                         :     5200 mW
LPD temperature measurement 		    		:     30 C
FPD temperature measurement (REMOTE)  		    	:     30 C
PL temperature    					:     29 C
1775669593
SOM total power                                         :     5050 mW
LPD temperature measurement 		    		:     31 C
FPD temperature measurement (REMOTE)  		    	:     30 C
PL temperature    					:     29 C
1775669594
SOM total power                                         :     4950 mW
LPD temperature measurement 		    		:     30 C
FPD temperature measurement (REMOTE)  		    	:     29 C
PL temperature    					:     30 C
1775669595
SOM total power                                         :     5030 mW
LPD temperature measurement 		    		:     31 C
FPD temperature measurement (REMOTE)  		    	:     30 C
PL temperature    					:     30 C
1775669597
SOM total power                                         :     5170 mW
LPD temperature measurement 		    		:     30 C
FPD temperature measurement (REMOTE)  		    	:     30 C
PL temperature    					:     30 C
1775669598
SOM total power                                         :     4980 mW
LPD temperature measurement 		    		:     31 C
FPD temperature measurement (REMOTE)  		    	:     30 C
PL temperature    					:     30 C
1775669600
SOM total power                                         :     5140 mW
LPD temperature measurement 		    		:     30 C
FPD temperature measurement (REMOTE)  		    	:     30 C
PL temperature    					:     29 C
1775669601
SOM total power                                         :     5130 mW
LPD temperature measurement 		    		:     31 C
FPD temperature measurement (REMOTE)  		    	:     29 C
PL temperature    					:     29 C
1775669602
SOM total power                                         :     4400 mW
LPD temperature measurement 		    		:     30 C
FPD temperature measurement (REMOTE)  		    	:     29 C
PL temperature    					:     30 C
