  **** HLS Build v2025.1 6135595
INFO: [HLS 200-2005] Using work_dir C:/Users/Jacob/Desktop/Vitis_projects/swiglu/swiglu 
INFO: [HLS 200-2176] Writing Vitis IDE component file C:/Users/Jacob/Desktop/Vitis_projects/swiglu/swiglu/vitis-comp.json
INFO: [HLS 200-10] Creating and opening component 'C:/Users/Jacob/Desktop/Vitis_projects/swiglu/swiglu'.
INFO: [HLS 200-1505] Using default flow_target 'vivado'
Resolution: For help on HLS 200-1505 see docs.xilinx.com/access/sources/dita/topic?Doc_Version=2025.1%20English&url=ug1448-hls-guidance&resourceid=200-1505.html
INFO: [HLS 200-2174] Applying component config ini file C:/Users/Jacob/Desktop/Vitis_projects/swiglu/hls_config.cfg
INFO: [HLS 200-1465] Applying config ini 'syn.file=./swiglu.cpp' from C:/Users/Jacob/Desktop/Vitis_projects/swiglu/hls_config.cfg(12)
INFO: [HLS 200-10] Adding design file 'C:/Users/Jacob/Desktop/Vitis_projects/swiglu/swiglu.cpp' to the project
INFO: [HLS 200-1465] Applying config ini 'syn.file=./swiglu.h' from C:/Users/Jacob/Desktop/Vitis_projects/swiglu/hls_config.cfg(13)
INFO: [HLS 200-10] Adding design file 'C:/Users/Jacob/Desktop/Vitis_projects/swiglu/swiglu.h' to the project
INFO: [HLS 200-1465] Applying config ini 'syn.file=./sigmoid_lut.h' from C:/Users/Jacob/Desktop/Vitis_projects/swiglu/hls_config.cfg(14)
INFO: [HLS 200-10] Adding design file 'C:/Users/Jacob/Desktop/Vitis_projects/swiglu/sigmoid_lut.h' to the project
INFO: [HLS 200-1465] Applying config ini 'tb.file=./swiglu_tb.cpp' from C:/Users/Jacob/Desktop/Vitis_projects/swiglu/hls_config.cfg(9)
INFO: [HLS 200-10] Adding test bench file 'C:/Users/Jacob/Desktop/Vitis_projects/swiglu/swiglu_tb.cpp' to the project
INFO: [HLS 200-1465] Applying config ini 'syn.top=swiglu' from C:/Users/Jacob/Desktop/Vitis_projects/swiglu/hls_config.cfg(10)
INFO: [HLS 200-1465] Applying config ini 'flow_target=vivado' from C:/Users/Jacob/Desktop/Vitis_projects/swiglu/hls_config.cfg(4)
INFO: [HLS 200-1505] Using flow_target 'vivado'
Resolution: For help on HLS 200-1505 see docs.xilinx.com/access/sources/dita/topic?Doc_Version=2025.1%20English&url=ug1448-hls-guidance&resourceid=200-1505.html
INFO: [HLS 200-1465] Applying config ini 'part=xck26-sfvc784-2LV-c' from C:/Users/Jacob/Desktop/Vitis_projects/swiglu/hls_config.cfg(1)
INFO: [HLS 200-1611] Setting target device to 'xck26-sfvc784-2LV-c'
INFO: [HLS 200-1465] Applying config ini 'clock=10ns' from C:/Users/Jacob/Desktop/Vitis_projects/swiglu/hls_config.cfg(7)
INFO: [SYN 201-201] Setting up clock 'default' with a period of 10ns.
INFO: [HLS 200-1465] Applying config ini 'clock_uncertainty=2ns' from C:/Users/Jacob/Desktop/Vitis_projects/swiglu/hls_config.cfg(8)
INFO: [SYN 201-201] Setting up clock 'default' with an uncertainty of 2ns.
INFO: [HLS 200-1465] Applying config ini 'cosim.rtl=vhdl' from C:/Users/Jacob/Desktop/Vitis_projects/swiglu/hls_config.cfg(11)
INFO: [HLS 200-1465] Applying config ini 'package.ip.version=1.10' from C:/Users/Jacob/Desktop/Vitis_projects/swiglu/hls_config.cfg(15)
INFO: [HLS 200-1465] Applying config ini 'package.output.format=ip_catalog' from C:/Users/Jacob/Desktop/Vitis_projects/swiglu/hls_config.cfg(5)
INFO: [HLS 200-2176] Writing Vitis IDE component file C:/Users/Jacob/Desktop/Vitis_projects/swiglu/swiglu/vitis-comp.json
INFO: [HLS 200-111] Finished File checks and directory preparation: CPU user time: 1 seconds. CPU system time: 1 seconds. Elapsed time: 1.646 seconds; current allocated memory: 179.961 MB.
INFO: [HLS 200-10] Analyzing design file 'swiglu.cpp' ... 
INFO: [HLS 200-111] Finished Source Code Analysis and Preprocessing: CPU user time: 0 seconds. CPU system time: 0 seconds. Elapsed time: 0.976 seconds; current allocated memory: 182.918 MB.
INFO: [HLS 200-777] Using interface defaults for 'Vivado' flow target.
INFO: [HLS 200-1995] There were 3,941 instructions in the design after the 'Compile/Link' phase of compilation. See the Design Size Report for more details (C:/Users/Jacob/Desktop/Vitis_projects/swiglu/swiglu/hls/syn/report/csynth_design_size.rpt:2)
INFO: [HLS 200-1995] There were 22,110 instructions in the design after the 'Unroll/Inline (step 1)' phase of compilation. See the Design Size Report for more details (C:/Users/Jacob/Desktop/Vitis_projects/swiglu/swiglu/hls/syn/report/csynth_design_size.rpt:2)
INFO: [HLS 200-1995] There were 18,299 instructions in the design after the 'Unroll/Inline (step 2)' phase of compilation. See the Design Size Report for more details (C:/Users/Jacob/Desktop/Vitis_projects/swiglu/swiglu/hls/syn/report/csynth_design_size.rpt:2)
INFO: [HLS 200-1995] There were 17,902 instructions in the design after the 'Unroll/Inline (step 3)' phase of compilation. See the Design Size Report for more details (C:/Users/Jacob/Desktop/Vitis_projects/swiglu/swiglu/hls/syn/report/csynth_design_size.rpt:2)
INFO: [HLS 200-1995] There were 17,652 instructions in the design after the 'Unroll/Inline (step 4)' phase of compilation. See the Design Size Report for more details (C:/Users/Jacob/Desktop/Vitis_projects/swiglu/swiglu/hls/syn/report/csynth_design_size.rpt:2)
WARNING: [HLS 200-1995] There were 166,007 instructions in the design after the 'Array/Struct (step 1)' phase of compilation. See the Design Size Report for more details (C:/Users/Jacob/Desktop/Vitis_projects/swiglu/swiglu/hls/syn/report/csynth_design_size.rpt:2)
WARNING: [HLS 200-1995] There were 163,124 instructions in the design after the 'Array/Struct (step 2)' phase of compilation. See the Design Size Report for more details (C:/Users/Jacob/Desktop/Vitis_projects/swiglu/swiglu/hls/syn/report/csynth_design_size.rpt:2)
WARNING: [HLS 200-1995] There were 163,124 instructions in the design after the 'Array/Struct (step 3)' phase of compilation. See the Design Size Report for more details (C:/Users/Jacob/Desktop/Vitis_projects/swiglu/swiglu/hls/syn/report/csynth_design_size.rpt:2)
WARNING: [HLS 200-1995] There were 163,124 instructions in the design after the 'Array/Struct (step 4)' phase of compilation. See the Design Size Report for more details (C:/Users/Jacob/Desktop/Vitis_projects/swiglu/swiglu/hls/syn/report/csynth_design_size.rpt:2)
WARNING: [HLS 200-1995] There were 175,465 instructions in the design after the 'Array/Struct (step 5)' phase of compilation. See the Design Size Report for more details (C:/Users/Jacob/Desktop/Vitis_projects/swiglu/swiglu/hls/syn/report/csynth_design_size.rpt:2)
WARNING: [HLS 200-1995] There were 165,893 instructions in the design after the 'Performance (step 1)' phase of compilation. See the Design Size Report for more details (C:/Users/Jacob/Desktop/Vitis_projects/swiglu/swiglu/hls/syn/report/csynth_design_size.rpt:2)
WARNING: [HLS 200-1995] There were 162,885 instructions in the design after the 'Performance (step 2)' phase of compilation. See the Design Size Report for more details (C:/Users/Jacob/Desktop/Vitis_projects/swiglu/swiglu/hls/syn/report/csynth_design_size.rpt:2)
WARNING: [HLS 200-1995] There were 162,884 instructions in the design after the 'Performance (step 3)' phase of compilation. See the Design Size Report for more details (C:/Users/Jacob/Desktop/Vitis_projects/swiglu/swiglu/hls/syn/report/csynth_design_size.rpt:2)
WARNING: [HLS 200-1995] There were 162,884 instructions in the design after the 'Performance (step 4)' phase of compilation. See the Design Size Report for more details (C:/Users/Jacob/Desktop/Vitis_projects/swiglu/swiglu/hls/syn/report/csynth_design_size.rpt:2)
WARNING: [HLS 200-1995] There were 162,907 instructions in the design after the 'HW Transforms' phase of compilation. See the Design Size Report for more details (C:/Users/Jacob/Desktop/Vitis_projects/swiglu/swiglu/hls/syn/report/csynth_design_size.rpt:2)
WARNING: [HLS 200-1995] There were 166,703 instructions in the design after the 'HW Transforms (step 2)' phase of compilation. See the Design Size Report for more details (C:/Users/Jacob/Desktop/Vitis_projects/swiglu/swiglu/hls/syn/report/csynth_design_size.rpt:2)
INFO: [HLS 214-186] Unrolling loop 'VITIS_LOOP_277_4' (swiglu.cpp:277:35) in function 'swiglu' completely with a factor of 32 (swiglu.cpp:138:0)
INFO: [HLS 214-186] Unrolling loop 'VITIS_LOOP_296_5' (swiglu.cpp:296:35) in function 'swiglu' completely with a factor of 32 (swiglu.cpp:138:0)
INFO: [HLS 214-186] Unrolling loop 'VITIS_LOOP_234_2' (swiglu.cpp:234:31) in function 'swiglu' completely with a factor of 8 (swiglu.cpp:138:0)
INFO: [HLS 214-186] Unrolling loop 'VITIS_LOOP_213_1' (swiglu.cpp:213:31) in function 'swiglu' completely with a factor of 8 (swiglu.cpp:138:0)
INFO: [HLS 214-178] Inlining function 'fp16_to_fp32(unsigned short)' into 'decode_mac_q4k(unsigned char const*, float const*, int)' (swiglu.cpp:55:0)
INFO: [HLS 214-178] Inlining function 'fp_struct<float>::fp_struct(float)' into 'int generic_cast_IEEE754<int, (ap_q_mode)6, float>(float, bool, hls::enable_if<std::numeric_limits<int>::is_signed, bool>::type)' (C:\scratch\2025.1\hls_product\640\2025.1\src\shared\hls\clib/hlsmath/include/FloatingPoint\hls_case_IEEE754.h:12:0)
INFO: [HLS 214-178] Inlining function 'fp_struct<float>::mantissa() const' into 'int generic_cast_IEEE754<int, (ap_q_mode)6, float>(float, bool, hls::enable_if<std::numeric_limits<int>::is_signed, bool>::type)' (C:\scratch\2025.1\hls_product\640\2025.1\src\shared\hls\clib/hlsmath/include/FloatingPoint\hls_case_IEEE754.h:12:0)
INFO: [HLS 214-178] Inlining function 'fp_struct<float>::expv() const' into 'int generic_cast_IEEE754<int, (ap_q_mode)6, float>(float, bool, hls::enable_if<std::numeric_limits<int>::is_signed, bool>::type)' (C:\scratch\2025.1\hls_product\640\2025.1\src\shared\hls\clib/hlsmath/include/FloatingPoint\hls_case_IEEE754.h:12:0)
INFO: [HLS 214-178] Inlining function 'fp_struct<float>::__signbit() const' into 'int generic_cast_IEEE754<int, (ap_q_mode)6, float>(float, bool, hls::enable_if<std::numeric_limits<int>::is_signed, bool>::type)' (C:\scratch\2025.1\hls_product\640\2025.1\src\shared\hls\clib/hlsmath/include/FloatingPoint\hls_case_IEEE754.h:12:0)
INFO: [HLS 214-178] Inlining function 'int generic_cast_IEEE754<int, (ap_q_mode)6, float>(float, bool, hls::enable_if<std::numeric_limits<int>::is_signed, bool>::type)' into 'int generic_cast_IEEE754<int, float>(float, bool)' (C:\scratch\2025.1\hls_product\640\2025.1\src\shared\hls\clib/hlsmath/include/FloatingPoint\hls_case_IEEE754.h:116:0)
INFO: [HLS 214-178] Inlining function 'int generic_cast_IEEE754<int, float>(float, bool)' into '__hls_fptosi_float_i32' (C:\scratch\2025.1\hls_product\640\2025.1\src\shared\hls\clib\hlsmath\src\lib_floatconversion.cpp:51:0)
INFO: [HLS 214-178] Inlining function 'fp16_to_fp32(unsigned short)' into 'decode_mac_q6k(unsigned char const*, float const*, int)' (swiglu.cpp:106:0)
INFO: [HLS 214-178] Inlining function '__hls_fptosi_float_i32' into 'swiglu(unsigned char const*, unsigned char const*, unsigned char const*, float const*, float*, unsigned int, unsigned int)' (swiglu.cpp:138:0)
INFO: [HLS 214-248] Applying array_partition to 'acc_w': Complete partitioning on dimension 1. (swiglu.cpp:74:11)
INFO: [HLS 214-248] Applying array_partition to 'acc_m': Complete partitioning on dimension 1. (swiglu.cpp:75:11)
INFO: [HLS 214-248] Applying array_partition to 'acc': Complete partitioning on dimension 1. (swiglu.cpp:109:11)
INFO: [HLS 214-248] Applying array_partition to 'x_local': Complete partitioning on dimension 1. Block partitioning with factor 8 on dimension 2. (swiglu.cpp:158:8)
INFO: [HLS 214-248] Applying array_partition to 'X1_cache': Complete partitioning on dimension 1. (swiglu.cpp:167:8)
INFO: [HLS 214-248] Applying array_partition to 'X2_cache': Complete partitioning on dimension 1. (swiglu.cpp:171:8)
INFO: [HLS 214-248] Applying array_partition to 'gate_cache': Block partitioning with factor 32 on dimension 2. (swiglu.cpp:175:8)
INFO: [HLS 214-248] Applying array_partition to 'row_buf': Block partitioning with factor 8 on dimension 1. (swiglu.cpp:205:17)
INFO: [HLS 214-248] Applying array_partition to 'row_buf49': Block partitioning with factor 8 on dimension 1. (swiglu.cpp:226:17)
INFO: [HLS 214-248] Applying array_partition to 'row_buf144': Block partitioning with factor 32 on dimension 1. (swiglu.cpp:268:21)
INFO: [HLS 214-248] Applying array_partition to 'row_buf195': Block partitioning with factor 32 on dimension 1. (swiglu.cpp:287:21)
INFO: [HLS 214-376] automatically set the pipeline for Loop< unknown> at  
INFO: [HLS 214-376] automatically set the pipeline for Loop< VITIS_LOOP_34_1> at swiglu.cpp:34:26 
INFO: [HLS 214-376] automatically set the pipeline for Loop< REDUCE_Q6K> at swiglu.cpp:123:17 
INFO: [HLS 214-376] automatically set the pipeline for Loop< REDUCE_Q4K> at swiglu.cpp:90:17 
INFO: [HLS 214-376] automatically set the pipeline for Loop< unknown> at swiglu.cpp:193:13 
INFO: [HLS 214-376] automatically set the pipeline for Loop< unknown> at swiglu.cpp:208:2 
INFO: [HLS 214-376] automatically set the pipeline for Loop< unknown> at swiglu.cpp:229:2 
INFO: [HLS 214-376] automatically set the pipeline for Loop< unknown> at swiglu.cpp:290:2 
INFO: [HLS 214-376] automatically set the pipeline for Loop< unknown> at swiglu.cpp:271:2 
INFO: [HLS 214-115] Multiple burst reads of variable length and bit width 32 in loop 'LOAD_X'(swiglu.cpp:191:10) has been inferred on bundle 'gmem_x'. These burst requests might be further partitioned into multiple requests during RTL generation, based on max_read_burst_length or max_write_burst_length settings. (swiglu.cpp:191:10)
INFO: [HLS 214-115] Multiple burst reads of length 9437184 and bit width 8 in loop 'COMPUTE_X1'(swiglu.cpp:204:17) has been inferred on bundle 'gmem_W'. These burst requests might be further partitioned into multiple requests during RTL generation, based on max_read_burst_length or max_write_burst_length settings. (swiglu.cpp:204:17)
INFO: [HLS 214-115] Multiple burst reads of length 9437184 and bit width 8 in loop 'COMPUTE_X2'(swiglu.cpp:225:17) has been inferred on bundle 'gmem_V'. These burst requests might be further partitioned into multiple requests during RTL generation, based on max_read_burst_length or max_write_burst_length settings. (swiglu.cpp:225:17)
INFO: [HLS 214-115] Multiple burst reads of length 9437184 and bit width 8 in loop 'DOWN_Q4K'(swiglu.cpp:267:19) has been inferred on bundle 'gmem_Wd'. These burst requests might be further partitioned into multiple requests during RTL generation, based on max_read_burst_length or max_write_burst_length settings. (swiglu.cpp:267:19)
INFO: [HLS 214-115] Multiple burst reads of length 13762560 and bit width 8 in loop 'DOWN_Q6K'(swiglu.cpp:286:19) has been inferred on bundle 'gmem_Wd'. These burst requests might be further partitioned into multiple requests during RTL generation, based on max_read_burst_length or max_write_burst_length settings. (swiglu.cpp:286:19)
INFO: [HLS 200-111] Finished Compiling Optimization and Transform: CPU user time: 0 seconds. CPU system time: 0 seconds. Elapsed time: 13.577 seconds; current allocated memory: 186.398 MB.
INFO: [HLS 200-111] Finished Checking Pragmas: CPU user time: 0 seconds. CPU system time: 0 seconds. Elapsed time: 0.002 seconds; current allocated memory: 186.398 MB.
INFO: [HLS 200-10] Starting code transformations ...
INFO: [HLS 200-111] Finished Standard Transforms: CPU user time: 1 seconds. CPU system time: 0 seconds. Elapsed time: 0.343 seconds; current allocated memory: 198.805 MB.
INFO: [HLS 200-10] Checking synthesizability ...
INFO: [HLS 200-111] Finished Checking Synthesizability: CPU user time: 0 seconds. CPU system time: 0 seconds. Elapsed time: 0.392 seconds; current allocated memory: 207.301 MB.
INFO: [XFORM 203-401] Performing if-conversion on hyperblock in function 'decode_mac_q6k'... converting 3 basic blocks.
INFO: [XFORM 203-401] Performing if-conversion on hyperblock in function 'decode_mac_q4k'... converting 3 basic blocks.
INFO: [XFORM 203-401] Performing if-conversion on hyperblock in function 'decode_mac_q4k'... converting 3 basic blocks.
INFO: [HLS 200-111] Finished Loop, function and other optimizations: CPU user time: 2 seconds. CPU system time: 0 seconds. Elapsed time: 1.848 seconds; current allocated memory: 236.461 MB.
WARNING: [HLS 200-960] Cannot flatten loop 'LOAD_X' (swiglu.cpp:191:10) in function 'swiglu' the outer loop is not a perfect loop because there is nontrivial logic before entering the inner loop.
Resolution: For help on HLS 200-960 see docs.xilinx.com/access/sources/dita/topic?Doc_Version=2025.1%20English&url=ug1448-hls-guidance&resourceid=200-960.html
WARNING: [HLS 200-960] Cannot flatten loop 'SWISH_GATE' (swiglu.cpp:246:17) in function 'swiglu' the outer loop is not a perfect loop because there is nontrivial logic before entering the inner loop.
Resolution: For help on HLS 200-960 see docs.xilinx.com/access/sources/dita/topic?Doc_Version=2025.1%20English&url=ug1448-hls-guidance&resourceid=200-960.html
INFO: [HLS 200-111] Finished Architecture Synthesis: CPU user time: 1 seconds. CPU system time: 0 seconds. Elapsed time: 1.458 seconds; current allocated memory: 449.691 MB.
INFO: [HLS 200-10] Starting hardware synthesis ...
INFO: [HLS 200-10] Synthesizing 'swiglu' ...
WARNING: [SYN 201-103] Legalizing function name 'decode_mac_q4k.1_Pipeline_1' to 'decode_mac_q4k_1_Pipeline_1'.
WARNING: [SYN 201-103] Legalizing function name 'decode_mac_q4k.1_Pipeline_VITIS_LOOP_34_1' to 'decode_mac_q4k_1_Pipeline_VITIS_LOOP_34_1'.
WARNING: [SYN 201-103] Legalizing function name 'decode_mac_q4k.1_Pipeline_VITIS_LOOP_34_13' to 'decode_mac_q4k_1_Pipeline_VITIS_LOOP_34_13'.
WARNING: [SYN 201-103] Legalizing function name 'decode_mac_q4k.1_Pipeline_4' to 'decode_mac_q4k_1_Pipeline_4'.
WARNING: [SYN 201-103] Legalizing function name 'decode_mac_q4k.1_Pipeline_MAC_Q4K' to 'decode_mac_q4k_1_Pipeline_MAC_Q4K'.
WARNING: [SYN 201-103] Legalizing function name 'decode_mac_q4k.1_Pipeline_REDUCE_Q4K' to 'decode_mac_q4k_1_Pipeline_REDUCE_Q4K'.
WARNING: [SYN 201-103] Legalizing function name 'decode_mac_q4k.1' to 'decode_mac_q4k_1'.
INFO: [HLS 200-10] ----------------------------------------------------------------
INFO: [HLS 200-42] -- Implementing module 'swiglu_Pipeline_1' 
INFO: [HLS 200-10] ----------------------------------------------------------------
INFO: [SCHED 204-11] Starting scheduling ...
INFO: [SCHED 204-61] Pipelining loop 'Loop 1'.
INFO: [HLS 200-1470] Pipelining result : Target II = NA, Final II = 1, Depth = 3, loop 'Loop 1'
INFO: [SCHED 204-11] Finished scheduling.
INFO: [HLS 200-111] Finished Scheduling: CPU user time: 1 seconds. CPU system time: 0 seconds. Elapsed time: 0.222 seconds; current allocated memory: 459.059 MB.
INFO: [BIND 205-100] Starting micro-architecture generation ...
INFO: [BIND 205-101] Performing variable lifetime analysis.
INFO: [BIND 205-101] Exploring resource sharing.
INFO: [BIND 205-101] Binding ...
INFO: [BIND 205-100] Finished micro-architecture generation.
INFO: [HLS 200-111] Finished Binding: CPU user time: 0 seconds. CPU system time: 0 seconds. Elapsed time: 0.044 seconds; current allocated memory: 460.355 MB.
INFO: [HLS 200-10] ----------------------------------------------------------------
INFO: [HLS 200-42] -- Implementing module 'swiglu_Pipeline_2' 
INFO: [HLS 200-10] ----------------------------------------------------------------
INFO: [SCHED 204-11] Starting scheduling ...
INFO: [SCHED 204-61] Pipelining loop 'Loop 1'.
INFO: [HLS 200-1470] Pipelining result : Target II = NA, Final II = 1, Depth = 4, loop 'Loop 1'
INFO: [SCHED 204-11] Finished scheduling.
INFO: [HLS 200-111] Finished Scheduling: CPU user time: 0 seconds. CPU system time: 0 seconds. Elapsed time: 0.07 seconds; current allocated memory: 460.648 MB.
INFO: [BIND 205-100] Starting micro-architecture generation ...
INFO: [BIND 205-101] Performing variable lifetime analysis.
INFO: [BIND 205-101] Exploring resource sharing.
INFO: [BIND 205-101] Binding ...
INFO: [BIND 205-100] Finished micro-architecture generation.
INFO: [HLS 200-111] Finished Binding: CPU user time: 0 seconds. CPU system time: 0 seconds. Elapsed time: 0.022 seconds; current allocated memory: 460.660 MB.
INFO: [HLS 200-10] ----------------------------------------------------------------
INFO: [HLS 200-42] -- Implementing module 'decode_mac_q4k_Pipeline_VITIS_LOOP_34_1' 
INFO: [HLS 200-10] ----------------------------------------------------------------
INFO: [SCHED 204-11] Starting scheduling ...
INFO: [SCHED 204-61] Pipelining loop 'VITIS_LOOP_34_1'.
INFO: [HLS 200-1470] Pipelining result : Target II = NA, Final II = 1, Depth = 2, loop 'VITIS_LOOP_34_1'
INFO: [SCHED 204-11] Finished scheduling.
INFO: [HLS 200-111] Finished Scheduling: CPU user time: 0 seconds. CPU system time: 0 seconds. Elapsed time: 0.032 seconds; current allocated memory: 460.777 MB.
INFO: [BIND 205-100] Starting micro-architecture generation ...
INFO: [BIND 205-101] Performing variable lifetime analysis.
INFO: [BIND 205-101] Exploring resource sharing.
INFO: [BIND 205-101] Binding ...
INFO: [BIND 205-100] Finished micro-architecture generation.
INFO: [HLS 200-111] Finished Binding: CPU user time: 0 seconds. CPU system time: 0 seconds. Elapsed time: 1.569 seconds; current allocated memory: 460.797 MB.
INFO: [HLS 200-10] ----------------------------------------------------------------
INFO: [HLS 200-42] -- Implementing module 'decode_mac_q4k_Pipeline_VITIS_LOOP_34_14' 
INFO: [HLS 200-10] ----------------------------------------------------------------
INFO: [SCHED 204-11] Starting scheduling ...
INFO: [SCHED 204-61] Pipelining loop 'VITIS_LOOP_34_1'.
INFO: [HLS 200-1470] Pipelining result : Target II = NA, Final II = 1, Depth = 2, loop 'VITIS_LOOP_34_1'
INFO: [SCHED 204-11] Finished scheduling.
INFO: [HLS 200-111] Finished Scheduling: CPU user time: 0 seconds. CPU system time: 0 seconds. Elapsed time: 0.023 seconds; current allocated memory: 460.797 MB.
INFO: [BIND 205-100] Starting micro-architecture generation ...
INFO: [BIND 205-101] Performing variable lifetime analysis.
INFO: [BIND 205-101] Exploring resource sharing.
INFO: [BIND 205-101] Binding ...
INFO: [BIND 205-100] Finished micro-architecture generation.
INFO: [HLS 200-111] Finished Binding: CPU user time: 0 seconds. CPU system time: 0 seconds. Elapsed time: 0.016 seconds; current allocated memory: 460.797 MB.
INFO: [HLS 200-10] ----------------------------------------------------------------
INFO: [HLS 200-42] -- Implementing module 'decode_mac_q4k_Pipeline_MAC_Q4K' 
INFO: [HLS 200-10] ----------------------------------------------------------------
INFO: [SCHED 204-11] Starting scheduling ...
INFO: [SCHED 204-61] Pipelining loop 'MAC_Q4K'.
INFO: [HLS 200-1470] Pipelining result : Target II = 1, Final II = 1, Depth = 29, loop 'MAC_Q4K'
INFO: [SCHED 204-11] Finished scheduling.
INFO: [HLS 200-111] Finished Scheduling: CPU user time: 0 seconds. CPU system time: 0 seconds. Elapsed time: 0.074 seconds; current allocated memory: 461.730 MB.
INFO: [BIND 205-100] Starting micro-architecture generation ...
INFO: [BIND 205-101] Performing variable lifetime analysis.
INFO: [BIND 205-101] Exploring resource sharing.
INFO: [BIND 205-101] Binding ...
INFO: [BIND 205-100] Finished micro-architecture generation.
INFO: [HLS 200-111] Finished Binding: CPU user time: 0 seconds. CPU system time: 0 seconds. Elapsed time: 0.039 seconds; current allocated memory: 461.926 MB.
INFO: [HLS 200-10] ----------------------------------------------------------------
INFO: [HLS 200-42] -- Implementing module 'decode_mac_q4k_Pipeline_REDUCE_Q4K' 
INFO: [HLS 200-10] ----------------------------------------------------------------
INFO: [SCHED 204-11] Starting scheduling ...
INFO: [SCHED 204-61] Pipelining loop 'REDUCE_Q4K'.
WARNING: [HLS 200-880] The II Violation in module 'decode_mac_q4k_Pipeline_REDUCE_Q4K' (loop 'REDUCE_Q4K'): Unable to enforce a carried dependence constraint (II = 1, distance = 1, offset = 0) between 'store' operation 0 bit ('sum_w_write_ln89', swiglu.cpp:89) of variable 'sum_w', swiglu.cpp:91 on local variable 'sum_w', swiglu.cpp:89 and 'load' operation 32 bit ('sum_w_load', swiglu.cpp:91) on local variable 'sum_w', swiglu.cpp:89.
Resolution: For help on HLS 200-880 see docs.xilinx.com/access/sources/dita/topic?Doc_Version=2025.1%20English&url=ug1448-hls-guidance&resourceid=200-880.html
WARNING: [HLS 200-880] The II Violation in module 'decode_mac_q4k_Pipeline_REDUCE_Q4K' (loop 'REDUCE_Q4K'): Unable to enforce a carried dependence constraint (II = 2, distance = 1, offset = 0) between 'store' operation 0 bit ('sum_w_write_ln89', swiglu.cpp:89) of variable 'sum_w', swiglu.cpp:91 on local variable 'sum_w', swiglu.cpp:89 and 'load' operation 32 bit ('sum_w_load', swiglu.cpp:91) on local variable 'sum_w', swiglu.cpp:89.
Resolution: For help on HLS 200-880 see docs.xilinx.com/access/sources/dita/topic?Doc_Version=2025.1%20English&url=ug1448-hls-guidance&resourceid=200-880.html
INFO: [HLS 200-1470] Pipelining result : Target II = NA, Final II = 3, Depth = 6, loop 'REDUCE_Q4K'
INFO: [SCHED 204-11] Finished scheduling.
INFO: [HLS 200-111] Finished Scheduling: CPU user time: 0 seconds. CPU system time: 0 seconds. Elapsed time: 0.051 seconds; current allocated memory: 462.312 MB.
INFO: [BIND 205-100] Starting micro-architecture generation ...
INFO: [BIND 205-101] Performing variable lifetime analysis.
INFO: [BIND 205-101] Exploring resource sharing.
INFO: [BIND 205-101] Binding ...
INFO: [BIND 205-100] Finished micro-architecture generation.
INFO: [HLS 200-111] Finished Binding: CPU user time: 0 seconds. CPU system time: 0 seconds. Elapsed time: 0.022 seconds; current allocated memory: 462.406 MB.
INFO: [HLS 200-10] ----------------------------------------------------------------
INFO: [HLS 200-42] -- Implementing module 'decode_mac_q4k' 
INFO: [HLS 200-10] ----------------------------------------------------------------
INFO: [SCHED 204-11] Starting scheduling ...
INFO: [SCHED 204-11] Finished scheduling.
INFO: [HLS 200-111] Finished Scheduling: CPU user time: 0 seconds. CPU system time: 0 seconds. Elapsed time: 0.198 seconds; current allocated memory: 467.188 MB.
INFO: [BIND 205-100] Starting micro-architecture generation ...
INFO: [BIND 205-101] Performing variable lifetime analysis.
INFO: [BIND 205-101] Exploring resource sharing.
INFO: [BIND 205-101] Binding ...
INFO: [BIND 205-100] Finished micro-architecture generation.
INFO: [HLS 200-111] Finished Binding: CPU user time: 0 seconds. CPU system time: 0 seconds. Elapsed time: 0.087 seconds; current allocated memory: 467.992 MB.
INFO: [HLS 200-10] ----------------------------------------------------------------
INFO: [HLS 200-42] -- Implementing module 'swiglu_Pipeline_3' 
INFO: [HLS 200-10] ----------------------------------------------------------------
INFO: [SCHED 204-11] Starting scheduling ...
INFO: [SCHED 204-61] Pipelining loop 'Loop 1'.
INFO: [HLS 200-1470] Pipelining result : Target II = NA, Final II = 1, Depth = 4, loop 'Loop 1'
INFO: [SCHED 204-11] Finished scheduling.
INFO: [HLS 200-111] Finished Scheduling: CPU user time: 0 seconds. CPU system time: 0 seconds. Elapsed time: 0.113 seconds; current allocated memory: 468.629 MB.
INFO: [BIND 205-100] Starting micro-architecture generation ...
INFO: [BIND 205-101] Performing variable lifetime analysis.
INFO: [BIND 205-101] Exploring resource sharing.
INFO: [BIND 205-101] Binding ...
INFO: [BIND 205-100] Finished micro-architecture generation.
INFO: [HLS 200-111] Finished Binding: CPU user time: 0 seconds. CPU system time: 0 seconds. Elapsed time: 0.02 seconds; current allocated memory: 468.633 MB.
INFO: [HLS 200-10] ----------------------------------------------------------------
INFO: [HLS 200-42] -- Implementing module 'swiglu_Pipeline_VITIS_LOOP_248_3' 
INFO: [HLS 200-10] ----------------------------------------------------------------
INFO: [SCHED 204-11] Starting scheduling ...
INFO: [SCHED 204-61] Pipelining loop 'VITIS_LOOP_248_3'.
INFO: [HLS 200-1470] Pipelining result : Target II = 1, Final II = 1, Depth = 18, loop 'VITIS_LOOP_248_3'
INFO: [SCHED 204-11] Finished scheduling.
INFO: [HLS 200-111] Finished Scheduling: CPU user time: 0 seconds. CPU system time: 0 seconds. Elapsed time: 0.078 seconds; current allocated memory: 470.477 MB.
INFO: [BIND 205-100] Starting micro-architecture generation ...
INFO: [BIND 205-101] Performing variable lifetime analysis.
INFO: [BIND 205-101] Exploring resource sharing.
INFO: [BIND 205-101] Binding ...
INFO: [BIND 205-100] Finished micro-architecture generation.
INFO: [HLS 200-111] Finished Binding: CPU user time: 0 seconds. CPU system time: 0 seconds. Elapsed time: 0.042 seconds; current allocated memory: 470.785 MB.
INFO: [HLS 200-10] ----------------------------------------------------------------
INFO: [HLS 200-42] -- Implementing module 'swiglu_Pipeline_6' 
INFO: [HLS 200-10] ----------------------------------------------------------------
INFO: [SCHED 204-11] Starting scheduling ...
INFO: [HLS 200-1457] Automatically inferring inferring RAM_1WNR storage type for array 'row_buf_79'. Use bind_storage pragma to override this type.
INFO: [HLS 200-1457] Automatically inferring inferring RAM_1WNR storage type for array 'row_buf_48'. Use bind_storage pragma to override this type.
INFO: [HLS 200-1457] Automatically inferring inferring RAM_1WNR storage type for array 'row_buf_49'. Use bind_storage pragma to override this type.
INFO: [HLS 200-1457] Automatically inferring inferring RAM_1WNR storage type for array 'row_buf_50'. Use bind_storage pragma to override this type.
INFO: [HLS 200-1457] Automatically inferring inferring RAM_1WNR storage type for array 'row_buf_51'. Use bind_storage pragma to override this type.
INFO: [HLS 200-1457] Automatically inferring inferring RAM_1WNR storage type for array 'row_buf_52'. Use bind_storage pragma to override this type.
INFO: [HLS 200-1457] Automatically inferring inferring RAM_1WNR storage type for array 'row_buf_53'. Use bind_storage pragma to override this type.
INFO: [HLS 200-1457] Automatically inferring inferring RAM_1WNR storage type for array 'row_buf_54'. Use bind_storage pragma to override this type.
INFO: [HLS 200-1457] Automatically inferring inferring RAM_1WNR storage type for array 'row_buf_55'. Use bind_storage pragma to override this type.
INFO: [HLS 200-1457] Automatically inferring inferring RAM_1WNR storage type for array 'row_buf_56'. Use bind_storage pragma to override this type.
INFO: [HLS 200-1457] Automatically inferring inferring RAM_1WNR storage type for array 'row_buf_57'. Use bind_storage pragma to override this type.
INFO: [HLS 200-1457] Automatically inferring inferring RAM_1WNR storage type for array 'row_buf_58'. Use bind_storage pragma to override this type.
INFO: [HLS 200-1457] Automatically inferring inferring RAM_1WNR storage type for array 'row_buf_59'. Use bind_storage pragma to override this type.
INFO: [HLS 200-1457] Automatically inferring inferring RAM_1WNR storage type for array 'row_buf_60'. Use bind_storage pragma to override this type.
INFO: [HLS 200-1457] Automatically inferring inferring RAM_1WNR storage type for array 'row_buf_61'. Use bind_storage pragma to override this type.
INFO: [HLS 200-1457] Automatically inferring inferring RAM_1WNR storage type for array 'row_buf_62'. Use bind_storage pragma to override this type.
INFO: [HLS 200-1457] Automatically inferring inferring RAM_1WNR storage type for array 'row_buf_63'. Use bind_storage pragma to override this type.
INFO: [HLS 200-1457] Automatically inferring inferring RAM_1WNR storage type for array 'row_buf_64'. Use bind_storage pragma to override this type.
INFO: [HLS 200-1457] Automatically inferring inferring RAM_1WNR storage type for array 'row_buf_65'. Use bind_storage pragma to override this type.
INFO: [HLS 200-1457] Automatically inferring inferring RAM_1WNR storage type for array 'row_buf_66'. Use bind_storage pragma to override this type.
INFO: [HLS 200-1457] Automatically inferring inferring RAM_1WNR storage type for array 'row_buf_67'. Use bind_storage pragma to override this type.
INFO: [HLS 200-1457] Automatically inferring inferring RAM_1WNR storage type for array 'row_buf_68'. Use bind_storage pragma to override this type.
INFO: [HLS 200-1457] Automatically inferring inferring RAM_1WNR storage type for array 'row_buf_69'. Use bind_storage pragma to override this type.
INFO: [HLS 200-1457] Automatically inferring inferring RAM_1WNR storage type for array 'row_buf_70'. Use bind_storage pragma to override this type.
INFO: [HLS 200-1457] Automatically inferring inferring RAM_1WNR storage type for array 'row_buf_71'. Use bind_storage pragma to override this type.
INFO: [HLS 200-1457] Automatically inferring inferring RAM_1WNR storage type for array 'row_buf_72'. Use bind_storage pragma to override this type.
INFO: [HLS 200-1457] Automatically inferring inferring RAM_1WNR storage type for array 'row_buf_73'. Use bind_storage pragma to override this type.
INFO: [HLS 200-1457] Automatically inferring inferring RAM_1WNR storage type for array 'row_buf_74'. Use bind_storage pragma to override this type.
INFO: [HLS 200-1457] Automatically inferring inferring RAM_1WNR storage type for array 'row_buf_75'. Use bind_storage pragma to override this type.
INFO: [HLS 200-1457] Automatically inferring inferring RAM_1WNR storage type for array 'row_buf_76'. Use bind_storage pragma to override this type.
INFO: [HLS 200-1457] Automatically inferring inferring RAM_1WNR storage type for array 'row_buf_77'. Use bind_storage pragma to override this type.
INFO: [HLS 200-1457] Automatically inferring inferring RAM_1WNR storage type for array 'row_buf_78'. Use bind_storage pragma to override this type.
INFO: [SCHED 204-61] Pipelining loop 'Loop 1'.
INFO: [HLS 200-1470] Pipelining result : Target II = NA, Final II = 1, Depth = 4, loop 'Loop 1'
INFO: [SCHED 204-11] Finished scheduling.
INFO: [HLS 200-111] Finished Scheduling: CPU user time: 0 seconds. CPU system time: 0 seconds. Elapsed time: 3.477 seconds; current allocated memory: 471.891 MB.
INFO: [BIND 205-100] Starting micro-architecture generation ...
INFO: [BIND 205-101] Performing variable lifetime analysis.
INFO: [BIND 205-101] Exploring resource sharing.
INFO: [BIND 205-101] Binding ...
INFO: [BIND 205-100] Finished micro-architecture generation.
INFO: [HLS 200-111] Finished Binding: CPU user time: 0 seconds. CPU system time: 0 seconds. Elapsed time: 0.032 seconds; current allocated memory: 471.895 MB.
INFO: [HLS 200-10] ----------------------------------------------------------------
INFO: [HLS 200-42] -- Implementing module 'decode_mac_q6k_Pipeline_VITIS_LOOP_34_1' 
INFO: [HLS 200-10] ----------------------------------------------------------------
INFO: [SCHED 204-11] Starting scheduling ...
INFO: [SCHED 204-61] Pipelining loop 'VITIS_LOOP_34_1'.
INFO: [HLS 200-1470] Pipelining result : Target II = NA, Final II = 1, Depth = 2, loop 'VITIS_LOOP_34_1'
INFO: [SCHED 204-11] Finished scheduling.
INFO: [HLS 200-111] Finished Scheduling: CPU user time: 1 seconds. CPU system time: 0 seconds. Elapsed time: 0.04 seconds; current allocated memory: 472.055 MB.
INFO: [BIND 205-100] Starting micro-architecture generation ...
INFO: [BIND 205-101] Performing variable lifetime analysis.
INFO: [BIND 205-101] Exploring resource sharing.
INFO: [BIND 205-101] Binding ...
INFO: [BIND 205-100] Finished micro-architecture generation.
INFO: [HLS 200-111] Finished Binding: CPU user time: 0 seconds. CPU system time: 0 seconds. Elapsed time: 0.018 seconds; current allocated memory: 472.176 MB.
INFO: [HLS 200-10] ----------------------------------------------------------------
INFO: [HLS 200-42] -- Implementing module 'decode_mac_q6k_Pipeline_MAC_Q6K' 
INFO: [HLS 200-10] ----------------------------------------------------------------
INFO: [SCHED 204-11] Starting scheduling ...
INFO: [HLS 200-1457] Automatically inferring inferring RAM_1WNR storage type for array 'block_31'. Use bind_storage pragma to override this type.
INFO: [HLS 200-1457] Automatically inferring inferring RAM_1WNR storage type for array 'block_30'. Use bind_storage pragma to override this type.
INFO: [HLS 200-1457] Automatically inferring inferring RAM_1WNR storage type for array 'block_29'. Use bind_storage pragma to override this type.
INFO: [HLS 200-1457] Automatically inferring inferring RAM_1WNR storage type for array 'block_28'. Use bind_storage pragma to override this type.
INFO: [HLS 200-1457] Automatically inferring inferring RAM_1WNR storage type for array 'block_27'. Use bind_storage pragma to override this type.
INFO: [HLS 200-1457] Automatically inferring inferring RAM_1WNR storage type for array 'block_26'. Use bind_storage pragma to override this type.
INFO: [HLS 200-1457] Automatically inferring inferring RAM_1WNR storage type for array 'block_25'. Use bind_storage pragma to override this type.
INFO: [HLS 200-1457] Automatically inferring inferring RAM_1WNR storage type for array 'block_24'. Use bind_storage pragma to override this type.
INFO: [HLS 200-1457] Automatically inferring inferring RAM_1WNR storage type for array 'block_23'. Use bind_storage pragma to override this type.
INFO: [HLS 200-1457] Automatically inferring inferring RAM_1WNR storage type for array 'block_22'. Use bind_storage pragma to override this type.
INFO: [HLS 200-1457] Automatically inferring inferring RAM_1WNR storage type for array 'block_21'. Use bind_storage pragma to override this type.
INFO: [HLS 200-1457] Automatically inferring inferring RAM_1WNR storage type for array 'block_20'. Use bind_storage pragma to override this type.
INFO: [HLS 200-1457] Automatically inferring inferring RAM_1WNR storage type for array 'block_19'. Use bind_storage pragma to override this type.
INFO: [HLS 200-1457] Automatically inferring inferring RAM_1WNR storage type for array 'block_18'. Use bind_storage pragma to override this type.
INFO: [HLS 200-1457] Automatically inferring inferring RAM_1WNR storage type for array 'block_17'. Use bind_storage pragma to override this type.
INFO: [HLS 200-1457] Automatically inferring inferring RAM_1WNR storage type for array 'block_16'. Use bind_storage pragma to override this type.
INFO: [HLS 200-1457] Automatically inferring inferring RAM_1WNR storage type for array 'block_15'. Use bind_storage pragma to override this type.
INFO: [HLS 200-1457] Automatically inferring inferring RAM_1WNR storage type for array 'block_14'. Use bind_storage pragma to override this type.
INFO: [HLS 200-1457] Automatically inferring inferring RAM_1WNR storage type for array 'block_13'. Use bind_storage pragma to override this type.
INFO: [HLS 200-1457] Automatically inferring inferring RAM_1WNR storage type for array 'block_12'. Use bind_storage pragma to override this type.
INFO: [HLS 200-1457] Automatically inferring inferring RAM_1WNR storage type for array 'block_11'. Use bind_storage pragma to override this type.
INFO: [HLS 200-1457] Automatically inferring inferring RAM_1WNR storage type for array 'block_10'. Use bind_storage pragma to override this type.
INFO: [HLS 200-1457] Automatically inferring inferring RAM_1WNR storage type for array 'block_9'. Use bind_storage pragma to override this type.
INFO: [HLS 200-1457] Automatically inferring inferring RAM_1WNR storage type for array 'block_8'. Use bind_storage pragma to override this type.
INFO: [HLS 200-1457] Automatically inferring inferring RAM_1WNR storage type for array 'block_7'. Use bind_storage pragma to override this type.
INFO: [HLS 200-1457] Automatically inferring inferring RAM_1WNR storage type for array 'block_6'. Use bind_storage pragma to override this type.
INFO: [HLS 200-1457] Automatically inferring inferring RAM_1WNR storage type for array 'block_5'. Use bind_storage pragma to override this type.
INFO: [HLS 200-1457] Automatically inferring inferring RAM_1WNR storage type for array 'block_4'. Use bind_storage pragma to override this type.
INFO: [HLS 200-1457] Automatically inferring inferring RAM_1WNR storage type for array 'block_3'. Use bind_storage pragma to override this type.
INFO: [HLS 200-1457] Automatically inferring inferring RAM_1WNR storage type for array 'block_2'. Use bind_storage pragma to override this type.
INFO: [HLS 200-1457] Automatically inferring inferring RAM_1WNR storage type for array 'block_1'. Use bind_storage pragma to override this type.
INFO: [HLS 200-1457] Automatically inferring inferring RAM_1WNR storage type for array 'block_0'. Use bind_storage pragma to override this type.
INFO: [SCHED 204-61] Pipelining loop 'MAC_Q6K'.
INFO: [HLS 200-1470] Pipelining result : Target II = 1, Final II = 1, Depth = 31, loop 'MAC_Q6K'
INFO: [SCHED 204-11] Finished scheduling.
INFO: [HLS 200-111] Finished Scheduling: CPU user time: 0 seconds. CPU system time: 0 seconds. Elapsed time: 1.998 seconds; current allocated memory: 476.223 MB.
INFO: [BIND 205-100] Starting micro-architecture generation ...
INFO: [BIND 205-101] Performing variable lifetime analysis.
INFO: [BIND 205-101] Exploring resource sharing.
INFO: [BIND 205-101] Binding ...
INFO: [BIND 205-100] Finished micro-architecture generation.
INFO: [HLS 200-111] Finished Binding: CPU user time: 0 seconds. CPU system time: 0 seconds. Elapsed time: 0.094 seconds; current allocated memory: 477.707 MB.
INFO: [HLS 200-10] ----------------------------------------------------------------
INFO: [HLS 200-42] -- Implementing module 'decode_mac_q6k_Pipeline_REDUCE_Q6K' 
INFO: [HLS 200-10] ----------------------------------------------------------------
INFO: [SCHED 204-11] Starting scheduling ...
INFO: [SCHED 204-61] Pipelining loop 'REDUCE_Q6K'.
WARNING: [HLS 200-880] The II Violation in module 'decode_mac_q6k_Pipeline_REDUCE_Q6K' (loop 'REDUCE_Q6K'): Unable to enforce a carried dependence constraint (II = 1, distance = 1, offset = 0) between 'store' operation 0 bit ('sum_write_ln122', swiglu.cpp:122) of variable 'sum', swiglu.cpp:123 on local variable 'sum', swiglu.cpp:122 and 'load' operation 32 bit ('sum_load', swiglu.cpp:123) on local variable 'sum', swiglu.cpp:122.
Resolution: For help on HLS 200-880 see docs.xilinx.com/access/sources/dita/topic?Doc_Version=2025.1%20English&url=ug1448-hls-guidance&resourceid=200-880.html
WARNING: [HLS 200-880] The II Violation in module 'decode_mac_q6k_Pipeline_REDUCE_Q6K' (loop 'REDUCE_Q6K'): Unable to enforce a carried dependence constraint (II = 2, distance = 1, offset = 0) between 'store' operation 0 bit ('sum_write_ln122', swiglu.cpp:122) of variable 'sum', swiglu.cpp:123 on local variable 'sum', swiglu.cpp:122 and 'load' operation 32 bit ('sum_load', swiglu.cpp:123) on local variable 'sum', swiglu.cpp:122.
Resolution: For help on HLS 200-880 see docs.xilinx.com/access/sources/dita/topic?Doc_Version=2025.1%20English&url=ug1448-hls-guidance&resourceid=200-880.html
INFO: [HLS 200-1470] Pipelining result : Target II = NA, Final II = 3, Depth = 5, loop 'REDUCE_Q6K'
INFO: [SCHED 204-11] Finished scheduling.
INFO: [HLS 200-111] Finished Scheduling: CPU user time: 0 seconds. CPU system time: 0 seconds. Elapsed time: 1.813 seconds; current allocated memory: 477.961 MB.
INFO: [BIND 205-100] Starting micro-architecture generation ...
INFO: [BIND 205-101] Performing variable lifetime analysis.
INFO: [BIND 205-101] Exploring resource sharing.
INFO: [BIND 205-101] Binding ...
INFO: [BIND 205-100] Finished micro-architecture generation.
INFO: [HLS 200-111] Finished Binding: CPU user time: 0 seconds. CPU system time: 0 seconds. Elapsed time: 0.019 seconds; current allocated memory: 477.961 MB.
INFO: [HLS 200-10] ----------------------------------------------------------------
INFO: [HLS 200-42] -- Implementing module 'decode_mac_q6k' 
INFO: [HLS 200-10] ----------------------------------------------------------------
INFO: [SCHED 204-11] Starting scheduling ...
INFO: [HLS 200-1457] Automatically inferring inferring RAM_1WNR storage type for array 'block_31'. Use bind_storage pragma to override this type.
INFO: [HLS 200-1457] Automatically inferring inferring RAM_1WNR storage type for array 'block_30'. Use bind_storage pragma to override this type.
INFO: [HLS 200-1457] Automatically inferring inferring RAM_1WNR storage type for array 'block_29'. Use bind_storage pragma to override this type.
INFO: [HLS 200-1457] Automatically inferring inferring RAM_1WNR storage type for array 'block_28'. Use bind_storage pragma to override this type.
INFO: [HLS 200-1457] Automatically inferring inferring RAM_1WNR storage type for array 'block_27'. Use bind_storage pragma to override this type.
INFO: [HLS 200-1457] Automatically inferring inferring RAM_1WNR storage type for array 'block_26'. Use bind_storage pragma to override this type.
INFO: [HLS 200-1457] Automatically inferring inferring RAM_1WNR storage type for array 'block_25'. Use bind_storage pragma to override this type.
INFO: [HLS 200-1457] Automatically inferring inferring RAM_1WNR storage type for array 'block_24'. Use bind_storage pragma to override this type.
INFO: [HLS 200-1457] Automatically inferring inferring RAM_1WNR storage type for array 'block_23'. Use bind_storage pragma to override this type.
INFO: [HLS 200-1457] Automatically inferring inferring RAM_1WNR storage type for array 'block_22'. Use bind_storage pragma to override this type.
INFO: [HLS 200-1457] Automatically inferring inferring RAM_1WNR storage type for array 'block_21'. Use bind_storage pragma to override this type.
INFO: [HLS 200-1457] Automatically inferring inferring RAM_1WNR storage type for array 'block_20'. Use bind_storage pragma to override this type.
INFO: [HLS 200-1457] Automatically inferring inferring RAM_1WNR storage type for array 'block_19'. Use bind_storage pragma to override this type.
INFO: [HLS 200-1457] Automatically inferring inferring RAM_1WNR storage type for array 'block_18'. Use bind_storage pragma to override this type.
INFO: [HLS 200-1457] Automatically inferring inferring RAM_1WNR storage type for array 'block_17'. Use bind_storage pragma to override this type.
INFO: [HLS 200-1457] Automatically inferring inferring RAM_1WNR storage type for array 'block_16'. Use bind_storage pragma to override this type.
INFO: [HLS 200-1457] Automatically inferring inferring RAM_1WNR storage type for array 'block_15'. Use bind_storage pragma to override this type.
INFO: [HLS 200-1457] Automatically inferring inferring RAM_1WNR storage type for array 'block_14'. Use bind_storage pragma to override this type.
INFO: [HLS 200-1457] Automatically inferring inferring RAM_1WNR storage type for array 'block_13'. Use bind_storage pragma to override this type.
INFO: [HLS 200-1457] Automatically inferring inferring RAM_1WNR storage type for array 'block_12'. Use bind_storage pragma to override this type.
INFO: [HLS 200-1457] Automatically inferring inferring RAM_1WNR storage type for array 'block_11'. Use bind_storage pragma to override this type.
INFO: [HLS 200-1457] Automatically inferring inferring RAM_1WNR storage type for array 'block_10'. Use bind_storage pragma to override this type.
INFO: [HLS 200-1457] Automatically inferring inferring RAM_1WNR storage type for array 'block_9'. Use bind_storage pragma to override this type.
INFO: [HLS 200-1457] Automatically inferring inferring RAM_1WNR storage type for array 'block_8'. Use bind_storage pragma to override this type.
INFO: [HLS 200-1457] Automatically inferring inferring RAM_1WNR storage type for array 'block_7'. Use bind_storage pragma to override this type.
INFO: [HLS 200-1457] Automatically inferring inferring RAM_1WNR storage type for array 'block_6'. Use bind_storage pragma to override this type.
INFO: [HLS 200-1457] Automatically inferring inferring RAM_1WNR storage type for array 'block_5'. Use bind_storage pragma to override this type.
INFO: [HLS 200-1457] Automatically inferring inferring RAM_1WNR storage type for array 'block_4'. Use bind_storage pragma to override this type.
INFO: [HLS 200-1457] Automatically inferring inferring RAM_1WNR storage type for array 'block_3'. Use bind_storage pragma to override this type.
INFO: [HLS 200-1457] Automatically inferring inferring RAM_1WNR storage type for array 'block_2'. Use bind_storage pragma to override this type.
INFO: [HLS 200-1457] Automatically inferring inferring RAM_1WNR storage type for array 'block_1'. Use bind_storage pragma to override this type.
INFO: [HLS 200-1457] Automatically inferring inferring RAM_1WNR storage type for array 'block_0'. Use bind_storage pragma to override this type.
INFO: [SCHED 204-11] Finished scheduling.
INFO: [HLS 200-111] Finished Scheduling: CPU user time: 0 seconds. CPU system time: 0 seconds. Elapsed time: 2.045 seconds; current allocated memory: 479.734 MB.
INFO: [BIND 205-100] Starting micro-architecture generation ...
INFO: [BIND 205-101] Performing variable lifetime analysis.
INFO: [BIND 205-101] Exploring resource sharing.
INFO: [BIND 205-101] Binding ...
INFO: [BIND 205-100] Finished micro-architecture generation.
INFO: [HLS 200-111] Finished Binding: CPU user time: 0 seconds. CPU system time: 0 seconds. Elapsed time: 0.059 seconds; current allocated memory: 480.570 MB.
INFO: [HLS 200-10] ----------------------------------------------------------------
INFO: [HLS 200-42] -- Implementing module 'swiglu_Pipeline_5' 
INFO: [HLS 200-10] ----------------------------------------------------------------
INFO: [SCHED 204-11] Starting scheduling ...
INFO: [SCHED 204-61] Pipelining loop 'Loop 1'.
INFO: [HLS 200-1470] Pipelining result : Target II = NA, Final II = 1, Depth = 4, loop 'Loop 1'
INFO: [SCHED 204-11] Finished scheduling.
INFO: [HLS 200-111] Finished Scheduling: CPU user time: 0 seconds. CPU system time: 0 seconds. Elapsed time: 0.147 seconds; current allocated memory: 482.059 MB.
INFO: [BIND 205-100] Starting micro-architecture generation ...
INFO: [BIND 205-101] Performing variable lifetime analysis.
INFO: [BIND 205-101] Exploring resource sharing.
INFO: [BIND 205-101] Binding ...
INFO: [BIND 205-100] Finished micro-architecture generation.
INFO: [HLS 200-111] Finished Binding: CPU user time: 0 seconds. CPU system time: 0 seconds. Elapsed time: 0.029 seconds; current allocated memory: 482.281 MB.
INFO: [HLS 200-10] ----------------------------------------------------------------
INFO: [HLS 200-42] -- Implementing module 'decode_mac_q4k_1_Pipeline_1' 
INFO: [HLS 200-10] ----------------------------------------------------------------
INFO: [SCHED 204-11] Starting scheduling ...
INFO: [SCHED 204-61] Pipelining loop 'Loop 1'.
INFO: [HLS 200-1470] Pipelining result : Target II = NA, Final II = 1, Depth = 1, loop 'Loop 1'
INFO: [SCHED 204-11] Finished scheduling.
INFO: [HLS 200-111] Finished Scheduling: CPU user time: 0 seconds. CPU system time: 0 seconds. Elapsed time: 1.72 seconds; current allocated memory: 482.320 MB.
INFO: [BIND 205-100] Starting micro-architecture generation ...
INFO: [BIND 205-101] Performing variable lifetime analysis.
INFO: [BIND 205-101] Exploring resource sharing.
INFO: [BIND 205-101] Binding ...
INFO: [BIND 205-100] Finished micro-architecture generation.
INFO: [HLS 200-111] Finished Binding: CPU user time: 0 seconds. CPU system time: 0 seconds. Elapsed time: 0.022 seconds; current allocated memory: 482.324 MB.
INFO: [HLS 200-10] ----------------------------------------------------------------
INFO: [HLS 200-42] -- Implementing module 'decode_mac_q4k_1_Pipeline_VITIS_LOOP_34_1' 
INFO: [HLS 200-10] ----------------------------------------------------------------
INFO: [SCHED 204-11] Starting scheduling ...
INFO: [SCHED 204-61] Pipelining loop 'VITIS_LOOP_34_1'.
INFO: [HLS 200-1470] Pipelining result : Target II = NA, Final II = 1, Depth = 2, loop 'VITIS_LOOP_34_1'
INFO: [SCHED 204-11] Finished scheduling.
INFO: [HLS 200-111] Finished Scheduling: CPU user time: 0 seconds. CPU system time: 0 seconds. Elapsed time: 0.028 seconds; current allocated memory: 482.559 MB.
INFO: [BIND 205-100] Starting micro-architecture generation ...
INFO: [BIND 205-101] Performing variable lifetime analysis.
INFO: [BIND 205-101] Exploring resource sharing.
INFO: [BIND 205-101] Binding ...
INFO: [BIND 205-100] Finished micro-architecture generation.
INFO: [HLS 200-111] Finished Binding: CPU user time: 0 seconds. CPU system time: 0 seconds. Elapsed time: 0.018 seconds; current allocated memory: 482.559 MB.
INFO: [HLS 200-10] ----------------------------------------------------------------
INFO: [HLS 200-42] -- Implementing module 'decode_mac_q4k_1_Pipeline_VITIS_LOOP_34_13' 
INFO: [HLS 200-10] ----------------------------------------------------------------
INFO: [SCHED 204-11] Starting scheduling ...
INFO: [SCHED 204-61] Pipelining loop 'VITIS_LOOP_34_1'.
INFO: [HLS 200-1470] Pipelining result : Target II = NA, Final II = 1, Depth = 2, loop 'VITIS_LOOP_34_1'
INFO: [SCHED 204-11] Finished scheduling.
INFO: [HLS 200-111] Finished Scheduling: CPU user time: 0 seconds. CPU system time: 0 seconds. Elapsed time: 0.027 seconds; current allocated memory: 482.840 MB.
INFO: [BIND 205-100] Starting micro-architecture generation ...
INFO: [BIND 205-101] Performing variable lifetime analysis.
INFO: [BIND 205-101] Exploring resource sharing.
INFO: [BIND 205-101] Binding ...
INFO: [BIND 205-100] Finished micro-architecture generation.
INFO: [HLS 200-111] Finished Binding: CPU user time: 0 seconds. CPU system time: 0 seconds. Elapsed time: 0.018 seconds; current allocated memory: 482.840 MB.
INFO: [HLS 200-10] ----------------------------------------------------------------
INFO: [HLS 200-42] -- Implementing module 'decode_mac_q4k_1_Pipeline_4' 
INFO: [HLS 200-10] ----------------------------------------------------------------
INFO: [SCHED 204-11] Starting scheduling ...
INFO: [SCHED 204-61] Pipelining loop 'Loop 1'.
INFO: [HLS 200-1470] Pipelining result : Target II = NA, Final II = 1, Depth = 1, loop 'Loop 1'
INFO: [SCHED 204-11] Finished scheduling.
INFO: [HLS 200-111] Finished Scheduling: CPU user time: 0 seconds. CPU system time: 0 seconds. Elapsed time: 0.026 seconds; current allocated memory: 483.238 MB.
INFO: [BIND 205-100] Starting micro-architecture generation ...
INFO: [BIND 205-101] Performing variable lifetime analysis.
INFO: [BIND 205-101] Exploring resource sharing.
INFO: [BIND 205-101] Binding ...
INFO: [BIND 205-100] Finished micro-architecture generation.
INFO: [HLS 200-111] Finished Binding: CPU user time: 0 seconds. CPU system time: 0 seconds. Elapsed time: 0.02 seconds; current allocated memory: 483.320 MB.
INFO: [HLS 200-10] ----------------------------------------------------------------
INFO: [HLS 200-42] -- Implementing module 'decode_mac_q4k_1_Pipeline_MAC_Q4K' 
INFO: [HLS 200-10] ----------------------------------------------------------------
INFO: [SCHED 204-11] Starting scheduling ...
INFO: [SCHED 204-61] Pipelining loop 'MAC_Q4K'.
INFO: [HLS 200-1470] Pipelining result : Target II = 1, Final II = 1, Depth = 31, loop 'MAC_Q4K'
INFO: [SCHED 204-11] Finished scheduling.
INFO: [HLS 200-111] Finished Scheduling: CPU user time: 1 seconds. CPU system time: 0 seconds. Elapsed time: 2.005 seconds; current allocated memory: 486.145 MB.
INFO: [BIND 205-100] Starting micro-architecture generation ...
INFO: [BIND 205-101] Performing variable lifetime analysis.
INFO: [BIND 205-101] Exploring resource sharing.
INFO: [BIND 205-101] Binding ...
INFO: [BIND 205-100] Finished micro-architecture generation.
INFO: [HLS 200-111] Finished Binding: CPU user time: 0 seconds. CPU system time: 0 seconds. Elapsed time: 0.063 seconds; current allocated memory: 486.809 MB.
INFO: [HLS 200-10] ----------------------------------------------------------------
INFO: [HLS 200-42] -- Implementing module 'decode_mac_q4k_1_Pipeline_REDUCE_Q4K' 
INFO: [HLS 200-10] ----------------------------------------------------------------
INFO: [SCHED 204-11] Starting scheduling ...
INFO: [SCHED 204-61] Pipelining loop 'REDUCE_Q4K'.
WARNING: [HLS 200-880] The II Violation in module 'decode_mac_q4k_1_Pipeline_REDUCE_Q4K' (loop 'REDUCE_Q4K'): Unable to enforce a carried dependence constraint (II = 1, distance = 1, offset = 0) between 'store' operation 0 bit ('sum_w_write_ln89', swiglu.cpp:89) of variable 'sum_w', swiglu.cpp:91 on local variable 'sum_w', swiglu.cpp:89 and 'load' operation 32 bit ('sum_w_load', swiglu.cpp:91) on local variable 'sum_w', swiglu.cpp:89.
Resolution: For help on HLS 200-880 see docs.xilinx.com/access/sources/dita/topic?Doc_Version=2025.1%20English&url=ug1448-hls-guidance&resourceid=200-880.html
WARNING: [HLS 200-880] The II Violation in module 'decode_mac_q4k_1_Pipeline_REDUCE_Q4K' (loop 'REDUCE_Q4K'): Unable to enforce a carried dependence constraint (II = 2, distance = 1, offset = 0) between 'store' operation 0 bit ('sum_w_write_ln89', swiglu.cpp:89) of variable 'sum_w', swiglu.cpp:91 on local variable 'sum_w', swiglu.cpp:89 and 'load' operation 32 bit ('sum_w_load', swiglu.cpp:91) on local variable 'sum_w', swiglu.cpp:89.
Resolution: For help on HLS 200-880 see docs.xilinx.com/access/sources/dita/topic?Doc_Version=2025.1%20English&url=ug1448-hls-guidance&resourceid=200-880.html
INFO: [HLS 200-1470] Pipelining result : Target II = NA, Final II = 3, Depth = 6, loop 'REDUCE_Q4K'
INFO: [SCHED 204-11] Finished scheduling.
INFO: [HLS 200-111] Finished Scheduling: CPU user time: 0 seconds. CPU system time: 0 seconds. Elapsed time: 0.082 seconds; current allocated memory: 487.102 MB.
INFO: [BIND 205-100] Starting micro-architecture generation ...
INFO: [BIND 205-101] Performing variable lifetime analysis.
INFO: [BIND 205-101] Exploring resource sharing.
INFO: [BIND 205-101] Binding ...
INFO: [BIND 205-100] Finished micro-architecture generation.
INFO: [HLS 200-111] Finished Binding: CPU user time: 0 seconds. CPU system time: 0 seconds. Elapsed time: 0.018 seconds; current allocated memory: 487.160 MB.
INFO: [HLS 200-10] ----------------------------------------------------------------
INFO: [HLS 200-42] -- Implementing module 'decode_mac_q4k_1' 
INFO: [HLS 200-10] ----------------------------------------------------------------
INFO: [SCHED 204-11] Starting scheduling ...
INFO: [SCHED 204-11] Finished scheduling.
INFO: [HLS 200-111] Finished Scheduling: CPU user time: 0 seconds. CPU system time: 0 seconds. Elapsed time: 0.486 seconds; current allocated memory: 500.828 MB.
INFO: [BIND 205-100] Starting micro-architecture generation ...
INFO: [BIND 205-101] Performing variable lifetime analysis.
INFO: [BIND 205-101] Exploring resource sharing.
INFO: [BIND 205-101] Binding ...
INFO: [BIND 205-100] Finished micro-architecture generation.
INFO: [HLS 200-111] Finished Binding: CPU user time: 0 seconds. CPU system time: 1 seconds. Elapsed time: 0.237 seconds; current allocated memory: 502.434 MB.
INFO: [HLS 200-10] ----------------------------------------------------------------
INFO: [HLS 200-42] -- Implementing module 'swiglu' 
INFO: [HLS 200-10] ----------------------------------------------------------------
INFO: [SCHED 204-11] Starting scheduling ...
INFO: [SCHED 204-11] Finished scheduling.
INFO: [HLS 200-111] Finished Scheduling: CPU user time: 1 seconds. CPU system time: 0 seconds. Elapsed time: 1.406 seconds; current allocated memory: 526.004 MB.
INFO: [BIND 205-100] Starting micro-architecture generation ...
INFO: [BIND 205-101] Performing variable lifetime analysis.
INFO: [BIND 205-101] Exploring resource sharing.
WARNING: [BIND 205-102] The specified resource core for memory 'X1_cache' will be ignored if a simpler one can be used.
WARNING: [BIND 205-102] The specified resource core for memory 'X1_cache_1' will be ignored if a simpler one can be used.
WARNING: [BIND 205-102] The specified resource core for memory 'X1_cache_2' will be ignored if a simpler one can be used.
WARNING: [BIND 205-102] The specified resource core for memory 'X1_cache_3' will be ignored if a simpler one can be used.
WARNING: [BIND 205-102] The specified resource core for memory 'X1_cache_4' will be ignored if a simpler one can be used.
WARNING: [BIND 205-102] The specified resource core for memory 'X1_cache_5' will be ignored if a simpler one can be used.
WARNING: [BIND 205-102] The specified resource core for memory 'X1_cache_6' will be ignored if a simpler one can be used.
WARNING: [BIND 205-102] The specified resource core for memory 'X1_cache_7' will be ignored if a simpler one can be used.
WARNING: [BIND 205-102] The specified resource core for memory 'X2_cache' will be ignored if a simpler one can be used.
WARNING: [BIND 205-102] The specified resource core for memory 'X2_cache_1' will be ignored if a simpler one can be used.
WARNING: [BIND 205-102] The specified resource core for memory 'X2_cache_2' will be ignored if a simpler one can be used.
WARNING: [BIND 205-102] The specified resource core for memory 'X2_cache_3' will be ignored if a simpler one can be used.
WARNING: [BIND 205-102] The specified resource core for memory 'X2_cache_4' will be ignored if a simpler one can be used.
WARNING: [BIND 205-102] The specified resource core for memory 'X2_cache_5' will be ignored if a simpler one can be used.
WARNING: [BIND 205-102] The specified resource core for memory 'X2_cache_6' will be ignored if a simpler one can be used.
WARNING: [BIND 205-102] The specified resource core for memory 'X2_cache_7' will be ignored if a simpler one can be used.
INFO: [BIND 205-101] Binding ...
INFO: [BIND 205-100] Finished micro-architecture generation.
INFO: [HLS 200-111] Finished Binding: CPU user time: 0 seconds. CPU system time: 0 seconds. Elapsed time: 0.458 seconds; current allocated memory: 528.793 MB.
INFO: [HLS 200-10] ----------------------------------------------------------------
INFO: [HLS 200-10] -- Generating RTL for module 'swiglu_Pipeline_1' 
INFO: [HLS 200-10] ----------------------------------------------------------------
INFO: [HLS 200-1030] Apply Unified Pipeline Control on module 'swiglu_Pipeline_1' pipeline 'Loop 1' pipeline type 'loop pipeline'
WARNING: [RTGEN 206-101] Setting dangling out port 'swiglu_Pipeline_1/m_axi_gmem_x_0_ARVALID' to 0.
WARNING: [RTGEN 206-101] Setting dangling out port 'swiglu_Pipeline_1/m_axi_gmem_x_0_ARADDR' to 0.
WARNING: [RTGEN 206-101] Setting dangling out port 'swiglu_Pipeline_1/m_axi_gmem_x_0_ARID' to 0.
WARNING: [RTGEN 206-101] Setting dangling out port 'swiglu_Pipeline_1/m_axi_gmem_x_0_ARLEN' to 0.
WARNING: [RTGEN 206-101] Setting dangling out port 'swiglu_Pipeline_1/m_axi_gmem_x_0_ARSIZE' to 0.
WARNING: [RTGEN 206-101] Setting dangling out port 'swiglu_Pipeline_1/m_axi_gmem_x_0_ARBURST' to 0.
WARNING: [RTGEN 206-101] Setting dangling out port 'swiglu_Pipeline_1/m_axi_gmem_x_0_ARLOCK' to 0.
WARNING: [RTGEN 206-101] Setting dangling out port 'swiglu_Pipeline_1/m_axi_gmem_x_0_ARCACHE' to 0.
WARNING: [RTGEN 206-101] Setting dangling out port 'swiglu_Pipeline_1/m_axi_gmem_x_0_ARPROT' to 0.
WARNING: [RTGEN 206-101] Setting dangling out port 'swiglu_Pipeline_1/m_axi_gmem_x_0_ARQOS' to 0.
WARNING: [RTGEN 206-101] Setting dangling out port 'swiglu_Pipeline_1/m_axi_gmem_x_0_ARREGION' to 0.
WARNING: [RTGEN 206-101] Setting dangling out port 'swiglu_Pipeline_1/m_axi_gmem_x_0_ARUSER' to 0.
INFO: [RTGEN 206-100] Finished creating RTL model for 'swiglu_Pipeline_1'.
INFO: [HLS 200-111] Finished Creating RTL model: CPU user time: 1 seconds. CPU system time: 0 seconds. Elapsed time: 1.138 seconds; current allocated memory: 530.266 MB.
INFO: [HLS 200-10] ----------------------------------------------------------------
INFO: [HLS 200-10] -- Generating RTL for module 'swiglu_Pipeline_2' 
INFO: [HLS 200-10] ----------------------------------------------------------------
INFO: [HLS 200-1030] Apply Unified Pipeline Control on module 'swiglu_Pipeline_2' pipeline 'Loop 1' pipeline type 'loop pipeline'
WARNING: [RTGEN 206-101] Setting dangling out port 'swiglu_Pipeline_2/m_axi_gmem_W_0_ARVALID' to 0.
WARNING: [RTGEN 206-101] Setting dangling out port 'swiglu_Pipeline_2/m_axi_gmem_W_0_ARADDR' to 0.
WARNING: [RTGEN 206-101] Setting dangling out port 'swiglu_Pipeline_2/m_axi_gmem_W_0_ARID' to 0.
WARNING: [RTGEN 206-101] Setting dangling out port 'swiglu_Pipeline_2/m_axi_gmem_W_0_ARLEN' to 0.
WARNING: [RTGEN 206-101] Setting dangling out port 'swiglu_Pipeline_2/m_axi_gmem_W_0_ARSIZE' to 0.
WARNING: [RTGEN 206-101] Setting dangling out port 'swiglu_Pipeline_2/m_axi_gmem_W_0_ARBURST' to 0.
WARNING: [RTGEN 206-101] Setting dangling out port 'swiglu_Pipeline_2/m_axi_gmem_W_0_ARLOCK' to 0.
WARNING: [RTGEN 206-101] Setting dangling out port 'swiglu_Pipeline_2/m_axi_gmem_W_0_ARCACHE' to 0.
WARNING: [RTGEN 206-101] Setting dangling out port 'swiglu_Pipeline_2/m_axi_gmem_W_0_ARPROT' to 0.
WARNING: [RTGEN 206-101] Setting dangling out port 'swiglu_Pipeline_2/m_axi_gmem_W_0_ARQOS' to 0.
WARNING: [RTGEN 206-101] Setting dangling out port 'swiglu_Pipeline_2/m_axi_gmem_W_0_ARREGION' to 0.
WARNING: [RTGEN 206-101] Setting dangling out port 'swiglu_Pipeline_2/m_axi_gmem_W_0_ARUSER' to 0.
INFO: [RTGEN 206-100] Finished creating RTL model for 'swiglu_Pipeline_2'.
INFO: [HLS 200-111] Finished Creating RTL model: CPU user time: 0 seconds. CPU system time: 0 seconds. Elapsed time: 0.194 seconds; current allocated memory: 534.742 MB.
INFO: [HLS 200-10] ----------------------------------------------------------------
INFO: [HLS 200-10] -- Generating RTL for module 'decode_mac_q4k_Pipeline_VITIS_LOOP_34_1' 
INFO: [HLS 200-10] ----------------------------------------------------------------
INFO: [HLS 200-1030] Apply Unified Pipeline Control on module 'decode_mac_q4k_Pipeline_VITIS_LOOP_34_1' pipeline 'VITIS_LOOP_34_1' pipeline type 'loop pipeline'
INFO: [RTGEN 206-100] Finished creating RTL model for 'decode_mac_q4k_Pipeline_VITIS_LOOP_34_1'.
INFO: [HLS 200-111] Finished Creating RTL model: CPU user time: 0 seconds. CPU system time: 0 seconds. Elapsed time: 0.089 seconds; current allocated memory: 534.742 MB.
INFO: [HLS 200-10] ----------------------------------------------------------------
INFO: [HLS 200-10] -- Generating RTL for module 'decode_mac_q4k_Pipeline_VITIS_LOOP_34_14' 
INFO: [HLS 200-10] ----------------------------------------------------------------
INFO: [HLS 200-1030] Apply Unified Pipeline Control on module 'decode_mac_q4k_Pipeline_VITIS_LOOP_34_14' pipeline 'VITIS_LOOP_34_1' pipeline type 'loop pipeline'
INFO: [RTGEN 206-100] Finished creating RTL model for 'decode_mac_q4k_Pipeline_VITIS_LOOP_34_14'.
INFO: [HLS 200-111] Finished Creating RTL model: CPU user time: 0 seconds. CPU system time: 0 seconds. Elapsed time: 0.082 seconds; current allocated memory: 534.742 MB.
INFO: [HLS 200-10] ----------------------------------------------------------------
INFO: [HLS 200-10] -- Generating RTL for module 'decode_mac_q4k_Pipeline_MAC_Q4K' 
INFO: [HLS 200-10] ----------------------------------------------------------------
INFO: [HLS 200-1030] Apply Unified Pipeline Control on module 'decode_mac_q4k_Pipeline_MAC_Q4K' pipeline 'MAC_Q4K' pipeline type 'loop pipeline'
INFO: [RTGEN 206-100] Generating core module 'fadd_32ns_32ns_32_4_full_dsp_1': 1 instance(s).
INFO: [RTGEN 206-100] Generating core module 'faddfsub_32ns_32ns_32_4_full_dsp_1': 1 instance(s).
INFO: [RTGEN 206-100] Generating core module 'fmul_32ns_32ns_32_3_max_dsp_1': 3 instance(s).
INFO: [RTGEN 206-100] Generating core module 'mul_11ns_13ns_23_1_1': 1 instance(s).
INFO: [RTGEN 206-100] Generating core module 'sitofp_32ns_32_3_no_dsp_1': 1 instance(s).
INFO: [RTGEN 206-100] Generating core module 'sparsemux_17_3_32_1_1': 3 instance(s).
INFO: [RTGEN 206-100] Generating core module 'sparsemux_17_3_8_1_1': 1 instance(s).
INFO: [RTGEN 206-100] Generating core module 'uitofp_32ns_32_3_no_dsp_1': 2 instance(s).
INFO: [RTGEN 206-100] Generating core module 'urem_11ns_9ns_11_15_1': 1 instance(s).
INFO: [RTGEN 206-100] Finished creating RTL model for 'decode_mac_q4k_Pipeline_MAC_Q4K'.
INFO: [HLS 200-111] Finished Creating RTL model: CPU user time: 0 seconds. CPU system time: 0 seconds. Elapsed time: 1.647 seconds; current allocated memory: 538.746 MB.
INFO: [HLS 200-10] ----------------------------------------------------------------
INFO: [HLS 200-10] -- Generating RTL for module 'decode_mac_q4k_Pipeline_REDUCE_Q4K' 
INFO: [HLS 200-10] ----------------------------------------------------------------
INFO: [HLS 200-1030] Apply Unified Pipeline Control on module 'decode_mac_q4k_Pipeline_REDUCE_Q4K' pipeline 'REDUCE_Q4K' pipeline type 'loop pipeline'
INFO: [RTGEN 206-100] Generating core module 'faddfsub_32ns_32ns_32_4_full_dsp_1': 1 instance(s).
INFO: [RTGEN 206-100] Generating core module 'sparsemux_17_3_32_1_1': 2 instance(s).
INFO: [RTGEN 206-100] Finished creating RTL model for 'decode_mac_q4k_Pipeline_REDUCE_Q4K'.
INFO: [HLS 200-111] Finished Creating RTL model: CPU user time: 0 seconds. CPU system time: 0 seconds. Elapsed time: 0.218 seconds; current allocated memory: 544.562 MB.
INFO: [HLS 200-10] ----------------------------------------------------------------
INFO: [HLS 200-10] -- Generating RTL for module 'decode_mac_q4k' 
INFO: [HLS 200-10] ----------------------------------------------------------------
INFO: [RTGEN 206-100] Generating core module 'faddfsub_32ns_32ns_32_4_full_dsp_1': 1 instance(s).
INFO: [RTGEN 206-100] Generating core module 'fmul_32ns_32ns_32_3_max_dsp_1': 2 instance(s).
INFO: [RTGEN 206-100] Generating core module 'mul_10ns_12ns_21_1_1': 16 instance(s).
INFO: [RTGEN 206-100] Generating core module 'sparsemux_17_3_8_1_1': 16 instance(s).
INFO: [RTGEN 206-100] Generating core module 'urem_10ns_9ns_10_14_seq_1': 16 instance(s).
INFO: [RTGEN 206-100] Finished creating RTL model for 'decode_mac_q4k'.
INFO: [RTMG 210-278] Implementing memory 'swiglu_decode_mac_q4k_sc6_RAM_AUTO_1R1W' using auto RAMs.
INFO: [HLS 200-111] Finished Creating RTL model: CPU user time: 0 seconds. CPU system time: 0 seconds. Elapsed time: 0.186 seconds; current allocated memory: 549.066 MB.
INFO: [HLS 200-10] ----------------------------------------------------------------
INFO: [HLS 200-10] -- Generating RTL for module 'swiglu_Pipeline_3' 
INFO: [HLS 200-10] ----------------------------------------------------------------
INFO: [HLS 200-1030] Apply Unified Pipeline Control on module 'swiglu_Pipeline_3' pipeline 'Loop 1' pipeline type 'loop pipeline'
WARNING: [RTGEN 206-101] Setting dangling out port 'swiglu_Pipeline_3/m_axi_gmem_V_0_ARVALID' to 0.
WARNING: [RTGEN 206-101] Setting dangling out port 'swiglu_Pipeline_3/m_axi_gmem_V_0_ARADDR' to 0.
WARNING: [RTGEN 206-101] Setting dangling out port 'swiglu_Pipeline_3/m_axi_gmem_V_0_ARID' to 0.
WARNING: [RTGEN 206-101] Setting dangling out port 'swiglu_Pipeline_3/m_axi_gmem_V_0_ARLEN' to 0.
WARNING: [RTGEN 206-101] Setting dangling out port 'swiglu_Pipeline_3/m_axi_gmem_V_0_ARSIZE' to 0.
WARNING: [RTGEN 206-101] Setting dangling out port 'swiglu_Pipeline_3/m_axi_gmem_V_0_ARBURST' to 0.
WARNING: [RTGEN 206-101] Setting dangling out port 'swiglu_Pipeline_3/m_axi_gmem_V_0_ARLOCK' to 0.
WARNING: [RTGEN 206-101] Setting dangling out port 'swiglu_Pipeline_3/m_axi_gmem_V_0_ARCACHE' to 0.
WARNING: [RTGEN 206-101] Setting dangling out port 'swiglu_Pipeline_3/m_axi_gmem_V_0_ARPROT' to 0.
WARNING: [RTGEN 206-101] Setting dangling out port 'swiglu_Pipeline_3/m_axi_gmem_V_0_ARQOS' to 0.
WARNING: [RTGEN 206-101] Setting dangling out port 'swiglu_Pipeline_3/m_axi_gmem_V_0_ARREGION' to 0.
WARNING: [RTGEN 206-101] Setting dangling out port 'swiglu_Pipeline_3/m_axi_gmem_V_0_ARUSER' to 0.
INFO: [RTGEN 206-100] Finished creating RTL model for 'swiglu_Pipeline_3'.
INFO: [HLS 200-111] Finished Creating RTL model: CPU user time: 1 seconds. CPU system time: 0 seconds. Elapsed time: 0.487 seconds; current allocated memory: 561.648 MB.
INFO: [HLS 200-10] ----------------------------------------------------------------
INFO: [HLS 200-10] -- Generating RTL for module 'swiglu_Pipeline_VITIS_LOOP_248_3' 
INFO: [HLS 200-10] ----------------------------------------------------------------
INFO: [HLS 200-1030] Apply Unified Pipeline Control on module 'swiglu_Pipeline_VITIS_LOOP_248_3' pipeline 'VITIS_LOOP_248_3' pipeline type 'loop pipeline'
INFO: [RTGEN 206-100] Generating core module 'fadd_32ns_32ns_32_4_full_dsp_1': 1 instance(s).
INFO: [RTGEN 206-100] Generating core module 'fmul_32ns_32ns_32_3_max_dsp_1': 3 instance(s).
INFO: [RTGEN 206-100] Generating core module 'sparsemux_17_3_32_1_1': 2 instance(s).
INFO: [RTGEN 206-100] Finished creating RTL model for 'swiglu_Pipeline_VITIS_LOOP_248_3'.
INFO: [RTMG 210-279] Implementing memory 'swiglu_swiglu_Pipeline_VITIS_LOOP_248_3_sigmoid_lut_ROM_1P_BRAM_1R' using block ROMs.
INFO: [HLS 200-111] Finished Creating RTL model: CPU user time: 0 seconds. CPU system time: 0 seconds. Elapsed time: 1.151 seconds; current allocated memory: 562.609 MB.
INFO: [HLS 200-10] ----------------------------------------------------------------
INFO: [HLS 200-10] -- Generating RTL for module 'swiglu_Pipeline_6' 
INFO: [HLS 200-10] ----------------------------------------------------------------
INFO: [HLS 200-1030] Apply Unified Pipeline Control on module 'swiglu_Pipeline_6' pipeline 'Loop 1' pipeline type 'loop pipeline'
WARNING: [RTGEN 206-101] Setting dangling out port 'swiglu_Pipeline_6/m_axi_gmem_Wd_0_ARVALID' to 0.
WARNING: [RTGEN 206-101] Setting dangling out port 'swiglu_Pipeline_6/m_axi_gmem_Wd_0_ARADDR' to 0.
WARNING: [RTGEN 206-101] Setting dangling out port 'swiglu_Pipeline_6/m_axi_gmem_Wd_0_ARID' to 0.
WARNING: [RTGEN 206-101] Setting dangling out port 'swiglu_Pipeline_6/m_axi_gmem_Wd_0_ARLEN' to 0.
WARNING: [RTGEN 206-101] Setting dangling out port 'swiglu_Pipeline_6/m_axi_gmem_Wd_0_ARSIZE' to 0.
WARNING: [RTGEN 206-101] Setting dangling out port 'swiglu_Pipeline_6/m_axi_gmem_Wd_0_ARBURST' to 0.
WARNING: [RTGEN 206-101] Setting dangling out port 'swiglu_Pipeline_6/m_axi_gmem_Wd_0_ARLOCK' to 0.
WARNING: [RTGEN 206-101] Setting dangling out port 'swiglu_Pipeline_6/m_axi_gmem_Wd_0_ARCACHE' to 0.
WARNING: [RTGEN 206-101] Setting dangling out port 'swiglu_Pipeline_6/m_axi_gmem_Wd_0_ARPROT' to 0.
WARNING: [RTGEN 206-101] Setting dangling out port 'swiglu_Pipeline_6/m_axi_gmem_Wd_0_ARQOS' to 0.
WARNING: [RTGEN 206-101] Setting dangling out port 'swiglu_Pipeline_6/m_axi_gmem_Wd_0_ARREGION' to 0.
WARNING: [RTGEN 206-101] Setting dangling out port 'swiglu_Pipeline_6/m_axi_gmem_Wd_0_ARUSER' to 0.
INFO: [RTGEN 206-100] Finished creating RTL model for 'swiglu_Pipeline_6'.
INFO: [HLS 200-111] Finished Creating RTL model: CPU user time: 0 seconds. CPU system time: 0 seconds. Elapsed time: 0.248 seconds; current allocated memory: 567.523 MB.
INFO: [HLS 200-10] ----------------------------------------------------------------
INFO: [HLS 200-10] -- Generating RTL for module 'decode_mac_q6k_Pipeline_VITIS_LOOP_34_1' 
INFO: [HLS 200-10] ----------------------------------------------------------------
INFO: [HLS 200-1030] Apply Unified Pipeline Control on module 'decode_mac_q6k_Pipeline_VITIS_LOOP_34_1' pipeline 'VITIS_LOOP_34_1' pipeline type 'loop pipeline'
INFO: [RTGEN 206-100] Finished creating RTL model for 'decode_mac_q6k_Pipeline_VITIS_LOOP_34_1'.
INFO: [HLS 200-111] Finished Creating RTL model: CPU user time: 0 seconds. CPU system time: 0 seconds. Elapsed time: 0.132 seconds; current allocated memory: 569.938 MB.
INFO: [HLS 200-10] ----------------------------------------------------------------
INFO: [HLS 200-10] -- Generating RTL for module 'decode_mac_q6k_Pipeline_MAC_Q6K' 
INFO: [HLS 200-10] ----------------------------------------------------------------
INFO: [HLS 200-1030] Apply Unified Pipeline Control on module 'decode_mac_q6k_Pipeline_MAC_Q6K' pipeline 'MAC_Q6K' pipeline type 'loop pipeline'
INFO: [RTGEN 206-100] Generating core module 'fadd_32ns_32ns_32_4_full_dsp_1': 1 instance(s).
INFO: [RTGEN 206-100] Generating core module 'fmul_32ns_32ns_32_3_max_dsp_1': 2 instance(s).
INFO: [RTGEN 206-100] Generating core module 'mul_13ns_15ns_27_1_1': 3 instance(s).
INFO: [RTGEN 206-100] Generating core module 'sitofp_32s_32_3_no_dsp_1': 2 instance(s).
INFO: [RTGEN 206-100] Generating core module 'sparsemux_17_3_32_1_1': 1 instance(s).
INFO: [RTGEN 206-100] Generating core module 'sparsemux_65_5_32_1_1': 1 instance(s).
INFO: [RTGEN 206-100] Generating core module 'sparsemux_65_5_8_1_1': 3 instance(s).
INFO: [RTGEN 206-100] Generating core module 'urem_13ns_9ns_13_17_1': 3 instance(s).
INFO: [RTGEN 206-100] Finished creating RTL model for 'decode_mac_q6k_Pipeline_MAC_Q6K'.
INFO: [HLS 200-111] Finished Creating RTL model: CPU user time: 0 seconds. CPU system time: 0 seconds. Elapsed time: 1.586 seconds; current allocated memory: 579.008 MB.
INFO: [HLS 200-10] ----------------------------------------------------------------
INFO: [HLS 200-10] -- Generating RTL for module 'decode_mac_q6k_Pipeline_REDUCE_Q6K' 
INFO: [HLS 200-10] ----------------------------------------------------------------
INFO: [HLS 200-1030] Apply Unified Pipeline Control on module 'decode_mac_q6k_Pipeline_REDUCE_Q6K' pipeline 'REDUCE_Q6K' pipeline type 'loop pipeline'
INFO: [RTGEN 206-100] Generating core module 'fadd_32ns_32ns_32_4_full_dsp_1': 1 instance(s).
INFO: [RTGEN 206-100] Generating core module 'sparsemux_17_3_32_1_1': 1 instance(s).
INFO: [RTGEN 206-100] Finished creating RTL model for 'decode_mac_q6k_Pipeline_REDUCE_Q6K'.
INFO: [HLS 200-111] Finished Creating RTL model: CPU user time: 0 seconds. CPU system time: 0 seconds. Elapsed time: 0.441 seconds; current allocated memory: 591.402 MB.
INFO: [HLS 200-10] ----------------------------------------------------------------
INFO: [HLS 200-10] -- Generating RTL for module 'decode_mac_q6k' 
INFO: [HLS 200-10] ----------------------------------------------------------------
INFO: [RTGEN 206-100] Generating core module 'fadd_32ns_32ns_32_4_full_dsp_1': 1 instance(s).
INFO: [RTGEN 206-100] Generating core module 'fmul_32ns_32ns_32_3_max_dsp_1': 1 instance(s).
INFO: [RTGEN 206-100] Generating core module 'mul_13ns_15ns_27_1_1': 2 instance(s).
INFO: [RTGEN 206-100] Generating core module 'sparsemux_65_5_8_1_1': 2 instance(s).
INFO: [RTGEN 206-100] Generating core module 'urem_13ns_9ns_13_17_seq_1': 2 instance(s).
INFO: [RTGEN 206-100] Finished creating RTL model for 'decode_mac_q6k'.
INFO: [HLS 200-111] Finished Creating RTL model: CPU user time: 0 seconds. CPU system time: 0 seconds. Elapsed time: 0.154 seconds; current allocated memory: 592.023 MB.
INFO: [HLS 200-10] ----------------------------------------------------------------
INFO: [HLS 200-10] -- Generating RTL for module 'swiglu_Pipeline_5' 
INFO: [HLS 200-10] ----------------------------------------------------------------
INFO: [HLS 200-1030] Apply Unified Pipeline Control on module 'swiglu_Pipeline_5' pipeline 'Loop 1' pipeline type 'loop pipeline'
WARNING: [RTGEN 206-101] Setting dangling out port 'swiglu_Pipeline_5/m_axi_gmem_Wd_0_ARVALID' to 0.
WARNING: [RTGEN 206-101] Setting dangling out port 'swiglu_Pipeline_5/m_axi_gmem_Wd_0_ARADDR' to 0.
WARNING: [RTGEN 206-101] Setting dangling out port 'swiglu_Pipeline_5/m_axi_gmem_Wd_0_ARID' to 0.
WARNING: [RTGEN 206-101] Setting dangling out port 'swiglu_Pipeline_5/m_axi_gmem_Wd_0_ARLEN' to 0.
WARNING: [RTGEN 206-101] Setting dangling out port 'swiglu_Pipeline_5/m_axi_gmem_Wd_0_ARSIZE' to 0.
WARNING: [RTGEN 206-101] Setting dangling out port 'swiglu_Pipeline_5/m_axi_gmem_Wd_0_ARBURST' to 0.
WARNING: [RTGEN 206-101] Setting dangling out port 'swiglu_Pipeline_5/m_axi_gmem_Wd_0_ARLOCK' to 0.
WARNING: [RTGEN 206-101] Setting dangling out port 'swiglu_Pipeline_5/m_axi_gmem_Wd_0_ARCACHE' to 0.
WARNING: [RTGEN 206-101] Setting dangling out port 'swiglu_Pipeline_5/m_axi_gmem_Wd_0_ARPROT' to 0.
WARNING: [RTGEN 206-101] Setting dangling out port 'swiglu_Pipeline_5/m_axi_gmem_Wd_0_ARQOS' to 0.
WARNING: [RTGEN 206-101] Setting dangling out port 'swiglu_Pipeline_5/m_axi_gmem_Wd_0_ARREGION' to 0.
WARNING: [RTGEN 206-101] Setting dangling out port 'swiglu_Pipeline_5/m_axi_gmem_Wd_0_ARUSER' to 0.
INFO: [RTGEN 206-100] Finished creating RTL model for 'swiglu_Pipeline_5'.
INFO: [HLS 200-111] Finished Creating RTL model: CPU user time: 1 seconds. CPU system time: 1 seconds. Elapsed time: 0.29 seconds; current allocated memory: 600.211 MB.
INFO: [HLS 200-10] ----------------------------------------------------------------
INFO: [HLS 200-10] -- Generating RTL for module 'decode_mac_q4k_1_Pipeline_1' 
INFO: [HLS 200-10] ----------------------------------------------------------------
INFO: [RTGEN 206-100] Finished creating RTL model for 'decode_mac_q4k_1_Pipeline_1'.
INFO: [HLS 200-111] Finished Creating RTL model: CPU user time: 0 seconds. CPU system time: 0 seconds. Elapsed time: 0.135 seconds; current allocated memory: 601.906 MB.
INFO: [HLS 200-10] ----------------------------------------------------------------
INFO: [HLS 200-10] -- Generating RTL for module 'decode_mac_q4k_1_Pipeline_VITIS_LOOP_34_1' 
INFO: [HLS 200-10] ----------------------------------------------------------------
INFO: [HLS 200-1030] Apply Unified Pipeline Control on module 'decode_mac_q4k_1_Pipeline_VITIS_LOOP_34_1' pipeline 'VITIS_LOOP_34_1' pipeline type 'loop pipeline'
INFO: [RTGEN 206-100] Finished creating RTL model for 'decode_mac_q4k_1_Pipeline_VITIS_LOOP_34_1'.
INFO: [HLS 200-111] Finished Creating RTL model: CPU user time: 0 seconds. CPU system time: 0 seconds. Elapsed time: 0.1 seconds; current allocated memory: 602.383 MB.
INFO: [HLS 200-10] ----------------------------------------------------------------
INFO: [HLS 200-10] -- Generating RTL for module 'decode_mac_q4k_1_Pipeline_VITIS_LOOP_34_13' 
INFO: [HLS 200-10] ----------------------------------------------------------------
INFO: [HLS 200-1030] Apply Unified Pipeline Control on module 'decode_mac_q4k_1_Pipeline_VITIS_LOOP_34_13' pipeline 'VITIS_LOOP_34_1' pipeline type 'loop pipeline'
INFO: [RTGEN 206-100] Finished creating RTL model for 'decode_mac_q4k_1_Pipeline_VITIS_LOOP_34_13'.
INFO: [HLS 200-111] Finished Creating RTL model: CPU user time: 0 seconds. CPU system time: 0 seconds. Elapsed time: 0.088 seconds; current allocated memory: 603.395 MB.
INFO: [HLS 200-10] ----------------------------------------------------------------
INFO: [HLS 200-10] -- Generating RTL for module 'decode_mac_q4k_1_Pipeline_4' 
INFO: [HLS 200-10] ----------------------------------------------------------------
INFO: [RTGEN 206-100] Finished creating RTL model for 'decode_mac_q4k_1_Pipeline_4'.
INFO: [HLS 200-111] Finished Creating RTL model: CPU user time: 0 seconds. CPU system time: 0 seconds. Elapsed time: 0.085 seconds; current allocated memory: 604.555 MB.
INFO: [HLS 200-10] ----------------------------------------------------------------
INFO: [HLS 200-10] -- Generating RTL for module 'decode_mac_q4k_1_Pipeline_MAC_Q4K' 
INFO: [HLS 200-10] ----------------------------------------------------------------
INFO: [HLS 200-1030] Apply Unified Pipeline Control on module 'decode_mac_q4k_1_Pipeline_MAC_Q4K' pipeline 'MAC_Q4K' pipeline type 'loop pipeline'
INFO: [RTGEN 206-100] Generating core module 'fadd_32ns_32ns_32_4_full_dsp_1': 1 instance(s).
INFO: [RTGEN 206-100] Generating core module 'faddfsub_32ns_32ns_32_4_full_dsp_1': 1 instance(s).
INFO: [RTGEN 206-100] Generating core module 'fmul_32ns_32ns_32_3_max_dsp_1': 3 instance(s).
INFO: [RTGEN 206-100] Generating core module 'mul_13ns_15ns_27_1_1': 1 instance(s).
INFO: [RTGEN 206-100] Generating core module 'sitofp_32ns_32_3_no_dsp_1': 1 instance(s).
INFO: [RTGEN 206-100] Generating core module 'sparsemux_17_3_32_1_1': 2 instance(s).
INFO: [RTGEN 206-100] Generating core module 'sparsemux_65_5_32_1_1': 1 instance(s).
INFO: [RTGEN 206-100] Generating core module 'sparsemux_65_5_8_1_1': 1 instance(s).
INFO: [RTGEN 206-100] Generating core module 'uitofp_32ns_32_3_no_dsp_1': 2 instance(s).
INFO: [RTGEN 206-100] Generating core module 'urem_13ns_9ns_13_17_1': 1 instance(s).
INFO: [RTGEN 206-100] Finished creating RTL model for 'decode_mac_q4k_1_Pipeline_MAC_Q4K'.
INFO: [HLS 200-111] Finished Creating RTL model: CPU user time: 0 seconds. CPU system time: 0 seconds. Elapsed time: 0.174 seconds; current allocated memory: 609.699 MB.
INFO: [HLS 200-10] ----------------------------------------------------------------
INFO: [HLS 200-10] -- Generating RTL for module 'decode_mac_q4k_1_Pipeline_REDUCE_Q4K' 
INFO: [HLS 200-10] ----------------------------------------------------------------
INFO: [HLS 200-1030] Apply Unified Pipeline Control on module 'decode_mac_q4k_1_Pipeline_REDUCE_Q4K' pipeline 'REDUCE_Q4K' pipeline type 'loop pipeline'
INFO: [RTGEN 206-100] Generating core module 'faddfsub_32ns_32ns_32_4_full_dsp_1': 1 instance(s).
INFO: [RTGEN 206-100] Generating core module 'sparsemux_17_3_32_1_1': 2 instance(s).
INFO: [RTGEN 206-100] Finished creating RTL model for 'decode_mac_q4k_1_Pipeline_REDUCE_Q4K'.
INFO: [HLS 200-111] Finished Creating RTL model: CPU user time: 0 seconds. CPU system time: 0 seconds. Elapsed time: 1.562 seconds; current allocated memory: 618.305 MB.
INFO: [HLS 200-10] ----------------------------------------------------------------
INFO: [HLS 200-10] -- Generating RTL for module 'decode_mac_q4k_1' 
INFO: [HLS 200-10] ----------------------------------------------------------------
INFO: [RTGEN 206-100] Generating core module 'faddfsub_32ns_32ns_32_4_full_dsp_1': 1 instance(s).
INFO: [RTGEN 206-100] Generating core module 'fmul_32ns_32ns_32_3_max_dsp_1': 2 instance(s).
INFO: [RTGEN 206-100] Generating core module 'mul_13ns_15ns_27_1_1': 16 instance(s).
INFO: [RTGEN 206-100] Generating core module 'sparsemux_65_5_8_1_1': 16 instance(s).
INFO: [RTGEN 206-100] Generating core module 'urem_13ns_9ns_13_17_seq_1': 16 instance(s).
INFO: [RTGEN 206-100] Finished creating RTL model for 'decode_mac_q4k_1'.
INFO: [HLS 200-111] Finished Creating RTL model: CPU user time: 0 seconds. CPU system time: 0 seconds. Elapsed time: 0.354 seconds; current allocated memory: 631.434 MB.
INFO: [HLS 200-10] ----------------------------------------------------------------
INFO: [HLS 200-10] -- Generating RTL for module 'swiglu' 
INFO: [HLS 200-10] ----------------------------------------------------------------
WARNING: [RTGEN 206-101] Design contains AXI ports. Reset is fixed to synchronous and active low.
INFO: [RTGEN 206-500] Setting interface mode on port 'swiglu/gmem_W' to 'm_axi'.
INFO: [RTGEN 206-500] Setting interface mode on port 'swiglu/gmem_V' to 'm_axi'.
INFO: [RTGEN 206-500] Setting interface mode on port 'swiglu/gmem_Wd' to 'm_axi'.
INFO: [RTGEN 206-500] Setting interface mode on port 'swiglu/gmem_x' to 'm_axi'.
INFO: [RTGEN 206-500] Setting interface mode on port 'swiglu/gmem_out' to 'm_axi'.
INFO: [RTGEN 206-500] Setting interface mode on port 'swiglu/W' to 's_axilite & ap_none'.
INFO: [RTGEN 206-500] Setting interface mode on port 'swiglu/V' to 's_axilite & ap_none'.
INFO: [RTGEN 206-500] Setting interface mode on port 'swiglu/W_down' to 's_axilite & ap_none'.
INFO: [RTGEN 206-500] Setting interface mode on port 'swiglu/x_batch' to 's_axilite & ap_none'.
INFO: [RTGEN 206-500] Setting interface mode on port 'swiglu/out_batch' to 's_axilite & ap_none'.
INFO: [RTGEN 206-500] Setting interface mode on port 'swiglu/batch_size' to 's_axilite & ap_none'.
INFO: [RTGEN 206-500] Setting interface mode on port 'swiglu/down_quant_mode' to 's_axilite & ap_none'.
INFO: [RTGEN 206-500] Setting interface mode on function 'swiglu' to 's_axilite & ap_ctrl_hs'.
INFO: [RTGEN 206-100] Bundling port 'W', 'V', 'W_down', 'x_batch', 'out_batch', 'batch_size', 'down_quant_mode' and 'return' to AXI-Lite port CTRL.
INFO: [RTGEN 206-100] Generating core module 'fadd_32ns_32ns_32_4_full_dsp_1': 1 instance(s).
INFO: [RTGEN 206-100] Finished creating RTL model for 'swiglu'.
INFO: [RTMG 210-278] Implementing memory 'swiglu_x_local_RAM_2P_BRAM_1R1W' using block RAMs.
INFO: [RTMG 210-278] Implementing memory 'swiglu_X1_cache_RAM_2P_BRAM_1R1W' using block RAMs.
INFO: [RTMG 210-278] Implementing memory 'swiglu_gate_cache_RAM_2P_BRAM_1R1W' using block RAMs.
INFO: [RTMG 210-278] Implementing memory 'swiglu_row_buf_RAM_AUTO_1R1W' using auto RAMs.
INFO: [HLS 200-2167] Implementing memory 'swiglu_row_buf_48_RAM_1WNR_AUTO_1R1W' using auto RAMs with 2 copies to ensure enough ports to satisfy II or latency constraints.
INFO: [HLS 200-111] Finished Creating RTL model: CPU user time: 3 seconds. CPU system time: 0 seconds. Elapsed time: 2.94 seconds; current allocated memory: 693.430 MB.
INFO: [HLS 200-111] Finished Generating all RTL models: CPU user time: 1 seconds. CPU system time: 1 seconds. Elapsed time: 1.884 seconds; current allocated memory: 733.656 MB.
INFO: [HLS 200-1603] Design has inferred MAXI bursts and missed bursts, see Vitis HLS GUI synthesis summary report for detailed information.
INFO: [HLS 200-111] Finished Updating report files: CPU user time: 1 seconds. CPU system time: 0 seconds. Elapsed time: 1.077 seconds; current allocated memory: 753.824 MB.
INFO: [VHDL 208-304] Generating VHDL RTL for swiglu.
INFO: [VLOG 209-307] Generating Verilog RTL for swiglu.
INFO: [HLS 200-790] **** Loop Constraint Status: All loop constraints were satisfied.
INFO: [HLS 200-789] **** Estimated Fmax: 125.00 MHz
INFO: [HLS 200-112] Total CPU user time: 17 seconds. Total CPU system time: 4 seconds. Total elapsed time: 58.808 seconds; peak allocated memory: 753.863 MB.
INFO: [v++ 60-791] Total elapsed time: 0h 1m 2s
