  **** HLS Build v2025.1 6135595
INFO: [HLS 200-2005] Using work_dir C:/Users/Jacob/Desktop/Vitis_projects/swiglu/swiglu 
INFO: [HLS 200-2176] Writing Vitis IDE component file C:/Users/Jacob/Desktop/Vitis_projects/swiglu/swiglu/vitis-comp.json
INFO: [HLS 200-10] Creating and opening component 'C:/Users/Jacob/Desktop/Vitis_projects/swiglu/swiglu'.
INFO: [HLS 200-1505] Using default flow_target 'vivado'
Resolution: For help on HLS 200-1505 see docs.xilinx.com/access/sources/dita/topic?Doc_Version=2025.1%20English&url=ug1448-hls-guidance&resourceid=200-1505.html
INFO: [HLS 200-2174] Applying component config ini file C:/Users/Jacob/Desktop/Vitis_projects/swiglu/hls_config.cfg
INFO: [HLS 200-1465] Applying config ini 'syn.file=./swiglu.cpp' from C:/Users/Jacob/Desktop/Vitis_projects/swiglu/hls_config.cfg(12)
INFO: [HLS 200-10] Adding design file 'C:/Users/Jacob/Desktop/Vitis_projects/swiglu/swiglu.cpp' to the project
INFO: [HLS 200-1465] Applying config ini 'syn.file=./swiglu.h' from C:/Users/Jacob/Desktop/Vitis_projects/swiglu/hls_config.cfg(13)
INFO: [HLS 200-10] Adding design file 'C:/Users/Jacob/Desktop/Vitis_projects/swiglu/swiglu.h' to the project
INFO: [HLS 200-1465] Applying config ini 'syn.file=./sigmoid_lut.h' from C:/Users/Jacob/Desktop/Vitis_projects/swiglu/hls_config.cfg(14)
INFO: [HLS 200-10] Adding design file 'C:/Users/Jacob/Desktop/Vitis_projects/swiglu/sigmoid_lut.h' to the project
INFO: [HLS 200-1465] Applying config ini 'tb.file=./swiglu_tb.cpp' from C:/Users/Jacob/Desktop/Vitis_projects/swiglu/hls_config.cfg(9)
INFO: [HLS 200-10] Adding test bench file 'C:/Users/Jacob/Desktop/Vitis_projects/swiglu/swiglu_tb.cpp' to the project
INFO: [HLS 200-1465] Applying config ini 'syn.top=swiglu' from C:/Users/Jacob/Desktop/Vitis_projects/swiglu/hls_config.cfg(10)
INFO: [HLS 200-1465] Applying config ini 'flow_target=vivado' from C:/Users/Jacob/Desktop/Vitis_projects/swiglu/hls_config.cfg(4)
INFO: [HLS 200-1505] Using flow_target 'vivado'
Resolution: For help on HLS 200-1505 see docs.xilinx.com/access/sources/dita/topic?Doc_Version=2025.1%20English&url=ug1448-hls-guidance&resourceid=200-1505.html
INFO: [HLS 200-1465] Applying config ini 'part=xck26-sfvc784-2LV-c' from C:/Users/Jacob/Desktop/Vitis_projects/swiglu/hls_config.cfg(1)
INFO: [HLS 200-1611] Setting target device to 'xck26-sfvc784-2LV-c'
INFO: [HLS 200-1465] Applying config ini 'clock=10ns' from C:/Users/Jacob/Desktop/Vitis_projects/swiglu/hls_config.cfg(7)
INFO: [SYN 201-201] Setting up clock 'default' with a period of 10ns.
INFO: [HLS 200-1465] Applying config ini 'clock_uncertainty=2ns' from C:/Users/Jacob/Desktop/Vitis_projects/swiglu/hls_config.cfg(8)
INFO: [SYN 201-201] Setting up clock 'default' with an uncertainty of 2ns.
INFO: [HLS 200-1465] Applying config ini 'cosim.rtl=vhdl' from C:/Users/Jacob/Desktop/Vitis_projects/swiglu/hls_config.cfg(11)
INFO: [HLS 200-1465] Applying config ini 'package.output.format=ip_catalog' from C:/Users/Jacob/Desktop/Vitis_projects/swiglu/hls_config.cfg(5)
INFO: [HLS 200-2176] Writing Vitis IDE component file C:/Users/Jacob/Desktop/Vitis_projects/swiglu/swiglu/vitis-comp.json
INFO: [HLS 200-111] Finished File checks and directory preparation: CPU user time: 2 seconds. CPU system time: 1 seconds. Elapsed time: 5.461 seconds; current allocated memory: 178.754 MB.
INFO: [HLS 200-10] Analyzing design file 'swiglu.cpp' ... 
INFO: [HLS 200-111] Finished Source Code Analysis and Preprocessing: CPU user time: 0 seconds. CPU system time: 0 seconds. Elapsed time: 4.35 seconds; current allocated memory: 181.926 MB.
INFO: [HLS 200-777] Using interface defaults for 'Vivado' flow target.
INFO: [HLS 200-1995] There were 6,306 instructions in the design after the 'Compile/Link' phase of compilation. See the Design Size Report for more details (C:/Users/Jacob/Desktop/Vitis_projects/swiglu/swiglu/hls/syn/report/csynth_design_size.rpt:2)
INFO: [HLS 200-1995] There were 4,308 instructions in the design after the 'Unroll/Inline (step 1)' phase of compilation. See the Design Size Report for more details (C:/Users/Jacob/Desktop/Vitis_projects/swiglu/swiglu/hls/syn/report/csynth_design_size.rpt:2)
INFO: [HLS 200-1995] There were 3,504 instructions in the design after the 'Unroll/Inline (step 2)' phase of compilation. See the Design Size Report for more details (C:/Users/Jacob/Desktop/Vitis_projects/swiglu/swiglu/hls/syn/report/csynth_design_size.rpt:2)
INFO: [HLS 200-1995] There were 3,433 instructions in the design after the 'Unroll/Inline (step 3)' phase of compilation. See the Design Size Report for more details (C:/Users/Jacob/Desktop/Vitis_projects/swiglu/swiglu/hls/syn/report/csynth_design_size.rpt:2)
INFO: [HLS 200-1995] There were 3,391 instructions in the design after the 'Unroll/Inline (step 4)' phase of compilation. See the Design Size Report for more details (C:/Users/Jacob/Desktop/Vitis_projects/swiglu/swiglu/hls/syn/report/csynth_design_size.rpt:2)
INFO: [HLS 200-1995] There were 5,755 instructions in the design after the 'Array/Struct (step 1)' phase of compilation. See the Design Size Report for more details (C:/Users/Jacob/Desktop/Vitis_projects/swiglu/swiglu/hls/syn/report/csynth_design_size.rpt:2)
INFO: [HLS 200-1995] There were 4,377 instructions in the design after the 'Array/Struct (step 2)' phase of compilation. See the Design Size Report for more details (C:/Users/Jacob/Desktop/Vitis_projects/swiglu/swiglu/hls/syn/report/csynth_design_size.rpt:2)
INFO: [HLS 200-1995] There were 4,377 instructions in the design after the 'Array/Struct (step 3)' phase of compilation. See the Design Size Report for more details (C:/Users/Jacob/Desktop/Vitis_projects/swiglu/swiglu/hls/syn/report/csynth_design_size.rpt:2)
INFO: [HLS 200-1995] There were 4,377 instructions in the design after the 'Array/Struct (step 4)' phase of compilation. See the Design Size Report for more details (C:/Users/Jacob/Desktop/Vitis_projects/swiglu/swiglu/hls/syn/report/csynth_design_size.rpt:2)
INFO: [HLS 200-1995] There were 4,959 instructions in the design after the 'Array/Struct (step 5)' phase of compilation. See the Design Size Report for more details (C:/Users/Jacob/Desktop/Vitis_projects/swiglu/swiglu/hls/syn/report/csynth_design_size.rpt:2)
INFO: [HLS 200-1995] There were 4,507 instructions in the design after the 'Performance (step 1)' phase of compilation. See the Design Size Report for more details (C:/Users/Jacob/Desktop/Vitis_projects/swiglu/swiglu/hls/syn/report/csynth_design_size.rpt:2)
INFO: [HLS 200-1995] There were 4,423 instructions in the design after the 'Performance (step 2)' phase of compilation. See the Design Size Report for more details (C:/Users/Jacob/Desktop/Vitis_projects/swiglu/swiglu/hls/syn/report/csynth_design_size.rpt:2)
INFO: [HLS 200-1995] There were 4,337 instructions in the design after the 'Performance (step 3)' phase of compilation. See the Design Size Report for more details (C:/Users/Jacob/Desktop/Vitis_projects/swiglu/swiglu/hls/syn/report/csynth_design_size.rpt:2)
INFO: [HLS 200-1995] There were 4,335 instructions in the design after the 'Performance (step 4)' phase of compilation. See the Design Size Report for more details (C:/Users/Jacob/Desktop/Vitis_projects/swiglu/swiglu/hls/syn/report/csynth_design_size.rpt:2)
INFO: [HLS 200-1995] There were 4,301 instructions in the design after the 'HW Transforms (step 1)' phase of compilation. See the Design Size Report for more details (C:/Users/Jacob/Desktop/Vitis_projects/swiglu/swiglu/hls/syn/report/csynth_design_size.rpt:2)
INFO: [HLS 200-1995] There were 3,926 instructions in the design after the 'HW Transforms (step 2)' phase of compilation. See the Design Size Report for more details (C:/Users/Jacob/Desktop/Vitis_projects/swiglu/swiglu/hls/syn/report/csynth_design_size.rpt:2)
INFO: [HLS 214-131] Inlining function 'fp16_to_fp32(unsigned short)' into 'decode_mac_q4k(unsigned char const*, float const*, int)' (swiglu.cpp:89:19)
INFO: [HLS 214-131] Inlining function 'fp16_to_fp32(unsigned short)' into 'decode_mac_q6k(unsigned char const*, float const*, int)' (swiglu.cpp:169:15)
INFO: [HLS 214-131] Inlining function 'decode_mac_q6k(unsigned char const*, float const*, int)' into 'swiglu(hls::stream<hls::axis<ap_uint<32>, 0ul, 0ul, 0ul, (unsigned char)56, false>, 0>&, hls::stream<hls::axis<ap_uint<32>, 0ul, 0ul, 0ul, (unsigned char)56, false>, 0>&, unsigned int)' (swiglu.cpp:416:30)
INFO: [HLS 214-131] Inlining function 'decode_mac_q4k(unsigned char const*, float const*, int)' into 'swiglu(hls::stream<hls::axis<ap_uint<32>, 0ul, 0ul, 0ul, (unsigned char)56, false>, 0>&, hls::stream<hls::axis<ap_uint<32>, 0ul, 0ul, 0ul, (unsigned char)56, false>, 0>&, unsigned int)' (swiglu.cpp:375:30)
INFO: [HLS 214-291] Loop 'UNPACK_DOWN_Q4K' is marked as complete unroll implied by the pipeline pragma (swiglu.cpp:365:38)
INFO: [HLS 214-291] Loop 'UNPACK_DOWN_Q6K' is marked as complete unroll implied by the pipeline pragma (swiglu.cpp:406:38)
INFO: [HLS 214-291] Loop 'UNPACK_X2' is marked as complete unroll implied by the pipeline pragma (swiglu.cpp:307:28)
INFO: [HLS 214-291] Loop 'UNPACK_X1' is marked as complete unroll implied by the pipeline pragma (swiglu.cpp:275:28)
INFO: [HLS 214-186] Unrolling loop 'UNPACK_DOWN_Q4K' (swiglu.cpp:365:38) in function 'swiglu' completely with a factor of 4 (swiglu.cpp:212:0)
INFO: [HLS 214-186] Unrolling loop 'NORM' (swiglu.cpp:43:15) in function 'swiglu' completely with a factor of 10 (swiglu.cpp:212:0)
INFO: [HLS 214-186] Unrolling loop 'UNPACK_DOWN_Q6K' (swiglu.cpp:406:38) in function 'swiglu' completely with a factor of 4 (swiglu.cpp:212:0)
INFO: [HLS 214-186] Unrolling loop 'UNPACK_X2' (swiglu.cpp:307:28) in function 'swiglu' completely with a factor of 4 (swiglu.cpp:212:0)
INFO: [HLS 214-186] Unrolling loop 'UNPACK_X1' (swiglu.cpp:275:28) in function 'swiglu' completely with a factor of 4 (swiglu.cpp:212:0)
INFO: [HLS 214-178] Inlining function 'fp_struct<float>::fp_struct(float)' into 'int generic_cast_IEEE754<int, (ap_q_mode)6, float>(float, bool, hls::enable_if<std::numeric_limits<int>::is_signed, bool>::type)' (C:\scratch\2025.1\hls_product\640\2025.1\src\shared\hls\clib/hlsmath/include/FloatingPoint\hls_case_IEEE754.h:12:0)
INFO: [HLS 214-178] Inlining function 'fp_struct<float>::mantissa() const' into 'int generic_cast_IEEE754<int, (ap_q_mode)6, float>(float, bool, hls::enable_if<std::numeric_limits<int>::is_signed, bool>::type)' (C:\scratch\2025.1\hls_product\640\2025.1\src\shared\hls\clib/hlsmath/include/FloatingPoint\hls_case_IEEE754.h:12:0)
INFO: [HLS 214-178] Inlining function 'fp_struct<float>::expv() const' into 'int generic_cast_IEEE754<int, (ap_q_mode)6, float>(float, bool, hls::enable_if<std::numeric_limits<int>::is_signed, bool>::type)' (C:\scratch\2025.1\hls_product\640\2025.1\src\shared\hls\clib/hlsmath/include/FloatingPoint\hls_case_IEEE754.h:12:0)
INFO: [HLS 214-178] Inlining function 'fp_struct<float>::__signbit() const' into 'int generic_cast_IEEE754<int, (ap_q_mode)6, float>(float, bool, hls::enable_if<std::numeric_limits<int>::is_signed, bool>::type)' (C:\scratch\2025.1\hls_product\640\2025.1\src\shared\hls\clib/hlsmath/include/FloatingPoint\hls_case_IEEE754.h:12:0)
INFO: [HLS 214-178] Inlining function 'int generic_cast_IEEE754<int, (ap_q_mode)6, float>(float, bool, hls::enable_if<std::numeric_limits<int>::is_signed, bool>::type)' into 'int generic_cast_IEEE754<int, float>(float, bool)' (C:\scratch\2025.1\hls_product\640\2025.1\src\shared\hls\clib/hlsmath/include/FloatingPoint\hls_case_IEEE754.h:116:0)
INFO: [HLS 214-178] Inlining function 'int generic_cast_IEEE754<int, float>(float, bool)' into '__hls_fptosi_float_i32' (C:\scratch\2025.1\hls_product\640\2025.1\src\shared\hls\clib\hlsmath\src\lib_floatconversion.cpp:51:0)
INFO: [HLS 214-178] Inlining function '__hls_fptosi_float_i32' into 'swiglu(hls::stream<hls::axis<ap_uint<32>, 0ul, 0ul, 0ul, (unsigned char)56, false>, 0>&, hls::stream<hls::axis<ap_uint<32>, 0ul, 0ul, 0ul, (unsigned char)56, false>, 0>&, unsigned int)' (swiglu.cpp:212:0)
INFO: [HLS 214-248] Applying array_partition to 'sc6.i1248': Complete partitioning on dimension 1. (swiglu.cpp:93:13)
INFO: [HLS 214-248] Applying array_partition to 'mn6.i1249': Complete partitioning on dimension 1. (swiglu.cpp:93:21)
INFO: [HLS 214-248] Applying array_partition to 'acc_w.i1250': Complete partitioning on dimension 1. (swiglu.cpp:121:11)
INFO: [HLS 214-248] Applying array_partition to 'acc_m.i1251': Complete partitioning on dimension 1. (swiglu.cpp:123:8)
INFO: [HLS 214-248] Applying array_partition to 'sc6.i1005': Complete partitioning on dimension 1. (swiglu.cpp:93:13)
INFO: [HLS 214-248] Applying array_partition to 'mn6.i1006': Complete partitioning on dimension 1. (swiglu.cpp:93:21)
INFO: [HLS 214-248] Applying array_partition to 'acc_w.i1007': Complete partitioning on dimension 1. (swiglu.cpp:121:11)
INFO: [HLS 214-248] Applying array_partition to 'acc_m.i1008': Complete partitioning on dimension 1. (swiglu.cpp:123:8)
INFO: [HLS 214-248] Applying array_partition to 'sc6.i748': Complete partitioning on dimension 1. (swiglu.cpp:93:13)
INFO: [HLS 214-248] Applying array_partition to 'mn6.i749': Complete partitioning on dimension 1. (swiglu.cpp:93:21)
INFO: [HLS 214-248] Applying array_partition to 'acc_w.i750': Complete partitioning on dimension 1. (swiglu.cpp:121:11)
INFO: [HLS 214-248] Applying array_partition to 'acc_m.i751': Complete partitioning on dimension 1. (swiglu.cpp:123:8)
INFO: [HLS 214-248] Applying array_partition to 'sc6.i505': Complete partitioning on dimension 1. (swiglu.cpp:93:13)
INFO: [HLS 214-248] Applying array_partition to 'mn6.i506': Complete partitioning on dimension 1. (swiglu.cpp:93:21)
INFO: [HLS 214-248] Applying array_partition to 'acc_w.i507': Complete partitioning on dimension 1. (swiglu.cpp:121:11)
INFO: [HLS 214-248] Applying array_partition to 'acc_m.i508': Complete partitioning on dimension 1. (swiglu.cpp:123:8)
INFO: [HLS 214-248] Applying array_partition to 'sc6.i246': Complete partitioning on dimension 1. (swiglu.cpp:93:13)
INFO: [HLS 214-248] Applying array_partition to 'mn6.i247': Complete partitioning on dimension 1. (swiglu.cpp:93:21)
INFO: [HLS 214-248] Applying array_partition to 'acc_w.i248': Complete partitioning on dimension 1. (swiglu.cpp:121:11)
INFO: [HLS 214-248] Applying array_partition to 'acc_m.i249': Complete partitioning on dimension 1. (swiglu.cpp:123:8)
INFO: [HLS 214-248] Applying array_partition to 'sc6.i': Complete partitioning on dimension 1. (swiglu.cpp:93:13)
INFO: [HLS 214-248] Applying array_partition to 'mn6.i': Complete partitioning on dimension 1. (swiglu.cpp:93:21)
INFO: [HLS 214-248] Applying array_partition to 'acc_w.i': Complete partitioning on dimension 1. (swiglu.cpp:121:11)
INFO: [HLS 214-248] Applying array_partition to 'acc_m.i': Complete partitioning on dimension 1. (swiglu.cpp:123:8)
INFO: [HLS 214-248] Applying array_partition to 'acc.i20': Complete partitioning on dimension 1. (swiglu.cpp:171:11)
INFO: [HLS 214-248] Applying array_partition to 'acc.i': Complete partitioning on dimension 1. (swiglu.cpp:171:11)
INFO: [HLS 214-248] Applying array_partition to 'block_buf_a': Cyclic partitioning with factor 4 on dimension 1. (swiglu.cpp:264:21)
INFO: [HLS 214-248] Applying array_partition to 'block_buf_b': Cyclic partitioning with factor 4 on dimension 1. (swiglu.cpp:265:21)
INFO: [HLS 214-248] Applying array_partition to 'block_buf_a62': Cyclic partitioning with factor 4 on dimension 1. (swiglu.cpp:299:21)
INFO: [HLS 214-248] Applying array_partition to 'block_buf_b63': Cyclic partitioning with factor 4 on dimension 1. (swiglu.cpp:300:21)
INFO: [HLS 214-248] Applying array_partition to 'block_buf_a159': Cyclic partitioning with factor 4 on dimension 1. (swiglu.cpp:357:25)
INFO: [HLS 214-248] Applying array_partition to 'block_buf_b160': Cyclic partitioning with factor 4 on dimension 1. (swiglu.cpp:358:25)
INFO: [HLS 214-248] Applying array_partition to 'block_buf_a236': Cyclic partitioning with factor 4 on dimension 1. (swiglu.cpp:395:25)
INFO: [HLS 214-248] Applying array_partition to 'block_buf_b237': Cyclic partitioning with factor 4 on dimension 1. (swiglu.cpp:396:25)
INFO: [HLS 214-376] automatically set the pipeline for Loop< unknown> at  
INFO: [HLS 200-111] Finished Compiling Optimization and Transform: CPU user time: 0 seconds. CPU system time: 0 seconds. Elapsed time: 11.719 seconds; current allocated memory: 184.734 MB.
INFO: [HLS 200-111] Finished Checking Pragmas: CPU user time: 0 seconds. CPU system time: 0 seconds. Elapsed time: 0.009 seconds; current allocated memory: 184.734 MB.
INFO: [HLS 200-10] Starting code transformations ...
INFO: [HLS 200-111] Finished Standard Transforms: CPU user time: 1 seconds. CPU system time: 0 seconds. Elapsed time: 0.745 seconds; current allocated memory: 202.078 MB.
INFO: [HLS 200-10] Checking synthesizability ...
INFO: [HLS 200-111] Finished Checking Synthesizability: CPU user time: 0 seconds. CPU system time: 0 seconds. Elapsed time: 0.509 seconds; current allocated memory: 205.594 MB.
INFO: [XFORM 203-401] Performing if-conversion on hyperblock in function 'swiglu'... converting 3 basic blocks.
INFO: [XFORM 203-401] Performing if-conversion on hyperblock in function 'swiglu'... converting 3 basic blocks.
INFO: [XFORM 203-401] Performing if-conversion on hyperblock in function 'swiglu'... converting 3 basic blocks.
INFO: [XFORM 203-401] Performing if-conversion on hyperblock in function 'swiglu'... converting 3 basic blocks.
INFO: [XFORM 203-401] Performing if-conversion on hyperblock from (swiglu.cpp:284:70) in function 'swiglu'... converting 11 basic blocks.
INFO: [XFORM 203-401] Performing if-conversion on hyperblock from (swiglu.cpp:56:17) in function 'swiglu'... converting 11 basic blocks.
INFO: [XFORM 203-401] Performing if-conversion on hyperblock in function 'swiglu'... converting 3 basic blocks.
INFO: [XFORM 203-401] Performing if-conversion on hyperblock in function 'swiglu'... converting 3 basic blocks.
INFO: [XFORM 203-401] Performing if-conversion on hyperblock in function 'swiglu'... converting 3 basic blocks.
INFO: [XFORM 203-401] Performing if-conversion on hyperblock in function 'swiglu'... converting 3 basic blocks.
INFO: [XFORM 203-401] Performing if-conversion on hyperblock from (swiglu.cpp:316:70) in function 'swiglu'... converting 11 basic blocks.
INFO: [XFORM 203-401] Performing if-conversion on hyperblock from (swiglu.cpp:56:17) in function 'swiglu'... converting 11 basic blocks.
INFO: [XFORM 203-401] Performing if-conversion on hyperblock in function 'swiglu'... converting 3 basic blocks.
INFO: [XFORM 203-401] Performing if-conversion on hyperblock in function 'swiglu'... converting 3 basic blocks.
INFO: [XFORM 203-401] Performing if-conversion on hyperblock in function 'swiglu'... converting 3 basic blocks.
INFO: [XFORM 203-401] Performing if-conversion on hyperblock in function 'swiglu'... converting 3 basic blocks.
INFO: [XFORM 203-401] Performing if-conversion on hyperblock from (swiglu.cpp:374:72) in function 'swiglu'... converting 11 basic blocks.
INFO: [XFORM 203-401] Performing if-conversion on hyperblock from (swiglu.cpp:56:17) in function 'swiglu'... converting 11 basic blocks.
INFO: [XFORM 203-401] Performing if-conversion on hyperblock in function 'swiglu'... converting 3 basic blocks.
INFO: [XFORM 203-401] Performing if-conversion on hyperblock in function 'swiglu'... converting 3 basic blocks.
INFO: [XFORM 203-401] Performing if-conversion on hyperblock from (swiglu.cpp:415:72) in function 'swiglu'... converting 6 basic blocks.
INFO: [XFORM 203-401] Performing if-conversion on hyperblock from (swiglu.cpp:188:14) in function 'swiglu'... converting 6 basic blocks.
INFO: [HLS 200-111] Finished Loop, function and other optimizations: CPU user time: 3 seconds. CPU system time: 0 seconds. Elapsed time: 2.892 seconds; current allocated memory: 235.238 MB.
INFO: [HLS 200-111] Finished Architecture Synthesis: CPU user time: 2 seconds. CPU system time: 0 seconds. Elapsed time: 2.849 seconds; current allocated memory: 361.109 MB.
INFO: [HLS 200-10] Starting hardware synthesis ...
INFO: [HLS 200-10] Synthesizing 'swiglu' ...
INFO: [HLS 200-10] ----------------------------------------------------------------
INFO: [HLS 200-42] -- Implementing module 'swiglu_Pipeline_LOAD_VECTOR' 
INFO: [HLS 200-10] ----------------------------------------------------------------
INFO: [SCHED 204-11] Starting scheduling ...
INFO: [SCHED 204-61] Pipelining loop 'LOAD_VECTOR'.
INFO: [HLS 200-1470] Pipelining result : Target II = 1, Final II = 1, Depth = 2, loop 'LOAD_VECTOR'
INFO: [SCHED 204-11] Finished scheduling.
INFO: [HLS 200-111] Finished Scheduling: CPU user time: 0 seconds. CPU system time: 0 seconds. Elapsed time: 0.443 seconds; current allocated memory: 365.086 MB.
INFO: [BIND 205-100] Starting micro-architecture generation ...
INFO: [BIND 205-101] Performing variable lifetime analysis.
INFO: [BIND 205-101] Exploring resource sharing.
INFO: [BIND 205-101] Binding ...
INFO: [BIND 205-100] Finished micro-architecture generation.
INFO: [HLS 200-111] Finished Binding: CPU user time: 0 seconds. CPU system time: 0 seconds. Elapsed time: 0.043 seconds; current allocated memory: 366.250 MB.
INFO: [HLS 200-10] ----------------------------------------------------------------
INFO: [HLS 200-42] -- Implementing module 'swiglu_Pipeline_READ_PAIR_X1' 
INFO: [HLS 200-10] ----------------------------------------------------------------
INFO: [SCHED 204-11] Starting scheduling ...
INFO: [SCHED 204-61] Pipelining loop 'READ_PAIR_X1'.
INFO: [HLS 200-1470] Pipelining result : Target II = 1, Final II = 1, Depth = 2, loop 'READ_PAIR_X1'
INFO: [SCHED 204-11] Finished scheduling.
INFO: [HLS 200-111] Finished Scheduling: CPU user time: 0 seconds. CPU system time: 0 seconds. Elapsed time: 0.088 seconds; current allocated memory: 366.777 MB.
INFO: [BIND 205-100] Starting micro-architecture generation ...
INFO: [BIND 205-101] Performing variable lifetime analysis.
INFO: [BIND 205-101] Exploring resource sharing.
INFO: [BIND 205-101] Binding ...
INFO: [BIND 205-100] Finished micro-architecture generation.
INFO: [HLS 200-111] Finished Binding: CPU user time: 0 seconds. CPU system time: 0 seconds. Elapsed time: 0.049 seconds; current allocated memory: 366.852 MB.
INFO: [HLS 200-10] ----------------------------------------------------------------
INFO: [HLS 200-42] -- Implementing module 'swiglu_Pipeline_DECODE_MAC' 
INFO: [HLS 200-10] ----------------------------------------------------------------
INFO: [SCHED 204-11] Starting scheduling ...
INFO: [SCHED 204-61] Pipelining loop 'DECODE_MAC'.
INFO: [HLS 200-1470] Pipelining result : Target II = 1, Final II = 1, Depth = 15, loop 'DECODE_MAC'
INFO: [SCHED 204-11] Finished scheduling.
INFO: [HLS 200-111] Finished Scheduling: CPU user time: 1 seconds. CPU system time: 0 seconds. Elapsed time: 0.185 seconds; current allocated memory: 367.875 MB.
INFO: [BIND 205-100] Starting micro-architecture generation ...
INFO: [BIND 205-101] Performing variable lifetime analysis.
INFO: [BIND 205-101] Exploring resource sharing.
INFO: [BIND 205-101] Binding ...
INFO: [BIND 205-100] Finished micro-architecture generation.
INFO: [HLS 200-111] Finished Binding: CPU user time: 0 seconds. CPU system time: 0 seconds. Elapsed time: 0.073 seconds; current allocated memory: 368.152 MB.
INFO: [HLS 200-10] ----------------------------------------------------------------
INFO: [HLS 200-42] -- Implementing module 'swiglu_Pipeline_DECODE_MAC1' 
INFO: [HLS 200-10] ----------------------------------------------------------------
INFO: [SCHED 204-11] Starting scheduling ...
INFO: [SCHED 204-61] Pipelining loop 'DECODE_MAC'.
INFO: [HLS 200-1470] Pipelining result : Target II = 1, Final II = 1, Depth = 15, loop 'DECODE_MAC'
INFO: [SCHED 204-11] Finished scheduling.
INFO: [HLS 200-111] Finished Scheduling: CPU user time: 0 seconds. CPU system time: 0 seconds. Elapsed time: 0.178 seconds; current allocated memory: 369.160 MB.
INFO: [BIND 205-100] Starting micro-architecture generation ...
INFO: [BIND 205-101] Performing variable lifetime analysis.
INFO: [BIND 205-101] Exploring resource sharing.
INFO: [BIND 205-101] Binding ...
INFO: [BIND 205-100] Finished micro-architecture generation.
INFO: [HLS 200-111] Finished Binding: CPU user time: 0 seconds. CPU system time: 0 seconds. Elapsed time: 0.073 seconds; current allocated memory: 369.273 MB.
INFO: [HLS 200-10] ----------------------------------------------------------------
INFO: [HLS 200-42] -- Implementing module 'swiglu_Pipeline_READ_PAIR_X2' 
INFO: [HLS 200-10] ----------------------------------------------------------------
INFO: [SCHED 204-11] Starting scheduling ...
INFO: [SCHED 204-61] Pipelining loop 'READ_PAIR_X2'.
INFO: [HLS 200-1470] Pipelining result : Target II = 1, Final II = 1, Depth = 2, loop 'READ_PAIR_X2'
INFO: [SCHED 204-11] Finished scheduling.
INFO: [HLS 200-111] Finished Scheduling: CPU user time: 0 seconds. CPU system time: 0 seconds. Elapsed time: 0.133 seconds; current allocated memory: 369.668 MB.
INFO: [BIND 205-100] Starting micro-architecture generation ...
INFO: [BIND 205-101] Performing variable lifetime analysis.
INFO: [BIND 205-101] Exploring resource sharing.
INFO: [BIND 205-101] Binding ...
INFO: [BIND 205-100] Finished micro-architecture generation.
INFO: [HLS 200-111] Finished Binding: CPU user time: 0 seconds. CPU system time: 0 seconds. Elapsed time: 0.056 seconds; current allocated memory: 369.906 MB.
INFO: [HLS 200-10] ----------------------------------------------------------------
INFO: [HLS 200-42] -- Implementing module 'swiglu_Pipeline_DECODE_MAC2' 
INFO: [HLS 200-10] ----------------------------------------------------------------
INFO: [SCHED 204-11] Starting scheduling ...
INFO: [SCHED 204-61] Pipelining loop 'DECODE_MAC'.
INFO: [HLS 200-1470] Pipelining result : Target II = 1, Final II = 1, Depth = 15, loop 'DECODE_MAC'
INFO: [SCHED 204-11] Finished scheduling.
INFO: [HLS 200-111] Finished Scheduling: CPU user time: 0 seconds. CPU system time: 0 seconds. Elapsed time: 0.145 seconds; current allocated memory: 371.035 MB.
INFO: [BIND 205-100] Starting micro-architecture generation ...
INFO: [BIND 205-101] Performing variable lifetime analysis.
INFO: [BIND 205-101] Exploring resource sharing.
INFO: [BIND 205-101] Binding ...
INFO: [BIND 205-100] Finished micro-architecture generation.
INFO: [HLS 200-111] Finished Binding: CPU user time: 0 seconds. CPU system time: 0 seconds. Elapsed time: 0.09 seconds; current allocated memory: 371.480 MB.
INFO: [HLS 200-10] ----------------------------------------------------------------
INFO: [HLS 200-42] -- Implementing module 'swiglu_Pipeline_DECODE_MAC3' 
INFO: [HLS 200-10] ----------------------------------------------------------------
INFO: [SCHED 204-11] Starting scheduling ...
INFO: [SCHED 204-61] Pipelining loop 'DECODE_MAC'.
INFO: [HLS 200-1470] Pipelining result : Target II = 1, Final II = 1, Depth = 15, loop 'DECODE_MAC'
INFO: [SCHED 204-11] Finished scheduling.
INFO: [HLS 200-111] Finished Scheduling: CPU user time: 0 seconds. CPU system time: 0 seconds. Elapsed time: 0.211 seconds; current allocated memory: 372.535 MB.
INFO: [BIND 205-100] Starting micro-architecture generation ...
INFO: [BIND 205-101] Performing variable lifetime analysis.
INFO: [BIND 205-101] Exploring resource sharing.
INFO: [BIND 205-101] Binding ...
INFO: [BIND 205-100] Finished micro-architecture generation.
INFO: [HLS 200-111] Finished Binding: CPU user time: 0 seconds. CPU system time: 1 seconds. Elapsed time: 0.102 seconds; current allocated memory: 372.809 MB.
INFO: [HLS 200-10] ----------------------------------------------------------------
INFO: [HLS 200-42] -- Implementing module 'swiglu_Pipeline_SWISH_GATE' 
INFO: [HLS 200-10] ----------------------------------------------------------------
INFO: [SCHED 204-11] Starting scheduling ...
WARNING: [HLS 200-2042] Usage of URAM can potentially cause worse II as Vitis HLS does not exploit read-first mode for URAMs. Consider using BRAMs instead.
WARNING: [HLS 200-2042] Usage of URAM can potentially cause worse II as Vitis HLS does not exploit read-first mode for URAMs. Consider using BRAMs instead.
WARNING: [HLS 200-2042] Usage of URAM can potentially cause worse II as Vitis HLS does not exploit read-first mode for URAMs. Consider using BRAMs instead.
INFO: [SCHED 204-61] Pipelining loop 'SWISH_GATE'.
INFO: [HLS 200-1470] Pipelining result : Target II = 1, Final II = 1, Depth = 17, loop 'SWISH_GATE'
INFO: [SCHED 204-11] Finished scheduling.
INFO: [HLS 200-111] Finished Scheduling: CPU user time: 1 seconds. CPU system time: 0 seconds. Elapsed time: 1.205 seconds; current allocated memory: 373.258 MB.
INFO: [BIND 205-100] Starting micro-architecture generation ...
INFO: [BIND 205-101] Performing variable lifetime analysis.
INFO: [BIND 205-101] Exploring resource sharing.
INFO: [BIND 205-101] Binding ...
INFO: [BIND 205-100] Finished micro-architecture generation.
INFO: [HLS 200-111] Finished Binding: CPU user time: 0 seconds. CPU system time: 0 seconds. Elapsed time: 0.051 seconds; current allocated memory: 373.270 MB.
INFO: [HLS 200-10] ----------------------------------------------------------------
INFO: [HLS 200-42] -- Implementing module 'swiglu_Pipeline_READ_PAIR_DOWN_Q6K' 
INFO: [HLS 200-10] ----------------------------------------------------------------
INFO: [SCHED 204-11] Starting scheduling ...
INFO: [HLS 200-1457] Automatically inferring inferring RAM_1WNR storage type for array 'block_buf_a_19'. Use bind_storage pragma to override this type.
INFO: [HLS 200-1457] Automatically inferring inferring RAM_1WNR storage type for array 'block_buf_b_17'. Use bind_storage pragma to override this type.
INFO: [HLS 200-1457] Automatically inferring inferring RAM_1WNR storage type for array 'block_buf_a_18'. Use bind_storage pragma to override this type.
INFO: [HLS 200-1457] Automatically inferring inferring RAM_1WNR storage type for array 'block_buf_b_16'. Use bind_storage pragma to override this type.
INFO: [HLS 200-1457] Automatically inferring inferring RAM_1WNR storage type for array 'block_buf_a_17'. Use bind_storage pragma to override this type.
INFO: [HLS 200-1457] Automatically inferring inferring RAM_1WNR storage type for array 'block_buf_b_19'. Use bind_storage pragma to override this type.
INFO: [HLS 200-1457] Automatically inferring inferring RAM_1WNR storage type for array 'block_buf_a_16'. Use bind_storage pragma to override this type.
INFO: [HLS 200-1457] Automatically inferring inferring RAM_1WNR storage type for array 'block_buf_b_18'. Use bind_storage pragma to override this type.
INFO: [SCHED 204-61] Pipelining loop 'READ_PAIR_DOWN_Q6K'.
INFO: [HLS 200-1470] Pipelining result : Target II = 1, Final II = 1, Depth = 2, loop 'READ_PAIR_DOWN_Q6K'
INFO: [SCHED 204-11] Finished scheduling.
INFO: [HLS 200-111] Finished Scheduling: CPU user time: 0 seconds. CPU system time: 0 seconds. Elapsed time: 0.091 seconds; current allocated memory: 373.789 MB.
INFO: [BIND 205-100] Starting micro-architecture generation ...
INFO: [BIND 205-101] Performing variable lifetime analysis.
INFO: [BIND 205-101] Exploring resource sharing.
INFO: [BIND 205-101] Binding ...
INFO: [BIND 205-100] Finished micro-architecture generation.
INFO: [HLS 200-111] Finished Binding: CPU user time: 0 seconds. CPU system time: 0 seconds. Elapsed time: 0.046 seconds; current allocated memory: 373.859 MB.
INFO: [HLS 200-10] ----------------------------------------------------------------
INFO: [HLS 200-42] -- Implementing module 'swiglu_Pipeline_DECODE_MAC_Q6K' 
INFO: [HLS 200-10] ----------------------------------------------------------------
INFO: [SCHED 204-11] Starting scheduling ...
WARNING: [HLS 200-2042] Usage of URAM can potentially cause worse II as Vitis HLS does not exploit read-first mode for URAMs. Consider using BRAMs instead.
INFO: [HLS 200-1457] Automatically inferring inferring RAM_1WNR storage type for array 'block_buf_a_19'. Use bind_storage pragma to override this type.
INFO: [HLS 200-1457] Automatically inferring inferring RAM_1WNR storage type for array 'block_buf_a_18'. Use bind_storage pragma to override this type.
INFO: [HLS 200-1457] Automatically inferring inferring RAM_1WNR storage type for array 'block_buf_a_17'. Use bind_storage pragma to override this type.
INFO: [HLS 200-1457] Automatically inferring inferring RAM_1WNR storage type for array 'block_buf_a_16'. Use bind_storage pragma to override this type.
INFO: [SCHED 204-61] Pipelining loop 'DECODE_MAC_Q6K'.
INFO: [HLS 200-1470] Pipelining result : Target II = 1, Final II = 1, Depth = 18, loop 'DECODE_MAC_Q6K'
INFO: [SCHED 204-11] Finished scheduling.
INFO: [HLS 200-111] Finished Scheduling: CPU user time: 0 seconds. CPU system time: 0 seconds. Elapsed time: 1.811 seconds; current allocated memory: 374.695 MB.
INFO: [BIND 205-100] Starting micro-architecture generation ...
INFO: [BIND 205-101] Performing variable lifetime analysis.
INFO: [BIND 205-101] Exploring resource sharing.
INFO: [BIND 205-101] Binding ...
INFO: [BIND 205-100] Finished micro-architecture generation.
INFO: [HLS 200-111] Finished Binding: CPU user time: 0 seconds. CPU system time: 0 seconds. Elapsed time: 0.124 seconds; current allocated memory: 374.809 MB.
INFO: [HLS 200-10] ----------------------------------------------------------------
INFO: [HLS 200-42] -- Implementing module 'swiglu_Pipeline_DECODE_MAC_Q6K6' 
INFO: [HLS 200-10] ----------------------------------------------------------------
INFO: [SCHED 204-11] Starting scheduling ...
WARNING: [HLS 200-2042] Usage of URAM can potentially cause worse II as Vitis HLS does not exploit read-first mode for URAMs. Consider using BRAMs instead.
INFO: [HLS 200-1457] Automatically inferring inferring RAM_1WNR storage type for array 'block_buf_b_19'. Use bind_storage pragma to override this type.
INFO: [HLS 200-1457] Automatically inferring inferring RAM_1WNR storage type for array 'block_buf_b_18'. Use bind_storage pragma to override this type.
INFO: [HLS 200-1457] Automatically inferring inferring RAM_1WNR storage type for array 'block_buf_b_17'. Use bind_storage pragma to override this type.
INFO: [HLS 200-1457] Automatically inferring inferring RAM_1WNR storage type for array 'block_buf_b_16'. Use bind_storage pragma to override this type.
INFO: [SCHED 204-61] Pipelining loop 'DECODE_MAC_Q6K'.
INFO: [HLS 200-1470] Pipelining result : Target II = 1, Final II = 1, Depth = 18, loop 'DECODE_MAC_Q6K'
INFO: [SCHED 204-11] Finished scheduling.
INFO: [HLS 200-111] Finished Scheduling: CPU user time: 0 seconds. CPU system time: 0 seconds. Elapsed time: 0.286 seconds; current allocated memory: 375.938 MB.
INFO: [BIND 205-100] Starting micro-architecture generation ...
INFO: [BIND 205-101] Performing variable lifetime analysis.
INFO: [BIND 205-101] Exploring resource sharing.
INFO: [BIND 205-101] Binding ...
INFO: [BIND 205-100] Finished micro-architecture generation.
INFO: [HLS 200-111] Finished Binding: CPU user time: 0 seconds. CPU system time: 0 seconds. Elapsed time: 0.129 seconds; current allocated memory: 376.379 MB.
INFO: [HLS 200-10] ----------------------------------------------------------------
INFO: [HLS 200-42] -- Implementing module 'swiglu_Pipeline_READ_PAIR_DOWN_Q4K' 
INFO: [HLS 200-10] ----------------------------------------------------------------
INFO: [SCHED 204-11] Starting scheduling ...
INFO: [SCHED 204-61] Pipelining loop 'READ_PAIR_DOWN_Q4K'.
INFO: [HLS 200-1470] Pipelining result : Target II = 1, Final II = 1, Depth = 2, loop 'READ_PAIR_DOWN_Q4K'
INFO: [SCHED 204-11] Finished scheduling.
INFO: [HLS 200-111] Finished Scheduling: CPU user time: 1 seconds. CPU system time: 0 seconds. Elapsed time: 0.207 seconds; current allocated memory: 376.965 MB.
INFO: [BIND 205-100] Starting micro-architecture generation ...
INFO: [BIND 205-101] Performing variable lifetime analysis.
INFO: [BIND 205-101] Exploring resource sharing.
INFO: [BIND 205-101] Binding ...
INFO: [BIND 205-100] Finished micro-architecture generation.
INFO: [HLS 200-111] Finished Binding: CPU user time: 0 seconds. CPU system time: 0 seconds. Elapsed time: 0.077 seconds; current allocated memory: 377.031 MB.
INFO: [HLS 200-10] ----------------------------------------------------------------
INFO: [HLS 200-42] -- Implementing module 'swiglu_Pipeline_DECODE_MAC4' 
INFO: [HLS 200-10] ----------------------------------------------------------------
INFO: [SCHED 204-11] Starting scheduling ...
WARNING: [HLS 200-2042] Usage of URAM can potentially cause worse II as Vitis HLS does not exploit read-first mode for URAMs. Consider using BRAMs instead.
INFO: [SCHED 204-61] Pipelining loop 'DECODE_MAC'.
INFO: [HLS 200-1470] Pipelining result : Target II = 1, Final II = 1, Depth = 15, loop 'DECODE_MAC'
INFO: [SCHED 204-11] Finished scheduling.
INFO: [HLS 200-111] Finished Scheduling: CPU user time: 0 seconds. CPU system time: 0 seconds. Elapsed time: 0.18 seconds; current allocated memory: 378.637 MB.
INFO: [BIND 205-100] Starting micro-architecture generation ...
INFO: [BIND 205-101] Performing variable lifetime analysis.
INFO: [BIND 205-101] Exploring resource sharing.
INFO: [BIND 205-101] Binding ...
INFO: [BIND 205-100] Finished micro-architecture generation.
INFO: [HLS 200-111] Finished Binding: CPU user time: 0 seconds. CPU system time: 0 seconds. Elapsed time: 0.086 seconds; current allocated memory: 378.820 MB.
INFO: [HLS 200-10] ----------------------------------------------------------------
INFO: [HLS 200-42] -- Implementing module 'swiglu_Pipeline_DECODE_MAC5' 
INFO: [HLS 200-10] ----------------------------------------------------------------
INFO: [SCHED 204-11] Starting scheduling ...
WARNING: [HLS 200-2042] Usage of URAM can potentially cause worse II as Vitis HLS does not exploit read-first mode for URAMs. Consider using BRAMs instead.
INFO: [SCHED 204-61] Pipelining loop 'DECODE_MAC'.
INFO: [HLS 200-1470] Pipelining result : Target II = 1, Final II = 1, Depth = 15, loop 'DECODE_MAC'
INFO: [SCHED 204-11] Finished scheduling.
INFO: [HLS 200-111] Finished Scheduling: CPU user time: 0 seconds. CPU system time: 0 seconds. Elapsed time: 0.182 seconds; current allocated memory: 379.848 MB.
INFO: [BIND 205-100] Starting micro-architecture generation ...
INFO: [BIND 205-101] Performing variable lifetime analysis.
INFO: [BIND 205-101] Exploring resource sharing.
INFO: [BIND 205-101] Binding ...
INFO: [BIND 205-100] Finished micro-architecture generation.
INFO: [HLS 200-111] Finished Binding: CPU user time: 0 seconds. CPU system time: 0 seconds. Elapsed time: 0.087 seconds; current allocated memory: 380.367 MB.
INFO: [HLS 200-10] ----------------------------------------------------------------
INFO: [HLS 200-42] -- Implementing module 'swiglu' 
INFO: [HLS 200-10] ----------------------------------------------------------------
INFO: [SCHED 204-11] Starting scheduling ...
INFO: [HLS 200-1457] Automatically inferring inferring RAM_1WNR storage type for array 'block_buf_b_17'. Use bind_storage pragma to override this type.
INFO: [HLS 200-1457] Automatically inferring inferring RAM_1WNR storage type for array 'block_buf_b_16'. Use bind_storage pragma to override this type.
INFO: [HLS 200-1457] Automatically inferring inferring RAM_1WNR storage type for array 'block_buf_a_17'. Use bind_storage pragma to override this type.
INFO: [HLS 200-1457] Automatically inferring inferring RAM_1WNR storage type for array 'block_buf_a_16'. Use bind_storage pragma to override this type.
WARNING: [HLS 200-2042] Usage of URAM can potentially cause worse II as Vitis HLS does not exploit read-first mode for URAMs. Consider using BRAMs instead.
WARNING: [HLS 200-2042] Usage of URAM can potentially cause worse II as Vitis HLS does not exploit read-first mode for URAMs. Consider using BRAMs instead.
INFO: [SCHED 204-11] Finished scheduling.
INFO: [HLS 200-111] Finished Scheduling: CPU user time: 1 seconds. CPU system time: 0 seconds. Elapsed time: 1.344 seconds; current allocated memory: 398.586 MB.
INFO: [BIND 205-100] Starting micro-architecture generation ...
INFO: [BIND 205-101] Performing variable lifetime analysis.
INFO: [BIND 205-101] Exploring resource sharing.
WARNING: [BIND 205-102] The specified resource core for memory 'X1_cache' will be ignored if a simpler one can be used.
WARNING: [BIND 205-102] The specified resource core for memory 'X2_cache' will be ignored if a simpler one can be used.
INFO: [BIND 205-101] Binding ...
INFO: [BIND 205-100] Finished micro-architecture generation.
INFO: [HLS 200-111] Finished Binding: CPU user time: 2 seconds. CPU system time: 0 seconds. Elapsed time: 1.477 seconds; current allocated memory: 398.914 MB.
INFO: [HLS 200-10] ----------------------------------------------------------------
INFO: [HLS 200-10] -- Generating RTL for module 'swiglu_Pipeline_LOAD_VECTOR' 
INFO: [HLS 200-10] ----------------------------------------------------------------
INFO: [HLS 200-1030] Apply Unified Pipeline Control on module 'swiglu_Pipeline_LOAD_VECTOR' pipeline 'LOAD_VECTOR' pipeline type 'loop pipeline'
INFO: [RTGEN 206-100] Finished creating RTL model for 'swiglu_Pipeline_LOAD_VECTOR'.
INFO: [HLS 200-111] Finished Creating RTL model: CPU user time: 0 seconds. CPU system time: 0 seconds. Elapsed time: 0.934 seconds; current allocated memory: 400.895 MB.
INFO: [HLS 200-10] ----------------------------------------------------------------
INFO: [HLS 200-10] -- Generating RTL for module 'swiglu_Pipeline_READ_PAIR_X1' 
INFO: [HLS 200-10] ----------------------------------------------------------------
INFO: [HLS 200-1030] Apply Unified Pipeline Control on module 'swiglu_Pipeline_READ_PAIR_X1' pipeline 'READ_PAIR_X1' pipeline type 'loop pipeline'
INFO: [RTGEN 206-100] Finished creating RTL model for 'swiglu_Pipeline_READ_PAIR_X1'.
INFO: [HLS 200-111] Finished Creating RTL model: CPU user time: 1 seconds. CPU system time: 0 seconds. Elapsed time: 0.205 seconds; current allocated memory: 401.949 MB.
INFO: [HLS 200-10] ----------------------------------------------------------------
INFO: [HLS 200-10] -- Generating RTL for module 'swiglu_Pipeline_DECODE_MAC' 
INFO: [HLS 200-10] ----------------------------------------------------------------
INFO: [HLS 200-1030] Apply Unified Pipeline Control on module 'swiglu_Pipeline_DECODE_MAC' pipeline 'DECODE_MAC' pipeline type 'loop pipeline'
INFO: [RTGEN 206-100] Generating core module 'fadd_32ns_32ns_32_4_full_dsp_1': 2 instance(s).
INFO: [RTGEN 206-100] Generating core module 'fmul_32ns_32ns_32_3_max_dsp_1': 3 instance(s).
INFO: [RTGEN 206-100] Generating core module 'sparsemux_17_3_32_1_1': 2 instance(s).
INFO: [RTGEN 206-100] Generating core module 'sparsemux_17_3_6_1_1': 2 instance(s).
INFO: [RTGEN 206-100] Generating core module 'sparsemux_9_2_8_1_1': 1 instance(s).
INFO: [RTGEN 206-100] Generating core module 'uitofp_32ns_32_3_no_dsp_1': 3 instance(s).
INFO: [RTGEN 206-100] Finished creating RTL model for 'swiglu_Pipeline_DECODE_MAC'.
INFO: [HLS 200-111] Finished Creating RTL model: CPU user time: 0 seconds. CPU system time: 0 seconds. Elapsed time: 0.517 seconds; current allocated memory: 405.086 MB.
INFO: [HLS 200-10] ----------------------------------------------------------------
INFO: [HLS 200-10] -- Generating RTL for module 'swiglu_Pipeline_DECODE_MAC1' 
INFO: [HLS 200-10] ----------------------------------------------------------------
INFO: [HLS 200-1030] Apply Unified Pipeline Control on module 'swiglu_Pipeline_DECODE_MAC1' pipeline 'DECODE_MAC' pipeline type 'loop pipeline'
INFO: [RTGEN 206-100] Generating core module 'fadd_32ns_32ns_32_4_full_dsp_1': 2 instance(s).
INFO: [RTGEN 206-100] Generating core module 'fmul_32ns_32ns_32_3_max_dsp_1': 3 instance(s).
INFO: [RTGEN 206-100] Generating core module 'sparsemux_17_3_32_1_1': 2 instance(s).
INFO: [RTGEN 206-100] Generating core module 'sparsemux_17_3_6_1_1': 2 instance(s).
INFO: [RTGEN 206-100] Generating core module 'sparsemux_9_2_8_1_1': 1 instance(s).
INFO: [RTGEN 206-100] Generating core module 'uitofp_32ns_32_3_no_dsp_1': 3 instance(s).
INFO: [RTGEN 206-100] Finished creating RTL model for 'swiglu_Pipeline_DECODE_MAC1'.
INFO: [HLS 200-111] Finished Creating RTL model: CPU user time: 0 seconds. CPU system time: 0 seconds. Elapsed time: 0.856 seconds; current allocated memory: 409.961 MB.
INFO: [HLS 200-10] ----------------------------------------------------------------
INFO: [HLS 200-10] -- Generating RTL for module 'swiglu_Pipeline_READ_PAIR_X2' 
INFO: [HLS 200-10] ----------------------------------------------------------------
INFO: [HLS 200-1030] Apply Unified Pipeline Control on module 'swiglu_Pipeline_READ_PAIR_X2' pipeline 'READ_PAIR_X2' pipeline type 'loop pipeline'
INFO: [RTGEN 206-100] Finished creating RTL model for 'swiglu_Pipeline_READ_PAIR_X2'.
INFO: [HLS 200-111] Finished Creating RTL model: CPU user time: 1 seconds. CPU system time: 1 seconds. Elapsed time: 0.655 seconds; current allocated memory: 414.410 MB.
INFO: [HLS 200-10] ----------------------------------------------------------------
INFO: [HLS 200-10] -- Generating RTL for module 'swiglu_Pipeline_DECODE_MAC2' 
INFO: [HLS 200-10] ----------------------------------------------------------------
INFO: [HLS 200-1030] Apply Unified Pipeline Control on module 'swiglu_Pipeline_DECODE_MAC2' pipeline 'DECODE_MAC' pipeline type 'loop pipeline'
INFO: [RTGEN 206-100] Generating core module 'fadd_32ns_32ns_32_4_full_dsp_1': 2 instance(s).
INFO: [RTGEN 206-100] Generating core module 'fmul_32ns_32ns_32_3_max_dsp_1': 3 instance(s).
INFO: [RTGEN 206-100] Generating core module 'sparsemux_17_3_32_1_1': 2 instance(s).
INFO: [RTGEN 206-100] Generating core module 'sparsemux_17_3_6_1_1': 2 instance(s).
INFO: [RTGEN 206-100] Generating core module 'sparsemux_9_2_8_1_1': 1 instance(s).
INFO: [RTGEN 206-100] Generating core module 'uitofp_32ns_32_3_no_dsp_1': 3 instance(s).
INFO: [RTGEN 206-100] Finished creating RTL model for 'swiglu_Pipeline_DECODE_MAC2'.
INFO: [HLS 200-111] Finished Creating RTL model: CPU user time: 0 seconds. CPU system time: 0 seconds. Elapsed time: 0.542 seconds; current allocated memory: 416.746 MB.
INFO: [HLS 200-10] ----------------------------------------------------------------
INFO: [HLS 200-10] -- Generating RTL for module 'swiglu_Pipeline_DECODE_MAC3' 
INFO: [HLS 200-10] ----------------------------------------------------------------
INFO: [HLS 200-1030] Apply Unified Pipeline Control on module 'swiglu_Pipeline_DECODE_MAC3' pipeline 'DECODE_MAC' pipeline type 'loop pipeline'
INFO: [RTGEN 206-100] Generating core module 'fadd_32ns_32ns_32_4_full_dsp_1': 2 instance(s).
INFO: [RTGEN 206-100] Generating core module 'fmul_32ns_32ns_32_3_max_dsp_1': 3 instance(s).
INFO: [RTGEN 206-100] Generating core module 'sparsemux_17_3_32_1_1': 2 instance(s).
INFO: [RTGEN 206-100] Generating core module 'sparsemux_17_3_6_1_1': 2 instance(s).
INFO: [RTGEN 206-100] Generating core module 'sparsemux_9_2_8_1_1': 1 instance(s).
INFO: [RTGEN 206-100] Generating core module 'uitofp_32ns_32_3_no_dsp_1': 3 instance(s).
INFO: [RTGEN 206-100] Finished creating RTL model for 'swiglu_Pipeline_DECODE_MAC3'.
INFO: [HLS 200-111] Finished Creating RTL model: CPU user time: 0 seconds. CPU system time: 0 seconds. Elapsed time: 0.654 seconds; current allocated memory: 421.348 MB.
INFO: [HLS 200-10] ----------------------------------------------------------------
INFO: [HLS 200-10] -- Generating RTL for module 'swiglu_Pipeline_SWISH_GATE' 
INFO: [HLS 200-10] ----------------------------------------------------------------
INFO: [HLS 200-1030] Apply Unified Pipeline Control on module 'swiglu_Pipeline_SWISH_GATE' pipeline 'SWISH_GATE' pipeline type 'loop pipeline'
INFO: [RTGEN 206-100] Generating core module 'fadd_32ns_32ns_32_4_full_dsp_1': 1 instance(s).
INFO: [RTGEN 206-100] Generating core module 'fmul_32ns_32ns_32_3_max_dsp_1': 3 instance(s).
INFO: [RTGEN 206-100] Finished creating RTL model for 'swiglu_Pipeline_SWISH_GATE'.
INFO: [RTMG 210-279] Implementing memory 'swiglu_swiglu_Pipeline_SWISH_GATE_sigmoid_lut_ROM_1P_BRAM_1R' using block ROMs.
INFO: [HLS 200-111] Finished Creating RTL model: CPU user time: 1 seconds. CPU system time: 0 seconds. Elapsed time: 0.671 seconds; current allocated memory: 426.676 MB.
INFO: [HLS 200-10] ----------------------------------------------------------------
INFO: [HLS 200-10] -- Generating RTL for module 'swiglu_Pipeline_READ_PAIR_DOWN_Q6K' 
INFO: [HLS 200-10] ----------------------------------------------------------------
INFO: [HLS 200-1030] Apply Unified Pipeline Control on module 'swiglu_Pipeline_READ_PAIR_DOWN_Q6K' pipeline 'READ_PAIR_DOWN_Q6K' pipeline type 'loop pipeline'
INFO: [RTGEN 206-100] Finished creating RTL model for 'swiglu_Pipeline_READ_PAIR_DOWN_Q6K'.
INFO: [HLS 200-111] Finished Creating RTL model: CPU user time: 0 seconds. CPU system time: 0 seconds. Elapsed time: 0.317 seconds; current allocated memory: 427.164 MB.
INFO: [HLS 200-10] ----------------------------------------------------------------
INFO: [HLS 200-10] -- Generating RTL for module 'swiglu_Pipeline_DECODE_MAC_Q6K' 
INFO: [HLS 200-10] ----------------------------------------------------------------
INFO: [HLS 200-1030] Apply Unified Pipeline Control on module 'swiglu_Pipeline_DECODE_MAC_Q6K' pipeline 'DECODE_MAC_Q6K' pipeline type 'loop pipeline'
INFO: [RTGEN 206-100] Generating core module 'fadd_32ns_32ns_32_4_full_dsp_1': 1 instance(s).
INFO: [RTGEN 206-100] Generating core module 'fmul_32ns_32ns_32_3_max_dsp_1': 3 instance(s).
INFO: [RTGEN 206-100] Generating core module 'sitofp_32s_32_3_no_dsp_1': 2 instance(s).
INFO: [RTGEN 206-100] Generating core module 'sparsemux_17_3_32_1_1': 1 instance(s).
INFO: [RTGEN 206-100] Generating core module 'sparsemux_9_2_8_1_1': 3 instance(s).
INFO: [RTGEN 206-100] Finished creating RTL model for 'swiglu_Pipeline_DECODE_MAC_Q6K'.
INFO: [HLS 200-111] Finished Creating RTL model: CPU user time: 0 seconds. CPU system time: 0 seconds. Elapsed time: 0.629 seconds; current allocated memory: 430.102 MB.
INFO: [HLS 200-10] ----------------------------------------------------------------
INFO: [HLS 200-10] -- Generating RTL for module 'swiglu_Pipeline_DECODE_MAC_Q6K6' 
INFO: [HLS 200-10] ----------------------------------------------------------------
INFO: [HLS 200-1030] Apply Unified Pipeline Control on module 'swiglu_Pipeline_DECODE_MAC_Q6K6' pipeline 'DECODE_MAC_Q6K' pipeline type 'loop pipeline'
INFO: [RTGEN 206-100] Generating core module 'fadd_32ns_32ns_32_4_full_dsp_1': 1 instance(s).
INFO: [RTGEN 206-100] Generating core module 'fmul_32ns_32ns_32_3_max_dsp_1': 3 instance(s).
INFO: [RTGEN 206-100] Generating core module 'sitofp_32s_32_3_no_dsp_1': 2 instance(s).
INFO: [RTGEN 206-100] Generating core module 'sparsemux_17_3_32_1_1': 1 instance(s).
INFO: [RTGEN 206-100] Generating core module 'sparsemux_9_2_8_1_1': 3 instance(s).
INFO: [RTGEN 206-100] Finished creating RTL model for 'swiglu_Pipeline_DECODE_MAC_Q6K6'.
INFO: [HLS 200-111] Finished Creating RTL model: CPU user time: 1 seconds. CPU system time: 1 seconds. Elapsed time: 0.74 seconds; current allocated memory: 433.973 MB.
INFO: [HLS 200-10] ----------------------------------------------------------------
INFO: [HLS 200-10] -- Generating RTL for module 'swiglu_Pipeline_READ_PAIR_DOWN_Q4K' 
INFO: [HLS 200-10] ----------------------------------------------------------------
INFO: [HLS 200-1030] Apply Unified Pipeline Control on module 'swiglu_Pipeline_READ_PAIR_DOWN_Q4K' pipeline 'READ_PAIR_DOWN_Q4K' pipeline type 'loop pipeline'
INFO: [RTGEN 206-100] Finished creating RTL model for 'swiglu_Pipeline_READ_PAIR_DOWN_Q4K'.
INFO: [HLS 200-111] Finished Creating RTL model: CPU user time: 0 seconds. CPU system time: 0 seconds. Elapsed time: 0.425 seconds; current allocated memory: 437.605 MB.
INFO: [HLS 200-10] ----------------------------------------------------------------
INFO: [HLS 200-10] -- Generating RTL for module 'swiglu_Pipeline_DECODE_MAC4' 
INFO: [HLS 200-10] ----------------------------------------------------------------
INFO: [HLS 200-1030] Apply Unified Pipeline Control on module 'swiglu_Pipeline_DECODE_MAC4' pipeline 'DECODE_MAC' pipeline type 'loop pipeline'
INFO: [RTGEN 206-100] Generating core module 'fadd_32ns_32ns_32_4_full_dsp_1': 2 instance(s).
INFO: [RTGEN 206-100] Generating core module 'fmul_32ns_32ns_32_3_max_dsp_1': 3 instance(s).
INFO: [RTGEN 206-100] Generating core module 'sparsemux_17_3_32_1_1': 2 instance(s).
INFO: [RTGEN 206-100] Generating core module 'sparsemux_17_3_6_1_1': 2 instance(s).
INFO: [RTGEN 206-100] Generating core module 'sparsemux_9_2_8_1_1': 1 instance(s).
INFO: [RTGEN 206-100] Generating core module 'uitofp_32ns_32_3_no_dsp_1': 3 instance(s).
INFO: [RTGEN 206-100] Finished creating RTL model for 'swiglu_Pipeline_DECODE_MAC4'.
INFO: [HLS 200-111] Finished Creating RTL model: CPU user time: 0 seconds. CPU system time: 0 seconds. Elapsed time: 0.483 seconds; current allocated memory: 439.836 MB.
INFO: [HLS 200-10] ----------------------------------------------------------------
INFO: [HLS 200-10] -- Generating RTL for module 'swiglu_Pipeline_DECODE_MAC5' 
INFO: [HLS 200-10] ----------------------------------------------------------------
INFO: [HLS 200-1030] Apply Unified Pipeline Control on module 'swiglu_Pipeline_DECODE_MAC5' pipeline 'DECODE_MAC' pipeline type 'loop pipeline'
INFO: [RTGEN 206-100] Generating core module 'fadd_32ns_32ns_32_4_full_dsp_1': 2 instance(s).
INFO: [RTGEN 206-100] Generating core module 'fmul_32ns_32ns_32_3_max_dsp_1': 3 instance(s).
INFO: [RTGEN 206-100] Generating core module 'sparsemux_17_3_32_1_1': 2 instance(s).
INFO: [RTGEN 206-100] Generating core module 'sparsemux_17_3_6_1_1': 2 instance(s).
INFO: [RTGEN 206-100] Generating core module 'sparsemux_9_2_8_1_1': 1 instance(s).
INFO: [RTGEN 206-100] Generating core module 'uitofp_32ns_32_3_no_dsp_1': 3 instance(s).
INFO: [RTGEN 206-100] Finished creating RTL model for 'swiglu_Pipeline_DECODE_MAC5'.
INFO: [HLS 200-111] Finished Creating RTL model: CPU user time: 1 seconds. CPU system time: 0 seconds. Elapsed time: 0.627 seconds; current allocated memory: 445.148 MB.
INFO: [HLS 200-10] ----------------------------------------------------------------
INFO: [HLS 200-10] -- Generating RTL for module 'swiglu' 
INFO: [HLS 200-10] ----------------------------------------------------------------
WARNING: [RTGEN 206-101] Design contains AXI ports. Reset is fixed to synchronous and active low.
INFO: [RTGEN 206-500] Setting interface mode on port 'swiglu/in_stream_V_data_V' to 'axis' (register, both mode).
INFO: [RTGEN 206-500] Setting interface mode on port 'swiglu/in_stream_V_keep_V' to 'axis' (register, both mode).
INFO: [RTGEN 206-500] Setting interface mode on port 'swiglu/in_stream_V_strb_V' to 'axis' (register, both mode).
INFO: [RTGEN 206-500] Setting interface mode on port 'swiglu/in_stream_V_last_V' to 'axis' (register, both mode).
INFO: [RTGEN 206-500] Setting interface mode on port 'swiglu/out_stream_V_data_V' to 'axis' (register, both mode).
INFO: [RTGEN 206-500] Setting interface mode on port 'swiglu/out_stream_V_keep_V' to 'axis' (register, both mode).
INFO: [RTGEN 206-500] Setting interface mode on port 'swiglu/out_stream_V_strb_V' to 'axis' (register, both mode).
INFO: [RTGEN 206-500] Setting interface mode on port 'swiglu/out_stream_V_last_V' to 'axis' (register, both mode).
INFO: [RTGEN 206-500] Setting interface mode on port 'swiglu/down_quant_mode' to 's_axilite & ap_none'.
INFO: [RTGEN 206-500] Setting interface mode on function 'swiglu' to 's_axilite & ap_ctrl_hs'.
INFO: [RTGEN 206-100] Bundling port 'down_quant_mode' and 'return' to AXI-Lite port CTRL.
INFO: [RTGEN 206-100] Generating core module 'fadd_32ns_32ns_32_4_full_dsp_1': 9 instance(s).
INFO: [RTGEN 206-100] Generating core module 'faddfsub_32ns_32ns_32_4_full_dsp_1': 1 instance(s).
INFO: [RTGEN 206-100] Generating core module 'fmul_32ns_32ns_32_3_max_dsp_1': 3 instance(s).
INFO: [RTGEN 206-100] Generating core module 'sitofp_32s_32_3_no_dsp_1': 2 instance(s).
INFO: [RTGEN 206-100] Generating core module 'sparsemux_9_3_32_1_1': 14 instance(s).
INFO: [RTGEN 206-100] Generating core module 'uitofp_32ns_32_3_no_dsp_1': 3 instance(s).
INFO: [RTGEN 206-100] Finished creating RTL model for 'swiglu'.
INFO: [RTMG 210-278] Implementing memory 'swiglu_vector_cache_RAM_1P_BRAM_1R1W' using block RAMs.
INFO: [RTMG 210-278] Implementing memory 'swiglu_X1_cache_RAM_1P_URAM_1R1W' using ultra RAMs.
INFO: [RTMG 210-278] Implementing memory 'swiglu_block_buf_a_RAM_AUTO_1R1W' using auto RAMs.
INFO: [HLS 200-2167] Implementing memory 'swiglu_block_buf_a_16_RAM_1WNR_AUTO_1R1W' using auto RAMs with 2 copies to ensure enough ports to satisfy II or latency constraints.
INFO: [HLS 200-111] Finished Creating RTL model: CPU user time: 1 seconds. CPU system time: 0 seconds. Elapsed time: 1.859 seconds; current allocated memory: 472.273 MB.
INFO: [HLS 200-111] Finished Generating all RTL models: CPU user time: 3 seconds. CPU system time: 3 seconds. Elapsed time: 6.179 seconds; current allocated memory: 517.117 MB.
INFO: [HLS 200-111] Finished Updating report files: CPU user time: 1 seconds. CPU system time: 0 seconds. Elapsed time: 2.638 seconds; current allocated memory: 530.293 MB.
INFO: [VHDL 208-304] Generating VHDL RTL for swiglu.
INFO: [VLOG 209-307] Generating Verilog RTL for swiglu.
INFO: [HLS 200-790] **** Loop Constraint Status: All loop constraints were satisfied.
INFO: [HLS 200-789] **** Estimated Fmax: 126.68 MHz
INFO: [HLS 200-112] Total CPU user time: 24 seconds. Total CPU system time: 7 seconds. Total elapsed time: 58.027 seconds; peak allocated memory: 530.332 MB.
INFO: [v++ 60-791] Total elapsed time: 0h 1m 4s
