  **** HLS Build v2025.1 6135595
INFO: [HLS 200-2005] Using work_dir C:/Users/Jacob/Desktop/Vitis_projects/swiglu/swiglu 
INFO: [HLS 200-2176] Writing Vitis IDE component file C:/Users/Jacob/Desktop/Vitis_projects/swiglu/swiglu/vitis-comp.json
INFO: [HLS 200-10] Creating and opening component 'C:/Users/Jacob/Desktop/Vitis_projects/swiglu/swiglu'.
INFO: [HLS 200-1505] Using default flow_target 'vivado'
Resolution: For help on HLS 200-1505 see docs.xilinx.com/access/sources/dita/topic?Doc_Version=2025.1%20English&url=ug1448-hls-guidance&resourceid=200-1505.html
INFO: [HLS 200-2174] Applying component config ini file C:/Users/Jacob/Desktop/Vitis_projects/swiglu/hls_config.cfg
INFO: [HLS 200-1465] Applying config ini 'syn.file=./swiglu.cpp' from C:/Users/Jacob/Desktop/Vitis_projects/swiglu/hls_config.cfg(12)
INFO: [HLS 200-10] Adding design file 'C:/Users/Jacob/Desktop/Vitis_projects/swiglu/swiglu.cpp' to the project
INFO: [HLS 200-1465] Applying config ini 'syn.file=./swiglu.h' from C:/Users/Jacob/Desktop/Vitis_projects/swiglu/hls_config.cfg(13)
INFO: [HLS 200-10] Adding design file 'C:/Users/Jacob/Desktop/Vitis_projects/swiglu/swiglu.h' to the project
INFO: [HLS 200-1465] Applying config ini 'syn.file=./sigmoid_lut.h' from C:/Users/Jacob/Desktop/Vitis_projects/swiglu/hls_config.cfg(14)
INFO: [HLS 200-10] Adding design file 'C:/Users/Jacob/Desktop/Vitis_projects/swiglu/sigmoid_lut.h' to the project
INFO: [HLS 200-1465] Applying config ini 'tb.file=./swiglu_tb.cpp' from C:/Users/Jacob/Desktop/Vitis_projects/swiglu/hls_config.cfg(9)
INFO: [HLS 200-10] Adding test bench file 'C:/Users/Jacob/Desktop/Vitis_projects/swiglu/swiglu_tb.cpp' to the project
INFO: [HLS 200-1465] Applying config ini 'syn.top=swiglu' from C:/Users/Jacob/Desktop/Vitis_projects/swiglu/hls_config.cfg(10)
INFO: [HLS 200-1465] Applying config ini 'flow_target=vivado' from C:/Users/Jacob/Desktop/Vitis_projects/swiglu/hls_config.cfg(4)
INFO: [HLS 200-1505] Using flow_target 'vivado'
Resolution: For help on HLS 200-1505 see docs.xilinx.com/access/sources/dita/topic?Doc_Version=2025.1%20English&url=ug1448-hls-guidance&resourceid=200-1505.html
INFO: [HLS 200-1465] Applying config ini 'part=xck26-sfvc784-2LV-c' from C:/Users/Jacob/Desktop/Vitis_projects/swiglu/hls_config.cfg(1)
INFO: [HLS 200-1611] Setting target device to 'xck26-sfvc784-2LV-c'
INFO: [HLS 200-1465] Applying config ini 'clock=3.33ns' from C:/Users/Jacob/Desktop/Vitis_projects/swiglu/hls_config.cfg(7)
INFO: [SYN 201-201] Setting up clock 'default' with a period of 3.33ns.
INFO: [HLS 200-1465] Applying config ini 'clock_uncertainty=0.90ns' from C:/Users/Jacob/Desktop/Vitis_projects/swiglu/hls_config.cfg(8)
INFO: [SYN 201-201] Setting up clock 'default' with an uncertainty of 0.9ns.
INFO: [HLS 200-1465] Applying config ini 'cosim.rtl=vhdl' from C:/Users/Jacob/Desktop/Vitis_projects/swiglu/hls_config.cfg(11)
INFO: [HLS 200-1465] Applying config ini 'package.ip.version=5.4' from C:/Users/Jacob/Desktop/Vitis_projects/swiglu/hls_config.cfg(15)
INFO: [HLS 200-1465] Applying config ini 'package.output.format=ip_catalog' from C:/Users/Jacob/Desktop/Vitis_projects/swiglu/hls_config.cfg(5)
INFO: [HLS 200-2176] Writing Vitis IDE component file C:/Users/Jacob/Desktop/Vitis_projects/swiglu/swiglu/vitis-comp.json
INFO: [HLS 200-111] Finished File checks and directory preparation: CPU user time: 1 seconds. CPU system time: 1 seconds. Elapsed time: 2.169 seconds; current allocated memory: 180.875 MB.
INFO: [HLS 200-10] Analyzing design file 'swiglu.cpp' ... 
INFO: [HLS 200-111] Finished Source Code Analysis and Preprocessing: CPU user time: 0 seconds. CPU system time: 0 seconds. Elapsed time: 3.297 seconds; current allocated memory: 184.852 MB.
INFO: [HLS 200-777] Using interface defaults for 'Vivado' flow target.
INFO: [HLS 200-1995] There were 18,089 instructions in the design after the 'Compile/Link' phase of compilation. See the Design Size Report for more details (C:/Users/Jacob/Desktop/Vitis_projects/swiglu/swiglu/hls/syn/report/csynth_design_size.rpt:2)
INFO: [HLS 200-1995] There were 10,139 instructions in the design after the 'Unroll/Inline (step 1)' phase of compilation. See the Design Size Report for more details (C:/Users/Jacob/Desktop/Vitis_projects/swiglu/swiglu/hls/syn/report/csynth_design_size.rpt:2)
INFO: [HLS 200-1995] There were 8,115 instructions in the design after the 'Unroll/Inline (step 2)' phase of compilation. See the Design Size Report for more details (C:/Users/Jacob/Desktop/Vitis_projects/swiglu/swiglu/hls/syn/report/csynth_design_size.rpt:2)
INFO: [HLS 200-1995] There were 7,994 instructions in the design after the 'Unroll/Inline (step 3)' phase of compilation. See the Design Size Report for more details (C:/Users/Jacob/Desktop/Vitis_projects/swiglu/swiglu/hls/syn/report/csynth_design_size.rpt:2)
INFO: [HLS 200-1995] There were 7,866 instructions in the design after the 'Unroll/Inline (step 4)' phase of compilation. See the Design Size Report for more details (C:/Users/Jacob/Desktop/Vitis_projects/swiglu/swiglu/hls/syn/report/csynth_design_size.rpt:2)
INFO: [HLS 200-1995] There were 21,004 instructions in the design after the 'Array/Struct' phase of compilation. See the Design Size Report for more details (C:/Users/Jacob/Desktop/Vitis_projects/swiglu/swiglu/hls/syn/report/csynth_design_size.rpt:2)
INFO: [HLS 200-1995] There were 17,047 instructions in the design after the 'Array/Struct (step 2)' phase of compilation. See the Design Size Report for more details (C:/Users/Jacob/Desktop/Vitis_projects/swiglu/swiglu/hls/syn/report/csynth_design_size.rpt:2)
INFO: [HLS 200-1995] There were 17,047 instructions in the design after the 'Array/Struct (step 3)' phase of compilation. See the Design Size Report for more details (C:/Users/Jacob/Desktop/Vitis_projects/swiglu/swiglu/hls/syn/report/csynth_design_size.rpt:2)
INFO: [HLS 200-1995] There were 17,047 instructions in the design after the 'Array/Struct (step 4)' phase of compilation. See the Design Size Report for more details (C:/Users/Jacob/Desktop/Vitis_projects/swiglu/swiglu/hls/syn/report/csynth_design_size.rpt:2)
INFO: [HLS 200-1995] There were 18,050 instructions in the design after the 'Array/Struct (step 5)' phase of compilation. See the Design Size Report for more details (C:/Users/Jacob/Desktop/Vitis_projects/swiglu/swiglu/hls/syn/report/csynth_design_size.rpt:2)
INFO: [HLS 200-1995] There were 17,947 instructions in the design after the 'Performance' phase of compilation. See the Design Size Report for more details (C:/Users/Jacob/Desktop/Vitis_projects/swiglu/swiglu/hls/syn/report/csynth_design_size.rpt:2)
INFO: [HLS 200-1995] There were 17,036 instructions in the design after the 'Performance (step 2)' phase of compilation. See the Design Size Report for more details (C:/Users/Jacob/Desktop/Vitis_projects/swiglu/swiglu/hls/syn/report/csynth_design_size.rpt:2)
INFO: [HLS 200-1995] There were 26,280 instructions in the design after the 'Performance (step 3)' phase of compilation. See the Design Size Report for more details (C:/Users/Jacob/Desktop/Vitis_projects/swiglu/swiglu/hls/syn/report/csynth_design_size.rpt:2)
INFO: [HLS 200-1995] There were 20,176 instructions in the design after the 'Performance (step 4)' phase of compilation. See the Design Size Report for more details (C:/Users/Jacob/Desktop/Vitis_projects/swiglu/swiglu/hls/syn/report/csynth_design_size.rpt:2)
INFO: [HLS 200-1995] There were 20,198 instructions in the design after the 'HW Transforms (step 1)' phase of compilation. See the Design Size Report for more details (C:/Users/Jacob/Desktop/Vitis_projects/swiglu/swiglu/hls/syn/report/csynth_design_size.rpt:2)
INFO: [HLS 200-1995] There were 17,826 instructions in the design after the 'HW Transforms (step 2)' phase of compilation. See the Design Size Report for more details (C:/Users/Jacob/Desktop/Vitis_projects/swiglu/swiglu/hls/syn/report/csynth_design_size.rpt:2)
INFO: [HLS 214-131] Inlining function 'get_byte(ap_uint<128> const*, int)' into 'mac_blocks_wv(ap_uint<128> const (*) [9], signed char const (*) [256], float, float*)' (swiglu.cpp:130:39)
INFO: [HLS 214-131] Inlining function 'get_byte(ap_uint<128> const*, int)' into 'mac_blocks_down_q4k(ap_uint<128> const (*) [9], signed char const (*) [256], float, float*)' (swiglu.cpp:353:39)
INFO: [HLS 214-131] Inlining function 'get_byte(ap_uint<128> const*, int)' into 'decode_mac_q6k(ap_uint<128> const*, int, signed char const*, float, int)' (swiglu.cpp:64:35)
INFO: [HLS 214-131] Inlining function 'decode_mac_q6k(ap_uint<128> const*, int, signed char const*, float, int)' into 'mac_blocks_down_q6k(ap_uint<128> const*, signed char const (*) [256], float, float*)' (swiglu.cpp:485:18)
INFO: [HLS 214-291] Loop 'VITIS_LOOP_432_5' is marked as complete unroll implied by the pipeline pragma (swiglu.cpp:432:20)
INFO: [HLS 214-291] Loop 'VITIS_LOOP_418_4' is marked as complete unroll implied by the pipeline pragma (swiglu.cpp:418:20)
INFO: [HLS 214-291] Loop 'VITIS_LOOP_404_3' is marked as complete unroll implied by the pipeline pragma (swiglu.cpp:404:20)
INFO: [HLS 214-291] Loop 'VITIS_LOOP_390_2' is marked as complete unroll implied by the pipeline pragma (swiglu.cpp:390:20)
INFO: [HLS 214-291] Loop 'VITIS_LOOP_186_2' is marked as complete unroll implied by the pipeline pragma (swiglu.cpp:186:20)
INFO: [HLS 214-291] Loop 'VITIS_LOOP_549_1' is marked as complete unroll implied by the pipeline pragma (swiglu.cpp:549:31)
INFO: [HLS 214-186] Unrolling loop 'VITIS_LOOP_488_2' (swiglu.cpp:488:23) in function 'mac_blocks_down_q6k' completely with a factor of 32 (swiglu.cpp:476:0)
INFO: [HLS 214-188] Unrolling loop 'VITIS_LOOP_482_1' (swiglu.cpp:482:20) in function 'mac_blocks_down_q6k' partially with a factor of 2 (swiglu.cpp:476:0)
INFO: [HLS 214-186] Unrolling loop 'REDUCE_Q6K' (swiglu.cpp:83:17) in function 'mac_blocks_down_q6k' completely with a factor of 8 (swiglu.cpp:476:0)
INFO: [HLS 214-186] Unrolling loop 'REDUCE_DOWN_Q4K' (swiglu.cpp:447:22) in function 'mac_blocks_down_q4k' completely with a factor of 32 (swiglu.cpp:338:0)
INFO: [HLS 214-186] Unrolling loop 'VITIS_LOOP_450_6' (swiglu.cpp:450:27) in function 'mac_blocks_down_q4k' completely with a factor of 8 (swiglu.cpp:338:0)
INFO: [HLS 214-186] Unrolling loop 'VITIS_LOOP_432_5' (swiglu.cpp:432:20) in function 'mac_blocks_down_q4k' completely with a factor of 8 (swiglu.cpp:338:0)
INFO: [HLS 214-186] Unrolling loop 'VITIS_LOOP_418_4' (swiglu.cpp:418:20) in function 'mac_blocks_down_q4k' completely with a factor of 8 (swiglu.cpp:338:0)
INFO: [HLS 214-186] Unrolling loop 'VITIS_LOOP_404_3' (swiglu.cpp:404:20) in function 'mac_blocks_down_q4k' completely with a factor of 8 (swiglu.cpp:338:0)
INFO: [HLS 214-186] Unrolling loop 'VITIS_LOOP_390_2' (swiglu.cpp:390:20) in function 'mac_blocks_down_q4k' completely with a factor of 8 (swiglu.cpp:338:0)
INFO: [HLS 214-186] Unrolling loop 'INIT_ACC_DOWN' (swiglu.cpp:377:17) in function 'mac_blocks_down_q4k' completely with a factor of 32 (swiglu.cpp:338:0)
INFO: [HLS 214-186] Unrolling loop 'VITIS_LOOP_379_1' (swiglu.cpp:379:20) in function 'mac_blocks_down_q4k' completely with a factor of 8 (swiglu.cpp:338:0)
INFO: [HLS 214-186] Unrolling loop 'SWISH_GATE' (swiglu.cpp:267:14) in function 'compute_gate' completely with a factor of 1 (swiglu.cpp:265:0)
INFO: [HLS 214-186] Unrolling loop 'VITIS_LOOP_288_1' (swiglu.cpp:288:27) in function 'compute_gate' completely with a factor of 8 (swiglu.cpp:265:0)
INFO: [HLS 214-186] Unrolling loop 'REDUCE_WV' (swiglu.cpp:202:16) in function 'mac_blocks_wv' completely with a factor of 8 (swiglu.cpp:115:0)
INFO: [HLS 214-186] Unrolling loop 'VITIS_LOOP_205_3' (swiglu.cpp:205:27) in function 'mac_blocks_wv' completely with a factor of 8 (swiglu.cpp:115:0)
INFO: [HLS 214-186] Unrolling loop 'VITIS_LOOP_186_2' (swiglu.cpp:186:20) in function 'mac_blocks_wv' completely with a factor of 8 (swiglu.cpp:115:0)
INFO: [HLS 214-186] Unrolling loop 'INIT_ACC_WV' (swiglu.cpp:165:15) in function 'mac_blocks_wv' completely with a factor of 8 (swiglu.cpp:115:0)
INFO: [HLS 214-186] Unrolling loop 'VITIS_LOOP_167_1' (swiglu.cpp:167:20) in function 'mac_blocks_wv' completely with a factor of 8 (swiglu.cpp:115:0)
INFO: [HLS 214-186] Unrolling loop 'VITIS_LOOP_38_1' (swiglu.cpp:38:26) in function 'fp16_to_fp32' completely with a factor of 10 (swiglu.cpp:28:0)
INFO: [HLS 214-186] Unrolling loop 'VITIS_LOOP_549_1' (swiglu.cpp:549:31) in function 'load_x_local' completely with a factor of 16 (swiglu.cpp:540:0)
INFO: [HLS 214-178] Inlining function 'fp_struct<float>::fp_struct(float)' into 'int generic_cast_IEEE754<int, (ap_q_mode)6, float>(float, bool, hls::enable_if<std::numeric_limits<int>::is_signed, bool>::type)' (C:\scratch\2025.1\hls_product\640\2025.1\src\shared\hls\clib/hlsmath/include/FloatingPoint\hls_case_IEEE754.h:12:0)
INFO: [HLS 214-178] Inlining function 'fp_struct<float>::mantissa() const' into 'int generic_cast_IEEE754<int, (ap_q_mode)6, float>(float, bool, hls::enable_if<std::numeric_limits<int>::is_signed, bool>::type)' (C:\scratch\2025.1\hls_product\640\2025.1\src\shared\hls\clib/hlsmath/include/FloatingPoint\hls_case_IEEE754.h:12:0)
INFO: [HLS 214-178] Inlining function 'fp_struct<float>::expv() const' into 'int generic_cast_IEEE754<int, (ap_q_mode)6, float>(float, bool, hls::enable_if<std::numeric_limits<int>::is_signed, bool>::type)' (C:\scratch\2025.1\hls_product\640\2025.1\src\shared\hls\clib/hlsmath/include/FloatingPoint\hls_case_IEEE754.h:12:0)
INFO: [HLS 214-178] Inlining function 'fp_struct<float>::__signbit() const' into 'int generic_cast_IEEE754<int, (ap_q_mode)6, float>(float, bool, hls::enable_if<std::numeric_limits<int>::is_signed, bool>::type)' (C:\scratch\2025.1\hls_product\640\2025.1\src\shared\hls\clib/hlsmath/include/FloatingPoint\hls_case_IEEE754.h:12:0)
INFO: [HLS 214-178] Inlining function 'int generic_cast_IEEE754<int, (ap_q_mode)6, float>(float, bool, hls::enable_if<std::numeric_limits<int>::is_signed, bool>::type)' into 'int generic_cast_IEEE754<int, float>(float, bool)' (C:\scratch\2025.1\hls_product\640\2025.1\src\shared\hls\clib/hlsmath/include/FloatingPoint\hls_case_IEEE754.h:116:0)
INFO: [HLS 214-178] Inlining function 'int generic_cast_IEEE754<int, float>(float, bool)' into '__hls_fptosi_float_i32' (C:\scratch\2025.1\hls_product\640\2025.1\src\shared\hls\clib\hlsmath\src\lib_floatconversion.cpp:51:0)
WARNING: [HLS 214-464] Skipping array undecay on variable length array 'x_batch'. (swiglu.cpp:574:0)
INFO: [HLS 214-248] Applying array_partition to 'd': Complete partitioning on dimension 1. (swiglu.cpp:120:8)
INFO: [HLS 214-248] Applying array_partition to 'dmin': Complete partitioning on dimension 1. (swiglu.cpp:121:11)
INFO: [HLS 214-248] Applying array_partition to 'sc6': Complete partitioning on dimension 1. Complete partitioning on dimension 2. (swiglu.cpp:122:13)
INFO: [HLS 214-248] Applying array_partition to 'mn6': Complete partitioning on dimension 1. Complete partitioning on dimension 2. (swiglu.cpp:123:13)
INFO: [HLS 214-248] Applying array_partition to 'int_acc_w': Complete partitioning on dimension 1. Complete partitioning on dimension 2. (swiglu.cpp:161:13)
INFO: [HLS 214-248] Applying array_partition to 'int_acc_m': Complete partitioning on dimension 1. Complete partitioning on dimension 2. (swiglu.cpp:162:13)
INFO: [HLS 214-248] Applying array_partition to 'row_buf': Complete partitioning on dimension 1. (swiglu.cpp:226:22)
INFO: [HLS 214-248] Applying array_partition to 'row_buf': Complete partitioning on dimension 1. (swiglu.cpp:246:22)
INFO: [HLS 214-248] Applying array_partition to 'pmax': Complete partitioning on dimension 1. (swiglu.cpp:269:8)
INFO: [HLS 214-248] Applying array_partition to 'd': Complete partitioning on dimension 1. (swiglu.cpp:343:8)
INFO: [HLS 214-248] Applying array_partition to 'dmin': Complete partitioning on dimension 1. (swiglu.cpp:344:11)
INFO: [HLS 214-248] Applying array_partition to 'sc6': Complete partitioning on dimension 1. Complete partitioning on dimension 2. (swiglu.cpp:345:13)
INFO: [HLS 214-248] Applying array_partition to 'mn6': Complete partitioning on dimension 1. Complete partitioning on dimension 2. (swiglu.cpp:346:13)
INFO: [HLS 214-248] Applying array_partition to 'int_acc_w': Complete partitioning on dimension 1. Complete partitioning on dimension 2. (swiglu.cpp:372:13)
INFO: [HLS 214-248] Applying array_partition to 'int_acc_m': Complete partitioning on dimension 1. Complete partitioning on dimension 2. (swiglu.cpp:373:13)
INFO: [HLS 214-248] Applying array_partition to 'acc.i': Complete partitioning on dimension 1. (swiglu.cpp:67:11)
INFO: [HLS 214-248] Applying array_partition to 'block_sums': Complete partitioning on dimension 1. (swiglu.cpp:480:8)
INFO: [HLS 214-248] Applying array_partition to 'row_buf': Cyclic partitioning with factor 8 on dimension 1. (swiglu.cpp:513:26)
INFO: [HLS 214-248] Applying array_partition to 'row_buf11': Cyclic partitioning with factor 16 on dimension 1. (swiglu.cpp:521:26)
INFO: [HLS 214-248] Applying array_partition to 'x_local_1': Complete partitioning on dimension 1. Complete partitioning on dimension 2. (swiglu.cpp:592:9)
INFO: [HLS 214-248] Applying array_partition to 'x_local_2': Complete partitioning on dimension 1. Complete partitioning on dimension 2. (swiglu.cpp:596:9)
INFO: [HLS 214-248] Applying array_partition to 'gate_cache': Complete partitioning on dimension 1. Cyclic partitioning with factor 8 on dimension 2. (swiglu.cpp:607:9)
INFO: [HLS 214-376] automatically set the pipeline for Loop< unknown> at  
INFO: [HLS 214-376] automatically set the pipeline for Loop< UNPACK_HDR_DOWN> at swiglu.cpp:352:19 
INFO: [HLS 214-376] automatically set the pipeline for Loop< unknown> at swiglu.cpp:529:5 
INFO: [HLS 214-376] automatically set the pipeline for Loop< UNPACK_HDR_WV> at swiglu.cpp:129:17 
INFO: [HLS 214-449] Automatically partitioning array 'gate_scale' dimension 1 completely based on constant index. (swiglu.cpp:611:8)
INFO: [HLS 214-270] Inferring pragma 'array_partition type=cyclic factor=16 dim=1' for array 'x_local_1_0' due to pipeline pragma (swiglu.cpp:547:9)
INFO: [HLS 214-270] Inferring pragma 'array_partition type=cyclic factor=16 dim=1' for array 'x_local_1_1' due to pipeline pragma (swiglu.cpp:547:9)
INFO: [HLS 214-270] Inferring pragma 'array_partition type=cyclic factor=16 dim=1' for array 'x_local_1_2' due to pipeline pragma (swiglu.cpp:547:9)
INFO: [HLS 214-270] Inferring pragma 'array_partition type=cyclic factor=16 dim=1' for array 'x_local_1_3' due to pipeline pragma (swiglu.cpp:547:9)
INFO: [HLS 214-270] Inferring pragma 'array_partition type=cyclic factor=16 dim=1' for array 'x_local_1_4' due to pipeline pragma (swiglu.cpp:547:9)
INFO: [HLS 214-270] Inferring pragma 'array_partition type=cyclic factor=16 dim=1' for array 'x_local_1_5' due to pipeline pragma (swiglu.cpp:547:9)
INFO: [HLS 214-270] Inferring pragma 'array_partition type=cyclic factor=16 dim=1' for array 'x_local_1_6' due to pipeline pragma (swiglu.cpp:547:9)
INFO: [HLS 214-270] Inferring pragma 'array_partition type=cyclic factor=16 dim=1' for array 'x_local_1_7' due to pipeline pragma (swiglu.cpp:547:9)
INFO: [HLS 214-270] Inferring pragma 'array_partition type=cyclic factor=16 dim=1' for array 'x_local_2_0' due to pipeline pragma (swiglu.cpp:547:9)
INFO: [HLS 214-270] Inferring pragma 'array_partition type=cyclic factor=16 dim=1' for array 'x_local_2_1' due to pipeline pragma (swiglu.cpp:547:9)
INFO: [HLS 214-270] Inferring pragma 'array_partition type=cyclic factor=16 dim=1' for array 'x_local_2_2' due to pipeline pragma (swiglu.cpp:547:9)
INFO: [HLS 214-270] Inferring pragma 'array_partition type=cyclic factor=16 dim=1' for array 'x_local_2_3' due to pipeline pragma (swiglu.cpp:547:9)
INFO: [HLS 214-270] Inferring pragma 'array_partition type=cyclic factor=16 dim=1' for array 'x_local_2_4' due to pipeline pragma (swiglu.cpp:547:9)
INFO: [HLS 214-270] Inferring pragma 'array_partition type=cyclic factor=16 dim=1' for array 'x_local_2_5' due to pipeline pragma (swiglu.cpp:547:9)
INFO: [HLS 214-270] Inferring pragma 'array_partition type=cyclic factor=16 dim=1' for array 'x_local_2_6' due to pipeline pragma (swiglu.cpp:547:9)
INFO: [HLS 214-270] Inferring pragma 'array_partition type=cyclic factor=16 dim=1' for array 'x_local_2_7' due to pipeline pragma (swiglu.cpp:547:9)
INFO: [HLS 214-270] Inferring pragma 'array_partition type=complete dim=1' for array 'gate_scale' due to pipeline pragma (swiglu.cpp:611:8)
INFO: [HLS 214-248] Applying array_partition to 'x_local_1_0': Cyclic partitioning with factor 16 on dimension 1. (swiglu.cpp:592:9)
INFO: [HLS 214-248] Applying array_partition to 'x_local_1_1': Cyclic partitioning with factor 16 on dimension 1. (swiglu.cpp:592:9)
INFO: [HLS 214-248] Applying array_partition to 'x_local_1_2': Cyclic partitioning with factor 16 on dimension 1. (swiglu.cpp:592:9)
INFO: [HLS 214-248] Applying array_partition to 'x_local_1_3': Cyclic partitioning with factor 16 on dimension 1. (swiglu.cpp:592:9)
INFO: [HLS 214-248] Applying array_partition to 'x_local_1_4': Cyclic partitioning with factor 16 on dimension 1. (swiglu.cpp:592:9)
INFO: [HLS 214-248] Applying array_partition to 'x_local_1_5': Cyclic partitioning with factor 16 on dimension 1. (swiglu.cpp:592:9)
INFO: [HLS 214-248] Applying array_partition to 'x_local_1_6': Cyclic partitioning with factor 16 on dimension 1. (swiglu.cpp:592:9)
INFO: [HLS 214-248] Applying array_partition to 'x_local_1_7': Cyclic partitioning with factor 16 on dimension 1. (swiglu.cpp:592:9)
INFO: [HLS 214-248] Applying array_partition to 'x_local_2_0': Cyclic partitioning with factor 16 on dimension 1. (swiglu.cpp:596:9)
INFO: [HLS 214-248] Applying array_partition to 'x_local_2_1': Cyclic partitioning with factor 16 on dimension 1. (swiglu.cpp:596:9)
INFO: [HLS 214-248] Applying array_partition to 'x_local_2_2': Cyclic partitioning with factor 16 on dimension 1. (swiglu.cpp:596:9)
INFO: [HLS 214-248] Applying array_partition to 'x_local_2_3': Cyclic partitioning with factor 16 on dimension 1. (swiglu.cpp:596:9)
INFO: [HLS 214-248] Applying array_partition to 'x_local_2_4': Cyclic partitioning with factor 16 on dimension 1. (swiglu.cpp:596:9)
INFO: [HLS 214-248] Applying array_partition to 'x_local_2_5': Cyclic partitioning with factor 16 on dimension 1. (swiglu.cpp:596:9)
INFO: [HLS 214-248] Applying array_partition to 'x_local_2_6': Cyclic partitioning with factor 16 on dimension 1. (swiglu.cpp:596:9)
INFO: [HLS 214-248] Applying array_partition to 'x_local_2_7': Cyclic partitioning with factor 16 on dimension 1. (swiglu.cpp:596:9)
INFO: [HLS 214-248] Applying array_partition to 'gate_scale': Complete partitioning on dimension 1. (swiglu.cpp:611:8)
INFO: [HLS 214-115] Multiple burst reads of length 128 and bit width 128 in loop 'LOAD_X_VEC'(swiglu.cpp:546:21) has been inferred on bundle 'gmem_x'. These burst requests might be further partitioned into multiple requests during RTL generation, based on max_read_burst_length or max_write_burst_length settings. (swiglu.cpp:546:21)
INFO: [HLS 214-115] Multiple burst reads of length 72 and bit width 128 in loop 'LOAD_WV'(swiglu.cpp:100:11) has been inferred on bundle 'gmem_V'. These burst requests might be further partitioned into multiple requests during RTL generation, based on max_read_burst_length or max_write_burst_length settings. (swiglu.cpp:100:11)
INFO: [HLS 214-115] Multiple burst reads of length 288 and bit width 128 in loop 'LOAD_DOWN_Q4K'(swiglu.cpp:323:17) has been inferred on bundle 'gmem_Wd'. These burst requests might be further partitioned into multiple requests during RTL generation, based on max_read_burst_length or max_write_burst_length settings. (swiglu.cpp:323:17)
INFO: [HLS 214-115] Multiple burst reads of length 420 and bit width 128 in loop 'LOAD_DOWN_Q6K'(swiglu.cpp:467:17) has been inferred on bundle 'gmem_Wd'. These burst requests might be further partitioned into multiple requests during RTL generation, based on max_read_burst_length or max_write_burst_length settings. (swiglu.cpp:467:17)
INFO: [HLS 214-115] Multiple burst writes of length 2048 and bit width 32 in loop 'anonymous'(swiglu.cpp:529:5) has been inferred on bundle 'gmem_out'. These burst requests might be further partitioned into multiple requests during RTL generation, based on max_read_burst_length or max_write_burst_length settings. (swiglu.cpp:529:5)
INFO: [HLS 200-111] Finished Compiling Optimization and Transform: CPU user time: 2 seconds. CPU system time: 1 seconds. Elapsed time: 44.846 seconds; current allocated memory: 191.699 MB.
INFO: [HLS 200-111] Finished Checking Pragmas: CPU user time: 0 seconds. CPU system time: 0 seconds. Elapsed time: 0.004 seconds; current allocated memory: 191.699 MB.
INFO: [HLS 200-10] Starting code transformations ...
INFO: [HLS 200-111] Finished Standard Transforms: CPU user time: 8 seconds. CPU system time: 0 seconds. Elapsed time: 8.437 seconds; current allocated memory: 218.742 MB.
INFO: [HLS 200-10] Checking synthesizability ...
INFO: [XFORM 203-602] Inlining function '__hls_fptosi_float_i32' into 'compute_gate' (swiglu.cpp:279) automatically.
WARNING: [SYNCHK 200-23] swiglu.cpp:55: variable-indexed range selection may cause suboptimal QoR.
INFO: [SYNCHK 200-10] 0 error(s), 1 warning(s).
INFO: [HLS 200-111] Finished Checking Synthesizability: CPU user time: 5 seconds. CPU system time: 0 seconds. Elapsed time: 5.009 seconds; current allocated memory: 247.637 MB.
INFO: [XFORM 203-602] Inlining function '__hls_fptosi_float_i32' into 'compute_gate' (swiglu.cpp:279) automatically.
INFO: [XFORM 203-712] Applying dataflow to function 'swiglu' (swiglu.cpp:566:9), detected/extracted 5 process function(s): 
	 'load_x_local'
	 'compute_X1'
	 'compute_X2'
	 'compute_gate'
	 'compute_output'.
INFO: [XFORM 203-401] Performing if-conversion on hyperblock in function 'mac_blocks_down_q6k'... converting 3 basic blocks.
INFO: [XFORM 203-401] Performing if-conversion on hyperblock in function 'mac_blocks_down_q6k'... converting 3 basic blocks.
INFO: [XFORM 203-401] Performing if-conversion on hyperblock from (swiglu.cpp:29:9) to (swiglu.cpp:48:50) in function 'fp16_to_fp32'... converting 6 basic blocks.
INFO: [XFORM 203-401] Performing if-conversion on hyperblock in function 'compute_gate'... converting 3 basic blocks.
INFO: [XFORM 203-11] Balancing expressions in function 'mac_blocks_wv' (swiglu.cpp:55:21)...112 expression(s) balanced.
INFO: [XFORM 203-11] Balancing expressions in function 'mac_blocks_down_q4k' (swiglu.cpp:55:20)...448 expression(s) balanced.
INFO: [HLS 200-111] Finished Loop, function and other optimizations: CPU user time: 36 seconds. CPU system time: 0 seconds. Elapsed time: 36.297 seconds; current allocated memory: 280.785 MB.
INFO: [HLS 200-2061] Successfully converted nested loops 'LOAD_WV'(swiglu.cpp:100:11) and 'VITIS_LOOP_101_1'(swiglu.cpp:101:27) in function 'load_row_wv' into perfectly nested loops.
INFO: [HLS 200-2061] Successfully converted nested loops 'LOAD_DOWN_Q4K'(swiglu.cpp:323:17) and 'VITIS_LOOP_324_1'(swiglu.cpp:324:27) in function 'load_row_down_q4k' into perfectly nested loops.
INFO: [XFORM 203-541] Flattening a loop nest 'LOAD_WV' (swiglu.cpp:100:11) in function 'load_row_wv'.
INFO: [XFORM 203-541] Flattening a loop nest 'LOAD_DOWN_Q4K' (swiglu.cpp:323:17) in function 'load_row_down_q4k'.
WARNING: [HLS 200-1449] Process compute_X1 has both a predecessor and reads an input from its caller (see the GUI dataflow viewer). This may lead to lower throughput. Consider copying this input via a predecessor process.
WARNING: [HLS 200-1449] Process compute_X2 has both a predecessor and reads an input from its caller (see the GUI dataflow viewer). This may lead to lower throughput. Consider copying this input via a predecessor process.
WARNING: [HLS 200-1449] Process compute_output has both a predecessor and reads an input from its caller (see the GUI dataflow viewer). This may lead to lower throughput. Consider copying this input via a predecessor process.
INFO: [HLS 200-111] Finished Architecture Synthesis: CPU user time: 20 seconds. CPU system time: 0 seconds. Elapsed time: 19.811 seconds; current allocated memory: 574.980 MB.
INFO: [HLS 200-10] Starting hardware synthesis ...
INFO: [HLS 200-10] Synthesizing 'swiglu' ...
INFO: [HLS 200-10] ----------------------------------------------------------------
INFO: [HLS 200-42] -- Implementing module 'load_x_local' 
INFO: [HLS 200-10] ----------------------------------------------------------------
INFO: [SCHED 204-11] Starting scheduling ...
INFO: [SCHED 204-61] Pipelining loop 'LOAD_X_VEC'.
INFO: [HLS 200-876] Unable to schedule the whole 71 cycles bus request operation ('empty', swiglu.cpp:546) on port 'gmem_x' (swiglu.cpp:546) within the first cycle (II = 1). Simulation mismatch may occur if the input data is modified before this operation completes.
Resolution: For help on HLS 200-876 see docs.xilinx.com/access/sources/dita/topic?Doc_Version=2025.1%20English&url=ug1448-hls-guidance&resourceid=200-876.html
INFO: [HLS 200-1470] Pipelining result : Target II = 1, Final II = 1, Depth = 74, loop 'LOAD_X_VEC'
INFO: [SCHED 204-11] Finished scheduling.
INFO: [HLS 200-111] Finished Scheduling: CPU user time: 5 seconds. CPU system time: 0 seconds. Elapsed time: 5.624 seconds; current allocated memory: 601.121 MB.
INFO: [BIND 205-100] Starting micro-architecture generation ...
INFO: [BIND 205-101] Performing variable lifetime analysis.
INFO: [BIND 205-101] Exploring resource sharing.
INFO: [BIND 205-101] Binding ...
INFO: [BIND 205-100] Finished micro-architecture generation.
INFO: [HLS 200-111] Finished Binding: CPU user time: 0 seconds. CPU system time: 0 seconds. Elapsed time: 0.257 seconds; current allocated memory: 602.242 MB.
INFO: [HLS 200-10] ----------------------------------------------------------------
INFO: [HLS 200-42] -- Implementing module 'load_row_wv_Pipeline_LOAD_WV_VITIS_LOOP_101_1' 
INFO: [HLS 200-10] ----------------------------------------------------------------
INFO: [SCHED 204-11] Starting scheduling ...
INFO: [SCHED 204-61] Pipelining loop 'LOAD_WV_VITIS_LOOP_101_1'.
INFO: [HLS 200-1470] Pipelining result : Target II = 1, Final II = 1, Depth = 3, loop 'LOAD_WV_VITIS_LOOP_101_1'
INFO: [SCHED 204-11] Finished scheduling.
INFO: [HLS 200-111] Finished Scheduling: CPU user time: 1 seconds. CPU system time: 0 seconds. Elapsed time: 0.236 seconds; current allocated memory: 602.340 MB.
INFO: [BIND 205-100] Starting micro-architecture generation ...
INFO: [BIND 205-101] Performing variable lifetime analysis.
INFO: [BIND 205-101] Exploring resource sharing.
INFO: [BIND 205-101] Binding ...
INFO: [BIND 205-100] Finished micro-architecture generation.
INFO: [HLS 200-111] Finished Binding: CPU user time: 0 seconds. CPU system time: 0 seconds. Elapsed time: 0.021 seconds; current allocated memory: 602.344 MB.
INFO: [HLS 200-10] ----------------------------------------------------------------
INFO: [HLS 200-42] -- Implementing module 'load_row_wv' 
INFO: [HLS 200-10] ----------------------------------------------------------------
INFO: [SCHED 204-11] Starting scheduling ...
INFO: [SCHED 204-11] Finished scheduling.
INFO: [HLS 200-111] Finished Scheduling: CPU user time: 0 seconds. CPU system time: 0 seconds. Elapsed time: 0.03 seconds; current allocated memory: 602.359 MB.
INFO: [BIND 205-100] Starting micro-architecture generation ...
INFO: [BIND 205-101] Performing variable lifetime analysis.
INFO: [BIND 205-101] Exploring resource sharing.
INFO: [BIND 205-101] Binding ...
INFO: [BIND 205-100] Finished micro-architecture generation.
INFO: [HLS 200-111] Finished Binding: CPU user time: 0 seconds. CPU system time: 0 seconds. Elapsed time: 0.023 seconds; current allocated memory: 602.359 MB.
INFO: [HLS 200-10] ----------------------------------------------------------------
INFO: [HLS 200-42] -- Implementing module 'fp16_to_fp32' 
INFO: [HLS 200-10] ----------------------------------------------------------------
INFO: [SCHED 204-11] Starting scheduling ...
INFO: [SCHED 204-61] Pipelining function 'fp16_to_fp32'.
INFO: [HLS 200-1470] Pipelining result : Target II = NA, Final II = 1, Depth = 5, function 'fp16_to_fp32'
INFO: [SCHED 204-11] Finished scheduling.
INFO: [HLS 200-111] Finished Scheduling: CPU user time: 0 seconds. CPU system time: 0 seconds. Elapsed time: 0.052 seconds; current allocated memory: 602.383 MB.
INFO: [BIND 205-100] Starting micro-architecture generation ...
INFO: [BIND 205-101] Performing variable lifetime analysis.
INFO: [BIND 205-101] Exploring resource sharing.
INFO: [BIND 205-101] Binding ...
INFO: [BIND 205-100] Finished micro-architecture generation.
INFO: [HLS 200-111] Finished Binding: CPU user time: 0 seconds. CPU system time: 0 seconds. Elapsed time: 0.036 seconds; current allocated memory: 602.383 MB.
INFO: [HLS 200-10] ----------------------------------------------------------------
INFO: [HLS 200-42] -- Implementing module 'mac_blocks_wv_Pipeline_UNPACK_HDR_WV' 
INFO: [HLS 200-10] ----------------------------------------------------------------
INFO: [SCHED 204-11] Starting scheduling ...
INFO: [SCHED 204-61] Pipelining loop 'UNPACK_HDR_WV'.
INFO: [HLS 200-1470] Pipelining result : Target II = NA, Final II = 1, Depth = 7, loop 'UNPACK_HDR_WV'
INFO: [SCHED 204-11] Finished scheduling.
INFO: [HLS 200-111] Finished Scheduling: CPU user time: 0 seconds. CPU system time: 0 seconds. Elapsed time: 0.173 seconds; current allocated memory: 602.660 MB.
INFO: [BIND 205-100] Starting micro-architecture generation ...
INFO: [BIND 205-101] Performing variable lifetime analysis.
INFO: [BIND 205-101] Exploring resource sharing.
INFO: [BIND 205-101] Binding ...
INFO: [BIND 205-100] Finished micro-architecture generation.
INFO: [HLS 200-111] Finished Binding: CPU user time: 0 seconds. CPU system time: 0 seconds. Elapsed time: 0.105 seconds; current allocated memory: 602.660 MB.
INFO: [HLS 200-10] ----------------------------------------------------------------
INFO: [HLS 200-42] -- Implementing module 'mac_blocks_wv_Pipeline_MAC_ALL_BLOCKS' 
INFO: [HLS 200-10] ----------------------------------------------------------------
INFO: [SCHED 204-11] Starting scheduling ...
INFO: [HLS 200-486] Changing DSP latency (root=int_acc_m_71) to 3 in order to utilize available DSP registers.
INFO: [HLS 200-486] Changing DSP latency (root=int_acc_m_70) to 3 in order to utilize available DSP registers.
INFO: [HLS 200-486] Changing DSP latency (root=int_acc_m_69) to 3 in order to utilize available DSP registers.
INFO: [HLS 200-486] Changing DSP latency (root=int_acc_m_68) to 3 in order to utilize available DSP registers.
INFO: [HLS 200-486] Changing DSP latency (root=int_acc_m_67) to 3 in order to utilize available DSP registers.
INFO: [HLS 200-486] Changing DSP latency (root=int_acc_m_66) to 3 in order to utilize available DSP registers.
INFO: [HLS 200-486] Changing DSP latency (root=int_acc_m_65) to 3 in order to utilize available DSP registers.
INFO: [HLS 200-486] Changing DSP latency (root=int_acc_m_64) to 3 in order to utilize available DSP registers.
INFO: [HLS 200-486] Changing DSP latency (root=int_acc_w_71) to 3 in order to utilize available DSP registers.
INFO: [HLS 200-486] Changing DSP latency (root=int_acc_w_70) to 3 in order to utilize available DSP registers.
INFO: [HLS 200-486] Changing DSP latency (root=int_acc_w_69) to 3 in order to utilize available DSP registers.
INFO: [HLS 200-486] Changing DSP latency (root=int_acc_w_68) to 3 in order to utilize available DSP registers.
INFO: [HLS 200-486] Changing DSP latency (root=int_acc_w_67) to 3 in order to utilize available DSP registers.
INFO: [HLS 200-486] Changing DSP latency (root=int_acc_w_66) to 3 in order to utilize available DSP registers.
INFO: [HLS 200-486] Changing DSP latency (root=int_acc_w_65) to 3 in order to utilize available DSP registers.
INFO: [HLS 200-486] Changing DSP latency (root=int_acc_w_64) to 3 in order to utilize available DSP registers.
INFO: [SCHED 204-61] Pipelining loop 'MAC_ALL_BLOCKS'.
INFO: [HLS 200-1470] Pipelining result : Target II = 1, Final II = 1, Depth = 8, loop 'MAC_ALL_BLOCKS'
INFO: [SCHED 204-11] Finished scheduling.
INFO: [HLS 200-111] Finished Scheduling: CPU user time: 0 seconds. CPU system time: 0 seconds. Elapsed time: 0.458 seconds; current allocated memory: 611.203 MB.
INFO: [BIND 205-100] Starting micro-architecture generation ...
INFO: [BIND 205-101] Performing variable lifetime analysis.
INFO: [BIND 205-101] Exploring resource sharing.
