#-----------------------------------------------------------
# Vivado v2025.1 (64-bit)
# SW Build 6140274 on Thu May 22 00:12:29 MDT 2025
# IP Build 6138677 on Thu May 22 03:10:11 MDT 2025
# SharedData Build 6139179 on Tue May 20 17:58:58 MDT 2025
# Start of session at: Thu Apr  2 14:59:19 2026
# Process ID         : 13228
# Current directory  : C:/Users/Jacob/Desktop/Vitis_projects/swiglu/swiglu/hls/impl/ip
# Command line       : vivado.exe -notrace -mode batch -source run_ippack.tcl
# Log file           : C:/Users/Jacob/Desktop/Vitis_projects/swiglu/swiglu/hls/impl/ip/vivado.log
# Journal file       : C:/Users/Jacob/Desktop/Vitis_projects/swiglu/swiglu/hls/impl/ip\vivado.jou
# Running On         : marui-machine
# Platform           : Windows Server 2016 or Windows 10
# Operating System   : 26200
# Processor Detail   : AMD Ryzen AI 9 HX 370 w/ Radeon 890M           
# CPU Frequency      : 1996 MHz
# CPU Physical cores : 12
# CPU Logical cores  : 24
# Host memory        : 33413 MB
# Swap memory        : 14642 MB
# Total Virtual      : 48056 MB
# Available Virtual  : 6938 MB
#-----------------------------------------------------------
source run_ippack.tcl -notrace
INFO: calling package_hls_ip ip_types=vitis sysgen json_file=C:/Users/Jacob/Desktop/Vitis_projects/swiglu/swiglu/hls/hls_data.json outdir=C:/Users/Jacob/Desktop/Vitis_projects/swiglu/swiglu/hls/impl/ip srcdir=C:/Users/Jacob/Desktop/Vitis_projects/swiglu/swiglu/hls ippack_options_dict= ippack_options_dict=
INFO: Copied 1 ipmisc file(s) to C:/Users/Jacob/Desktop/Vitis_projects/swiglu/swiglu/hls/impl/ip/misc
INFO: Copied 92 verilog file(s) to C:/Users/Jacob/Desktop/Vitis_projects/swiglu/swiglu/hls/impl/ip/hdl/verilog
INFO: Copied 88 vhdl file(s) to C:/Users/Jacob/Desktop/Vitis_projects/swiglu/swiglu/hls/impl/ip/hdl/vhdl
INFO: Copied 10 swdriver file(s) to C:/Users/Jacob/Desktop/Vitis_projects/swiglu/swiglu/hls/impl/ip/drivers
Generating 7 subcores in C:/Users/Jacob/Desktop/Vitis_projects/swiglu/swiglu/hls/impl/ip/subcore_prj:
impl/misc/swiglu_fadd_32ns_32ns_32_10_full_dsp_1_ip.tcl
impl/misc/swiglu_faddfsub_32ns_32ns_32_10_full_dsp_1_ip.tcl
impl/misc/swiglu_fcmp_32ns_32ns_1_2_no_dsp_1_ip.tcl
impl/misc/swiglu_fdiv_32ns_32ns_32_29_no_dsp_1_ip.tcl
impl/misc/swiglu_fmul_32ns_32ns_32_6_max_dsp_1_ip.tcl
impl/misc/swiglu_sitofp_32ns_32_7_no_dsp_1_ip.tcl
impl/misc/swiglu_sitofp_32s_32_7_no_dsp_1_ip.tcl
create_project: Time (s): cpu = 00:00:09 ; elapsed = 00:00:06 . Memory (MB): peak = 532.742 ; gain = 217.113
INFO: Using COE_DIR=C:/Users/Jacob/Desktop/Vitis_projects/swiglu/swiglu/hls/impl/ip/hdl/verilog
INFO: Generating swiglu_fadd_32ns_32ns_32_10_full_dsp_1_ip via file impl/misc/swiglu_fadd_32ns_32ns_32_10_full_dsp_1_ip.tcl
INFO: [IP_Flow 19-234] Refreshing IP repositories
INFO: [IP_Flow 19-1704] No user IP repositories specified
INFO: [IP_Flow 19-2313] Loaded Vivado IP repository 'C:/Xilinx/2025.1/Vivado/data/ip'.
WARNING: [IP_Flow 19-4832] The IP name 'swiglu_fadd_32ns_32ns_32_10_full_dsp_1_ip' you have specified is long. The Windows operating system has path length limitations. It is recommended you use shorter names to reduce the likelihood of issues.
INFO: [IP_Flow 19-1686] Generating 'Synthesis' target for IP 'swiglu_fadd_32ns_32ns_32_10_full_dsp_1_ip'...
INFO: [IP_Flow 19-1686] Generating 'Simulation' target for IP 'swiglu_fadd_32ns_32ns_32_10_full_dsp_1_ip'...
INFO: Done generating swiglu_fadd_32ns_32ns_32_10_full_dsp_1_ip via file impl/misc/swiglu_fadd_32ns_32ns_32_10_full_dsp_1_ip.tcl
INFO: Generating swiglu_faddfsub_32ns_32ns_32_10_full_dsp_1_ip via file impl/misc/swiglu_faddfsub_32ns_32ns_32_10_full_dsp_1_ip.tcl
WARNING: [IP_Flow 19-4832] The IP name 'swiglu_faddfsub_32ns_32ns_32_10_full_dsp_1_ip' you have specified is long. The Windows operating system has path length limitations. It is recommended you use shorter names to reduce the likelihood of issues.
INFO: [IP_Flow 19-1686] Generating 'Synthesis' target for IP 'swiglu_faddfsub_32ns_32ns_32_10_full_dsp_1_ip'...
INFO: [IP_Flow 19-1686] Generating 'Simulation' target for IP 'swiglu_faddfsub_32ns_32ns_32_10_full_dsp_1_ip'...
INFO: Done generating swiglu_faddfsub_32ns_32ns_32_10_full_dsp_1_ip via file impl/misc/swiglu_faddfsub_32ns_32ns_32_10_full_dsp_1_ip.tcl
INFO: Generating swiglu_fcmp_32ns_32ns_1_2_no_dsp_1_ip via file impl/misc/swiglu_fcmp_32ns_32ns_1_2_no_dsp_1_ip.tcl
WARNING: [IP_Flow 19-4832] The IP name 'swiglu_fcmp_32ns_32ns_1_2_no_dsp_1_ip' you have specified is long. The Windows operating system has path length limitations. It is recommended you use shorter names to reduce the likelihood of issues.
INFO: [IP_Flow 19-1686] Generating 'Synthesis' target for IP 'swiglu_fcmp_32ns_32ns_1_2_no_dsp_1_ip'...
INFO: [IP_Flow 19-1686] Generating 'Simulation' target for IP 'swiglu_fcmp_32ns_32ns_1_2_no_dsp_1_ip'...
INFO: Done generating swiglu_fcmp_32ns_32ns_1_2_no_dsp_1_ip via file impl/misc/swiglu_fcmp_32ns_32ns_1_2_no_dsp_1_ip.tcl
INFO: Generating swiglu_fdiv_32ns_32ns_32_29_no_dsp_1_ip via file impl/misc/swiglu_fdiv_32ns_32ns_32_29_no_dsp_1_ip.tcl
WARNING: [IP_Flow 19-4832] The IP name 'swiglu_fdiv_32ns_32ns_32_29_no_dsp_1_ip' you have specified is long. The Windows operating system has path length limitations. It is recommended you use shorter names to reduce the likelihood of issues.
INFO: [IP_Flow 19-1686] Generating 'Synthesis' target for IP 'swiglu_fdiv_32ns_32ns_32_29_no_dsp_1_ip'...
INFO: [IP_Flow 19-1686] Generating 'Simulation' target for IP 'swiglu_fdiv_32ns_32ns_32_29_no_dsp_1_ip'...
INFO: Done generating swiglu_fdiv_32ns_32ns_32_29_no_dsp_1_ip via file impl/misc/swiglu_fdiv_32ns_32ns_32_29_no_dsp_1_ip.tcl
INFO: Generating swiglu_fmul_32ns_32ns_32_6_max_dsp_1_ip via file impl/misc/swiglu_fmul_32ns_32ns_32_6_max_dsp_1_ip.tcl
WARNING: [IP_Flow 19-4832] The IP name 'swiglu_fmul_32ns_32ns_32_6_max_dsp_1_ip' you have specified is long. The Windows operating system has path length limitations. It is recommended you use shorter names to reduce the likelihood of issues.
INFO: [IP_Flow 19-1686] Generating 'Synthesis' target for IP 'swiglu_fmul_32ns_32ns_32_6_max_dsp_1_ip'...
INFO: [IP_Flow 19-1686] Generating 'Simulation' target for IP 'swiglu_fmul_32ns_32ns_32_6_max_dsp_1_ip'...
INFO: Done generating swiglu_fmul_32ns_32ns_32_6_max_dsp_1_ip via file impl/misc/swiglu_fmul_32ns_32ns_32_6_max_dsp_1_ip.tcl
INFO: Generating swiglu_sitofp_32ns_32_7_no_dsp_1_ip via file impl/misc/swiglu_sitofp_32ns_32_7_no_dsp_1_ip.tcl
WARNING: [IP_Flow 19-4832] The IP name 'swiglu_sitofp_32ns_32_7_no_dsp_1_ip' you have specified is long. The Windows operating system has path length limitations. It is recommended you use shorter names to reduce the likelihood of issues.
INFO: [IP_Flow 19-1686] Generating 'Synthesis' target for IP 'swiglu_sitofp_32ns_32_7_no_dsp_1_ip'...
INFO: [IP_Flow 19-1686] Generating 'Simulation' target for IP 'swiglu_sitofp_32ns_32_7_no_dsp_1_ip'...
INFO: Done generating swiglu_sitofp_32ns_32_7_no_dsp_1_ip via file impl/misc/swiglu_sitofp_32ns_32_7_no_dsp_1_ip.tcl
INFO: Generating swiglu_sitofp_32s_32_7_no_dsp_1_ip via file impl/misc/swiglu_sitofp_32s_32_7_no_dsp_1_ip.tcl
WARNING: [IP_Flow 19-4832] The IP name 'swiglu_sitofp_32s_32_7_no_dsp_1_ip' you have specified is long. The Windows operating system has path length limitations. It is recommended you use shorter names to reduce the likelihood of issues.
INFO: [IP_Flow 19-1686] Generating 'Synthesis' target for IP 'swiglu_sitofp_32s_32_7_no_dsp_1_ip'...
INFO: [IP_Flow 19-1686] Generating 'Simulation' target for IP 'swiglu_sitofp_32s_32_7_no_dsp_1_ip'...
INFO: Done generating swiglu_sitofp_32s_32_7_no_dsp_1_ip via file impl/misc/swiglu_sitofp_32s_32_7_no_dsp_1_ip.tcl
INFO: Found 1 unique subcore IP: xilinx.com:ip:floating_point:7.1
INFO: Copied 7 subcore files: C:/Users/Jacob/Desktop/Vitis_projects/swiglu/swiglu/hls/impl/ip/hdl/ip/swiglu_faddfsub_32ns_32ns_32_10_full_dsp_1_ip/swiglu_faddfsub_32ns_32ns_32_10_full_dsp_1_ip.xci C:/Users/Jacob/Desktop/Vitis_projects/swiglu/swiglu/hls/impl/ip/hdl/ip/swiglu_fadd_32ns_32ns_32_10_full_dsp_1_ip/swiglu_fadd_32ns_32ns_32_10_full_dsp_1_ip.xci C:/Users/Jacob/Desktop/Vitis_projects/swiglu/swiglu/hls/impl/ip/hdl/ip/swiglu_fcmp_32ns_32ns_1_2_no_dsp_1_ip/swiglu_fcmp_32ns_32ns_1_2_no_dsp_1_ip.xci C:/Users/Jacob/Desktop/Vitis_projects/swiglu/swiglu/hls/impl/ip/hdl/ip/swiglu_fdiv_32ns_32ns_32_29_no_dsp_1_ip/swiglu_fdiv_32ns_32ns_32_29_no_dsp_1_ip.xci C:/Users/Jacob/Desktop/Vitis_projects/swiglu/swiglu/hls/impl/ip/hdl/ip/swiglu_fmul_32ns_32ns_32_6_max_dsp_1_ip/swiglu_fmul_32ns_32ns_32_6_max_dsp_1_ip.xci C:/Users/Jacob/Desktop/Vitis_projects/swiglu/swiglu/hls/impl/ip/hdl/ip/swiglu_sitofp_32ns_32_7_no_dsp_1_ip/swiglu_sitofp_32ns_32_7_no_dsp_1_ip.xci C:/Users/Jacob/Desktop/Vitis_projects/swiglu/swiglu/hls/impl/ip/hdl/ip/swiglu_sitofp_32s_32_7_no_dsp_1_ip/swiglu_sitofp_32s_32_7_no_dsp_1_ip.xci
INFO: Import ports from HDL: C:/Users/Jacob/Desktop/Vitis_projects/swiglu/swiglu/hls/impl/ip/hdl/vhdl/swiglu.vhd (swiglu)
INFO: Add axi4lite interface s_axi_CTRL
INFO: Add clock interface ap_clk
INFO: Add reset interface ap_rst_n
INFO: Add interrupt interface interrupt
INFO: [IP_Flow 19-234] Refreshing IP repositories
INFO: [IP_Flow 19-1704] No user IP repositories specified
INFO: [IP_Flow 19-2313] Loaded Vivado IP repository 'C:/Xilinx/2025.1/Vivado/data/ip'.
INFO: Add axi4full interface m_axi_gmem_V
INFO: Add axi4full interface m_axi_gmem_W
INFO: Add axi4full interface m_axi_gmem_Wd
INFO: Add axi4full interface m_axi_gmem_out
INFO: Add axi4full interface m_axi_gmem_x
INFO: Calling post_process_vitis to specialize IP
INFO: Calling post_process_sysgen to specialize IP
Generating sysgen info xml from json file
INFO: Created IP C:/Users/Jacob/Desktop/Vitis_projects/swiglu/swiglu/hls/impl/ip/component.xml
INFO: Created IP archive C:/Users/Jacob/Desktop/Vitis_projects/swiglu/swiglu/hls/impl/ip/xilinx_com_hls_swiglu_19_0.zip
INFO: [Common 17-206] Exiting Vivado at Thu Apr  2 14:59:40 2026...
