

================================================================
== Vitis HLS Report for 'compute_X1'
================================================================
* Date:           Thu Apr  2 13:36:55 2026

* Version:        2025.1 (Build 6135595 on May 21 2025)
* Project:        swiglu
* Solution:       hls (Vivado IP Flow Target)
* Product family: zynquplus
* Target device:  xck26-sfvc784-2LV-c


================================================================
== Performance Estimates
================================================================
+ Timing: 
    * Summary: 
    +--------+---------+----------+------------+
    |  Clock |  Target | Estimated| Uncertainty|
    +--------+---------+----------+------------+
    |ap_clk  |  4.00 ns|  3.239 ns|     1.08 ns|
    +--------+---------+----------+------------+

+ Latency: 
    * Summary: 
    +---------+---------+-----------+-----------+---------+---------+---------+
    |  Latency (cycles) |   Latency (absolute)  |      Interval     | Pipeline|
    |   min   |   max   |    min    |    max    |   min   |   max   |   Type  |
    +---------+---------+-----------+-----------+---------+---------+---------+
    |  3268609|  3268609|  13.074 ms|  13.074 ms|  3268609|  3268609|       no|
    +---------+---------+-----------+-----------+---------+---------+---------+

    + Detail: 
        * Instance: 
        +-----------------------------+------------------+---------+---------+----------+----------+-----+-----+---------+
        |                             |                  |  Latency (cycles) |  Latency (absolute) |  Interval | Pipeline|
        |           Instance          |      Module      |   min   |   max   |    min   |    max   | min | max |   Type  |
        +-----------------------------+------------------+---------+---------+----------+----------+-----+-----+---------+
        |grp_load_row_wv_fu_524       |load_row_wv       |      148|      148|  0.592 us|  0.592 us|  148|  148|       no|
        |grp_mac_blocks_wv_k2_fu_540  |mac_blocks_wv_k2  |      471|      471|  1.884 us|  1.884 us|  471|  471|       no|
        +-----------------------------+------------------+---------+---------+----------+----------+-----+-----+---------+

        * Loop: 
        +--------------+---------+---------+----------+-----------+-----------+------+----------+
        |              |  Latency (cycles) | Iteration|  Initiation Interval  | Trip |          |
        |   Loop Name  |   min   |   max   |  Latency |  achieved |   target  | Count| Pipelined|
        +--------------+---------+---------+----------+-----------+-----------+------+----------+
        |- COMPUTE_X1  |  3268608|  3268608|       798|          -|          -|  4096|        no|
        +--------------+---------+---------+----------+-----------+-----------+------+----------+



================================================================
== Utilization Estimates
================================================================
* Summary: 
+-----------------+---------+------+--------+--------+-----+
|       Name      | BRAM_18K|  DSP |   FF   |   LUT  | URAM|
+-----------------+---------+------+--------+--------+-----+
|DSP              |        -|     -|       -|       -|    -|
|Expression       |        -|     -|       0|    1655|    -|
|FIFO             |        -|     -|       -|       -|    -|
|Instance         |        -|    49|   41896|   36141|    -|
|Memory           |        0|     -|    2112|     289|    0|
|Multiplexer      |        -|     -|       0|     849|    -|
|Register         |        -|     -|     596|       -|    -|
+-----------------+---------+------+--------+--------+-----+
|Total            |        0|    49|   44604|   38934|    0|
+-----------------+---------+------+--------+--------+-----+
|Available        |      288|  1248|  234240|  117120|   64|
+-----------------+---------+------+--------+--------+-----+
|Utilization (%)  |        0|     3|      19|      33|    0|
+-----------------+---------+------+--------+--------+-----+

+ Detail: 
    * Instance: 
    +---------------------------------------+---------------------------------+---------+----+-------+-------+-----+
    |                Instance               |              Module             | BRAM_18K| DSP|   FF  |  LUT  | URAM|
    +---------------------------------------+---------------------------------+---------+----+-------+-------+-----+
    |fadd_32ns_32ns_32_10_full_dsp_1_U1903  |fadd_32ns_32ns_32_10_full_dsp_1  |        0|   2|    365|    238|    0|
    |fadd_32ns_32ns_32_10_full_dsp_1_U1904  |fadd_32ns_32ns_32_10_full_dsp_1  |        0|   2|    365|    238|    0|
    |fcmp_32ns_32ns_1_2_no_dsp_1_U1907      |fcmp_32ns_32ns_1_2_no_dsp_1      |        0|   0|      0|      0|    0|
    |fcmp_32ns_32ns_1_2_no_dsp_1_U1908      |fcmp_32ns_32ns_1_2_no_dsp_1      |        0|   0|      0|      0|    0|
    |fmul_32ns_32ns_32_6_max_dsp_1_U1905    |fmul_32ns_32ns_32_6_max_dsp_1    |        0|   3|    165|    146|    0|
    |fmul_32ns_32ns_32_6_max_dsp_1_U1906    |fmul_32ns_32ns_32_6_max_dsp_1    |        0|   3|    165|    146|    0|
    |grp_load_row_wv_fu_524                 |load_row_wv                      |        0|   0|    284|    783|    0|
    |grp_mac_blocks_wv_k2_fu_540            |mac_blocks_wv_k2                 |        0|  39|  40552|  34590|    0|
    +---------------------------------------+---------------------------------+---------+----+-------+-------+-----+
    |Total                                  |                                 |        0|  49|  41896|  36141|    0|
    +---------------------------------------+---------------------------------+---------+----+-------+-------+-----+

    * DSP: 
    N/A

    * Memory: 
    +---------------+---------------------------------------+---------+-----+----+-----+------+-----+------+-------------+
    |     Memory    |                 Module                | BRAM_18K|  FF | LUT| URAM| Words| Bits| Banks| W*Bits*Banks|
    +---------------+---------------------------------------+---------+-----+----+-----+------+-----+------+-------------+
    |row_buf_U      |compute_X1_row_buf_RAM_1P_LUTRAM_1R1W  |        0|  128|  18|    0|     9|  128|     1|         1152|
    |row_buf_23_U   |compute_X1_row_buf_RAM_1P_LUTRAM_1R1W  |        0|  128|  18|    0|     9|  128|     1|         1152|
    |row_buf_24_U   |compute_X1_row_buf_RAM_1P_LUTRAM_1R1W  |        0|  128|  18|    0|     9|  128|     1|         1152|
    |row_buf_25_U   |compute_X1_row_buf_RAM_1P_LUTRAM_1R1W  |        0|  128|  18|    0|     9|  128|     1|         1152|
    |row_buf_26_U   |compute_X1_row_buf_RAM_1P_LUTRAM_1R1W  |        0|  128|  18|    0|     9|  128|     1|         1152|
    |row_buf_27_U   |compute_X1_row_buf_RAM_1P_LUTRAM_1R1W  |        0|  128|  18|    0|     9|  128|     1|         1152|
    |row_buf_28_U   |compute_X1_row_buf_RAM_1P_LUTRAM_1R1W  |        0|  128|  18|    0|     9|  128|     1|         1152|
    |row_buf_29_U   |compute_X1_row_buf_RAM_1P_LUTRAM_1R1W  |        0|  128|  18|    0|     9|  128|     1|         1152|
    |row_buf_30_U   |compute_X1_row_buf_RAM_1P_LUTRAM_1R1W  |        0|  128|  18|    0|     9|  128|     1|         1152|
    |row_buf_31_U   |compute_X1_row_buf_RAM_1P_LUTRAM_1R1W  |        0|  128|  18|    0|     9|  128|     1|         1152|
    |row_buf_32_U   |compute_X1_row_buf_RAM_1P_LUTRAM_1R1W  |        0|  128|  18|    0|     9|  128|     1|         1152|
    |row_buf_33_U   |compute_X1_row_buf_RAM_1P_LUTRAM_1R1W  |        0|  128|  18|    0|     9|  128|     1|         1152|
    |row_buf_34_U   |compute_X1_row_buf_RAM_1P_LUTRAM_1R1W  |        0|  128|  18|    0|     9|  128|     1|         1152|
    |row_buf_35_U   |compute_X1_row_buf_RAM_1P_LUTRAM_1R1W  |        0|  128|  18|    0|     9|  128|     1|         1152|
    |row_buf_36_U   |compute_X1_row_buf_RAM_1P_LUTRAM_1R1W  |        0|  128|  18|    0|     9|  128|     1|         1152|
    |row_buf_37_U   |compute_X1_row_buf_RAM_1P_LUTRAM_1R1W  |        0|  128|  18|    0|     9|  128|     1|         1152|
    |row_results_U  |compute_X1_row_results_RAM_AUTO_1R1W   |        0|   64|   1|    0|     2|   32|     1|           64|
    +---------------+---------------------------------------+---------+-----+----+-----+------+-----+------+-------------+
    |Total          |                                       |        0| 2112| 289|    0|   146| 2080|    17|        18496|
    +---------------+---------------------------------------+---------+-----+----+-----+------+-----+------+-------------+

    * FIFO: 
    N/A

    * Expression: 
    +---------------------------+----------+----+---+-----+------------+------------+
    |       Variable Name       | Operation| DSP| FF| LUT | Bitwidth P0| Bitwidth P1|
    +---------------------------+----------+----+---+-----+------------+------------+
    |add_ln217_fu_867_p2        |         +|   0|  0|   21|          14|           2|
    |add_ln317_2_fu_1130_p2     |         +|   0|  0|   16|           9|           8|
    |add_ln317_fu_1031_p2       |         +|   0|  0|   16|           9|           8|
    |result_11_fu_1167_p2       |         -|   0|  0|   39|           1|          32|
    |result_14_fu_1279_p2       |         -|   0|  0|   39|           1|          32|
    |sub_ln18_2_fu_1144_p2      |         -|   0|  0|   15|           7|           8|
    |sub_ln18_fu_1045_p2        |         -|   0|  0|   15|           7|           8|
    |and_ln229_1_fu_976_p2      |       and|   0|  0|    2|           1|           1|
    |and_ln229_fu_958_p2        |       and|   0|  0|    2|           1|           1|
    |icmp_ln229_1_fu_919_p2     |      icmp|   0|  0|   30|          23|           1|
    |icmp_ln229_2_fu_942_p2     |      icmp|   0|  0|   15|           8|           2|
    |icmp_ln229_3_fu_948_p2     |      icmp|   0|  0|   30|          23|           1|
    |icmp_ln229_fu_913_p2       |      icmp|   0|  0|   15|           8|           2|
    |icmp_ln230_1_fu_1300_p2    |      icmp|   0|  0|   32|          25|           1|
    |icmp_ln230_fu_1190_p2      |      icmp|   0|  0|   32|          25|           1|
    |icmp_ln231_1_fu_1316_p2    |      icmp|   0|  0|   39|          32|           9|
    |icmp_ln231_fu_1261_p2      |      icmp|   0|  0|   39|          32|           9|
    |lshr_ln18_2_fu_1216_p2     |      lshr|   0|  0|  240|          79|          79|
    |lshr_ln18_fu_1071_p2       |      lshr|   0|  0|  240|          79|          79|
    |ap_block_state1            |        or|   0|  0|    2|           1|           1|
    |or_ln229_1_fu_972_p2       |        or|   0|  0|    2|           1|           1|
    |or_ln229_fu_954_p2         |        or|   0|  0|    2|           1|           1|
    |grp_fu_818_p1              |    select|   0|  0|   32|           1|          30|
    |grp_fu_822_p1              |    select|   0|  0|   32|           1|          30|
    |iq_7_fu_1255_p3            |    select|   0|  0|   32|           1|           7|
    |iq_9_fu_1310_p3            |    select|   0|  0|   32|           1|           7|
    |result_15_fu_1284_p3       |    select|   0|  0|   32|           1|          32|
    |result_fu_1173_p3          |    select|   0|  0|   32|           1|          32|
    |select_ln18_5_fu_1154_p3   |    select|   0|  0|    9|           1|           9|
    |select_ln18_fu_1055_p3     |    select|   0|  0|    9|           1|           9|
    |select_ln232_1_fu_1326_p3  |    select|   0|  0|    9|           1|           9|
    |select_ln232_fu_1271_p3    |    select|   0|  0|    9|           1|           9|
    |val_17_fu_1248_p3          |    select|   0|  0|   32|           1|          32|
    |val_fu_1162_p3             |    select|   0|  0|   32|           1|          32|
    |shl_ln18_2_fu_1222_p2      |       shl|   0|  0|  240|          79|          79|
    |shl_ln18_fu_1077_p2        |       shl|   0|  0|  240|          79|          79|
    +---------------------------+----------+----+---+-----+------------+------------+
    |Total                      |          |   0|  0| 1655|         557|         683|
    +---------------------------+----------+----+---+-----+------------+------------+

    * Multiplexer: 
    +----------------------------+-----+-----------+-----+-----------+
    |            Name            | LUT | Input Size| Bits| Total Bits|
    +----------------------------+-----+-----------+-----+-----------+
    |X1_cache_address1_local     |   14|          3|   15|         45|
    |X1_cache_d1_local           |   14|          3|    8|         24|
    |ap_NS_fsm                   |  152|         33|    1|         33|
    |ap_done                     |    9|          2|    1|          2|
    |grp_load_row_wv_fu_524_row  |   14|          3|   13|         39|
    |m_axi_gmem_W_0_ARVALID      |    9|          2|    1|          2|
    |m_axi_gmem_W_0_RREADY       |    9|          2|    1|          2|
    |row_buf_23_address0         |   14|          3|    4|         12|
    |row_buf_23_ce0              |   14|          3|    1|          3|
    |row_buf_23_we0              |    9|          2|    1|          2|
    |row_buf_24_address0         |   14|          3|    4|         12|
    |row_buf_24_ce0              |   14|          3|    1|          3|
    |row_buf_24_we0              |    9|          2|    1|          2|
    |row_buf_25_address0         |   14|          3|    4|         12|
    |row_buf_25_ce0              |   14|          3|    1|          3|
    |row_buf_25_we0              |    9|          2|    1|          2|
    |row_buf_26_address0         |   14|          3|    4|         12|
    |row_buf_26_ce0              |   14|          3|    1|          3|
    |row_buf_26_we0              |    9|          2|    1|          2|
    |row_buf_27_address0         |   14|          3|    4|         12|
    |row_buf_27_ce0              |   14|          3|    1|          3|
    |row_buf_27_we0              |    9|          2|    1|          2|
    |row_buf_28_address0         |   14|          3|    4|         12|
    |row_buf_28_ce0              |   14|          3|    1|          3|
    |row_buf_28_we0              |    9|          2|    1|          2|
    |row_buf_29_address0         |   14|          3|    4|         12|
    |row_buf_29_ce0              |   14|          3|    1|          3|
    |row_buf_29_we0              |    9|          2|    1|          2|
    |row_buf_30_address0         |   14|          3|    4|         12|
    |row_buf_30_ce0              |   14|          3|    1|          3|
    |row_buf_30_we0              |    9|          2|    1|          2|
    |row_buf_31_address0         |   14|          3|    4|         12|
    |row_buf_31_ce0              |   14|          3|    1|          3|
    |row_buf_31_we0              |    9|          2|    1|          2|
    |row_buf_32_address0         |   14|          3|    4|         12|
    |row_buf_32_ce0              |   14|          3|    1|          3|
    |row_buf_32_we0              |    9|          2|    1|          2|
    |row_buf_33_address0         |   14|          3|    4|         12|
    |row_buf_33_ce0              |   14|          3|    1|          3|
    |row_buf_33_we0              |    9|          2|    1|          2|
    |row_buf_34_address0         |   14|          3|    4|         12|
    |row_buf_34_ce0              |   14|          3|    1|          3|
    |row_buf_34_we0              |    9|          2|    1|          2|
    |row_buf_35_address0         |   14|          3|    4|         12|
    |row_buf_35_ce0              |   14|          3|    1|          3|
    |row_buf_35_we0              |    9|          2|    1|          2|
    |row_buf_36_address0         |   14|          3|    4|         12|
    |row_buf_36_ce0              |   14|          3|    1|          3|
    |row_buf_36_we0              |    9|          2|    1|          2|
    |row_buf_37_address0         |   14|          3|    4|         12|
    |row_buf_37_ce0              |   14|          3|    1|          3|
    |row_buf_37_we0              |    9|          2|    1|          2|
    |row_buf_address0            |   14|          3|    4|         12|
    |row_buf_ce0                 |   14|          3|    1|          3|
    |row_buf_we0                 |    9|          2|    1|          2|
    |row_fu_390                  |    9|          2|   14|         28|
    |row_results_address0        |    9|          2|    1|          2|
    |row_results_ce0             |    9|          2|    1|          2|
    |row_results_we0             |    9|          2|    1|          2|
    +----------------------------+-----+-----------+-----+-----------+
    |Total                       |  849|        184|  153|        453|
    +----------------------------+-----+-----------+-----+-----------+

    * Register: 
    +------------------------------------------+----+----+-----+-----------+
    |                   Name                   | FF | LUT| Bits| Const Bits|
    +------------------------------------------+----+----+-----+-----------+
    |W_read_reg_1350                           |  64|   0|   64|          0|
    |ap_CS_fsm                                 |  32|   0|   32|          0|
    |ap_done_reg                               |   1|   0|    1|          0|
    |dc_2_reg_1454                             |  32|   0|   32|          0|
    |dc_reg_1449                               |  32|   0|   32|          0|
    |fq_2_reg_1402                             |  32|   0|   32|          0|
    |fq_reg_1395                               |  32|   0|   32|          0|
    |grp_load_row_wv_fu_524_ap_start_reg       |   1|   0|    1|          0|
    |grp_mac_blocks_wv_k2_fu_540_ap_start_reg  |   1|   0|    1|          0|
    |icmp_ln229_1_reg_1414                     |   1|   0|    1|          0|
    |icmp_ln229_2_reg_1424                     |   1|   0|    1|          0|
    |icmp_ln229_3_reg_1429                     |   1|   0|    1|          0|
    |icmp_ln229_reg_1409                       |   1|   0|    1|          0|
    |icmp_ln230_1_reg_1525                     |   1|   0|    1|          0|
    |icmp_ln230_reg_1504                       |   1|   0|    1|          0|
    |or_ln_reg_1379                            |  12|   0|   13|          1|
    |result_15_reg_1520                        |  32|   0|   32|          0|
    |result_reg_1499                           |  32|   0|   32|          0|
    |row_2_reg_1365                            |  14|   0|   14|          0|
    |row_fu_390                                |  14|   0|   14|          0|
    |row_results_load_2_reg_1390               |  32|   0|   32|          0|
    |row_results_load_reg_1385                 |  32|   0|   32|          0|
    |select_ln18_5_reg_1494                    |   9|   0|    9|          0|
    |select_ln232_1_reg_1530                   |   8|   0|    8|          0|
    |select_ln232_reg_1515                     |   8|   0|    8|          0|
    |tmp_1031_reg_1464                         |   1|   0|    1|          0|
    |tmp_1034_reg_1489                         |   1|   0|    1|          0|
    |tmp_402_reg_1419                          |   1|   0|    1|          0|
    |tmp_404_reg_1434                          |   1|   0|    1|          0|
    |tmp_507_reg_1469                          |  32|   0|   32|          0|
    |tmp_508_reg_1474                          |  32|   0|   32|          0|
    |trunc_ln217_reg_1374                      |  13|   0|   13|          0|
    |trunc_ln342_2_reg_1484                    |  23|   0|   23|          0|
    |val_17_reg_1509                           |  32|   0|   32|          0|
    |x_scale_read_reg_1345                     |  32|   0|   32|          0|
    |xs_sign_2_reg_1479                        |   1|   0|    1|          0|
    |xs_sign_reg_1459                          |   1|   0|    1|          0|
    +------------------------------------------+----+----+-----+-----------+
    |Total                                     | 596|   0|  597|          1|
    +------------------------------------------+----+----+-----+-----------+



================================================================
== Interface
================================================================
* Summary: 
+-------------------------+-----+-----+------------+----------------+--------------+
|        RTL Ports        | Dir | Bits|  Protocol  |  Source Object |    C Type    |
+-------------------------+-----+-----+------------+----------------+--------------+
|ap_clk                   |   in|    1|  ap_ctrl_hs|      compute_X1|  return value|
|ap_rst                   |   in|    1|  ap_ctrl_hs|      compute_X1|  return value|
|ap_start                 |   in|    1|  ap_ctrl_hs|      compute_X1|  return value|
|ap_done                  |  out|    1|  ap_ctrl_hs|      compute_X1|  return value|
|ap_continue              |   in|    1|  ap_ctrl_hs|      compute_X1|  return value|
|ap_idle                  |  out|    1|  ap_ctrl_hs|      compute_X1|  return value|
|ap_ready                 |  out|    1|  ap_ctrl_hs|      compute_X1|  return value|
|m_axi_gmem_W_0_AWVALID   |  out|    1|       m_axi|          gmem_W|       pointer|
|m_axi_gmem_W_0_AWREADY   |   in|    1|       m_axi|          gmem_W|       pointer|
|m_axi_gmem_W_0_AWADDR    |  out|   64|       m_axi|          gmem_W|       pointer|
|m_axi_gmem_W_0_AWID      |  out|    1|       m_axi|          gmem_W|       pointer|
|m_axi_gmem_W_0_AWLEN     |  out|   32|       m_axi|          gmem_W|       pointer|
|m_axi_gmem_W_0_AWSIZE    |  out|    3|       m_axi|          gmem_W|       pointer|
|m_axi_gmem_W_0_AWBURST   |  out|    2|       m_axi|          gmem_W|       pointer|
|m_axi_gmem_W_0_AWLOCK    |  out|    2|       m_axi|          gmem_W|       pointer|
|m_axi_gmem_W_0_AWCACHE   |  out|    4|       m_axi|          gmem_W|       pointer|
|m_axi_gmem_W_0_AWPROT    |  out|    3|       m_axi|          gmem_W|       pointer|
|m_axi_gmem_W_0_AWQOS     |  out|    4|       m_axi|          gmem_W|       pointer|
|m_axi_gmem_W_0_AWREGION  |  out|    4|       m_axi|          gmem_W|       pointer|
|m_axi_gmem_W_0_AWUSER    |  out|    1|       m_axi|          gmem_W|       pointer|
|m_axi_gmem_W_0_WVALID    |  out|    1|       m_axi|          gmem_W|       pointer|
|m_axi_gmem_W_0_WREADY    |   in|    1|       m_axi|          gmem_W|       pointer|
|m_axi_gmem_W_0_WDATA     |  out|  128|       m_axi|          gmem_W|       pointer|
|m_axi_gmem_W_0_WSTRB     |  out|   16|       m_axi|          gmem_W|       pointer|
|m_axi_gmem_W_0_WLAST     |  out|    1|       m_axi|          gmem_W|       pointer|
|m_axi_gmem_W_0_WID       |  out|    1|       m_axi|          gmem_W|       pointer|
|m_axi_gmem_W_0_WUSER     |  out|    1|       m_axi|          gmem_W|       pointer|
|m_axi_gmem_W_0_ARVALID   |  out|    1|       m_axi|          gmem_W|       pointer|
|m_axi_gmem_W_0_ARREADY   |   in|    1|       m_axi|          gmem_W|       pointer|
|m_axi_gmem_W_0_ARADDR    |  out|   64|       m_axi|          gmem_W|       pointer|
|m_axi_gmem_W_0_ARID      |  out|    1|       m_axi|          gmem_W|       pointer|
|m_axi_gmem_W_0_ARLEN     |  out|   32|       m_axi|          gmem_W|       pointer|
|m_axi_gmem_W_0_ARSIZE    |  out|    3|       m_axi|          gmem_W|       pointer|
|m_axi_gmem_W_0_ARBURST   |  out|    2|       m_axi|          gmem_W|       pointer|
|m_axi_gmem_W_0_ARLOCK    |  out|    2|       m_axi|          gmem_W|       pointer|
|m_axi_gmem_W_0_ARCACHE   |  out|    4|       m_axi|          gmem_W|       pointer|
|m_axi_gmem_W_0_ARPROT    |  out|    3|       m_axi|          gmem_W|       pointer|
|m_axi_gmem_W_0_ARQOS     |  out|    4|       m_axi|          gmem_W|       pointer|
|m_axi_gmem_W_0_ARREGION  |  out|    4|       m_axi|          gmem_W|       pointer|
|m_axi_gmem_W_0_ARUSER    |  out|    1|       m_axi|          gmem_W|       pointer|
|m_axi_gmem_W_0_RVALID    |   in|    1|       m_axi|          gmem_W|       pointer|
|m_axi_gmem_W_0_RREADY    |  out|    1|       m_axi|          gmem_W|       pointer|
|m_axi_gmem_W_0_RDATA     |   in|  128|       m_axi|          gmem_W|       pointer|
|m_axi_gmem_W_0_RLAST     |   in|    1|       m_axi|          gmem_W|       pointer|
|m_axi_gmem_W_0_RID       |   in|    1|       m_axi|          gmem_W|       pointer|
|m_axi_gmem_W_0_RFIFONUM  |   in|   10|       m_axi|          gmem_W|       pointer|
|m_axi_gmem_W_0_RUSER     |   in|    1|       m_axi|          gmem_W|       pointer|
|m_axi_gmem_W_0_RRESP     |   in|    2|       m_axi|          gmem_W|       pointer|
|m_axi_gmem_W_0_BVALID    |   in|    1|       m_axi|          gmem_W|       pointer|
|m_axi_gmem_W_0_BREADY    |  out|    1|       m_axi|          gmem_W|       pointer|
|m_axi_gmem_W_0_BRESP     |   in|    2|       m_axi|          gmem_W|       pointer|
|m_axi_gmem_W_0_BID       |   in|    1|       m_axi|          gmem_W|       pointer|
|m_axi_gmem_W_0_BUSER     |   in|    1|       m_axi|          gmem_W|       pointer|
|W                        |   in|   64|     ap_none|               W|        scalar|
|x_local_1_0_0_address0   |  out|    6|   ap_memory|   x_local_1_0_0|         array|
|x_local_1_0_0_ce0        |  out|    1|   ap_memory|   x_local_1_0_0|         array|
|x_local_1_0_0_q0         |   in|    8|   ap_memory|   x_local_1_0_0|         array|
|x_local_1_0_1_address0   |  out|    6|   ap_memory|   x_local_1_0_1|         array|
|x_local_1_0_1_ce0        |  out|    1|   ap_memory|   x_local_1_0_1|         array|
|x_local_1_0_1_q0         |   in|    8|   ap_memory|   x_local_1_0_1|         array|
|x_local_1_0_2_address0   |  out|    6|   ap_memory|   x_local_1_0_2|         array|
|x_local_1_0_2_ce0        |  out|    1|   ap_memory|   x_local_1_0_2|         array|
|x_local_1_0_2_q0         |   in|    8|   ap_memory|   x_local_1_0_2|         array|
|x_local_1_0_3_address0   |  out|    6|   ap_memory|   x_local_1_0_3|         array|
|x_local_1_0_3_ce0        |  out|    1|   ap_memory|   x_local_1_0_3|         array|
|x_local_1_0_3_q0         |   in|    8|   ap_memory|   x_local_1_0_3|         array|
|x_local_1_0_4_address0   |  out|    6|   ap_memory|   x_local_1_0_4|         array|
|x_local_1_0_4_ce0        |  out|    1|   ap_memory|   x_local_1_0_4|         array|
|x_local_1_0_4_q0         |   in|    8|   ap_memory|   x_local_1_0_4|         array|
|x_local_1_0_5_address0   |  out|    6|   ap_memory|   x_local_1_0_5|         array|
|x_local_1_0_5_ce0        |  out|    1|   ap_memory|   x_local_1_0_5|         array|
|x_local_1_0_5_q0         |   in|    8|   ap_memory|   x_local_1_0_5|         array|
|x_local_1_0_6_address0   |  out|    6|   ap_memory|   x_local_1_0_6|         array|
|x_local_1_0_6_ce0        |  out|    1|   ap_memory|   x_local_1_0_6|         array|
|x_local_1_0_6_q0         |   in|    8|   ap_memory|   x_local_1_0_6|         array|
|x_local_1_0_7_address0   |  out|    6|   ap_memory|   x_local_1_0_7|         array|
|x_local_1_0_7_ce0        |  out|    1|   ap_memory|   x_local_1_0_7|         array|
|x_local_1_0_7_q0         |   in|    8|   ap_memory|   x_local_1_0_7|         array|
|x_local_1_0_8_address0   |  out|    6|   ap_memory|   x_local_1_0_8|         array|
|x_local_1_0_8_ce0        |  out|    1|   ap_memory|   x_local_1_0_8|         array|
|x_local_1_0_8_q0         |   in|    8|   ap_memory|   x_local_1_0_8|         array|
|x_local_1_0_9_address0   |  out|    6|   ap_memory|   x_local_1_0_9|         array|
|x_local_1_0_9_ce0        |  out|    1|   ap_memory|   x_local_1_0_9|         array|
|x_local_1_0_9_q0         |   in|    8|   ap_memory|   x_local_1_0_9|         array|
|x_local_1_0_10_address0  |  out|    6|   ap_memory|  x_local_1_0_10|         array|
|x_local_1_0_10_ce0       |  out|    1|   ap_memory|  x_local_1_0_10|         array|
|x_local_1_0_10_q0        |   in|    8|   ap_memory|  x_local_1_0_10|         array|
|x_local_1_0_11_address0  |  out|    6|   ap_memory|  x_local_1_0_11|         array|
|x_local_1_0_11_ce0       |  out|    1|   ap_memory|  x_local_1_0_11|         array|
|x_local_1_0_11_q0        |   in|    8|   ap_memory|  x_local_1_0_11|         array|
|x_local_1_0_12_address0  |  out|    6|   ap_memory|  x_local_1_0_12|         array|
|x_local_1_0_12_ce0       |  out|    1|   ap_memory|  x_local_1_0_12|         array|
|x_local_1_0_12_q0        |   in|    8|   ap_memory|  x_local_1_0_12|         array|
|x_local_1_0_13_address0  |  out|    6|   ap_memory|  x_local_1_0_13|         array|
|x_local_1_0_13_ce0       |  out|    1|   ap_memory|  x_local_1_0_13|         array|
|x_local_1_0_13_q0        |   in|    8|   ap_memory|  x_local_1_0_13|         array|
|x_local_1_0_14_address0  |  out|    6|   ap_memory|  x_local_1_0_14|         array|
|x_local_1_0_14_ce0       |  out|    1|   ap_memory|  x_local_1_0_14|         array|
|x_local_1_0_14_q0        |   in|    8|   ap_memory|  x_local_1_0_14|         array|
|x_local_1_0_15_address0  |  out|    6|   ap_memory|  x_local_1_0_15|         array|
|x_local_1_0_15_ce0       |  out|    1|   ap_memory|  x_local_1_0_15|         array|
|x_local_1_0_15_q0        |   in|    8|   ap_memory|  x_local_1_0_15|         array|
|x_local_1_1_0_address0   |  out|    6|   ap_memory|   x_local_1_1_0|         array|
|x_local_1_1_0_ce0        |  out|    1|   ap_memory|   x_local_1_1_0|         array|
|x_local_1_1_0_q0         |   in|    8|   ap_memory|   x_local_1_1_0|         array|
|x_local_1_1_1_address0   |  out|    6|   ap_memory|   x_local_1_1_1|         array|
|x_local_1_1_1_ce0        |  out|    1|   ap_memory|   x_local_1_1_1|         array|
|x_local_1_1_1_q0         |   in|    8|   ap_memory|   x_local_1_1_1|         array|
|x_local_1_1_2_address0   |  out|    6|   ap_memory|   x_local_1_1_2|         array|
|x_local_1_1_2_ce0        |  out|    1|   ap_memory|   x_local_1_1_2|         array|
|x_local_1_1_2_q0         |   in|    8|   ap_memory|   x_local_1_1_2|         array|
|x_local_1_1_3_address0   |  out|    6|   ap_memory|   x_local_1_1_3|         array|
|x_local_1_1_3_ce0        |  out|    1|   ap_memory|   x_local_1_1_3|         array|
|x_local_1_1_3_q0         |   in|    8|   ap_memory|   x_local_1_1_3|         array|
|x_local_1_1_4_address0   |  out|    6|   ap_memory|   x_local_1_1_4|         array|
|x_local_1_1_4_ce0        |  out|    1|   ap_memory|   x_local_1_1_4|         array|
|x_local_1_1_4_q0         |   in|    8|   ap_memory|   x_local_1_1_4|         array|
|x_local_1_1_5_address0   |  out|    6|   ap_memory|   x_local_1_1_5|         array|
|x_local_1_1_5_ce0        |  out|    1|   ap_memory|   x_local_1_1_5|         array|
|x_local_1_1_5_q0         |   in|    8|   ap_memory|   x_local_1_1_5|         array|
|x_local_1_1_6_address0   |  out|    6|   ap_memory|   x_local_1_1_6|         array|
|x_local_1_1_6_ce0        |  out|    1|   ap_memory|   x_local_1_1_6|         array|
|x_local_1_1_6_q0         |   in|    8|   ap_memory|   x_local_1_1_6|         array|
|x_local_1_1_7_address0   |  out|    6|   ap_memory|   x_local_1_1_7|         array|
|x_local_1_1_7_ce0        |  out|    1|   ap_memory|   x_local_1_1_7|         array|
|x_local_1_1_7_q0         |   in|    8|   ap_memory|   x_local_1_1_7|         array|
|x_local_1_1_8_address0   |  out|    6|   ap_memory|   x_local_1_1_8|         array|
|x_local_1_1_8_ce0        |  out|    1|   ap_memory|   x_local_1_1_8|         array|
|x_local_1_1_8_q0         |   in|    8|   ap_memory|   x_local_1_1_8|         array|
|x_local_1_1_9_address0   |  out|    6|   ap_memory|   x_local_1_1_9|         array|
|x_local_1_1_9_ce0        |  out|    1|   ap_memory|   x_local_1_1_9|         array|
|x_local_1_1_9_q0         |   in|    8|   ap_memory|   x_local_1_1_9|         array|
|x_local_1_1_10_address0  |  out|    6|   ap_memory|  x_local_1_1_10|         array|
|x_local_1_1_10_ce0       |  out|    1|   ap_memory|  x_local_1_1_10|         array|
|x_local_1_1_10_q0        |   in|    8|   ap_memory|  x_local_1_1_10|         array|
|x_local_1_1_11_address0  |  out|    6|   ap_memory|  x_local_1_1_11|         array|
|x_local_1_1_11_ce0       |  out|    1|   ap_memory|  x_local_1_1_11|         array|
|x_local_1_1_11_q0        |   in|    8|   ap_memory|  x_local_1_1_11|         array|
|x_local_1_1_12_address0  |  out|    6|   ap_memory|  x_local_1_1_12|         array|
|x_local_1_1_12_ce0       |  out|    1|   ap_memory|  x_local_1_1_12|         array|
|x_local_1_1_12_q0        |   in|    8|   ap_memory|  x_local_1_1_12|         array|
|x_local_1_1_13_address0  |  out|    6|   ap_memory|  x_local_1_1_13|         array|
|x_local_1_1_13_ce0       |  out|    1|   ap_memory|  x_local_1_1_13|         array|
|x_local_1_1_13_q0        |   in|    8|   ap_memory|  x_local_1_1_13|         array|
|x_local_1_1_14_address0  |  out|    6|   ap_memory|  x_local_1_1_14|         array|
|x_local_1_1_14_ce0       |  out|    1|   ap_memory|  x_local_1_1_14|         array|
|x_local_1_1_14_q0        |   in|    8|   ap_memory|  x_local_1_1_14|         array|
|x_local_1_1_15_address0  |  out|    6|   ap_memory|  x_local_1_1_15|         array|
|x_local_1_1_15_ce0       |  out|    1|   ap_memory|  x_local_1_1_15|         array|
|x_local_1_1_15_q0        |   in|    8|   ap_memory|  x_local_1_1_15|         array|
|x_local_1_2_0_address0   |  out|    6|   ap_memory|   x_local_1_2_0|         array|
|x_local_1_2_0_ce0        |  out|    1|   ap_memory|   x_local_1_2_0|         array|
|x_local_1_2_0_q0         |   in|    8|   ap_memory|   x_local_1_2_0|         array|
|x_local_1_2_1_address0   |  out|    6|   ap_memory|   x_local_1_2_1|         array|
|x_local_1_2_1_ce0        |  out|    1|   ap_memory|   x_local_1_2_1|         array|
|x_local_1_2_1_q0         |   in|    8|   ap_memory|   x_local_1_2_1|         array|
|x_local_1_2_2_address0   |  out|    6|   ap_memory|   x_local_1_2_2|         array|
|x_local_1_2_2_ce0        |  out|    1|   ap_memory|   x_local_1_2_2|         array|
|x_local_1_2_2_q0         |   in|    8|   ap_memory|   x_local_1_2_2|         array|
|x_local_1_2_3_address0   |  out|    6|   ap_memory|   x_local_1_2_3|         array|
|x_local_1_2_3_ce0        |  out|    1|   ap_memory|   x_local_1_2_3|         array|
|x_local_1_2_3_q0         |   in|    8|   ap_memory|   x_local_1_2_3|         array|
|x_local_1_2_4_address0   |  out|    6|   ap_memory|   x_local_1_2_4|         array|
|x_local_1_2_4_ce0        |  out|    1|   ap_memory|   x_local_1_2_4|         array|
|x_local_1_2_4_q0         |   in|    8|   ap_memory|   x_local_1_2_4|         array|
|x_local_1_2_5_address0   |  out|    6|   ap_memory|   x_local_1_2_5|         array|
|x_local_1_2_5_ce0        |  out|    1|   ap_memory|   x_local_1_2_5|         array|
|x_local_1_2_5_q0         |   in|    8|   ap_memory|   x_local_1_2_5|         array|
|x_local_1_2_6_address0   |  out|    6|   ap_memory|   x_local_1_2_6|         array|
|x_local_1_2_6_ce0        |  out|    1|   ap_memory|   x_local_1_2_6|         array|
|x_local_1_2_6_q0         |   in|    8|   ap_memory|   x_local_1_2_6|         array|
|x_local_1_2_7_address0   |  out|    6|   ap_memory|   x_local_1_2_7|         array|
|x_local_1_2_7_ce0        |  out|    1|   ap_memory|   x_local_1_2_7|         array|
|x_local_1_2_7_q0         |   in|    8|   ap_memory|   x_local_1_2_7|         array|
|x_local_1_2_8_address0   |  out|    6|   ap_memory|   x_local_1_2_8|         array|
|x_local_1_2_8_ce0        |  out|    1|   ap_memory|   x_local_1_2_8|         array|
|x_local_1_2_8_q0         |   in|    8|   ap_memory|   x_local_1_2_8|         array|
|x_local_1_2_9_address0   |  out|    6|   ap_memory|   x_local_1_2_9|         array|
|x_local_1_2_9_ce0        |  out|    1|   ap_memory|   x_local_1_2_9|         array|
|x_local_1_2_9_q0         |   in|    8|   ap_memory|   x_local_1_2_9|         array|
|x_local_1_2_10_address0  |  out|    6|   ap_memory|  x_local_1_2_10|         array|
|x_local_1_2_10_ce0       |  out|    1|   ap_memory|  x_local_1_2_10|         array|
|x_local_1_2_10_q0        |   in|    8|   ap_memory|  x_local_1_2_10|         array|
|x_local_1_2_11_address0  |  out|    6|   ap_memory|  x_local_1_2_11|         array|
|x_local_1_2_11_ce0       |  out|    1|   ap_memory|  x_local_1_2_11|         array|
|x_local_1_2_11_q0        |   in|    8|   ap_memory|  x_local_1_2_11|         array|
|x_local_1_2_12_address0  |  out|    6|   ap_memory|  x_local_1_2_12|         array|
|x_local_1_2_12_ce0       |  out|    1|   ap_memory|  x_local_1_2_12|         array|
|x_local_1_2_12_q0        |   in|    8|   ap_memory|  x_local_1_2_12|         array|
|x_local_1_2_13_address0  |  out|    6|   ap_memory|  x_local_1_2_13|         array|
|x_local_1_2_13_ce0       |  out|    1|   ap_memory|  x_local_1_2_13|         array|
|x_local_1_2_13_q0        |   in|    8|   ap_memory|  x_local_1_2_13|         array|
|x_local_1_2_14_address0  |  out|    6|   ap_memory|  x_local_1_2_14|         array|
|x_local_1_2_14_ce0       |  out|    1|   ap_memory|  x_local_1_2_14|         array|
|x_local_1_2_14_q0        |   in|    8|   ap_memory|  x_local_1_2_14|         array|
|x_local_1_2_15_address0  |  out|    6|   ap_memory|  x_local_1_2_15|         array|
|x_local_1_2_15_ce0       |  out|    1|   ap_memory|  x_local_1_2_15|         array|
|x_local_1_2_15_q0        |   in|    8|   ap_memory|  x_local_1_2_15|         array|
|x_local_1_3_0_address0   |  out|    6|   ap_memory|   x_local_1_3_0|         array|
|x_local_1_3_0_ce0        |  out|    1|   ap_memory|   x_local_1_3_0|         array|
|x_local_1_3_0_q0         |   in|    8|   ap_memory|   x_local_1_3_0|         array|
|x_local_1_3_1_address0   |  out|    6|   ap_memory|   x_local_1_3_1|         array|
|x_local_1_3_1_ce0        |  out|    1|   ap_memory|   x_local_1_3_1|         array|
|x_local_1_3_1_q0         |   in|    8|   ap_memory|   x_local_1_3_1|         array|
|x_local_1_3_2_address0   |  out|    6|   ap_memory|   x_local_1_3_2|         array|
|x_local_1_3_2_ce0        |  out|    1|   ap_memory|   x_local_1_3_2|         array|
|x_local_1_3_2_q0         |   in|    8|   ap_memory|   x_local_1_3_2|         array|
|x_local_1_3_3_address0   |  out|    6|   ap_memory|   x_local_1_3_3|         array|
|x_local_1_3_3_ce0        |  out|    1|   ap_memory|   x_local_1_3_3|         array|
|x_local_1_3_3_q0         |   in|    8|   ap_memory|   x_local_1_3_3|         array|
|x_local_1_3_4_address0   |  out|    6|   ap_memory|   x_local_1_3_4|         array|
|x_local_1_3_4_ce0        |  out|    1|   ap_memory|   x_local_1_3_4|         array|
|x_local_1_3_4_q0         |   in|    8|   ap_memory|   x_local_1_3_4|         array|
|x_local_1_3_5_address0   |  out|    6|   ap_memory|   x_local_1_3_5|         array|
|x_local_1_3_5_ce0        |  out|    1|   ap_memory|   x_local_1_3_5|         array|
|x_local_1_3_5_q0         |   in|    8|   ap_memory|   x_local_1_3_5|         array|
|x_local_1_3_6_address0   |  out|    6|   ap_memory|   x_local_1_3_6|         array|
|x_local_1_3_6_ce0        |  out|    1|   ap_memory|   x_local_1_3_6|         array|
|x_local_1_3_6_q0         |   in|    8|   ap_memory|   x_local_1_3_6|         array|
|x_local_1_3_7_address0   |  out|    6|   ap_memory|   x_local_1_3_7|         array|
|x_local_1_3_7_ce0        |  out|    1|   ap_memory|   x_local_1_3_7|         array|
|x_local_1_3_7_q0         |   in|    8|   ap_memory|   x_local_1_3_7|         array|
|x_local_1_3_8_address0   |  out|    6|   ap_memory|   x_local_1_3_8|         array|
|x_local_1_3_8_ce0        |  out|    1|   ap_memory|   x_local_1_3_8|         array|
|x_local_1_3_8_q0         |   in|    8|   ap_memory|   x_local_1_3_8|         array|
|x_local_1_3_9_address0   |  out|    6|   ap_memory|   x_local_1_3_9|         array|
|x_local_1_3_9_ce0        |  out|    1|   ap_memory|   x_local_1_3_9|         array|
|x_local_1_3_9_q0         |   in|    8|   ap_memory|   x_local_1_3_9|         array|
|x_local_1_3_10_address0  |  out|    6|   ap_memory|  x_local_1_3_10|         array|
|x_local_1_3_10_ce0       |  out|    1|   ap_memory|  x_local_1_3_10|         array|
|x_local_1_3_10_q0        |   in|    8|   ap_memory|  x_local_1_3_10|         array|
|x_local_1_3_11_address0  |  out|    6|   ap_memory|  x_local_1_3_11|         array|
|x_local_1_3_11_ce0       |  out|    1|   ap_memory|  x_local_1_3_11|         array|
|x_local_1_3_11_q0        |   in|    8|   ap_memory|  x_local_1_3_11|         array|
|x_local_1_3_12_address0  |  out|    6|   ap_memory|  x_local_1_3_12|         array|
|x_local_1_3_12_ce0       |  out|    1|   ap_memory|  x_local_1_3_12|         array|
|x_local_1_3_12_q0        |   in|    8|   ap_memory|  x_local_1_3_12|         array|
|x_local_1_3_13_address0  |  out|    6|   ap_memory|  x_local_1_3_13|         array|
|x_local_1_3_13_ce0       |  out|    1|   ap_memory|  x_local_1_3_13|         array|
|x_local_1_3_13_q0        |   in|    8|   ap_memory|  x_local_1_3_13|         array|
|x_local_1_3_14_address0  |  out|    6|   ap_memory|  x_local_1_3_14|         array|
|x_local_1_3_14_ce0       |  out|    1|   ap_memory|  x_local_1_3_14|         array|
|x_local_1_3_14_q0        |   in|    8|   ap_memory|  x_local_1_3_14|         array|
|x_local_1_3_15_address0  |  out|    6|   ap_memory|  x_local_1_3_15|         array|
|x_local_1_3_15_ce0       |  out|    1|   ap_memory|  x_local_1_3_15|         array|
|x_local_1_3_15_q0        |   in|    8|   ap_memory|  x_local_1_3_15|         array|
|x_local_1_4_0_address0   |  out|    6|   ap_memory|   x_local_1_4_0|         array|
|x_local_1_4_0_ce0        |  out|    1|   ap_memory|   x_local_1_4_0|         array|
|x_local_1_4_0_q0         |   in|    8|   ap_memory|   x_local_1_4_0|         array|
|x_local_1_4_1_address0   |  out|    6|   ap_memory|   x_local_1_4_1|         array|
|x_local_1_4_1_ce0        |  out|    1|   ap_memory|   x_local_1_4_1|         array|
|x_local_1_4_1_q0         |   in|    8|   ap_memory|   x_local_1_4_1|         array|
|x_local_1_4_2_address0   |  out|    6|   ap_memory|   x_local_1_4_2|         array|
|x_local_1_4_2_ce0        |  out|    1|   ap_memory|   x_local_1_4_2|         array|
|x_local_1_4_2_q0         |   in|    8|   ap_memory|   x_local_1_4_2|         array|
|x_local_1_4_3_address0   |  out|    6|   ap_memory|   x_local_1_4_3|         array|
|x_local_1_4_3_ce0        |  out|    1|   ap_memory|   x_local_1_4_3|         array|
|x_local_1_4_3_q0         |   in|    8|   ap_memory|   x_local_1_4_3|         array|
|x_local_1_4_4_address0   |  out|    6|   ap_memory|   x_local_1_4_4|         array|
|x_local_1_4_4_ce0        |  out|    1|   ap_memory|   x_local_1_4_4|         array|
|x_local_1_4_4_q0         |   in|    8|   ap_memory|   x_local_1_4_4|         array|
|x_local_1_4_5_address0   |  out|    6|   ap_memory|   x_local_1_4_5|         array|
|x_local_1_4_5_ce0        |  out|    1|   ap_memory|   x_local_1_4_5|         array|
|x_local_1_4_5_q0         |   in|    8|   ap_memory|   x_local_1_4_5|         array|
|x_local_1_4_6_address0   |  out|    6|   ap_memory|   x_local_1_4_6|         array|
|x_local_1_4_6_ce0        |  out|    1|   ap_memory|   x_local_1_4_6|         array|
|x_local_1_4_6_q0         |   in|    8|   ap_memory|   x_local_1_4_6|         array|
|x_local_1_4_7_address0   |  out|    6|   ap_memory|   x_local_1_4_7|         array|
|x_local_1_4_7_ce0        |  out|    1|   ap_memory|   x_local_1_4_7|         array|
|x_local_1_4_7_q0         |   in|    8|   ap_memory|   x_local_1_4_7|         array|
|x_local_1_4_8_address0   |  out|    6|   ap_memory|   x_local_1_4_8|         array|
|x_local_1_4_8_ce0        |  out|    1|   ap_memory|   x_local_1_4_8|         array|
|x_local_1_4_8_q0         |   in|    8|   ap_memory|   x_local_1_4_8|         array|
|x_local_1_4_9_address0   |  out|    6|   ap_memory|   x_local_1_4_9|         array|
|x_local_1_4_9_ce0        |  out|    1|   ap_memory|   x_local_1_4_9|         array|
|x_local_1_4_9_q0         |   in|    8|   ap_memory|   x_local_1_4_9|         array|
|x_local_1_4_10_address0  |  out|    6|   ap_memory|  x_local_1_4_10|         array|
|x_local_1_4_10_ce0       |  out|    1|   ap_memory|  x_local_1_4_10|         array|
|x_local_1_4_10_q0        |   in|    8|   ap_memory|  x_local_1_4_10|         array|
|x_local_1_4_11_address0  |  out|    6|   ap_memory|  x_local_1_4_11|         array|
|x_local_1_4_11_ce0       |  out|    1|   ap_memory|  x_local_1_4_11|         array|
|x_local_1_4_11_q0        |   in|    8|   ap_memory|  x_local_1_4_11|         array|
|x_local_1_4_12_address0  |  out|    6|   ap_memory|  x_local_1_4_12|         array|
|x_local_1_4_12_ce0       |  out|    1|   ap_memory|  x_local_1_4_12|         array|
|x_local_1_4_12_q0        |   in|    8|   ap_memory|  x_local_1_4_12|         array|
|x_local_1_4_13_address0  |  out|    6|   ap_memory|  x_local_1_4_13|         array|
|x_local_1_4_13_ce0       |  out|    1|   ap_memory|  x_local_1_4_13|         array|
|x_local_1_4_13_q0        |   in|    8|   ap_memory|  x_local_1_4_13|         array|
|x_local_1_4_14_address0  |  out|    6|   ap_memory|  x_local_1_4_14|         array|
|x_local_1_4_14_ce0       |  out|    1|   ap_memory|  x_local_1_4_14|         array|
|x_local_1_4_14_q0        |   in|    8|   ap_memory|  x_local_1_4_14|         array|
|x_local_1_4_15_address0  |  out|    6|   ap_memory|  x_local_1_4_15|         array|
|x_local_1_4_15_ce0       |  out|    1|   ap_memory|  x_local_1_4_15|         array|
|x_local_1_4_15_q0        |   in|    8|   ap_memory|  x_local_1_4_15|         array|
|x_local_1_5_0_address0   |  out|    6|   ap_memory|   x_local_1_5_0|         array|
|x_local_1_5_0_ce0        |  out|    1|   ap_memory|   x_local_1_5_0|         array|
|x_local_1_5_0_q0         |   in|    8|   ap_memory|   x_local_1_5_0|         array|
|x_local_1_5_1_address0   |  out|    6|   ap_memory|   x_local_1_5_1|         array|
|x_local_1_5_1_ce0        |  out|    1|   ap_memory|   x_local_1_5_1|         array|
|x_local_1_5_1_q0         |   in|    8|   ap_memory|   x_local_1_5_1|         array|
|x_local_1_5_2_address0   |  out|    6|   ap_memory|   x_local_1_5_2|         array|
|x_local_1_5_2_ce0        |  out|    1|   ap_memory|   x_local_1_5_2|         array|
|x_local_1_5_2_q0         |   in|    8|   ap_memory|   x_local_1_5_2|         array|
|x_local_1_5_3_address0   |  out|    6|   ap_memory|   x_local_1_5_3|         array|
|x_local_1_5_3_ce0        |  out|    1|   ap_memory|   x_local_1_5_3|         array|
|x_local_1_5_3_q0         |   in|    8|   ap_memory|   x_local_1_5_3|         array|
|x_local_1_5_4_address0   |  out|    6|   ap_memory|   x_local_1_5_4|         array|
|x_local_1_5_4_ce0        |  out|    1|   ap_memory|   x_local_1_5_4|         array|
|x_local_1_5_4_q0         |   in|    8|   ap_memory|   x_local_1_5_4|         array|
|x_local_1_5_5_address0   |  out|    6|   ap_memory|   x_local_1_5_5|         array|
|x_local_1_5_5_ce0        |  out|    1|   ap_memory|   x_local_1_5_5|         array|
|x_local_1_5_5_q0         |   in|    8|   ap_memory|   x_local_1_5_5|         array|
|x_local_1_5_6_address0   |  out|    6|   ap_memory|   x_local_1_5_6|         array|
|x_local_1_5_6_ce0        |  out|    1|   ap_memory|   x_local_1_5_6|         array|
|x_local_1_5_6_q0         |   in|    8|   ap_memory|   x_local_1_5_6|         array|
|x_local_1_5_7_address0   |  out|    6|   ap_memory|   x_local_1_5_7|         array|
|x_local_1_5_7_ce0        |  out|    1|   ap_memory|   x_local_1_5_7|         array|
|x_local_1_5_7_q0         |   in|    8|   ap_memory|   x_local_1_5_7|         array|
|x_local_1_5_8_address0   |  out|    6|   ap_memory|   x_local_1_5_8|         array|
|x_local_1_5_8_ce0        |  out|    1|   ap_memory|   x_local_1_5_8|         array|
|x_local_1_5_8_q0         |   in|    8|   ap_memory|   x_local_1_5_8|         array|
|x_local_1_5_9_address0   |  out|    6|   ap_memory|   x_local_1_5_9|         array|
|x_local_1_5_9_ce0        |  out|    1|   ap_memory|   x_local_1_5_9|         array|
|x_local_1_5_9_q0         |   in|    8|   ap_memory|   x_local_1_5_9|         array|
|x_local_1_5_10_address0  |  out|    6|   ap_memory|  x_local_1_5_10|         array|
|x_local_1_5_10_ce0       |  out|    1|   ap_memory|  x_local_1_5_10|         array|
|x_local_1_5_10_q0        |   in|    8|   ap_memory|  x_local_1_5_10|         array|
|x_local_1_5_11_address0  |  out|    6|   ap_memory|  x_local_1_5_11|         array|
|x_local_1_5_11_ce0       |  out|    1|   ap_memory|  x_local_1_5_11|         array|
|x_local_1_5_11_q0        |   in|    8|   ap_memory|  x_local_1_5_11|         array|
|x_local_1_5_12_address0  |  out|    6|   ap_memory|  x_local_1_5_12|         array|
|x_local_1_5_12_ce0       |  out|    1|   ap_memory|  x_local_1_5_12|         array|
|x_local_1_5_12_q0        |   in|    8|   ap_memory|  x_local_1_5_12|         array|
|x_local_1_5_13_address0  |  out|    6|   ap_memory|  x_local_1_5_13|         array|
|x_local_1_5_13_ce0       |  out|    1|   ap_memory|  x_local_1_5_13|         array|
|x_local_1_5_13_q0        |   in|    8|   ap_memory|  x_local_1_5_13|         array|
|x_local_1_5_14_address0  |  out|    6|   ap_memory|  x_local_1_5_14|         array|
|x_local_1_5_14_ce0       |  out|    1|   ap_memory|  x_local_1_5_14|         array|
|x_local_1_5_14_q0        |   in|    8|   ap_memory|  x_local_1_5_14|         array|
|x_local_1_5_15_address0  |  out|    6|   ap_memory|  x_local_1_5_15|         array|
|x_local_1_5_15_ce0       |  out|    1|   ap_memory|  x_local_1_5_15|         array|
|x_local_1_5_15_q0        |   in|    8|   ap_memory|  x_local_1_5_15|         array|
|x_local_1_6_0_address0   |  out|    6|   ap_memory|   x_local_1_6_0|         array|
|x_local_1_6_0_ce0        |  out|    1|   ap_memory|   x_local_1_6_0|         array|
|x_local_1_6_0_q0         |   in|    8|   ap_memory|   x_local_1_6_0|         array|
|x_local_1_6_1_address0   |  out|    6|   ap_memory|   x_local_1_6_1|         array|
|x_local_1_6_1_ce0        |  out|    1|   ap_memory|   x_local_1_6_1|         array|
|x_local_1_6_1_q0         |   in|    8|   ap_memory|   x_local_1_6_1|         array|
|x_local_1_6_2_address0   |  out|    6|   ap_memory|   x_local_1_6_2|         array|
|x_local_1_6_2_ce0        |  out|    1|   ap_memory|   x_local_1_6_2|         array|
|x_local_1_6_2_q0         |   in|    8|   ap_memory|   x_local_1_6_2|         array|
|x_local_1_6_3_address0   |  out|    6|   ap_memory|   x_local_1_6_3|         array|
|x_local_1_6_3_ce0        |  out|    1|   ap_memory|   x_local_1_6_3|         array|
|x_local_1_6_3_q0         |   in|    8|   ap_memory|   x_local_1_6_3|         array|
|x_local_1_6_4_address0   |  out|    6|   ap_memory|   x_local_1_6_4|         array|
|x_local_1_6_4_ce0        |  out|    1|   ap_memory|   x_local_1_6_4|         array|
|x_local_1_6_4_q0         |   in|    8|   ap_memory|   x_local_1_6_4|         array|
|x_local_1_6_5_address0   |  out|    6|   ap_memory|   x_local_1_6_5|         array|
|x_local_1_6_5_ce0        |  out|    1|   ap_memory|   x_local_1_6_5|         array|
|x_local_1_6_5_q0         |   in|    8|   ap_memory|   x_local_1_6_5|         array|
|x_local_1_6_6_address0   |  out|    6|   ap_memory|   x_local_1_6_6|         array|
|x_local_1_6_6_ce0        |  out|    1|   ap_memory|   x_local_1_6_6|         array|
|x_local_1_6_6_q0         |   in|    8|   ap_memory|   x_local_1_6_6|         array|
|x_local_1_6_7_address0   |  out|    6|   ap_memory|   x_local_1_6_7|         array|
|x_local_1_6_7_ce0        |  out|    1|   ap_memory|   x_local_1_6_7|         array|
|x_local_1_6_7_q0         |   in|    8|   ap_memory|   x_local_1_6_7|         array|
|x_local_1_6_8_address0   |  out|    6|   ap_memory|   x_local_1_6_8|         array|
|x_local_1_6_8_ce0        |  out|    1|   ap_memory|   x_local_1_6_8|         array|
|x_local_1_6_8_q0         |   in|    8|   ap_memory|   x_local_1_6_8|         array|
|x_local_1_6_9_address0   |  out|    6|   ap_memory|   x_local_1_6_9|         array|
|x_local_1_6_9_ce0        |  out|    1|   ap_memory|   x_local_1_6_9|         array|
|x_local_1_6_9_q0         |   in|    8|   ap_memory|   x_local_1_6_9|         array|
|x_local_1_6_10_address0  |  out|    6|   ap_memory|  x_local_1_6_10|         array|
|x_local_1_6_10_ce0       |  out|    1|   ap_memory|  x_local_1_6_10|         array|
|x_local_1_6_10_q0        |   in|    8|   ap_memory|  x_local_1_6_10|         array|
|x_local_1_6_11_address0  |  out|    6|   ap_memory|  x_local_1_6_11|         array|
|x_local_1_6_11_ce0       |  out|    1|   ap_memory|  x_local_1_6_11|         array|
|x_local_1_6_11_q0        |   in|    8|   ap_memory|  x_local_1_6_11|         array|
|x_local_1_6_12_address0  |  out|    6|   ap_memory|  x_local_1_6_12|         array|
|x_local_1_6_12_ce0       |  out|    1|   ap_memory|  x_local_1_6_12|         array|
|x_local_1_6_12_q0        |   in|    8|   ap_memory|  x_local_1_6_12|         array|
|x_local_1_6_13_address0  |  out|    6|   ap_memory|  x_local_1_6_13|         array|
|x_local_1_6_13_ce0       |  out|    1|   ap_memory|  x_local_1_6_13|         array|
|x_local_1_6_13_q0        |   in|    8|   ap_memory|  x_local_1_6_13|         array|
|x_local_1_6_14_address0  |  out|    6|   ap_memory|  x_local_1_6_14|         array|
|x_local_1_6_14_ce0       |  out|    1|   ap_memory|  x_local_1_6_14|         array|
|x_local_1_6_14_q0        |   in|    8|   ap_memory|  x_local_1_6_14|         array|
|x_local_1_6_15_address0  |  out|    6|   ap_memory|  x_local_1_6_15|         array|
|x_local_1_6_15_ce0       |  out|    1|   ap_memory|  x_local_1_6_15|         array|
|x_local_1_6_15_q0        |   in|    8|   ap_memory|  x_local_1_6_15|         array|
|x_local_1_7_0_address0   |  out|    6|   ap_memory|   x_local_1_7_0|         array|
|x_local_1_7_0_ce0        |  out|    1|   ap_memory|   x_local_1_7_0|         array|
|x_local_1_7_0_q0         |   in|    8|   ap_memory|   x_local_1_7_0|         array|
|x_local_1_7_1_address0   |  out|    6|   ap_memory|   x_local_1_7_1|         array|
|x_local_1_7_1_ce0        |  out|    1|   ap_memory|   x_local_1_7_1|         array|
|x_local_1_7_1_q0         |   in|    8|   ap_memory|   x_local_1_7_1|         array|
|x_local_1_7_2_address0   |  out|    6|   ap_memory|   x_local_1_7_2|         array|
|x_local_1_7_2_ce0        |  out|    1|   ap_memory|   x_local_1_7_2|         array|
|x_local_1_7_2_q0         |   in|    8|   ap_memory|   x_local_1_7_2|         array|
|x_local_1_7_3_address0   |  out|    6|   ap_memory|   x_local_1_7_3|         array|
|x_local_1_7_3_ce0        |  out|    1|   ap_memory|   x_local_1_7_3|         array|
|x_local_1_7_3_q0         |   in|    8|   ap_memory|   x_local_1_7_3|         array|
|x_local_1_7_4_address0   |  out|    6|   ap_memory|   x_local_1_7_4|         array|
|x_local_1_7_4_ce0        |  out|    1|   ap_memory|   x_local_1_7_4|         array|
|x_local_1_7_4_q0         |   in|    8|   ap_memory|   x_local_1_7_4|         array|
|x_local_1_7_5_address0   |  out|    6|   ap_memory|   x_local_1_7_5|         array|
|x_local_1_7_5_ce0        |  out|    1|   ap_memory|   x_local_1_7_5|         array|
|x_local_1_7_5_q0         |   in|    8|   ap_memory|   x_local_1_7_5|         array|
|x_local_1_7_6_address0   |  out|    6|   ap_memory|   x_local_1_7_6|         array|
|x_local_1_7_6_ce0        |  out|    1|   ap_memory|   x_local_1_7_6|         array|
|x_local_1_7_6_q0         |   in|    8|   ap_memory|   x_local_1_7_6|         array|
|x_local_1_7_7_address0   |  out|    6|   ap_memory|   x_local_1_7_7|         array|
|x_local_1_7_7_ce0        |  out|    1|   ap_memory|   x_local_1_7_7|         array|
|x_local_1_7_7_q0         |   in|    8|   ap_memory|   x_local_1_7_7|         array|
|x_local_1_7_8_address0   |  out|    6|   ap_memory|   x_local_1_7_8|         array|
|x_local_1_7_8_ce0        |  out|    1|   ap_memory|   x_local_1_7_8|         array|
|x_local_1_7_8_q0         |   in|    8|   ap_memory|   x_local_1_7_8|         array|
|x_local_1_7_9_address0   |  out|    6|   ap_memory|   x_local_1_7_9|         array|
|x_local_1_7_9_ce0        |  out|    1|   ap_memory|   x_local_1_7_9|         array|
|x_local_1_7_9_q0         |   in|    8|   ap_memory|   x_local_1_7_9|         array|
|x_local_1_7_10_address0  |  out|    6|   ap_memory|  x_local_1_7_10|         array|
|x_local_1_7_10_ce0       |  out|    1|   ap_memory|  x_local_1_7_10|         array|
|x_local_1_7_10_q0        |   in|    8|   ap_memory|  x_local_1_7_10|         array|
|x_local_1_7_11_address0  |  out|    6|   ap_memory|  x_local_1_7_11|         array|
|x_local_1_7_11_ce0       |  out|    1|   ap_memory|  x_local_1_7_11|         array|
|x_local_1_7_11_q0        |   in|    8|   ap_memory|  x_local_1_7_11|         array|
|x_local_1_7_12_address0  |  out|    6|   ap_memory|  x_local_1_7_12|         array|
|x_local_1_7_12_ce0       |  out|    1|   ap_memory|  x_local_1_7_12|         array|
|x_local_1_7_12_q0        |   in|    8|   ap_memory|  x_local_1_7_12|         array|
|x_local_1_7_13_address0  |  out|    6|   ap_memory|  x_local_1_7_13|         array|
|x_local_1_7_13_ce0       |  out|    1|   ap_memory|  x_local_1_7_13|         array|
|x_local_1_7_13_q0        |   in|    8|   ap_memory|  x_local_1_7_13|         array|
|x_local_1_7_14_address0  |  out|    6|   ap_memory|  x_local_1_7_14|         array|
|x_local_1_7_14_ce0       |  out|    1|   ap_memory|  x_local_1_7_14|         array|
|x_local_1_7_14_q0        |   in|    8|   ap_memory|  x_local_1_7_14|         array|
|x_local_1_7_15_address0  |  out|    6|   ap_memory|  x_local_1_7_15|         array|
|x_local_1_7_15_ce0       |  out|    1|   ap_memory|  x_local_1_7_15|         array|
|x_local_1_7_15_q0        |   in|    8|   ap_memory|  x_local_1_7_15|         array|
|x_scale                  |   in|   32|     ap_none|         x_scale|        scalar|
|X1_cache_address1        |  out|   15|   ap_memory|        X1_cache|         array|
|X1_cache_ce1             |  out|    1|   ap_memory|        X1_cache|         array|
|X1_cache_we1             |  out|    1|   ap_memory|        X1_cache|         array|
|X1_cache_d1              |  out|    8|   ap_memory|        X1_cache|         array|
+-------------------------+-----+-----+------------+----------------+--------------+

