

================================================================
== Vitis HLS Report for 'compute_output'
================================================================
* Date:           Sun Mar 29 14:23:07 2026

* Version:        2025.1 (Build 6135595 on May 21 2025)
* Project:        swiglu
* Solution:       hls (Vivado IP Flow Target)
* Product family: zynquplus
* Target device:  xck26-sfvc784-2LV-c


================================================================
== Performance Estimates
================================================================
+ Timing: 
    * Summary: 
    +--------+---------+----------+------------+
    |  Clock |  Target | Estimated| Uncertainty|
    +--------+---------+----------+------------+
    |ap_clk  |  3.33 ns|  3.239 ns|     0.90 ns|
    +--------+---------+----------+------------+

+ Latency: 
    * Summary: 
    +---------+----------+----------+-----------+---------+----------+---------+
    |  Latency (cycles)  |  Latency (absolute)  |      Interval      | Pipeline|
    |   min   |    max   |    min   |    max    |   min   |    max   |   Type  |
    +---------+----------+----------+-----------+---------+----------+---------+
    |  2179146|  28131402|  7.257 ms|  93.678 ms|  2179146|  28131402|       no|
    +---------+----------+----------+-----------+---------+----------+---------+

    + Detail: 
        * Instance: 
        +--------------------------------------+---------------------------+---------+---------+-----------+-----------+-------+-------+------------------------------------------------+
        |                                      |                           |  Latency (cycles) |   Latency (absolute)  |    Interval   |                    Pipeline                    |
        |               Instance               |           Module          |   min   |   max   |    min    |    max    |  min  |  max  |                      Type                      |
        +--------------------------------------+---------------------------+---------+---------+-----------+-----------+-------+-------+------------------------------------------------+
        |grp_load_row_down_q6k_fu_415          |load_row_down_q6k          |      497|      497|   1.655 us|   1.655 us|    497|    497|                                              no|
        |grp_mac_blocks_down_q6k_fu_439        |mac_blocks_down_q6k        |    13232|    13232|  44.063 us|  44.063 us|  13232|  13232|                                              no|
        |grp_load_row_down_q4k_fu_524          |load_row_down_q4k          |      364|      364|   1.212 us|   1.212 us|    364|    364|                                              no|
        |grp_mac_blocks_down_q4k_fu_564        |mac_blocks_down_q4k        |      693|      693|   2.308 us|   2.308 us|    693|    693|                                              no|
        |grp_compute_output_Pipeline_1_fu_665  |compute_output_Pipeline_1  |     2051|     2051|   6.830 us|   6.830 us|   2049|   2049|  loop auto-rewind stp (delay=0 clock cycles(s))|
        +--------------------------------------+---------------------------+---------+---------+-----------+-----------+-------+-------+------------------------------------------------+

        * Loop: 
        +------------+----------+----------+----------+-----------+-----------+------+----------+
        |            |   Latency (cycles)  | Iteration|  Initiation Interval  | Trip |          |
        |  Loop Name |    min   |    max   |  Latency |  achieved |   target  | Count| Pipelined|
        +------------+----------+----------+----------+-----------+-----------+------+----------+
        |- DOWN_Q4K  |   2177024|   2177024|      1063|          -|          -|  2048|        no|
        |- DOWN_Q6K  |  28129280|  28129280|     13735|          -|          -|  2048|        no|
        +------------+----------+----------+----------+-----------+-----------+------+----------+



================================================================
== Utilization Estimates
================================================================
* Summary: 
+-----------------+---------+------+--------+--------+-----+
|       Name      | BRAM_18K|  DSP |   FF   |   LUT  | URAM|
+-----------------+---------+------+--------+--------+-----+
|DSP              |        -|     -|       -|       -|    -|
|Expression       |        -|     -|       0|      84|    -|
|FIFO             |        -|     -|       -|       -|    -|
|Instance         |        -|    78|   67316|   51924|    -|
|Memory           |      260|     -|    8192|     576|    0|
|Multiplexer      |        -|     -|       0|    3660|    -|
|Register         |        -|     -|     433|       -|    -|
+-----------------+---------+------+--------+--------+-----+
|Total            |      260|    78|   75941|   56244|    0|
+-----------------+---------+------+--------+--------+-----+
|Available        |      288|  1248|  234240|  117120|   64|
+-----------------+---------+------+--------+--------+-----+
|Utilization (%)  |       90|     6|      32|      48|    0|
+-----------------+---------+------+--------+--------+-----+

+ Detail: 
    * Instance: 
    +-------------------------------------------+-------------------------------------+---------+----+-------+-------+-----+
    |                  Instance                 |                Module               | BRAM_18K| DSP|   FF  |  LUT  | URAM|
    +-------------------------------------------+-------------------------------------+---------+----+-------+-------+-----+
    |grp_compute_output_Pipeline_1_fu_665       |compute_output_Pipeline_1            |        0|   0|     49|     88|    0|
    |faddfsub_32ns_32ns_32_11_full_dsp_1_U3863  |faddfsub_32ns_32ns_32_11_full_dsp_1  |        0|   2|    369|    236|    0|
    |fmul_32ns_32ns_32_7_max_dsp_1_U3864        |fmul_32ns_32ns_32_7_max_dsp_1        |        0|   3|    197|    123|    0|
    |fmul_32ns_32ns_32_7_max_dsp_1_U3865        |fmul_32ns_32ns_32_7_max_dsp_1        |        0|   3|    197|    123|    0|
    |grp_fp16_to_fp32_fu_828                    |fp16_to_fp32                         |        0|   0|    389|    515|    0|
    |grp_load_row_down_q4k_fu_524               |load_row_down_q4k                    |        0|   0|    297|    792|    0|
    |grp_load_row_down_q6k_fu_415               |load_row_down_q6k                    |        0|   1|    321|    703|    0|
    |grp_mac_blocks_down_q4k_fu_564             |mac_blocks_down_q4k                  |        0|  66|  32928|  37980|    0|
    |grp_mac_blocks_down_q6k_fu_439             |mac_blocks_down_q6k                  |        0|   3|  32569|  11364|    0|
    +-------------------------------------------+-------------------------------------+---------+----+-------+-------+-----+
    |Total                                      |                                     |        0|  78|  67316|  51924|    0|
    +-------------------------------------------+-------------------------------------+---------+----+-------+-------+-----+

    * DSP: 
    N/A

    * Memory: 
    +--------------+----------------------------------------------+---------+-----+----+-----+------+-----+------+-------------+
    |    Memory    |                    Module                    | BRAM_18K|  FF | LUT| URAM| Words| Bits| Banks| W*Bits*Banks|
    +--------------+----------------------------------------------+---------+-----+----+-----+------+-----+------+-------------+
    |row_buf_U     |compute_X1_row_buf_RAM_2P_LUTRAM_1R1W         |        0|  256|  18|    0|     9|  128|     1|         1152|
    |row_buf_1_U   |compute_X1_row_buf_RAM_2P_LUTRAM_1R1W         |        0|  256|  18|    0|     9|  128|     1|         1152|
    |row_buf_2_U   |compute_X1_row_buf_RAM_2P_LUTRAM_1R1W         |        0|  256|  18|    0|     9|  128|     1|         1152|
    |row_buf_3_U   |compute_X1_row_buf_RAM_2P_LUTRAM_1R1W         |        0|  256|  18|    0|     9|  128|     1|         1152|
    |row_buf_4_U   |compute_X1_row_buf_RAM_2P_LUTRAM_1R1W         |        0|  256|  18|    0|     9|  128|     1|         1152|
    |row_buf_5_U   |compute_X1_row_buf_RAM_2P_LUTRAM_1R1W         |        0|  256|  18|    0|     9|  128|     1|         1152|
    |row_buf_6_U   |compute_X1_row_buf_RAM_2P_LUTRAM_1R1W         |        0|  256|  18|    0|     9|  128|     1|         1152|
    |row_buf_7_U   |compute_X1_row_buf_RAM_2P_LUTRAM_1R1W         |        0|  256|  18|    0|     9|  128|     1|         1152|
    |row_buf_8_U   |compute_X1_row_buf_RAM_2P_LUTRAM_1R1W         |        0|  256|  18|    0|     9|  128|     1|         1152|
    |row_buf_9_U   |compute_X1_row_buf_RAM_2P_LUTRAM_1R1W         |        0|  256|  18|    0|     9|  128|     1|         1152|
    |row_buf_10_U  |compute_X1_row_buf_RAM_2P_LUTRAM_1R1W         |        0|  256|  18|    0|     9|  128|     1|         1152|
    |row_buf_11_U  |compute_X1_row_buf_RAM_2P_LUTRAM_1R1W         |        0|  256|  18|    0|     9|  128|     1|         1152|
    |row_buf_12_U  |compute_X1_row_buf_RAM_2P_LUTRAM_1R1W         |        0|  256|  18|    0|     9|  128|     1|         1152|
    |row_buf_13_U  |compute_X1_row_buf_RAM_2P_LUTRAM_1R1W         |        0|  256|  18|    0|     9|  128|     1|         1152|
    |row_buf_14_U  |compute_X1_row_buf_RAM_2P_LUTRAM_1R1W         |        0|  256|  18|    0|     9|  128|     1|         1152|
    |row_buf_15_U  |compute_X1_row_buf_RAM_2P_LUTRAM_1R1W         |        0|  256|  18|    0|     9|  128|     1|         1152|
    |row_buf_16_U  |compute_X1_row_buf_RAM_2P_LUTRAM_1R1W         |        0|  256|  18|    0|     9|  128|     1|         1152|
    |row_buf_17_U  |compute_X1_row_buf_RAM_2P_LUTRAM_1R1W         |        0|  256|  18|    0|     9|  128|     1|         1152|
    |row_buf_18_U  |compute_X1_row_buf_RAM_2P_LUTRAM_1R1W         |        0|  256|  18|    0|     9|  128|     1|         1152|
    |row_buf_19_U  |compute_X1_row_buf_RAM_2P_LUTRAM_1R1W         |        0|  256|  18|    0|     9|  128|     1|         1152|
    |row_buf_20_U  |compute_X1_row_buf_RAM_2P_LUTRAM_1R1W         |        0|  256|  18|    0|     9|  128|     1|         1152|
    |row_buf_21_U  |compute_X1_row_buf_RAM_2P_LUTRAM_1R1W         |        0|  256|  18|    0|     9|  128|     1|         1152|
    |row_buf_22_U  |compute_X1_row_buf_RAM_2P_LUTRAM_1R1W         |        0|  256|  18|    0|     9|  128|     1|         1152|
    |row_buf_23_U  |compute_X1_row_buf_RAM_2P_LUTRAM_1R1W         |        0|  256|  18|    0|     9|  128|     1|         1152|
    |row_buf_24_U  |compute_X1_row_buf_RAM_2P_LUTRAM_1R1W         |        0|  256|  18|    0|     9|  128|     1|         1152|
    |row_buf_25_U  |compute_X1_row_buf_RAM_2P_LUTRAM_1R1W         |        0|  256|  18|    0|     9|  128|     1|         1152|
    |row_buf_26_U  |compute_X1_row_buf_RAM_2P_LUTRAM_1R1W         |        0|  256|  18|    0|     9|  128|     1|         1152|
    |row_buf_27_U  |compute_X1_row_buf_RAM_2P_LUTRAM_1R1W         |        0|  256|  18|    0|     9|  128|     1|         1152|
    |row_buf_28_U  |compute_X1_row_buf_RAM_2P_LUTRAM_1R1W         |        0|  256|  18|    0|     9|  128|     1|         1152|
    |row_buf_29_U  |compute_X1_row_buf_RAM_2P_LUTRAM_1R1W         |        0|  256|  18|    0|     9|  128|     1|         1152|
    |row_buf_30_U  |compute_X1_row_buf_RAM_2P_LUTRAM_1R1W         |        0|  256|  18|    0|     9|  128|     1|         1152|
    |row_buf_31_U  |compute_X1_row_buf_RAM_2P_LUTRAM_1R1W         |        0|  256|  18|    0|     9|  128|     1|         1152|
    |out_local_U   |compute_output_out_local_RAM_AUTO_1R1W        |        4|    0|   0|    0|  2048|   32|     1|        65536|
    |row_buf_32_U  |compute_output_row_buf_32_RAM_1WNR_AUTO_1R1W  |       16|    0|   0|    0|    27|  128|     1|         3456|
    |row_buf_33_U  |compute_output_row_buf_32_RAM_1WNR_AUTO_1R1W  |       16|    0|   0|    0|    27|  128|     1|         3456|
    |row_buf_34_U  |compute_output_row_buf_32_RAM_1WNR_AUTO_1R1W  |       16|    0|   0|    0|    27|  128|     1|         3456|
    |row_buf_35_U  |compute_output_row_buf_32_RAM_1WNR_AUTO_1R1W  |       16|    0|   0|    0|    27|  128|     1|         3456|
    |row_buf_36_U  |compute_output_row_buf_32_RAM_1WNR_AUTO_1R1W  |       16|    0|   0|    0|    27|  128|     1|         3456|
    |row_buf_37_U  |compute_output_row_buf_32_RAM_1WNR_AUTO_1R1W  |       16|    0|   0|    0|    27|  128|     1|         3456|
    |row_buf_38_U  |compute_output_row_buf_32_RAM_1WNR_AUTO_1R1W  |       16|    0|   0|    0|    27|  128|     1|         3456|
    |row_buf_39_U  |compute_output_row_buf_32_RAM_1WNR_AUTO_1R1W  |       16|    0|   0|    0|    27|  128|     1|         3456|
    |row_buf_40_U  |compute_output_row_buf_32_RAM_1WNR_AUTO_1R1W  |       16|    0|   0|    0|    27|  128|     1|         3456|
    |row_buf_41_U  |compute_output_row_buf_32_RAM_1WNR_AUTO_1R1W  |       16|    0|   0|    0|    27|  128|     1|         3456|
    |row_buf_42_U  |compute_output_row_buf_32_RAM_1WNR_AUTO_1R1W  |       16|    0|   0|    0|    27|  128|     1|         3456|
    |row_buf_43_U  |compute_output_row_buf_32_RAM_1WNR_AUTO_1R1W  |       16|    0|   0|    0|    27|  128|     1|         3456|
    |row_buf_44_U  |compute_output_row_buf_32_RAM_1WNR_AUTO_1R1W  |       16|    0|   0|    0|    27|  128|     1|         3456|
    |row_buf_45_U  |compute_output_row_buf_32_RAM_1WNR_AUTO_1R1W  |       16|    0|   0|    0|    27|  128|     1|         3456|
    |row_buf_46_U  |compute_output_row_buf_32_RAM_1WNR_AUTO_1R1W  |       16|    0|   0|    0|    27|  128|     1|         3456|
    |row_buf_47_U  |compute_output_row_buf_32_RAM_1WNR_AUTO_1R1W  |       16|    0|   0|    0|    27|  128|     1|         3456|
    +--------------+----------------------------------------------+---------+-----+----+-----+------+-----+------+-------------+
    |Total         |                                              |      260| 8192| 576|    0|  2768| 6176|    49|       157696|
    +--------------+----------------------------------------------+---------+-----+----+-----+------+-----+------+-------------+

    * FIFO: 
    N/A

    * Expression: 
    +------------------------------------+----------+----+---+----+------------+------------+
    |            Variable Name           | Operation| DSP| FF| LUT| Bitwidth P0| Bitwidth P1|
    +------------------------------------+----------+----+---+----+------------+------------+
    |grp_fu_682_p2                       |         +|   0|  0|  19|          12|           1|
    |ap_block_state2_io                  |       and|   0|  0|   2|           1|           1|
    |grp_fu_676_p2                       |      icmp|   0|  0|  20|          12|          13|
    |icmp_ln496_fu_696_p2                |      icmp|   0|  0|  39|          32|           1|
    |ap_block_state1                     |        or|   0|  0|   2|           1|           1|
    |ap_predicate_op222_writereq_state2  |        or|   0|  0|   2|           1|           1|
    +------------------------------------+----------+----+---+----+------------+------------+
    |Total                               |          |   0|  0|  84|          59|          18|
    +------------------------------------+----------+----+---+----+------------+------------+

    * Multiplexer: 
    +-------------------------------+-----+-----------+-----+-----------+
    |              Name             | LUT | Input Size| Bits| Total Bits|
    +-------------------------------+-----+-----------+-----+-----------+
    |ap_NS_fsm                      |  436|         83|    1|         83|
    |ap_done                        |    9|          2|    1|          2|
    |gate_cache_0_address0          |   14|          3|    8|         24|
    |gate_cache_0_ce0               |   14|          3|    1|          3|
    |gate_cache_10_address0         |   14|          3|    8|         24|
    |gate_cache_10_ce0              |   14|          3|    1|          3|
    |gate_cache_11_address0         |   14|          3|    8|         24|
    |gate_cache_11_ce0              |   14|          3|    1|          3|
    |gate_cache_12_address0         |   14|          3|    8|         24|
    |gate_cache_12_ce0              |   14|          3|    1|          3|
    |gate_cache_13_address0         |   14|          3|    8|         24|
    |gate_cache_13_ce0              |   14|          3|    1|          3|
    |gate_cache_14_address0         |   14|          3|    8|         24|
    |gate_cache_14_ce0              |   14|          3|    1|          3|
    |gate_cache_15_address0         |   14|          3|    8|         24|
    |gate_cache_15_ce0              |   14|          3|    1|          3|
    |gate_cache_16_address0         |   14|          3|    8|         24|
    |gate_cache_16_ce0              |   14|          3|    1|          3|
    |gate_cache_17_address0         |   14|          3|    8|         24|
    |gate_cache_17_ce0              |   14|          3|    1|          3|
    |gate_cache_18_address0         |   14|          3|    8|         24|
    |gate_cache_18_ce0              |   14|          3|    1|          3|
    |gate_cache_19_address0         |   14|          3|    8|         24|
    |gate_cache_19_ce0              |   14|          3|    1|          3|
    |gate_cache_1_address0          |   14|          3|    8|         24|
    |gate_cache_1_ce0               |   14|          3|    1|          3|
    |gate_cache_20_address0         |   14|          3|    8|         24|
    |gate_cache_20_ce0              |   14|          3|    1|          3|
    |gate_cache_21_address0         |   14|          3|    8|         24|
    |gate_cache_21_ce0              |   14|          3|    1|          3|
    |gate_cache_22_address0         |   14|          3|    8|         24|
    |gate_cache_22_ce0              |   14|          3|    1|          3|
    |gate_cache_23_address0         |   14|          3|    8|         24|
    |gate_cache_23_ce0              |   14|          3|    1|          3|
    |gate_cache_24_address0         |   14|          3|    8|         24|
    |gate_cache_24_ce0              |   14|          3|    1|          3|
    |gate_cache_25_address0         |   14|          3|    8|         24|
    |gate_cache_25_ce0              |   14|          3|    1|          3|
    |gate_cache_26_address0         |   14|          3|    8|         24|
    |gate_cache_26_ce0              |   14|          3|    1|          3|
    |gate_cache_27_address0         |   14|          3|    8|         24|
    |gate_cache_27_ce0              |   14|          3|    1|          3|
    |gate_cache_28_address0         |   14|          3|    8|         24|
    |gate_cache_28_ce0              |   14|          3|    1|          3|
    |gate_cache_29_address0         |   14|          3|    8|         24|
    |gate_cache_29_ce0              |   14|          3|    1|          3|
    |gate_cache_2_address0          |   14|          3|    8|         24|
    |gate_cache_2_ce0               |   14|          3|    1|          3|
    |gate_cache_30_address0         |   14|          3|    8|         24|
    |gate_cache_30_ce0              |   14|          3|    1|          3|
    |gate_cache_31_address0         |   14|          3|    8|         24|
    |gate_cache_31_ce0              |   14|          3|    1|          3|
    |gate_cache_3_address0          |   14|          3|    8|         24|
    |gate_cache_3_ce0               |   14|          3|    1|          3|
    |gate_cache_4_address0          |   14|          3|    8|         24|
    |gate_cache_4_ce0               |   14|          3|    1|          3|
    |gate_cache_5_address0          |   14|          3|    8|         24|
    |gate_cache_5_ce0               |   14|          3|    1|          3|
    |gate_cache_6_address0          |   14|          3|    8|         24|
    |gate_cache_6_ce0               |   14|          3|    1|          3|
    |gate_cache_7_address0          |   14|          3|    8|         24|
    |gate_cache_7_ce0               |   14|          3|    1|          3|
    |gate_cache_8_address0          |   14|          3|    8|         24|
    |gate_cache_8_ce0               |   14|          3|    1|          3|
    |gate_cache_9_address0          |   14|          3|    8|         24|
    |gate_cache_9_ce0               |   14|          3|    1|          3|
    |gmem_out_blk_n_AW              |    9|          2|    1|          2|
    |gmem_out_blk_n_B               |    9|          2|    1|          2|
    |grp_fp16_to_fp32_fu_828_ap_ce  |   20|          4|    1|          4|
    |grp_fp16_to_fp32_fu_828_h      |   14|          3|   16|         48|
    |grp_fu_832_ce                  |   14|          3|    1|          3|
    |grp_fu_832_opcode              |   14|          3|    2|          6|
    |grp_fu_832_p0                  |   14|          3|   32|         96|
    |grp_fu_832_p1                  |   14|          3|   32|         96|
    |grp_fu_836_ce                  |   14|          3|    1|          3|
    |grp_fu_836_p0                  |   14|          3|   32|         96|
    |grp_fu_836_p1                  |   14|          3|   32|         96|
    |grp_fu_840_ce                  |   14|          3|    1|          3|
    |grp_fu_840_p0                  |   14|          3|   32|         96|
    |grp_fu_840_p1                  |   14|          3|   32|         96|
    |m_axi_gmem_Wd_0_ARADDR         |   14|          3|   64|        192|
    |m_axi_gmem_Wd_0_ARBURST        |   14|          3|    2|          6|
    |m_axi_gmem_Wd_0_ARCACHE        |   14|          3|    4|         12|
    |m_axi_gmem_Wd_0_ARID           |   14|          3|    1|          3|
    |m_axi_gmem_Wd_0_ARLEN          |   14|          3|   32|         96|
    |m_axi_gmem_Wd_0_ARLOCK         |   14|          3|    2|          6|
    |m_axi_gmem_Wd_0_ARPROT         |   14|          3|    3|          9|
    |m_axi_gmem_Wd_0_ARQOS          |   14|          3|    4|         12|
    |m_axi_gmem_Wd_0_ARREGION       |   14|          3|    4|         12|
    |m_axi_gmem_Wd_0_ARSIZE         |   14|          3|    3|          9|
    |m_axi_gmem_Wd_0_ARUSER         |   14|          3|    1|          3|
    |m_axi_gmem_Wd_0_ARVALID        |   14|          3|    1|          3|
    |m_axi_gmem_Wd_0_RREADY         |   14|          3|    1|          3|
    |m_axi_gmem_out_0_AWADDR        |   14|          3|   64|        192|
    |m_axi_gmem_out_0_AWBURST       |    9|          2|    2|          4|
    |m_axi_gmem_out_0_AWCACHE       |    9|          2|    4|          8|
    |m_axi_gmem_out_0_AWID          |    9|          2|    1|          2|
    |m_axi_gmem_out_0_AWLEN         |   14|          3|   32|         96|
    |m_axi_gmem_out_0_AWLOCK        |    9|          2|    2|          4|
    |m_axi_gmem_out_0_AWPROT        |    9|          2|    3|          6|
    |m_axi_gmem_out_0_AWQOS         |    9|          2|    4|          8|
    |m_axi_gmem_out_0_AWREGION      |    9|          2|    4|          8|
    |m_axi_gmem_out_0_AWSIZE        |    9|          2|    3|          6|
    |m_axi_gmem_out_0_AWUSER        |    9|          2|    1|          2|
    |m_axi_gmem_out_0_AWVALID       |   14|          3|    1|          3|
    |m_axi_gmem_out_0_BREADY        |   14|          3|    1|          3|
    |m_axi_gmem_out_0_WVALID        |    9|          2|    1|          2|
    |out_i_fu_356                   |    9|          2|   12|         24|
    |out_local_address0             |    9|          2|   11|         22|
    |out_local_address0_local       |   14|          3|   11|         33|
    |out_local_ce0                  |    9|          2|    1|          2|
    |out_local_d0_local             |   14|          3|   32|         96|
    |row_buf_10_ce0                 |    9|          2|    1|          2|
    |row_buf_10_ce1                 |    9|          2|    1|          2|
    |row_buf_10_we1                 |    9|          2|    1|          2|
    |row_buf_11_ce0                 |    9|          2|    1|          2|
    |row_buf_11_ce1                 |    9|          2|    1|          2|
    |row_buf_11_we1                 |    9|          2|    1|          2|
    |row_buf_12_ce0                 |    9|          2|    1|          2|
    |row_buf_12_ce1                 |    9|          2|    1|          2|
    |row_buf_12_we1                 |    9|          2|    1|          2|
    |row_buf_13_ce0                 |    9|          2|    1|          2|
    |row_buf_13_ce1                 |    9|          2|    1|          2|
    |row_buf_13_we1                 |    9|          2|    1|          2|
    |row_buf_14_ce0                 |    9|          2|    1|          2|
    |row_buf_14_ce1                 |    9|          2|    1|          2|
    |row_buf_14_we1                 |    9|          2|    1|          2|
    |row_buf_15_ce0                 |    9|          2|    1|          2|
    |row_buf_15_ce1                 |    9|          2|    1|          2|
    |row_buf_15_we1                 |    9|          2|    1|          2|
    |row_buf_16_ce0                 |    9|          2|    1|          2|
    |row_buf_16_ce1                 |    9|          2|    1|          2|
    |row_buf_16_we1                 |    9|          2|    1|          2|
    |row_buf_17_ce0                 |    9|          2|    1|          2|
    |row_buf_17_ce1                 |    9|          2|    1|          2|
    |row_buf_17_we1                 |    9|          2|    1|          2|
    |row_buf_18_ce0                 |    9|          2|    1|          2|
    |row_buf_18_ce1                 |    9|          2|    1|          2|
    |row_buf_18_we1                 |    9|          2|    1|          2|
    |row_buf_19_ce0                 |    9|          2|    1|          2|
    |row_buf_19_ce1                 |    9|          2|    1|          2|
    |row_buf_19_we1                 |    9|          2|    1|          2|
    |row_buf_1_ce0                  |    9|          2|    1|          2|
    |row_buf_1_ce1                  |    9|          2|    1|          2|
    |row_buf_1_we1                  |    9|          2|    1|          2|
    |row_buf_20_ce0                 |    9|          2|    1|          2|
    |row_buf_20_ce1                 |    9|          2|    1|          2|
    |row_buf_20_we1                 |    9|          2|    1|          2|
    |row_buf_21_ce0                 |    9|          2|    1|          2|
    |row_buf_21_ce1                 |    9|          2|    1|          2|
    |row_buf_21_we1                 |    9|          2|    1|          2|
    |row_buf_22_ce0                 |    9|          2|    1|          2|
    |row_buf_22_ce1                 |    9|          2|    1|          2|
    |row_buf_22_we1                 |    9|          2|    1|          2|
    |row_buf_23_ce0                 |    9|          2|    1|          2|
    |row_buf_23_ce1                 |    9|          2|    1|          2|
    |row_buf_23_we1                 |    9|          2|    1|          2|
    |row_buf_24_ce0                 |    9|          2|    1|          2|
    |row_buf_24_ce1                 |    9|          2|    1|          2|
    |row_buf_24_we1                 |    9|          2|    1|          2|
    |row_buf_25_ce0                 |    9|          2|    1|          2|
    |row_buf_25_ce1                 |    9|          2|    1|          2|
    |row_buf_25_we1                 |    9|          2|    1|          2|
    |row_buf_26_ce0                 |    9|          2|    1|          2|
    |row_buf_26_ce1                 |    9|          2|    1|          2|
    |row_buf_26_we1                 |    9|          2|    1|          2|
    |row_buf_27_ce0                 |    9|          2|    1|          2|
    |row_buf_27_ce1                 |    9|          2|    1|          2|
    |row_buf_27_we1                 |    9|          2|    1|          2|
    |row_buf_28_ce0                 |    9|          2|    1|          2|
    |row_buf_28_ce1                 |    9|          2|    1|          2|
    |row_buf_28_we1                 |    9|          2|    1|          2|
    |row_buf_29_ce0                 |    9|          2|    1|          2|
    |row_buf_29_ce1                 |    9|          2|    1|          2|
    |row_buf_29_we1                 |    9|          2|    1|          2|
    |row_buf_2_ce0                  |    9|          2|    1|          2|
    |row_buf_2_ce1                  |    9|          2|    1|          2|
    |row_buf_2_we1                  |    9|          2|    1|          2|
    |row_buf_30_ce0                 |    9|          2|    1|          2|
    |row_buf_30_ce1                 |    9|          2|    1|          2|
    |row_buf_30_we1                 |    9|          2|    1|          2|
    |row_buf_31_ce0                 |    9|          2|    1|          2|
    |row_buf_31_ce1                 |    9|          2|    1|          2|
    |row_buf_31_we1                 |    9|          2|    1|          2|
    |row_buf_32_address0            |   14|          3|    5|         15|
    |row_buf_32_ce0                 |   14|          3|    1|          3|
    |row_buf_32_ce1                 |    9|          2|    1|          2|
    |row_buf_32_ce2                 |    9|          2|    1|          2|
    |row_buf_32_we0                 |    9|          2|    1|          2|
    |row_buf_33_address0            |   14|          3|    5|         15|
    |row_buf_33_ce0                 |   14|          3|    1|          3|
    |row_buf_33_ce1                 |    9|          2|    1|          2|
    |row_buf_33_ce2                 |    9|          2|    1|          2|
    |row_buf_33_we0                 |    9|          2|    1|          2|
    |row_buf_34_address0            |   14|          3|    5|         15|
    |row_buf_34_ce0                 |   14|          3|    1|          3|
    |row_buf_34_ce1                 |    9|          2|    1|          2|
    |row_buf_34_ce2                 |    9|          2|    1|          2|
    |row_buf_34_we0                 |    9|          2|    1|          2|
    |row_buf_35_address0            |   14|          3|    5|         15|
    |row_buf_35_ce0                 |   14|          3|    1|          3|
    |row_buf_35_ce1                 |    9|          2|    1|          2|
    |row_buf_35_ce2                 |    9|          2|    1|          2|
    |row_buf_35_we0                 |    9|          2|    1|          2|
    |row_buf_36_address0            |   14|          3|    5|         15|
    |row_buf_36_ce0                 |   14|          3|    1|          3|
    |row_buf_36_ce1                 |    9|          2|    1|          2|
    |row_buf_36_ce2                 |    9|          2|    1|          2|
    |row_buf_36_we0                 |    9|          2|    1|          2|
    |row_buf_37_address0            |   14|          3|    5|         15|
    |row_buf_37_ce0                 |   14|          3|    1|          3|
    |row_buf_37_ce1                 |    9|          2|    1|          2|
    |row_buf_37_ce2                 |    9|          2|    1|          2|
    |row_buf_37_we0                 |    9|          2|    1|          2|
    |row_buf_38_address0            |   14|          3|    5|         15|
    |row_buf_38_ce0                 |   14|          3|    1|          3|
    |row_buf_38_ce1                 |    9|          2|    1|          2|
    |row_buf_38_ce2                 |    9|          2|    1|          2|
    |row_buf_38_we0                 |    9|          2|    1|          2|
    |row_buf_39_address0            |   14|          3|    5|         15|
    |row_buf_39_ce0                 |   14|          3|    1|          3|
    |row_buf_39_ce1                 |    9|          2|    1|          2|
    |row_buf_39_ce2                 |    9|          2|    1|          2|
    |row_buf_39_we0                 |    9|          2|    1|          2|
    |row_buf_3_ce0                  |    9|          2|    1|          2|
    |row_buf_3_ce1                  |    9|          2|    1|          2|
    |row_buf_3_we1                  |    9|          2|    1|          2|
    |row_buf_40_address0            |   14|          3|    5|         15|
    |row_buf_40_ce0                 |   14|          3|    1|          3|
    |row_buf_40_ce1                 |    9|          2|    1|          2|
    |row_buf_40_ce2                 |    9|          2|    1|          2|
    |row_buf_40_we0                 |    9|          2|    1|          2|
    |row_buf_41_address0            |   14|          3|    5|         15|
    |row_buf_41_ce0                 |   14|          3|    1|          3|
    |row_buf_41_ce1                 |    9|          2|    1|          2|
    |row_buf_41_ce2                 |    9|          2|    1|          2|
    |row_buf_41_we0                 |    9|          2|    1|          2|
    |row_buf_42_address0            |   14|          3|    5|         15|
    |row_buf_42_ce0                 |   14|          3|    1|          3|
    |row_buf_42_ce1                 |    9|          2|    1|          2|
    |row_buf_42_ce2                 |    9|          2|    1|          2|
    |row_buf_42_we0                 |    9|          2|    1|          2|
    |row_buf_43_address0            |   14|          3|    5|         15|
    |row_buf_43_ce0                 |   14|          3|    1|          3|
    |row_buf_43_ce1                 |    9|          2|    1|          2|
    |row_buf_43_ce2                 |    9|          2|    1|          2|
    |row_buf_43_we0                 |    9|          2|    1|          2|
    |row_buf_44_address0            |   14|          3|    5|         15|
    |row_buf_44_ce0                 |   14|          3|    1|          3|
    |row_buf_44_ce1                 |    9|          2|    1|          2|
    |row_buf_44_ce2                 |    9|          2|    1|          2|
    |row_buf_44_we0                 |    9|          2|    1|          2|
    |row_buf_45_address0            |   14|          3|    5|         15|
    |row_buf_45_ce0                 |   14|          3|    1|          3|
    |row_buf_45_ce1                 |    9|          2|    1|          2|
    |row_buf_45_ce2                 |    9|          2|    1|          2|
    |row_buf_45_we0                 |    9|          2|    1|          2|
    |row_buf_46_address0            |   14|          3|    5|         15|
    |row_buf_46_ce0                 |   14|          3|    1|          3|
    |row_buf_46_ce1                 |    9|          2|    1|          2|
    |row_buf_46_ce2                 |    9|          2|    1|          2|
    |row_buf_46_we0                 |    9|          2|    1|          2|
    |row_buf_47_address0            |   14|          3|    5|         15|
    |row_buf_47_ce0                 |   14|          3|    1|          3|
    |row_buf_47_ce1                 |    9|          2|    1|          2|
    |row_buf_47_ce2                 |    9|          2|    1|          2|
    |row_buf_47_we0                 |    9|          2|    1|          2|
    |row_buf_4_ce0                  |    9|          2|    1|          2|
    |row_buf_4_ce1                  |    9|          2|    1|          2|
    |row_buf_4_we1                  |    9|          2|    1|          2|
    |row_buf_5_ce0                  |    9|          2|    1|          2|
    |row_buf_5_ce1                  |    9|          2|    1|          2|
    |row_buf_5_we1                  |    9|          2|    1|          2|
    |row_buf_6_ce0                  |    9|          2|    1|          2|
    |row_buf_6_ce1                  |    9|          2|    1|          2|
    |row_buf_6_we1                  |    9|          2|    1|          2|
    |row_buf_7_ce0                  |    9|          2|    1|          2|
    |row_buf_7_ce1                  |    9|          2|    1|          2|
    |row_buf_7_we1                  |    9|          2|    1|          2|
    |row_buf_8_ce0                  |    9|          2|    1|          2|
    |row_buf_8_ce1                  |    9|          2|    1|          2|
    |row_buf_8_we1                  |    9|          2|    1|          2|
    |row_buf_9_ce0                  |    9|          2|    1|          2|
    |row_buf_9_ce1                  |    9|          2|    1|          2|
    |row_buf_9_we1                  |    9|          2|    1|          2|
    |row_buf_ce0                    |    9|          2|    1|          2|
    |row_buf_ce1                    |    9|          2|    1|          2|
    |row_buf_we1                    |    9|          2|    1|          2|
    +-------------------------------+-----+-----------+-----+-----------+
    |Total                          | 3660|        785| 1058|       3059|
    +-------------------------------+-----+-----------+-----+-----------+

    * Register: 
    +---------------------------------------------------+----+----+-----+-----------+
    |                        Name                       | FF | LUT| Bits| Const Bits|
    +---------------------------------------------------+----+----+-----+-----------+
    |W_down_read_reg_767                                |  64|   0|   64|          0|
    |ap_CS_fsm                                          |  82|   0|   82|          0|
    |ap_done_reg                                        |   1|   0|    1|          0|
    |call_ret1_reg_823                                  |  32|   0|   32|          0|
    |call_ret_reg_813                                   |  32|   0|   32|          0|
    |grp_compute_output_Pipeline_1_fu_665_ap_start_reg  |   1|   0|    1|          0|
    |grp_load_row_down_q4k_fu_524_ap_start_reg          |   1|   0|    1|          0|
    |grp_load_row_down_q6k_fu_415_ap_start_reg          |   1|   0|    1|          0|
    |grp_mac_blocks_down_q4k_fu_564_ap_start_reg        |   1|   0|    1|          0|
    |grp_mac_blocks_down_q6k_fu_439_ap_start_reg        |   1|   0|    1|          0|
    |icmp_ln496_reg_779                                 |   1|   0|    1|          0|
    |out_batch_read_reg_762                             |  64|   0|   64|          0|
    |out_i_fu_356                                       |  12|   0|   12|          0|
    |p_read_1_reg_773                                   |  32|   0|   32|          0|
    |reg_688                                            |  12|   0|   12|          0|
    |reg_692                                            |  12|   0|   12|          0|
    |trunc_ln501_reg_818                                |  11|   0|   11|          0|
    |trunc_ln508_reg_808                                |  11|   0|   11|          0|
    |trunc_ln_reg_798                                   |  62|   0|   62|          0|
    +---------------------------------------------------+----+----+-----+-----------+
    |Total                                              | 433|   0|  433|          0|
    +---------------------------------------------------+----+----+-----+-----------+



================================================================
== Interface
================================================================
* Summary: 
+---------------------------+-----+-----+------------+-----------------+--------------+
|         RTL Ports         | Dir | Bits|  Protocol  |  Source Object  |    C Type    |
+---------------------------+-----+-----+------------+-----------------+--------------+
|ap_clk                     |   in|    1|  ap_ctrl_hs|   compute_output|  return value|
|ap_rst                     |   in|    1|  ap_ctrl_hs|   compute_output|  return value|
|ap_start                   |   in|    1|  ap_ctrl_hs|   compute_output|  return value|
|ap_done                    |  out|    1|  ap_ctrl_hs|   compute_output|  return value|
|ap_continue                |   in|    1|  ap_ctrl_hs|   compute_output|  return value|
|ap_idle                    |  out|    1|  ap_ctrl_hs|   compute_output|  return value|
|ap_ready                   |  out|    1|  ap_ctrl_hs|   compute_output|  return value|
|p_read                     |   in|   32|     ap_none|           p_read|        scalar|
|m_axi_gmem_Wd_0_AWVALID    |  out|    1|       m_axi|          gmem_Wd|       pointer|
|m_axi_gmem_Wd_0_AWREADY    |   in|    1|       m_axi|          gmem_Wd|       pointer|
|m_axi_gmem_Wd_0_AWADDR     |  out|   64|       m_axi|          gmem_Wd|       pointer|
|m_axi_gmem_Wd_0_AWID       |  out|    1|       m_axi|          gmem_Wd|       pointer|
|m_axi_gmem_Wd_0_AWLEN      |  out|   32|       m_axi|          gmem_Wd|       pointer|
|m_axi_gmem_Wd_0_AWSIZE     |  out|    3|       m_axi|          gmem_Wd|       pointer|
|m_axi_gmem_Wd_0_AWBURST    |  out|    2|       m_axi|          gmem_Wd|       pointer|
|m_axi_gmem_Wd_0_AWLOCK     |  out|    2|       m_axi|          gmem_Wd|       pointer|
|m_axi_gmem_Wd_0_AWCACHE    |  out|    4|       m_axi|          gmem_Wd|       pointer|
|m_axi_gmem_Wd_0_AWPROT     |  out|    3|       m_axi|          gmem_Wd|       pointer|
|m_axi_gmem_Wd_0_AWQOS      |  out|    4|       m_axi|          gmem_Wd|       pointer|
|m_axi_gmem_Wd_0_AWREGION   |  out|    4|       m_axi|          gmem_Wd|       pointer|
|m_axi_gmem_Wd_0_AWUSER     |  out|    1|       m_axi|          gmem_Wd|       pointer|
|m_axi_gmem_Wd_0_WVALID     |  out|    1|       m_axi|          gmem_Wd|       pointer|
|m_axi_gmem_Wd_0_WREADY     |   in|    1|       m_axi|          gmem_Wd|       pointer|
|m_axi_gmem_Wd_0_WDATA      |  out|  128|       m_axi|          gmem_Wd|       pointer|
|m_axi_gmem_Wd_0_WSTRB      |  out|   16|       m_axi|          gmem_Wd|       pointer|
|m_axi_gmem_Wd_0_WLAST      |  out|    1|       m_axi|          gmem_Wd|       pointer|
|m_axi_gmem_Wd_0_WID        |  out|    1|       m_axi|          gmem_Wd|       pointer|
|m_axi_gmem_Wd_0_WUSER      |  out|    1|       m_axi|          gmem_Wd|       pointer|
|m_axi_gmem_Wd_0_ARVALID    |  out|    1|       m_axi|          gmem_Wd|       pointer|
|m_axi_gmem_Wd_0_ARREADY    |   in|    1|       m_axi|          gmem_Wd|       pointer|
|m_axi_gmem_Wd_0_ARADDR     |  out|   64|       m_axi|          gmem_Wd|       pointer|
|m_axi_gmem_Wd_0_ARID       |  out|    1|       m_axi|          gmem_Wd|       pointer|
|m_axi_gmem_Wd_0_ARLEN      |  out|   32|       m_axi|          gmem_Wd|       pointer|
|m_axi_gmem_Wd_0_ARSIZE     |  out|    3|       m_axi|          gmem_Wd|       pointer|
|m_axi_gmem_Wd_0_ARBURST    |  out|    2|       m_axi|          gmem_Wd|       pointer|
|m_axi_gmem_Wd_0_ARLOCK     |  out|    2|       m_axi|          gmem_Wd|       pointer|
|m_axi_gmem_Wd_0_ARCACHE    |  out|    4|       m_axi|          gmem_Wd|       pointer|
|m_axi_gmem_Wd_0_ARPROT     |  out|    3|       m_axi|          gmem_Wd|       pointer|
|m_axi_gmem_Wd_0_ARQOS      |  out|    4|       m_axi|          gmem_Wd|       pointer|
|m_axi_gmem_Wd_0_ARREGION   |  out|    4|       m_axi|          gmem_Wd|       pointer|
|m_axi_gmem_Wd_0_ARUSER     |  out|    1|       m_axi|          gmem_Wd|       pointer|
|m_axi_gmem_Wd_0_RVALID     |   in|    1|       m_axi|          gmem_Wd|       pointer|
|m_axi_gmem_Wd_0_RREADY     |  out|    1|       m_axi|          gmem_Wd|       pointer|
|m_axi_gmem_Wd_0_RDATA      |   in|  128|       m_axi|          gmem_Wd|       pointer|
|m_axi_gmem_Wd_0_RLAST      |   in|    1|       m_axi|          gmem_Wd|       pointer|
|m_axi_gmem_Wd_0_RID        |   in|    1|       m_axi|          gmem_Wd|       pointer|
|m_axi_gmem_Wd_0_RFIFONUM   |   in|   10|       m_axi|          gmem_Wd|       pointer|
|m_axi_gmem_Wd_0_RUSER      |   in|    1|       m_axi|          gmem_Wd|       pointer|
|m_axi_gmem_Wd_0_RRESP      |   in|    2|       m_axi|          gmem_Wd|       pointer|
|m_axi_gmem_Wd_0_BVALID     |   in|    1|       m_axi|          gmem_Wd|       pointer|
|m_axi_gmem_Wd_0_BREADY     |  out|    1|       m_axi|          gmem_Wd|       pointer|
|m_axi_gmem_Wd_0_BRESP      |   in|    2|       m_axi|          gmem_Wd|       pointer|
|m_axi_gmem_Wd_0_BID        |   in|    1|       m_axi|          gmem_Wd|       pointer|
|m_axi_gmem_Wd_0_BUSER      |   in|    1|       m_axi|          gmem_Wd|       pointer|
|W_down                     |   in|   64|     ap_none|           W_down|        scalar|
|gate_cache_0_address0      |  out|    8|   ap_memory|     gate_cache_0|         array|
|gate_cache_0_ce0           |  out|    1|   ap_memory|     gate_cache_0|         array|
|gate_cache_0_q0            |   in|    8|   ap_memory|     gate_cache_0|         array|
|gate_cache_1_address0      |  out|    8|   ap_memory|     gate_cache_1|         array|
|gate_cache_1_ce0           |  out|    1|   ap_memory|     gate_cache_1|         array|
|gate_cache_1_q0            |   in|    8|   ap_memory|     gate_cache_1|         array|
|gate_cache_2_address0      |  out|    8|   ap_memory|     gate_cache_2|         array|
|gate_cache_2_ce0           |  out|    1|   ap_memory|     gate_cache_2|         array|
|gate_cache_2_q0            |   in|    8|   ap_memory|     gate_cache_2|         array|
|gate_cache_3_address0      |  out|    8|   ap_memory|     gate_cache_3|         array|
|gate_cache_3_ce0           |  out|    1|   ap_memory|     gate_cache_3|         array|
|gate_cache_3_q0            |   in|    8|   ap_memory|     gate_cache_3|         array|
|gate_cache_4_address0      |  out|    8|   ap_memory|     gate_cache_4|         array|
|gate_cache_4_ce0           |  out|    1|   ap_memory|     gate_cache_4|         array|
|gate_cache_4_q0            |   in|    8|   ap_memory|     gate_cache_4|         array|
|gate_cache_5_address0      |  out|    8|   ap_memory|     gate_cache_5|         array|
|gate_cache_5_ce0           |  out|    1|   ap_memory|     gate_cache_5|         array|
|gate_cache_5_q0            |   in|    8|   ap_memory|     gate_cache_5|         array|
|gate_cache_6_address0      |  out|    8|   ap_memory|     gate_cache_6|         array|
|gate_cache_6_ce0           |  out|    1|   ap_memory|     gate_cache_6|         array|
|gate_cache_6_q0            |   in|    8|   ap_memory|     gate_cache_6|         array|
|gate_cache_7_address0      |  out|    8|   ap_memory|     gate_cache_7|         array|
|gate_cache_7_ce0           |  out|    1|   ap_memory|     gate_cache_7|         array|
|gate_cache_7_q0            |   in|    8|   ap_memory|     gate_cache_7|         array|
|gate_cache_8_address0      |  out|    8|   ap_memory|     gate_cache_8|         array|
|gate_cache_8_ce0           |  out|    1|   ap_memory|     gate_cache_8|         array|
|gate_cache_8_q0            |   in|    8|   ap_memory|     gate_cache_8|         array|
|gate_cache_9_address0      |  out|    8|   ap_memory|     gate_cache_9|         array|
|gate_cache_9_ce0           |  out|    1|   ap_memory|     gate_cache_9|         array|
|gate_cache_9_q0            |   in|    8|   ap_memory|     gate_cache_9|         array|
|gate_cache_10_address0     |  out|    8|   ap_memory|    gate_cache_10|         array|
|gate_cache_10_ce0          |  out|    1|   ap_memory|    gate_cache_10|         array|
|gate_cache_10_q0           |   in|    8|   ap_memory|    gate_cache_10|         array|
|gate_cache_11_address0     |  out|    8|   ap_memory|    gate_cache_11|         array|
|gate_cache_11_ce0          |  out|    1|   ap_memory|    gate_cache_11|         array|
|gate_cache_11_q0           |   in|    8|   ap_memory|    gate_cache_11|         array|
|gate_cache_12_address0     |  out|    8|   ap_memory|    gate_cache_12|         array|
|gate_cache_12_ce0          |  out|    1|   ap_memory|    gate_cache_12|         array|
|gate_cache_12_q0           |   in|    8|   ap_memory|    gate_cache_12|         array|
|gate_cache_13_address0     |  out|    8|   ap_memory|    gate_cache_13|         array|
|gate_cache_13_ce0          |  out|    1|   ap_memory|    gate_cache_13|         array|
|gate_cache_13_q0           |   in|    8|   ap_memory|    gate_cache_13|         array|
|gate_cache_14_address0     |  out|    8|   ap_memory|    gate_cache_14|         array|
|gate_cache_14_ce0          |  out|    1|   ap_memory|    gate_cache_14|         array|
|gate_cache_14_q0           |   in|    8|   ap_memory|    gate_cache_14|         array|
|gate_cache_15_address0     |  out|    8|   ap_memory|    gate_cache_15|         array|
|gate_cache_15_ce0          |  out|    1|   ap_memory|    gate_cache_15|         array|
|gate_cache_15_q0           |   in|    8|   ap_memory|    gate_cache_15|         array|
|gate_cache_16_address0     |  out|    8|   ap_memory|    gate_cache_16|         array|
|gate_cache_16_ce0          |  out|    1|   ap_memory|    gate_cache_16|         array|
|gate_cache_16_q0           |   in|    8|   ap_memory|    gate_cache_16|         array|
|gate_cache_17_address0     |  out|    8|   ap_memory|    gate_cache_17|         array|
|gate_cache_17_ce0          |  out|    1|   ap_memory|    gate_cache_17|         array|
|gate_cache_17_q0           |   in|    8|   ap_memory|    gate_cache_17|         array|
|gate_cache_18_address0     |  out|    8|   ap_memory|    gate_cache_18|         array|
|gate_cache_18_ce0          |  out|    1|   ap_memory|    gate_cache_18|         array|
|gate_cache_18_q0           |   in|    8|   ap_memory|    gate_cache_18|         array|
|gate_cache_19_address0     |  out|    8|   ap_memory|    gate_cache_19|         array|
|gate_cache_19_ce0          |  out|    1|   ap_memory|    gate_cache_19|         array|
|gate_cache_19_q0           |   in|    8|   ap_memory|    gate_cache_19|         array|
|gate_cache_20_address0     |  out|    8|   ap_memory|    gate_cache_20|         array|
|gate_cache_20_ce0          |  out|    1|   ap_memory|    gate_cache_20|         array|
|gate_cache_20_q0           |   in|    8|   ap_memory|    gate_cache_20|         array|
|gate_cache_21_address0     |  out|    8|   ap_memory|    gate_cache_21|         array|
|gate_cache_21_ce0          |  out|    1|   ap_memory|    gate_cache_21|         array|
|gate_cache_21_q0           |   in|    8|   ap_memory|    gate_cache_21|         array|
|gate_cache_22_address0     |  out|    8|   ap_memory|    gate_cache_22|         array|
|gate_cache_22_ce0          |  out|    1|   ap_memory|    gate_cache_22|         array|
|gate_cache_22_q0           |   in|    8|   ap_memory|    gate_cache_22|         array|
|gate_cache_23_address0     |  out|    8|   ap_memory|    gate_cache_23|         array|
|gate_cache_23_ce0          |  out|    1|   ap_memory|    gate_cache_23|         array|
|gate_cache_23_q0           |   in|    8|   ap_memory|    gate_cache_23|         array|
|gate_cache_24_address0     |  out|    8|   ap_memory|    gate_cache_24|         array|
|gate_cache_24_ce0          |  out|    1|   ap_memory|    gate_cache_24|         array|
|gate_cache_24_q0           |   in|    8|   ap_memory|    gate_cache_24|         array|
|gate_cache_25_address0     |  out|    8|   ap_memory|    gate_cache_25|         array|
|gate_cache_25_ce0          |  out|    1|   ap_memory|    gate_cache_25|         array|
|gate_cache_25_q0           |   in|    8|   ap_memory|    gate_cache_25|         array|
|gate_cache_26_address0     |  out|    8|   ap_memory|    gate_cache_26|         array|
|gate_cache_26_ce0          |  out|    1|   ap_memory|    gate_cache_26|         array|
|gate_cache_26_q0           |   in|    8|   ap_memory|    gate_cache_26|         array|
|gate_cache_27_address0     |  out|    8|   ap_memory|    gate_cache_27|         array|
|gate_cache_27_ce0          |  out|    1|   ap_memory|    gate_cache_27|         array|
|gate_cache_27_q0           |   in|    8|   ap_memory|    gate_cache_27|         array|
|gate_cache_28_address0     |  out|    8|   ap_memory|    gate_cache_28|         array|
|gate_cache_28_ce0          |  out|    1|   ap_memory|    gate_cache_28|         array|
|gate_cache_28_q0           |   in|    8|   ap_memory|    gate_cache_28|         array|
|gate_cache_29_address0     |  out|    8|   ap_memory|    gate_cache_29|         array|
|gate_cache_29_ce0          |  out|    1|   ap_memory|    gate_cache_29|         array|
|gate_cache_29_q0           |   in|    8|   ap_memory|    gate_cache_29|         array|
|gate_cache_30_address0     |  out|    8|   ap_memory|    gate_cache_30|         array|
|gate_cache_30_ce0          |  out|    1|   ap_memory|    gate_cache_30|         array|
|gate_cache_30_q0           |   in|    8|   ap_memory|    gate_cache_30|         array|
|gate_cache_31_address0     |  out|    8|   ap_memory|    gate_cache_31|         array|
|gate_cache_31_ce0          |  out|    1|   ap_memory|    gate_cache_31|         array|
|gate_cache_31_q0           |   in|    8|   ap_memory|    gate_cache_31|         array|
|m_axi_gmem_out_0_AWVALID   |  out|    1|       m_axi|         gmem_out|       pointer|
|m_axi_gmem_out_0_AWREADY   |   in|    1|       m_axi|         gmem_out|       pointer|
|m_axi_gmem_out_0_AWADDR    |  out|   64|       m_axi|         gmem_out|       pointer|
|m_axi_gmem_out_0_AWID      |  out|    1|       m_axi|         gmem_out|       pointer|
|m_axi_gmem_out_0_AWLEN     |  out|   32|       m_axi|         gmem_out|       pointer|
|m_axi_gmem_out_0_AWSIZE    |  out|    3|       m_axi|         gmem_out|       pointer|
|m_axi_gmem_out_0_AWBURST   |  out|    2|       m_axi|         gmem_out|       pointer|
|m_axi_gmem_out_0_AWLOCK    |  out|    2|       m_axi|         gmem_out|       pointer|
|m_axi_gmem_out_0_AWCACHE   |  out|    4|       m_axi|         gmem_out|       pointer|
|m_axi_gmem_out_0_AWPROT    |  out|    3|       m_axi|         gmem_out|       pointer|
|m_axi_gmem_out_0_AWQOS     |  out|    4|       m_axi|         gmem_out|       pointer|
|m_axi_gmem_out_0_AWREGION  |  out|    4|       m_axi|         gmem_out|       pointer|
|m_axi_gmem_out_0_AWUSER    |  out|    1|       m_axi|         gmem_out|       pointer|
|m_axi_gmem_out_0_WVALID    |  out|    1|       m_axi|         gmem_out|       pointer|
|m_axi_gmem_out_0_WREADY    |   in|    1|       m_axi|         gmem_out|       pointer|
|m_axi_gmem_out_0_WDATA     |  out|   32|       m_axi|         gmem_out|       pointer|
|m_axi_gmem_out_0_WSTRB     |  out|    4|       m_axi|         gmem_out|       pointer|
|m_axi_gmem_out_0_WLAST     |  out|    1|       m_axi|         gmem_out|       pointer|
|m_axi_gmem_out_0_WID       |  out|    1|       m_axi|         gmem_out|       pointer|
|m_axi_gmem_out_0_WUSER     |  out|    1|       m_axi|         gmem_out|       pointer|
|m_axi_gmem_out_0_ARVALID   |  out|    1|       m_axi|         gmem_out|       pointer|
|m_axi_gmem_out_0_ARREADY   |   in|    1|       m_axi|         gmem_out|       pointer|
|m_axi_gmem_out_0_ARADDR    |  out|   64|       m_axi|         gmem_out|       pointer|
|m_axi_gmem_out_0_ARID      |  out|    1|       m_axi|         gmem_out|       pointer|
|m_axi_gmem_out_0_ARLEN     |  out|   32|       m_axi|         gmem_out|       pointer|
|m_axi_gmem_out_0_ARSIZE    |  out|    3|       m_axi|         gmem_out|       pointer|
|m_axi_gmem_out_0_ARBURST   |  out|    2|       m_axi|         gmem_out|       pointer|
|m_axi_gmem_out_0_ARLOCK    |  out|    2|       m_axi|         gmem_out|       pointer|
|m_axi_gmem_out_0_ARCACHE   |  out|    4|       m_axi|         gmem_out|       pointer|
|m_axi_gmem_out_0_ARPROT    |  out|    3|       m_axi|         gmem_out|       pointer|
|m_axi_gmem_out_0_ARQOS     |  out|    4|       m_axi|         gmem_out|       pointer|
|m_axi_gmem_out_0_ARREGION  |  out|    4|       m_axi|         gmem_out|       pointer|
|m_axi_gmem_out_0_ARUSER    |  out|    1|       m_axi|         gmem_out|       pointer|
|m_axi_gmem_out_0_RVALID    |   in|    1|       m_axi|         gmem_out|       pointer|
|m_axi_gmem_out_0_RREADY    |  out|    1|       m_axi|         gmem_out|       pointer|
|m_axi_gmem_out_0_RDATA     |   in|   32|       m_axi|         gmem_out|       pointer|
|m_axi_gmem_out_0_RLAST     |   in|    1|       m_axi|         gmem_out|       pointer|
|m_axi_gmem_out_0_RID       |   in|    1|       m_axi|         gmem_out|       pointer|
|m_axi_gmem_out_0_RFIFONUM  |   in|    9|       m_axi|         gmem_out|       pointer|
|m_axi_gmem_out_0_RUSER     |   in|    1|       m_axi|         gmem_out|       pointer|
|m_axi_gmem_out_0_RRESP     |   in|    2|       m_axi|         gmem_out|       pointer|
|m_axi_gmem_out_0_BVALID    |   in|    1|       m_axi|         gmem_out|       pointer|
|m_axi_gmem_out_0_BREADY    |  out|    1|       m_axi|         gmem_out|       pointer|
|m_axi_gmem_out_0_BRESP     |   in|    2|       m_axi|         gmem_out|       pointer|
|m_axi_gmem_out_0_BID       |   in|    1|       m_axi|         gmem_out|       pointer|
|m_axi_gmem_out_0_BUSER     |   in|    1|       m_axi|         gmem_out|       pointer|
|out_batch                  |   in|   64|     ap_none|        out_batch|        scalar|
|down_quant_mode            |   in|   32|     ap_none|  down_quant_mode|        scalar|
+---------------------------+-----+-----+------------+-----------------+--------------+

