

================================================================
== Vitis HLS Report for 'compute_gate'
================================================================
* Date:           Tue Mar 31 16:01:04 2026

* Version:        2025.1 (Build 6135595 on May 21 2025)
* Project:        swiglu
* Solution:       hls (Vivado IP Flow Target)
* Product family: zynquplus
* Target device:  xck26-sfvc784-2LV-c


================================================================
== Performance Estimates
================================================================
+ Timing: 
    * Summary: 
    +--------+----------+----------+------------+
    |  Clock |  Target  | Estimated| Uncertainty|
    +--------+----------+----------+------------+
    |ap_clk  |  10.00 ns|  7.781 ns|     2.00 ns|
    +--------+----------+----------+------------+

+ Latency: 
    * Summary: 
    +---------+---------+----------+----------+-------+-------+---------+
    |  Latency (cycles) |  Latency (absolute) |    Interval   | Pipeline|
    |   min   |   max   |    min   |    max   |  min  |  max  |   Type  |
    +---------+---------+----------+----------+-------+-------+---------+
    |    16450|    16450|  0.165 ms|  0.165 ms|  16450|  16450|       no|
    +---------+---------+----------+----------+-------+-------+---------+

    + Detail: 
        * Instance: 
        +---------------------------------------------+----------------------------------+---------+---------+-----------+-----------+------+------+------------------------------------------------+
        |                                             |                                  |  Latency (cycles) |   Latency (absolute)  |   Interval  |                    Pipeline                    |
        |                   Instance                  |              Module              |   min   |   max   |    min    |    max    |  min |  max |                      Type                      |
        +---------------------------------------------+----------------------------------+---------+---------+-----------+-----------+------+------+------------------------------------------------+
        |grp_compute_gate_Pipeline_GATE_PASS1_fu_86   |compute_gate_Pipeline_GATE_PASS1  |     8210|     8210|  82.100 us|  82.100 us|  8193|  8193|  loop auto-rewind stp (delay=0 clock cycles(s))|
        |grp_compute_gate_Pipeline_GATE_PASS2_fu_104  |compute_gate_Pipeline_GATE_PASS2  |     8211|     8211|  82.110 us|  82.110 us|  8193|  8193|  loop auto-rewind stp (delay=0 clock cycles(s))|
        +---------------------------------------------+----------------------------------+---------+---------+-----------+-----------+------+------+------------------------------------------------+

        * Loop: 
        N/A



================================================================
== Utilization Estimates
================================================================
* Summary: 
+-----------------+---------+------+--------+--------+-----+
|       Name      | BRAM_18K|  DSP |   FF   |   LUT  | URAM|
+-----------------+---------+------+--------+--------+-----+
|DSP              |        -|     -|       -|       -|    -|
|Expression       |        -|     -|       0|    1074|    -|
|FIFO             |        -|     -|       -|       -|    -|
|Instance         |        -|    14|    2208|    3705|    -|
|Memory           |        -|     -|      32|    2048|    -|
|Multiplexer      |        -|     -|       0|     570|    -|
|Register         |        -|     -|     356|       -|    -|
+-----------------+---------+------+--------+--------+-----+
|Total            |        0|    14|    2596|    7397|    0|
+-----------------+---------+------+--------+--------+-----+
|Available        |      288|  1248|  234240|  117120|   64|
+-----------------+---------+------+--------+--------+-----+
|Utilization (%)  |        0|     1|       1|       6|    0|
+-----------------+---------+------+--------+--------+-----+

+ Detail: 
    * Instance: 
    +---------------------------------------------+----------------------------------+---------+----+-----+------+-----+
    |                   Instance                  |              Module              | BRAM_18K| DSP|  FF |  LUT | URAM|
    +---------------------------------------------+----------------------------------+---------+----+-----+------+-----+
    |grp_compute_gate_Pipeline_GATE_PASS1_fu_86   |compute_gate_Pipeline_GATE_PASS1  |        0|   0|  837|  1284|    0|
    |grp_compute_gate_Pipeline_GATE_PASS2_fu_104  |compute_gate_Pipeline_GATE_PASS2  |        0|   3|  760|  1802|    0|
    |fadd_32ns_32ns_32_4_full_dsp_1_U1358         |fadd_32ns_32ns_32_4_full_dsp_1    |        0|   2|  227|   214|    0|
    |fcmp_32ns_32ns_1_2_no_dsp_1_U1357            |fcmp_32ns_32ns_1_2_no_dsp_1       |        0|   0|    0|     0|    0|
    |fdiv_32ns_32ns_32_9_no_dsp_1_U1356           |fdiv_32ns_32ns_32_9_no_dsp_1      |        0|   0|    0|     0|    0|
    |fmul_32ns_32ns_32_3_max_dsp_1_U1359          |fmul_32ns_32ns_32_3_max_dsp_1     |        0|   3|  128|   135|    0|
    |fmul_32ns_32ns_32_3_max_dsp_1_U1360          |fmul_32ns_32ns_32_3_max_dsp_1     |        0|   3|  128|   135|    0|
    |fmul_32ns_32ns_32_3_max_dsp_1_U1361          |fmul_32ns_32ns_32_3_max_dsp_1     |        0|   3|  128|   135|    0|
    +---------------------------------------------+----------------------------------+---------+----+-----+------+-----+
    |Total                                        |                                  |        0|  14| 2208|  3705|    0|
    +---------------------------------------------+----------------------------------+---------+----+-----+------+-----+

    * DSP: 
    N/A

    * Memory: 
    +---------------+-------------------------------------------+---------+----+------+-----+------+-----+------+-------------+
    |     Memory    |                   Module                  | BRAM_18K| FF |  LUT | URAM| Words| Bits| Banks| W*Bits*Banks|
    +---------------+-------------------------------------------+---------+----+------+-----+------+-----+------+-------------+
    |sigmoid_lut_U  |compute_gate_sigmoid_lut_ROM_1P_LUTRAM_1R  |        0|  32|  2048|    0|  4096|   32|     1|       131072|
    +---------------+-------------------------------------------+---------+----+------+-----+------+-----+------+-------------+
    |Total          |                                           |        0|  32|  2048|    0|  4096|   32|     1|       131072|
    +---------------+-------------------------------------------+---------+----+------+-----+------+-----+------+-------------+

    * FIFO: 
    N/A

    * Expression: 
    +-------------------------+----------+----+---+----+------------+------------+
    |      Variable Name      | Operation| DSP| FF| LUT| Bitwidth P0| Bitwidth P1|
    +-------------------------+----------+----+---+----+------------+------------+
    |and_ln298_10_fu_652_p2   |       and|   0|  0|   2|           1|           1|
    |and_ln298_11_fu_739_p2   |       and|   0|  0|   2|           1|           1|
    |and_ln298_12_fu_745_p2   |       and|   0|  0|   2|           1|           1|
    |and_ln298_13_fu_828_p2   |       and|   0|  0|   2|           1|           1|
    |and_ln298_14_fu_834_p2   |       and|   0|  0|   2|           1|           1|
    |and_ln298_1_fu_274_p2    |       and|   0|  0|   2|           1|           1|
    |and_ln298_2_fu_280_p2    |       and|   0|  0|   2|           1|           1|
    |and_ln298_3_fu_367_p2    |       and|   0|  0|   2|           1|           1|
    |and_ln298_4_fu_373_p2    |       and|   0|  0|   2|           1|           1|
    |and_ln298_5_fu_460_p2    |       and|   0|  0|   2|           1|           1|
    |and_ln298_6_fu_466_p2    |       and|   0|  0|   2|           1|           1|
    |and_ln298_7_fu_553_p2    |       and|   0|  0|   2|           1|           1|
    |and_ln298_8_fu_559_p2    |       and|   0|  0|   2|           1|           1|
    |and_ln298_9_fu_646_p2    |       and|   0|  0|   2|           1|           1|
    |and_ln298_fu_186_p2      |       and|   0|  0|   2|           1|           1|
    |and_ln300_fu_879_p2      |       and|   0|  0|   2|           1|           1|
    |icmp_ln298_10_fu_424_p2  |      icmp|   0|  0|  15|           8|           2|
    |icmp_ln298_11_fu_430_p2  |      icmp|   0|  0|  30|          23|           1|
    |icmp_ln298_12_fu_442_p2  |      icmp|   0|  0|  15|           8|           2|
    |icmp_ln298_13_fu_448_p2  |      icmp|   0|  0|  30|          23|           1|
    |icmp_ln298_14_fu_517_p2  |      icmp|   0|  0|  15|           8|           2|
    |icmp_ln298_15_fu_523_p2  |      icmp|   0|  0|  30|          23|           1|
    |icmp_ln298_16_fu_535_p2  |      icmp|   0|  0|  15|           8|           2|
    |icmp_ln298_17_fu_541_p2  |      icmp|   0|  0|  30|          23|           1|
    |icmp_ln298_18_fu_610_p2  |      icmp|   0|  0|  15|           8|           2|
    |icmp_ln298_19_fu_616_p2  |      icmp|   0|  0|  30|          23|           1|
    |icmp_ln298_1_fu_174_p2   |      icmp|   0|  0|  30|          23|           1|
    |icmp_ln298_20_fu_628_p2  |      icmp|   0|  0|  15|           8|           2|
    |icmp_ln298_21_fu_634_p2  |      icmp|   0|  0|  30|          23|           1|
    |icmp_ln298_22_fu_703_p2  |      icmp|   0|  0|  15|           8|           2|
    |icmp_ln298_23_fu_709_p2  |      icmp|   0|  0|  30|          23|           1|
    |icmp_ln298_24_fu_721_p2  |      icmp|   0|  0|  15|           8|           2|
    |icmp_ln298_25_fu_727_p2  |      icmp|   0|  0|  30|          23|           1|
    |icmp_ln298_26_fu_792_p2  |      icmp|   0|  0|  15|           8|           2|
    |icmp_ln298_27_fu_798_p2  |      icmp|   0|  0|  30|          23|           1|
    |icmp_ln298_28_fu_810_p2  |      icmp|   0|  0|  15|           8|           2|
    |icmp_ln298_29_fu_816_p2  |      icmp|   0|  0|  30|          23|           1|
    |icmp_ln298_2_fu_238_p2   |      icmp|   0|  0|  15|           8|           2|
    |icmp_ln298_3_fu_244_p2   |      icmp|   0|  0|  30|          23|           1|
    |icmp_ln298_4_fu_256_p2   |      icmp|   0|  0|  15|           8|           2|
    |icmp_ln298_5_fu_262_p2   |      icmp|   0|  0|  30|          23|           1|
    |icmp_ln298_6_fu_331_p2   |      icmp|   0|  0|  15|           8|           2|
    |icmp_ln298_7_fu_337_p2   |      icmp|   0|  0|  30|          23|           1|
    |icmp_ln298_8_fu_349_p2   |      icmp|   0|  0|  15|           8|           2|
    |icmp_ln298_9_fu_355_p2   |      icmp|   0|  0|  30|          23|           1|
    |icmp_ln298_fu_168_p2     |      icmp|   0|  0|  15|           8|           2|
    |icmp_ln300_1_fu_869_p2   |      icmp|   0|  0|  30|          23|           1|
    |icmp_ln300_fu_863_p2     |      icmp|   0|  0|  15|           8|           2|
    |ap_block_state1          |        or|   0|  0|   2|           1|           1|
    |or_ln298_10_fu_640_p2    |        or|   0|  0|   2|           1|           1|
    |or_ln298_11_fu_715_p2    |        or|   0|  0|   2|           1|           1|
    |or_ln298_12_fu_733_p2    |        or|   0|  0|   2|           1|           1|
    |or_ln298_13_fu_804_p2    |        or|   0|  0|   2|           1|           1|
    |or_ln298_14_fu_822_p2    |        or|   0|  0|   2|           1|           1|
    |or_ln298_1_fu_250_p2     |        or|   0|  0|   2|           1|           1|
    |or_ln298_2_fu_268_p2     |        or|   0|  0|   2|           1|           1|
    |or_ln298_3_fu_343_p2     |        or|   0|  0|   2|           1|           1|
    |or_ln298_4_fu_361_p2     |        or|   0|  0|   2|           1|           1|
    |or_ln298_5_fu_436_p2     |        or|   0|  0|   2|           1|           1|
    |or_ln298_6_fu_454_p2     |        or|   0|  0|   2|           1|           1|
    |or_ln298_7_fu_529_p2     |        or|   0|  0|   2|           1|           1|
    |or_ln298_8_fu_547_p2     |        or|   0|  0|   2|           1|           1|
    |or_ln298_9_fu_622_p2     |        or|   0|  0|   2|           1|           1|
    |or_ln298_fu_180_p2       |        or|   0|  0|   2|           1|           1|
    |or_ln300_fu_875_p2       |        or|   0|  0|   2|           1|           1|
    |gs_fu_884_p3             |    select|   0|  0|  32|           1|          32|
    |max_abs_1_fu_286_p3      |    select|   0|  0|  32|           1|          32|
    |max_abs_2_fu_379_p3      |    select|   0|  0|  32|           1|          32|
    |max_abs_3_fu_472_p3      |    select|   0|  0|  32|           1|          32|
    |max_abs_4_fu_565_p3      |    select|   0|  0|  32|           1|          32|
    |max_abs_5_fu_658_p3      |    select|   0|  0|  32|           1|          32|
    |max_abs_6_fu_751_p3      |    select|   0|  0|  32|           1|          32|
    |max_abs_7_fu_840_p3      |    select|   0|  0|  32|           1|          32|
    |max_abs_fu_192_p3        |    select|   0|  0|  32|           1|          32|
    +-------------------------+----------+----+---+----+------------+------------+
    |Total                    |          |   0|  0|1074|         538|         369|
    +-------------------------+----------+----+---+----+------------+------------+

    * Multiplexer: 
    +----------------------+-----+-----------+-----+-----------+
    |         Name         | LUT | Input Size| Bits| Total Bits|
    +----------------------+-----+-----------+-----+-----------+
    |X1_cache_address0     |   14|          3|   13|         39|
    |X1_cache_ce0          |   14|          3|    1|          3|
    |X2_cache_address0     |   14|          3|   13|         39|
    |X2_cache_ce0          |   14|          3|    1|          3|
    |ap_NS_fsm             |  145|         31|    1|         31|
    |ap_done               |    9|          2|    1|          2|
    |grp_fu_1045_ce        |   14|          3|    1|          3|
    |grp_fu_1045_p0        |   14|          3|   32|         96|
    |grp_fu_1045_p1        |   14|          3|   32|         96|
    |grp_fu_1049_ce        |   14|          3|    1|          3|
    |grp_fu_1049_p0        |   14|          3|   32|         96|
    |grp_fu_1049_p1        |   14|          3|   32|         96|
    |grp_fu_1053_ce        |   14|          3|    1|          3|
    |grp_fu_1053_p0        |   14|          3|   32|         96|
    |grp_fu_1053_p1        |   14|          3|   32|         96|
    |grp_fu_1057_ce        |   14|          3|    1|          3|
    |grp_fu_1057_p0        |   14|          3|   32|         96|
    |grp_fu_1057_p1        |   14|          3|   32|         96|
    |grp_fu_131_p0         |   14|          3|   32|         96|
    |grp_fu_131_p1         |   14|          3|   32|         96|
    |grp_fu_138_ce         |    9|          2|    1|          2|
    |grp_fu_138_opcode     |   14|          3|    5|         15|
    |grp_fu_138_p0         |   59|         11|   32|        352|
    |grp_fu_138_p1         |   54|         10|   32|        320|
    |sigmoid_lut_address0  |   14|          3|   12|         36|
    |sigmoid_lut_ce0       |   14|          3|    1|          3|
    +----------------------+-----+-----------+-----+-----------+
    |Total                 |  570|        119|  437|       1817|
    +----------------------+-----+-----------+-----+-----------+

    * Register: 
    +----------------------------------------------------------+----+----+-----+-----------+
    |                           Name                           | FF | LUT| Bits| Const Bits|
    +----------------------------------------------------------+----+----+-----+-----------+
    |ap_CS_fsm                                                 |  30|   0|   30|          0|
    |ap_done_reg                                               |   1|   0|    1|          0|
    |grp_compute_gate_Pipeline_GATE_PASS1_fu_86_ap_start_reg   |   1|   0|    1|          0|
    |grp_compute_gate_Pipeline_GATE_PASS2_fu_104_ap_start_reg  |   1|   0|    1|          0|
    |gs_reg_1035                                               |  32|   0|   32|          0|
    |icmp_ln300_1_reg_1025                                     |   1|   0|    1|          0|
    |icmp_ln300_reg_1020                                       |   1|   0|    1|          0|
    |inv_gs_reg_1040                                           |  32|   0|   32|          0|
    |max_abs_1_reg_956                                         |  32|   0|   32|          0|
    |max_abs_2_reg_966                                         |  32|   0|   32|          0|
    |max_abs_3_reg_976                                         |  32|   0|   32|          0|
    |max_abs_4_reg_986                                         |  32|   0|   32|          0|
    |max_abs_5_reg_996                                         |  32|   0|   32|          0|
    |max_abs_6_reg_1006                                        |  32|   0|   32|          0|
    |max_abs_7_reg_1013                                        |  32|   0|   32|          0|
    |max_abs_reg_946                                           |  32|   0|   32|          0|
    |tmp_69_reg_1030                                           |   1|   0|    1|          0|
    +----------------------------------------------------------+----+----+-----+-----------+
    |Total                                                     | 356|   0|  356|          0|
    +----------------------------------------------------------+----+----+-----+-----------+



================================================================
== Interface
================================================================
* Summary: 
+-----------------------+-----+-----+------------+--------------+--------------+
|       RTL Ports       | Dir | Bits|  Protocol  | Source Object|    C Type    |
+-----------------------+-----+-----+------------+--------------+--------------+
|ap_clk                 |   in|    1|  ap_ctrl_hs|  compute_gate|  return value|
|ap_rst                 |   in|    1|  ap_ctrl_hs|  compute_gate|  return value|
|ap_start               |   in|    1|  ap_ctrl_hs|  compute_gate|  return value|
|ap_done                |  out|    1|  ap_ctrl_hs|  compute_gate|  return value|
|ap_continue            |   in|    1|  ap_ctrl_hs|  compute_gate|  return value|
|ap_idle                |  out|    1|  ap_ctrl_hs|  compute_gate|  return value|
|ap_ready               |  out|    1|  ap_ctrl_hs|  compute_gate|  return value|
|ap_return              |  out|   32|  ap_ctrl_hs|  compute_gate|  return value|
|X1_cache_address0      |  out|   13|   ap_memory|      X1_cache|         array|
|X1_cache_ce0           |  out|    1|   ap_memory|      X1_cache|         array|
|X1_cache_q0            |   in|   32|   ap_memory|      X1_cache|         array|
|X2_cache_address0      |  out|   13|   ap_memory|      X2_cache|         array|
|X2_cache_ce0           |  out|    1|   ap_memory|      X2_cache|         array|
|X2_cache_q0            |   in|   32|   ap_memory|      X2_cache|         array|
|gate_cache_0_address1  |  out|   10|   ap_memory|  gate_cache_0|         array|
|gate_cache_0_ce1       |  out|    1|   ap_memory|  gate_cache_0|         array|
|gate_cache_0_we1       |  out|    1|   ap_memory|  gate_cache_0|         array|
|gate_cache_0_d1        |  out|    8|   ap_memory|  gate_cache_0|         array|
|gate_cache_1_address1  |  out|   10|   ap_memory|  gate_cache_1|         array|
|gate_cache_1_ce1       |  out|    1|   ap_memory|  gate_cache_1|         array|
|gate_cache_1_we1       |  out|    1|   ap_memory|  gate_cache_1|         array|
|gate_cache_1_d1        |  out|    8|   ap_memory|  gate_cache_1|         array|
|gate_cache_2_address1  |  out|   10|   ap_memory|  gate_cache_2|         array|
|gate_cache_2_ce1       |  out|    1|   ap_memory|  gate_cache_2|         array|
|gate_cache_2_we1       |  out|    1|   ap_memory|  gate_cache_2|         array|
|gate_cache_2_d1        |  out|    8|   ap_memory|  gate_cache_2|         array|
|gate_cache_3_address1  |  out|   10|   ap_memory|  gate_cache_3|         array|
|gate_cache_3_ce1       |  out|    1|   ap_memory|  gate_cache_3|         array|
|gate_cache_3_we1       |  out|    1|   ap_memory|  gate_cache_3|         array|
|gate_cache_3_d1        |  out|    8|   ap_memory|  gate_cache_3|         array|
|gate_cache_4_address1  |  out|   10|   ap_memory|  gate_cache_4|         array|
|gate_cache_4_ce1       |  out|    1|   ap_memory|  gate_cache_4|         array|
|gate_cache_4_we1       |  out|    1|   ap_memory|  gate_cache_4|         array|
|gate_cache_4_d1        |  out|    8|   ap_memory|  gate_cache_4|         array|
|gate_cache_5_address1  |  out|   10|   ap_memory|  gate_cache_5|         array|
|gate_cache_5_ce1       |  out|    1|   ap_memory|  gate_cache_5|         array|
|gate_cache_5_we1       |  out|    1|   ap_memory|  gate_cache_5|         array|
|gate_cache_5_d1        |  out|    8|   ap_memory|  gate_cache_5|         array|
|gate_cache_6_address1  |  out|   10|   ap_memory|  gate_cache_6|         array|
|gate_cache_6_ce1       |  out|    1|   ap_memory|  gate_cache_6|         array|
|gate_cache_6_we1       |  out|    1|   ap_memory|  gate_cache_6|         array|
|gate_cache_6_d1        |  out|    8|   ap_memory|  gate_cache_6|         array|
|gate_cache_7_address1  |  out|   10|   ap_memory|  gate_cache_7|         array|
|gate_cache_7_ce1       |  out|    1|   ap_memory|  gate_cache_7|         array|
|gate_cache_7_we1       |  out|    1|   ap_memory|  gate_cache_7|         array|
|gate_cache_7_d1        |  out|    8|   ap_memory|  gate_cache_7|         array|
+-----------------------+-----+-----+------------+--------------+--------------+

