================================================================
== Design Size Report
================================================================

* Total Instructions per Compilation Phase
+---------------+-----------------------------+--------------+----------------------------------------------------------------------------------------+
| Phase         | Step                        | Instructions | Description                                                                            |
+---------------+-----------------------------+--------------+----------------------------------------------------------------------------------------+
| Compile/Link  |                             | 19,018       | After all functions are compiled and linked into a single design                       |
|               |                             |              |                                                                                        |
| Unroll/Inline |                             |              | After user unroll and inline pragmas are applied                                       |
|               | (1) unroll                  | 43,573       | user unroll pragmas are applied                                                        |
|               | (2) simplification          | 31,729       | simplification of applied user unroll pragmas                                          |
|               | (3) inline                  | 31,364       | user inline pragmas are applied                                                        |
|               | (4) simplification          | 31,032       | simplification of applied user inline pragmas                                          |
|               |                             |              |                                                                                        |
| Array/Struct  |                             |              | After user array partition and struct aggregate/disaggregate pragmas are applied       |
|               | (1) array partition         | 58,531       | user array partition pragmas are applied                                               |
|               | (2) simplification          | 45,157       | simplification of applied user array partition & struct aggregate/disaggregate pragmas |
|               | (3) aggregate/disaggregate  | 45,157       | user struct aggregate/disaggregate pragmas are applied                                 |
|               | (4) array reshape           | 45,156       | apply array reshape pragmas                                                            |
|               | (5) access patterns         | 45,751       | array access pattern optmizations                                                      |
|               |                             |              |                                                                                        |
| Performance   |                             |              | After transformations are applied to meet performance pragma targets                   |
|               | (1) loop simplification     | 45,731       | loop and instruction simplification                                                    |
|               | (2) parallelization         | 45,154       | loops are unrolled or pipelined to meet performance targets                            |
|               | (3) array partition         | 54,838       | arrays are partitioned to meet performance targets                                     |
|               | (4) simplification          | 48,734       | simplification of design after performance transformations                             |
|               |                             |              |                                                                                        |
| HW Transforms |                             |              | After hardware transfomations                                                          |
|               | (1) lowering                | 48,772       | initial conversion to HW specific instructions                                         |
|               | (2) optimizations           | 43,770       | high level synthesis optimizations                                                     |
+---------------+-----------------------------+--------------+----------------------------------------------------------------------------------------+

* Instructions per Function for each Compilation Phase
+-------------------------+----------------+------------------+------------------+------------------+------------------+------------------+
| Function                | Location       | Compile/Link     | Unroll/Inline    | Array/Struct     | Performance      | HW Transforms    |
+-------------------------+----------------+------------------+------------------+------------------+------------------+------------------+
| + swiglu                | swiglu.cpp:756 | 19,018           | 31,032           | 45,751           | 48,734           | 43,770           |
|    load_x_local         | swiglu.cpp:726 |   104            |   147            |   787            | 1,415            | 1,421            |
|  + compute_X1           | swiglu.cpp:310 | 4,193            | 12,940           | 15,109           | 15,479           | 13,940           |
|     load_row_wv         | swiglu.cpp:65  | 1,452 (4 calls)  |    80 (4 calls)  |   252 (4 calls)  |   248 (4 calls)  |   280 (4 calls)  |
|   + mac_blocks_wv_k4    | swiglu.cpp:197 | 2,667            | 12,802           | 14,458           | 14,704           | 13,238           |
|      get_byte           | swiglu.cpp:53  | 1,392 (29 calls) |                  |                  |                  |                  |
|      fp16_to_fp32       | swiglu.cpp:28  |   134 (2 calls)  | 5,824 (64 calls) | 5,824 (64 calls) | 5,824 (64 calls) | 5,888 (64 calls) |
|  + compute_X2           | swiglu.cpp:339 | 4,193            | 12,940           | 15,109           | 15,479           | 13,940           |
|     load_row_wv         | swiglu.cpp:65  | 1,452 (4 calls)  |    80 (4 calls)  |   252 (4 calls)  |   248 (4 calls)  |   280 (4 calls)  |
|   + mac_blocks_wv_k4    | swiglu.cpp:197 | 2,667            | 12,802           | 14,458           | 14,704           | 13,238           |
|      get_byte           | swiglu.cpp:53  | 1,392 (29 calls) |                  |                  |                  |                  |
|      fp16_to_fp32       | swiglu.cpp:28  |   134 (2 calls)  | 5,824 (64 calls) | 5,824 (64 calls) | 5,824 (64 calls) | 5,888 (64 calls) |
|    compute_gate         | swiglu.cpp:371 | 6,549            |   739            | 1,201            | 1,197            |                  |
|  + compute_output       | swiglu.cpp:677 | 3,909            | 4,214            | 13,332           | 12,739           |                  |
|   + load_row_down_q6k   | swiglu.cpp:546 |   693            |   644            | 1,744            | 1,741            |                  |
|      get_byte           | swiglu.cpp:53  |   240 (5 calls)  |                  |                  |                  |                  |
|      fp16_to_fp32       | swiglu.cpp:28  |    67            |   364 (4 calls)  |   364 (4 calls)  |   364 (4 calls)  |                  |
|     mac_blocks_down_q6k | swiglu.cpp:612 |   235            | 1,444            | 2,661            | 2,629            |                  |
|     load_row_down_q4k   | swiglu.cpp:430 |   363            |    20            |    65            |    64            |                  |
|   + mac_blocks_down_q4k | swiglu.cpp:446 | 2,525            | 2,025            | 7,919            | 7,342            |                  |
|      get_byte           | swiglu.cpp:53  | 1,392 (29 calls) |                  |                  |                  |                  |
|      fp16_to_fp32       | swiglu.cpp:28  |   134 (2 calls)  |   182 (2 calls)  |   182 (2 calls)  |   182 (2 calls)  |                  |
+-------------------------+----------------+------------------+------------------+------------------+------------------+------------------+

* Design Size Message Settings
+---------------------------------------------+--------+------------------------------------------------------------------+
| Message Setting                             | Value  | Description                                                      |
+---------------------------------------------+--------+------------------------------------------------------------------+
| config_compile -design_size_maximum_warning | 100000 | Show a warning when total design instructions exceeds this value |
+---------------------------------------------+--------+------------------------------------------------------------------+


