

================================================================
== Vitis HLS Report for 'entry_proc'
================================================================
* Date:           Sat Mar 28 22:37:26 2026

* Version:        2025.1 (Build 6135595 on May 21 2025)
* Project:        swiglu
* Solution:       hls (Vivado IP Flow Target)
* Product family: zynquplus
* Target device:  xck26-sfvc784-2LV-c


================================================================
== Performance Estimates
================================================================
+ Timing: 
    * Summary: 
    +--------+---------+----------+------------+
    |  Clock |  Target | Estimated| Uncertainty|
    +--------+---------+----------+------------+
    |ap_clk  |  3.33 ns|  1.215 ns|     0.90 ns|
    +--------+---------+----------+------------+

+ Latency: 
    * Summary: 
    +---------+---------+----------+----------+-----+-----+---------+
    |  Latency (cycles) |  Latency (absolute) |  Interval | Pipeline|
    |   min   |   max   |    min   |    max   | min | max |   Type  |
    +---------+---------+----------+----------+-----+-----+---------+
    |        0|        0|      0 ns|      0 ns|    0|    0|       no|
    +---------+---------+----------+----------+-----+-----+---------+

    + Detail: 
        * Instance: 
        N/A

        * Loop: 
        N/A



================================================================
== Utilization Estimates
================================================================
* Summary: 
+-----------------+---------+------+--------+--------+-----+
|       Name      | BRAM_18K|  DSP |   FF   |   LUT  | URAM|
+-----------------+---------+------+--------+--------+-----+
|DSP              |        -|     -|       -|       -|    -|
|Expression       |        -|     -|       0|       2|    -|
|FIFO             |        -|     -|       -|       -|    -|
|Instance         |        -|     -|       -|       -|    -|
|Memory           |        -|     -|       -|       -|    -|
|Multiplexer      |        -|     -|       0|      72|    -|
|Register         |        -|     -|       2|       -|    -|
+-----------------+---------+------+--------+--------+-----+
|Total            |        0|     0|       2|      74|    0|
+-----------------+---------+------+--------+--------+-----+
|Available        |      288|  1248|  234240|  117120|   64|
+-----------------+---------+------+--------+--------+-----+
|Utilization (%)  |        0|     0|      ~0|      ~0|    0|
+-----------------+---------+------+--------+--------+-----+

+ Detail: 
    * Instance: 
    N/A

    * DSP: 
    N/A

    * Memory: 
    N/A

    * FIFO: 
    N/A

    * Expression: 
    +-----------------+----------+----+---+----+------------+------------+
    |  Variable Name  | Operation| DSP| FF| LUT| Bitwidth P0| Bitwidth P1|
    +-----------------+----------+----+---+----+------------+------------+
    |ap_block_state1  |        or|   0|  0|   2|           1|           1|
    +-----------------+----------+----+---+----+------------+------------+
    |Total            |          |   0|  0|   2|           1|           1|
    +-----------------+----------+----+---+----+------------+------------+

    * Multiplexer: 
    +-------------------------+----+-----------+-----+-----------+
    |           Name          | LUT| Input Size| Bits| Total Bits|
    +-------------------------+----+-----------+-----+-----------+
    |V_c_blk_n                |   9|          2|    1|          2|
    |W_c_blk_n                |   9|          2|    1|          2|
    |W_down_c_blk_n           |   9|          2|    1|          2|
    |ap_done                  |   9|          2|    1|          2|
    |down_quant_mode_c_blk_n  |   9|          2|    1|          2|
    |out_batch_c_blk_n        |   9|          2|    1|          2|
    |x_scale_c1_blk_n         |   9|          2|    1|          2|
    |x_scale_c_blk_n          |   9|          2|    1|          2|
    +-------------------------+----+-----------+-----+-----------+
    |Total                    |  72|         16|    8|         16|
    +-------------------------+----+-----------+-----+-----------+

    * Register: 
    +-------------+---+----+-----+-----------+
    |     Name    | FF| LUT| Bits| Const Bits|
    +-------------+---+----+-----+-----------+
    |ap_CS_fsm    |  1|   0|    1|          0|
    |ap_done_reg  |  1|   0|    1|          0|
    +-------------+---+----+-----+-----------+
    |Total        |  2|   0|    2|          0|
    +-------------+---+----+-----+-----------+



================================================================
== Interface
================================================================
* Summary: 
+----------------------------------+-----+-----+------------+-------------------+--------------+
|             RTL Ports            | Dir | Bits|  Protocol  |   Source Object   |    C Type    |
+----------------------------------+-----+-----+------------+-------------------+--------------+
|ap_clk                            |   in|    1|  ap_ctrl_hs|         entry_proc|  return value|
|ap_rst                            |   in|    1|  ap_ctrl_hs|         entry_proc|  return value|
|ap_start                          |   in|    1|  ap_ctrl_hs|         entry_proc|  return value|
|ap_done                           |  out|    1|  ap_ctrl_hs|         entry_proc|  return value|
|ap_continue                       |   in|    1|  ap_ctrl_hs|         entry_proc|  return value|
|ap_idle                           |  out|    1|  ap_ctrl_hs|         entry_proc|  return value|
|ap_ready                          |  out|    1|  ap_ctrl_hs|         entry_proc|  return value|
|W                                 |   in|    8|     ap_none|                  W|       pointer|
|W_c_din                           |  out|    8|     ap_fifo|                W_c|       pointer|
|W_c_full_n                        |   in|    1|     ap_fifo|                W_c|       pointer|
|W_c_write                         |  out|    1|     ap_fifo|                W_c|       pointer|
|W_c_num_data_valid                |   in|    3|     ap_fifo|                W_c|       pointer|
|W_c_fifo_cap                      |   in|    3|     ap_fifo|                W_c|       pointer|
|V                                 |   in|    8|     ap_none|                  V|       pointer|
|V_c_din                           |  out|    8|     ap_fifo|                V_c|       pointer|
|V_c_full_n                        |   in|    1|     ap_fifo|                V_c|       pointer|
|V_c_write                         |  out|    1|     ap_fifo|                V_c|       pointer|
|V_c_num_data_valid                |   in|    3|     ap_fifo|                V_c|       pointer|
|V_c_fifo_cap                      |   in|    3|     ap_fifo|                V_c|       pointer|
|W_down                            |   in|    8|     ap_none|             W_down|       pointer|
|W_down_c_din                      |  out|    8|     ap_fifo|           W_down_c|       pointer|
|W_down_c_full_n                   |   in|    1|     ap_fifo|           W_down_c|       pointer|
|W_down_c_write                    |  out|    1|     ap_fifo|           W_down_c|       pointer|
|W_down_c_num_data_valid           |   in|    4|     ap_fifo|           W_down_c|       pointer|
|W_down_c_fifo_cap                 |   in|    4|     ap_fifo|           W_down_c|       pointer|
|out_batch                         |   in|   64|     ap_none|          out_batch|        scalar|
|out_batch_c_din                   |  out|   64|     ap_fifo|        out_batch_c|       pointer|
|out_batch_c_full_n                |   in|    1|     ap_fifo|        out_batch_c|       pointer|
|out_batch_c_write                 |  out|    1|     ap_fifo|        out_batch_c|       pointer|
|out_batch_c_num_data_valid        |   in|    4|     ap_fifo|        out_batch_c|       pointer|
|out_batch_c_fifo_cap              |   in|    4|     ap_fifo|        out_batch_c|       pointer|
|down_quant_mode                   |   in|   32|     ap_none|    down_quant_mode|        scalar|
|down_quant_mode_c_din             |  out|   32|     ap_fifo|  down_quant_mode_c|       pointer|
|down_quant_mode_c_full_n          |   in|    1|     ap_fifo|  down_quant_mode_c|       pointer|
|down_quant_mode_c_write           |  out|    1|     ap_fifo|  down_quant_mode_c|       pointer|
|down_quant_mode_c_num_data_valid  |   in|    4|     ap_fifo|  down_quant_mode_c|       pointer|
|down_quant_mode_c_fifo_cap        |   in|    4|     ap_fifo|  down_quant_mode_c|       pointer|
|x_scale                           |   in|   32|     ap_none|            x_scale|        scalar|
|x_scale_c_din                     |  out|   32|     ap_fifo|          x_scale_c|       pointer|
|x_scale_c_full_n                  |   in|    1|     ap_fifo|          x_scale_c|       pointer|
|x_scale_c_write                   |  out|    1|     ap_fifo|          x_scale_c|       pointer|
|x_scale_c_num_data_valid          |   in|    3|     ap_fifo|          x_scale_c|       pointer|
|x_scale_c_fifo_cap                |   in|    3|     ap_fifo|          x_scale_c|       pointer|
|x_scale_c1_din                    |  out|   32|     ap_fifo|         x_scale_c1|       pointer|
|x_scale_c1_full_n                 |   in|    1|     ap_fifo|         x_scale_c1|       pointer|
|x_scale_c1_write                  |  out|    1|     ap_fifo|         x_scale_c1|       pointer|
|x_scale_c1_num_data_valid         |   in|    3|     ap_fifo|         x_scale_c1|       pointer|
|x_scale_c1_fifo_cap               |   in|    3|     ap_fifo|         x_scale_c1|       pointer|
+----------------------------------+-----+-----+------------+-------------------+--------------+

