

================================================================
== Vitis HLS Report for 'fp16_to_fp32'
================================================================
* Date:           Mon Mar 30 15:05:52 2026

* Version:        2025.1 (Build 6135595 on May 21 2025)
* Project:        swiglu
* Solution:       hls (Vivado IP Flow Target)
* Product family: zynquplus
* Target device:  xck26-sfvc784-2LV-c


================================================================
== Performance Estimates
================================================================
+ Timing: 
    * Summary: 
    +--------+----------+----------+------------+
    |  Clock |  Target  | Estimated| Uncertainty|
    +--------+----------+----------+------------+
    |ap_clk  |  10.00 ns|  7.466 ns|     2.00 ns|
    +--------+----------+----------+------------+

+ Latency: 
    * Summary: 
    +---------+---------+-----------+-----------+-----+-----+---------+
    |  Latency (cycles) |   Latency (absolute)  |  Interval | Pipeline|
    |   min   |   max   |    min    |    max    | min | max |   Type  |
    +---------+---------+-----------+-----------+-----+-----+---------+
    |        1|        1|  10.000 ns|  10.000 ns|    1|    1|      yes|
    +---------+---------+-----------+-----------+-----+-----+---------+

    + Detail: 
        * Instance: 
        N/A

        * Loop: 
        N/A



================================================================
== Utilization Estimates
================================================================
* Summary: 
+-----------------+---------+------+--------+--------+-----+
|       Name      | BRAM_18K|  DSP |   FF   |   LUT  | URAM|
+-----------------+---------+------+--------+--------+-----+
|DSP              |        -|     -|       -|       -|    -|
|Expression       |        -|     -|       0|     361|    -|
|FIFO             |        -|     -|       -|       -|    -|
|Instance         |        -|     -|       0|      14|    -|
|Memory           |        -|     -|       -|       -|    -|
|Multiplexer      |        -|     -|       -|       -|    -|
|Register         |        -|     -|      36|       -|    -|
+-----------------+---------+------+--------+--------+-----+
|Total            |        0|     0|      36|     375|    0|
+-----------------+---------+------+--------+--------+-----+
|Available        |      288|  1248|  234240|  117120|   64|
+-----------------+---------+------+--------+--------+-----+
|Utilization (%)  |        0|     0|      ~0|      ~0|    0|
+-----------------+---------+------+--------+--------+-----+

+ Detail: 
    * Instance: 
    +---------------------------+----------------------+---------+----+---+----+-----+
    |          Instance         |        Module        | BRAM_18K| DSP| FF| LUT| URAM|
    +---------------------------+----------------------+---------+----+---+----+-----+
    |sparsemux_9_3_32_1_1_U280  |sparsemux_9_3_32_1_1  |        0|   0|  0|  14|    0|
    +---------------------------+----------------------+---------+----+---+----+-----+
    |Total                      |                      |        0|   0|  0|  14|    0|
    +---------------------------+----------------------+---------+----+---+----+-----+

    * DSP: 
    N/A

    * Memory: 
    N/A

    * FIFO: 
    N/A

    * Expression: 
    +-----------------------+----------+----+---+----+------------+------------+
    |     Variable Name     | Operation| DSP| FF| LUT| Bitwidth P0| Bitwidth P1|
    +-----------------------+----------+----+---+----+------------+------------+
    |add_ln46_fu_298_p2     |         +|   0|  0|  38|          31|          30|
    |e_11_fu_419_p2         |         +|   0|  0|  13|           6|           2|
    |e_13_fu_455_p2         |         +|   0|  0|  13|           6|           2|
    |e_15_fu_491_p2         |         +|   0|  0|  13|           6|           2|
    |e_17_fu_533_p2         |         +|   0|  0|  13|           6|           2|
    |e_3_fu_236_p2          |         +|   0|  0|  13|           6|           2|
    |e_5_fu_266_p2          |         +|   0|  0|  13|           6|           2|
    |e_7_fu_349_p2          |         +|   0|  0|  13|           6|           2|
    |e_9_fu_383_p2          |         +|   0|  0|  13|           6|           2|
    |and_ln36_1_fu_607_p2   |       and|   0|  0|   2|           1|           1|
    |and_ln36_fu_596_p2     |       and|   0|  0|   2|           1|           1|
    |icmp_ln34_fu_142_p2    |      icmp|   0|  0|  17|          10|           1|
    |icmp_ln36_1_fu_602_p2  |      icmp|   0|  0|  12|           5|           2|
    |icmp_ln36_fu_586_p2    |      icmp|   0|  0|  12|           5|           1|
    |or_ln34_fu_118_p2      |        or|   0|  0|   5|           5|           5|
    |e_10_fu_397_p3         |    select|   0|  0|   6|           1|           6|
    |e_12_fu_433_p3         |    select|   0|  0|   6|           1|           6|
    |e_14_fu_469_p3         |    select|   0|  0|   6|           1|           6|
    |e_16_fu_505_p3         |    select|   0|  0|   6|           1|           6|
    |e_1_fu_198_p3          |    select|   0|  0|   6|           1|           6|
    |e_2_fu_214_p3          |    select|   0|  0|   6|           1|           6|
    |e_4_fu_250_p3          |    select|   0|  0|   6|           1|           6|
    |e_6_fu_272_p3          |    select|   0|  0|   6|           1|           6|
    |e_8_fu_362_p3          |    select|   0|  0|   6|           1|           6|
    |e_fu_176_p3            |    select|   0|  0|   6|           1|           6|
    |m_11_fu_389_p3         |    select|   0|  0|  10|           1|          10|
    |m_13_fu_425_p3         |    select|   0|  0|  10|           1|          10|
    |m_15_fu_461_p3         |    select|   0|  0|  10|           1|          10|
    |m_17_fu_497_p3         |    select|   0|  0|  10|           1|          10|
    |m_1_fu_168_p3          |    select|   0|  0|  10|           1|          10|
    |m_3_fu_206_p3          |    select|   0|  0|  10|           1|          10|
    |m_5_fu_242_p3          |    select|   0|  0|  10|           1|          10|
    |m_7_fu_329_p3          |    select|   0|  0|  10|           1|          10|
    |m_9_fu_354_p3          |    select|   0|  0|  10|           1|          10|
    |select_ln37_fu_551_p3  |    select|   0|  0|   6|           1|           6|
    |select_ln40_fu_543_p3  |    select|   0|  0|   9|           1|           9|
    |ap_enable_pp0          |       xor|   0|  0|   2|           1|           2|
    |xor_ln34_fu_591_p2     |       xor|   0|  0|   2|           1|           2|
    +-----------------------+----------+----+---+----+------------+------------+
    |Total                  |          |   0|  0| 361|         129|         226|
    +-----------------------+----------+----+---+----+------------+------------+

    * Multiplexer: 
    N/A

    * Register: 
    +-------------------------+----+----+-----+-----------+
    |           Name          | FF | LUT| Bits| Const Bits|
    +-------------------------+----+----+-----+-----------+
    |ap_CS_fsm                |   1|   0|    1|          0|
    |ap_enable_reg_pp0_iter1  |   1|   0|    1|          0|
    |e_6_reg_688              |   6|   0|    6|          0|
    |exp_reg_664              |   5|   0|    5|          0|
    |icmp_ln34_reg_671        |   1|   0|    1|          0|
    |m_5_reg_677              |  10|   0|   10|          0|
    |mant_reg_650             |  10|   0|   10|          0|
    |tmp_698_reg_656          |   1|   0|    1|          0|
    |tmp_702_reg_683          |   1|   0|    1|          0|
    +-------------------------+----+----+-----+-----------+
    |Total                    |  36|   0|   36|          0|
    +-------------------------+----+----+-----+-----------+



================================================================
== Interface
================================================================
* Summary: 
+-----------+-----+-----+------------+--------------+--------------+
| RTL Ports | Dir | Bits|  Protocol  | Source Object|    C Type    |
+-----------+-----+-----+------------+--------------+--------------+
|ap_clk     |   in|    1|  ap_ctrl_hs|  fp16_to_fp32|  return value|
|ap_rst     |   in|    1|  ap_ctrl_hs|  fp16_to_fp32|  return value|
|ap_start   |   in|    1|  ap_ctrl_hs|  fp16_to_fp32|  return value|
|ap_done    |  out|    1|  ap_ctrl_hs|  fp16_to_fp32|  return value|
|ap_idle    |  out|    1|  ap_ctrl_hs|  fp16_to_fp32|  return value|
|ap_ready   |  out|    1|  ap_ctrl_hs|  fp16_to_fp32|  return value|
|ap_ce      |   in|    1|  ap_ctrl_hs|  fp16_to_fp32|  return value|
|ap_return  |  out|   32|  ap_ctrl_hs|  fp16_to_fp32|  return value|
|h          |   in|   16|     ap_none|             h|        scalar|
+-----------+-----+-----+------------+--------------+--------------+

