

================================================================
== Vitis HLS Report for 'load_row_down_q6k_Pipeline_LOAD_D'
================================================================
* Date:           Sun Apr  5 16:07:04 2026

* Version:        2025.1 (Build 6135595 on May 21 2025)
* Project:        swiglu
* Solution:       hls (Vivado IP Flow Target)
* Product family: zynquplus
* Target device:  xck26-sfvc784-2LV-c


================================================================
== Performance Estimates
================================================================
+ Timing: 
    * Summary: 
    +--------+---------+----------+------------+
    |  Clock |  Target | Estimated| Uncertainty|
    +--------+---------+----------+------------+
    |ap_clk  |  3.33 ns|  2.433 ns|     0.90 ns|
    +--------+---------+----------+------------+

+ Latency: 
    * Summary: 
    +---------+---------+-----------+-----------+-----+-----+------------------------------------------------+
    |  Latency (cycles) |   Latency (absolute)  |  Interval |                    Pipeline                    |
    |   min   |   max   |    min    |    max    | min | max |                      Type                      |
    +---------+---------+-----------+-----------+-----+-----+------------------------------------------------+
    |       12|       12|  39.996 ns|  39.996 ns|    5|    5|  loop auto-rewind stp (delay=0 clock cycles(s))|
    +---------+---------+-----------+-----------+-----+-----+------------------------------------------------+

    + Detail: 
        * Instance: 
        +-------------------------+--------------+---------+---------+-----------+-----------+-----+-----+---------+
        |                         |              |  Latency (cycles) |   Latency (absolute)  |  Interval | Pipeline|
        |         Instance        |    Module    |   min   |   max   |    min    |    max    | min | max |   Type  |
        +-------------------------+--------------+---------+---------+-----------+-----------+-----+-----+---------+
        |grp_fp16_to_fp32_fu_381  |fp16_to_fp32  |        4|        4|  13.332 ns|  13.332 ns|    1|    1|      yes|
        |grp_fp16_to_fp32_fu_390  |fp16_to_fp32  |        4|        4|  13.332 ns|  13.332 ns|    1|    1|      yes|
        |grp_fp16_to_fp32_fu_399  |fp16_to_fp32  |        4|        4|  13.332 ns|  13.332 ns|    1|    1|      yes|
        |grp_fp16_to_fp32_fu_408  |fp16_to_fp32  |        4|        4|  13.332 ns|  13.332 ns|    1|    1|      yes|
        |grp_fp16_to_fp32_fu_417  |fp16_to_fp32  |        4|        4|  13.332 ns|  13.332 ns|    1|    1|      yes|
        |grp_fp16_to_fp32_fu_426  |fp16_to_fp32  |        4|        4|  13.332 ns|  13.332 ns|    1|    1|      yes|
        |grp_fp16_to_fp32_fu_435  |fp16_to_fp32  |        4|        4|  13.332 ns|  13.332 ns|    1|    1|      yes|
        |grp_fp16_to_fp32_fu_444  |fp16_to_fp32  |        4|        4|  13.332 ns|  13.332 ns|    1|    1|      yes|
        +-------------------------+--------------+---------+---------+-----------+-----------+-----+-----+---------+

        * Loop: 
        +----------+---------+---------+----------+-----------+-----------+------+----------+
        |          |  Latency (cycles) | Iteration|  Initiation Interval  | Trip |          |
        | Loop Name|   min   |   max   |  Latency |  achieved |   target  | Count| Pipelined|
        +----------+---------+---------+----------+-----------+-----------+------+----------+
        |- LOAD_D  |       10|       10|         8|          1|          1|     4|       yes|
        +----------+---------+---------+----------+-----------+-----------+------+----------+



================================================================
== Utilization Estimates
================================================================
* Summary: 
+-----------------+---------+------+--------+--------+-----+
|       Name      | BRAM_18K|  DSP |   FF   |   LUT  | URAM|
+-----------------+---------+------+--------+--------+-----+
|DSP              |        -|     -|       -|       -|    -|
|Expression       |        -|     -|       0|      26|    -|
|FIFO             |        -|     -|       -|       -|    -|
|Instance         |        -|     -|    3112|    4120|    -|
|Memory           |        -|     -|       -|       -|    -|
|Multiplexer      |        -|     -|       0|      45|    -|
|Register         |        -|     -|     278|      64|    -|
+-----------------+---------+------+--------+--------+-----+
|Total            |        0|     0|    3390|    4255|    0|
+-----------------+---------+------+--------+--------+-----+
|Available        |      288|  1248|  234240|  117120|   64|
+-----------------+---------+------+--------+--------+-----+
|Utilization (%)  |        0|     0|       1|       3|    0|
+-----------------+---------+------+--------+--------+-----+

+ Detail: 
    * Instance: 
    +-------------------------+--------------+---------+----+-----+-----+-----+
    |         Instance        |    Module    | BRAM_18K| DSP|  FF | LUT | URAM|
    +-------------------------+--------------+---------+----+-----+-----+-----+
    |grp_fp16_to_fp32_fu_381  |fp16_to_fp32  |        0|   0|  389|  515|    0|
    |grp_fp16_to_fp32_fu_390  |fp16_to_fp32  |        0|   0|  389|  515|    0|
    |grp_fp16_to_fp32_fu_399  |fp16_to_fp32  |        0|   0|  389|  515|    0|
    |grp_fp16_to_fp32_fu_408  |fp16_to_fp32  |        0|   0|  389|  515|    0|
    |grp_fp16_to_fp32_fu_417  |fp16_to_fp32  |        0|   0|  389|  515|    0|
    |grp_fp16_to_fp32_fu_426  |fp16_to_fp32  |        0|   0|  389|  515|    0|
    |grp_fp16_to_fp32_fu_435  |fp16_to_fp32  |        0|   0|  389|  515|    0|
    |grp_fp16_to_fp32_fu_444  |fp16_to_fp32  |        0|   0|  389|  515|    0|
    +-------------------------+--------------+---------+----+-----+-----+-----+
    |Total                    |              |        0|   0| 3112| 4120|    0|
    +-------------------------+--------------+---------+----+-----+-----+-----+

    * DSP: 
    N/A

    * Memory: 
    N/A

    * FIFO: 
    N/A

    * Expression: 
    +---------------------------+----------+----+---+----+------------+------------+
    |       Variable Name       | Operation| DSP| FF| LUT| Bitwidth P0| Bitwidth P1|
    +---------------------------+----------+----+---+----+------------+------------+
    |add_ln510_fu_471_p2        |         +|   0|  0|  10|           3|           1|
    |ap_block_pp0_stage0_11001  |       and|   0|  0|   2|           1|           1|
    |icmp_ln510_fu_465_p2       |      icmp|   0|  0|  12|           3|           4|
    |ap_enable_pp0              |       xor|   0|  0|   2|           1|           2|
    +---------------------------+----------+----+---+----+------------+------------+
    |Total                      |          |   0|  0|  26|           8|           8|
    +---------------------------+----------+----+---+----+------------+------------+

    * Multiplexer: 
    +-------------------------+----+-----------+-----+-----------+
    |           Name          | LUT| Input Size| Bits| Total Bits|
    +-------------------------+----+-----------+-----+-----------+
    |ap_done_int              |   9|          2|    1|          2|
    |ap_enable_reg_pp0_iter1  |   9|          2|    1|          2|
    |ap_sig_allocacmp_w_4     |   9|          2|    3|          6|
    |gmem_Wd_blk_n_R          |   9|          2|    1|          2|
    |w_fu_142                 |   9|          2|    3|          6|
    +-------------------------+----+-----------+-----+-----------+
    |Total                    |  45|         10|    9|         18|
    +-------------------------+----+-----------+-----+-----------+

    * Register: 
    +-------------------------------------------+----+----+-----+-----------+
    |                    Name                   | FF | LUT| Bits| Const Bits|
    +-------------------------------------------+----+----+-----+-----------+
    |ap_CS_fsm                                  |   1|   0|    1|          0|
    |ap_block_pp0_stage0_subdone_grp0_done_reg  |   1|   0|    1|          0|
    |ap_done_reg                                |   1|   0|    1|          0|
    |ap_enable_reg_pp0_iter1                    |   1|   0|    1|          0|
    |ap_enable_reg_pp0_iter2                    |   1|   0|    1|          0|
    |ap_enable_reg_pp0_iter3                    |   1|   0|    1|          0|
    |ap_enable_reg_pp0_iter4                    |   1|   0|    1|          0|
    |ap_enable_reg_pp0_iter5                    |   1|   0|    1|          0|
    |ap_enable_reg_pp0_iter6                    |   1|   0|    1|          0|
    |ap_enable_reg_pp0_iter7                    |   1|   0|    1|          0|
    |ap_loop_exit_ready_pp0_iter1_reg           |   1|   0|    1|          0|
    |ap_loop_exit_ready_pp0_iter2_reg           |   1|   0|    1|          0|
    |ap_loop_exit_ready_pp0_iter3_reg           |   1|   0|    1|          0|
    |ap_loop_exit_ready_pp0_iter4_reg           |   1|   0|    1|          0|
    |ap_loop_exit_ready_pp0_iter5_reg           |   1|   0|    1|          0|
    |ap_loop_exit_ready_pp0_iter6_reg           |   1|   0|    1|          0|
    |d_raw_1_reg_587                            |  16|   0|   16|          0|
    |d_raw_2_reg_592                            |  16|   0|   16|          0|
    |d_raw_3_reg_597                            |  16|   0|   16|          0|
    |d_raw_4_reg_602                            |  16|   0|   16|          0|
    |d_raw_5_reg_607                            |  16|   0|   16|          0|
    |d_raw_6_reg_612                            |  16|   0|   16|          0|
    |d_raw_7_reg_617                            |  16|   0|   16|          0|
    |d_raw_reg_582                              |  16|   0|   16|          0|
    |icmp_ln510_reg_574                         |   1|   0|    1|          0|
    |trunc_ln510_reg_578                        |   2|   0|    2|          0|
    |w_fu_142                                   |   3|   0|    3|          0|
    |icmp_ln510_reg_574                         |  64|  32|    1|          0|
    |trunc_ln510_reg_578                        |  64|  32|    2|          0|
    +-------------------------------------------+----+----+-----+-----------+
    |Total                                      | 278|  64|  153|          0|
    +-------------------------------------------+----+----+-----+-----------+



================================================================
== Interface
================================================================
* Summary: 
+--------------------------+-----+-----+------------+-----------------------------------+--------------+
|         RTL Ports        | Dir | Bits|  Protocol  |           Source Object           |    C Type    |
+--------------------------+-----+-----+------------+-----------------------------------+--------------+
|ap_clk                    |   in|    1|  ap_ctrl_hs|  load_row_down_q6k_Pipeline_LOAD_D|  return value|
|ap_rst                    |   in|    1|  ap_ctrl_hs|  load_row_down_q6k_Pipeline_LOAD_D|  return value|
|ap_start                  |   in|    1|  ap_ctrl_hs|  load_row_down_q6k_Pipeline_LOAD_D|  return value|
|ap_done                   |  out|    1|  ap_ctrl_hs|  load_row_down_q6k_Pipeline_LOAD_D|  return value|
|ap_idle                   |  out|    1|  ap_ctrl_hs|  load_row_down_q6k_Pipeline_LOAD_D|  return value|
|ap_ready                  |  out|    1|  ap_ctrl_hs|  load_row_down_q6k_Pipeline_LOAD_D|  return value|
|m_axi_gmem_Wd_0_AWVALID   |  out|    1|       m_axi|                            gmem_Wd|       pointer|
|m_axi_gmem_Wd_0_AWREADY   |   in|    1|       m_axi|                            gmem_Wd|       pointer|
|m_axi_gmem_Wd_0_AWADDR    |  out|   64|       m_axi|                            gmem_Wd|       pointer|
|m_axi_gmem_Wd_0_AWID      |  out|    1|       m_axi|                            gmem_Wd|       pointer|
|m_axi_gmem_Wd_0_AWLEN     |  out|   32|       m_axi|                            gmem_Wd|       pointer|
|m_axi_gmem_Wd_0_AWSIZE    |  out|    3|       m_axi|                            gmem_Wd|       pointer|
|m_axi_gmem_Wd_0_AWBURST   |  out|    2|       m_axi|                            gmem_Wd|       pointer|
|m_axi_gmem_Wd_0_AWLOCK    |  out|    2|       m_axi|                            gmem_Wd|       pointer|
|m_axi_gmem_Wd_0_AWCACHE   |  out|    4|       m_axi|                            gmem_Wd|       pointer|
|m_axi_gmem_Wd_0_AWPROT    |  out|    3|       m_axi|                            gmem_Wd|       pointer|
|m_axi_gmem_Wd_0_AWQOS     |  out|    4|       m_axi|                            gmem_Wd|       pointer|
|m_axi_gmem_Wd_0_AWREGION  |  out|    4|       m_axi|                            gmem_Wd|       pointer|
|m_axi_gmem_Wd_0_AWUSER    |  out|    1|       m_axi|                            gmem_Wd|       pointer|
|m_axi_gmem_Wd_0_WVALID    |  out|    1|       m_axi|                            gmem_Wd|       pointer|
|m_axi_gmem_Wd_0_WREADY    |   in|    1|       m_axi|                            gmem_Wd|       pointer|
|m_axi_gmem_Wd_0_WDATA     |  out|  128|       m_axi|                            gmem_Wd|       pointer|
|m_axi_gmem_Wd_0_WSTRB     |  out|   16|       m_axi|                            gmem_Wd|       pointer|
|m_axi_gmem_Wd_0_WLAST     |  out|    1|       m_axi|                            gmem_Wd|       pointer|
|m_axi_gmem_Wd_0_WID       |  out|    1|       m_axi|                            gmem_Wd|       pointer|
|m_axi_gmem_Wd_0_WUSER     |  out|    1|       m_axi|                            gmem_Wd|       pointer|
|m_axi_gmem_Wd_0_ARVALID   |  out|    1|       m_axi|                            gmem_Wd|       pointer|
|m_axi_gmem_Wd_0_ARREADY   |   in|    1|       m_axi|                            gmem_Wd|       pointer|
|m_axi_gmem_Wd_0_ARADDR    |  out|   64|       m_axi|                            gmem_Wd|       pointer|
|m_axi_gmem_Wd_0_ARID      |  out|    1|       m_axi|                            gmem_Wd|       pointer|
|m_axi_gmem_Wd_0_ARLEN     |  out|   32|       m_axi|                            gmem_Wd|       pointer|
|m_axi_gmem_Wd_0_ARSIZE    |  out|    3|       m_axi|                            gmem_Wd|       pointer|
|m_axi_gmem_Wd_0_ARBURST   |  out|    2|       m_axi|                            gmem_Wd|       pointer|
|m_axi_gmem_Wd_0_ARLOCK    |  out|    2|       m_axi|                            gmem_Wd|       pointer|
|m_axi_gmem_Wd_0_ARCACHE   |  out|    4|       m_axi|                            gmem_Wd|       pointer|
|m_axi_gmem_Wd_0_ARPROT    |  out|    3|       m_axi|                            gmem_Wd|       pointer|
|m_axi_gmem_Wd_0_ARQOS     |  out|    4|       m_axi|                            gmem_Wd|       pointer|
|m_axi_gmem_Wd_0_ARREGION  |  out|    4|       m_axi|                            gmem_Wd|       pointer|
|m_axi_gmem_Wd_0_ARUSER    |  out|    1|       m_axi|                            gmem_Wd|       pointer|
|m_axi_gmem_Wd_0_RVALID    |   in|    1|       m_axi|                            gmem_Wd|       pointer|
|m_axi_gmem_Wd_0_RREADY    |  out|    1|       m_axi|                            gmem_Wd|       pointer|
|m_axi_gmem_Wd_0_RDATA     |   in|  128|       m_axi|                            gmem_Wd|       pointer|
|m_axi_gmem_Wd_0_RLAST     |   in|    1|       m_axi|                            gmem_Wd|       pointer|
|m_axi_gmem_Wd_0_RID       |   in|    1|       m_axi|                            gmem_Wd|       pointer|
|m_axi_gmem_Wd_0_RFIFONUM  |   in|   10|       m_axi|                            gmem_Wd|       pointer|
|m_axi_gmem_Wd_0_RUSER     |   in|    1|       m_axi|                            gmem_Wd|       pointer|
|m_axi_gmem_Wd_0_RRESP     |   in|    2|       m_axi|                            gmem_Wd|       pointer|
|m_axi_gmem_Wd_0_BVALID    |   in|    1|       m_axi|                            gmem_Wd|       pointer|
|m_axi_gmem_Wd_0_BREADY    |  out|    1|       m_axi|                            gmem_Wd|       pointer|
|m_axi_gmem_Wd_0_BRESP     |   in|    2|       m_axi|                            gmem_Wd|       pointer|
|m_axi_gmem_Wd_0_BID       |   in|    1|       m_axi|                            gmem_Wd|       pointer|
|m_axi_gmem_Wd_0_BUSER     |   in|    1|       m_axi|                            gmem_Wd|       pointer|
|d_buf_0                   |  out|   32|      ap_vld|                            d_buf_0|       pointer|
|d_buf_0_ap_vld            |  out|    1|      ap_vld|                            d_buf_0|       pointer|
|d_buf_1                   |  out|   32|      ap_vld|                            d_buf_1|       pointer|
|d_buf_1_ap_vld            |  out|    1|      ap_vld|                            d_buf_1|       pointer|
|d_buf_2                   |  out|   32|      ap_vld|                            d_buf_2|       pointer|
|d_buf_2_ap_vld            |  out|    1|      ap_vld|                            d_buf_2|       pointer|
|d_buf_3                   |  out|   32|      ap_vld|                            d_buf_3|       pointer|
|d_buf_3_ap_vld            |  out|    1|      ap_vld|                            d_buf_3|       pointer|
|d_buf_4                   |  out|   32|      ap_vld|                            d_buf_4|       pointer|
|d_buf_4_ap_vld            |  out|    1|      ap_vld|                            d_buf_4|       pointer|
|d_buf_5                   |  out|   32|      ap_vld|                            d_buf_5|       pointer|
|d_buf_5_ap_vld            |  out|    1|      ap_vld|                            d_buf_5|       pointer|
|d_buf_6                   |  out|   32|      ap_vld|                            d_buf_6|       pointer|
|d_buf_6_ap_vld            |  out|    1|      ap_vld|                            d_buf_6|       pointer|
|d_buf_7                   |  out|   32|      ap_vld|                            d_buf_7|       pointer|
|d_buf_7_ap_vld            |  out|    1|      ap_vld|                            d_buf_7|       pointer|
|sext_ln510                |   in|   60|   ap_stable|                         sext_ln510|        scalar|
|d_buf_31                  |  out|   32|      ap_vld|                           d_buf_31|       pointer|
|d_buf_31_ap_vld           |  out|    1|      ap_vld|                           d_buf_31|       pointer|
|d_buf_30                  |  out|   32|      ap_vld|                           d_buf_30|       pointer|
|d_buf_30_ap_vld           |  out|    1|      ap_vld|                           d_buf_30|       pointer|
|d_buf_29                  |  out|   32|      ap_vld|                           d_buf_29|       pointer|
|d_buf_29_ap_vld           |  out|    1|      ap_vld|                           d_buf_29|       pointer|
|d_buf_28                  |  out|   32|      ap_vld|                           d_buf_28|       pointer|
|d_buf_28_ap_vld           |  out|    1|      ap_vld|                           d_buf_28|       pointer|
|d_buf_27                  |  out|   32|      ap_vld|                           d_buf_27|       pointer|
|d_buf_27_ap_vld           |  out|    1|      ap_vld|                           d_buf_27|       pointer|
|d_buf_26                  |  out|   32|      ap_vld|                           d_buf_26|       pointer|
|d_buf_26_ap_vld           |  out|    1|      ap_vld|                           d_buf_26|       pointer|
|d_buf_25                  |  out|   32|      ap_vld|                           d_buf_25|       pointer|
|d_buf_25_ap_vld           |  out|    1|      ap_vld|                           d_buf_25|       pointer|
|d_buf_24                  |  out|   32|      ap_vld|                           d_buf_24|       pointer|
|d_buf_24_ap_vld           |  out|    1|      ap_vld|                           d_buf_24|       pointer|
|d_buf_23                  |  out|   32|      ap_vld|                           d_buf_23|       pointer|
|d_buf_23_ap_vld           |  out|    1|      ap_vld|                           d_buf_23|       pointer|
|d_buf_22                  |  out|   32|      ap_vld|                           d_buf_22|       pointer|
|d_buf_22_ap_vld           |  out|    1|      ap_vld|                           d_buf_22|       pointer|
|d_buf_21                  |  out|   32|      ap_vld|                           d_buf_21|       pointer|
|d_buf_21_ap_vld           |  out|    1|      ap_vld|                           d_buf_21|       pointer|
|d_buf_20                  |  out|   32|      ap_vld|                           d_buf_20|       pointer|
|d_buf_20_ap_vld           |  out|    1|      ap_vld|                           d_buf_20|       pointer|
|d_buf_19                  |  out|   32|      ap_vld|                           d_buf_19|       pointer|
|d_buf_19_ap_vld           |  out|    1|      ap_vld|                           d_buf_19|       pointer|
|d_buf_18                  |  out|   32|      ap_vld|                           d_buf_18|       pointer|
|d_buf_18_ap_vld           |  out|    1|      ap_vld|                           d_buf_18|       pointer|
|d_buf_17                  |  out|   32|      ap_vld|                           d_buf_17|       pointer|
|d_buf_17_ap_vld           |  out|    1|      ap_vld|                           d_buf_17|       pointer|
|d_buf_16                  |  out|   32|      ap_vld|                           d_buf_16|       pointer|
|d_buf_16_ap_vld           |  out|    1|      ap_vld|                           d_buf_16|       pointer|
|d_buf_15                  |  out|   32|      ap_vld|                           d_buf_15|       pointer|
|d_buf_15_ap_vld           |  out|    1|      ap_vld|                           d_buf_15|       pointer|
|d_buf_14                  |  out|   32|      ap_vld|                           d_buf_14|       pointer|
|d_buf_14_ap_vld           |  out|    1|      ap_vld|                           d_buf_14|       pointer|
|d_buf_13                  |  out|   32|      ap_vld|                           d_buf_13|       pointer|
|d_buf_13_ap_vld           |  out|    1|      ap_vld|                           d_buf_13|       pointer|
|d_buf_12                  |  out|   32|      ap_vld|                           d_buf_12|       pointer|
|d_buf_12_ap_vld           |  out|    1|      ap_vld|                           d_buf_12|       pointer|
|d_buf_11                  |  out|   32|      ap_vld|                           d_buf_11|       pointer|
|d_buf_11_ap_vld           |  out|    1|      ap_vld|                           d_buf_11|       pointer|
|d_buf_10                  |  out|   32|      ap_vld|                           d_buf_10|       pointer|
|d_buf_10_ap_vld           |  out|    1|      ap_vld|                           d_buf_10|       pointer|
|d_buf_9                   |  out|   32|      ap_vld|                            d_buf_9|       pointer|
|d_buf_9_ap_vld            |  out|    1|      ap_vld|                            d_buf_9|       pointer|
|d_buf_8                   |  out|   32|      ap_vld|                            d_buf_8|       pointer|
|d_buf_8_ap_vld            |  out|    1|      ap_vld|                            d_buf_8|       pointer|
+--------------------------+-----+-----+------------+-----------------------------------+--------------+

