

================================================================
== Vitis HLS Report for 'load_row_down_q6k_1_Pipeline_LOAD_QH'
================================================================
* Date:           Sun Apr  5 16:07:06 2026

* Version:        2025.1 (Build 6135595 on May 21 2025)
* Project:        swiglu
* Solution:       hls (Vivado IP Flow Target)
* Product family: zynquplus
* Target device:  xck26-sfvc784-2LV-c


================================================================
== Performance Estimates
================================================================
+ Timing: 
    * Summary: 
    +--------+---------+----------+------------+
    |  Clock |  Target | Estimated| Uncertainty|
    +--------+---------+----------+------------+
    |ap_clk  |  3.33 ns|  2.433 ns|     0.90 ns|
    +--------+---------+----------+------------+

+ Latency: 
    * Summary: 
    +---------+---------+----------+----------+-----+-----+------------------------------------------------+
    |  Latency (cycles) |  Latency (absolute) |  Interval |                    Pipeline                    |
    |   min   |   max   |    min   |    max   | min | max |                      Type                      |
    +---------+---------+----------+----------+-----+-----+------------------------------------------------+
    |      131|      131|  0.437 us|  0.437 us|  129|  129|  loop auto-rewind stp (delay=0 clock cycles(s))|
    +---------+---------+----------+----------+-----+-----+------------------------------------------------+

    + Detail: 
        * Instance: 
        N/A

        * Loop: 
        +-----------+---------+---------+----------+-----------+-----------+------+----------+
        |           |  Latency (cycles) | Iteration|  Initiation Interval  | Trip |          |
        | Loop Name |   min   |   max   |  Latency |  achieved |   target  | Count| Pipelined|
        +-----------+---------+---------+----------+-----------+-----------+------+----------+
        |- LOAD_QH  |      129|      129|         3|          1|          1|   128|       yes|
        +-----------+---------+---------+----------+-----------+-----------+------+----------+



================================================================
== Utilization Estimates
================================================================
* Summary: 
+-----------------+---------+------+--------+--------+-----+
|       Name      | BRAM_18K|  DSP |   FF   |   LUT  | URAM|
+-----------------+---------+------+--------+--------+-----+
|DSP              |        -|     -|       -|       -|    -|
|Expression       |        -|     -|       0|      35|    -|
|FIFO             |        -|     -|       -|       -|    -|
|Instance         |        -|     -|       -|       -|    -|
|Memory           |        -|     -|       -|       -|    -|
|Multiplexer      |        -|     -|       0|      45|    -|
|Register         |        -|     -|     156|       -|    -|
+-----------------+---------+------+--------+--------+-----+
|Total            |        0|     0|     156|      80|    0|
+-----------------+---------+------+--------+--------+-----+
|Available        |      288|  1248|  234240|  117120|   64|
+-----------------+---------+------+--------+--------+-----+
|Utilization (%)  |        0|     0|      ~0|      ~0|    0|
+-----------------+---------+------+--------+--------+-----+

+ Detail: 
    * Instance: 
    N/A

    * DSP: 
    N/A

    * Memory: 
    N/A

    * FIFO: 
    N/A

    * Expression: 
    +---------------------------+----------+----+---+----+------------+------------+
    |       Variable Name       | Operation| DSP| FF| LUT| Bitwidth P0| Bitwidth P1|
    +---------------------------+----------+----+---+----+------------+------------+
    |add_ln498_fu_245_p2        |         +|   0|  0|  15|           8|           1|
    |ap_block_pp0_stage0_11001  |       and|   0|  0|   2|           1|           1|
    |icmp_ln498_fu_239_p2       |      icmp|   0|  0|  16|           8|           9|
    |ap_enable_pp0              |       xor|   0|  0|   2|           1|           2|
    +---------------------------+----------+----+---+----+------------+------------+
    |Total                      |          |   0|  0|  35|          18|          13|
    +---------------------------+----------+----+---+----+------------+------------+

    * Multiplexer: 
    +-------------------------+----+-----------+-----+-----------+
    |           Name          | LUT| Input Size| Bits| Total Bits|
    +-------------------------+----+-----------+-----+-----------+
    |ap_done_int              |   9|          2|    1|          2|
    |ap_enable_reg_pp0_iter1  |   9|          2|    1|          2|
    |ap_sig_allocacmp_w       |   9|          2|    8|         16|
    |gmem_Wd2_blk_n_R         |   9|          2|    1|          2|
    |w_1_fu_108               |   9|          2|    8|         16|
    +-------------------------+----+-----------+-----+-----------+
    |Total                    |  45|         10|   19|         38|
    +-------------------------+----+-----------+-----+-----------+

    * Register: 
    +-------------------------------------------+-----+----+-----+-----------+
    |                    Name                   |  FF | LUT| Bits| Const Bits|
    +-------------------------------------------+-----+----+-----+-----------+
    |ap_CS_fsm                                  |    1|   0|    1|          0|
    |ap_block_pp0_stage0_subdone_grp0_done_reg  |    1|   0|    1|          0|
    |ap_done_reg                                |    1|   0|    1|          0|
    |ap_enable_reg_pp0_iter1                    |    1|   0|    1|          0|
    |ap_enable_reg_pp0_iter2                    |    1|   0|    1|          0|
    |ap_loop_exit_ready_pp0_iter1_reg           |    1|   0|    1|          0|
    |gmem_Wd2_addr_read_reg_352                 |  128|   0|  128|          0|
    |lshr_ln500_1_reg_347                       |    2|   0|    2|          0|
    |lshr_ln500_1_reg_347_pp0_iter1_reg         |    2|   0|    2|          0|
    |trunc_ln500_3_reg_343                      |    3|   0|    3|          0|
    |trunc_ln500_3_reg_343_pp0_iter1_reg        |    3|   0|    3|          0|
    |trunc_ln500_reg_338                        |    2|   0|    2|          0|
    |trunc_ln500_reg_338_pp0_iter1_reg          |    2|   0|    2|          0|
    |w_1_fu_108                                 |    8|   0|    8|          0|
    +-------------------------------------------+-----+----+-----+-----------+
    |Total                                      |  156|   0|  156|          0|
    +-------------------------------------------+-----+----+-----+-----------+



================================================================
== Interface
================================================================
* Summary: 
+---------------------------+-----+-----+------------+--------------------------------------+--------------+
|         RTL Ports         | Dir | Bits|  Protocol  |             Source Object            |    C Type    |
+---------------------------+-----+-----+------------+--------------------------------------+--------------+
|ap_clk                     |   in|    1|  ap_ctrl_hs|  load_row_down_q6k.1_Pipeline_LOAD_QH|  return value|
|ap_rst                     |   in|    1|  ap_ctrl_hs|  load_row_down_q6k.1_Pipeline_LOAD_QH|  return value|
|ap_start                   |   in|    1|  ap_ctrl_hs|  load_row_down_q6k.1_Pipeline_LOAD_QH|  return value|
|ap_done                    |  out|    1|  ap_ctrl_hs|  load_row_down_q6k.1_Pipeline_LOAD_QH|  return value|
|ap_idle                    |  out|    1|  ap_ctrl_hs|  load_row_down_q6k.1_Pipeline_LOAD_QH|  return value|
|ap_ready                   |  out|    1|  ap_ctrl_hs|  load_row_down_q6k.1_Pipeline_LOAD_QH|  return value|
|m_axi_gmem_Wd2_0_AWVALID   |  out|    1|       m_axi|                              gmem_Wd2|       pointer|
|m_axi_gmem_Wd2_0_AWREADY   |   in|    1|       m_axi|                              gmem_Wd2|       pointer|
|m_axi_gmem_Wd2_0_AWADDR    |  out|   64|       m_axi|                              gmem_Wd2|       pointer|
|m_axi_gmem_Wd2_0_AWID      |  out|    1|       m_axi|                              gmem_Wd2|       pointer|
|m_axi_gmem_Wd2_0_AWLEN     |  out|   32|       m_axi|                              gmem_Wd2|       pointer|
|m_axi_gmem_Wd2_0_AWSIZE    |  out|    3|       m_axi|                              gmem_Wd2|       pointer|
|m_axi_gmem_Wd2_0_AWBURST   |  out|    2|       m_axi|                              gmem_Wd2|       pointer|
|m_axi_gmem_Wd2_0_AWLOCK    |  out|    2|       m_axi|                              gmem_Wd2|       pointer|
|m_axi_gmem_Wd2_0_AWCACHE   |  out|    4|       m_axi|                              gmem_Wd2|       pointer|
|m_axi_gmem_Wd2_0_AWPROT    |  out|    3|       m_axi|                              gmem_Wd2|       pointer|
|m_axi_gmem_Wd2_0_AWQOS     |  out|    4|       m_axi|                              gmem_Wd2|       pointer|
|m_axi_gmem_Wd2_0_AWREGION  |  out|    4|       m_axi|                              gmem_Wd2|       pointer|
|m_axi_gmem_Wd2_0_AWUSER    |  out|    1|       m_axi|                              gmem_Wd2|       pointer|
|m_axi_gmem_Wd2_0_WVALID    |  out|    1|       m_axi|                              gmem_Wd2|       pointer|
|m_axi_gmem_Wd2_0_WREADY    |   in|    1|       m_axi|                              gmem_Wd2|       pointer|
|m_axi_gmem_Wd2_0_WDATA     |  out|  128|       m_axi|                              gmem_Wd2|       pointer|
|m_axi_gmem_Wd2_0_WSTRB     |  out|   16|       m_axi|                              gmem_Wd2|       pointer|
|m_axi_gmem_Wd2_0_WLAST     |  out|    1|       m_axi|                              gmem_Wd2|       pointer|
|m_axi_gmem_Wd2_0_WID       |  out|    1|       m_axi|                              gmem_Wd2|       pointer|
|m_axi_gmem_Wd2_0_WUSER     |  out|    1|       m_axi|                              gmem_Wd2|       pointer|
|m_axi_gmem_Wd2_0_ARVALID   |  out|    1|       m_axi|                              gmem_Wd2|       pointer|
|m_axi_gmem_Wd2_0_ARREADY   |   in|    1|       m_axi|                              gmem_Wd2|       pointer|
|m_axi_gmem_Wd2_0_ARADDR    |  out|   64|       m_axi|                              gmem_Wd2|       pointer|
|m_axi_gmem_Wd2_0_ARID      |  out|    1|       m_axi|                              gmem_Wd2|       pointer|
|m_axi_gmem_Wd2_0_ARLEN     |  out|   32|       m_axi|                              gmem_Wd2|       pointer|
|m_axi_gmem_Wd2_0_ARSIZE    |  out|    3|       m_axi|                              gmem_Wd2|       pointer|
|m_axi_gmem_Wd2_0_ARBURST   |  out|    2|       m_axi|                              gmem_Wd2|       pointer|
|m_axi_gmem_Wd2_0_ARLOCK    |  out|    2|       m_axi|                              gmem_Wd2|       pointer|
|m_axi_gmem_Wd2_0_ARCACHE   |  out|    4|       m_axi|                              gmem_Wd2|       pointer|
|m_axi_gmem_Wd2_0_ARPROT    |  out|    3|       m_axi|                              gmem_Wd2|       pointer|
|m_axi_gmem_Wd2_0_ARQOS     |  out|    4|       m_axi|                              gmem_Wd2|       pointer|
|m_axi_gmem_Wd2_0_ARREGION  |  out|    4|       m_axi|                              gmem_Wd2|       pointer|
|m_axi_gmem_Wd2_0_ARUSER    |  out|    1|       m_axi|                              gmem_Wd2|       pointer|
|m_axi_gmem_Wd2_0_RVALID    |   in|    1|       m_axi|                              gmem_Wd2|       pointer|
|m_axi_gmem_Wd2_0_RREADY    |  out|    1|       m_axi|                              gmem_Wd2|       pointer|
|m_axi_gmem_Wd2_0_RDATA     |   in|  128|       m_axi|                              gmem_Wd2|       pointer|
|m_axi_gmem_Wd2_0_RLAST     |   in|    1|       m_axi|                              gmem_Wd2|       pointer|
|m_axi_gmem_Wd2_0_RID       |   in|    1|       m_axi|                              gmem_Wd2|       pointer|
|m_axi_gmem_Wd2_0_RFIFONUM  |   in|   10|       m_axi|                              gmem_Wd2|       pointer|
|m_axi_gmem_Wd2_0_RUSER     |   in|    1|       m_axi|                              gmem_Wd2|       pointer|
|m_axi_gmem_Wd2_0_RRESP     |   in|    2|       m_axi|                              gmem_Wd2|       pointer|
|m_axi_gmem_Wd2_0_BVALID    |   in|    1|       m_axi|                              gmem_Wd2|       pointer|
|m_axi_gmem_Wd2_0_BREADY    |  out|    1|       m_axi|                              gmem_Wd2|       pointer|
|m_axi_gmem_Wd2_0_BRESP     |   in|    2|       m_axi|                              gmem_Wd2|       pointer|
|m_axi_gmem_Wd2_0_BID       |   in|    1|       m_axi|                              gmem_Wd2|       pointer|
|m_axi_gmem_Wd2_0_BUSER     |   in|    1|       m_axi|                              gmem_Wd2|       pointer|
|sext_ln498                 |   in|   60|   ap_stable|                            sext_ln498|        scalar|
|qh_buf_7_address0          |  out|    4|   ap_memory|                              qh_buf_7|         array|
|qh_buf_7_ce0               |  out|    1|   ap_memory|                              qh_buf_7|         array|
|qh_buf_7_we0               |  out|    1|   ap_memory|                              qh_buf_7|         array|
|qh_buf_7_d0                |  out|  128|   ap_memory|                              qh_buf_7|         array|
|qh_buf_6_address0          |  out|    4|   ap_memory|                              qh_buf_6|         array|
|qh_buf_6_ce0               |  out|    1|   ap_memory|                              qh_buf_6|         array|
|qh_buf_6_we0               |  out|    1|   ap_memory|                              qh_buf_6|         array|
|qh_buf_6_d0                |  out|  128|   ap_memory|                              qh_buf_6|         array|
|qh_buf_5_address0          |  out|    4|   ap_memory|                              qh_buf_5|         array|
|qh_buf_5_ce0               |  out|    1|   ap_memory|                              qh_buf_5|         array|
|qh_buf_5_we0               |  out|    1|   ap_memory|                              qh_buf_5|         array|
|qh_buf_5_d0                |  out|  128|   ap_memory|                              qh_buf_5|         array|
|qh_buf_4_address0          |  out|    4|   ap_memory|                              qh_buf_4|         array|
|qh_buf_4_ce0               |  out|    1|   ap_memory|                              qh_buf_4|         array|
|qh_buf_4_we0               |  out|    1|   ap_memory|                              qh_buf_4|         array|
|qh_buf_4_d0                |  out|  128|   ap_memory|                              qh_buf_4|         array|
|qh_buf_3_address0          |  out|    4|   ap_memory|                              qh_buf_3|         array|
|qh_buf_3_ce0               |  out|    1|   ap_memory|                              qh_buf_3|         array|
|qh_buf_3_we0               |  out|    1|   ap_memory|                              qh_buf_3|         array|
|qh_buf_3_d0                |  out|  128|   ap_memory|                              qh_buf_3|         array|
|qh_buf_2_address0          |  out|    4|   ap_memory|                              qh_buf_2|         array|
|qh_buf_2_ce0               |  out|    1|   ap_memory|                              qh_buf_2|         array|
|qh_buf_2_we0               |  out|    1|   ap_memory|                              qh_buf_2|         array|
|qh_buf_2_d0                |  out|  128|   ap_memory|                              qh_buf_2|         array|
|qh_buf_1_address0          |  out|    4|   ap_memory|                              qh_buf_1|         array|
|qh_buf_1_ce0               |  out|    1|   ap_memory|                              qh_buf_1|         array|
|qh_buf_1_we0               |  out|    1|   ap_memory|                              qh_buf_1|         array|
|qh_buf_1_d0                |  out|  128|   ap_memory|                              qh_buf_1|         array|
|qh_buf_0_address0          |  out|    4|   ap_memory|                              qh_buf_0|         array|
|qh_buf_0_ce0               |  out|    1|   ap_memory|                              qh_buf_0|         array|
|qh_buf_0_we0               |  out|    1|   ap_memory|                              qh_buf_0|         array|
|qh_buf_0_d0                |  out|  128|   ap_memory|                              qh_buf_0|         array|
+---------------------------+-----+-----+------------+--------------------------------------+--------------+

