

================================================================
== Vitis HLS Report for 'load_row_down_q6k_Pipeline_LOAD_DOWN_Q6K'
================================================================
* Date:           Sun Mar 29 14:22:45 2026

* Version:        2025.1 (Build 6135595 on May 21 2025)
* Project:        swiglu
* Solution:       hls (Vivado IP Flow Target)
* Product family: zynquplus
* Target device:  xck26-sfvc784-2LV-c


================================================================
== Performance Estimates
================================================================
+ Timing: 
    * Summary: 
    +--------+---------+----------+------------+
    |  Clock |  Target | Estimated| Uncertainty|
    +--------+---------+----------+------------+
    |ap_clk  |  3.33 ns|  2.430 ns|     0.90 ns|
    +--------+---------+----------+------------+

+ Latency: 
    * Summary: 
    +---------+---------+----------+----------+-----+-----+------------------------------------------------+
    |  Latency (cycles) |  Latency (absolute) |  Interval |                    Pipeline                    |
    |   min   |   max   |    min   |    max   | min | max |                      Type                      |
    +---------+---------+----------+----------+-----+-----+------------------------------------------------+
    |      423|      423|  1.409 us|  1.409 us|  421|  421|  loop auto-rewind stp (delay=0 clock cycles(s))|
    +---------+---------+----------+----------+-----+-----+------------------------------------------------+

    + Detail: 
        * Instance: 
        N/A

        * Loop: 
        +-----------------+---------+---------+----------+-----------+-----------+------+----------+
        |                 |  Latency (cycles) | Iteration|  Initiation Interval  | Trip |          |
        |    Loop Name    |   min   |   max   |  Latency |  achieved |   target  | Count| Pipelined|
        +-----------------+---------+---------+----------+-----------+-----------+------+----------+
        |- LOAD_DOWN_Q6K  |      421|      421|         3|          1|          1|   420|       yes|
        +-----------------+---------+---------+----------+-----------+-----------+------+----------+



================================================================
== Utilization Estimates
================================================================
* Summary: 
+-----------------+---------+------+--------+--------+-----+
|       Name      | BRAM_18K|  DSP |   FF   |   LUT  | URAM|
+-----------------+---------+------+--------+--------+-----+
|DSP              |        -|     -|       -|       -|    -|
|Expression       |        -|     -|       0|      36|    -|
|FIFO             |        -|     -|       -|       -|    -|
|Instance         |        -|     -|       -|       -|    -|
|Memory           |        -|     -|       -|       -|    -|
|Multiplexer      |        -|     -|       0|      45|    -|
|Register         |        -|     -|     161|       -|    -|
+-----------------+---------+------+--------+--------+-----+
|Total            |        0|     0|     161|      81|    0|
+-----------------+---------+------+--------+--------+-----+
|Available        |      288|  1248|  234240|  117120|   64|
+-----------------+---------+------+--------+--------+-----+
|Utilization (%)  |        0|     0|      ~0|      ~0|    0|
+-----------------+---------+------+--------+--------+-----+

+ Detail: 
    * Instance: 
    N/A

    * DSP: 
    N/A

    * Memory: 
    N/A

    * FIFO: 
    N/A

    * Expression: 
    +---------------------------+----------+----+---+----+------------+------------+
    |       Variable Name       | Operation| DSP| FF| LUT| Bitwidth P0| Bitwidth P1|
    +---------------------------+----------+----+---+----+------------+------------+
    |add_ln453_fu_361_p2        |         +|   0|  0|  16|           9|           1|
    |ap_block_pp0_stage0_11001  |       and|   0|  0|   2|           1|           1|
    |icmp_ln453_fu_355_p2       |      icmp|   0|  0|  16|           9|           8|
    |ap_enable_pp0              |       xor|   0|  0|   2|           1|           2|
    +---------------------------+----------+----+---+----+------------+------------+
    |Total                      |          |   0|  0|  36|          20|          12|
    +---------------------------+----------+----+---+----+------------+------------+

    * Multiplexer: 
    +-------------------------+----+-----------+-----+-----------+
    |           Name          | LUT| Input Size| Bits| Total Bits|
    +-------------------------+----+-----------+-----+-----------+
    |ap_done_int              |   9|          2|    1|          2|
    |ap_enable_reg_pp0_iter1  |   9|          2|    1|          2|
    |ap_sig_allocacmp_i_1     |   9|          2|    9|         18|
    |gmem_Wd_blk_n_R          |   9|          2|    1|          2|
    |i_fu_120                 |   9|          2|    9|         18|
    +-------------------------+----+-----------+-----+-----------+
    |Total                    |  45|         10|   21|         42|
    +-------------------------+----+-----------+-----+-----------+

    * Register: 
    +-------------------------------------------+-----+----+-----+-----------+
    |                    Name                   |  FF | LUT| Bits| Const Bits|
    +-------------------------------------------+-----+----+-----+-----------+
    |ap_CS_fsm                                  |    1|   0|    1|          0|
    |ap_block_pp0_stage0_subdone_grp0_done_reg  |    1|   0|    1|          0|
    |ap_done_reg                                |    1|   0|    1|          0|
    |ap_enable_reg_pp0_iter1                    |    1|   0|    1|          0|
    |ap_enable_reg_pp0_iter2                    |    1|   0|    1|          0|
    |ap_loop_exit_ready_pp0_iter1_reg           |    1|   0|    1|          0|
    |gmem_Wd_addr_read_reg_470                  |  128|   0|  128|          0|
    |i_fu_120                                   |    9|   0|    9|          0|
    |lshr_ln_reg_465                            |    5|   0|    5|          0|
    |lshr_ln_reg_465_pp0_iter1_reg              |    5|   0|    5|          0|
    |trunc_ln453_reg_461                        |    4|   0|    4|          0|
    |trunc_ln453_reg_461_pp0_iter1_reg          |    4|   0|    4|          0|
    +-------------------------------------------+-----+----+-----+-----------+
    |Total                                      |  161|   0|  161|          0|
    +-------------------------------------------+-----+----+-----+-----------+



================================================================
== Interface
================================================================
* Summary: 
+--------------------------+-----+-----+------------+------------------------------------------+--------------+
|         RTL Ports        | Dir | Bits|  Protocol  |               Source Object              |    C Type    |
+--------------------------+-----+-----+------------+------------------------------------------+--------------+
|ap_clk                    |   in|    1|  ap_ctrl_hs|  load_row_down_q6k_Pipeline_LOAD_DOWN_Q6K|  return value|
|ap_rst                    |   in|    1|  ap_ctrl_hs|  load_row_down_q6k_Pipeline_LOAD_DOWN_Q6K|  return value|
|ap_start                  |   in|    1|  ap_ctrl_hs|  load_row_down_q6k_Pipeline_LOAD_DOWN_Q6K|  return value|
|ap_done                   |  out|    1|  ap_ctrl_hs|  load_row_down_q6k_Pipeline_LOAD_DOWN_Q6K|  return value|
|ap_idle                   |  out|    1|  ap_ctrl_hs|  load_row_down_q6k_Pipeline_LOAD_DOWN_Q6K|  return value|
|ap_ready                  |  out|    1|  ap_ctrl_hs|  load_row_down_q6k_Pipeline_LOAD_DOWN_Q6K|  return value|
|m_axi_gmem_Wd_0_AWVALID   |  out|    1|       m_axi|                                   gmem_Wd|       pointer|
|m_axi_gmem_Wd_0_AWREADY   |   in|    1|       m_axi|                                   gmem_Wd|       pointer|
|m_axi_gmem_Wd_0_AWADDR    |  out|   64|       m_axi|                                   gmem_Wd|       pointer|
|m_axi_gmem_Wd_0_AWID      |  out|    1|       m_axi|                                   gmem_Wd|       pointer|
|m_axi_gmem_Wd_0_AWLEN     |  out|   32|       m_axi|                                   gmem_Wd|       pointer|
|m_axi_gmem_Wd_0_AWSIZE    |  out|    3|       m_axi|                                   gmem_Wd|       pointer|
|m_axi_gmem_Wd_0_AWBURST   |  out|    2|       m_axi|                                   gmem_Wd|       pointer|
|m_axi_gmem_Wd_0_AWLOCK    |  out|    2|       m_axi|                                   gmem_Wd|       pointer|
|m_axi_gmem_Wd_0_AWCACHE   |  out|    4|       m_axi|                                   gmem_Wd|       pointer|
|m_axi_gmem_Wd_0_AWPROT    |  out|    3|       m_axi|                                   gmem_Wd|       pointer|
|m_axi_gmem_Wd_0_AWQOS     |  out|    4|       m_axi|                                   gmem_Wd|       pointer|
|m_axi_gmem_Wd_0_AWREGION  |  out|    4|       m_axi|                                   gmem_Wd|       pointer|
|m_axi_gmem_Wd_0_AWUSER    |  out|    1|       m_axi|                                   gmem_Wd|       pointer|
|m_axi_gmem_Wd_0_WVALID    |  out|    1|       m_axi|                                   gmem_Wd|       pointer|
|m_axi_gmem_Wd_0_WREADY    |   in|    1|       m_axi|                                   gmem_Wd|       pointer|
|m_axi_gmem_Wd_0_WDATA     |  out|  128|       m_axi|                                   gmem_Wd|       pointer|
|m_axi_gmem_Wd_0_WSTRB     |  out|   16|       m_axi|                                   gmem_Wd|       pointer|
|m_axi_gmem_Wd_0_WLAST     |  out|    1|       m_axi|                                   gmem_Wd|       pointer|
|m_axi_gmem_Wd_0_WID       |  out|    1|       m_axi|                                   gmem_Wd|       pointer|
|m_axi_gmem_Wd_0_WUSER     |  out|    1|       m_axi|                                   gmem_Wd|       pointer|
|m_axi_gmem_Wd_0_ARVALID   |  out|    1|       m_axi|                                   gmem_Wd|       pointer|
|m_axi_gmem_Wd_0_ARREADY   |   in|    1|       m_axi|                                   gmem_Wd|       pointer|
|m_axi_gmem_Wd_0_ARADDR    |  out|   64|       m_axi|                                   gmem_Wd|       pointer|
|m_axi_gmem_Wd_0_ARID      |  out|    1|       m_axi|                                   gmem_Wd|       pointer|
|m_axi_gmem_Wd_0_ARLEN     |  out|   32|       m_axi|                                   gmem_Wd|       pointer|
|m_axi_gmem_Wd_0_ARSIZE    |  out|    3|       m_axi|                                   gmem_Wd|       pointer|
|m_axi_gmem_Wd_0_ARBURST   |  out|    2|       m_axi|                                   gmem_Wd|       pointer|
|m_axi_gmem_Wd_0_ARLOCK    |  out|    2|       m_axi|                                   gmem_Wd|       pointer|
|m_axi_gmem_Wd_0_ARCACHE   |  out|    4|       m_axi|                                   gmem_Wd|       pointer|
|m_axi_gmem_Wd_0_ARPROT    |  out|    3|       m_axi|                                   gmem_Wd|       pointer|
|m_axi_gmem_Wd_0_ARQOS     |  out|    4|       m_axi|                                   gmem_Wd|       pointer|
|m_axi_gmem_Wd_0_ARREGION  |  out|    4|       m_axi|                                   gmem_Wd|       pointer|
|m_axi_gmem_Wd_0_ARUSER    |  out|    1|       m_axi|                                   gmem_Wd|       pointer|
|m_axi_gmem_Wd_0_RVALID    |   in|    1|       m_axi|                                   gmem_Wd|       pointer|
|m_axi_gmem_Wd_0_RREADY    |  out|    1|       m_axi|                                   gmem_Wd|       pointer|
|m_axi_gmem_Wd_0_RDATA     |   in|  128|       m_axi|                                   gmem_Wd|       pointer|
|m_axi_gmem_Wd_0_RLAST     |   in|    1|       m_axi|                                   gmem_Wd|       pointer|
|m_axi_gmem_Wd_0_RID       |   in|    1|       m_axi|                                   gmem_Wd|       pointer|
|m_axi_gmem_Wd_0_RFIFONUM  |   in|   10|       m_axi|                                   gmem_Wd|       pointer|
|m_axi_gmem_Wd_0_RUSER     |   in|    1|       m_axi|                                   gmem_Wd|       pointer|
|m_axi_gmem_Wd_0_RRESP     |   in|    2|       m_axi|                                   gmem_Wd|       pointer|
|m_axi_gmem_Wd_0_BVALID    |   in|    1|       m_axi|                                   gmem_Wd|       pointer|
|m_axi_gmem_Wd_0_BREADY    |  out|    1|       m_axi|                                   gmem_Wd|       pointer|
|m_axi_gmem_Wd_0_BRESP     |   in|    2|       m_axi|                                   gmem_Wd|       pointer|
|m_axi_gmem_Wd_0_BID       |   in|    1|       m_axi|                                   gmem_Wd|       pointer|
|m_axi_gmem_Wd_0_BUSER     |   in|    1|       m_axi|                                   gmem_Wd|       pointer|
|sext_ln453                |   in|   60|     ap_none|                                sext_ln453|        scalar|
|rb_15_address0            |  out|    5|   ap_memory|                                     rb_15|         array|
|rb_15_ce0                 |  out|    1|   ap_memory|                                     rb_15|         array|
|rb_15_we0                 |  out|    1|   ap_memory|                                     rb_15|         array|
|rb_15_d0                  |  out|  128|   ap_memory|                                     rb_15|         array|
|rb_14_address0            |  out|    5|   ap_memory|                                     rb_14|         array|
|rb_14_ce0                 |  out|    1|   ap_memory|                                     rb_14|         array|
|rb_14_we0                 |  out|    1|   ap_memory|                                     rb_14|         array|
|rb_14_d0                  |  out|  128|   ap_memory|                                     rb_14|         array|
|rb_13_address0            |  out|    5|   ap_memory|                                     rb_13|         array|
|rb_13_ce0                 |  out|    1|   ap_memory|                                     rb_13|         array|
|rb_13_we0                 |  out|    1|   ap_memory|                                     rb_13|         array|
|rb_13_d0                  |  out|  128|   ap_memory|                                     rb_13|         array|
|rb_12_address0            |  out|    5|   ap_memory|                                     rb_12|         array|
|rb_12_ce0                 |  out|    1|   ap_memory|                                     rb_12|         array|
|rb_12_we0                 |  out|    1|   ap_memory|                                     rb_12|         array|
|rb_12_d0                  |  out|  128|   ap_memory|                                     rb_12|         array|
|rb_11_address0            |  out|    5|   ap_memory|                                     rb_11|         array|
|rb_11_ce0                 |  out|    1|   ap_memory|                                     rb_11|         array|
|rb_11_we0                 |  out|    1|   ap_memory|                                     rb_11|         array|
|rb_11_d0                  |  out|  128|   ap_memory|                                     rb_11|         array|
|rb_10_address0            |  out|    5|   ap_memory|                                     rb_10|         array|
|rb_10_ce0                 |  out|    1|   ap_memory|                                     rb_10|         array|
|rb_10_we0                 |  out|    1|   ap_memory|                                     rb_10|         array|
|rb_10_d0                  |  out|  128|   ap_memory|                                     rb_10|         array|
|rb_9_address0             |  out|    5|   ap_memory|                                      rb_9|         array|
|rb_9_ce0                  |  out|    1|   ap_memory|                                      rb_9|         array|
|rb_9_we0                  |  out|    1|   ap_memory|                                      rb_9|         array|
|rb_9_d0                   |  out|  128|   ap_memory|                                      rb_9|         array|
|rb_8_address0             |  out|    5|   ap_memory|                                      rb_8|         array|
|rb_8_ce0                  |  out|    1|   ap_memory|                                      rb_8|         array|
|rb_8_we0                  |  out|    1|   ap_memory|                                      rb_8|         array|
|rb_8_d0                   |  out|  128|   ap_memory|                                      rb_8|         array|
|rb_7_address0             |  out|    5|   ap_memory|                                      rb_7|         array|
|rb_7_ce0                  |  out|    1|   ap_memory|                                      rb_7|         array|
|rb_7_we0                  |  out|    1|   ap_memory|                                      rb_7|         array|
|rb_7_d0                   |  out|  128|   ap_memory|                                      rb_7|         array|
|rb_6_address0             |  out|    5|   ap_memory|                                      rb_6|         array|
|rb_6_ce0                  |  out|    1|   ap_memory|                                      rb_6|         array|
|rb_6_we0                  |  out|    1|   ap_memory|                                      rb_6|         array|
|rb_6_d0                   |  out|  128|   ap_memory|                                      rb_6|         array|
|rb_5_address0             |  out|    5|   ap_memory|                                      rb_5|         array|
|rb_5_ce0                  |  out|    1|   ap_memory|                                      rb_5|         array|
|rb_5_we0                  |  out|    1|   ap_memory|                                      rb_5|         array|
|rb_5_d0                   |  out|  128|   ap_memory|                                      rb_5|         array|
|rb_4_address0             |  out|    5|   ap_memory|                                      rb_4|         array|
|rb_4_ce0                  |  out|    1|   ap_memory|                                      rb_4|         array|
|rb_4_we0                  |  out|    1|   ap_memory|                                      rb_4|         array|
|rb_4_d0                   |  out|  128|   ap_memory|                                      rb_4|         array|
|rb_3_address0             |  out|    5|   ap_memory|                                      rb_3|         array|
|rb_3_ce0                  |  out|    1|   ap_memory|                                      rb_3|         array|
|rb_3_we0                  |  out|    1|   ap_memory|                                      rb_3|         array|
|rb_3_d0                   |  out|  128|   ap_memory|                                      rb_3|         array|
|rb_2_address0             |  out|    5|   ap_memory|                                      rb_2|         array|
|rb_2_ce0                  |  out|    1|   ap_memory|                                      rb_2|         array|
|rb_2_we0                  |  out|    1|   ap_memory|                                      rb_2|         array|
|rb_2_d0                   |  out|  128|   ap_memory|                                      rb_2|         array|
|rb_1_address0             |  out|    5|   ap_memory|                                      rb_1|         array|
|rb_1_ce0                  |  out|    1|   ap_memory|                                      rb_1|         array|
|rb_1_we0                  |  out|    1|   ap_memory|                                      rb_1|         array|
|rb_1_d0                   |  out|  128|   ap_memory|                                      rb_1|         array|
|rb_0_address0             |  out|    5|   ap_memory|                                      rb_0|         array|
|rb_0_ce0                  |  out|    1|   ap_memory|                                      rb_0|         array|
|rb_0_we0                  |  out|    1|   ap_memory|                                      rb_0|         array|
|rb_0_d0                   |  out|  128|   ap_memory|                                      rb_0|         array|
+--------------------------+-----+-----+------------+------------------------------------------+--------------+

