

================================================================
== Vitis HLS Report for 'load_row_wv'
================================================================
* Date:           Sat Mar 28 22:37:28 2026

* Version:        2025.1 (Build 6135595 on May 21 2025)
* Project:        swiglu
* Solution:       hls (Vivado IP Flow Target)
* Product family: zynquplus
* Target device:  xck26-sfvc784-2LV-c


================================================================
== Performance Estimates
================================================================
+ Timing: 
    * Summary: 
    +--------+---------+----------+------------+
    |  Clock |  Target | Estimated| Uncertainty|
    +--------+---------+----------+------------+
    |ap_clk  |  3.33 ns|  2.412 ns|     0.90 ns|
    +--------+---------+----------+------------+

+ Latency: 
    * Summary: 
    +---------+---------+----------+----------+-----+-----+------------------------------------------------+
    |  Latency (cycles) |  Latency (absolute) |  Interval |                    Pipeline                    |
    |   min   |   max   |    min   |    max   | min | max |                      Type                      |
    +---------+---------+----------+----------+-----+-----+------------------------------------------------+
    |       75|       75|  0.250 us|  0.250 us|   73|   73|  loop auto-rewind stp (delay=0 clock cycles(s))|
    +---------+---------+----------+----------+-----+-----+------------------------------------------------+

    + Detail: 
        * Instance: 
        N/A

        * Loop: 
        +----------------------------+---------+---------+----------+-----------+-----------+------+----------+
        |                            |  Latency (cycles) | Iteration|  Initiation Interval  | Trip |          |
        |          Loop Name         |   min   |   max   |  Latency |  achieved |   target  | Count| Pipelined|
        +----------------------------+---------+---------+----------+-----------+-----------+------+----------+
        |- LOAD_WV_VITIS_LOOP_100_1  |       73|       73|         3|          1|          1|    72|       yes|
        +----------------------------+---------+---------+----------+-----------+-----------+------+----------+



================================================================
== Utilization Estimates
================================================================
* Summary: 
+-----------------+---------+------+--------+--------+-----+
|       Name      | BRAM_18K|  DSP |   FF   |   LUT  | URAM|
+-----------------+---------+------+--------+--------+-----+
|DSP              |        -|     -|       -|       -|    -|
|Expression       |        -|     -|       0|      74|    -|
|FIFO             |        -|     -|       -|       -|    -|
|Instance         |        -|     -|       -|       -|    -|
|Memory           |        -|     -|       -|       -|    -|
|Multiplexer      |        -|     -|       0|      54|    -|
|Register         |        -|     -|      27|       -|    -|
+-----------------+---------+------+--------+--------+-----+
|Total            |        0|     0|      27|     128|    0|
+-----------------+---------+------+--------+--------+-----+
|Available        |      288|  1248|  234240|  117120|   64|
+-----------------+---------+------+--------+--------+-----+
|Utilization (%)  |        0|     0|      ~0|      ~0|    0|
+-----------------+---------+------+--------+--------+-----+

+ Detail: 
    * Instance: 
    N/A

    * DSP: 
    N/A

    * Memory: 
    N/A

    * FIFO: 
    N/A

    * Expression: 
    +-------------------------+----------+----+---+----+------------+------------+
    |      Variable Name      | Operation| DSP| FF| LUT| Bitwidth P0| Bitwidth P1|
    +-------------------------+----------+----+---+----+------------+------------+
    |add_ln100_fu_277_p2      |         +|   0|  0|  12|           4|           1|
    |add_ln99_1_fu_241_p2     |         +|   0|  0|  12|           4|           1|
    |add_ln99_fu_210_p2       |         +|   0|  0|  14|           7|           1|
    |icmp_ln100_fu_227_p2     |      icmp|   0|  0|  12|           4|           4|
    |icmp_ln99_fu_204_p2      |      icmp|   0|  0|  14|           7|           7|
    |select_ln99_1_fu_247_p3  |    select|   0|  0|   4|           1|           4|
    |select_ln99_fu_233_p3    |    select|   0|  0|   4|           1|           1|
    |ap_enable_pp0            |       xor|   0|  0|   2|           1|           2|
    +-------------------------+----------+----+---+----+------------+------------+
    |Total                    |          |   0|  0|  74|          29|          21|
    +-------------------------+----------+----+---+----+------------+------------+

    * Multiplexer: 
    +--------------------------------------+----+-----------+-----+-----------+
    |                 Name                 | LUT| Input Size| Bits| Total Bits|
    +--------------------------------------+----+-----------+-----+-----------+
    |ap_done_int                           |   9|          2|    1|          2|
    |ap_enable_reg_pp0_iter1               |   9|          2|    1|          2|
    |ap_sig_allocacmp_indvar_flatten_load  |   9|          2|    7|         14|
    |b_fu_68                               |   9|          2|    4|          8|
    |indvar_flatten_fu_72                  |   9|          2|    7|         14|
    |w_fu_64                               |   9|          2|    4|          8|
    +--------------------------------------+----+-----------+-----+-----------+
    |Total                                 |  54|         12|   24|         48|
    +--------------------------------------+----+-----------+-----+-----------+

    * Register: 
    +----------------------------------+---+----+-----+-----------+
    |               Name               | FF| LUT| Bits| Const Bits|
    +----------------------------------+---+----+-----+-----------+
    |ap_CS_fsm                         |  1|   0|    1|          0|
    |ap_done_reg                       |  1|   0|    1|          0|
    |ap_enable_reg_pp0_iter1           |  1|   0|    1|          0|
    |ap_enable_reg_pp0_iter2           |  1|   0|    1|          0|
    |ap_loop_exit_ready_pp0_iter1_reg  |  1|   0|    1|          0|
    |b_fu_68                           |  4|   0|    4|          0|
    |indvar_flatten_fu_72              |  7|   0|    7|          0|
    |select_ln99_reg_341               |  4|   0|    4|          0|
    |trunc_ln99_reg_346                |  3|   0|    3|          0|
    |w_fu_64                           |  4|   0|    4|          0|
    +----------------------------------+---+----+-----+-----------+
    |Total                             | 27|   0|   27|          0|
    +----------------------------------+---+----+-----+-----------+



================================================================
== Interface
================================================================
* Summary: 
+---------------+-----+-----+------------+--------------+--------------+
|   RTL Ports   | Dir | Bits|  Protocol  | Source Object|    C Type    |
+---------------+-----+-----+------------+--------------+--------------+
|ap_clk         |   in|    1|  ap_ctrl_hs|   load_row_wv|  return value|
|ap_rst         |   in|    1|  ap_ctrl_hs|   load_row_wv|  return value|
|ap_start       |   in|    1|  ap_ctrl_hs|   load_row_wv|  return value|
|ap_done        |  out|    1|  ap_ctrl_hs|   load_row_wv|  return value|
|ap_idle        |  out|    1|  ap_ctrl_hs|   load_row_wv|  return value|
|ap_ready       |  out|    1|  ap_ctrl_hs|   load_row_wv|  return value|
|W_wide_read    |   in|    8|     ap_none|   W_wide_read|        scalar|
|rb_0_address0  |  out|    4|   ap_memory|          rb_0|         array|
|rb_0_ce0       |  out|    1|   ap_memory|          rb_0|         array|
|rb_0_we0       |  out|    1|   ap_memory|          rb_0|         array|
|rb_0_d0        |  out|    8|   ap_memory|          rb_0|         array|
|rb_1_address0  |  out|    4|   ap_memory|          rb_1|         array|
|rb_1_ce0       |  out|    1|   ap_memory|          rb_1|         array|
|rb_1_we0       |  out|    1|   ap_memory|          rb_1|         array|
|rb_1_d0        |  out|    8|   ap_memory|          rb_1|         array|
|rb_2_address0  |  out|    4|   ap_memory|          rb_2|         array|
|rb_2_ce0       |  out|    1|   ap_memory|          rb_2|         array|
|rb_2_we0       |  out|    1|   ap_memory|          rb_2|         array|
|rb_2_d0        |  out|    8|   ap_memory|          rb_2|         array|
|rb_3_address0  |  out|    4|   ap_memory|          rb_3|         array|
|rb_3_ce0       |  out|    1|   ap_memory|          rb_3|         array|
|rb_3_we0       |  out|    1|   ap_memory|          rb_3|         array|
|rb_3_d0        |  out|    8|   ap_memory|          rb_3|         array|
|rb_4_address0  |  out|    4|   ap_memory|          rb_4|         array|
|rb_4_ce0       |  out|    1|   ap_memory|          rb_4|         array|
|rb_4_we0       |  out|    1|   ap_memory|          rb_4|         array|
|rb_4_d0        |  out|    8|   ap_memory|          rb_4|         array|
|rb_5_address0  |  out|    4|   ap_memory|          rb_5|         array|
|rb_5_ce0       |  out|    1|   ap_memory|          rb_5|         array|
|rb_5_we0       |  out|    1|   ap_memory|          rb_5|         array|
|rb_5_d0        |  out|    8|   ap_memory|          rb_5|         array|
|rb_6_address0  |  out|    4|   ap_memory|          rb_6|         array|
|rb_6_ce0       |  out|    1|   ap_memory|          rb_6|         array|
|rb_6_we0       |  out|    1|   ap_memory|          rb_6|         array|
|rb_6_d0        |  out|    8|   ap_memory|          rb_6|         array|
|rb_7_address0  |  out|    4|   ap_memory|          rb_7|         array|
|rb_7_ce0       |  out|    1|   ap_memory|          rb_7|         array|
|rb_7_we0       |  out|    1|   ap_memory|          rb_7|         array|
|rb_7_d0        |  out|    8|   ap_memory|          rb_7|         array|
+---------------+-----+-----+------------+--------------+--------------+

