

================================================================
== Vitis HLS Report for 'load_row_down_q6k_Pipeline_EXTRACT_SC'
================================================================
* Date:           Thu Apr  2 09:24:05 2026

* Version:        2025.1 (Build 6135595 on May 21 2025)
* Project:        swiglu
* Solution:       hls (Vivado IP Flow Target)
* Product family: zynquplus
* Target device:  xck26-sfvc784-2LV-c


================================================================
== Performance Estimates
================================================================
+ Timing: 
    * Summary: 
    +--------+---------+----------+------------+
    |  Clock |  Target | Estimated| Uncertainty|
    +--------+---------+----------+------------+
    |ap_clk  |  4.00 ns|  2.643 ns|     1.08 ns|
    +--------+---------+----------+------------+

+ Latency: 
    * Summary: 
    +---------+---------+----------+----------+-----+-----+------------------------------------------------+
    |  Latency (cycles) |  Latency (absolute) |  Interval |                    Pipeline                    |
    |   min   |   max   |    min   |    max   | min | max |                      Type                      |
    +---------+---------+----------+----------+-----+-----+------------------------------------------------+
    |       67|       67|  0.268 us|  0.268 us|   66|   66|  loop auto-rewind stp (delay=0 clock cycles(s))|
    +---------+---------+----------+----------+-----+-----+------------------------------------------------+

    + Detail: 
        * Instance: 
        N/A

        * Loop: 
        +--------------+---------+---------+----------+-----------+-----------+------+----------+
        |              |  Latency (cycles) | Iteration|  Initiation Interval  | Trip |          |
        |   Loop Name  |   min   |   max   |  Latency |  achieved |   target  | Count| Pipelined|
        +--------------+---------+---------+----------+-----------+-----------+------+----------+
        |- EXTRACT_SC  |       65|       65|         5|          4|          1|    16|       yes|
        +--------------+---------+---------+----------+-----------+-----------+------+----------+



================================================================
== Utilization Estimates
================================================================
* Summary: 
+-----------------+---------+------+--------+--------+-----+
|       Name      | BRAM_18K|  DSP |   FF   |   LUT  | URAM|
+-----------------+---------+------+--------+--------+-----+
|DSP              |        -|     -|       -|       -|    -|
|Expression       |        -|     -|       0|     155|    -|
|FIFO             |        -|     -|       -|       -|    -|
|Instance         |        -|     -|       0|     396|    -|
|Memory           |        -|     -|       -|       -|    -|
|Multiplexer      |        -|     -|       0|     496|    -|
|Register         |        -|     -|      91|       -|    -|
+-----------------+---------+------+--------+--------+-----+
|Total            |        0|     0|      91|    1047|    0|
+-----------------+---------+------+--------+--------+-----+
|Available        |      288|  1248|  234240|  117120|   64|
+-----------------+---------+------+--------+--------+-----+
|Utilization (%)  |        0|     0|      ~0|      ~0|    0|
+-----------------+---------+------+--------+--------+-----+

+ Detail: 
    * Instance: 
    +--------------------------------------+--------------------------------+---------+----+---+----+-----+
    |               Instance               |             Module             | BRAM_18K| DSP| FF| LUT| URAM|
    +--------------------------------------+--------------------------------+---------+----+---+----+-----+
    |partselect_8ns_128ns_7ns_8_1_1_U2672  |partselect_8ns_128ns_7ns_8_1_1  |        0|   0|  0|  34|    0|
    |partselect_8ns_128ns_7ns_8_1_1_U2674  |partselect_8ns_128ns_7ns_8_1_1  |        0|   0|  0|  34|    0|
    |partselect_8ns_128ns_7ns_8_1_1_U2676  |partselect_8ns_128ns_7ns_8_1_1  |        0|   0|  0|  34|    0|
    |partselect_8ns_128ns_7ns_8_1_1_U2678  |partselect_8ns_128ns_7ns_8_1_1  |        0|   0|  0|  34|    0|
    |sparsemux_33_4_128_1_1_U2671          |sparsemux_33_4_128_1_1          |        0|   0|  0|  65|    0|
    |sparsemux_33_4_128_1_1_U2673          |sparsemux_33_4_128_1_1          |        0|   0|  0|  65|    0|
    |sparsemux_33_4_128_1_1_U2675          |sparsemux_33_4_128_1_1          |        0|   0|  0|  65|    0|
    |sparsemux_33_4_128_1_1_U2677          |sparsemux_33_4_128_1_1          |        0|   0|  0|  65|    0|
    +--------------------------------------+--------------------------------+---------+----+---+----+-----+
    |Total                                 |                                |        0|   0|  0| 396|    0|
    +--------------------------------------+--------------------------------+---------+----+---+----+-----+

    * DSP: 
    N/A

    * Memory: 
    N/A

    * FIFO: 
    N/A

    * Expression: 
    +-----------------------+----------+----+---+----+------------+------------+
    |     Variable Name     | Operation| DSP| FF| LUT| Bitwidth P0| Bitwidth P1|
    +-----------------------+----------+----+---+----+------------+------------+
    |add_ln55_1_fu_1447_p2  |         +|   0|  0|  15|           8|           8|
    |add_ln55_2_fu_1461_p2  |         +|   0|  0|  20|          13|          13|
    |add_ln55_3_fu_1525_p2  |         +|   0|  0|  17|          10|          10|
    |add_ln55_4_fu_1535_p2  |         +|   0|  0|  20|          13|          13|
    |add_ln55_5_fu_1681_p2  |         +|   0|  0|  16|           9|           9|
    |add_ln55_6_fu_1695_p2  |         +|   0|  0|  20|          13|          13|
    |add_ln55_fu_1266_p2    |         +|   0|  0|  20|          13|          13|
    |add_ln590_fu_1334_p2   |         +|   0|  0|  12|           5|           1|
    |icmp_ln590_fu_1236_p2  |      icmp|   0|  0|  13|           5|           6|
    |ap_enable_pp0          |       xor|   0|  0|   2|           1|           2|
    +-----------------------+----------+----+---+----+------------+------------+
    |Total                  |          |   0|  0| 155|          90|          88|
    +-----------------------+----------+----+---+----+------------+------------+

    * Multiplexer: 
    +-----------------------------+----+-----------+-----+-----------+
    |             Name            | LUT| Input Size| Bits| Total Bits|
    +-----------------------------+----+-----------+-----+-----------+
    |ap_NS_fsm                    |  26|          5|    1|          5|
    |ap_done_int                  |   9|          2|    1|          2|
    |ap_enable_reg_pp0_iter0      |   9|          2|    1|          2|
    |ap_enable_reg_pp0_iter0_reg  |   9|          2|    1|          2|
    |ap_enable_reg_pp0_iter1      |   9|          2|    1|          2|
    |ap_sig_allocacmp_k_1         |   9|          2|    5|         10|
    |flat_16_address0_local       |  26|          5|    5|         25|
    |flat_17_address0_local       |  26|          5|    5|         25|
    |flat_18_address0_local       |  26|          5|    5|         25|
    |flat_19_address0_local       |  26|          5|    5|         25|
    |flat_20_address0_local       |  26|          5|    5|         25|
    |flat_21_address0_local       |  26|          5|    5|         25|
    |flat_22_address0_local       |  26|          5|    5|         25|
    |flat_23_address0_local       |  26|          5|    5|         25|
    |flat_24_address0_local       |  26|          5|    5|         25|
    |flat_25_address0_local       |  26|          5|    5|         25|
    |flat_26_address0_local       |  26|          5|    5|         25|
    |flat_27_address0_local       |  26|          5|    5|         25|
    |flat_28_address0_local       |  26|          5|    5|         25|
    |flat_29_address0_local       |  26|          5|    5|         25|
    |flat_30_address0_local       |  26|          5|    5|         25|
    |flat_address0_local          |  26|          5|    5|         25|
    |k_fu_212                     |   9|          2|    5|         10|
    +-----------------------------+----+-----------+-----+-----------+
    |Total                        | 496|         97|   95|        433|
    +-----------------------------+----+-----------+-----+-----------+

    * Register: 
    +-----------------------------+---+----+-----+-----------+
    |             Name            | FF| LUT| Bits| Const Bits|
    +-----------------------------+---+----+-----+-----------+
    |ap_CS_fsm                    |  4|   0|    4|          0|
    |ap_done_reg                  |  1|   0|    1|          0|
    |ap_enable_reg_pp0_iter0_reg  |  1|   0|    1|          0|
    |ap_enable_reg_pp0_iter1      |  1|   0|    1|          0|
    |icmp_ln590_reg_1949          |  1|   0|    1|          0|
    |k_1_reg_1943                 |  5|   0|    5|          0|
    |k_fu_212                     |  5|   0|    5|          0|
    |sc_buf_11_addr_reg_2358      |  4|   0|    4|          0|
    |sc_buf_15_addr_reg_2363      |  4|   0|    4|          0|
    |sc_buf_19_addr_reg_2368      |  4|   0|    4|          0|
    |sc_buf_23_addr_reg_2373      |  4|   0|    4|          0|
    |sc_buf_27_addr_reg_2378      |  4|   0|    4|          0|
    |sc_buf_31_addr_reg_2383      |  4|   0|    4|          0|
    |sc_buf_3_addr_reg_2348       |  4|   0|    4|          0|
    |sc_buf_7_addr_reg_2353       |  4|   0|    4|          0|
    |trunc_ln55_1_reg_2078        |  4|   0|    4|          0|
    |trunc_ln55_2_reg_2083        |  4|   0|    4|          0|
    |trunc_ln55_3_reg_2168        |  4|   0|    4|          0|
    |trunc_ln55_4_reg_2173        |  4|   0|    4|          0|
    |trunc_ln55_5_reg_2258        |  4|   0|    4|          0|
    |trunc_ln55_6_reg_2263        |  4|   0|    4|          0|
    |trunc_ln55_reg_1965          |  4|   0|    4|          0|
    |trunc_ln55_s_reg_1960        |  4|   0|    4|          0|
    |trunc_ln595_reg_1953         |  4|   0|    4|          0|
    |zext_ln590_reg_2050          |  5|   0|   64|         59|
    +-----------------------------+---+----+-----+-----------+
    |Total                        | 91|   0|  150|         59|
    +-----------------------------+---+----+-----+-----------+



================================================================
== Interface
================================================================
* Summary: 
+--------------------+-----+-----+------------+---------------------------------------+--------------+
|      RTL Ports     | Dir | Bits|  Protocol  |             Source Object             |    C Type    |
+--------------------+-----+-----+------------+---------------------------------------+--------------+
|ap_clk              |   in|    1|  ap_ctrl_hs|  load_row_down_q6k_Pipeline_EXTRACT_SC|  return value|
|ap_rst              |   in|    1|  ap_ctrl_hs|  load_row_down_q6k_Pipeline_EXTRACT_SC|  return value|
|ap_start            |   in|    1|  ap_ctrl_hs|  load_row_down_q6k_Pipeline_EXTRACT_SC|  return value|
|ap_done             |  out|    1|  ap_ctrl_hs|  load_row_down_q6k_Pipeline_EXTRACT_SC|  return value|
|ap_idle             |  out|    1|  ap_ctrl_hs|  load_row_down_q6k_Pipeline_EXTRACT_SC|  return value|
|ap_ready            |  out|    1|  ap_ctrl_hs|  load_row_down_q6k_Pipeline_EXTRACT_SC|  return value|
|sc_buf_31_address0  |  out|    4|   ap_memory|                              sc_buf_31|         array|
|sc_buf_31_ce0       |  out|    1|   ap_memory|                              sc_buf_31|         array|
|sc_buf_31_we0       |  out|    1|   ap_memory|                              sc_buf_31|         array|
|sc_buf_31_d0        |  out|    8|   ap_memory|                              sc_buf_31|         array|
|sc_buf_30_address0  |  out|    4|   ap_memory|                              sc_buf_30|         array|
|sc_buf_30_ce0       |  out|    1|   ap_memory|                              sc_buf_30|         array|
|sc_buf_30_we0       |  out|    1|   ap_memory|                              sc_buf_30|         array|
|sc_buf_30_d0        |  out|    8|   ap_memory|                              sc_buf_30|         array|
|sc_buf_29_address0  |  out|    4|   ap_memory|                              sc_buf_29|         array|
|sc_buf_29_ce0       |  out|    1|   ap_memory|                              sc_buf_29|         array|
|sc_buf_29_we0       |  out|    1|   ap_memory|                              sc_buf_29|         array|
|sc_buf_29_d0        |  out|    8|   ap_memory|                              sc_buf_29|         array|
|sc_buf_28_address0  |  out|    4|   ap_memory|                              sc_buf_28|         array|
|sc_buf_28_ce0       |  out|    1|   ap_memory|                              sc_buf_28|         array|
|sc_buf_28_we0       |  out|    1|   ap_memory|                              sc_buf_28|         array|
|sc_buf_28_d0        |  out|    8|   ap_memory|                              sc_buf_28|         array|
|sc_buf_27_address0  |  out|    4|   ap_memory|                              sc_buf_27|         array|
|sc_buf_27_ce0       |  out|    1|   ap_memory|                              sc_buf_27|         array|
|sc_buf_27_we0       |  out|    1|   ap_memory|                              sc_buf_27|         array|
|sc_buf_27_d0        |  out|    8|   ap_memory|                              sc_buf_27|         array|
|sc_buf_26_address0  |  out|    4|   ap_memory|                              sc_buf_26|         array|
|sc_buf_26_ce0       |  out|    1|   ap_memory|                              sc_buf_26|         array|
|sc_buf_26_we0       |  out|    1|   ap_memory|                              sc_buf_26|         array|
|sc_buf_26_d0        |  out|    8|   ap_memory|                              sc_buf_26|         array|
|sc_buf_25_address0  |  out|    4|   ap_memory|                              sc_buf_25|         array|
|sc_buf_25_ce0       |  out|    1|   ap_memory|                              sc_buf_25|         array|
|sc_buf_25_we0       |  out|    1|   ap_memory|                              sc_buf_25|         array|
|sc_buf_25_d0        |  out|    8|   ap_memory|                              sc_buf_25|         array|
|sc_buf_24_address0  |  out|    4|   ap_memory|                              sc_buf_24|         array|
|sc_buf_24_ce0       |  out|    1|   ap_memory|                              sc_buf_24|         array|
|sc_buf_24_we0       |  out|    1|   ap_memory|                              sc_buf_24|         array|
|sc_buf_24_d0        |  out|    8|   ap_memory|                              sc_buf_24|         array|
|sc_buf_23_address0  |  out|    4|   ap_memory|                              sc_buf_23|         array|
|sc_buf_23_ce0       |  out|    1|   ap_memory|                              sc_buf_23|         array|
|sc_buf_23_we0       |  out|    1|   ap_memory|                              sc_buf_23|         array|
|sc_buf_23_d0        |  out|    8|   ap_memory|                              sc_buf_23|         array|
|sc_buf_22_address0  |  out|    4|   ap_memory|                              sc_buf_22|         array|
|sc_buf_22_ce0       |  out|    1|   ap_memory|                              sc_buf_22|         array|
|sc_buf_22_we0       |  out|    1|   ap_memory|                              sc_buf_22|         array|
|sc_buf_22_d0        |  out|    8|   ap_memory|                              sc_buf_22|         array|
|sc_buf_21_address0  |  out|    4|   ap_memory|                              sc_buf_21|         array|
|sc_buf_21_ce0       |  out|    1|   ap_memory|                              sc_buf_21|         array|
|sc_buf_21_we0       |  out|    1|   ap_memory|                              sc_buf_21|         array|
|sc_buf_21_d0        |  out|    8|   ap_memory|                              sc_buf_21|         array|
|sc_buf_20_address0  |  out|    4|   ap_memory|                              sc_buf_20|         array|
|sc_buf_20_ce0       |  out|    1|   ap_memory|                              sc_buf_20|         array|
|sc_buf_20_we0       |  out|    1|   ap_memory|                              sc_buf_20|         array|
|sc_buf_20_d0        |  out|    8|   ap_memory|                              sc_buf_20|         array|
|sc_buf_19_address0  |  out|    4|   ap_memory|                              sc_buf_19|         array|
|sc_buf_19_ce0       |  out|    1|   ap_memory|                              sc_buf_19|         array|
|sc_buf_19_we0       |  out|    1|   ap_memory|                              sc_buf_19|         array|
|sc_buf_19_d0        |  out|    8|   ap_memory|                              sc_buf_19|         array|
|sc_buf_18_address0  |  out|    4|   ap_memory|                              sc_buf_18|         array|
|sc_buf_18_ce0       |  out|    1|   ap_memory|                              sc_buf_18|         array|
|sc_buf_18_we0       |  out|    1|   ap_memory|                              sc_buf_18|         array|
|sc_buf_18_d0        |  out|    8|   ap_memory|                              sc_buf_18|         array|
|sc_buf_17_address0  |  out|    4|   ap_memory|                              sc_buf_17|         array|
|sc_buf_17_ce0       |  out|    1|   ap_memory|                              sc_buf_17|         array|
|sc_buf_17_we0       |  out|    1|   ap_memory|                              sc_buf_17|         array|
|sc_buf_17_d0        |  out|    8|   ap_memory|                              sc_buf_17|         array|
|sc_buf_16_address0  |  out|    4|   ap_memory|                              sc_buf_16|         array|
|sc_buf_16_ce0       |  out|    1|   ap_memory|                              sc_buf_16|         array|
|sc_buf_16_we0       |  out|    1|   ap_memory|                              sc_buf_16|         array|
|sc_buf_16_d0        |  out|    8|   ap_memory|                              sc_buf_16|         array|
|sc_buf_15_address0  |  out|    4|   ap_memory|                              sc_buf_15|         array|
|sc_buf_15_ce0       |  out|    1|   ap_memory|                              sc_buf_15|         array|
|sc_buf_15_we0       |  out|    1|   ap_memory|                              sc_buf_15|         array|
|sc_buf_15_d0        |  out|    8|   ap_memory|                              sc_buf_15|         array|
|sc_buf_14_address0  |  out|    4|   ap_memory|                              sc_buf_14|         array|
|sc_buf_14_ce0       |  out|    1|   ap_memory|                              sc_buf_14|         array|
|sc_buf_14_we0       |  out|    1|   ap_memory|                              sc_buf_14|         array|
|sc_buf_14_d0        |  out|    8|   ap_memory|                              sc_buf_14|         array|
|sc_buf_13_address0  |  out|    4|   ap_memory|                              sc_buf_13|         array|
|sc_buf_13_ce0       |  out|    1|   ap_memory|                              sc_buf_13|         array|
|sc_buf_13_we0       |  out|    1|   ap_memory|                              sc_buf_13|         array|
|sc_buf_13_d0        |  out|    8|   ap_memory|                              sc_buf_13|         array|
|sc_buf_12_address0  |  out|    4|   ap_memory|                              sc_buf_12|         array|
|sc_buf_12_ce0       |  out|    1|   ap_memory|                              sc_buf_12|         array|
|sc_buf_12_we0       |  out|    1|   ap_memory|                              sc_buf_12|         array|
|sc_buf_12_d0        |  out|    8|   ap_memory|                              sc_buf_12|         array|
|sc_buf_11_address0  |  out|    4|   ap_memory|                              sc_buf_11|         array|
|sc_buf_11_ce0       |  out|    1|   ap_memory|                              sc_buf_11|         array|
|sc_buf_11_we0       |  out|    1|   ap_memory|                              sc_buf_11|         array|
|sc_buf_11_d0        |  out|    8|   ap_memory|                              sc_buf_11|         array|
|sc_buf_10_address0  |  out|    4|   ap_memory|                              sc_buf_10|         array|
|sc_buf_10_ce0       |  out|    1|   ap_memory|                              sc_buf_10|         array|
|sc_buf_10_we0       |  out|    1|   ap_memory|                              sc_buf_10|         array|
|sc_buf_10_d0        |  out|    8|   ap_memory|                              sc_buf_10|         array|
|sc_buf_9_address0   |  out|    4|   ap_memory|                               sc_buf_9|         array|
|sc_buf_9_ce0        |  out|    1|   ap_memory|                               sc_buf_9|         array|
|sc_buf_9_we0        |  out|    1|   ap_memory|                               sc_buf_9|         array|
|sc_buf_9_d0         |  out|    8|   ap_memory|                               sc_buf_9|         array|
|sc_buf_8_address0   |  out|    4|   ap_memory|                               sc_buf_8|         array|
|sc_buf_8_ce0        |  out|    1|   ap_memory|                               sc_buf_8|         array|
|sc_buf_8_we0        |  out|    1|   ap_memory|                               sc_buf_8|         array|
|sc_buf_8_d0         |  out|    8|   ap_memory|                               sc_buf_8|         array|
|sc_buf_7_address0   |  out|    4|   ap_memory|                               sc_buf_7|         array|
|sc_buf_7_ce0        |  out|    1|   ap_memory|                               sc_buf_7|         array|
|sc_buf_7_we0        |  out|    1|   ap_memory|                               sc_buf_7|         array|
|sc_buf_7_d0         |  out|    8|   ap_memory|                               sc_buf_7|         array|
|sc_buf_6_address0   |  out|    4|   ap_memory|                               sc_buf_6|         array|
|sc_buf_6_ce0        |  out|    1|   ap_memory|                               sc_buf_6|         array|
|sc_buf_6_we0        |  out|    1|   ap_memory|                               sc_buf_6|         array|
|sc_buf_6_d0         |  out|    8|   ap_memory|                               sc_buf_6|         array|
|sc_buf_5_address0   |  out|    4|   ap_memory|                               sc_buf_5|         array|
|sc_buf_5_ce0        |  out|    1|   ap_memory|                               sc_buf_5|         array|
|sc_buf_5_we0        |  out|    1|   ap_memory|                               sc_buf_5|         array|
|sc_buf_5_d0         |  out|    8|   ap_memory|                               sc_buf_5|         array|
|sc_buf_4_address0   |  out|    4|   ap_memory|                               sc_buf_4|         array|
|sc_buf_4_ce0        |  out|    1|   ap_memory|                               sc_buf_4|         array|
|sc_buf_4_we0        |  out|    1|   ap_memory|                               sc_buf_4|         array|
|sc_buf_4_d0         |  out|    8|   ap_memory|                               sc_buf_4|         array|
|sc_buf_3_address0   |  out|    4|   ap_memory|                               sc_buf_3|         array|
|sc_buf_3_ce0        |  out|    1|   ap_memory|                               sc_buf_3|         array|
|sc_buf_3_we0        |  out|    1|   ap_memory|                               sc_buf_3|         array|
|sc_buf_3_d0         |  out|    8|   ap_memory|                               sc_buf_3|         array|
|sc_buf_2_address0   |  out|    4|   ap_memory|                               sc_buf_2|         array|
|sc_buf_2_ce0        |  out|    1|   ap_memory|                               sc_buf_2|         array|
|sc_buf_2_we0        |  out|    1|   ap_memory|                               sc_buf_2|         array|
|sc_buf_2_d0         |  out|    8|   ap_memory|                               sc_buf_2|         array|
|sc_buf_1_address0   |  out|    4|   ap_memory|                               sc_buf_1|         array|
|sc_buf_1_ce0        |  out|    1|   ap_memory|                               sc_buf_1|         array|
|sc_buf_1_we0        |  out|    1|   ap_memory|                               sc_buf_1|         array|
|sc_buf_1_d0         |  out|    8|   ap_memory|                               sc_buf_1|         array|
|sc_buf_0_address0   |  out|    4|   ap_memory|                               sc_buf_0|         array|
|sc_buf_0_ce0        |  out|    1|   ap_memory|                               sc_buf_0|         array|
|sc_buf_0_we0        |  out|    1|   ap_memory|                               sc_buf_0|         array|
|sc_buf_0_d0         |  out|    8|   ap_memory|                               sc_buf_0|         array|
|empty_548           |   in|   13|     ap_none|                              empty_548|        scalar|
|flat_address0       |  out|    5|   ap_memory|                                   flat|         array|
|flat_ce0            |  out|    1|   ap_memory|                                   flat|         array|
|flat_q0             |   in|  128|   ap_memory|                                   flat|         array|
|flat_16_address0    |  out|    5|   ap_memory|                                flat_16|         array|
|flat_16_ce0         |  out|    1|   ap_memory|                                flat_16|         array|
|flat_16_q0          |   in|  128|   ap_memory|                                flat_16|         array|
|flat_17_address0    |  out|    5|   ap_memory|                                flat_17|         array|
|flat_17_ce0         |  out|    1|   ap_memory|                                flat_17|         array|
|flat_17_q0          |   in|  128|   ap_memory|                                flat_17|         array|
|flat_18_address0    |  out|    5|   ap_memory|                                flat_18|         array|
|flat_18_ce0         |  out|    1|   ap_memory|                                flat_18|         array|
|flat_18_q0          |   in|  128|   ap_memory|                                flat_18|         array|
|flat_19_address0    |  out|    5|   ap_memory|                                flat_19|         array|
|flat_19_ce0         |  out|    1|   ap_memory|                                flat_19|         array|
|flat_19_q0          |   in|  128|   ap_memory|                                flat_19|         array|
|flat_20_address0    |  out|    5|   ap_memory|                                flat_20|         array|
|flat_20_ce0         |  out|    1|   ap_memory|                                flat_20|         array|
|flat_20_q0          |   in|  128|   ap_memory|                                flat_20|         array|
|flat_21_address0    |  out|    5|   ap_memory|                                flat_21|         array|
|flat_21_ce0         |  out|    1|   ap_memory|                                flat_21|         array|
|flat_21_q0          |   in|  128|   ap_memory|                                flat_21|         array|
|flat_22_address0    |  out|    5|   ap_memory|                                flat_22|         array|
|flat_22_ce0         |  out|    1|   ap_memory|                                flat_22|         array|
|flat_22_q0          |   in|  128|   ap_memory|                                flat_22|         array|
|flat_23_address0    |  out|    5|   ap_memory|                                flat_23|         array|
|flat_23_ce0         |  out|    1|   ap_memory|                                flat_23|         array|
|flat_23_q0          |   in|  128|   ap_memory|                                flat_23|         array|
|flat_24_address0    |  out|    5|   ap_memory|                                flat_24|         array|
|flat_24_ce0         |  out|    1|   ap_memory|                                flat_24|         array|
|flat_24_q0          |   in|  128|   ap_memory|                                flat_24|         array|
|flat_25_address0    |  out|    5|   ap_memory|                                flat_25|         array|
|flat_25_ce0         |  out|    1|   ap_memory|                                flat_25|         array|
|flat_25_q0          |   in|  128|   ap_memory|                                flat_25|         array|
|flat_26_address0    |  out|    5|   ap_memory|                                flat_26|         array|
|flat_26_ce0         |  out|    1|   ap_memory|                                flat_26|         array|
|flat_26_q0          |   in|  128|   ap_memory|                                flat_26|         array|
|flat_27_address0    |  out|    5|   ap_memory|                                flat_27|         array|
|flat_27_ce0         |  out|    1|   ap_memory|                                flat_27|         array|
|flat_27_q0          |   in|  128|   ap_memory|                                flat_27|         array|
|flat_28_address0    |  out|    5|   ap_memory|                                flat_28|         array|
|flat_28_ce0         |  out|    1|   ap_memory|                                flat_28|         array|
|flat_28_q0          |   in|  128|   ap_memory|                                flat_28|         array|
|flat_29_address0    |  out|    5|   ap_memory|                                flat_29|         array|
|flat_29_ce0         |  out|    1|   ap_memory|                                flat_29|         array|
|flat_29_q0          |   in|  128|   ap_memory|                                flat_29|         array|
|flat_30_address0    |  out|    5|   ap_memory|                                flat_30|         array|
|flat_30_ce0         |  out|    1|   ap_memory|                                flat_30|         array|
|flat_30_q0          |   in|  128|   ap_memory|                                flat_30|         array|
|empty               |   in|    3|     ap_none|                                  empty|        scalar|
+--------------------+-----+-----+------------+---------------------------------------+--------------+

