

================================================================
== Vitis HLS Report for 'load_x_local'
================================================================
* Date:           Sat Mar 28 22:37:27 2026

* Version:        2025.1 (Build 6135595 on May 21 2025)
* Project:        swiglu
* Solution:       hls (Vivado IP Flow Target)
* Product family: zynquplus
* Target device:  xck26-sfvc784-2LV-c


================================================================
== Performance Estimates
================================================================
+ Timing: 
    * Summary: 
    +--------+---------+----------+------------+
    |  Clock |  Target | Estimated| Uncertainty|
    +--------+---------+----------+------------+
    |ap_clk  |  3.33 ns|  2.337 ns|     0.90 ns|
    +--------+---------+----------+------------+

+ Latency: 
    * Summary: 
    +---------+---------+----------+----------+-----+-----+------------------------------------------------+
    |  Latency (cycles) |  Latency (absolute) |  Interval |                    Pipeline                    |
    |   min   |   max   |    min   |    max   | min | max |                      Type                      |
    +---------+---------+----------+----------+-----+-----+------------------------------------------------+
    |      129|      129|  0.430 us|  0.430 us|  128|  128|  loop auto-rewind stp (delay=0 clock cycles(s))|
    +---------+---------+----------+----------+-----+-----+------------------------------------------------+

    + Detail: 
        * Instance: 
        N/A

        * Loop: 
        +--------------+---------+---------+----------+-----------+-----------+------+----------+
        |              |  Latency (cycles) | Iteration|  Initiation Interval  | Trip |          |
        |   Loop Name  |   min   |   max   |  Latency |  achieved |   target  | Count| Pipelined|
        +--------------+---------+---------+----------+-----------+-----------+------+----------+
        |- LOAD_X_VEC  |      127|      127|         1|          1|          1|   128|       yes|
        +--------------+---------+---------+----------+-----------+-----------+------+----------+



================================================================
== Utilization Estimates
================================================================
* Summary: 
+-----------------+---------+------+--------+--------+-----+
|       Name      | BRAM_18K|  DSP |   FF   |   LUT  | URAM|
+-----------------+---------+------+--------+--------+-----+
|DSP              |        -|     -|       -|       -|    -|
|Expression       |        -|     -|       0|      30|    -|
|FIFO             |        -|     -|       -|       -|    -|
|Instance         |        -|     -|       -|       -|    -|
|Memory           |        -|     -|       -|       -|    -|
|Multiplexer      |        -|     -|       0|      27|    -|
|Register         |        -|     -|       9|       -|    -|
+-----------------+---------+------+--------+--------+-----+
|Total            |        0|     0|       9|      57|    0|
+-----------------+---------+------+--------+--------+-----+
|Available        |      288|  1248|  234240|  117120|   64|
+-----------------+---------+------+--------+--------+-----+
|Utilization (%)  |        0|     0|      ~0|      ~0|    0|
+-----------------+---------+------+--------+--------+-----+

+ Detail: 
    * Instance: 
    N/A

    * DSP: 
    N/A

    * Memory: 
    N/A

    * FIFO: 
    N/A

    * Expression: 
    +----------------------------------+----------+----+---+----+------------+------------+
    |           Variable Name          | Operation| DSP| FF| LUT| Bitwidth P0| Bitwidth P1|
    +----------------------------------+----------+----+---+----+------------+------------+
    |i_fu_4450_p2                      |         +|   0|  0|  14|           7|           1|
    |icmp_ln507_fu_4528_p2             |      icmp|   0|  0|  14|           7|           2|
    |ap_block_state1_pp0_stage0_iter0  |        or|   0|  0|   2|           1|           1|
    +----------------------------------+----------+----+---+----+------------+------------+
    |Total                             |          |   0|  0|  30|          15|           4|
    +----------------------------------+----------+----+---+----+------------+------------+

    * Multiplexer: 
    +-----------------------------+----+-----------+-----+-----------+
    |             Name            | LUT| Input Size| Bits| Total Bits|
    +-----------------------------+----+-----------+-----+-----------+
    |ap_done_int                  |   9|          2|    1|          2|
    |ap_sig_allocacmp_i1533_load  |   9|          2|    7|         14|
    |i1533_fu_570                 |   9|          2|    7|         14|
    +-----------------------------+----+-----------+-----+-----------+
    |Total                        |  27|          6|   15|         30|
    +-----------------------------+----+-----------+-----+-----------+

    * Register: 
    +--------------+---+----+-----+-----------+
    |     Name     | FF| LUT| Bits| Const Bits|
    +--------------+---+----+-----+-----------+
    |ap_CS_fsm     |  1|   0|    1|          0|
    |ap_done_reg   |  1|   0|    1|          0|
    |i1533_fu_570  |  7|   0|    7|          0|
    +--------------+---+----+-----+-----------+
    |Total         |  9|   0|    9|          0|
    +--------------+---+----+-----+-----------+



================================================================
== Interface
================================================================
* Summary: 
+-------------------------+-----+-----+------------+----------------+--------------+
|        RTL Ports        | Dir | Bits|  Protocol  |  Source Object |    C Type    |
+-------------------------+-----+-----+------------+----------------+--------------+
|ap_clk                   |   in|    1|  ap_ctrl_hs|    load_x_local|  return value|
|ap_rst                   |   in|    1|  ap_ctrl_hs|    load_x_local|  return value|
|ap_start                 |   in|    1|  ap_ctrl_hs|    load_x_local|  return value|
|ap_done                  |  out|    1|  ap_ctrl_hs|    load_x_local|  return value|
|ap_continue              |   in|    1|  ap_ctrl_hs|    load_x_local|  return value|
|ap_idle                  |  out|    1|  ap_ctrl_hs|    load_x_local|  return value|
|ap_ready                 |  out|    1|  ap_ctrl_hs|    load_x_local|  return value|
|x_batch                  |   in|    8|     ap_none|         x_batch|       pointer|
|x_local_1_0_0_address0   |  out|    4|   ap_memory|   x_local_1_0_0|         array|
|x_local_1_0_0_ce0        |  out|    1|   ap_memory|   x_local_1_0_0|         array|
|x_local_1_0_0_we0        |  out|    1|   ap_memory|   x_local_1_0_0|         array|
|x_local_1_0_0_d0         |  out|    1|   ap_memory|   x_local_1_0_0|         array|
|x_local_1_0_1_address0   |  out|    4|   ap_memory|   x_local_1_0_1|         array|
|x_local_1_0_1_ce0        |  out|    1|   ap_memory|   x_local_1_0_1|         array|
|x_local_1_0_1_we0        |  out|    1|   ap_memory|   x_local_1_0_1|         array|
|x_local_1_0_1_d0         |  out|    1|   ap_memory|   x_local_1_0_1|         array|
|x_local_1_0_2_address0   |  out|    4|   ap_memory|   x_local_1_0_2|         array|
|x_local_1_0_2_ce0        |  out|    1|   ap_memory|   x_local_1_0_2|         array|
|x_local_1_0_2_we0        |  out|    1|   ap_memory|   x_local_1_0_2|         array|
|x_local_1_0_2_d0         |  out|    1|   ap_memory|   x_local_1_0_2|         array|
|x_local_1_0_3_address0   |  out|    4|   ap_memory|   x_local_1_0_3|         array|
|x_local_1_0_3_ce0        |  out|    1|   ap_memory|   x_local_1_0_3|         array|
|x_local_1_0_3_we0        |  out|    1|   ap_memory|   x_local_1_0_3|         array|
|x_local_1_0_3_d0         |  out|    1|   ap_memory|   x_local_1_0_3|         array|
|x_local_1_0_4_address0   |  out|    4|   ap_memory|   x_local_1_0_4|         array|
|x_local_1_0_4_ce0        |  out|    1|   ap_memory|   x_local_1_0_4|         array|
|x_local_1_0_4_we0        |  out|    1|   ap_memory|   x_local_1_0_4|         array|
|x_local_1_0_4_d0         |  out|    1|   ap_memory|   x_local_1_0_4|         array|
|x_local_1_0_5_address0   |  out|    4|   ap_memory|   x_local_1_0_5|         array|
|x_local_1_0_5_ce0        |  out|    1|   ap_memory|   x_local_1_0_5|         array|
|x_local_1_0_5_we0        |  out|    1|   ap_memory|   x_local_1_0_5|         array|
|x_local_1_0_5_d0         |  out|    1|   ap_memory|   x_local_1_0_5|         array|
|x_local_1_0_6_address0   |  out|    4|   ap_memory|   x_local_1_0_6|         array|
|x_local_1_0_6_ce0        |  out|    1|   ap_memory|   x_local_1_0_6|         array|
|x_local_1_0_6_we0        |  out|    1|   ap_memory|   x_local_1_0_6|         array|
|x_local_1_0_6_d0         |  out|    1|   ap_memory|   x_local_1_0_6|         array|
|x_local_1_0_7_address0   |  out|    4|   ap_memory|   x_local_1_0_7|         array|
|x_local_1_0_7_ce0        |  out|    1|   ap_memory|   x_local_1_0_7|         array|
|x_local_1_0_7_we0        |  out|    1|   ap_memory|   x_local_1_0_7|         array|
|x_local_1_0_7_d0         |  out|    1|   ap_memory|   x_local_1_0_7|         array|
|x_local_1_0_8_address0   |  out|    4|   ap_memory|   x_local_1_0_8|         array|
|x_local_1_0_8_ce0        |  out|    1|   ap_memory|   x_local_1_0_8|         array|
|x_local_1_0_8_we0        |  out|    1|   ap_memory|   x_local_1_0_8|         array|
|x_local_1_0_8_d0         |  out|    1|   ap_memory|   x_local_1_0_8|         array|
|x_local_1_0_9_address0   |  out|    4|   ap_memory|   x_local_1_0_9|         array|
|x_local_1_0_9_ce0        |  out|    1|   ap_memory|   x_local_1_0_9|         array|
|x_local_1_0_9_we0        |  out|    1|   ap_memory|   x_local_1_0_9|         array|
|x_local_1_0_9_d0         |  out|    1|   ap_memory|   x_local_1_0_9|         array|
|x_local_1_0_10_address0  |  out|    4|   ap_memory|  x_local_1_0_10|         array|
|x_local_1_0_10_ce0       |  out|    1|   ap_memory|  x_local_1_0_10|         array|
|x_local_1_0_10_we0       |  out|    1|   ap_memory|  x_local_1_0_10|         array|
|x_local_1_0_10_d0        |  out|    1|   ap_memory|  x_local_1_0_10|         array|
|x_local_1_0_11_address0  |  out|    4|   ap_memory|  x_local_1_0_11|         array|
|x_local_1_0_11_ce0       |  out|    1|   ap_memory|  x_local_1_0_11|         array|
|x_local_1_0_11_we0       |  out|    1|   ap_memory|  x_local_1_0_11|         array|
|x_local_1_0_11_d0        |  out|    1|   ap_memory|  x_local_1_0_11|         array|
|x_local_1_0_12_address0  |  out|    4|   ap_memory|  x_local_1_0_12|         array|
|x_local_1_0_12_ce0       |  out|    1|   ap_memory|  x_local_1_0_12|         array|
|x_local_1_0_12_we0       |  out|    1|   ap_memory|  x_local_1_0_12|         array|
|x_local_1_0_12_d0        |  out|    1|   ap_memory|  x_local_1_0_12|         array|
|x_local_1_0_13_address0  |  out|    4|   ap_memory|  x_local_1_0_13|         array|
|x_local_1_0_13_ce0       |  out|    1|   ap_memory|  x_local_1_0_13|         array|
|x_local_1_0_13_we0       |  out|    1|   ap_memory|  x_local_1_0_13|         array|
|x_local_1_0_13_d0        |  out|    1|   ap_memory|  x_local_1_0_13|         array|
|x_local_1_0_14_address0  |  out|    4|   ap_memory|  x_local_1_0_14|         array|
|x_local_1_0_14_ce0       |  out|    1|   ap_memory|  x_local_1_0_14|         array|
|x_local_1_0_14_we0       |  out|    1|   ap_memory|  x_local_1_0_14|         array|
|x_local_1_0_14_d0        |  out|    1|   ap_memory|  x_local_1_0_14|         array|
|x_local_1_0_15_address0  |  out|    4|   ap_memory|  x_local_1_0_15|         array|
|x_local_1_0_15_ce0       |  out|    1|   ap_memory|  x_local_1_0_15|         array|
|x_local_1_0_15_we0       |  out|    1|   ap_memory|  x_local_1_0_15|         array|
|x_local_1_0_15_d0        |  out|    1|   ap_memory|  x_local_1_0_15|         array|
|x_local_1_1_0_address0   |  out|    4|   ap_memory|   x_local_1_1_0|         array|
|x_local_1_1_0_ce0        |  out|    1|   ap_memory|   x_local_1_1_0|         array|
|x_local_1_1_0_we0        |  out|    1|   ap_memory|   x_local_1_1_0|         array|
|x_local_1_1_0_d0         |  out|    1|   ap_memory|   x_local_1_1_0|         array|
|x_local_1_1_1_address0   |  out|    4|   ap_memory|   x_local_1_1_1|         array|
|x_local_1_1_1_ce0        |  out|    1|   ap_memory|   x_local_1_1_1|         array|
|x_local_1_1_1_we0        |  out|    1|   ap_memory|   x_local_1_1_1|         array|
|x_local_1_1_1_d0         |  out|    1|   ap_memory|   x_local_1_1_1|         array|
|x_local_1_1_2_address0   |  out|    4|   ap_memory|   x_local_1_1_2|         array|
|x_local_1_1_2_ce0        |  out|    1|   ap_memory|   x_local_1_1_2|         array|
|x_local_1_1_2_we0        |  out|    1|   ap_memory|   x_local_1_1_2|         array|
|x_local_1_1_2_d0         |  out|    1|   ap_memory|   x_local_1_1_2|         array|
|x_local_1_1_3_address0   |  out|    4|   ap_memory|   x_local_1_1_3|         array|
|x_local_1_1_3_ce0        |  out|    1|   ap_memory|   x_local_1_1_3|         array|
|x_local_1_1_3_we0        |  out|    1|   ap_memory|   x_local_1_1_3|         array|
|x_local_1_1_3_d0         |  out|    1|   ap_memory|   x_local_1_1_3|         array|
|x_local_1_1_4_address0   |  out|    4|   ap_memory|   x_local_1_1_4|         array|
|x_local_1_1_4_ce0        |  out|    1|   ap_memory|   x_local_1_1_4|         array|
|x_local_1_1_4_we0        |  out|    1|   ap_memory|   x_local_1_1_4|         array|
|x_local_1_1_4_d0         |  out|    1|   ap_memory|   x_local_1_1_4|         array|
|x_local_1_1_5_address0   |  out|    4|   ap_memory|   x_local_1_1_5|         array|
|x_local_1_1_5_ce0        |  out|    1|   ap_memory|   x_local_1_1_5|         array|
|x_local_1_1_5_we0        |  out|    1|   ap_memory|   x_local_1_1_5|         array|
|x_local_1_1_5_d0         |  out|    1|   ap_memory|   x_local_1_1_5|         array|
|x_local_1_1_6_address0   |  out|    4|   ap_memory|   x_local_1_1_6|         array|
|x_local_1_1_6_ce0        |  out|    1|   ap_memory|   x_local_1_1_6|         array|
|x_local_1_1_6_we0        |  out|    1|   ap_memory|   x_local_1_1_6|         array|
|x_local_1_1_6_d0         |  out|    1|   ap_memory|   x_local_1_1_6|         array|
|x_local_1_1_7_address0   |  out|    4|   ap_memory|   x_local_1_1_7|         array|
|x_local_1_1_7_ce0        |  out|    1|   ap_memory|   x_local_1_1_7|         array|
|x_local_1_1_7_we0        |  out|    1|   ap_memory|   x_local_1_1_7|         array|
|x_local_1_1_7_d0         |  out|    1|   ap_memory|   x_local_1_1_7|         array|
|x_local_1_1_8_address0   |  out|    4|   ap_memory|   x_local_1_1_8|         array|
|x_local_1_1_8_ce0        |  out|    1|   ap_memory|   x_local_1_1_8|         array|
|x_local_1_1_8_we0        |  out|    1|   ap_memory|   x_local_1_1_8|         array|
|x_local_1_1_8_d0         |  out|    1|   ap_memory|   x_local_1_1_8|         array|
|x_local_1_1_9_address0   |  out|    4|   ap_memory|   x_local_1_1_9|         array|
|x_local_1_1_9_ce0        |  out|    1|   ap_memory|   x_local_1_1_9|         array|
|x_local_1_1_9_we0        |  out|    1|   ap_memory|   x_local_1_1_9|         array|
|x_local_1_1_9_d0         |  out|    1|   ap_memory|   x_local_1_1_9|         array|
|x_local_1_1_10_address0  |  out|    4|   ap_memory|  x_local_1_1_10|         array|
|x_local_1_1_10_ce0       |  out|    1|   ap_memory|  x_local_1_1_10|         array|
|x_local_1_1_10_we0       |  out|    1|   ap_memory|  x_local_1_1_10|         array|
|x_local_1_1_10_d0        |  out|    1|   ap_memory|  x_local_1_1_10|         array|
|x_local_1_1_11_address0  |  out|    4|   ap_memory|  x_local_1_1_11|         array|
|x_local_1_1_11_ce0       |  out|    1|   ap_memory|  x_local_1_1_11|         array|
|x_local_1_1_11_we0       |  out|    1|   ap_memory|  x_local_1_1_11|         array|
|x_local_1_1_11_d0        |  out|    1|   ap_memory|  x_local_1_1_11|         array|
|x_local_1_1_12_address0  |  out|    4|   ap_memory|  x_local_1_1_12|         array|
|x_local_1_1_12_ce0       |  out|    1|   ap_memory|  x_local_1_1_12|         array|
|x_local_1_1_12_we0       |  out|    1|   ap_memory|  x_local_1_1_12|         array|
|x_local_1_1_12_d0        |  out|    1|   ap_memory|  x_local_1_1_12|         array|
|x_local_1_1_13_address0  |  out|    4|   ap_memory|  x_local_1_1_13|         array|
|x_local_1_1_13_ce0       |  out|    1|   ap_memory|  x_local_1_1_13|         array|
|x_local_1_1_13_we0       |  out|    1|   ap_memory|  x_local_1_1_13|         array|
|x_local_1_1_13_d0        |  out|    1|   ap_memory|  x_local_1_1_13|         array|
|x_local_1_1_14_address0  |  out|    4|   ap_memory|  x_local_1_1_14|         array|
|x_local_1_1_14_ce0       |  out|    1|   ap_memory|  x_local_1_1_14|         array|
|x_local_1_1_14_we0       |  out|    1|   ap_memory|  x_local_1_1_14|         array|
|x_local_1_1_14_d0        |  out|    1|   ap_memory|  x_local_1_1_14|         array|
|x_local_1_1_15_address0  |  out|    4|   ap_memory|  x_local_1_1_15|         array|
|x_local_1_1_15_ce0       |  out|    1|   ap_memory|  x_local_1_1_15|         array|
|x_local_1_1_15_we0       |  out|    1|   ap_memory|  x_local_1_1_15|         array|
|x_local_1_1_15_d0        |  out|    1|   ap_memory|  x_local_1_1_15|         array|
|x_local_1_2_0_address0   |  out|    4|   ap_memory|   x_local_1_2_0|         array|
|x_local_1_2_0_ce0        |  out|    1|   ap_memory|   x_local_1_2_0|         array|
|x_local_1_2_0_we0        |  out|    1|   ap_memory|   x_local_1_2_0|         array|
|x_local_1_2_0_d0         |  out|    1|   ap_memory|   x_local_1_2_0|         array|
|x_local_1_2_1_address0   |  out|    4|   ap_memory|   x_local_1_2_1|         array|
|x_local_1_2_1_ce0        |  out|    1|   ap_memory|   x_local_1_2_1|         array|
|x_local_1_2_1_we0        |  out|    1|   ap_memory|   x_local_1_2_1|         array|
|x_local_1_2_1_d0         |  out|    1|   ap_memory|   x_local_1_2_1|         array|
|x_local_1_2_2_address0   |  out|    4|   ap_memory|   x_local_1_2_2|         array|
|x_local_1_2_2_ce0        |  out|    1|   ap_memory|   x_local_1_2_2|         array|
|x_local_1_2_2_we0        |  out|    1|   ap_memory|   x_local_1_2_2|         array|
|x_local_1_2_2_d0         |  out|    1|   ap_memory|   x_local_1_2_2|         array|
|x_local_1_2_3_address0   |  out|    4|   ap_memory|   x_local_1_2_3|         array|
|x_local_1_2_3_ce0        |  out|    1|   ap_memory|   x_local_1_2_3|         array|
|x_local_1_2_3_we0        |  out|    1|   ap_memory|   x_local_1_2_3|         array|
|x_local_1_2_3_d0         |  out|    1|   ap_memory|   x_local_1_2_3|         array|
|x_local_1_2_4_address0   |  out|    4|   ap_memory|   x_local_1_2_4|         array|
|x_local_1_2_4_ce0        |  out|    1|   ap_memory|   x_local_1_2_4|         array|
|x_local_1_2_4_we0        |  out|    1|   ap_memory|   x_local_1_2_4|         array|
|x_local_1_2_4_d0         |  out|    1|   ap_memory|   x_local_1_2_4|         array|
|x_local_1_2_5_address0   |  out|    4|   ap_memory|   x_local_1_2_5|         array|
|x_local_1_2_5_ce0        |  out|    1|   ap_memory|   x_local_1_2_5|         array|
|x_local_1_2_5_we0        |  out|    1|   ap_memory|   x_local_1_2_5|         array|
|x_local_1_2_5_d0         |  out|    1|   ap_memory|   x_local_1_2_5|         array|
|x_local_1_2_6_address0   |  out|    4|   ap_memory|   x_local_1_2_6|         array|
|x_local_1_2_6_ce0        |  out|    1|   ap_memory|   x_local_1_2_6|         array|
|x_local_1_2_6_we0        |  out|    1|   ap_memory|   x_local_1_2_6|         array|
|x_local_1_2_6_d0         |  out|    1|   ap_memory|   x_local_1_2_6|         array|
|x_local_1_2_7_address0   |  out|    4|   ap_memory|   x_local_1_2_7|         array|
|x_local_1_2_7_ce0        |  out|    1|   ap_memory|   x_local_1_2_7|         array|
|x_local_1_2_7_we0        |  out|    1|   ap_memory|   x_local_1_2_7|         array|
|x_local_1_2_7_d0         |  out|    1|   ap_memory|   x_local_1_2_7|         array|
|x_local_1_2_8_address0   |  out|    4|   ap_memory|   x_local_1_2_8|         array|
|x_local_1_2_8_ce0        |  out|    1|   ap_memory|   x_local_1_2_8|         array|
|x_local_1_2_8_we0        |  out|    1|   ap_memory|   x_local_1_2_8|         array|
|x_local_1_2_8_d0         |  out|    1|   ap_memory|   x_local_1_2_8|         array|
|x_local_1_2_9_address0   |  out|    4|   ap_memory|   x_local_1_2_9|         array|
|x_local_1_2_9_ce0        |  out|    1|   ap_memory|   x_local_1_2_9|         array|
|x_local_1_2_9_we0        |  out|    1|   ap_memory|   x_local_1_2_9|         array|
|x_local_1_2_9_d0         |  out|    1|   ap_memory|   x_local_1_2_9|         array|
|x_local_1_2_10_address0  |  out|    4|   ap_memory|  x_local_1_2_10|         array|
|x_local_1_2_10_ce0       |  out|    1|   ap_memory|  x_local_1_2_10|         array|
|x_local_1_2_10_we0       |  out|    1|   ap_memory|  x_local_1_2_10|         array|
|x_local_1_2_10_d0        |  out|    1|   ap_memory|  x_local_1_2_10|         array|
|x_local_1_2_11_address0  |  out|    4|   ap_memory|  x_local_1_2_11|         array|
|x_local_1_2_11_ce0       |  out|    1|   ap_memory|  x_local_1_2_11|         array|
|x_local_1_2_11_we0       |  out|    1|   ap_memory|  x_local_1_2_11|         array|
|x_local_1_2_11_d0        |  out|    1|   ap_memory|  x_local_1_2_11|         array|
|x_local_1_2_12_address0  |  out|    4|   ap_memory|  x_local_1_2_12|         array|
|x_local_1_2_12_ce0       |  out|    1|   ap_memory|  x_local_1_2_12|         array|
|x_local_1_2_12_we0       |  out|    1|   ap_memory|  x_local_1_2_12|         array|
|x_local_1_2_12_d0        |  out|    1|   ap_memory|  x_local_1_2_12|         array|
|x_local_1_2_13_address0  |  out|    4|   ap_memory|  x_local_1_2_13|         array|
|x_local_1_2_13_ce0       |  out|    1|   ap_memory|  x_local_1_2_13|         array|
|x_local_1_2_13_we0       |  out|    1|   ap_memory|  x_local_1_2_13|         array|
|x_local_1_2_13_d0        |  out|    1|   ap_memory|  x_local_1_2_13|         array|
|x_local_1_2_14_address0  |  out|    4|   ap_memory|  x_local_1_2_14|         array|
|x_local_1_2_14_ce0       |  out|    1|   ap_memory|  x_local_1_2_14|         array|
|x_local_1_2_14_we0       |  out|    1|   ap_memory|  x_local_1_2_14|         array|
|x_local_1_2_14_d0        |  out|    1|   ap_memory|  x_local_1_2_14|         array|
|x_local_1_2_15_address0  |  out|    4|   ap_memory|  x_local_1_2_15|         array|
|x_local_1_2_15_ce0       |  out|    1|   ap_memory|  x_local_1_2_15|         array|
|x_local_1_2_15_we0       |  out|    1|   ap_memory|  x_local_1_2_15|         array|
|x_local_1_2_15_d0        |  out|    1|   ap_memory|  x_local_1_2_15|         array|
|x_local_1_3_0_address0   |  out|    4|   ap_memory|   x_local_1_3_0|         array|
|x_local_1_3_0_ce0        |  out|    1|   ap_memory|   x_local_1_3_0|         array|
|x_local_1_3_0_we0        |  out|    1|   ap_memory|   x_local_1_3_0|         array|
|x_local_1_3_0_d0         |  out|    1|   ap_memory|   x_local_1_3_0|         array|
|x_local_1_3_1_address0   |  out|    4|   ap_memory|   x_local_1_3_1|         array|
|x_local_1_3_1_ce0        |  out|    1|   ap_memory|   x_local_1_3_1|         array|
|x_local_1_3_1_we0        |  out|    1|   ap_memory|   x_local_1_3_1|         array|
|x_local_1_3_1_d0         |  out|    1|   ap_memory|   x_local_1_3_1|         array|
|x_local_1_3_2_address0   |  out|    4|   ap_memory|   x_local_1_3_2|         array|
|x_local_1_3_2_ce0        |  out|    1|   ap_memory|   x_local_1_3_2|         array|
|x_local_1_3_2_we0        |  out|    1|   ap_memory|   x_local_1_3_2|         array|
|x_local_1_3_2_d0         |  out|    1|   ap_memory|   x_local_1_3_2|         array|
|x_local_1_3_3_address0   |  out|    4|   ap_memory|   x_local_1_3_3|         array|
|x_local_1_3_3_ce0        |  out|    1|   ap_memory|   x_local_1_3_3|         array|
|x_local_1_3_3_we0        |  out|    1|   ap_memory|   x_local_1_3_3|         array|
|x_local_1_3_3_d0         |  out|    1|   ap_memory|   x_local_1_3_3|         array|
|x_local_1_3_4_address0   |  out|    4|   ap_memory|   x_local_1_3_4|         array|
|x_local_1_3_4_ce0        |  out|    1|   ap_memory|   x_local_1_3_4|         array|
|x_local_1_3_4_we0        |  out|    1|   ap_memory|   x_local_1_3_4|         array|
|x_local_1_3_4_d0         |  out|    1|   ap_memory|   x_local_1_3_4|         array|
|x_local_1_3_5_address0   |  out|    4|   ap_memory|   x_local_1_3_5|         array|
|x_local_1_3_5_ce0        |  out|    1|   ap_memory|   x_local_1_3_5|         array|
|x_local_1_3_5_we0        |  out|    1|   ap_memory|   x_local_1_3_5|         array|
|x_local_1_3_5_d0         |  out|    1|   ap_memory|   x_local_1_3_5|         array|
|x_local_1_3_6_address0   |  out|    4|   ap_memory|   x_local_1_3_6|         array|
|x_local_1_3_6_ce0        |  out|    1|   ap_memory|   x_local_1_3_6|         array|
|x_local_1_3_6_we0        |  out|    1|   ap_memory|   x_local_1_3_6|         array|
|x_local_1_3_6_d0         |  out|    1|   ap_memory|   x_local_1_3_6|         array|
|x_local_1_3_7_address0   |  out|    4|   ap_memory|   x_local_1_3_7|         array|
|x_local_1_3_7_ce0        |  out|    1|   ap_memory|   x_local_1_3_7|         array|
|x_local_1_3_7_we0        |  out|    1|   ap_memory|   x_local_1_3_7|         array|
|x_local_1_3_7_d0         |  out|    1|   ap_memory|   x_local_1_3_7|         array|
|x_local_1_3_8_address0   |  out|    4|   ap_memory|   x_local_1_3_8|         array|
|x_local_1_3_8_ce0        |  out|    1|   ap_memory|   x_local_1_3_8|         array|
|x_local_1_3_8_we0        |  out|    1|   ap_memory|   x_local_1_3_8|         array|
|x_local_1_3_8_d0         |  out|    1|   ap_memory|   x_local_1_3_8|         array|
|x_local_1_3_9_address0   |  out|    4|   ap_memory|   x_local_1_3_9|         array|
|x_local_1_3_9_ce0        |  out|    1|   ap_memory|   x_local_1_3_9|         array|
|x_local_1_3_9_we0        |  out|    1|   ap_memory|   x_local_1_3_9|         array|
|x_local_1_3_9_d0         |  out|    1|   ap_memory|   x_local_1_3_9|         array|
|x_local_1_3_10_address0  |  out|    4|   ap_memory|  x_local_1_3_10|         array|
|x_local_1_3_10_ce0       |  out|    1|   ap_memory|  x_local_1_3_10|         array|
|x_local_1_3_10_we0       |  out|    1|   ap_memory|  x_local_1_3_10|         array|
|x_local_1_3_10_d0        |  out|    1|   ap_memory|  x_local_1_3_10|         array|
|x_local_1_3_11_address0  |  out|    4|   ap_memory|  x_local_1_3_11|         array|
|x_local_1_3_11_ce0       |  out|    1|   ap_memory|  x_local_1_3_11|         array|
|x_local_1_3_11_we0       |  out|    1|   ap_memory|  x_local_1_3_11|         array|
|x_local_1_3_11_d0        |  out|    1|   ap_memory|  x_local_1_3_11|         array|
|x_local_1_3_12_address0  |  out|    4|   ap_memory|  x_local_1_3_12|         array|
|x_local_1_3_12_ce0       |  out|    1|   ap_memory|  x_local_1_3_12|         array|
|x_local_1_3_12_we0       |  out|    1|   ap_memory|  x_local_1_3_12|         array|
|x_local_1_3_12_d0        |  out|    1|   ap_memory|  x_local_1_3_12|         array|
|x_local_1_3_13_address0  |  out|    4|   ap_memory|  x_local_1_3_13|         array|
|x_local_1_3_13_ce0       |  out|    1|   ap_memory|  x_local_1_3_13|         array|
|x_local_1_3_13_we0       |  out|    1|   ap_memory|  x_local_1_3_13|         array|
|x_local_1_3_13_d0        |  out|    1|   ap_memory|  x_local_1_3_13|         array|
|x_local_1_3_14_address0  |  out|    4|   ap_memory|  x_local_1_3_14|         array|
|x_local_1_3_14_ce0       |  out|    1|   ap_memory|  x_local_1_3_14|         array|
|x_local_1_3_14_we0       |  out|    1|   ap_memory|  x_local_1_3_14|         array|
|x_local_1_3_14_d0        |  out|    1|   ap_memory|  x_local_1_3_14|         array|
|x_local_1_3_15_address0  |  out|    4|   ap_memory|  x_local_1_3_15|         array|
|x_local_1_3_15_ce0       |  out|    1|   ap_memory|  x_local_1_3_15|         array|
|x_local_1_3_15_we0       |  out|    1|   ap_memory|  x_local_1_3_15|         array|
|x_local_1_3_15_d0        |  out|    1|   ap_memory|  x_local_1_3_15|         array|
|x_local_1_4_0_address0   |  out|    4|   ap_memory|   x_local_1_4_0|         array|
|x_local_1_4_0_ce0        |  out|    1|   ap_memory|   x_local_1_4_0|         array|
|x_local_1_4_0_we0        |  out|    1|   ap_memory|   x_local_1_4_0|         array|
|x_local_1_4_0_d0         |  out|    1|   ap_memory|   x_local_1_4_0|         array|
|x_local_1_4_1_address0   |  out|    4|   ap_memory|   x_local_1_4_1|         array|
|x_local_1_4_1_ce0        |  out|    1|   ap_memory|   x_local_1_4_1|         array|
|x_local_1_4_1_we0        |  out|    1|   ap_memory|   x_local_1_4_1|         array|
|x_local_1_4_1_d0         |  out|    1|   ap_memory|   x_local_1_4_1|         array|
|x_local_1_4_2_address0   |  out|    4|   ap_memory|   x_local_1_4_2|         array|
|x_local_1_4_2_ce0        |  out|    1|   ap_memory|   x_local_1_4_2|         array|
|x_local_1_4_2_we0        |  out|    1|   ap_memory|   x_local_1_4_2|         array|
|x_local_1_4_2_d0         |  out|    1|   ap_memory|   x_local_1_4_2|         array|
|x_local_1_4_3_address0   |  out|    4|   ap_memory|   x_local_1_4_3|         array|
|x_local_1_4_3_ce0        |  out|    1|   ap_memory|   x_local_1_4_3|         array|
|x_local_1_4_3_we0        |  out|    1|   ap_memory|   x_local_1_4_3|         array|
|x_local_1_4_3_d0         |  out|    1|   ap_memory|   x_local_1_4_3|         array|
|x_local_1_4_4_address0   |  out|    4|   ap_memory|   x_local_1_4_4|         array|
|x_local_1_4_4_ce0        |  out|    1|   ap_memory|   x_local_1_4_4|         array|
|x_local_1_4_4_we0        |  out|    1|   ap_memory|   x_local_1_4_4|         array|
|x_local_1_4_4_d0         |  out|    1|   ap_memory|   x_local_1_4_4|         array|
|x_local_1_4_5_address0   |  out|    4|   ap_memory|   x_local_1_4_5|         array|
|x_local_1_4_5_ce0        |  out|    1|   ap_memory|   x_local_1_4_5|         array|
|x_local_1_4_5_we0        |  out|    1|   ap_memory|   x_local_1_4_5|         array|
|x_local_1_4_5_d0         |  out|    1|   ap_memory|   x_local_1_4_5|         array|
|x_local_1_4_6_address0   |  out|    4|   ap_memory|   x_local_1_4_6|         array|
|x_local_1_4_6_ce0        |  out|    1|   ap_memory|   x_local_1_4_6|         array|
|x_local_1_4_6_we0        |  out|    1|   ap_memory|   x_local_1_4_6|         array|
|x_local_1_4_6_d0         |  out|    1|   ap_memory|   x_local_1_4_6|         array|
|x_local_1_4_7_address0   |  out|    4|   ap_memory|   x_local_1_4_7|         array|
|x_local_1_4_7_ce0        |  out|    1|   ap_memory|   x_local_1_4_7|         array|
|x_local_1_4_7_we0        |  out|    1|   ap_memory|   x_local_1_4_7|         array|
|x_local_1_4_7_d0         |  out|    1|   ap_memory|   x_local_1_4_7|         array|
|x_local_1_4_8_address0   |  out|    4|   ap_memory|   x_local_1_4_8|         array|
|x_local_1_4_8_ce0        |  out|    1|   ap_memory|   x_local_1_4_8|         array|
|x_local_1_4_8_we0        |  out|    1|   ap_memory|   x_local_1_4_8|         array|
|x_local_1_4_8_d0         |  out|    1|   ap_memory|   x_local_1_4_8|         array|
|x_local_1_4_9_address0   |  out|    4|   ap_memory|   x_local_1_4_9|         array|
|x_local_1_4_9_ce0        |  out|    1|   ap_memory|   x_local_1_4_9|         array|
|x_local_1_4_9_we0        |  out|    1|   ap_memory|   x_local_1_4_9|         array|
|x_local_1_4_9_d0         |  out|    1|   ap_memory|   x_local_1_4_9|         array|
|x_local_1_4_10_address0  |  out|    4|   ap_memory|  x_local_1_4_10|         array|
|x_local_1_4_10_ce0       |  out|    1|   ap_memory|  x_local_1_4_10|         array|
|x_local_1_4_10_we0       |  out|    1|   ap_memory|  x_local_1_4_10|         array|
|x_local_1_4_10_d0        |  out|    1|   ap_memory|  x_local_1_4_10|         array|
|x_local_1_4_11_address0  |  out|    4|   ap_memory|  x_local_1_4_11|         array|
|x_local_1_4_11_ce0       |  out|    1|   ap_memory|  x_local_1_4_11|         array|
|x_local_1_4_11_we0       |  out|    1|   ap_memory|  x_local_1_4_11|         array|
|x_local_1_4_11_d0        |  out|    1|   ap_memory|  x_local_1_4_11|         array|
|x_local_1_4_12_address0  |  out|    4|   ap_memory|  x_local_1_4_12|         array|
|x_local_1_4_12_ce0       |  out|    1|   ap_memory|  x_local_1_4_12|         array|
|x_local_1_4_12_we0       |  out|    1|   ap_memory|  x_local_1_4_12|         array|
|x_local_1_4_12_d0        |  out|    1|   ap_memory|  x_local_1_4_12|         array|
|x_local_1_4_13_address0  |  out|    4|   ap_memory|  x_local_1_4_13|         array|
|x_local_1_4_13_ce0       |  out|    1|   ap_memory|  x_local_1_4_13|         array|
|x_local_1_4_13_we0       |  out|    1|   ap_memory|  x_local_1_4_13|         array|
|x_local_1_4_13_d0        |  out|    1|   ap_memory|  x_local_1_4_13|         array|
|x_local_1_4_14_address0  |  out|    4|   ap_memory|  x_local_1_4_14|         array|
|x_local_1_4_14_ce0       |  out|    1|   ap_memory|  x_local_1_4_14|         array|
|x_local_1_4_14_we0       |  out|    1|   ap_memory|  x_local_1_4_14|         array|
|x_local_1_4_14_d0        |  out|    1|   ap_memory|  x_local_1_4_14|         array|
|x_local_1_4_15_address0  |  out|    4|   ap_memory|  x_local_1_4_15|         array|
|x_local_1_4_15_ce0       |  out|    1|   ap_memory|  x_local_1_4_15|         array|
|x_local_1_4_15_we0       |  out|    1|   ap_memory|  x_local_1_4_15|         array|
|x_local_1_4_15_d0        |  out|    1|   ap_memory|  x_local_1_4_15|         array|
|x_local_1_5_0_address0   |  out|    4|   ap_memory|   x_local_1_5_0|         array|
|x_local_1_5_0_ce0        |  out|    1|   ap_memory|   x_local_1_5_0|         array|
|x_local_1_5_0_we0        |  out|    1|   ap_memory|   x_local_1_5_0|         array|
|x_local_1_5_0_d0         |  out|    1|   ap_memory|   x_local_1_5_0|         array|
|x_local_1_5_1_address0   |  out|    4|   ap_memory|   x_local_1_5_1|         array|
|x_local_1_5_1_ce0        |  out|    1|   ap_memory|   x_local_1_5_1|         array|
|x_local_1_5_1_we0        |  out|    1|   ap_memory|   x_local_1_5_1|         array|
|x_local_1_5_1_d0         |  out|    1|   ap_memory|   x_local_1_5_1|         array|
|x_local_1_5_2_address0   |  out|    4|   ap_memory|   x_local_1_5_2|         array|
|x_local_1_5_2_ce0        |  out|    1|   ap_memory|   x_local_1_5_2|         array|
|x_local_1_5_2_we0        |  out|    1|   ap_memory|   x_local_1_5_2|         array|
|x_local_1_5_2_d0         |  out|    1|   ap_memory|   x_local_1_5_2|         array|
|x_local_1_5_3_address0   |  out|    4|   ap_memory|   x_local_1_5_3|         array|
|x_local_1_5_3_ce0        |  out|    1|   ap_memory|   x_local_1_5_3|         array|
|x_local_1_5_3_we0        |  out|    1|   ap_memory|   x_local_1_5_3|         array|
|x_local_1_5_3_d0         |  out|    1|   ap_memory|   x_local_1_5_3|         array|
|x_local_1_5_4_address0   |  out|    4|   ap_memory|   x_local_1_5_4|         array|
|x_local_1_5_4_ce0        |  out|    1|   ap_memory|   x_local_1_5_4|         array|
|x_local_1_5_4_we0        |  out|    1|   ap_memory|   x_local_1_5_4|         array|
|x_local_1_5_4_d0         |  out|    1|   ap_memory|   x_local_1_5_4|         array|
|x_local_1_5_5_address0   |  out|    4|   ap_memory|   x_local_1_5_5|         array|
|x_local_1_5_5_ce0        |  out|    1|   ap_memory|   x_local_1_5_5|         array|
|x_local_1_5_5_we0        |  out|    1|   ap_memory|   x_local_1_5_5|         array|
|x_local_1_5_5_d0         |  out|    1|   ap_memory|   x_local_1_5_5|         array|
|x_local_1_5_6_address0   |  out|    4|   ap_memory|   x_local_1_5_6|         array|
|x_local_1_5_6_ce0        |  out|    1|   ap_memory|   x_local_1_5_6|         array|
|x_local_1_5_6_we0        |  out|    1|   ap_memory|   x_local_1_5_6|         array|
|x_local_1_5_6_d0         |  out|    1|   ap_memory|   x_local_1_5_6|         array|
|x_local_1_5_7_address0   |  out|    4|   ap_memory|   x_local_1_5_7|         array|
|x_local_1_5_7_ce0        |  out|    1|   ap_memory|   x_local_1_5_7|         array|
|x_local_1_5_7_we0        |  out|    1|   ap_memory|   x_local_1_5_7|         array|
|x_local_1_5_7_d0         |  out|    1|   ap_memory|   x_local_1_5_7|         array|
|x_local_1_5_8_address0   |  out|    4|   ap_memory|   x_local_1_5_8|         array|
|x_local_1_5_8_ce0        |  out|    1|   ap_memory|   x_local_1_5_8|         array|
|x_local_1_5_8_we0        |  out|    1|   ap_memory|   x_local_1_5_8|         array|
|x_local_1_5_8_d0         |  out|    1|   ap_memory|   x_local_1_5_8|         array|
|x_local_1_5_9_address0   |  out|    4|   ap_memory|   x_local_1_5_9|         array|
|x_local_1_5_9_ce0        |  out|    1|   ap_memory|   x_local_1_5_9|         array|
|x_local_1_5_9_we0        |  out|    1|   ap_memory|   x_local_1_5_9|         array|
|x_local_1_5_9_d0         |  out|    1|   ap_memory|   x_local_1_5_9|         array|
|x_local_1_5_10_address0  |  out|    4|   ap_memory|  x_local_1_5_10|         array|
|x_local_1_5_10_ce0       |  out|    1|   ap_memory|  x_local_1_5_10|         array|
|x_local_1_5_10_we0       |  out|    1|   ap_memory|  x_local_1_5_10|         array|
|x_local_1_5_10_d0        |  out|    1|   ap_memory|  x_local_1_5_10|         array|
|x_local_1_5_11_address0  |  out|    4|   ap_memory|  x_local_1_5_11|         array|
|x_local_1_5_11_ce0       |  out|    1|   ap_memory|  x_local_1_5_11|         array|
|x_local_1_5_11_we0       |  out|    1|   ap_memory|  x_local_1_5_11|         array|
|x_local_1_5_11_d0        |  out|    1|   ap_memory|  x_local_1_5_11|         array|
|x_local_1_5_12_address0  |  out|    4|   ap_memory|  x_local_1_5_12|         array|
|x_local_1_5_12_ce0       |  out|    1|   ap_memory|  x_local_1_5_12|         array|
|x_local_1_5_12_we0       |  out|    1|   ap_memory|  x_local_1_5_12|         array|
|x_local_1_5_12_d0        |  out|    1|   ap_memory|  x_local_1_5_12|         array|
|x_local_1_5_13_address0  |  out|    4|   ap_memory|  x_local_1_5_13|         array|
|x_local_1_5_13_ce0       |  out|    1|   ap_memory|  x_local_1_5_13|         array|
|x_local_1_5_13_we0       |  out|    1|   ap_memory|  x_local_1_5_13|         array|
|x_local_1_5_13_d0        |  out|    1|   ap_memory|  x_local_1_5_13|         array|
|x_local_1_5_14_address0  |  out|    4|   ap_memory|  x_local_1_5_14|         array|
|x_local_1_5_14_ce0       |  out|    1|   ap_memory|  x_local_1_5_14|         array|
|x_local_1_5_14_we0       |  out|    1|   ap_memory|  x_local_1_5_14|         array|
|x_local_1_5_14_d0        |  out|    1|   ap_memory|  x_local_1_5_14|         array|
|x_local_1_5_15_address0  |  out|    4|   ap_memory|  x_local_1_5_15|         array|
|x_local_1_5_15_ce0       |  out|    1|   ap_memory|  x_local_1_5_15|         array|
|x_local_1_5_15_we0       |  out|    1|   ap_memory|  x_local_1_5_15|         array|
|x_local_1_5_15_d0        |  out|    1|   ap_memory|  x_local_1_5_15|         array|
|x_local_1_6_0_address0   |  out|    4|   ap_memory|   x_local_1_6_0|         array|
|x_local_1_6_0_ce0        |  out|    1|   ap_memory|   x_local_1_6_0|         array|
|x_local_1_6_0_we0        |  out|    1|   ap_memory|   x_local_1_6_0|         array|
|x_local_1_6_0_d0         |  out|    1|   ap_memory|   x_local_1_6_0|         array|
|x_local_1_6_1_address0   |  out|    4|   ap_memory|   x_local_1_6_1|         array|
|x_local_1_6_1_ce0        |  out|    1|   ap_memory|   x_local_1_6_1|         array|
|x_local_1_6_1_we0        |  out|    1|   ap_memory|   x_local_1_6_1|         array|
|x_local_1_6_1_d0         |  out|    1|   ap_memory|   x_local_1_6_1|         array|
|x_local_1_6_2_address0   |  out|    4|   ap_memory|   x_local_1_6_2|         array|
|x_local_1_6_2_ce0        |  out|    1|   ap_memory|   x_local_1_6_2|         array|
|x_local_1_6_2_we0        |  out|    1|   ap_memory|   x_local_1_6_2|         array|
|x_local_1_6_2_d0         |  out|    1|   ap_memory|   x_local_1_6_2|         array|
|x_local_1_6_3_address0   |  out|    4|   ap_memory|   x_local_1_6_3|         array|
|x_local_1_6_3_ce0        |  out|    1|   ap_memory|   x_local_1_6_3|         array|
|x_local_1_6_3_we0        |  out|    1|   ap_memory|   x_local_1_6_3|         array|
|x_local_1_6_3_d0         |  out|    1|   ap_memory|   x_local_1_6_3|         array|
|x_local_1_6_4_address0   |  out|    4|   ap_memory|   x_local_1_6_4|         array|
|x_local_1_6_4_ce0        |  out|    1|   ap_memory|   x_local_1_6_4|         array|
|x_local_1_6_4_we0        |  out|    1|   ap_memory|   x_local_1_6_4|         array|
|x_local_1_6_4_d0         |  out|    1|   ap_memory|   x_local_1_6_4|         array|
|x_local_1_6_5_address0   |  out|    4|   ap_memory|   x_local_1_6_5|         array|
|x_local_1_6_5_ce0        |  out|    1|   ap_memory|   x_local_1_6_5|         array|
|x_local_1_6_5_we0        |  out|    1|   ap_memory|   x_local_1_6_5|         array|
|x_local_1_6_5_d0         |  out|    1|   ap_memory|   x_local_1_6_5|         array|
|x_local_1_6_6_address0   |  out|    4|   ap_memory|   x_local_1_6_6|         array|
|x_local_1_6_6_ce0        |  out|    1|   ap_memory|   x_local_1_6_6|         array|
|x_local_1_6_6_we0        |  out|    1|   ap_memory|   x_local_1_6_6|         array|
|x_local_1_6_6_d0         |  out|    1|   ap_memory|   x_local_1_6_6|         array|
|x_local_1_6_7_address0   |  out|    4|   ap_memory|   x_local_1_6_7|         array|
|x_local_1_6_7_ce0        |  out|    1|   ap_memory|   x_local_1_6_7|         array|
|x_local_1_6_7_we0        |  out|    1|   ap_memory|   x_local_1_6_7|         array|
|x_local_1_6_7_d0         |  out|    1|   ap_memory|   x_local_1_6_7|         array|
|x_local_1_6_8_address0   |  out|    4|   ap_memory|   x_local_1_6_8|         array|
|x_local_1_6_8_ce0        |  out|    1|   ap_memory|   x_local_1_6_8|         array|
|x_local_1_6_8_we0        |  out|    1|   ap_memory|   x_local_1_6_8|         array|
|x_local_1_6_8_d0         |  out|    1|   ap_memory|   x_local_1_6_8|         array|
|x_local_1_6_9_address0   |  out|    4|   ap_memory|   x_local_1_6_9|         array|
|x_local_1_6_9_ce0        |  out|    1|   ap_memory|   x_local_1_6_9|         array|
|x_local_1_6_9_we0        |  out|    1|   ap_memory|   x_local_1_6_9|         array|
|x_local_1_6_9_d0         |  out|    1|   ap_memory|   x_local_1_6_9|         array|
|x_local_1_6_10_address0  |  out|    4|   ap_memory|  x_local_1_6_10|         array|
|x_local_1_6_10_ce0       |  out|    1|   ap_memory|  x_local_1_6_10|         array|
|x_local_1_6_10_we0       |  out|    1|   ap_memory|  x_local_1_6_10|         array|
|x_local_1_6_10_d0        |  out|    1|   ap_memory|  x_local_1_6_10|         array|
|x_local_1_6_11_address0  |  out|    4|   ap_memory|  x_local_1_6_11|         array|
|x_local_1_6_11_ce0       |  out|    1|   ap_memory|  x_local_1_6_11|         array|
|x_local_1_6_11_we0       |  out|    1|   ap_memory|  x_local_1_6_11|         array|
|x_local_1_6_11_d0        |  out|    1|   ap_memory|  x_local_1_6_11|         array|
|x_local_1_6_12_address0  |  out|    4|   ap_memory|  x_local_1_6_12|         array|
|x_local_1_6_12_ce0       |  out|    1|   ap_memory|  x_local_1_6_12|         array|
|x_local_1_6_12_we0       |  out|    1|   ap_memory|  x_local_1_6_12|         array|
|x_local_1_6_12_d0        |  out|    1|   ap_memory|  x_local_1_6_12|         array|
|x_local_1_6_13_address0  |  out|    4|   ap_memory|  x_local_1_6_13|         array|
|x_local_1_6_13_ce0       |  out|    1|   ap_memory|  x_local_1_6_13|         array|
|x_local_1_6_13_we0       |  out|    1|   ap_memory|  x_local_1_6_13|         array|
|x_local_1_6_13_d0        |  out|    1|   ap_memory|  x_local_1_6_13|         array|
|x_local_1_6_14_address0  |  out|    4|   ap_memory|  x_local_1_6_14|         array|
|x_local_1_6_14_ce0       |  out|    1|   ap_memory|  x_local_1_6_14|         array|
|x_local_1_6_14_we0       |  out|    1|   ap_memory|  x_local_1_6_14|         array|
|x_local_1_6_14_d0        |  out|    1|   ap_memory|  x_local_1_6_14|         array|
|x_local_1_6_15_address0  |  out|    4|   ap_memory|  x_local_1_6_15|         array|
|x_local_1_6_15_ce0       |  out|    1|   ap_memory|  x_local_1_6_15|         array|
|x_local_1_6_15_we0       |  out|    1|   ap_memory|  x_local_1_6_15|         array|
|x_local_1_6_15_d0        |  out|    1|   ap_memory|  x_local_1_6_15|         array|
|x_local_1_7_0_address0   |  out|    4|   ap_memory|   x_local_1_7_0|         array|
|x_local_1_7_0_ce0        |  out|    1|   ap_memory|   x_local_1_7_0|         array|
|x_local_1_7_0_we0        |  out|    1|   ap_memory|   x_local_1_7_0|         array|
|x_local_1_7_0_d0         |  out|    1|   ap_memory|   x_local_1_7_0|         array|
|x_local_1_7_1_address0   |  out|    4|   ap_memory|   x_local_1_7_1|         array|
|x_local_1_7_1_ce0        |  out|    1|   ap_memory|   x_local_1_7_1|         array|
|x_local_1_7_1_we0        |  out|    1|   ap_memory|   x_local_1_7_1|         array|
|x_local_1_7_1_d0         |  out|    1|   ap_memory|   x_local_1_7_1|         array|
|x_local_1_7_2_address0   |  out|    4|   ap_memory|   x_local_1_7_2|         array|
|x_local_1_7_2_ce0        |  out|    1|   ap_memory|   x_local_1_7_2|         array|
|x_local_1_7_2_we0        |  out|    1|   ap_memory|   x_local_1_7_2|         array|
|x_local_1_7_2_d0         |  out|    1|   ap_memory|   x_local_1_7_2|         array|
|x_local_1_7_3_address0   |  out|    4|   ap_memory|   x_local_1_7_3|         array|
|x_local_1_7_3_ce0        |  out|    1|   ap_memory|   x_local_1_7_3|         array|
|x_local_1_7_3_we0        |  out|    1|   ap_memory|   x_local_1_7_3|         array|
|x_local_1_7_3_d0         |  out|    1|   ap_memory|   x_local_1_7_3|         array|
|x_local_1_7_4_address0   |  out|    4|   ap_memory|   x_local_1_7_4|         array|
|x_local_1_7_4_ce0        |  out|    1|   ap_memory|   x_local_1_7_4|         array|
|x_local_1_7_4_we0        |  out|    1|   ap_memory|   x_local_1_7_4|         array|
|x_local_1_7_4_d0         |  out|    1|   ap_memory|   x_local_1_7_4|         array|
|x_local_1_7_5_address0   |  out|    4|   ap_memory|   x_local_1_7_5|         array|
|x_local_1_7_5_ce0        |  out|    1|   ap_memory|   x_local_1_7_5|         array|
|x_local_1_7_5_we0        |  out|    1|   ap_memory|   x_local_1_7_5|         array|
|x_local_1_7_5_d0         |  out|    1|   ap_memory|   x_local_1_7_5|         array|
|x_local_1_7_6_address0   |  out|    4|   ap_memory|   x_local_1_7_6|         array|
|x_local_1_7_6_ce0        |  out|    1|   ap_memory|   x_local_1_7_6|         array|
|x_local_1_7_6_we0        |  out|    1|   ap_memory|   x_local_1_7_6|         array|
|x_local_1_7_6_d0         |  out|    1|   ap_memory|   x_local_1_7_6|         array|
|x_local_1_7_7_address0   |  out|    4|   ap_memory|   x_local_1_7_7|         array|
|x_local_1_7_7_ce0        |  out|    1|   ap_memory|   x_local_1_7_7|         array|
|x_local_1_7_7_we0        |  out|    1|   ap_memory|   x_local_1_7_7|         array|
|x_local_1_7_7_d0         |  out|    1|   ap_memory|   x_local_1_7_7|         array|
|x_local_1_7_8_address0   |  out|    4|   ap_memory|   x_local_1_7_8|         array|
|x_local_1_7_8_ce0        |  out|    1|   ap_memory|   x_local_1_7_8|         array|
|x_local_1_7_8_we0        |  out|    1|   ap_memory|   x_local_1_7_8|         array|
|x_local_1_7_8_d0         |  out|    1|   ap_memory|   x_local_1_7_8|         array|
|x_local_1_7_9_address0   |  out|    4|   ap_memory|   x_local_1_7_9|         array|
|x_local_1_7_9_ce0        |  out|    1|   ap_memory|   x_local_1_7_9|         array|
|x_local_1_7_9_we0        |  out|    1|   ap_memory|   x_local_1_7_9|         array|
|x_local_1_7_9_d0         |  out|    1|   ap_memory|   x_local_1_7_9|         array|
|x_local_1_7_10_address0  |  out|    4|   ap_memory|  x_local_1_7_10|         array|
|x_local_1_7_10_ce0       |  out|    1|   ap_memory|  x_local_1_7_10|         array|
|x_local_1_7_10_we0       |  out|    1|   ap_memory|  x_local_1_7_10|         array|
|x_local_1_7_10_d0        |  out|    1|   ap_memory|  x_local_1_7_10|         array|
|x_local_1_7_11_address0  |  out|    4|   ap_memory|  x_local_1_7_11|         array|
|x_local_1_7_11_ce0       |  out|    1|   ap_memory|  x_local_1_7_11|         array|
|x_local_1_7_11_we0       |  out|    1|   ap_memory|  x_local_1_7_11|         array|
|x_local_1_7_11_d0        |  out|    1|   ap_memory|  x_local_1_7_11|         array|
|x_local_1_7_12_address0  |  out|    4|   ap_memory|  x_local_1_7_12|         array|
|x_local_1_7_12_ce0       |  out|    1|   ap_memory|  x_local_1_7_12|         array|
|x_local_1_7_12_we0       |  out|    1|   ap_memory|  x_local_1_7_12|         array|
|x_local_1_7_12_d0        |  out|    1|   ap_memory|  x_local_1_7_12|         array|
|x_local_1_7_13_address0  |  out|    4|   ap_memory|  x_local_1_7_13|         array|
|x_local_1_7_13_ce0       |  out|    1|   ap_memory|  x_local_1_7_13|         array|
|x_local_1_7_13_we0       |  out|    1|   ap_memory|  x_local_1_7_13|         array|
|x_local_1_7_13_d0        |  out|    1|   ap_memory|  x_local_1_7_13|         array|
|x_local_1_7_14_address0  |  out|    4|   ap_memory|  x_local_1_7_14|         array|
|x_local_1_7_14_ce0       |  out|    1|   ap_memory|  x_local_1_7_14|         array|
|x_local_1_7_14_we0       |  out|    1|   ap_memory|  x_local_1_7_14|         array|
|x_local_1_7_14_d0        |  out|    1|   ap_memory|  x_local_1_7_14|         array|
|x_local_1_7_15_address0  |  out|    4|   ap_memory|  x_local_1_7_15|         array|
|x_local_1_7_15_ce0       |  out|    1|   ap_memory|  x_local_1_7_15|         array|
|x_local_1_7_15_we0       |  out|    1|   ap_memory|  x_local_1_7_15|         array|
|x_local_1_7_15_d0        |  out|    1|   ap_memory|  x_local_1_7_15|         array|
|x_local_2_0_0_address0   |  out|    4|   ap_memory|   x_local_2_0_0|         array|
|x_local_2_0_0_ce0        |  out|    1|   ap_memory|   x_local_2_0_0|         array|
|x_local_2_0_0_we0        |  out|    1|   ap_memory|   x_local_2_0_0|         array|
|x_local_2_0_0_d0         |  out|    1|   ap_memory|   x_local_2_0_0|         array|
|x_local_2_0_1_address0   |  out|    4|   ap_memory|   x_local_2_0_1|         array|
|x_local_2_0_1_ce0        |  out|    1|   ap_memory|   x_local_2_0_1|         array|
|x_local_2_0_1_we0        |  out|    1|   ap_memory|   x_local_2_0_1|         array|
|x_local_2_0_1_d0         |  out|    1|   ap_memory|   x_local_2_0_1|         array|
|x_local_2_0_2_address0   |  out|    4|   ap_memory|   x_local_2_0_2|         array|
|x_local_2_0_2_ce0        |  out|    1|   ap_memory|   x_local_2_0_2|         array|
|x_local_2_0_2_we0        |  out|    1|   ap_memory|   x_local_2_0_2|         array|
|x_local_2_0_2_d0         |  out|    1|   ap_memory|   x_local_2_0_2|         array|
|x_local_2_0_3_address0   |  out|    4|   ap_memory|   x_local_2_0_3|         array|
|x_local_2_0_3_ce0        |  out|    1|   ap_memory|   x_local_2_0_3|         array|
|x_local_2_0_3_we0        |  out|    1|   ap_memory|   x_local_2_0_3|         array|
|x_local_2_0_3_d0         |  out|    1|   ap_memory|   x_local_2_0_3|         array|
|x_local_2_0_4_address0   |  out|    4|   ap_memory|   x_local_2_0_4|         array|
|x_local_2_0_4_ce0        |  out|    1|   ap_memory|   x_local_2_0_4|         array|
|x_local_2_0_4_we0        |  out|    1|   ap_memory|   x_local_2_0_4|         array|
|x_local_2_0_4_d0         |  out|    1|   ap_memory|   x_local_2_0_4|         array|
|x_local_2_0_5_address0   |  out|    4|   ap_memory|   x_local_2_0_5|         array|
|x_local_2_0_5_ce0        |  out|    1|   ap_memory|   x_local_2_0_5|         array|
|x_local_2_0_5_we0        |  out|    1|   ap_memory|   x_local_2_0_5|         array|
|x_local_2_0_5_d0         |  out|    1|   ap_memory|   x_local_2_0_5|         array|
|x_local_2_0_6_address0   |  out|    4|   ap_memory|   x_local_2_0_6|         array|
|x_local_2_0_6_ce0        |  out|    1|   ap_memory|   x_local_2_0_6|         array|
|x_local_2_0_6_we0        |  out|    1|   ap_memory|   x_local_2_0_6|         array|
|x_local_2_0_6_d0         |  out|    1|   ap_memory|   x_local_2_0_6|         array|
|x_local_2_0_7_address0   |  out|    4|   ap_memory|   x_local_2_0_7|         array|
|x_local_2_0_7_ce0        |  out|    1|   ap_memory|   x_local_2_0_7|         array|
|x_local_2_0_7_we0        |  out|    1|   ap_memory|   x_local_2_0_7|         array|
|x_local_2_0_7_d0         |  out|    1|   ap_memory|   x_local_2_0_7|         array|
|x_local_2_0_8_address0   |  out|    4|   ap_memory|   x_local_2_0_8|         array|
|x_local_2_0_8_ce0        |  out|    1|   ap_memory|   x_local_2_0_8|         array|
|x_local_2_0_8_we0        |  out|    1|   ap_memory|   x_local_2_0_8|         array|
|x_local_2_0_8_d0         |  out|    1|   ap_memory|   x_local_2_0_8|         array|
|x_local_2_0_9_address0   |  out|    4|   ap_memory|   x_local_2_0_9|         array|
|x_local_2_0_9_ce0        |  out|    1|   ap_memory|   x_local_2_0_9|         array|
|x_local_2_0_9_we0        |  out|    1|   ap_memory|   x_local_2_0_9|         array|
|x_local_2_0_9_d0         |  out|    1|   ap_memory|   x_local_2_0_9|         array|
|x_local_2_0_10_address0  |  out|    4|   ap_memory|  x_local_2_0_10|         array|
|x_local_2_0_10_ce0       |  out|    1|   ap_memory|  x_local_2_0_10|         array|
|x_local_2_0_10_we0       |  out|    1|   ap_memory|  x_local_2_0_10|         array|
|x_local_2_0_10_d0        |  out|    1|   ap_memory|  x_local_2_0_10|         array|
|x_local_2_0_11_address0  |  out|    4|   ap_memory|  x_local_2_0_11|         array|
|x_local_2_0_11_ce0       |  out|    1|   ap_memory|  x_local_2_0_11|         array|
|x_local_2_0_11_we0       |  out|    1|   ap_memory|  x_local_2_0_11|         array|
|x_local_2_0_11_d0        |  out|    1|   ap_memory|  x_local_2_0_11|         array|
|x_local_2_0_12_address0  |  out|    4|   ap_memory|  x_local_2_0_12|         array|
|x_local_2_0_12_ce0       |  out|    1|   ap_memory|  x_local_2_0_12|         array|
|x_local_2_0_12_we0       |  out|    1|   ap_memory|  x_local_2_0_12|         array|
|x_local_2_0_12_d0        |  out|    1|   ap_memory|  x_local_2_0_12|         array|
|x_local_2_0_13_address0  |  out|    4|   ap_memory|  x_local_2_0_13|         array|
|x_local_2_0_13_ce0       |  out|    1|   ap_memory|  x_local_2_0_13|         array|
|x_local_2_0_13_we0       |  out|    1|   ap_memory|  x_local_2_0_13|         array|
|x_local_2_0_13_d0        |  out|    1|   ap_memory|  x_local_2_0_13|         array|
|x_local_2_0_14_address0  |  out|    4|   ap_memory|  x_local_2_0_14|         array|
|x_local_2_0_14_ce0       |  out|    1|   ap_memory|  x_local_2_0_14|         array|
|x_local_2_0_14_we0       |  out|    1|   ap_memory|  x_local_2_0_14|         array|
|x_local_2_0_14_d0        |  out|    1|   ap_memory|  x_local_2_0_14|         array|
|x_local_2_0_15_address0  |  out|    4|   ap_memory|  x_local_2_0_15|         array|
|x_local_2_0_15_ce0       |  out|    1|   ap_memory|  x_local_2_0_15|         array|
|x_local_2_0_15_we0       |  out|    1|   ap_memory|  x_local_2_0_15|         array|
|x_local_2_0_15_d0        |  out|    1|   ap_memory|  x_local_2_0_15|         array|
|x_local_2_1_0_address0   |  out|    4|   ap_memory|   x_local_2_1_0|         array|
|x_local_2_1_0_ce0        |  out|    1|   ap_memory|   x_local_2_1_0|         array|
|x_local_2_1_0_we0        |  out|    1|   ap_memory|   x_local_2_1_0|         array|
|x_local_2_1_0_d0         |  out|    1|   ap_memory|   x_local_2_1_0|         array|
|x_local_2_1_1_address0   |  out|    4|   ap_memory|   x_local_2_1_1|         array|
|x_local_2_1_1_ce0        |  out|    1|   ap_memory|   x_local_2_1_1|         array|
|x_local_2_1_1_we0        |  out|    1|   ap_memory|   x_local_2_1_1|         array|
|x_local_2_1_1_d0         |  out|    1|   ap_memory|   x_local_2_1_1|         array|
|x_local_2_1_2_address0   |  out|    4|   ap_memory|   x_local_2_1_2|         array|
|x_local_2_1_2_ce0        |  out|    1|   ap_memory|   x_local_2_1_2|         array|
|x_local_2_1_2_we0        |  out|    1|   ap_memory|   x_local_2_1_2|         array|
|x_local_2_1_2_d0         |  out|    1|   ap_memory|   x_local_2_1_2|         array|
|x_local_2_1_3_address0   |  out|    4|   ap_memory|   x_local_2_1_3|         array|
|x_local_2_1_3_ce0        |  out|    1|   ap_memory|   x_local_2_1_3|         array|
|x_local_2_1_3_we0        |  out|    1|   ap_memory|   x_local_2_1_3|         array|
|x_local_2_1_3_d0         |  out|    1|   ap_memory|   x_local_2_1_3|         array|
|x_local_2_1_4_address0   |  out|    4|   ap_memory|   x_local_2_1_4|         array|
|x_local_2_1_4_ce0        |  out|    1|   ap_memory|   x_local_2_1_4|         array|
|x_local_2_1_4_we0        |  out|    1|   ap_memory|   x_local_2_1_4|         array|
|x_local_2_1_4_d0         |  out|    1|   ap_memory|   x_local_2_1_4|         array|
|x_local_2_1_5_address0   |  out|    4|   ap_memory|   x_local_2_1_5|         array|
|x_local_2_1_5_ce0        |  out|    1|   ap_memory|   x_local_2_1_5|         array|
|x_local_2_1_5_we0        |  out|    1|   ap_memory|   x_local_2_1_5|         array|
|x_local_2_1_5_d0         |  out|    1|   ap_memory|   x_local_2_1_5|         array|
|x_local_2_1_6_address0   |  out|    4|   ap_memory|   x_local_2_1_6|         array|
|x_local_2_1_6_ce0        |  out|    1|   ap_memory|   x_local_2_1_6|         array|
|x_local_2_1_6_we0        |  out|    1|   ap_memory|   x_local_2_1_6|         array|
|x_local_2_1_6_d0         |  out|    1|   ap_memory|   x_local_2_1_6|         array|
|x_local_2_1_7_address0   |  out|    4|   ap_memory|   x_local_2_1_7|         array|
|x_local_2_1_7_ce0        |  out|    1|   ap_memory|   x_local_2_1_7|         array|
|x_local_2_1_7_we0        |  out|    1|   ap_memory|   x_local_2_1_7|         array|
|x_local_2_1_7_d0         |  out|    1|   ap_memory|   x_local_2_1_7|         array|
|x_local_2_1_8_address0   |  out|    4|   ap_memory|   x_local_2_1_8|         array|
|x_local_2_1_8_ce0        |  out|    1|   ap_memory|   x_local_2_1_8|         array|
|x_local_2_1_8_we0        |  out|    1|   ap_memory|   x_local_2_1_8|         array|
|x_local_2_1_8_d0         |  out|    1|   ap_memory|   x_local_2_1_8|         array|
|x_local_2_1_9_address0   |  out|    4|   ap_memory|   x_local_2_1_9|         array|
|x_local_2_1_9_ce0        |  out|    1|   ap_memory|   x_local_2_1_9|         array|
|x_local_2_1_9_we0        |  out|    1|   ap_memory|   x_local_2_1_9|         array|
|x_local_2_1_9_d0         |  out|    1|   ap_memory|   x_local_2_1_9|         array|
|x_local_2_1_10_address0  |  out|    4|   ap_memory|  x_local_2_1_10|         array|
|x_local_2_1_10_ce0       |  out|    1|   ap_memory|  x_local_2_1_10|         array|
|x_local_2_1_10_we0       |  out|    1|   ap_memory|  x_local_2_1_10|         array|
|x_local_2_1_10_d0        |  out|    1|   ap_memory|  x_local_2_1_10|         array|
|x_local_2_1_11_address0  |  out|    4|   ap_memory|  x_local_2_1_11|         array|
|x_local_2_1_11_ce0       |  out|    1|   ap_memory|  x_local_2_1_11|         array|
|x_local_2_1_11_we0       |  out|    1|   ap_memory|  x_local_2_1_11|         array|
|x_local_2_1_11_d0        |  out|    1|   ap_memory|  x_local_2_1_11|         array|
|x_local_2_1_12_address0  |  out|    4|   ap_memory|  x_local_2_1_12|         array|
|x_local_2_1_12_ce0       |  out|    1|   ap_memory|  x_local_2_1_12|         array|
|x_local_2_1_12_we0       |  out|    1|   ap_memory|  x_local_2_1_12|         array|
|x_local_2_1_12_d0        |  out|    1|   ap_memory|  x_local_2_1_12|         array|
|x_local_2_1_13_address0  |  out|    4|   ap_memory|  x_local_2_1_13|         array|
|x_local_2_1_13_ce0       |  out|    1|   ap_memory|  x_local_2_1_13|         array|
|x_local_2_1_13_we0       |  out|    1|   ap_memory|  x_local_2_1_13|         array|
|x_local_2_1_13_d0        |  out|    1|   ap_memory|  x_local_2_1_13|         array|
|x_local_2_1_14_address0  |  out|    4|   ap_memory|  x_local_2_1_14|         array|
|x_local_2_1_14_ce0       |  out|    1|   ap_memory|  x_local_2_1_14|         array|
|x_local_2_1_14_we0       |  out|    1|   ap_memory|  x_local_2_1_14|         array|
|x_local_2_1_14_d0        |  out|    1|   ap_memory|  x_local_2_1_14|         array|
|x_local_2_1_15_address0  |  out|    4|   ap_memory|  x_local_2_1_15|         array|
|x_local_2_1_15_ce0       |  out|    1|   ap_memory|  x_local_2_1_15|         array|
|x_local_2_1_15_we0       |  out|    1|   ap_memory|  x_local_2_1_15|         array|
|x_local_2_1_15_d0        |  out|    1|   ap_memory|  x_local_2_1_15|         array|
|x_local_2_2_0_address0   |  out|    4|   ap_memory|   x_local_2_2_0|         array|
|x_local_2_2_0_ce0        |  out|    1|   ap_memory|   x_local_2_2_0|         array|
|x_local_2_2_0_we0        |  out|    1|   ap_memory|   x_local_2_2_0|         array|
|x_local_2_2_0_d0         |  out|    1|   ap_memory|   x_local_2_2_0|         array|
|x_local_2_2_1_address0   |  out|    4|   ap_memory|   x_local_2_2_1|         array|
|x_local_2_2_1_ce0        |  out|    1|   ap_memory|   x_local_2_2_1|         array|
|x_local_2_2_1_we0        |  out|    1|   ap_memory|   x_local_2_2_1|         array|
|x_local_2_2_1_d0         |  out|    1|   ap_memory|   x_local_2_2_1|         array|
|x_local_2_2_2_address0   |  out|    4|   ap_memory|   x_local_2_2_2|         array|
|x_local_2_2_2_ce0        |  out|    1|   ap_memory|   x_local_2_2_2|         array|
|x_local_2_2_2_we0        |  out|    1|   ap_memory|   x_local_2_2_2|         array|
|x_local_2_2_2_d0         |  out|    1|   ap_memory|   x_local_2_2_2|         array|
|x_local_2_2_3_address0   |  out|    4|   ap_memory|   x_local_2_2_3|         array|
|x_local_2_2_3_ce0        |  out|    1|   ap_memory|   x_local_2_2_3|         array|
|x_local_2_2_3_we0        |  out|    1|   ap_memory|   x_local_2_2_3|         array|
|x_local_2_2_3_d0         |  out|    1|   ap_memory|   x_local_2_2_3|         array|
|x_local_2_2_4_address0   |  out|    4|   ap_memory|   x_local_2_2_4|         array|
|x_local_2_2_4_ce0        |  out|    1|   ap_memory|   x_local_2_2_4|         array|
|x_local_2_2_4_we0        |  out|    1|   ap_memory|   x_local_2_2_4|         array|
|x_local_2_2_4_d0         |  out|    1|   ap_memory|   x_local_2_2_4|         array|
|x_local_2_2_5_address0   |  out|    4|   ap_memory|   x_local_2_2_5|         array|
|x_local_2_2_5_ce0        |  out|    1|   ap_memory|   x_local_2_2_5|         array|
|x_local_2_2_5_we0        |  out|    1|   ap_memory|   x_local_2_2_5|         array|
|x_local_2_2_5_d0         |  out|    1|   ap_memory|   x_local_2_2_5|         array|
|x_local_2_2_6_address0   |  out|    4|   ap_memory|   x_local_2_2_6|         array|
|x_local_2_2_6_ce0        |  out|    1|   ap_memory|   x_local_2_2_6|         array|
|x_local_2_2_6_we0        |  out|    1|   ap_memory|   x_local_2_2_6|         array|
|x_local_2_2_6_d0         |  out|    1|   ap_memory|   x_local_2_2_6|         array|
|x_local_2_2_7_address0   |  out|    4|   ap_memory|   x_local_2_2_7|         array|
|x_local_2_2_7_ce0        |  out|    1|   ap_memory|   x_local_2_2_7|         array|
|x_local_2_2_7_we0        |  out|    1|   ap_memory|   x_local_2_2_7|         array|
|x_local_2_2_7_d0         |  out|    1|   ap_memory|   x_local_2_2_7|         array|
|x_local_2_2_8_address0   |  out|    4|   ap_memory|   x_local_2_2_8|         array|
|x_local_2_2_8_ce0        |  out|    1|   ap_memory|   x_local_2_2_8|         array|
|x_local_2_2_8_we0        |  out|    1|   ap_memory|   x_local_2_2_8|         array|
|x_local_2_2_8_d0         |  out|    1|   ap_memory|   x_local_2_2_8|         array|
|x_local_2_2_9_address0   |  out|    4|   ap_memory|   x_local_2_2_9|         array|
|x_local_2_2_9_ce0        |  out|    1|   ap_memory|   x_local_2_2_9|         array|
|x_local_2_2_9_we0        |  out|    1|   ap_memory|   x_local_2_2_9|         array|
|x_local_2_2_9_d0         |  out|    1|   ap_memory|   x_local_2_2_9|         array|
|x_local_2_2_10_address0  |  out|    4|   ap_memory|  x_local_2_2_10|         array|
|x_local_2_2_10_ce0       |  out|    1|   ap_memory|  x_local_2_2_10|         array|
|x_local_2_2_10_we0       |  out|    1|   ap_memory|  x_local_2_2_10|         array|
|x_local_2_2_10_d0        |  out|    1|   ap_memory|  x_local_2_2_10|         array|
|x_local_2_2_11_address0  |  out|    4|   ap_memory|  x_local_2_2_11|         array|
|x_local_2_2_11_ce0       |  out|    1|   ap_memory|  x_local_2_2_11|         array|
|x_local_2_2_11_we0       |  out|    1|   ap_memory|  x_local_2_2_11|         array|
|x_local_2_2_11_d0        |  out|    1|   ap_memory|  x_local_2_2_11|         array|
|x_local_2_2_12_address0  |  out|    4|   ap_memory|  x_local_2_2_12|         array|
|x_local_2_2_12_ce0       |  out|    1|   ap_memory|  x_local_2_2_12|         array|
|x_local_2_2_12_we0       |  out|    1|   ap_memory|  x_local_2_2_12|         array|
|x_local_2_2_12_d0        |  out|    1|   ap_memory|  x_local_2_2_12|         array|
|x_local_2_2_13_address0  |  out|    4|   ap_memory|  x_local_2_2_13|         array|
|x_local_2_2_13_ce0       |  out|    1|   ap_memory|  x_local_2_2_13|         array|
|x_local_2_2_13_we0       |  out|    1|   ap_memory|  x_local_2_2_13|         array|
|x_local_2_2_13_d0        |  out|    1|   ap_memory|  x_local_2_2_13|         array|
|x_local_2_2_14_address0  |  out|    4|   ap_memory|  x_local_2_2_14|         array|
|x_local_2_2_14_ce0       |  out|    1|   ap_memory|  x_local_2_2_14|         array|
|x_local_2_2_14_we0       |  out|    1|   ap_memory|  x_local_2_2_14|         array|
|x_local_2_2_14_d0        |  out|    1|   ap_memory|  x_local_2_2_14|         array|
|x_local_2_2_15_address0  |  out|    4|   ap_memory|  x_local_2_2_15|         array|
|x_local_2_2_15_ce0       |  out|    1|   ap_memory|  x_local_2_2_15|         array|
|x_local_2_2_15_we0       |  out|    1|   ap_memory|  x_local_2_2_15|         array|
|x_local_2_2_15_d0        |  out|    1|   ap_memory|  x_local_2_2_15|         array|
|x_local_2_3_0_address0   |  out|    4|   ap_memory|   x_local_2_3_0|         array|
|x_local_2_3_0_ce0        |  out|    1|   ap_memory|   x_local_2_3_0|         array|
|x_local_2_3_0_we0        |  out|    1|   ap_memory|   x_local_2_3_0|         array|
|x_local_2_3_0_d0         |  out|    1|   ap_memory|   x_local_2_3_0|         array|
|x_local_2_3_1_address0   |  out|    4|   ap_memory|   x_local_2_3_1|         array|
|x_local_2_3_1_ce0        |  out|    1|   ap_memory|   x_local_2_3_1|         array|
|x_local_2_3_1_we0        |  out|    1|   ap_memory|   x_local_2_3_1|         array|
|x_local_2_3_1_d0         |  out|    1|   ap_memory|   x_local_2_3_1|         array|
|x_local_2_3_2_address0   |  out|    4|   ap_memory|   x_local_2_3_2|         array|
|x_local_2_3_2_ce0        |  out|    1|   ap_memory|   x_local_2_3_2|         array|
|x_local_2_3_2_we0        |  out|    1|   ap_memory|   x_local_2_3_2|         array|
|x_local_2_3_2_d0         |  out|    1|   ap_memory|   x_local_2_3_2|         array|
|x_local_2_3_3_address0   |  out|    4|   ap_memory|   x_local_2_3_3|         array|
|x_local_2_3_3_ce0        |  out|    1|   ap_memory|   x_local_2_3_3|         array|
|x_local_2_3_3_we0        |  out|    1|   ap_memory|   x_local_2_3_3|         array|
|x_local_2_3_3_d0         |  out|    1|   ap_memory|   x_local_2_3_3|         array|
|x_local_2_3_4_address0   |  out|    4|   ap_memory|   x_local_2_3_4|         array|
|x_local_2_3_4_ce0        |  out|    1|   ap_memory|   x_local_2_3_4|         array|
|x_local_2_3_4_we0        |  out|    1|   ap_memory|   x_local_2_3_4|         array|
|x_local_2_3_4_d0         |  out|    1|   ap_memory|   x_local_2_3_4|         array|
|x_local_2_3_5_address0   |  out|    4|   ap_memory|   x_local_2_3_5|         array|
|x_local_2_3_5_ce0        |  out|    1|   ap_memory|   x_local_2_3_5|         array|
|x_local_2_3_5_we0        |  out|    1|   ap_memory|   x_local_2_3_5|         array|
|x_local_2_3_5_d0         |  out|    1|   ap_memory|   x_local_2_3_5|         array|
|x_local_2_3_6_address0   |  out|    4|   ap_memory|   x_local_2_3_6|         array|
|x_local_2_3_6_ce0        |  out|    1|   ap_memory|   x_local_2_3_6|         array|
|x_local_2_3_6_we0        |  out|    1|   ap_memory|   x_local_2_3_6|         array|
|x_local_2_3_6_d0         |  out|    1|   ap_memory|   x_local_2_3_6|         array|
|x_local_2_3_7_address0   |  out|    4|   ap_memory|   x_local_2_3_7|         array|
|x_local_2_3_7_ce0        |  out|    1|   ap_memory|   x_local_2_3_7|         array|
|x_local_2_3_7_we0        |  out|    1|   ap_memory|   x_local_2_3_7|         array|
|x_local_2_3_7_d0         |  out|    1|   ap_memory|   x_local_2_3_7|         array|
|x_local_2_3_8_address0   |  out|    4|   ap_memory|   x_local_2_3_8|         array|
|x_local_2_3_8_ce0        |  out|    1|   ap_memory|   x_local_2_3_8|         array|
|x_local_2_3_8_we0        |  out|    1|   ap_memory|   x_local_2_3_8|         array|
|x_local_2_3_8_d0         |  out|    1|   ap_memory|   x_local_2_3_8|         array|
|x_local_2_3_9_address0   |  out|    4|   ap_memory|   x_local_2_3_9|         array|
|x_local_2_3_9_ce0        |  out|    1|   ap_memory|   x_local_2_3_9|         array|
|x_local_2_3_9_we0        |  out|    1|   ap_memory|   x_local_2_3_9|         array|
|x_local_2_3_9_d0         |  out|    1|   ap_memory|   x_local_2_3_9|         array|
|x_local_2_3_10_address0  |  out|    4|   ap_memory|  x_local_2_3_10|         array|
|x_local_2_3_10_ce0       |  out|    1|   ap_memory|  x_local_2_3_10|         array|
|x_local_2_3_10_we0       |  out|    1|   ap_memory|  x_local_2_3_10|         array|
|x_local_2_3_10_d0        |  out|    1|   ap_memory|  x_local_2_3_10|         array|
|x_local_2_3_11_address0  |  out|    4|   ap_memory|  x_local_2_3_11|         array|
|x_local_2_3_11_ce0       |  out|    1|   ap_memory|  x_local_2_3_11|         array|
|x_local_2_3_11_we0       |  out|    1|   ap_memory|  x_local_2_3_11|         array|
|x_local_2_3_11_d0        |  out|    1|   ap_memory|  x_local_2_3_11|         array|
|x_local_2_3_12_address0  |  out|    4|   ap_memory|  x_local_2_3_12|         array|
|x_local_2_3_12_ce0       |  out|    1|   ap_memory|  x_local_2_3_12|         array|
|x_local_2_3_12_we0       |  out|    1|   ap_memory|  x_local_2_3_12|         array|
|x_local_2_3_12_d0        |  out|    1|   ap_memory|  x_local_2_3_12|         array|
|x_local_2_3_13_address0  |  out|    4|   ap_memory|  x_local_2_3_13|         array|
|x_local_2_3_13_ce0       |  out|    1|   ap_memory|  x_local_2_3_13|         array|
|x_local_2_3_13_we0       |  out|    1|   ap_memory|  x_local_2_3_13|         array|
|x_local_2_3_13_d0        |  out|    1|   ap_memory|  x_local_2_3_13|         array|
|x_local_2_3_14_address0  |  out|    4|   ap_memory|  x_local_2_3_14|         array|
|x_local_2_3_14_ce0       |  out|    1|   ap_memory|  x_local_2_3_14|         array|
|x_local_2_3_14_we0       |  out|    1|   ap_memory|  x_local_2_3_14|         array|
|x_local_2_3_14_d0        |  out|    1|   ap_memory|  x_local_2_3_14|         array|
|x_local_2_3_15_address0  |  out|    4|   ap_memory|  x_local_2_3_15|         array|
|x_local_2_3_15_ce0       |  out|    1|   ap_memory|  x_local_2_3_15|         array|
|x_local_2_3_15_we0       |  out|    1|   ap_memory|  x_local_2_3_15|         array|
|x_local_2_3_15_d0        |  out|    1|   ap_memory|  x_local_2_3_15|         array|
|x_local_2_4_0_address0   |  out|    4|   ap_memory|   x_local_2_4_0|         array|
|x_local_2_4_0_ce0        |  out|    1|   ap_memory|   x_local_2_4_0|         array|
|x_local_2_4_0_we0        |  out|    1|   ap_memory|   x_local_2_4_0|         array|
|x_local_2_4_0_d0         |  out|    1|   ap_memory|   x_local_2_4_0|         array|
|x_local_2_4_1_address0   |  out|    4|   ap_memory|   x_local_2_4_1|         array|
|x_local_2_4_1_ce0        |  out|    1|   ap_memory|   x_local_2_4_1|         array|
|x_local_2_4_1_we0        |  out|    1|   ap_memory|   x_local_2_4_1|         array|
|x_local_2_4_1_d0         |  out|    1|   ap_memory|   x_local_2_4_1|         array|
|x_local_2_4_2_address0   |  out|    4|   ap_memory|   x_local_2_4_2|         array|
|x_local_2_4_2_ce0        |  out|    1|   ap_memory|   x_local_2_4_2|         array|
|x_local_2_4_2_we0        |  out|    1|   ap_memory|   x_local_2_4_2|         array|
|x_local_2_4_2_d0         |  out|    1|   ap_memory|   x_local_2_4_2|         array|
|x_local_2_4_3_address0   |  out|    4|   ap_memory|   x_local_2_4_3|         array|
|x_local_2_4_3_ce0        |  out|    1|   ap_memory|   x_local_2_4_3|         array|
|x_local_2_4_3_we0        |  out|    1|   ap_memory|   x_local_2_4_3|         array|
|x_local_2_4_3_d0         |  out|    1|   ap_memory|   x_local_2_4_3|         array|
|x_local_2_4_4_address0   |  out|    4|   ap_memory|   x_local_2_4_4|         array|
|x_local_2_4_4_ce0        |  out|    1|   ap_memory|   x_local_2_4_4|         array|
|x_local_2_4_4_we0        |  out|    1|   ap_memory|   x_local_2_4_4|         array|
|x_local_2_4_4_d0         |  out|    1|   ap_memory|   x_local_2_4_4|         array|
|x_local_2_4_5_address0   |  out|    4|   ap_memory|   x_local_2_4_5|         array|
|x_local_2_4_5_ce0        |  out|    1|   ap_memory|   x_local_2_4_5|         array|
|x_local_2_4_5_we0        |  out|    1|   ap_memory|   x_local_2_4_5|         array|
|x_local_2_4_5_d0         |  out|    1|   ap_memory|   x_local_2_4_5|         array|
|x_local_2_4_6_address0   |  out|    4|   ap_memory|   x_local_2_4_6|         array|
|x_local_2_4_6_ce0        |  out|    1|   ap_memory|   x_local_2_4_6|         array|
|x_local_2_4_6_we0        |  out|    1|   ap_memory|   x_local_2_4_6|         array|
|x_local_2_4_6_d0         |  out|    1|   ap_memory|   x_local_2_4_6|         array|
|x_local_2_4_7_address0   |  out|    4|   ap_memory|   x_local_2_4_7|         array|
|x_local_2_4_7_ce0        |  out|    1|   ap_memory|   x_local_2_4_7|         array|
|x_local_2_4_7_we0        |  out|    1|   ap_memory|   x_local_2_4_7|         array|
|x_local_2_4_7_d0         |  out|    1|   ap_memory|   x_local_2_4_7|         array|
|x_local_2_4_8_address0   |  out|    4|   ap_memory|   x_local_2_4_8|         array|
|x_local_2_4_8_ce0        |  out|    1|   ap_memory|   x_local_2_4_8|         array|
|x_local_2_4_8_we0        |  out|    1|   ap_memory|   x_local_2_4_8|         array|
|x_local_2_4_8_d0         |  out|    1|   ap_memory|   x_local_2_4_8|         array|
|x_local_2_4_9_address0   |  out|    4|   ap_memory|   x_local_2_4_9|         array|
|x_local_2_4_9_ce0        |  out|    1|   ap_memory|   x_local_2_4_9|         array|
|x_local_2_4_9_we0        |  out|    1|   ap_memory|   x_local_2_4_9|         array|
|x_local_2_4_9_d0         |  out|    1|   ap_memory|   x_local_2_4_9|         array|
|x_local_2_4_10_address0  |  out|    4|   ap_memory|  x_local_2_4_10|         array|
|x_local_2_4_10_ce0       |  out|    1|   ap_memory|  x_local_2_4_10|         array|
|x_local_2_4_10_we0       |  out|    1|   ap_memory|  x_local_2_4_10|         array|
|x_local_2_4_10_d0        |  out|    1|   ap_memory|  x_local_2_4_10|         array|
|x_local_2_4_11_address0  |  out|    4|   ap_memory|  x_local_2_4_11|         array|
|x_local_2_4_11_ce0       |  out|    1|   ap_memory|  x_local_2_4_11|         array|
|x_local_2_4_11_we0       |  out|    1|   ap_memory|  x_local_2_4_11|         array|
|x_local_2_4_11_d0        |  out|    1|   ap_memory|  x_local_2_4_11|         array|
|x_local_2_4_12_address0  |  out|    4|   ap_memory|  x_local_2_4_12|         array|
|x_local_2_4_12_ce0       |  out|    1|   ap_memory|  x_local_2_4_12|         array|
|x_local_2_4_12_we0       |  out|    1|   ap_memory|  x_local_2_4_12|         array|
|x_local_2_4_12_d0        |  out|    1|   ap_memory|  x_local_2_4_12|         array|
|x_local_2_4_13_address0  |  out|    4|   ap_memory|  x_local_2_4_13|         array|
|x_local_2_4_13_ce0       |  out|    1|   ap_memory|  x_local_2_4_13|         array|
|x_local_2_4_13_we0       |  out|    1|   ap_memory|  x_local_2_4_13|         array|
|x_local_2_4_13_d0        |  out|    1|   ap_memory|  x_local_2_4_13|         array|
|x_local_2_4_14_address0  |  out|    4|   ap_memory|  x_local_2_4_14|         array|
|x_local_2_4_14_ce0       |  out|    1|   ap_memory|  x_local_2_4_14|         array|
|x_local_2_4_14_we0       |  out|    1|   ap_memory|  x_local_2_4_14|         array|
|x_local_2_4_14_d0        |  out|    1|   ap_memory|  x_local_2_4_14|         array|
|x_local_2_4_15_address0  |  out|    4|   ap_memory|  x_local_2_4_15|         array|
|x_local_2_4_15_ce0       |  out|    1|   ap_memory|  x_local_2_4_15|         array|
|x_local_2_4_15_we0       |  out|    1|   ap_memory|  x_local_2_4_15|         array|
|x_local_2_4_15_d0        |  out|    1|   ap_memory|  x_local_2_4_15|         array|
|x_local_2_5_0_address0   |  out|    4|   ap_memory|   x_local_2_5_0|         array|
|x_local_2_5_0_ce0        |  out|    1|   ap_memory|   x_local_2_5_0|         array|
|x_local_2_5_0_we0        |  out|    1|   ap_memory|   x_local_2_5_0|         array|
|x_local_2_5_0_d0         |  out|    1|   ap_memory|   x_local_2_5_0|         array|
|x_local_2_5_1_address0   |  out|    4|   ap_memory|   x_local_2_5_1|         array|
|x_local_2_5_1_ce0        |  out|    1|   ap_memory|   x_local_2_5_1|         array|
|x_local_2_5_1_we0        |  out|    1|   ap_memory|   x_local_2_5_1|         array|
|x_local_2_5_1_d0         |  out|    1|   ap_memory|   x_local_2_5_1|         array|
|x_local_2_5_2_address0   |  out|    4|   ap_memory|   x_local_2_5_2|         array|
|x_local_2_5_2_ce0        |  out|    1|   ap_memory|   x_local_2_5_2|         array|
|x_local_2_5_2_we0        |  out|    1|   ap_memory|   x_local_2_5_2|         array|
|x_local_2_5_2_d0         |  out|    1|   ap_memory|   x_local_2_5_2|         array|
|x_local_2_5_3_address0   |  out|    4|   ap_memory|   x_local_2_5_3|         array|
|x_local_2_5_3_ce0        |  out|    1|   ap_memory|   x_local_2_5_3|         array|
|x_local_2_5_3_we0        |  out|    1|   ap_memory|   x_local_2_5_3|         array|
|x_local_2_5_3_d0         |  out|    1|   ap_memory|   x_local_2_5_3|         array|
|x_local_2_5_4_address0   |  out|    4|   ap_memory|   x_local_2_5_4|         array|
|x_local_2_5_4_ce0        |  out|    1|   ap_memory|   x_local_2_5_4|         array|
|x_local_2_5_4_we0        |  out|    1|   ap_memory|   x_local_2_5_4|         array|
|x_local_2_5_4_d0         |  out|    1|   ap_memory|   x_local_2_5_4|         array|
|x_local_2_5_5_address0   |  out|    4|   ap_memory|   x_local_2_5_5|         array|
|x_local_2_5_5_ce0        |  out|    1|   ap_memory|   x_local_2_5_5|         array|
|x_local_2_5_5_we0        |  out|    1|   ap_memory|   x_local_2_5_5|         array|
|x_local_2_5_5_d0         |  out|    1|   ap_memory|   x_local_2_5_5|         array|
|x_local_2_5_6_address0   |  out|    4|   ap_memory|   x_local_2_5_6|         array|
|x_local_2_5_6_ce0        |  out|    1|   ap_memory|   x_local_2_5_6|         array|
|x_local_2_5_6_we0        |  out|    1|   ap_memory|   x_local_2_5_6|         array|
|x_local_2_5_6_d0         |  out|    1|   ap_memory|   x_local_2_5_6|         array|
|x_local_2_5_7_address0   |  out|    4|   ap_memory|   x_local_2_5_7|         array|
|x_local_2_5_7_ce0        |  out|    1|   ap_memory|   x_local_2_5_7|         array|
|x_local_2_5_7_we0        |  out|    1|   ap_memory|   x_local_2_5_7|         array|
|x_local_2_5_7_d0         |  out|    1|   ap_memory|   x_local_2_5_7|         array|
|x_local_2_5_8_address0   |  out|    4|   ap_memory|   x_local_2_5_8|         array|
|x_local_2_5_8_ce0        |  out|    1|   ap_memory|   x_local_2_5_8|         array|
|x_local_2_5_8_we0        |  out|    1|   ap_memory|   x_local_2_5_8|         array|
|x_local_2_5_8_d0         |  out|    1|   ap_memory|   x_local_2_5_8|         array|
|x_local_2_5_9_address0   |  out|    4|   ap_memory|   x_local_2_5_9|         array|
|x_local_2_5_9_ce0        |  out|    1|   ap_memory|   x_local_2_5_9|         array|
|x_local_2_5_9_we0        |  out|    1|   ap_memory|   x_local_2_5_9|         array|
|x_local_2_5_9_d0         |  out|    1|   ap_memory|   x_local_2_5_9|         array|
|x_local_2_5_10_address0  |  out|    4|   ap_memory|  x_local_2_5_10|         array|
|x_local_2_5_10_ce0       |  out|    1|   ap_memory|  x_local_2_5_10|         array|
|x_local_2_5_10_we0       |  out|    1|   ap_memory|  x_local_2_5_10|         array|
|x_local_2_5_10_d0        |  out|    1|   ap_memory|  x_local_2_5_10|         array|
|x_local_2_5_11_address0  |  out|    4|   ap_memory|  x_local_2_5_11|         array|
|x_local_2_5_11_ce0       |  out|    1|   ap_memory|  x_local_2_5_11|         array|
|x_local_2_5_11_we0       |  out|    1|   ap_memory|  x_local_2_5_11|         array|
|x_local_2_5_11_d0        |  out|    1|   ap_memory|  x_local_2_5_11|         array|
|x_local_2_5_12_address0  |  out|    4|   ap_memory|  x_local_2_5_12|         array|
|x_local_2_5_12_ce0       |  out|    1|   ap_memory|  x_local_2_5_12|         array|
|x_local_2_5_12_we0       |  out|    1|   ap_memory|  x_local_2_5_12|         array|
|x_local_2_5_12_d0        |  out|    1|   ap_memory|  x_local_2_5_12|         array|
|x_local_2_5_13_address0  |  out|    4|   ap_memory|  x_local_2_5_13|         array|
|x_local_2_5_13_ce0       |  out|    1|   ap_memory|  x_local_2_5_13|         array|
|x_local_2_5_13_we0       |  out|    1|   ap_memory|  x_local_2_5_13|         array|
|x_local_2_5_13_d0        |  out|    1|   ap_memory|  x_local_2_5_13|         array|
|x_local_2_5_14_address0  |  out|    4|   ap_memory|  x_local_2_5_14|         array|
|x_local_2_5_14_ce0       |  out|    1|   ap_memory|  x_local_2_5_14|         array|
|x_local_2_5_14_we0       |  out|    1|   ap_memory|  x_local_2_5_14|         array|
|x_local_2_5_14_d0        |  out|    1|   ap_memory|  x_local_2_5_14|         array|
|x_local_2_5_15_address0  |  out|    4|   ap_memory|  x_local_2_5_15|         array|
|x_local_2_5_15_ce0       |  out|    1|   ap_memory|  x_local_2_5_15|         array|
|x_local_2_5_15_we0       |  out|    1|   ap_memory|  x_local_2_5_15|         array|
|x_local_2_5_15_d0        |  out|    1|   ap_memory|  x_local_2_5_15|         array|
|x_local_2_6_0_address0   |  out|    4|   ap_memory|   x_local_2_6_0|         array|
|x_local_2_6_0_ce0        |  out|    1|   ap_memory|   x_local_2_6_0|         array|
|x_local_2_6_0_we0        |  out|    1|   ap_memory|   x_local_2_6_0|         array|
|x_local_2_6_0_d0         |  out|    1|   ap_memory|   x_local_2_6_0|         array|
|x_local_2_6_1_address0   |  out|    4|   ap_memory|   x_local_2_6_1|         array|
|x_local_2_6_1_ce0        |  out|    1|   ap_memory|   x_local_2_6_1|         array|
|x_local_2_6_1_we0        |  out|    1|   ap_memory|   x_local_2_6_1|         array|
|x_local_2_6_1_d0         |  out|    1|   ap_memory|   x_local_2_6_1|         array|
|x_local_2_6_2_address0   |  out|    4|   ap_memory|   x_local_2_6_2|         array|
|x_local_2_6_2_ce0        |  out|    1|   ap_memory|   x_local_2_6_2|         array|
|x_local_2_6_2_we0        |  out|    1|   ap_memory|   x_local_2_6_2|         array|
|x_local_2_6_2_d0         |  out|    1|   ap_memory|   x_local_2_6_2|         array|
|x_local_2_6_3_address0   |  out|    4|   ap_memory|   x_local_2_6_3|         array|
|x_local_2_6_3_ce0        |  out|    1|   ap_memory|   x_local_2_6_3|         array|
|x_local_2_6_3_we0        |  out|    1|   ap_memory|   x_local_2_6_3|         array|
|x_local_2_6_3_d0         |  out|    1|   ap_memory|   x_local_2_6_3|         array|
|x_local_2_6_4_address0   |  out|    4|   ap_memory|   x_local_2_6_4|         array|
|x_local_2_6_4_ce0        |  out|    1|   ap_memory|   x_local_2_6_4|         array|
|x_local_2_6_4_we0        |  out|    1|   ap_memory|   x_local_2_6_4|         array|
|x_local_2_6_4_d0         |  out|    1|   ap_memory|   x_local_2_6_4|         array|
|x_local_2_6_5_address0   |  out|    4|   ap_memory|   x_local_2_6_5|         array|
|x_local_2_6_5_ce0        |  out|    1|   ap_memory|   x_local_2_6_5|         array|
|x_local_2_6_5_we0        |  out|    1|   ap_memory|   x_local_2_6_5|         array|
|x_local_2_6_5_d0         |  out|    1|   ap_memory|   x_local_2_6_5|         array|
|x_local_2_6_6_address0   |  out|    4|   ap_memory|   x_local_2_6_6|         array|
|x_local_2_6_6_ce0        |  out|    1|   ap_memory|   x_local_2_6_6|         array|
|x_local_2_6_6_we0        |  out|    1|   ap_memory|   x_local_2_6_6|         array|
|x_local_2_6_6_d0         |  out|    1|   ap_memory|   x_local_2_6_6|         array|
|x_local_2_6_7_address0   |  out|    4|   ap_memory|   x_local_2_6_7|         array|
|x_local_2_6_7_ce0        |  out|    1|   ap_memory|   x_local_2_6_7|         array|
|x_local_2_6_7_we0        |  out|    1|   ap_memory|   x_local_2_6_7|         array|
|x_local_2_6_7_d0         |  out|    1|   ap_memory|   x_local_2_6_7|         array|
|x_local_2_6_8_address0   |  out|    4|   ap_memory|   x_local_2_6_8|         array|
|x_local_2_6_8_ce0        |  out|    1|   ap_memory|   x_local_2_6_8|         array|
|x_local_2_6_8_we0        |  out|    1|   ap_memory|   x_local_2_6_8|         array|
|x_local_2_6_8_d0         |  out|    1|   ap_memory|   x_local_2_6_8|         array|
|x_local_2_6_9_address0   |  out|    4|   ap_memory|   x_local_2_6_9|         array|
|x_local_2_6_9_ce0        |  out|    1|   ap_memory|   x_local_2_6_9|         array|
|x_local_2_6_9_we0        |  out|    1|   ap_memory|   x_local_2_6_9|         array|
|x_local_2_6_9_d0         |  out|    1|   ap_memory|   x_local_2_6_9|         array|
|x_local_2_6_10_address0  |  out|    4|   ap_memory|  x_local_2_6_10|         array|
|x_local_2_6_10_ce0       |  out|    1|   ap_memory|  x_local_2_6_10|         array|
|x_local_2_6_10_we0       |  out|    1|   ap_memory|  x_local_2_6_10|         array|
|x_local_2_6_10_d0        |  out|    1|   ap_memory|  x_local_2_6_10|         array|
|x_local_2_6_11_address0  |  out|    4|   ap_memory|  x_local_2_6_11|         array|
|x_local_2_6_11_ce0       |  out|    1|   ap_memory|  x_local_2_6_11|         array|
|x_local_2_6_11_we0       |  out|    1|   ap_memory|  x_local_2_6_11|         array|
|x_local_2_6_11_d0        |  out|    1|   ap_memory|  x_local_2_6_11|         array|
|x_local_2_6_12_address0  |  out|    4|   ap_memory|  x_local_2_6_12|         array|
|x_local_2_6_12_ce0       |  out|    1|   ap_memory|  x_local_2_6_12|         array|
|x_local_2_6_12_we0       |  out|    1|   ap_memory|  x_local_2_6_12|         array|
|x_local_2_6_12_d0        |  out|    1|   ap_memory|  x_local_2_6_12|         array|
|x_local_2_6_13_address0  |  out|    4|   ap_memory|  x_local_2_6_13|         array|
|x_local_2_6_13_ce0       |  out|    1|   ap_memory|  x_local_2_6_13|         array|
|x_local_2_6_13_we0       |  out|    1|   ap_memory|  x_local_2_6_13|         array|
|x_local_2_6_13_d0        |  out|    1|   ap_memory|  x_local_2_6_13|         array|
|x_local_2_6_14_address0  |  out|    4|   ap_memory|  x_local_2_6_14|         array|
|x_local_2_6_14_ce0       |  out|    1|   ap_memory|  x_local_2_6_14|         array|
|x_local_2_6_14_we0       |  out|    1|   ap_memory|  x_local_2_6_14|         array|
|x_local_2_6_14_d0        |  out|    1|   ap_memory|  x_local_2_6_14|         array|
|x_local_2_6_15_address0  |  out|    4|   ap_memory|  x_local_2_6_15|         array|
|x_local_2_6_15_ce0       |  out|    1|   ap_memory|  x_local_2_6_15|         array|
|x_local_2_6_15_we0       |  out|    1|   ap_memory|  x_local_2_6_15|         array|
|x_local_2_6_15_d0        |  out|    1|   ap_memory|  x_local_2_6_15|         array|
|x_local_2_7_0_address0   |  out|    4|   ap_memory|   x_local_2_7_0|         array|
|x_local_2_7_0_ce0        |  out|    1|   ap_memory|   x_local_2_7_0|         array|
|x_local_2_7_0_we0        |  out|    1|   ap_memory|   x_local_2_7_0|         array|
|x_local_2_7_0_d0         |  out|    1|   ap_memory|   x_local_2_7_0|         array|
|x_local_2_7_1_address0   |  out|    4|   ap_memory|   x_local_2_7_1|         array|
|x_local_2_7_1_ce0        |  out|    1|   ap_memory|   x_local_2_7_1|         array|
|x_local_2_7_1_we0        |  out|    1|   ap_memory|   x_local_2_7_1|         array|
|x_local_2_7_1_d0         |  out|    1|   ap_memory|   x_local_2_7_1|         array|
|x_local_2_7_2_address0   |  out|    4|   ap_memory|   x_local_2_7_2|         array|
|x_local_2_7_2_ce0        |  out|    1|   ap_memory|   x_local_2_7_2|         array|
|x_local_2_7_2_we0        |  out|    1|   ap_memory|   x_local_2_7_2|         array|
|x_local_2_7_2_d0         |  out|    1|   ap_memory|   x_local_2_7_2|         array|
|x_local_2_7_3_address0   |  out|    4|   ap_memory|   x_local_2_7_3|         array|
|x_local_2_7_3_ce0        |  out|    1|   ap_memory|   x_local_2_7_3|         array|
|x_local_2_7_3_we0        |  out|    1|   ap_memory|   x_local_2_7_3|         array|
|x_local_2_7_3_d0         |  out|    1|   ap_memory|   x_local_2_7_3|         array|
|x_local_2_7_4_address0   |  out|    4|   ap_memory|   x_local_2_7_4|         array|
|x_local_2_7_4_ce0        |  out|    1|   ap_memory|   x_local_2_7_4|         array|
|x_local_2_7_4_we0        |  out|    1|   ap_memory|   x_local_2_7_4|         array|
|x_local_2_7_4_d0         |  out|    1|   ap_memory|   x_local_2_7_4|         array|
|x_local_2_7_5_address0   |  out|    4|   ap_memory|   x_local_2_7_5|         array|
|x_local_2_7_5_ce0        |  out|    1|   ap_memory|   x_local_2_7_5|         array|
|x_local_2_7_5_we0        |  out|    1|   ap_memory|   x_local_2_7_5|         array|
|x_local_2_7_5_d0         |  out|    1|   ap_memory|   x_local_2_7_5|         array|
|x_local_2_7_6_address0   |  out|    4|   ap_memory|   x_local_2_7_6|         array|
|x_local_2_7_6_ce0        |  out|    1|   ap_memory|   x_local_2_7_6|         array|
|x_local_2_7_6_we0        |  out|    1|   ap_memory|   x_local_2_7_6|         array|
|x_local_2_7_6_d0         |  out|    1|   ap_memory|   x_local_2_7_6|         array|
|x_local_2_7_7_address0   |  out|    4|   ap_memory|   x_local_2_7_7|         array|
|x_local_2_7_7_ce0        |  out|    1|   ap_memory|   x_local_2_7_7|         array|
|x_local_2_7_7_we0        |  out|    1|   ap_memory|   x_local_2_7_7|         array|
|x_local_2_7_7_d0         |  out|    1|   ap_memory|   x_local_2_7_7|         array|
|x_local_2_7_8_address0   |  out|    4|   ap_memory|   x_local_2_7_8|         array|
|x_local_2_7_8_ce0        |  out|    1|   ap_memory|   x_local_2_7_8|         array|
|x_local_2_7_8_we0        |  out|    1|   ap_memory|   x_local_2_7_8|         array|
|x_local_2_7_8_d0         |  out|    1|   ap_memory|   x_local_2_7_8|         array|
|x_local_2_7_9_address0   |  out|    4|   ap_memory|   x_local_2_7_9|         array|
|x_local_2_7_9_ce0        |  out|    1|   ap_memory|   x_local_2_7_9|         array|
|x_local_2_7_9_we0        |  out|    1|   ap_memory|   x_local_2_7_9|         array|
|x_local_2_7_9_d0         |  out|    1|   ap_memory|   x_local_2_7_9|         array|
|x_local_2_7_10_address0  |  out|    4|   ap_memory|  x_local_2_7_10|         array|
|x_local_2_7_10_ce0       |  out|    1|   ap_memory|  x_local_2_7_10|         array|
|x_local_2_7_10_we0       |  out|    1|   ap_memory|  x_local_2_7_10|         array|
|x_local_2_7_10_d0        |  out|    1|   ap_memory|  x_local_2_7_10|         array|
|x_local_2_7_11_address0  |  out|    4|   ap_memory|  x_local_2_7_11|         array|
|x_local_2_7_11_ce0       |  out|    1|   ap_memory|  x_local_2_7_11|         array|
|x_local_2_7_11_we0       |  out|    1|   ap_memory|  x_local_2_7_11|         array|
|x_local_2_7_11_d0        |  out|    1|   ap_memory|  x_local_2_7_11|         array|
|x_local_2_7_12_address0  |  out|    4|   ap_memory|  x_local_2_7_12|         array|
|x_local_2_7_12_ce0       |  out|    1|   ap_memory|  x_local_2_7_12|         array|
|x_local_2_7_12_we0       |  out|    1|   ap_memory|  x_local_2_7_12|         array|
|x_local_2_7_12_d0        |  out|    1|   ap_memory|  x_local_2_7_12|         array|
|x_local_2_7_13_address0  |  out|    4|   ap_memory|  x_local_2_7_13|         array|
|x_local_2_7_13_ce0       |  out|    1|   ap_memory|  x_local_2_7_13|         array|
|x_local_2_7_13_we0       |  out|    1|   ap_memory|  x_local_2_7_13|         array|
|x_local_2_7_13_d0        |  out|    1|   ap_memory|  x_local_2_7_13|         array|
|x_local_2_7_14_address0  |  out|    4|   ap_memory|  x_local_2_7_14|         array|
|x_local_2_7_14_ce0       |  out|    1|   ap_memory|  x_local_2_7_14|         array|
|x_local_2_7_14_we0       |  out|    1|   ap_memory|  x_local_2_7_14|         array|
|x_local_2_7_14_d0        |  out|    1|   ap_memory|  x_local_2_7_14|         array|
|x_local_2_7_15_address0  |  out|    4|   ap_memory|  x_local_2_7_15|         array|
|x_local_2_7_15_ce0       |  out|    1|   ap_memory|  x_local_2_7_15|         array|
|x_local_2_7_15_we0       |  out|    1|   ap_memory|  x_local_2_7_15|         array|
|x_local_2_7_15_d0        |  out|    1|   ap_memory|  x_local_2_7_15|         array|
+-------------------------+-----+-----+------------+----------------+--------------+

