

================================================================
== Vitis HLS Report for 'load_row_down_q4k_Pipeline_LOAD_DOWN_Q4K_VITIS_LOOP_328_1'
================================================================
* Date:           Mon Mar 30 15:06:02 2026

* Version:        2025.1 (Build 6135595 on May 21 2025)
* Project:        swiglu
* Solution:       hls (Vivado IP Flow Target)
* Product family: zynquplus
* Target device:  xck26-sfvc784-2LV-c


================================================================
== Performance Estimates
================================================================
+ Timing: 
    * Summary: 
    +--------+----------+----------+------------+
    |  Clock |  Target  | Estimated| Uncertainty|
    +--------+----------+----------+------------+
    |ap_clk  |  10.00 ns|  8.000 ns|     2.00 ns|
    +--------+----------+----------+------------+

+ Latency: 
    * Summary: 
    +---------+---------+----------+----------+-----+-----+------------------------------------------------+
    |  Latency (cycles) |  Latency (absolute) |  Interval |                    Pipeline                    |
    |   min   |   max   |    min   |    max   | min | max |                      Type                      |
    +---------+---------+----------+----------+-----+-----+------------------------------------------------+
    |      291|      291|  2.910 us|  2.910 us|  289|  289|  loop auto-rewind stp (delay=0 clock cycles(s))|
    +---------+---------+----------+----------+-----+-----+------------------------------------------------+

    + Detail: 
        * Instance: 
        N/A

        * Loop: 
        +----------------------------------+---------+---------+----------+-----------+-----------+------+----------+
        |                                  |  Latency (cycles) | Iteration|  Initiation Interval  | Trip |          |
        |             Loop Name            |   min   |   max   |  Latency |  achieved |   target  | Count| Pipelined|
        +----------------------------------+---------+---------+----------+-----------+-----------+------+----------+
        |- LOAD_DOWN_Q4K_VITIS_LOOP_328_1  |      289|      289|         3|          1|          1|   288|       yes|
        +----------------------------------+---------+---------+----------+-----------+-----------+------+----------+



================================================================
== Utilization Estimates
================================================================
* Summary: 
+-----------------+---------+------+--------+--------+-----+
|       Name      | BRAM_18K|  DSP |   FF   |   LUT  | URAM|
+-----------------+---------+------+--------+--------+-----+
|DSP              |        -|     -|       -|       -|    -|
|Expression       |        -|     -|       0|      96|    -|
|FIFO             |        -|     -|       -|       -|    -|
|Instance         |        -|     -|       -|       -|    -|
|Memory           |        -|     -|       -|       -|    -|
|Multiplexer      |        -|     -|       0|      63|    -|
|Register         |        -|     -|     153|       -|    -|
+-----------------+---------+------+--------+--------+-----+
|Total            |        0|     0|     153|     159|    0|
+-----------------+---------+------+--------+--------+-----+
|Available        |      288|  1248|  234240|  117120|   64|
+-----------------+---------+------+--------+--------+-----+
|Utilization (%)  |        0|     0|      ~0|      ~0|    0|
+-----------------+---------+------+--------+--------+-----+

+ Detail: 
    * Instance: 
    N/A

    * DSP: 
    N/A

    * Memory: 
    N/A

    * FIFO: 
    N/A

    * Expression: 
    +---------------------------+----------+----+---+----+------------+------------+
    |       Variable Name       | Operation| DSP| FF| LUT| Bitwidth P0| Bitwidth P1|
    +---------------------------+----------+----+---+----+------------+------------+
    |add_ln327_1_fu_265_p2      |         +|   0|  0|  16|           9|           1|
    |add_ln327_fu_288_p2        |         +|   0|  0|  13|           6|           1|
    |add_ln328_fu_384_p2        |         +|   0|  0|  12|           4|           1|
    |add_ln330_fu_348_p2        |         +|   0|  0|  13|           6|           6|
    |ap_block_pp0_stage0_11001  |       and|   0|  0|   2|           1|           1|
    |icmp_ln327_fu_259_p2       |      icmp|   0|  0|  16|           9|           9|
    |icmp_ln328_fu_294_p2       |      icmp|   0|  0|  12|           4|           4|
    |select_ln327_1_fu_308_p3   |    select|   0|  0|   6|           1|           6|
    |select_ln327_fu_300_p3     |    select|   0|  0|   4|           1|           1|
    |ap_enable_pp0              |       xor|   0|  0|   2|           1|           2|
    +---------------------------+----------+----+---+----+------------+------------+
    |Total                      |          |   0|  0|  96|          42|          32|
    +---------------------------+----------+----+---+----+------------+------------+

    * Multiplexer: 
    +--------------------------------------+----+-----------+-----+-----------+
    |                 Name                 | LUT| Input Size| Bits| Total Bits|
    +--------------------------------------+----+-----------+-----+-----------+
    |ap_done_int                           |   9|          2|    1|          2|
    |ap_enable_reg_pp0_iter1               |   9|          2|    1|          2|
    |ap_sig_allocacmp_indvar_flatten_load  |   9|          2|    9|         18|
    |b_fu_114                              |   9|          2|    6|         12|
    |gmem_Wd_blk_n_R                       |   9|          2|    1|          2|
    |indvar_flatten_fu_118                 |   9|          2|    9|         18|
    |w_fu_110                              |   9|          2|    4|          8|
    +--------------------------------------+----+-----------+-----+-----------+
    |Total                                 |  63|         14|   31|         62|
    +--------------------------------------+----+-----------+-----+-----------+

    * Register: 
    +-------------------------------------------+-----+----+-----+-----------+
    |                    Name                   |  FF | LUT| Bits| Const Bits|
    +-------------------------------------------+-----+----+-----+-----------+
    |ap_CS_fsm                                  |    1|   0|    1|          0|
    |ap_block_pp0_stage0_subdone_grp0_done_reg  |    1|   0|    1|          0|
    |ap_done_reg                                |    1|   0|    1|          0|
    |ap_enable_reg_pp0_iter1                    |    1|   0|    1|          0|
    |ap_enable_reg_pp0_iter2                    |    1|   0|    1|          0|
    |ap_loop_exit_ready_pp0_iter1_reg           |    1|   0|    1|          0|
    |b_fu_114                                   |    6|   0|    6|          0|
    |gmem_Wd_addr_read_reg_430                  |  128|   0|  128|          0|
    |indvar_flatten_fu_118                      |    9|   0|    9|          0|
    |w_fu_110                                   |    4|   0|    4|          0|
    +-------------------------------------------+-----+----+-----+-----------+
    |Total                                      |  153|   0|  153|          0|
    +-------------------------------------------+-----+----+-----+-----------+



================================================================
== Interface
================================================================
* Summary: 
+--------------------------+-----+-----+------------+-----------------------------------------------------------+--------------+
|         RTL Ports        | Dir | Bits|  Protocol  |                       Source Object                       |    C Type    |
+--------------------------+-----+-----+------------+-----------------------------------------------------------+--------------+
|ap_clk                    |   in|    1|  ap_ctrl_hs|  load_row_down_q4k_Pipeline_LOAD_DOWN_Q4K_VITIS_LOOP_328_1|  return value|
|ap_rst                    |   in|    1|  ap_ctrl_hs|  load_row_down_q4k_Pipeline_LOAD_DOWN_Q4K_VITIS_LOOP_328_1|  return value|
|ap_start                  |   in|    1|  ap_ctrl_hs|  load_row_down_q4k_Pipeline_LOAD_DOWN_Q4K_VITIS_LOOP_328_1|  return value|
|ap_done                   |  out|    1|  ap_ctrl_hs|  load_row_down_q4k_Pipeline_LOAD_DOWN_Q4K_VITIS_LOOP_328_1|  return value|
|ap_idle                   |  out|    1|  ap_ctrl_hs|  load_row_down_q4k_Pipeline_LOAD_DOWN_Q4K_VITIS_LOOP_328_1|  return value|
|ap_ready                  |  out|    1|  ap_ctrl_hs|  load_row_down_q4k_Pipeline_LOAD_DOWN_Q4K_VITIS_LOOP_328_1|  return value|
|m_axi_gmem_Wd_0_AWVALID   |  out|    1|       m_axi|                                                    gmem_Wd|       pointer|
|m_axi_gmem_Wd_0_AWREADY   |   in|    1|       m_axi|                                                    gmem_Wd|       pointer|
|m_axi_gmem_Wd_0_AWADDR    |  out|   64|       m_axi|                                                    gmem_Wd|       pointer|
|m_axi_gmem_Wd_0_AWID      |  out|    1|       m_axi|                                                    gmem_Wd|       pointer|
|m_axi_gmem_Wd_0_AWLEN     |  out|   32|       m_axi|                                                    gmem_Wd|       pointer|
|m_axi_gmem_Wd_0_AWSIZE    |  out|    3|       m_axi|                                                    gmem_Wd|       pointer|
|m_axi_gmem_Wd_0_AWBURST   |  out|    2|       m_axi|                                                    gmem_Wd|       pointer|
|m_axi_gmem_Wd_0_AWLOCK    |  out|    2|       m_axi|                                                    gmem_Wd|       pointer|
|m_axi_gmem_Wd_0_AWCACHE   |  out|    4|       m_axi|                                                    gmem_Wd|       pointer|
|m_axi_gmem_Wd_0_AWPROT    |  out|    3|       m_axi|                                                    gmem_Wd|       pointer|
|m_axi_gmem_Wd_0_AWQOS     |  out|    4|       m_axi|                                                    gmem_Wd|       pointer|
|m_axi_gmem_Wd_0_AWREGION  |  out|    4|       m_axi|                                                    gmem_Wd|       pointer|
|m_axi_gmem_Wd_0_AWUSER    |  out|    1|       m_axi|                                                    gmem_Wd|       pointer|
|m_axi_gmem_Wd_0_WVALID    |  out|    1|       m_axi|                                                    gmem_Wd|       pointer|
|m_axi_gmem_Wd_0_WREADY    |   in|    1|       m_axi|                                                    gmem_Wd|       pointer|
|m_axi_gmem_Wd_0_WDATA     |  out|  128|       m_axi|                                                    gmem_Wd|       pointer|
|m_axi_gmem_Wd_0_WSTRB     |  out|   16|       m_axi|                                                    gmem_Wd|       pointer|
|m_axi_gmem_Wd_0_WLAST     |  out|    1|       m_axi|                                                    gmem_Wd|       pointer|
|m_axi_gmem_Wd_0_WID       |  out|    1|       m_axi|                                                    gmem_Wd|       pointer|
|m_axi_gmem_Wd_0_WUSER     |  out|    1|       m_axi|                                                    gmem_Wd|       pointer|
|m_axi_gmem_Wd_0_ARVALID   |  out|    1|       m_axi|                                                    gmem_Wd|       pointer|
|m_axi_gmem_Wd_0_ARREADY   |   in|    1|       m_axi|                                                    gmem_Wd|       pointer|
|m_axi_gmem_Wd_0_ARADDR    |  out|   64|       m_axi|                                                    gmem_Wd|       pointer|
|m_axi_gmem_Wd_0_ARID      |  out|    1|       m_axi|                                                    gmem_Wd|       pointer|
|m_axi_gmem_Wd_0_ARLEN     |  out|   32|       m_axi|                                                    gmem_Wd|       pointer|
|m_axi_gmem_Wd_0_ARSIZE    |  out|    3|       m_axi|                                                    gmem_Wd|       pointer|
|m_axi_gmem_Wd_0_ARBURST   |  out|    2|       m_axi|                                                    gmem_Wd|       pointer|
|m_axi_gmem_Wd_0_ARLOCK    |  out|    2|       m_axi|                                                    gmem_Wd|       pointer|
|m_axi_gmem_Wd_0_ARCACHE   |  out|    4|       m_axi|                                                    gmem_Wd|       pointer|
|m_axi_gmem_Wd_0_ARPROT    |  out|    3|       m_axi|                                                    gmem_Wd|       pointer|
|m_axi_gmem_Wd_0_ARQOS     |  out|    4|       m_axi|                                                    gmem_Wd|       pointer|
|m_axi_gmem_Wd_0_ARREGION  |  out|    4|       m_axi|                                                    gmem_Wd|       pointer|
|m_axi_gmem_Wd_0_ARUSER    |  out|    1|       m_axi|                                                    gmem_Wd|       pointer|
|m_axi_gmem_Wd_0_RVALID    |   in|    1|       m_axi|                                                    gmem_Wd|       pointer|
|m_axi_gmem_Wd_0_RREADY    |  out|    1|       m_axi|                                                    gmem_Wd|       pointer|
|m_axi_gmem_Wd_0_RDATA     |   in|  128|       m_axi|                                                    gmem_Wd|       pointer|
|m_axi_gmem_Wd_0_RLAST     |   in|    1|       m_axi|                                                    gmem_Wd|       pointer|
|m_axi_gmem_Wd_0_RID       |   in|    1|       m_axi|                                                    gmem_Wd|       pointer|
|m_axi_gmem_Wd_0_RFIFONUM  |   in|   10|       m_axi|                                                    gmem_Wd|       pointer|
|m_axi_gmem_Wd_0_RUSER     |   in|    1|       m_axi|                                                    gmem_Wd|       pointer|
|m_axi_gmem_Wd_0_RRESP     |   in|    2|       m_axi|                                                    gmem_Wd|       pointer|
|m_axi_gmem_Wd_0_BVALID    |   in|    1|       m_axi|                                                    gmem_Wd|       pointer|
|m_axi_gmem_Wd_0_BREADY    |  out|    1|       m_axi|                                                    gmem_Wd|       pointer|
|m_axi_gmem_Wd_0_BRESP     |   in|    2|       m_axi|                                                    gmem_Wd|       pointer|
|m_axi_gmem_Wd_0_BID       |   in|    1|       m_axi|                                                    gmem_Wd|       pointer|
|m_axi_gmem_Wd_0_BUSER     |   in|    1|       m_axi|                                                    gmem_Wd|       pointer|
|sext_ln327                |   in|   60|     ap_none|                                                 sext_ln327|        scalar|
|rb_0_address0             |  out|    6|   ap_memory|                                                       rb_0|         array|
|rb_0_ce0                  |  out|    1|   ap_memory|                                                       rb_0|         array|
|rb_0_we0                  |  out|    1|   ap_memory|                                                       rb_0|         array|
|rb_0_d0                   |  out|  128|   ap_memory|                                                       rb_0|         array|
|rb_1_address0             |  out|    6|   ap_memory|                                                       rb_1|         array|
|rb_1_ce0                  |  out|    1|   ap_memory|                                                       rb_1|         array|
|rb_1_we0                  |  out|    1|   ap_memory|                                                       rb_1|         array|
|rb_1_d0                   |  out|  128|   ap_memory|                                                       rb_1|         array|
|rb_2_address0             |  out|    6|   ap_memory|                                                       rb_2|         array|
|rb_2_ce0                  |  out|    1|   ap_memory|                                                       rb_2|         array|
|rb_2_we0                  |  out|    1|   ap_memory|                                                       rb_2|         array|
|rb_2_d0                   |  out|  128|   ap_memory|                                                       rb_2|         array|
|rb_3_address0             |  out|    6|   ap_memory|                                                       rb_3|         array|
|rb_3_ce0                  |  out|    1|   ap_memory|                                                       rb_3|         array|
|rb_3_we0                  |  out|    1|   ap_memory|                                                       rb_3|         array|
|rb_3_d0                   |  out|  128|   ap_memory|                                                       rb_3|         array|
|rb_4_address0             |  out|    6|   ap_memory|                                                       rb_4|         array|
|rb_4_ce0                  |  out|    1|   ap_memory|                                                       rb_4|         array|
|rb_4_we0                  |  out|    1|   ap_memory|                                                       rb_4|         array|
|rb_4_d0                   |  out|  128|   ap_memory|                                                       rb_4|         array|
|rb_5_address0             |  out|    6|   ap_memory|                                                       rb_5|         array|
|rb_5_ce0                  |  out|    1|   ap_memory|                                                       rb_5|         array|
|rb_5_we0                  |  out|    1|   ap_memory|                                                       rb_5|         array|
|rb_5_d0                   |  out|  128|   ap_memory|                                                       rb_5|         array|
|rb_6_address0             |  out|    6|   ap_memory|                                                       rb_6|         array|
|rb_6_ce0                  |  out|    1|   ap_memory|                                                       rb_6|         array|
|rb_6_we0                  |  out|    1|   ap_memory|                                                       rb_6|         array|
|rb_6_d0                   |  out|  128|   ap_memory|                                                       rb_6|         array|
|rb_7_address0             |  out|    6|   ap_memory|                                                       rb_7|         array|
|rb_7_ce0                  |  out|    1|   ap_memory|                                                       rb_7|         array|
|rb_7_we0                  |  out|    1|   ap_memory|                                                       rb_7|         array|
|rb_7_d0                   |  out|  128|   ap_memory|                                                       rb_7|         array|
+--------------------------+-----+-----+------------+-----------------------------------------------------------+--------------+

