

================================================================
== Vitis HLS Report for 'load_row_down_q6k'
================================================================
* Date:           Sun Apr  5 16:07:05 2026

* Version:        2025.1 (Build 6135595 on May 21 2025)
* Project:        swiglu
* Solution:       hls (Vivado IP Flow Target)
* Product family: zynquplus
* Target device:  xck26-sfvc784-2LV-c


================================================================
== Performance Estimates
================================================================
+ Timing: 
    * Summary: 
    +--------+---------+----------+------------+
    |  Clock |  Target | Estimated| Uncertainty|
    +--------+---------+----------+------------+
    |ap_clk  |  3.33 ns|  2.433 ns|     0.90 ns|
    +--------+---------+----------+------------+

+ Latency: 
    * Summary: 
    +---------+---------+----------+----------+-----+-----+---------+
    |  Latency (cycles) |  Latency (absolute) |  Interval | Pipeline|
    |   min   |   max   |    min   |    max   | min | max |   Type  |
    +---------+---------+----------+----------+-----+-----+---------+
    |      729|      729|  2.430 us|  2.430 us|  729|  729|       no|
    +---------+---------+----------+----------+-----+-----+---------+

    + Detail: 
        * Instance: 
        +-----------------------------------------------+------------------------------------+---------+---------+-----------+-----------+-----+-----+------------------------------------------------+
        |                                               |                                    |  Latency (cycles) |   Latency (absolute)  |  Interval |                    Pipeline                    |
        |                    Instance                   |               Module               |   min   |   max   |    min    |    max    | min | max |                      Type                      |
        +-----------------------------------------------+------------------------------------+---------+---------+-----------+-----------+-----+-----+------------------------------------------------+
        |grp_load_row_down_q6k_Pipeline_LOAD_QL_fu_262  |load_row_down_q6k_Pipeline_LOAD_QL  |      259|      259|   0.863 us|   0.863 us|  257|  257|  loop auto-rewind stp (delay=0 clock cycles(s))|
        |grp_load_row_down_q6k_Pipeline_LOAD_QH_fu_285  |load_row_down_q6k_Pipeline_LOAD_QH  |      131|      131|   0.437 us|   0.437 us|  129|  129|  loop auto-rewind stp (delay=0 clock cycles(s))|
        |grp_load_row_down_q6k_Pipeline_LOAD_SC_fu_308  |load_row_down_q6k_Pipeline_LOAD_SC  |       34|       34|   0.113 us|   0.113 us|   33|   33|  loop auto-rewind stp (delay=0 clock cycles(s))|
        |grp_load_row_down_q6k_Pipeline_LOAD_D_fu_379   |load_row_down_q6k_Pipeline_LOAD_D   |       12|       12|  39.996 ns|  39.996 ns|    5|    5|  loop auto-rewind stp (delay=0 clock cycles(s))|
        +-----------------------------------------------+------------------------------------+---------+---------+-----------+-----------+-----+-----+------------------------------------------------+

        * Loop: 
        N/A



================================================================
== Utilization Estimates
================================================================
* Summary: 
+-----------------+---------+------+--------+--------+-----+
|       Name      | BRAM_18K|  DSP |   FF   |   LUT  | URAM|
+-----------------+---------+------+--------+--------+-----+
|DSP              |        -|     -|       -|       -|    -|
|Expression       |        -|     -|       0|     379|    -|
|FIFO             |        -|     -|       -|       -|    -|
|Instance         |        -|     1|    3719|    4498|    -|
|Memory           |        -|     -|       -|       -|    -|
|Multiplexer      |        -|     -|       0|    2547|    -|
|Register         |        -|     -|    5747|       -|    -|
+-----------------+---------+------+--------+--------+-----+
|Total            |        0|     1|    9466|    7424|    0|
+-----------------+---------+------+--------+--------+-----+
|Available        |      288|  1248|  234240|  117120|   64|
+-----------------+---------+------+--------+--------+-----+
|Utilization (%)  |        0|    ~0|       4|       6|    0|
+-----------------+---------+------+--------+--------+-----+

+ Detail: 
    * Instance: 
    +-----------------------------------------------+------------------------------------+---------+----+------+------+-----+
    |                    Instance                   |               Module               | BRAM_18K| DSP|  FF  |  LUT | URAM|
    +-----------------------------------------------+------------------------------------+---------+----+------+------+-----+
    |grp_load_row_down_q6k_Pipeline_LOAD_D_fu_379   |load_row_down_q6k_Pipeline_LOAD_D   |        0|   0|  3390|  4255|    0|
    |grp_load_row_down_q6k_Pipeline_LOAD_QH_fu_285  |load_row_down_q6k_Pipeline_LOAD_QH  |        0|   0|   156|    80|    0|
    |grp_load_row_down_q6k_Pipeline_LOAD_QL_fu_262  |load_row_down_q6k_Pipeline_LOAD_QL  |        0|   0|   159|    82|    0|
    |grp_load_row_down_q6k_Pipeline_LOAD_SC_fu_308  |load_row_down_q6k_Pipeline_LOAD_SC  |        0|   0|    14|    76|    0|
    |mul_11ns_14ns_24_1_1_U1652                     |mul_11ns_14ns_24_1_1                |        0|   1|     0|     5|    0|
    +-----------------------------------------------+------------------------------------+---------+----+------+------+-----+
    |Total                                          |                                    |        0|   1|  3719|  4498|    0|
    +-----------------------------------------------+------------------------------------+---------+----+------+------+-----+

    * DSP: 
    N/A

    * Memory: 
    N/A

    * FIFO: 
    N/A

    * Expression: 
    +---------------------+----------+----+---+----+------------+------------+
    |    Variable Name    | Operation| DSP| FF| LUT| Bitwidth P0| Bitwidth P1|
    +---------------------+----------+----+---+----+------------+------------+
    |empty_745_fu_463_p2  |         +|   0|  0|  71|          64|          64|
    |empty_747_fu_498_p2  |         +|   0|  0|  71|          64|          64|
    |empty_749_fu_532_p2  |         +|   0|  0|  71|          64|          64|
    |empty_751_fu_556_p2  |         +|   0|  0|  71|          64|          64|
    |tmp1_fu_489_p2       |         +|   0|  0|  31|          24|          13|
    |tmp2_fu_523_p2       |         +|   0|  0|  31|          24|          13|
    |tmp3_fu_547_p2       |         +|   0|  0|  31|          24|          13|
    |ap_block_state1      |        or|   0|  0|   2|           1|           1|
    +---------------------+----------+----+---+----+------------+------------+
    |Total                |          |   0|  0| 379|         329|         296|
    +---------------------+----------+----+---+----+------------+------------+

    * Multiplexer: 
    +--------------------------+------+-----------+-----+-----------+
    |           Name           |  LUT | Input Size| Bits| Total Bits|
    +--------------------------+------+-----------+-----+-----------+
    |ap_NS_fsm                 |  1564|        295|    1|        295|
    |ap_done                   |     9|          2|    1|          2|
    |d_buf_0                   |     9|          2|   32|         64|
    |d_buf_1                   |     9|          2|   32|         64|
    |d_buf_10                  |     9|          2|   32|         64|
    |d_buf_11                  |     9|          2|   32|         64|
    |d_buf_12                  |     9|          2|   32|         64|
    |d_buf_13                  |     9|          2|   32|         64|
    |d_buf_14                  |     9|          2|   32|         64|
    |d_buf_15                  |     9|          2|   32|         64|
    |d_buf_16                  |     9|          2|   32|         64|
    |d_buf_17                  |     9|          2|   32|         64|
    |d_buf_18                  |     9|          2|   32|         64|
    |d_buf_19                  |     9|          2|   32|         64|
    |d_buf_2                   |     9|          2|   32|         64|
    |d_buf_20                  |     9|          2|   32|         64|
    |d_buf_21                  |     9|          2|   32|         64|
    |d_buf_22                  |     9|          2|   32|         64|
    |d_buf_23                  |     9|          2|   32|         64|
    |d_buf_24                  |     9|          2|   32|         64|
    |d_buf_25                  |     9|          2|   32|         64|
    |d_buf_26                  |     9|          2|   32|         64|
    |d_buf_27                  |     9|          2|   32|         64|
    |d_buf_28                  |     9|          2|   32|         64|
    |d_buf_29                  |     9|          2|   32|         64|
    |d_buf_3                   |     9|          2|   32|         64|
    |d_buf_30                  |     9|          2|   32|         64|
    |d_buf_31                  |     9|          2|   32|         64|
    |d_buf_4                   |     9|          2|   32|         64|
    |d_buf_5                   |     9|          2|   32|         64|
    |d_buf_6                   |     9|          2|   32|         64|
    |d_buf_7                   |     9|          2|   32|         64|
    |d_buf_8                   |     9|          2|   32|         64|
    |d_buf_9                   |     9|          2|   32|         64|
    |gmem_Wd_blk_n_AR          |     9|          2|    1|          2|
    |m_axi_gmem_Wd_0_ARADDR    |    49|          9|   64|        576|
    |m_axi_gmem_Wd_0_ARBURST   |    26|          5|    2|         10|
    |m_axi_gmem_Wd_0_ARCACHE   |    26|          5|    4|         20|
    |m_axi_gmem_Wd_0_ARID      |    26|          5|    1|          5|
    |m_axi_gmem_Wd_0_ARLEN     |    49|          9|   32|        288|
    |m_axi_gmem_Wd_0_ARLOCK    |    26|          5|    2|         10|
    |m_axi_gmem_Wd_0_ARPROT    |    26|          5|    3|         15|
    |m_axi_gmem_Wd_0_ARQOS     |    26|          5|    4|         20|
    |m_axi_gmem_Wd_0_ARREGION  |    26|          5|    4|         20|
    |m_axi_gmem_Wd_0_ARSIZE    |    26|          5|    3|         15|
    |m_axi_gmem_Wd_0_ARUSER    |    26|          5|    1|          5|
    |m_axi_gmem_Wd_0_ARVALID   |    31|          6|    1|          6|
    |m_axi_gmem_Wd_0_RREADY    |    26|          5|    1|          5|
    |sc_buf_0                  |     9|          2|  128|        256|
    |sc_buf_1                  |     9|          2|  128|        256|
    |sc_buf_10                 |     9|          2|  128|        256|
    |sc_buf_11                 |     9|          2|  128|        256|
    |sc_buf_12                 |     9|          2|  128|        256|
    |sc_buf_13                 |     9|          2|  128|        256|
    |sc_buf_14                 |     9|          2|  128|        256|
    |sc_buf_15                 |     9|          2|  128|        256|
    |sc_buf_16                 |     9|          2|  128|        256|
    |sc_buf_17                 |     9|          2|  128|        256|
    |sc_buf_18                 |     9|          2|  128|        256|
    |sc_buf_19                 |     9|          2|  128|        256|
    |sc_buf_2                  |     9|          2|  128|        256|
    |sc_buf_20                 |     9|          2|  128|        256|
    |sc_buf_21                 |     9|          2|  128|        256|
    |sc_buf_22                 |     9|          2|  128|        256|
    |sc_buf_23                 |     9|          2|  128|        256|
    |sc_buf_24                 |     9|          2|  128|        256|
    |sc_buf_25                 |     9|          2|  128|        256|
    |sc_buf_26                 |     9|          2|  128|        256|
    |sc_buf_27                 |     9|          2|  128|        256|
    |sc_buf_28                 |     9|          2|  128|        256|
    |sc_buf_29                 |     9|          2|  128|        256|
    |sc_buf_3                  |     9|          2|  128|        256|
    |sc_buf_30                 |     9|          2|  128|        256|
    |sc_buf_31                 |     9|          2|  128|        256|
    |sc_buf_4                  |     9|          2|  128|        256|
    |sc_buf_5                  |     9|          2|  128|        256|
    |sc_buf_6                  |     9|          2|  128|        256|
    |sc_buf_7                  |     9|          2|  128|        256|
    |sc_buf_8                  |     9|          2|  128|        256|
    |sc_buf_9                  |     9|          2|  128|        256|
    +--------------------------+------+-----------+-----+-----------+
    |Total                     |  2547|        501| 5245|      11534|
    +--------------------------+------+-----------+-----+-----------+

    * Register: 
    +------------------------------------------------------------+-----+----+-----+-----------+
    |                            Name                            |  FF | LUT| Bits| Const Bits|
    +------------------------------------------------------------+-----+----+-----+-----------+
    |W_down_wide_read_reg_599                                    |   64|   0|   64|          0|
    |ap_CS_fsm                                                   |  294|   0|  294|          0|
    |ap_done_reg                                                 |    1|   0|    1|          0|
    |d_buf_0_reg                                                 |   32|   0|   32|          0|
    |d_buf_10_reg                                                |   32|   0|   32|          0|
    |d_buf_11_reg                                                |   32|   0|   32|          0|
    |d_buf_12_reg                                                |   32|   0|   32|          0|
    |d_buf_13_reg                                                |   32|   0|   32|          0|
    |d_buf_14_reg                                                |   32|   0|   32|          0|
    |d_buf_15_reg                                                |   32|   0|   32|          0|
    |d_buf_16_reg                                                |   32|   0|   32|          0|
    |d_buf_17_reg                                                |   32|   0|   32|          0|
    |d_buf_18_reg                                                |   32|   0|   32|          0|
    |d_buf_19_reg                                                |   32|   0|   32|          0|
    |d_buf_1_reg                                                 |   32|   0|   32|          0|
    |d_buf_20_reg                                                |   32|   0|   32|          0|
    |d_buf_21_reg                                                |   32|   0|   32|          0|
    |d_buf_22_reg                                                |   32|   0|   32|          0|
    |d_buf_23_reg                                                |   32|   0|   32|          0|
    |d_buf_24_reg                                                |   32|   0|   32|          0|
    |d_buf_25_reg                                                |   32|   0|   32|          0|
    |d_buf_26_reg                                                |   32|   0|   32|          0|
    |d_buf_27_reg                                                |   32|   0|   32|          0|
    |d_buf_28_reg                                                |   32|   0|   32|          0|
    |d_buf_29_reg                                                |   32|   0|   32|          0|
    |d_buf_2_reg                                                 |   32|   0|   32|          0|
    |d_buf_30_reg                                                |   32|   0|   32|          0|
    |d_buf_31_reg                                                |   32|   0|   32|          0|
    |d_buf_3_reg                                                 |   32|   0|   32|          0|
    |d_buf_4_reg                                                 |   32|   0|   32|          0|
    |d_buf_5_reg                                                 |   32|   0|   32|          0|
    |d_buf_6_reg                                                 |   32|   0|   32|          0|
    |d_buf_7_reg                                                 |   32|   0|   32|          0|
    |d_buf_8_reg                                                 |   32|   0|   32|          0|
    |d_buf_9_reg                                                 |   32|   0|   32|          0|
    |empty_reg_591                                               |   24|   0|   24|          0|
    |grp_load_row_down_q6k_Pipeline_LOAD_D_fu_379_ap_start_reg   |    1|   0|    1|          0|
    |grp_load_row_down_q6k_Pipeline_LOAD_QH_fu_285_ap_start_reg  |    1|   0|    1|          0|
    |grp_load_row_down_q6k_Pipeline_LOAD_QL_fu_262_ap_start_reg  |    1|   0|    1|          0|
    |grp_load_row_down_q6k_Pipeline_LOAD_SC_fu_308_ap_start_reg  |    1|   0|    1|          0|
    |sc_buf_0_reg                                                |  128|   0|  128|          0|
    |sc_buf_10_reg                                               |  128|   0|  128|          0|
    |sc_buf_11_reg                                               |  128|   0|  128|          0|
    |sc_buf_12_reg                                               |  128|   0|  128|          0|
    |sc_buf_13_reg                                               |  128|   0|  128|          0|
    |sc_buf_14_reg                                               |  128|   0|  128|          0|
    |sc_buf_15_reg                                               |  128|   0|  128|          0|
    |sc_buf_16_reg                                               |  128|   0|  128|          0|
    |sc_buf_17_reg                                               |  128|   0|  128|          0|
    |sc_buf_18_reg                                               |  128|   0|  128|          0|
    |sc_buf_19_reg                                               |  128|   0|  128|          0|
    |sc_buf_1_reg                                                |  128|   0|  128|          0|
    |sc_buf_20_reg                                               |  128|   0|  128|          0|
    |sc_buf_21_reg                                               |  128|   0|  128|          0|
    |sc_buf_22_reg                                               |  128|   0|  128|          0|
    |sc_buf_23_reg                                               |  128|   0|  128|          0|
    |sc_buf_24_reg                                               |  128|   0|  128|          0|
    |sc_buf_25_reg                                               |  128|   0|  128|          0|
    |sc_buf_26_reg                                               |  128|   0|  128|          0|
    |sc_buf_27_reg                                               |  128|   0|  128|          0|
    |sc_buf_28_reg                                               |  128|   0|  128|          0|
    |sc_buf_29_reg                                               |  128|   0|  128|          0|
    |sc_buf_2_reg                                                |  128|   0|  128|          0|
    |sc_buf_30_reg                                               |  128|   0|  128|          0|
    |sc_buf_31_reg                                               |  128|   0|  128|          0|
    |sc_buf_3_reg                                                |  128|   0|  128|          0|
    |sc_buf_4_reg                                                |  128|   0|  128|          0|
    |sc_buf_5_reg                                                |  128|   0|  128|          0|
    |sc_buf_6_reg                                                |  128|   0|  128|          0|
    |sc_buf_7_reg                                                |  128|   0|  128|          0|
    |sc_buf_8_reg                                                |  128|   0|  128|          0|
    |sc_buf_9_reg                                                |  128|   0|  128|          0|
    |trunc_ln4_reg_617                                           |   60|   0|   60|          0|
    |trunc_ln5_reg_628                                           |   60|   0|   60|          0|
    |trunc_ln6_reg_634                                           |   60|   0|   60|          0|
    |trunc_ln_reg_606                                            |   60|   0|   60|          0|
    +------------------------------------------------------------+-----+----+-----+-----------+
    |Total                                                       | 5747|   0| 5747|          0|
    +------------------------------------------------------------+-----+----+-----+-----------+



================================================================
== Interface
================================================================
* Summary: 
+--------------------------+-----+-----+------------+-------------------+--------------+
|         RTL Ports        | Dir | Bits|  Protocol  |   Source Object   |    C Type    |
+--------------------------+-----+-----+------------+-------------------+--------------+
|ap_clk                    |   in|    1|  ap_ctrl_hs|  load_row_down_q6k|  return value|
|ap_rst                    |   in|    1|  ap_ctrl_hs|  load_row_down_q6k|  return value|
|ap_start                  |   in|    1|  ap_ctrl_hs|  load_row_down_q6k|  return value|
|ap_done                   |  out|    1|  ap_ctrl_hs|  load_row_down_q6k|  return value|
|ap_continue               |   in|    1|  ap_ctrl_hs|  load_row_down_q6k|  return value|
|ap_idle                   |  out|    1|  ap_ctrl_hs|  load_row_down_q6k|  return value|
|ap_ready                  |  out|    1|  ap_ctrl_hs|  load_row_down_q6k|  return value|
|m_axi_gmem_Wd_0_AWVALID   |  out|    1|       m_axi|            gmem_Wd|       pointer|
|m_axi_gmem_Wd_0_AWREADY   |   in|    1|       m_axi|            gmem_Wd|       pointer|
|m_axi_gmem_Wd_0_AWADDR    |  out|   64|       m_axi|            gmem_Wd|       pointer|
|m_axi_gmem_Wd_0_AWID      |  out|    1|       m_axi|            gmem_Wd|       pointer|
|m_axi_gmem_Wd_0_AWLEN     |  out|   32|       m_axi|            gmem_Wd|       pointer|
|m_axi_gmem_Wd_0_AWSIZE    |  out|    3|       m_axi|            gmem_Wd|       pointer|
|m_axi_gmem_Wd_0_AWBURST   |  out|    2|       m_axi|            gmem_Wd|       pointer|
|m_axi_gmem_Wd_0_AWLOCK    |  out|    2|       m_axi|            gmem_Wd|       pointer|
|m_axi_gmem_Wd_0_AWCACHE   |  out|    4|       m_axi|            gmem_Wd|       pointer|
|m_axi_gmem_Wd_0_AWPROT    |  out|    3|       m_axi|            gmem_Wd|       pointer|
|m_axi_gmem_Wd_0_AWQOS     |  out|    4|       m_axi|            gmem_Wd|       pointer|
|m_axi_gmem_Wd_0_AWREGION  |  out|    4|       m_axi|            gmem_Wd|       pointer|
|m_axi_gmem_Wd_0_AWUSER    |  out|    1|       m_axi|            gmem_Wd|       pointer|
|m_axi_gmem_Wd_0_WVALID    |  out|    1|       m_axi|            gmem_Wd|       pointer|
|m_axi_gmem_Wd_0_WREADY    |   in|    1|       m_axi|            gmem_Wd|       pointer|
|m_axi_gmem_Wd_0_WDATA     |  out|  128|       m_axi|            gmem_Wd|       pointer|
|m_axi_gmem_Wd_0_WSTRB     |  out|   16|       m_axi|            gmem_Wd|       pointer|
|m_axi_gmem_Wd_0_WLAST     |  out|    1|       m_axi|            gmem_Wd|       pointer|
|m_axi_gmem_Wd_0_WID       |  out|    1|       m_axi|            gmem_Wd|       pointer|
|m_axi_gmem_Wd_0_WUSER     |  out|    1|       m_axi|            gmem_Wd|       pointer|
|m_axi_gmem_Wd_0_ARVALID   |  out|    1|       m_axi|            gmem_Wd|       pointer|
|m_axi_gmem_Wd_0_ARREADY   |   in|    1|       m_axi|            gmem_Wd|       pointer|
|m_axi_gmem_Wd_0_ARADDR    |  out|   64|       m_axi|            gmem_Wd|       pointer|
|m_axi_gmem_Wd_0_ARID      |  out|    1|       m_axi|            gmem_Wd|       pointer|
|m_axi_gmem_Wd_0_ARLEN     |  out|   32|       m_axi|            gmem_Wd|       pointer|
|m_axi_gmem_Wd_0_ARSIZE    |  out|    3|       m_axi|            gmem_Wd|       pointer|
|m_axi_gmem_Wd_0_ARBURST   |  out|    2|       m_axi|            gmem_Wd|       pointer|
|m_axi_gmem_Wd_0_ARLOCK    |  out|    2|       m_axi|            gmem_Wd|       pointer|
|m_axi_gmem_Wd_0_ARCACHE   |  out|    4|       m_axi|            gmem_Wd|       pointer|
|m_axi_gmem_Wd_0_ARPROT    |  out|    3|       m_axi|            gmem_Wd|       pointer|
|m_axi_gmem_Wd_0_ARQOS     |  out|    4|       m_axi|            gmem_Wd|       pointer|
|m_axi_gmem_Wd_0_ARREGION  |  out|    4|       m_axi|            gmem_Wd|       pointer|
|m_axi_gmem_Wd_0_ARUSER    |  out|    1|       m_axi|            gmem_Wd|       pointer|
|m_axi_gmem_Wd_0_RVALID    |   in|    1|       m_axi|            gmem_Wd|       pointer|
|m_axi_gmem_Wd_0_RREADY    |  out|    1|       m_axi|            gmem_Wd|       pointer|
|m_axi_gmem_Wd_0_RDATA     |   in|  128|       m_axi|            gmem_Wd|       pointer|
|m_axi_gmem_Wd_0_RLAST     |   in|    1|       m_axi|            gmem_Wd|       pointer|
|m_axi_gmem_Wd_0_RID       |   in|    1|       m_axi|            gmem_Wd|       pointer|
|m_axi_gmem_Wd_0_RFIFONUM  |   in|   10|       m_axi|            gmem_Wd|       pointer|
|m_axi_gmem_Wd_0_RUSER     |   in|    1|       m_axi|            gmem_Wd|       pointer|
|m_axi_gmem_Wd_0_RRESP     |   in|    2|       m_axi|            gmem_Wd|       pointer|
|m_axi_gmem_Wd_0_BVALID    |   in|    1|       m_axi|            gmem_Wd|       pointer|
|m_axi_gmem_Wd_0_BREADY    |  out|    1|       m_axi|            gmem_Wd|       pointer|
|m_axi_gmem_Wd_0_BRESP     |   in|    2|       m_axi|            gmem_Wd|       pointer|
|m_axi_gmem_Wd_0_BID       |   in|    1|       m_axi|            gmem_Wd|       pointer|
|m_axi_gmem_Wd_0_BUSER     |   in|    1|       m_axi|            gmem_Wd|       pointer|
|W_down_wide               |   in|   64|   ap_stable|        W_down_wide|        scalar|
|out_i                     |   in|   11|   ap_stable|              out_i|        scalar|
|ql_buf_0_address0         |  out|    5|   ap_memory|           ql_buf_0|         array|
|ql_buf_0_ce0              |  out|    1|   ap_memory|           ql_buf_0|         array|
|ql_buf_0_we0              |  out|    1|   ap_memory|           ql_buf_0|         array|
|ql_buf_0_d0               |  out|  128|   ap_memory|           ql_buf_0|         array|
|ql_buf_1_address0         |  out|    5|   ap_memory|           ql_buf_1|         array|
|ql_buf_1_ce0              |  out|    1|   ap_memory|           ql_buf_1|         array|
|ql_buf_1_we0              |  out|    1|   ap_memory|           ql_buf_1|         array|
|ql_buf_1_d0               |  out|  128|   ap_memory|           ql_buf_1|         array|
|ql_buf_2_address0         |  out|    5|   ap_memory|           ql_buf_2|         array|
|ql_buf_2_ce0              |  out|    1|   ap_memory|           ql_buf_2|         array|
|ql_buf_2_we0              |  out|    1|   ap_memory|           ql_buf_2|         array|
|ql_buf_2_d0               |  out|  128|   ap_memory|           ql_buf_2|         array|
|ql_buf_3_address0         |  out|    5|   ap_memory|           ql_buf_3|         array|
|ql_buf_3_ce0              |  out|    1|   ap_memory|           ql_buf_3|         array|
|ql_buf_3_we0              |  out|    1|   ap_memory|           ql_buf_3|         array|
|ql_buf_3_d0               |  out|  128|   ap_memory|           ql_buf_3|         array|
|ql_buf_4_address0         |  out|    5|   ap_memory|           ql_buf_4|         array|
|ql_buf_4_ce0              |  out|    1|   ap_memory|           ql_buf_4|         array|
|ql_buf_4_we0              |  out|    1|   ap_memory|           ql_buf_4|         array|
|ql_buf_4_d0               |  out|  128|   ap_memory|           ql_buf_4|         array|
|ql_buf_5_address0         |  out|    5|   ap_memory|           ql_buf_5|         array|
|ql_buf_5_ce0              |  out|    1|   ap_memory|           ql_buf_5|         array|
|ql_buf_5_we0              |  out|    1|   ap_memory|           ql_buf_5|         array|
|ql_buf_5_d0               |  out|  128|   ap_memory|           ql_buf_5|         array|
|ql_buf_6_address0         |  out|    5|   ap_memory|           ql_buf_6|         array|
|ql_buf_6_ce0              |  out|    1|   ap_memory|           ql_buf_6|         array|
|ql_buf_6_we0              |  out|    1|   ap_memory|           ql_buf_6|         array|
|ql_buf_6_d0               |  out|  128|   ap_memory|           ql_buf_6|         array|
|ql_buf_7_address0         |  out|    5|   ap_memory|           ql_buf_7|         array|
|ql_buf_7_ce0              |  out|    1|   ap_memory|           ql_buf_7|         array|
|ql_buf_7_we0              |  out|    1|   ap_memory|           ql_buf_7|         array|
|ql_buf_7_d0               |  out|  128|   ap_memory|           ql_buf_7|         array|
|qh_buf_0_address0         |  out|    4|   ap_memory|           qh_buf_0|         array|
|qh_buf_0_ce0              |  out|    1|   ap_memory|           qh_buf_0|         array|
|qh_buf_0_we0              |  out|    1|   ap_memory|           qh_buf_0|         array|
|qh_buf_0_d0               |  out|  128|   ap_memory|           qh_buf_0|         array|
|qh_buf_1_address0         |  out|    4|   ap_memory|           qh_buf_1|         array|
|qh_buf_1_ce0              |  out|    1|   ap_memory|           qh_buf_1|         array|
|qh_buf_1_we0              |  out|    1|   ap_memory|           qh_buf_1|         array|
|qh_buf_1_d0               |  out|  128|   ap_memory|           qh_buf_1|         array|
|qh_buf_2_address0         |  out|    4|   ap_memory|           qh_buf_2|         array|
|qh_buf_2_ce0              |  out|    1|   ap_memory|           qh_buf_2|         array|
|qh_buf_2_we0              |  out|    1|   ap_memory|           qh_buf_2|         array|
|qh_buf_2_d0               |  out|  128|   ap_memory|           qh_buf_2|         array|
|qh_buf_3_address0         |  out|    4|   ap_memory|           qh_buf_3|         array|
|qh_buf_3_ce0              |  out|    1|   ap_memory|           qh_buf_3|         array|
|qh_buf_3_we0              |  out|    1|   ap_memory|           qh_buf_3|         array|
|qh_buf_3_d0               |  out|  128|   ap_memory|           qh_buf_3|         array|
|qh_buf_4_address0         |  out|    4|   ap_memory|           qh_buf_4|         array|
|qh_buf_4_ce0              |  out|    1|   ap_memory|           qh_buf_4|         array|
|qh_buf_4_we0              |  out|    1|   ap_memory|           qh_buf_4|         array|
|qh_buf_4_d0               |  out|  128|   ap_memory|           qh_buf_4|         array|
|qh_buf_5_address0         |  out|    4|   ap_memory|           qh_buf_5|         array|
|qh_buf_5_ce0              |  out|    1|   ap_memory|           qh_buf_5|         array|
|qh_buf_5_we0              |  out|    1|   ap_memory|           qh_buf_5|         array|
|qh_buf_5_d0               |  out|  128|   ap_memory|           qh_buf_5|         array|
|qh_buf_6_address0         |  out|    4|   ap_memory|           qh_buf_6|         array|
|qh_buf_6_ce0              |  out|    1|   ap_memory|           qh_buf_6|         array|
|qh_buf_6_we0              |  out|    1|   ap_memory|           qh_buf_6|         array|
|qh_buf_6_d0               |  out|  128|   ap_memory|           qh_buf_6|         array|
|qh_buf_7_address0         |  out|    4|   ap_memory|           qh_buf_7|         array|
|qh_buf_7_ce0              |  out|    1|   ap_memory|           qh_buf_7|         array|
|qh_buf_7_we0              |  out|    1|   ap_memory|           qh_buf_7|         array|
|qh_buf_7_d0               |  out|  128|   ap_memory|           qh_buf_7|         array|
|sc_buf_0                  |  out|  128|      ap_vld|           sc_buf_0|       pointer|
|sc_buf_0_ap_vld           |  out|    1|      ap_vld|           sc_buf_0|       pointer|
|sc_buf_1                  |  out|  128|      ap_vld|           sc_buf_1|       pointer|
|sc_buf_1_ap_vld           |  out|    1|      ap_vld|           sc_buf_1|       pointer|
|sc_buf_2                  |  out|  128|      ap_vld|           sc_buf_2|       pointer|
|sc_buf_2_ap_vld           |  out|    1|      ap_vld|           sc_buf_2|       pointer|
|sc_buf_3                  |  out|  128|      ap_vld|           sc_buf_3|       pointer|
|sc_buf_3_ap_vld           |  out|    1|      ap_vld|           sc_buf_3|       pointer|
|sc_buf_4                  |  out|  128|      ap_vld|           sc_buf_4|       pointer|
|sc_buf_4_ap_vld           |  out|    1|      ap_vld|           sc_buf_4|       pointer|
|sc_buf_5                  |  out|  128|      ap_vld|           sc_buf_5|       pointer|
|sc_buf_5_ap_vld           |  out|    1|      ap_vld|           sc_buf_5|       pointer|
|sc_buf_6                  |  out|  128|      ap_vld|           sc_buf_6|       pointer|
|sc_buf_6_ap_vld           |  out|    1|      ap_vld|           sc_buf_6|       pointer|
|sc_buf_7                  |  out|  128|      ap_vld|           sc_buf_7|       pointer|
|sc_buf_7_ap_vld           |  out|    1|      ap_vld|           sc_buf_7|       pointer|
|sc_buf_8                  |  out|  128|      ap_vld|           sc_buf_8|       pointer|
|sc_buf_8_ap_vld           |  out|    1|      ap_vld|           sc_buf_8|       pointer|
|sc_buf_9                  |  out|  128|      ap_vld|           sc_buf_9|       pointer|
|sc_buf_9_ap_vld           |  out|    1|      ap_vld|           sc_buf_9|       pointer|
|sc_buf_10                 |  out|  128|      ap_vld|          sc_buf_10|       pointer|
|sc_buf_10_ap_vld          |  out|    1|      ap_vld|          sc_buf_10|       pointer|
|sc_buf_11                 |  out|  128|      ap_vld|          sc_buf_11|       pointer|
|sc_buf_11_ap_vld          |  out|    1|      ap_vld|          sc_buf_11|       pointer|
|sc_buf_12                 |  out|  128|      ap_vld|          sc_buf_12|       pointer|
|sc_buf_12_ap_vld          |  out|    1|      ap_vld|          sc_buf_12|       pointer|
|sc_buf_13                 |  out|  128|      ap_vld|          sc_buf_13|       pointer|
|sc_buf_13_ap_vld          |  out|    1|      ap_vld|          sc_buf_13|       pointer|
|sc_buf_14                 |  out|  128|      ap_vld|          sc_buf_14|       pointer|
|sc_buf_14_ap_vld          |  out|    1|      ap_vld|          sc_buf_14|       pointer|
|sc_buf_15                 |  out|  128|      ap_vld|          sc_buf_15|       pointer|
|sc_buf_15_ap_vld          |  out|    1|      ap_vld|          sc_buf_15|       pointer|
|sc_buf_16                 |  out|  128|      ap_vld|          sc_buf_16|       pointer|
|sc_buf_16_ap_vld          |  out|    1|      ap_vld|          sc_buf_16|       pointer|
|sc_buf_17                 |  out|  128|      ap_vld|          sc_buf_17|       pointer|
|sc_buf_17_ap_vld          |  out|    1|      ap_vld|          sc_buf_17|       pointer|
|sc_buf_18                 |  out|  128|      ap_vld|          sc_buf_18|       pointer|
|sc_buf_18_ap_vld          |  out|    1|      ap_vld|          sc_buf_18|       pointer|
|sc_buf_19                 |  out|  128|      ap_vld|          sc_buf_19|       pointer|
|sc_buf_19_ap_vld          |  out|    1|      ap_vld|          sc_buf_19|       pointer|
|sc_buf_20                 |  out|  128|      ap_vld|          sc_buf_20|       pointer|
|sc_buf_20_ap_vld          |  out|    1|      ap_vld|          sc_buf_20|       pointer|
|sc_buf_21                 |  out|  128|      ap_vld|          sc_buf_21|       pointer|
|sc_buf_21_ap_vld          |  out|    1|      ap_vld|          sc_buf_21|       pointer|
|sc_buf_22                 |  out|  128|      ap_vld|          sc_buf_22|       pointer|
|sc_buf_22_ap_vld          |  out|    1|      ap_vld|          sc_buf_22|       pointer|
|sc_buf_23                 |  out|  128|      ap_vld|          sc_buf_23|       pointer|
|sc_buf_23_ap_vld          |  out|    1|      ap_vld|          sc_buf_23|       pointer|
|sc_buf_24                 |  out|  128|      ap_vld|          sc_buf_24|       pointer|
|sc_buf_24_ap_vld          |  out|    1|      ap_vld|          sc_buf_24|       pointer|
|sc_buf_25                 |  out|  128|      ap_vld|          sc_buf_25|       pointer|
|sc_buf_25_ap_vld          |  out|    1|      ap_vld|          sc_buf_25|       pointer|
|sc_buf_26                 |  out|  128|      ap_vld|          sc_buf_26|       pointer|
|sc_buf_26_ap_vld          |  out|    1|      ap_vld|          sc_buf_26|       pointer|
|sc_buf_27                 |  out|  128|      ap_vld|          sc_buf_27|       pointer|
|sc_buf_27_ap_vld          |  out|    1|      ap_vld|          sc_buf_27|       pointer|
|sc_buf_28                 |  out|  128|      ap_vld|          sc_buf_28|       pointer|
|sc_buf_28_ap_vld          |  out|    1|      ap_vld|          sc_buf_28|       pointer|
|sc_buf_29                 |  out|  128|      ap_vld|          sc_buf_29|       pointer|
|sc_buf_29_ap_vld          |  out|    1|      ap_vld|          sc_buf_29|       pointer|
|sc_buf_30                 |  out|  128|      ap_vld|          sc_buf_30|       pointer|
|sc_buf_30_ap_vld          |  out|    1|      ap_vld|          sc_buf_30|       pointer|
|sc_buf_31                 |  out|  128|      ap_vld|          sc_buf_31|       pointer|
|sc_buf_31_ap_vld          |  out|    1|      ap_vld|          sc_buf_31|       pointer|
|d_buf_0                   |  out|   32|      ap_vld|            d_buf_0|       pointer|
|d_buf_0_ap_vld            |  out|    1|      ap_vld|            d_buf_0|       pointer|
|d_buf_1                   |  out|   32|      ap_vld|            d_buf_1|       pointer|
|d_buf_1_ap_vld            |  out|    1|      ap_vld|            d_buf_1|       pointer|
|d_buf_2                   |  out|   32|      ap_vld|            d_buf_2|       pointer|
|d_buf_2_ap_vld            |  out|    1|      ap_vld|            d_buf_2|       pointer|
|d_buf_3                   |  out|   32|      ap_vld|            d_buf_3|       pointer|
|d_buf_3_ap_vld            |  out|    1|      ap_vld|            d_buf_3|       pointer|
|d_buf_4                   |  out|   32|      ap_vld|            d_buf_4|       pointer|
|d_buf_4_ap_vld            |  out|    1|      ap_vld|            d_buf_4|       pointer|
|d_buf_5                   |  out|   32|      ap_vld|            d_buf_5|       pointer|
|d_buf_5_ap_vld            |  out|    1|      ap_vld|            d_buf_5|       pointer|
|d_buf_6                   |  out|   32|      ap_vld|            d_buf_6|       pointer|
|d_buf_6_ap_vld            |  out|    1|      ap_vld|            d_buf_6|       pointer|
|d_buf_7                   |  out|   32|      ap_vld|            d_buf_7|       pointer|
|d_buf_7_ap_vld            |  out|    1|      ap_vld|            d_buf_7|       pointer|
|d_buf_8                   |  out|   32|      ap_vld|            d_buf_8|       pointer|
|d_buf_8_ap_vld            |  out|    1|      ap_vld|            d_buf_8|       pointer|
|d_buf_9                   |  out|   32|      ap_vld|            d_buf_9|       pointer|
|d_buf_9_ap_vld            |  out|    1|      ap_vld|            d_buf_9|       pointer|
|d_buf_10                  |  out|   32|      ap_vld|           d_buf_10|       pointer|
|d_buf_10_ap_vld           |  out|    1|      ap_vld|           d_buf_10|       pointer|
|d_buf_11                  |  out|   32|      ap_vld|           d_buf_11|       pointer|
|d_buf_11_ap_vld           |  out|    1|      ap_vld|           d_buf_11|       pointer|
|d_buf_12                  |  out|   32|      ap_vld|           d_buf_12|       pointer|
|d_buf_12_ap_vld           |  out|    1|      ap_vld|           d_buf_12|       pointer|
|d_buf_13                  |  out|   32|      ap_vld|           d_buf_13|       pointer|
|d_buf_13_ap_vld           |  out|    1|      ap_vld|           d_buf_13|       pointer|
|d_buf_14                  |  out|   32|      ap_vld|           d_buf_14|       pointer|
|d_buf_14_ap_vld           |  out|    1|      ap_vld|           d_buf_14|       pointer|
|d_buf_15                  |  out|   32|      ap_vld|           d_buf_15|       pointer|
|d_buf_15_ap_vld           |  out|    1|      ap_vld|           d_buf_15|       pointer|
|d_buf_16                  |  out|   32|      ap_vld|           d_buf_16|       pointer|
|d_buf_16_ap_vld           |  out|    1|      ap_vld|           d_buf_16|       pointer|
|d_buf_17                  |  out|   32|      ap_vld|           d_buf_17|       pointer|
|d_buf_17_ap_vld           |  out|    1|      ap_vld|           d_buf_17|       pointer|
|d_buf_18                  |  out|   32|      ap_vld|           d_buf_18|       pointer|
|d_buf_18_ap_vld           |  out|    1|      ap_vld|           d_buf_18|       pointer|
|d_buf_19                  |  out|   32|      ap_vld|           d_buf_19|       pointer|
|d_buf_19_ap_vld           |  out|    1|      ap_vld|           d_buf_19|       pointer|
|d_buf_20                  |  out|   32|      ap_vld|           d_buf_20|       pointer|
|d_buf_20_ap_vld           |  out|    1|      ap_vld|           d_buf_20|       pointer|
|d_buf_21                  |  out|   32|      ap_vld|           d_buf_21|       pointer|
|d_buf_21_ap_vld           |  out|    1|      ap_vld|           d_buf_21|       pointer|
|d_buf_22                  |  out|   32|      ap_vld|           d_buf_22|       pointer|
|d_buf_22_ap_vld           |  out|    1|      ap_vld|           d_buf_22|       pointer|
|d_buf_23                  |  out|   32|      ap_vld|           d_buf_23|       pointer|
|d_buf_23_ap_vld           |  out|    1|      ap_vld|           d_buf_23|       pointer|
|d_buf_24                  |  out|   32|      ap_vld|           d_buf_24|       pointer|
|d_buf_24_ap_vld           |  out|    1|      ap_vld|           d_buf_24|       pointer|
|d_buf_25                  |  out|   32|      ap_vld|           d_buf_25|       pointer|
|d_buf_25_ap_vld           |  out|    1|      ap_vld|           d_buf_25|       pointer|
|d_buf_26                  |  out|   32|      ap_vld|           d_buf_26|       pointer|
|d_buf_26_ap_vld           |  out|    1|      ap_vld|           d_buf_26|       pointer|
|d_buf_27                  |  out|   32|      ap_vld|           d_buf_27|       pointer|
|d_buf_27_ap_vld           |  out|    1|      ap_vld|           d_buf_27|       pointer|
|d_buf_28                  |  out|   32|      ap_vld|           d_buf_28|       pointer|
|d_buf_28_ap_vld           |  out|    1|      ap_vld|           d_buf_28|       pointer|
|d_buf_29                  |  out|   32|      ap_vld|           d_buf_29|       pointer|
|d_buf_29_ap_vld           |  out|    1|      ap_vld|           d_buf_29|       pointer|
|d_buf_30                  |  out|   32|      ap_vld|           d_buf_30|       pointer|
|d_buf_30_ap_vld           |  out|    1|      ap_vld|           d_buf_30|       pointer|
|d_buf_31                  |  out|   32|      ap_vld|           d_buf_31|       pointer|
|d_buf_31_ap_vld           |  out|    1|      ap_vld|           d_buf_31|       pointer|
+--------------------------+-----+-----+------------+-------------------+--------------+

