

================================================================
== Vitis HLS Report for 'load_row_down_q6k_Pipeline_EXTRACT_QL'
================================================================
* Date:           Thu Apr  2 13:37:02 2026

* Version:        2025.1 (Build 6135595 on May 21 2025)
* Project:        swiglu
* Solution:       hls (Vivado IP Flow Target)
* Product family: zynquplus
* Target device:  xck26-sfvc784-2LV-c


================================================================
== Performance Estimates
================================================================
+ Timing: 
    * Summary: 
    +--------+---------+----------+------------+
    |  Clock |  Target | Estimated| Uncertainty|
    +--------+---------+----------+------------+
    |ap_clk  |  4.00 ns|  2.643 ns|     1.08 ns|
    +--------+---------+----------+------------+

+ Latency: 
    * Summary: 
    +---------+---------+----------+----------+-----+-----+------------------------------------------------+
    |  Latency (cycles) |  Latency (absolute) |  Interval |                    Pipeline                    |
    |   min   |   max   |    min   |    max   | min | max |                      Type                      |
    +---------+---------+----------+----------+-----+-----+------------------------------------------------+
    |      515|      515|  2.060 us|  2.060 us|  514|  514|  loop auto-rewind stp (delay=0 clock cycles(s))|
    +---------+---------+----------+----------+-----+-----+------------------------------------------------+

    + Detail: 
        * Instance: 
        N/A

        * Loop: 
        +--------------+---------+---------+----------+-----------+-----------+------+----------+
        |              |  Latency (cycles) | Iteration|  Initiation Interval  | Trip |          |
        |   Loop Name  |   min   |   max   |  Latency |  achieved |   target  | Count| Pipelined|
        +--------------+---------+---------+----------+-----------+-----------+------+----------+
        |- EXTRACT_QL  |      513|      513|         5|          4|          1|   128|       yes|
        +--------------+---------+---------+----------+-----------+-----------+------+----------+



================================================================
== Utilization Estimates
================================================================
* Summary: 
+-----------------+---------+------+--------+--------+-----+
|       Name      | BRAM_18K|  DSP |   FF   |   LUT  | URAM|
+-----------------+---------+------+--------+--------+-----+
|DSP              |        -|     -|       -|       -|    -|
|Expression       |        -|     -|       0|     113|    -|
|FIFO             |        -|     -|       -|       -|    -|
|Instance         |        -|     -|       0|     396|    -|
|Memory           |        -|     -|       -|       -|    -|
|Multiplexer      |        -|     -|       0|     496|    -|
|Register         |        -|     -|     130|       -|    -|
+-----------------+---------+------+--------+--------+-----+
|Total            |        0|     0|     130|    1005|    0|
+-----------------+---------+------+--------+--------+-----+
|Available        |      288|  1248|  234240|  117120|   64|
+-----------------+---------+------+--------+--------+-----+
|Utilization (%)  |        0|     0|      ~0|      ~0|    0|
+-----------------+---------+------+--------+--------+-----+

+ Detail: 
    * Instance: 
    +--------------------------------------+--------------------------------+---------+----+---+----+-----+
    |               Instance               |             Module             | BRAM_18K| DSP| FF| LUT| URAM|
    +--------------------------------------+--------------------------------+---------+----+---+----+-----+
    |partselect_8ns_128ns_7ns_8_1_1_U2441  |partselect_8ns_128ns_7ns_8_1_1  |        0|   0|  0|  34|    0|
    |partselect_8ns_128ns_7ns_8_1_1_U2443  |partselect_8ns_128ns_7ns_8_1_1  |        0|   0|  0|  34|    0|
    |partselect_8ns_128ns_7ns_8_1_1_U2445  |partselect_8ns_128ns_7ns_8_1_1  |        0|   0|  0|  34|    0|
    |partselect_8ns_128ns_7ns_8_1_1_U2447  |partselect_8ns_128ns_7ns_8_1_1  |        0|   0|  0|  34|    0|
    |sparsemux_33_4_128_1_1_U2440          |sparsemux_33_4_128_1_1          |        0|   0|  0|  65|    0|
    |sparsemux_33_4_128_1_1_U2442          |sparsemux_33_4_128_1_1          |        0|   0|  0|  65|    0|
    |sparsemux_33_4_128_1_1_U2444          |sparsemux_33_4_128_1_1          |        0|   0|  0|  65|    0|
    |sparsemux_33_4_128_1_1_U2446          |sparsemux_33_4_128_1_1          |        0|   0|  0|  65|    0|
    +--------------------------------------+--------------------------------+---------+----+---+----+-----+
    |Total                                 |                                |        0|   0|  0| 396|    0|
    +--------------------------------------+--------------------------------+---------+----+---+----+-----+

    * DSP: 
    N/A

    * Memory: 
    N/A

    * FIFO: 
    N/A

    * Expression: 
    +------------------------+----------+----+---+----+------------+------------+
    |      Variable Name     | Operation| DSP| FF| LUT| Bitwidth P0| Bitwidth P1|
    +------------------------+----------+----+---+----+------------+------------+
    |add_ln476_fu_1328_p2    |         +|   0|  0|  15|           8|           1|
    |add_ln481_3_fu_1260_p2  |         +|   0|  0|  20|          13|          13|
    |add_ln62_4_fu_1445_p2   |         +|   0|  0|  20|          13|          13|
    |add_ln62_5_fu_1494_p2   |         +|   0|  0|  20|          13|          13|
    |add_ln62_6_fu_1523_p2   |         +|   0|  0|  20|          13|          13|
    |icmp_ln476_fu_1250_p2   |      icmp|   0|  0|  16|           8|           9|
    |ap_enable_pp0           |       xor|   0|  0|   2|           1|           2|
    +------------------------+----------+----+---+----+------------+------------+
    |Total                   |          |   0|  0| 113|          69|          64|
    +------------------------+----------+----+---+----+------------+------------+

    * Multiplexer: 
    +-----------------------------+----+-----------+-----+-----------+
    |             Name            | LUT| Input Size| Bits| Total Bits|
    +-----------------------------+----+-----------+-----+-----------+
    |ap_NS_fsm                    |  26|          5|    1|          5|
    |ap_done_int                  |   9|          2|    1|          2|
    |ap_enable_reg_pp0_iter0      |   9|          2|    1|          2|
    |ap_enable_reg_pp0_iter0_reg  |   9|          2|    1|          2|
    |ap_enable_reg_pp0_iter1      |   9|          2|    1|          2|
    |ap_sig_allocacmp_k_2         |   9|          2|    8|         16|
    |flat_16_address0_local       |  26|          5|    5|         25|
    |flat_17_address0_local       |  26|          5|    5|         25|
    |flat_18_address0_local       |  26|          5|    5|         25|
    |flat_19_address0_local       |  26|          5|    5|         25|
    |flat_20_address0_local       |  26|          5|    5|         25|
    |flat_21_address0_local       |  26|          5|    5|         25|
    |flat_22_address0_local       |  26|          5|    5|         25|
    |flat_23_address0_local       |  26|          5|    5|         25|
    |flat_24_address0_local       |  26|          5|    5|         25|
    |flat_25_address0_local       |  26|          5|    5|         25|
    |flat_26_address0_local       |  26|          5|    5|         25|
    |flat_27_address0_local       |  26|          5|    5|         25|
    |flat_28_address0_local       |  26|          5|    5|         25|
    |flat_29_address0_local       |  26|          5|    5|         25|
    |flat_30_address0_local       |  26|          5|    5|         25|
    |flat_address0_local          |  26|          5|    5|         25|
    |k_fu_208                     |   9|          2|    8|         16|
    +-----------------------------+----+-----------+-----+-----------+
    |Total                        | 496|         97|  101|        445|
    +-----------------------------+----+-----------+-----+-----------+

    * Register: 
    +-----------------------------+---+----+-----+-----------+
    |             Name            | FF| LUT| Bits| Const Bits|
    +-----------------------------+---+----+-----+-----------+
    |ap_CS_fsm                    |  4|   0|    4|          0|
    |ap_done_reg                  |  1|   0|    1|          0|
    |ap_enable_reg_pp0_iter0_reg  |  1|   0|    1|          0|
    |ap_enable_reg_pp0_iter1      |  1|   0|    1|          0|
    |icmp_ln476_reg_1910          |  1|   0|    1|          0|
    |k_2_reg_1903                 |  8|   0|    8|          0|
    |k_fu_208                     |  8|   0|    8|          0|
    |lshr_ln62_5_reg_2127         |  5|   0|    5|          0|
    |lshr_ln62_7_reg_2142         |  5|   0|    5|          0|
    |ql_buf_11_addr_reg_2322      |  7|   0|    7|          0|
    |ql_buf_15_addr_reg_2327      |  7|   0|    7|          0|
    |ql_buf_19_addr_reg_2332      |  7|   0|    7|          0|
    |ql_buf_23_addr_reg_2337      |  7|   0|    7|          0|
    |ql_buf_27_addr_reg_2342      |  7|   0|    7|          0|
    |ql_buf_31_addr_reg_2347      |  7|   0|    7|          0|
    |ql_buf_3_addr_reg_2312       |  7|   0|    7|          0|
    |ql_buf_7_addr_reg_2317       |  7|   0|    7|          0|
    |trunc_ln62_10_reg_2147       |  4|   0|    4|          0|
    |trunc_ln62_2_reg_1914        |  4|   0|    4|          0|
    |trunc_ln62_5_reg_2032        |  4|   0|    4|          0|
    |trunc_ln62_7_reg_2037        |  4|   0|    4|          0|
    |trunc_ln62_8_reg_2122        |  4|   0|    4|          0|
    |trunc_ln62_9_reg_2132        |  4|   0|    4|          0|
    |trunc_ln62_reg_1919          |  4|   0|    4|          0|
    |trunc_ln62_s_reg_2137        |  4|   0|    4|          0|
    |zext_ln476_reg_2004          |  8|   0|   64|         56|
    +-----------------------------+---+----+-----+-----------+
    |Total                        |130|   0|  186|         56|
    +-----------------------------+---+----+-----+-----------+



================================================================
== Interface
================================================================
* Summary: 
+--------------------+-----+-----+------------+---------------------------------------+--------------+
|      RTL Ports     | Dir | Bits|  Protocol  |             Source Object             |    C Type    |
+--------------------+-----+-----+------------+---------------------------------------+--------------+
|ap_clk              |   in|    1|  ap_ctrl_hs|  load_row_down_q6k_Pipeline_EXTRACT_QL|  return value|
|ap_rst              |   in|    1|  ap_ctrl_hs|  load_row_down_q6k_Pipeline_EXTRACT_QL|  return value|
|ap_start            |   in|    1|  ap_ctrl_hs|  load_row_down_q6k_Pipeline_EXTRACT_QL|  return value|
|ap_done             |  out|    1|  ap_ctrl_hs|  load_row_down_q6k_Pipeline_EXTRACT_QL|  return value|
|ap_idle             |  out|    1|  ap_ctrl_hs|  load_row_down_q6k_Pipeline_EXTRACT_QL|  return value|
|ap_ready            |  out|    1|  ap_ctrl_hs|  load_row_down_q6k_Pipeline_EXTRACT_QL|  return value|
|ql_buf_31_address0  |  out|    7|   ap_memory|                              ql_buf_31|         array|
|ql_buf_31_ce0       |  out|    1|   ap_memory|                              ql_buf_31|         array|
|ql_buf_31_we0       |  out|    1|   ap_memory|                              ql_buf_31|         array|
|ql_buf_31_d0        |  out|    8|   ap_memory|                              ql_buf_31|         array|
|ql_buf_30_address0  |  out|    7|   ap_memory|                              ql_buf_30|         array|
|ql_buf_30_ce0       |  out|    1|   ap_memory|                              ql_buf_30|         array|
|ql_buf_30_we0       |  out|    1|   ap_memory|                              ql_buf_30|         array|
|ql_buf_30_d0        |  out|    8|   ap_memory|                              ql_buf_30|         array|
|ql_buf_29_address0  |  out|    7|   ap_memory|                              ql_buf_29|         array|
|ql_buf_29_ce0       |  out|    1|   ap_memory|                              ql_buf_29|         array|
|ql_buf_29_we0       |  out|    1|   ap_memory|                              ql_buf_29|         array|
|ql_buf_29_d0        |  out|    8|   ap_memory|                              ql_buf_29|         array|
|ql_buf_28_address0  |  out|    7|   ap_memory|                              ql_buf_28|         array|
|ql_buf_28_ce0       |  out|    1|   ap_memory|                              ql_buf_28|         array|
|ql_buf_28_we0       |  out|    1|   ap_memory|                              ql_buf_28|         array|
|ql_buf_28_d0        |  out|    8|   ap_memory|                              ql_buf_28|         array|
|ql_buf_27_address0  |  out|    7|   ap_memory|                              ql_buf_27|         array|
|ql_buf_27_ce0       |  out|    1|   ap_memory|                              ql_buf_27|         array|
|ql_buf_27_we0       |  out|    1|   ap_memory|                              ql_buf_27|         array|
|ql_buf_27_d0        |  out|    8|   ap_memory|                              ql_buf_27|         array|
|ql_buf_26_address0  |  out|    7|   ap_memory|                              ql_buf_26|         array|
|ql_buf_26_ce0       |  out|    1|   ap_memory|                              ql_buf_26|         array|
|ql_buf_26_we0       |  out|    1|   ap_memory|                              ql_buf_26|         array|
|ql_buf_26_d0        |  out|    8|   ap_memory|                              ql_buf_26|         array|
|ql_buf_25_address0  |  out|    7|   ap_memory|                              ql_buf_25|         array|
|ql_buf_25_ce0       |  out|    1|   ap_memory|                              ql_buf_25|         array|
|ql_buf_25_we0       |  out|    1|   ap_memory|                              ql_buf_25|         array|
|ql_buf_25_d0        |  out|    8|   ap_memory|                              ql_buf_25|         array|
|ql_buf_24_address0  |  out|    7|   ap_memory|                              ql_buf_24|         array|
|ql_buf_24_ce0       |  out|    1|   ap_memory|                              ql_buf_24|         array|
|ql_buf_24_we0       |  out|    1|   ap_memory|                              ql_buf_24|         array|
|ql_buf_24_d0        |  out|    8|   ap_memory|                              ql_buf_24|         array|
|ql_buf_23_address0  |  out|    7|   ap_memory|                              ql_buf_23|         array|
|ql_buf_23_ce0       |  out|    1|   ap_memory|                              ql_buf_23|         array|
|ql_buf_23_we0       |  out|    1|   ap_memory|                              ql_buf_23|         array|
|ql_buf_23_d0        |  out|    8|   ap_memory|                              ql_buf_23|         array|
|ql_buf_22_address0  |  out|    7|   ap_memory|                              ql_buf_22|         array|
|ql_buf_22_ce0       |  out|    1|   ap_memory|                              ql_buf_22|         array|
|ql_buf_22_we0       |  out|    1|   ap_memory|                              ql_buf_22|         array|
|ql_buf_22_d0        |  out|    8|   ap_memory|                              ql_buf_22|         array|
|ql_buf_21_address0  |  out|    7|   ap_memory|                              ql_buf_21|         array|
|ql_buf_21_ce0       |  out|    1|   ap_memory|                              ql_buf_21|         array|
|ql_buf_21_we0       |  out|    1|   ap_memory|                              ql_buf_21|         array|
|ql_buf_21_d0        |  out|    8|   ap_memory|                              ql_buf_21|         array|
|ql_buf_20_address0  |  out|    7|   ap_memory|                              ql_buf_20|         array|
|ql_buf_20_ce0       |  out|    1|   ap_memory|                              ql_buf_20|         array|
|ql_buf_20_we0       |  out|    1|   ap_memory|                              ql_buf_20|         array|
|ql_buf_20_d0        |  out|    8|   ap_memory|                              ql_buf_20|         array|
|ql_buf_19_address0  |  out|    7|   ap_memory|                              ql_buf_19|         array|
|ql_buf_19_ce0       |  out|    1|   ap_memory|                              ql_buf_19|         array|
|ql_buf_19_we0       |  out|    1|   ap_memory|                              ql_buf_19|         array|
|ql_buf_19_d0        |  out|    8|   ap_memory|                              ql_buf_19|         array|
|ql_buf_18_address0  |  out|    7|   ap_memory|                              ql_buf_18|         array|
|ql_buf_18_ce0       |  out|    1|   ap_memory|                              ql_buf_18|         array|
|ql_buf_18_we0       |  out|    1|   ap_memory|                              ql_buf_18|         array|
|ql_buf_18_d0        |  out|    8|   ap_memory|                              ql_buf_18|         array|
|ql_buf_17_address0  |  out|    7|   ap_memory|                              ql_buf_17|         array|
|ql_buf_17_ce0       |  out|    1|   ap_memory|                              ql_buf_17|         array|
|ql_buf_17_we0       |  out|    1|   ap_memory|                              ql_buf_17|         array|
|ql_buf_17_d0        |  out|    8|   ap_memory|                              ql_buf_17|         array|
|ql_buf_16_address0  |  out|    7|   ap_memory|                              ql_buf_16|         array|
|ql_buf_16_ce0       |  out|    1|   ap_memory|                              ql_buf_16|         array|
|ql_buf_16_we0       |  out|    1|   ap_memory|                              ql_buf_16|         array|
|ql_buf_16_d0        |  out|    8|   ap_memory|                              ql_buf_16|         array|
|ql_buf_15_address0  |  out|    7|   ap_memory|                              ql_buf_15|         array|
|ql_buf_15_ce0       |  out|    1|   ap_memory|                              ql_buf_15|         array|
|ql_buf_15_we0       |  out|    1|   ap_memory|                              ql_buf_15|         array|
|ql_buf_15_d0        |  out|    8|   ap_memory|                              ql_buf_15|         array|
|ql_buf_14_address0  |  out|    7|   ap_memory|                              ql_buf_14|         array|
|ql_buf_14_ce0       |  out|    1|   ap_memory|                              ql_buf_14|         array|
|ql_buf_14_we0       |  out|    1|   ap_memory|                              ql_buf_14|         array|
|ql_buf_14_d0        |  out|    8|   ap_memory|                              ql_buf_14|         array|
|ql_buf_13_address0  |  out|    7|   ap_memory|                              ql_buf_13|         array|
|ql_buf_13_ce0       |  out|    1|   ap_memory|                              ql_buf_13|         array|
|ql_buf_13_we0       |  out|    1|   ap_memory|                              ql_buf_13|         array|
|ql_buf_13_d0        |  out|    8|   ap_memory|                              ql_buf_13|         array|
|ql_buf_12_address0  |  out|    7|   ap_memory|                              ql_buf_12|         array|
|ql_buf_12_ce0       |  out|    1|   ap_memory|                              ql_buf_12|         array|
|ql_buf_12_we0       |  out|    1|   ap_memory|                              ql_buf_12|         array|
|ql_buf_12_d0        |  out|    8|   ap_memory|                              ql_buf_12|         array|
|ql_buf_11_address0  |  out|    7|   ap_memory|                              ql_buf_11|         array|
|ql_buf_11_ce0       |  out|    1|   ap_memory|                              ql_buf_11|         array|
|ql_buf_11_we0       |  out|    1|   ap_memory|                              ql_buf_11|         array|
|ql_buf_11_d0        |  out|    8|   ap_memory|                              ql_buf_11|         array|
|ql_buf_10_address0  |  out|    7|   ap_memory|                              ql_buf_10|         array|
|ql_buf_10_ce0       |  out|    1|   ap_memory|                              ql_buf_10|         array|
|ql_buf_10_we0       |  out|    1|   ap_memory|                              ql_buf_10|         array|
|ql_buf_10_d0        |  out|    8|   ap_memory|                              ql_buf_10|         array|
|ql_buf_9_address0   |  out|    7|   ap_memory|                               ql_buf_9|         array|
|ql_buf_9_ce0        |  out|    1|   ap_memory|                               ql_buf_9|         array|
|ql_buf_9_we0        |  out|    1|   ap_memory|                               ql_buf_9|         array|
|ql_buf_9_d0         |  out|    8|   ap_memory|                               ql_buf_9|         array|
|ql_buf_8_address0   |  out|    7|   ap_memory|                               ql_buf_8|         array|
|ql_buf_8_ce0        |  out|    1|   ap_memory|                               ql_buf_8|         array|
|ql_buf_8_we0        |  out|    1|   ap_memory|                               ql_buf_8|         array|
|ql_buf_8_d0         |  out|    8|   ap_memory|                               ql_buf_8|         array|
|ql_buf_7_address0   |  out|    7|   ap_memory|                               ql_buf_7|         array|
|ql_buf_7_ce0        |  out|    1|   ap_memory|                               ql_buf_7|         array|
|ql_buf_7_we0        |  out|    1|   ap_memory|                               ql_buf_7|         array|
|ql_buf_7_d0         |  out|    8|   ap_memory|                               ql_buf_7|         array|
|ql_buf_6_address0   |  out|    7|   ap_memory|                               ql_buf_6|         array|
|ql_buf_6_ce0        |  out|    1|   ap_memory|                               ql_buf_6|         array|
|ql_buf_6_we0        |  out|    1|   ap_memory|                               ql_buf_6|         array|
|ql_buf_6_d0         |  out|    8|   ap_memory|                               ql_buf_6|         array|
|ql_buf_5_address0   |  out|    7|   ap_memory|                               ql_buf_5|         array|
|ql_buf_5_ce0        |  out|    1|   ap_memory|                               ql_buf_5|         array|
|ql_buf_5_we0        |  out|    1|   ap_memory|                               ql_buf_5|         array|
|ql_buf_5_d0         |  out|    8|   ap_memory|                               ql_buf_5|         array|
|ql_buf_4_address0   |  out|    7|   ap_memory|                               ql_buf_4|         array|
|ql_buf_4_ce0        |  out|    1|   ap_memory|                               ql_buf_4|         array|
|ql_buf_4_we0        |  out|    1|   ap_memory|                               ql_buf_4|         array|
|ql_buf_4_d0         |  out|    8|   ap_memory|                               ql_buf_4|         array|
|ql_buf_3_address0   |  out|    7|   ap_memory|                               ql_buf_3|         array|
|ql_buf_3_ce0        |  out|    1|   ap_memory|                               ql_buf_3|         array|
|ql_buf_3_we0        |  out|    1|   ap_memory|                               ql_buf_3|         array|
|ql_buf_3_d0         |  out|    8|   ap_memory|                               ql_buf_3|         array|
|ql_buf_2_address0   |  out|    7|   ap_memory|                               ql_buf_2|         array|
|ql_buf_2_ce0        |  out|    1|   ap_memory|                               ql_buf_2|         array|
|ql_buf_2_we0        |  out|    1|   ap_memory|                               ql_buf_2|         array|
|ql_buf_2_d0         |  out|    8|   ap_memory|                               ql_buf_2|         array|
|ql_buf_1_address0   |  out|    7|   ap_memory|                               ql_buf_1|         array|
|ql_buf_1_ce0        |  out|    1|   ap_memory|                               ql_buf_1|         array|
|ql_buf_1_we0        |  out|    1|   ap_memory|                               ql_buf_1|         array|
|ql_buf_1_d0         |  out|    8|   ap_memory|                               ql_buf_1|         array|
|ql_buf_0_address0   |  out|    7|   ap_memory|                               ql_buf_0|         array|
|ql_buf_0_ce0        |  out|    1|   ap_memory|                               ql_buf_0|         array|
|ql_buf_0_we0        |  out|    1|   ap_memory|                               ql_buf_0|         array|
|ql_buf_0_d0         |  out|    8|   ap_memory|                               ql_buf_0|         array|
|empty_806           |   in|   13|     ap_none|                              empty_806|        scalar|
|flat_address0       |  out|    5|   ap_memory|                                   flat|         array|
|flat_ce0            |  out|    1|   ap_memory|                                   flat|         array|
|flat_q0             |   in|  128|   ap_memory|                                   flat|         array|
|flat_16_address0    |  out|    5|   ap_memory|                                flat_16|         array|
|flat_16_ce0         |  out|    1|   ap_memory|                                flat_16|         array|
|flat_16_q0          |   in|  128|   ap_memory|                                flat_16|         array|
|flat_17_address0    |  out|    5|   ap_memory|                                flat_17|         array|
|flat_17_ce0         |  out|    1|   ap_memory|                                flat_17|         array|
|flat_17_q0          |   in|  128|   ap_memory|                                flat_17|         array|
|flat_18_address0    |  out|    5|   ap_memory|                                flat_18|         array|
|flat_18_ce0         |  out|    1|   ap_memory|                                flat_18|         array|
|flat_18_q0          |   in|  128|   ap_memory|                                flat_18|         array|
|flat_19_address0    |  out|    5|   ap_memory|                                flat_19|         array|
|flat_19_ce0         |  out|    1|   ap_memory|                                flat_19|         array|
|flat_19_q0          |   in|  128|   ap_memory|                                flat_19|         array|
|flat_20_address0    |  out|    5|   ap_memory|                                flat_20|         array|
|flat_20_ce0         |  out|    1|   ap_memory|                                flat_20|         array|
|flat_20_q0          |   in|  128|   ap_memory|                                flat_20|         array|
|flat_21_address0    |  out|    5|   ap_memory|                                flat_21|         array|
|flat_21_ce0         |  out|    1|   ap_memory|                                flat_21|         array|
|flat_21_q0          |   in|  128|   ap_memory|                                flat_21|         array|
|flat_22_address0    |  out|    5|   ap_memory|                                flat_22|         array|
|flat_22_ce0         |  out|    1|   ap_memory|                                flat_22|         array|
|flat_22_q0          |   in|  128|   ap_memory|                                flat_22|         array|
|flat_23_address0    |  out|    5|   ap_memory|                                flat_23|         array|
|flat_23_ce0         |  out|    1|   ap_memory|                                flat_23|         array|
|flat_23_q0          |   in|  128|   ap_memory|                                flat_23|         array|
|flat_24_address0    |  out|    5|   ap_memory|                                flat_24|         array|
|flat_24_ce0         |  out|    1|   ap_memory|                                flat_24|         array|
|flat_24_q0          |   in|  128|   ap_memory|                                flat_24|         array|
|flat_25_address0    |  out|    5|   ap_memory|                                flat_25|         array|
|flat_25_ce0         |  out|    1|   ap_memory|                                flat_25|         array|
|flat_25_q0          |   in|  128|   ap_memory|                                flat_25|         array|
|flat_26_address0    |  out|    5|   ap_memory|                                flat_26|         array|
|flat_26_ce0         |  out|    1|   ap_memory|                                flat_26|         array|
|flat_26_q0          |   in|  128|   ap_memory|                                flat_26|         array|
|flat_27_address0    |  out|    5|   ap_memory|                                flat_27|         array|
|flat_27_ce0         |  out|    1|   ap_memory|                                flat_27|         array|
|flat_27_q0          |   in|  128|   ap_memory|                                flat_27|         array|
|flat_28_address0    |  out|    5|   ap_memory|                                flat_28|         array|
|flat_28_ce0         |  out|    1|   ap_memory|                                flat_28|         array|
|flat_28_q0          |   in|  128|   ap_memory|                                flat_28|         array|
|flat_29_address0    |  out|    5|   ap_memory|                                flat_29|         array|
|flat_29_ce0         |  out|    1|   ap_memory|                                flat_29|         array|
|flat_29_q0          |   in|  128|   ap_memory|                                flat_29|         array|
|flat_30_address0    |  out|    5|   ap_memory|                                flat_30|         array|
|flat_30_ce0         |  out|    1|   ap_memory|                                flat_30|         array|
|flat_30_q0          |   in|  128|   ap_memory|                                flat_30|         array|
|add_ln481           |   in|   13|     ap_none|                              add_ln481|        scalar|
|add_ln481_1         |   in|   13|     ap_none|                            add_ln481_1|        scalar|
|add_ln481_2         |   in|   13|     ap_none|                            add_ln481_2|        scalar|
|empty               |   in|    3|     ap_none|                                  empty|        scalar|
+--------------------+-----+-----+------------+---------------------------------------+--------------+

