

================================================================
== Vitis HLS Report for 'load_row_down_q6k_Pipeline_LOAD_Q6K_FLAT'
================================================================
* Date:           Thu Apr  2 14:56:26 2026

* Version:        2025.1 (Build 6135595 on May 21 2025)
* Project:        swiglu
* Solution:       hls (Vivado IP Flow Target)
* Product family: zynquplus
* Target device:  xck26-sfvc784-2LV-c


================================================================
== Performance Estimates
================================================================
+ Timing: 
    * Summary: 
    +--------+---------+----------+------------+
    |  Clock |  Target | Estimated| Uncertainty|
    +--------+---------+----------+------------+
    |ap_clk  |  4.00 ns|  2.920 ns|     1.08 ns|
    +--------+---------+----------+------------+

+ Latency: 
    * Summary: 
    +---------+---------+----------+----------+-----+-----+------------------------------------------------+
    |  Latency (cycles) |  Latency (absolute) |  Interval |                    Pipeline                    |
    |   min   |   max   |    min   |    max   | min | max |                      Type                      |
    +---------+---------+----------+----------+-----+-----+------------------------------------------------+
    |      423|      423|  1.692 us|  1.692 us|  421|  421|  loop auto-rewind stp (delay=0 clock cycles(s))|
    +---------+---------+----------+----------+-----+-----+------------------------------------------------+

    + Detail: 
        * Instance: 
        N/A

        * Loop: 
        +-----------------+---------+---------+----------+-----------+-----------+------+----------+
        |                 |  Latency (cycles) | Iteration|  Initiation Interval  | Trip |          |
        |    Loop Name    |   min   |   max   |  Latency |  achieved |   target  | Count| Pipelined|
        +-----------------+---------+---------+----------+-----------+-----------+------+----------+
        |- LOAD_Q6K_FLAT  |      421|      421|         3|          1|          1|   420|       yes|
        +-----------------+---------+---------+----------+-----------+-----------+------+----------+



================================================================
== Utilization Estimates
================================================================
* Summary: 
+-----------------+---------+------+--------+--------+-----+
|       Name      | BRAM_18K|  DSP |   FF   |   LUT  | URAM|
+-----------------+---------+------+--------+--------+-----+
|DSP              |        -|     -|       -|       -|    -|
|Expression       |        -|     -|       0|      36|    -|
|FIFO             |        -|     -|       -|       -|    -|
|Instance         |        -|     -|       -|       -|    -|
|Memory           |        -|     -|       -|       -|    -|
|Multiplexer      |        -|     -|       0|      45|    -|
|Register         |        -|     -|     161|       -|    -|
+-----------------+---------+------+--------+--------+-----+
|Total            |        0|     0|     161|      81|    0|
+-----------------+---------+------+--------+--------+-----+
|Available        |      288|  1248|  234240|  117120|   64|
+-----------------+---------+------+--------+--------+-----+
|Utilization (%)  |        0|     0|      ~0|      ~0|    0|
+-----------------+---------+------+--------+--------+-----+

+ Detail: 
    * Instance: 
    N/A

    * DSP: 
    N/A

    * Memory: 
    N/A

    * FIFO: 
    N/A

    * Expression: 
    +---------------------------+----------+----+---+----+------------+------------+
    |       Variable Name       | Operation| DSP| FF| LUT| Bitwidth P0| Bitwidth P1|
    +---------------------------+----------+----+---+----+------------+------------+
    |add_ln437_fu_369_p2        |         +|   0|  0|  16|           9|           1|
    |ap_block_pp0_stage0_11001  |       and|   0|  0|   2|           1|           1|
    |icmp_ln437_fu_363_p2       |      icmp|   0|  0|  16|           9|           8|
    |ap_enable_pp0              |       xor|   0|  0|   2|           1|           2|
    +---------------------------+----------+----+---+----+------------+------------+
    |Total                      |          |   0|  0|  36|          20|          12|
    +---------------------------+----------+----+---+----+------------+------------+

    * Multiplexer: 
    +-------------------------+----+-----------+-----+-----------+
    |           Name          | LUT| Input Size| Bits| Total Bits|
    +-------------------------+----+-----------+-----+-----------+
    |ap_done_int              |   9|          2|    1|          2|
    |ap_enable_reg_pp0_iter1  |   9|          2|    1|          2|
    |ap_sig_allocacmp_i_1     |   9|          2|    9|         18|
    |gmem_Wd_blk_n_R          |   9|          2|    1|          2|
    |i_fu_128                 |   9|          2|    9|         18|
    +-------------------------+----+-----------+-----+-----------+
    |Total                    |  45|         10|   21|         42|
    +-------------------------+----+-----------+-----+-----------+

    * Register: 
    +-------------------------------------------+-----+----+-----+-----------+
    |                    Name                   |  FF | LUT| Bits| Const Bits|
    +-------------------------------------------+-----+----+-----+-----------+
    |ap_CS_fsm                                  |    1|   0|    1|          0|
    |ap_block_pp0_stage0_subdone_grp0_done_reg  |    1|   0|    1|          0|
    |ap_done_reg                                |    1|   0|    1|          0|
    |ap_enable_reg_pp0_iter1                    |    1|   0|    1|          0|
    |ap_enable_reg_pp0_iter2                    |    1|   0|    1|          0|
    |ap_loop_exit_ready_pp0_iter1_reg           |    1|   0|    1|          0|
    |gmem_Wd_addr_read_reg_478                  |  128|   0|  128|          0|
    |i_fu_128                                   |    9|   0|    9|          0|
    |lshr_ln_reg_473                            |    5|   0|    5|          0|
    |lshr_ln_reg_473_pp0_iter1_reg              |    5|   0|    5|          0|
    |trunc_ln437_reg_469                        |    4|   0|    4|          0|
    |trunc_ln437_reg_469_pp0_iter1_reg          |    4|   0|    4|          0|
    +-------------------------------------------+-----+----+-----+-----------+
    |Total                                      |  161|   0|  161|          0|
    +-------------------------------------------+-----+----+-----+-----------+



================================================================
== Interface
================================================================
* Summary: 
+--------------------------+-----+-----+------------+------------------------------------------+--------------+
|         RTL Ports        | Dir | Bits|  Protocol  |               Source Object              |    C Type    |
+--------------------------+-----+-----+------------+------------------------------------------+--------------+
|ap_clk                    |   in|    1|  ap_ctrl_hs|  load_row_down_q6k_Pipeline_LOAD_Q6K_FLAT|  return value|
|ap_rst                    |   in|    1|  ap_ctrl_hs|  load_row_down_q6k_Pipeline_LOAD_Q6K_FLAT|  return value|
|ap_start                  |   in|    1|  ap_ctrl_hs|  load_row_down_q6k_Pipeline_LOAD_Q6K_FLAT|  return value|
|ap_done                   |  out|    1|  ap_ctrl_hs|  load_row_down_q6k_Pipeline_LOAD_Q6K_FLAT|  return value|
|ap_idle                   |  out|    1|  ap_ctrl_hs|  load_row_down_q6k_Pipeline_LOAD_Q6K_FLAT|  return value|
|ap_ready                  |  out|    1|  ap_ctrl_hs|  load_row_down_q6k_Pipeline_LOAD_Q6K_FLAT|  return value|
|m_axi_gmem_Wd_0_AWVALID   |  out|    1|       m_axi|                                   gmem_Wd|       pointer|
|m_axi_gmem_Wd_0_AWREADY   |   in|    1|       m_axi|                                   gmem_Wd|       pointer|
|m_axi_gmem_Wd_0_AWADDR    |  out|   64|       m_axi|                                   gmem_Wd|       pointer|
|m_axi_gmem_Wd_0_AWID      |  out|    1|       m_axi|                                   gmem_Wd|       pointer|
|m_axi_gmem_Wd_0_AWLEN     |  out|   32|       m_axi|                                   gmem_Wd|       pointer|
|m_axi_gmem_Wd_0_AWSIZE    |  out|    3|       m_axi|                                   gmem_Wd|       pointer|
|m_axi_gmem_Wd_0_AWBURST   |  out|    2|       m_axi|                                   gmem_Wd|       pointer|
|m_axi_gmem_Wd_0_AWLOCK    |  out|    2|       m_axi|                                   gmem_Wd|       pointer|
|m_axi_gmem_Wd_0_AWCACHE   |  out|    4|       m_axi|                                   gmem_Wd|       pointer|
|m_axi_gmem_Wd_0_AWPROT    |  out|    3|       m_axi|                                   gmem_Wd|       pointer|
|m_axi_gmem_Wd_0_AWQOS     |  out|    4|       m_axi|                                   gmem_Wd|       pointer|
|m_axi_gmem_Wd_0_AWREGION  |  out|    4|       m_axi|                                   gmem_Wd|       pointer|
|m_axi_gmem_Wd_0_AWUSER    |  out|    1|       m_axi|                                   gmem_Wd|       pointer|
|m_axi_gmem_Wd_0_WVALID    |  out|    1|       m_axi|                                   gmem_Wd|       pointer|
|m_axi_gmem_Wd_0_WREADY    |   in|    1|       m_axi|                                   gmem_Wd|       pointer|
|m_axi_gmem_Wd_0_WDATA     |  out|  128|       m_axi|                                   gmem_Wd|       pointer|
|m_axi_gmem_Wd_0_WSTRB     |  out|   16|       m_axi|                                   gmem_Wd|       pointer|
|m_axi_gmem_Wd_0_WLAST     |  out|    1|       m_axi|                                   gmem_Wd|       pointer|
|m_axi_gmem_Wd_0_WID       |  out|    1|       m_axi|                                   gmem_Wd|       pointer|
|m_axi_gmem_Wd_0_WUSER     |  out|    1|       m_axi|                                   gmem_Wd|       pointer|
|m_axi_gmem_Wd_0_ARVALID   |  out|    1|       m_axi|                                   gmem_Wd|       pointer|
|m_axi_gmem_Wd_0_ARREADY   |   in|    1|       m_axi|                                   gmem_Wd|       pointer|
|m_axi_gmem_Wd_0_ARADDR    |  out|   64|       m_axi|                                   gmem_Wd|       pointer|
|m_axi_gmem_Wd_0_ARID      |  out|    1|       m_axi|                                   gmem_Wd|       pointer|
|m_axi_gmem_Wd_0_ARLEN     |  out|   32|       m_axi|                                   gmem_Wd|       pointer|
|m_axi_gmem_Wd_0_ARSIZE    |  out|    3|       m_axi|                                   gmem_Wd|       pointer|
|m_axi_gmem_Wd_0_ARBURST   |  out|    2|       m_axi|                                   gmem_Wd|       pointer|
|m_axi_gmem_Wd_0_ARLOCK    |  out|    2|       m_axi|                                   gmem_Wd|       pointer|
|m_axi_gmem_Wd_0_ARCACHE   |  out|    4|       m_axi|                                   gmem_Wd|       pointer|
|m_axi_gmem_Wd_0_ARPROT    |  out|    3|       m_axi|                                   gmem_Wd|       pointer|
|m_axi_gmem_Wd_0_ARQOS     |  out|    4|       m_axi|                                   gmem_Wd|       pointer|
|m_axi_gmem_Wd_0_ARREGION  |  out|    4|       m_axi|                                   gmem_Wd|       pointer|
|m_axi_gmem_Wd_0_ARUSER    |  out|    1|       m_axi|                                   gmem_Wd|       pointer|
|m_axi_gmem_Wd_0_RVALID    |   in|    1|       m_axi|                                   gmem_Wd|       pointer|
|m_axi_gmem_Wd_0_RREADY    |  out|    1|       m_axi|                                   gmem_Wd|       pointer|
|m_axi_gmem_Wd_0_RDATA     |   in|  128|       m_axi|                                   gmem_Wd|       pointer|
|m_axi_gmem_Wd_0_RLAST     |   in|    1|       m_axi|                                   gmem_Wd|       pointer|
|m_axi_gmem_Wd_0_RID       |   in|    1|       m_axi|                                   gmem_Wd|       pointer|
|m_axi_gmem_Wd_0_RFIFONUM  |   in|   10|       m_axi|                                   gmem_Wd|       pointer|
|m_axi_gmem_Wd_0_RUSER     |   in|    1|       m_axi|                                   gmem_Wd|       pointer|
|m_axi_gmem_Wd_0_RRESP     |   in|    2|       m_axi|                                   gmem_Wd|       pointer|
|m_axi_gmem_Wd_0_BVALID    |   in|    1|       m_axi|                                   gmem_Wd|       pointer|
|m_axi_gmem_Wd_0_BREADY    |  out|    1|       m_axi|                                   gmem_Wd|       pointer|
|m_axi_gmem_Wd_0_BRESP     |   in|    2|       m_axi|                                   gmem_Wd|       pointer|
|m_axi_gmem_Wd_0_BID       |   in|    1|       m_axi|                                   gmem_Wd|       pointer|
|m_axi_gmem_Wd_0_BUSER     |   in|    1|       m_axi|                                   gmem_Wd|       pointer|
|sext_ln437                |   in|   60|     ap_none|                                sext_ln437|        scalar|
|flat_30_address0          |  out|    5|   ap_memory|                                   flat_30|         array|
|flat_30_ce0               |  out|    1|   ap_memory|                                   flat_30|         array|
|flat_30_we0               |  out|    1|   ap_memory|                                   flat_30|         array|
|flat_30_d0                |  out|  128|   ap_memory|                                   flat_30|         array|
|flat_29_address0          |  out|    5|   ap_memory|                                   flat_29|         array|
|flat_29_ce0               |  out|    1|   ap_memory|                                   flat_29|         array|
|flat_29_we0               |  out|    1|   ap_memory|                                   flat_29|         array|
|flat_29_d0                |  out|  128|   ap_memory|                                   flat_29|         array|
|flat_28_address0          |  out|    5|   ap_memory|                                   flat_28|         array|
|flat_28_ce0               |  out|    1|   ap_memory|                                   flat_28|         array|
|flat_28_we0               |  out|    1|   ap_memory|                                   flat_28|         array|
|flat_28_d0                |  out|  128|   ap_memory|                                   flat_28|         array|
|flat_27_address0          |  out|    5|   ap_memory|                                   flat_27|         array|
|flat_27_ce0               |  out|    1|   ap_memory|                                   flat_27|         array|
|flat_27_we0               |  out|    1|   ap_memory|                                   flat_27|         array|
|flat_27_d0                |  out|  128|   ap_memory|                                   flat_27|         array|
|flat_26_address0          |  out|    5|   ap_memory|                                   flat_26|         array|
|flat_26_ce0               |  out|    1|   ap_memory|                                   flat_26|         array|
|flat_26_we0               |  out|    1|   ap_memory|                                   flat_26|         array|
|flat_26_d0                |  out|  128|   ap_memory|                                   flat_26|         array|
|flat_25_address0          |  out|    5|   ap_memory|                                   flat_25|         array|
|flat_25_ce0               |  out|    1|   ap_memory|                                   flat_25|         array|
|flat_25_we0               |  out|    1|   ap_memory|                                   flat_25|         array|
|flat_25_d0                |  out|  128|   ap_memory|                                   flat_25|         array|
|flat_24_address0          |  out|    5|   ap_memory|                                   flat_24|         array|
|flat_24_ce0               |  out|    1|   ap_memory|                                   flat_24|         array|
|flat_24_we0               |  out|    1|   ap_memory|                                   flat_24|         array|
|flat_24_d0                |  out|  128|   ap_memory|                                   flat_24|         array|
|flat_23_address0          |  out|    5|   ap_memory|                                   flat_23|         array|
|flat_23_ce0               |  out|    1|   ap_memory|                                   flat_23|         array|
|flat_23_we0               |  out|    1|   ap_memory|                                   flat_23|         array|
|flat_23_d0                |  out|  128|   ap_memory|                                   flat_23|         array|
|flat_22_address0          |  out|    5|   ap_memory|                                   flat_22|         array|
|flat_22_ce0               |  out|    1|   ap_memory|                                   flat_22|         array|
|flat_22_we0               |  out|    1|   ap_memory|                                   flat_22|         array|
|flat_22_d0                |  out|  128|   ap_memory|                                   flat_22|         array|
|flat_21_address0          |  out|    5|   ap_memory|                                   flat_21|         array|
|flat_21_ce0               |  out|    1|   ap_memory|                                   flat_21|         array|
|flat_21_we0               |  out|    1|   ap_memory|                                   flat_21|         array|
|flat_21_d0                |  out|  128|   ap_memory|                                   flat_21|         array|
|flat_20_address0          |  out|    5|   ap_memory|                                   flat_20|         array|
|flat_20_ce0               |  out|    1|   ap_memory|                                   flat_20|         array|
|flat_20_we0               |  out|    1|   ap_memory|                                   flat_20|         array|
|flat_20_d0                |  out|  128|   ap_memory|                                   flat_20|         array|
|flat_19_address0          |  out|    5|   ap_memory|                                   flat_19|         array|
|flat_19_ce0               |  out|    1|   ap_memory|                                   flat_19|         array|
|flat_19_we0               |  out|    1|   ap_memory|                                   flat_19|         array|
|flat_19_d0                |  out|  128|   ap_memory|                                   flat_19|         array|
|flat_18_address0          |  out|    5|   ap_memory|                                   flat_18|         array|
|flat_18_ce0               |  out|    1|   ap_memory|                                   flat_18|         array|
|flat_18_we0               |  out|    1|   ap_memory|                                   flat_18|         array|
|flat_18_d0                |  out|  128|   ap_memory|                                   flat_18|         array|
|flat_17_address0          |  out|    5|   ap_memory|                                   flat_17|         array|
|flat_17_ce0               |  out|    1|   ap_memory|                                   flat_17|         array|
|flat_17_we0               |  out|    1|   ap_memory|                                   flat_17|         array|
|flat_17_d0                |  out|  128|   ap_memory|                                   flat_17|         array|
|flat_16_address0          |  out|    5|   ap_memory|                                   flat_16|         array|
|flat_16_ce0               |  out|    1|   ap_memory|                                   flat_16|         array|
|flat_16_we0               |  out|    1|   ap_memory|                                   flat_16|         array|
|flat_16_d0                |  out|  128|   ap_memory|                                   flat_16|         array|
|flat_address0             |  out|    5|   ap_memory|                                      flat|         array|
|flat_ce0                  |  out|    1|   ap_memory|                                      flat|         array|
|flat_we0                  |  out|    1|   ap_memory|                                      flat|         array|
|flat_d0                   |  out|  128|   ap_memory|                                      flat|         array|
+--------------------------+-----+-----+------------+------------------------------------------+--------------+

