

================================================================
== Vitis HLS Report for 'load_row_down_q4k_Pipeline_LOAD_DOWN_Q4K_VITIS_LOOP_318_1'
================================================================
* Date:           Sun Mar 29 14:22:52 2026

* Version:        2025.1 (Build 6135595 on May 21 2025)
* Project:        swiglu
* Solution:       hls (Vivado IP Flow Target)
* Product family: zynquplus
* Target device:  xck26-sfvc784-2LV-c


================================================================
== Performance Estimates
================================================================
+ Timing: 
    * Summary: 
    +--------+---------+----------+------------+
    |  Clock |  Target | Estimated| Uncertainty|
    +--------+---------+----------+------------+
    |ap_clk  |  3.33 ns|  2.430 ns|     0.90 ns|
    +--------+---------+----------+------------+

+ Latency: 
    * Summary: 
    +---------+---------+----------+----------+-----+-----+------------------------------------------------+
    |  Latency (cycles) |  Latency (absolute) |  Interval |                    Pipeline                    |
    |   min   |   max   |    min   |    max   | min | max |                      Type                      |
    +---------+---------+----------+----------+-----+-----+------------------------------------------------+
    |      291|      291|  0.969 us|  0.969 us|  289|  289|  loop auto-rewind stp (delay=0 clock cycles(s))|
    +---------+---------+----------+----------+-----+-----+------------------------------------------------+

    + Detail: 
        * Instance: 
        N/A

        * Loop: 
        +----------------------------------+---------+---------+----------+-----------+-----------+------+----------+
        |                                  |  Latency (cycles) | Iteration|  Initiation Interval  | Trip |          |
        |             Loop Name            |   min   |   max   |  Latency |  achieved |   target  | Count| Pipelined|
        +----------------------------------+---------+---------+----------+-----------+-----------+------+----------+
        |- LOAD_DOWN_Q4K_VITIS_LOOP_318_1  |      289|      289|         3|          1|          1|   288|       yes|
        +----------------------------------+---------+---------+----------+-----------+-----------+------+----------+



================================================================
== Utilization Estimates
================================================================
* Summary: 
+-----------------+---------+------+--------+--------+-----+
|       Name      | BRAM_18K|  DSP |   FF   |   LUT  | URAM|
+-----------------+---------+------+--------+--------+-----+
|DSP              |        -|     -|       -|       -|    -|
|Expression       |        -|     -|       0|      85|    -|
|FIFO             |        -|     -|       -|       -|    -|
|Instance         |        -|     -|       -|       -|    -|
|Memory           |        -|     -|       -|       -|    -|
|Multiplexer      |        -|     -|       0|      63|    -|
|Register         |        -|     -|     162|       -|    -|
+-----------------+---------+------+--------+--------+-----+
|Total            |        0|     0|     162|     148|    0|
+-----------------+---------+------+--------+--------+-----+
|Available        |      288|  1248|  234240|  117120|   64|
+-----------------+---------+------+--------+--------+-----+
|Utilization (%)  |        0|     0|      ~0|      ~0|    0|
+-----------------+---------+------+--------+--------+-----+

+ Detail: 
    * Instance: 
    N/A

    * DSP: 
    N/A

    * Memory: 
    N/A

    * FIFO: 
    N/A

    * Expression: 
    +---------------------------+----------+----+---+----+------------+------------+
    |       Variable Name       | Operation| DSP| FF| LUT| Bitwidth P0| Bitwidth P1|
    +---------------------------+----------+----+---+----+------------+------------+
    |add_ln317_1_fu_828_p2      |         +|   0|  0|  13|           6|           1|
    |add_ln317_fu_791_p2        |         +|   0|  0|  16|           9|           1|
    |add_ln318_fu_912_p2        |         +|   0|  0|  12|           4|           1|
    |ap_block_pp0_stage0_11001  |       and|   0|  0|   2|           1|           1|
    |ap_condition_360           |       and|   0|  0|   2|           1|           1|
    |icmp_ln317_fu_785_p2       |      icmp|   0|  0|  16|           9|           9|
    |icmp_ln318_fu_814_p2       |      icmp|   0|  0|  12|           4|           4|
    |select_ln317_1_fu_834_p3   |    select|   0|  0|   6|           1|           6|
    |select_ln317_fu_820_p3     |    select|   0|  0|   4|           1|           1|
    |ap_enable_pp0              |       xor|   0|  0|   2|           1|           2|
    +---------------------------+----------+----+---+----+------------+------------+
    |Total                      |          |   0|  0|  85|          37|          27|
    +---------------------------+----------+----+---+----+------------+------------+

    * Multiplexer: 
    +--------------------------------------+----+-----------+-----+-----------+
    |                 Name                 | LUT| Input Size| Bits| Total Bits|
    +--------------------------------------+----+-----------+-----+-----------+
    |ap_done_int                           |   9|          2|    1|          2|
    |ap_enable_reg_pp0_iter1               |   9|          2|    1|          2|
    |ap_sig_allocacmp_indvar_flatten_load  |   9|          2|    9|         18|
    |b_fu_200                              |   9|          2|    6|         12|
    |gmem_Wd_blk_n_R                       |   9|          2|    1|          2|
    |indvar_flatten_fu_204                 |   9|          2|    9|         18|
    |w_fu_196                              |   9|          2|    4|          8|
    +--------------------------------------+----+-----------+-----+-----------+
    |Total                                 |  63|         14|   31|         62|
    +--------------------------------------+----+-----------+-----+-----------+

    * Register: 
    +-------------------------------------------+-----+----+-----+-----------+
    |                    Name                   |  FF | LUT| Bits| Const Bits|
    +-------------------------------------------+-----+----+-----+-----------+
    |ap_CS_fsm                                  |    1|   0|    1|          0|
    |ap_block_pp0_stage0_subdone_grp0_done_reg  |    1|   0|    1|          0|
    |ap_done_reg                                |    1|   0|    1|          0|
    |ap_enable_reg_pp0_iter1                    |    1|   0|    1|          0|
    |ap_enable_reg_pp0_iter2                    |    1|   0|    1|          0|
    |ap_loop_exit_ready_pp0_iter1_reg           |    1|   0|    1|          0|
    |b_fu_200                                   |    6|   0|    6|          0|
    |gmem_Wd_addr_read_reg_1002                 |  128|   0|  128|          0|
    |indvar_flatten_fu_204                      |    9|   0|    9|          0|
    |select_ln317_reg_993                       |    4|   0|    4|          0|
    |trunc_ln317_reg_998                        |    5|   0|    5|          0|
    |w_fu_196                                   |    4|   0|    4|          0|
    +-------------------------------------------+-----+----+-----+-----------+
    |Total                                      |  162|   0|  162|          0|
    +-------------------------------------------+-----+----+-----+-----------+



================================================================
== Interface
================================================================
* Summary: 
+--------------------------+-----+-----+------------+-----------------------------------------------------------+--------------+
|         RTL Ports        | Dir | Bits|  Protocol  |                       Source Object                       |    C Type    |
+--------------------------+-----+-----+------------+-----------------------------------------------------------+--------------+
|ap_clk                    |   in|    1|  ap_ctrl_hs|  load_row_down_q4k_Pipeline_LOAD_DOWN_Q4K_VITIS_LOOP_318_1|  return value|
|ap_rst                    |   in|    1|  ap_ctrl_hs|  load_row_down_q4k_Pipeline_LOAD_DOWN_Q4K_VITIS_LOOP_318_1|  return value|
|ap_start                  |   in|    1|  ap_ctrl_hs|  load_row_down_q4k_Pipeline_LOAD_DOWN_Q4K_VITIS_LOOP_318_1|  return value|
|ap_done                   |  out|    1|  ap_ctrl_hs|  load_row_down_q4k_Pipeline_LOAD_DOWN_Q4K_VITIS_LOOP_318_1|  return value|
|ap_idle                   |  out|    1|  ap_ctrl_hs|  load_row_down_q4k_Pipeline_LOAD_DOWN_Q4K_VITIS_LOOP_318_1|  return value|
|ap_ready                  |  out|    1|  ap_ctrl_hs|  load_row_down_q4k_Pipeline_LOAD_DOWN_Q4K_VITIS_LOOP_318_1|  return value|
|m_axi_gmem_Wd_0_AWVALID   |  out|    1|       m_axi|                                                    gmem_Wd|       pointer|
|m_axi_gmem_Wd_0_AWREADY   |   in|    1|       m_axi|                                                    gmem_Wd|       pointer|
|m_axi_gmem_Wd_0_AWADDR    |  out|   64|       m_axi|                                                    gmem_Wd|       pointer|
|m_axi_gmem_Wd_0_AWID      |  out|    1|       m_axi|                                                    gmem_Wd|       pointer|
|m_axi_gmem_Wd_0_AWLEN     |  out|   32|       m_axi|                                                    gmem_Wd|       pointer|
|m_axi_gmem_Wd_0_AWSIZE    |  out|    3|       m_axi|                                                    gmem_Wd|       pointer|
|m_axi_gmem_Wd_0_AWBURST   |  out|    2|       m_axi|                                                    gmem_Wd|       pointer|
|m_axi_gmem_Wd_0_AWLOCK    |  out|    2|       m_axi|                                                    gmem_Wd|       pointer|
|m_axi_gmem_Wd_0_AWCACHE   |  out|    4|       m_axi|                                                    gmem_Wd|       pointer|
|m_axi_gmem_Wd_0_AWPROT    |  out|    3|       m_axi|                                                    gmem_Wd|       pointer|
|m_axi_gmem_Wd_0_AWQOS     |  out|    4|       m_axi|                                                    gmem_Wd|       pointer|
|m_axi_gmem_Wd_0_AWREGION  |  out|    4|       m_axi|                                                    gmem_Wd|       pointer|
|m_axi_gmem_Wd_0_AWUSER    |  out|    1|       m_axi|                                                    gmem_Wd|       pointer|
|m_axi_gmem_Wd_0_WVALID    |  out|    1|       m_axi|                                                    gmem_Wd|       pointer|
|m_axi_gmem_Wd_0_WREADY    |   in|    1|       m_axi|                                                    gmem_Wd|       pointer|
|m_axi_gmem_Wd_0_WDATA     |  out|  128|       m_axi|                                                    gmem_Wd|       pointer|
|m_axi_gmem_Wd_0_WSTRB     |  out|   16|       m_axi|                                                    gmem_Wd|       pointer|
|m_axi_gmem_Wd_0_WLAST     |  out|    1|       m_axi|                                                    gmem_Wd|       pointer|
|m_axi_gmem_Wd_0_WID       |  out|    1|       m_axi|                                                    gmem_Wd|       pointer|
|m_axi_gmem_Wd_0_WUSER     |  out|    1|       m_axi|                                                    gmem_Wd|       pointer|
|m_axi_gmem_Wd_0_ARVALID   |  out|    1|       m_axi|                                                    gmem_Wd|       pointer|
|m_axi_gmem_Wd_0_ARREADY   |   in|    1|       m_axi|                                                    gmem_Wd|       pointer|
|m_axi_gmem_Wd_0_ARADDR    |  out|   64|       m_axi|                                                    gmem_Wd|       pointer|
|m_axi_gmem_Wd_0_ARID      |  out|    1|       m_axi|                                                    gmem_Wd|       pointer|
|m_axi_gmem_Wd_0_ARLEN     |  out|   32|       m_axi|                                                    gmem_Wd|       pointer|
|m_axi_gmem_Wd_0_ARSIZE    |  out|    3|       m_axi|                                                    gmem_Wd|       pointer|
|m_axi_gmem_Wd_0_ARBURST   |  out|    2|       m_axi|                                                    gmem_Wd|       pointer|
|m_axi_gmem_Wd_0_ARLOCK    |  out|    2|       m_axi|                                                    gmem_Wd|       pointer|
|m_axi_gmem_Wd_0_ARCACHE   |  out|    4|       m_axi|                                                    gmem_Wd|       pointer|
|m_axi_gmem_Wd_0_ARPROT    |  out|    3|       m_axi|                                                    gmem_Wd|       pointer|
|m_axi_gmem_Wd_0_ARQOS     |  out|    4|       m_axi|                                                    gmem_Wd|       pointer|
|m_axi_gmem_Wd_0_ARREGION  |  out|    4|       m_axi|                                                    gmem_Wd|       pointer|
|m_axi_gmem_Wd_0_ARUSER    |  out|    1|       m_axi|                                                    gmem_Wd|       pointer|
|m_axi_gmem_Wd_0_RVALID    |   in|    1|       m_axi|                                                    gmem_Wd|       pointer|
|m_axi_gmem_Wd_0_RREADY    |  out|    1|       m_axi|                                                    gmem_Wd|       pointer|
|m_axi_gmem_Wd_0_RDATA     |   in|  128|       m_axi|                                                    gmem_Wd|       pointer|
|m_axi_gmem_Wd_0_RLAST     |   in|    1|       m_axi|                                                    gmem_Wd|       pointer|
|m_axi_gmem_Wd_0_RID       |   in|    1|       m_axi|                                                    gmem_Wd|       pointer|
|m_axi_gmem_Wd_0_RFIFONUM  |   in|   10|       m_axi|                                                    gmem_Wd|       pointer|
|m_axi_gmem_Wd_0_RUSER     |   in|    1|       m_axi|                                                    gmem_Wd|       pointer|
|m_axi_gmem_Wd_0_RRESP     |   in|    2|       m_axi|                                                    gmem_Wd|       pointer|
|m_axi_gmem_Wd_0_BVALID    |   in|    1|       m_axi|                                                    gmem_Wd|       pointer|
|m_axi_gmem_Wd_0_BREADY    |  out|    1|       m_axi|                                                    gmem_Wd|       pointer|
|m_axi_gmem_Wd_0_BRESP     |   in|    2|       m_axi|                                                    gmem_Wd|       pointer|
|m_axi_gmem_Wd_0_BID       |   in|    1|       m_axi|                                                    gmem_Wd|       pointer|
|m_axi_gmem_Wd_0_BUSER     |   in|    1|       m_axi|                                                    gmem_Wd|       pointer|
|sext_ln317                |   in|   60|     ap_none|                                                 sext_ln317|        scalar|
|rb_31_address1            |  out|    4|   ap_memory|                                                      rb_31|         array|
|rb_31_ce1                 |  out|    1|   ap_memory|                                                      rb_31|         array|
|rb_31_we1                 |  out|    1|   ap_memory|                                                      rb_31|         array|
|rb_31_d1                  |  out|  128|   ap_memory|                                                      rb_31|         array|
|rb_30_address1            |  out|    4|   ap_memory|                                                      rb_30|         array|
|rb_30_ce1                 |  out|    1|   ap_memory|                                                      rb_30|         array|
|rb_30_we1                 |  out|    1|   ap_memory|                                                      rb_30|         array|
|rb_30_d1                  |  out|  128|   ap_memory|                                                      rb_30|         array|
|rb_29_address1            |  out|    4|   ap_memory|                                                      rb_29|         array|
|rb_29_ce1                 |  out|    1|   ap_memory|                                                      rb_29|         array|
|rb_29_we1                 |  out|    1|   ap_memory|                                                      rb_29|         array|
|rb_29_d1                  |  out|  128|   ap_memory|                                                      rb_29|         array|
|rb_28_address1            |  out|    4|   ap_memory|                                                      rb_28|         array|
|rb_28_ce1                 |  out|    1|   ap_memory|                                                      rb_28|         array|
|rb_28_we1                 |  out|    1|   ap_memory|                                                      rb_28|         array|
|rb_28_d1                  |  out|  128|   ap_memory|                                                      rb_28|         array|
|rb_27_address1            |  out|    4|   ap_memory|                                                      rb_27|         array|
|rb_27_ce1                 |  out|    1|   ap_memory|                                                      rb_27|         array|
|rb_27_we1                 |  out|    1|   ap_memory|                                                      rb_27|         array|
|rb_27_d1                  |  out|  128|   ap_memory|                                                      rb_27|         array|
|rb_26_address1            |  out|    4|   ap_memory|                                                      rb_26|         array|
|rb_26_ce1                 |  out|    1|   ap_memory|                                                      rb_26|         array|
|rb_26_we1                 |  out|    1|   ap_memory|                                                      rb_26|         array|
|rb_26_d1                  |  out|  128|   ap_memory|                                                      rb_26|         array|
|rb_25_address1            |  out|    4|   ap_memory|                                                      rb_25|         array|
|rb_25_ce1                 |  out|    1|   ap_memory|                                                      rb_25|         array|
|rb_25_we1                 |  out|    1|   ap_memory|                                                      rb_25|         array|
|rb_25_d1                  |  out|  128|   ap_memory|                                                      rb_25|         array|
|rb_24_address1            |  out|    4|   ap_memory|                                                      rb_24|         array|
|rb_24_ce1                 |  out|    1|   ap_memory|                                                      rb_24|         array|
|rb_24_we1                 |  out|    1|   ap_memory|                                                      rb_24|         array|
|rb_24_d1                  |  out|  128|   ap_memory|                                                      rb_24|         array|
|rb_23_address1            |  out|    4|   ap_memory|                                                      rb_23|         array|
|rb_23_ce1                 |  out|    1|   ap_memory|                                                      rb_23|         array|
|rb_23_we1                 |  out|    1|   ap_memory|                                                      rb_23|         array|
|rb_23_d1                  |  out|  128|   ap_memory|                                                      rb_23|         array|
|rb_22_address1            |  out|    4|   ap_memory|                                                      rb_22|         array|
|rb_22_ce1                 |  out|    1|   ap_memory|                                                      rb_22|         array|
|rb_22_we1                 |  out|    1|   ap_memory|                                                      rb_22|         array|
|rb_22_d1                  |  out|  128|   ap_memory|                                                      rb_22|         array|
|rb_21_address1            |  out|    4|   ap_memory|                                                      rb_21|         array|
|rb_21_ce1                 |  out|    1|   ap_memory|                                                      rb_21|         array|
|rb_21_we1                 |  out|    1|   ap_memory|                                                      rb_21|         array|
|rb_21_d1                  |  out|  128|   ap_memory|                                                      rb_21|         array|
|rb_20_address1            |  out|    4|   ap_memory|                                                      rb_20|         array|
|rb_20_ce1                 |  out|    1|   ap_memory|                                                      rb_20|         array|
|rb_20_we1                 |  out|    1|   ap_memory|                                                      rb_20|         array|
|rb_20_d1                  |  out|  128|   ap_memory|                                                      rb_20|         array|
|rb_19_address1            |  out|    4|   ap_memory|                                                      rb_19|         array|
|rb_19_ce1                 |  out|    1|   ap_memory|                                                      rb_19|         array|
|rb_19_we1                 |  out|    1|   ap_memory|                                                      rb_19|         array|
|rb_19_d1                  |  out|  128|   ap_memory|                                                      rb_19|         array|
|rb_18_address1            |  out|    4|   ap_memory|                                                      rb_18|         array|
|rb_18_ce1                 |  out|    1|   ap_memory|                                                      rb_18|         array|
|rb_18_we1                 |  out|    1|   ap_memory|                                                      rb_18|         array|
|rb_18_d1                  |  out|  128|   ap_memory|                                                      rb_18|         array|
|rb_17_address1            |  out|    4|   ap_memory|                                                      rb_17|         array|
|rb_17_ce1                 |  out|    1|   ap_memory|                                                      rb_17|         array|
|rb_17_we1                 |  out|    1|   ap_memory|                                                      rb_17|         array|
|rb_17_d1                  |  out|  128|   ap_memory|                                                      rb_17|         array|
|rb_16_address1            |  out|    4|   ap_memory|                                                      rb_16|         array|
|rb_16_ce1                 |  out|    1|   ap_memory|                                                      rb_16|         array|
|rb_16_we1                 |  out|    1|   ap_memory|                                                      rb_16|         array|
|rb_16_d1                  |  out|  128|   ap_memory|                                                      rb_16|         array|
|rb_15_address1            |  out|    4|   ap_memory|                                                      rb_15|         array|
|rb_15_ce1                 |  out|    1|   ap_memory|                                                      rb_15|         array|
|rb_15_we1                 |  out|    1|   ap_memory|                                                      rb_15|         array|
|rb_15_d1                  |  out|  128|   ap_memory|                                                      rb_15|         array|
|rb_14_address1            |  out|    4|   ap_memory|                                                      rb_14|         array|
|rb_14_ce1                 |  out|    1|   ap_memory|                                                      rb_14|         array|
|rb_14_we1                 |  out|    1|   ap_memory|                                                      rb_14|         array|
|rb_14_d1                  |  out|  128|   ap_memory|                                                      rb_14|         array|
|rb_13_address1            |  out|    4|   ap_memory|                                                      rb_13|         array|
|rb_13_ce1                 |  out|    1|   ap_memory|                                                      rb_13|         array|
|rb_13_we1                 |  out|    1|   ap_memory|                                                      rb_13|         array|
|rb_13_d1                  |  out|  128|   ap_memory|                                                      rb_13|         array|
|rb_12_address1            |  out|    4|   ap_memory|                                                      rb_12|         array|
|rb_12_ce1                 |  out|    1|   ap_memory|                                                      rb_12|         array|
|rb_12_we1                 |  out|    1|   ap_memory|                                                      rb_12|         array|
|rb_12_d1                  |  out|  128|   ap_memory|                                                      rb_12|         array|
|rb_11_address1            |  out|    4|   ap_memory|                                                      rb_11|         array|
|rb_11_ce1                 |  out|    1|   ap_memory|                                                      rb_11|         array|
|rb_11_we1                 |  out|    1|   ap_memory|                                                      rb_11|         array|
|rb_11_d1                  |  out|  128|   ap_memory|                                                      rb_11|         array|
|rb_10_address1            |  out|    4|   ap_memory|                                                      rb_10|         array|
|rb_10_ce1                 |  out|    1|   ap_memory|                                                      rb_10|         array|
|rb_10_we1                 |  out|    1|   ap_memory|                                                      rb_10|         array|
|rb_10_d1                  |  out|  128|   ap_memory|                                                      rb_10|         array|
|rb_9_address1             |  out|    4|   ap_memory|                                                       rb_9|         array|
|rb_9_ce1                  |  out|    1|   ap_memory|                                                       rb_9|         array|
|rb_9_we1                  |  out|    1|   ap_memory|                                                       rb_9|         array|
|rb_9_d1                   |  out|  128|   ap_memory|                                                       rb_9|         array|
|rb_8_address1             |  out|    4|   ap_memory|                                                       rb_8|         array|
|rb_8_ce1                  |  out|    1|   ap_memory|                                                       rb_8|         array|
|rb_8_we1                  |  out|    1|   ap_memory|                                                       rb_8|         array|
|rb_8_d1                   |  out|  128|   ap_memory|                                                       rb_8|         array|
|rb_7_address1             |  out|    4|   ap_memory|                                                       rb_7|         array|
|rb_7_ce1                  |  out|    1|   ap_memory|                                                       rb_7|         array|
|rb_7_we1                  |  out|    1|   ap_memory|                                                       rb_7|         array|
|rb_7_d1                   |  out|  128|   ap_memory|                                                       rb_7|         array|
|rb_6_address1             |  out|    4|   ap_memory|                                                       rb_6|         array|
|rb_6_ce1                  |  out|    1|   ap_memory|                                                       rb_6|         array|
|rb_6_we1                  |  out|    1|   ap_memory|                                                       rb_6|         array|
|rb_6_d1                   |  out|  128|   ap_memory|                                                       rb_6|         array|
|rb_5_address1             |  out|    4|   ap_memory|                                                       rb_5|         array|
|rb_5_ce1                  |  out|    1|   ap_memory|                                                       rb_5|         array|
|rb_5_we1                  |  out|    1|   ap_memory|                                                       rb_5|         array|
|rb_5_d1                   |  out|  128|   ap_memory|                                                       rb_5|         array|
|rb_4_address1             |  out|    4|   ap_memory|                                                       rb_4|         array|
|rb_4_ce1                  |  out|    1|   ap_memory|                                                       rb_4|         array|
|rb_4_we1                  |  out|    1|   ap_memory|                                                       rb_4|         array|
|rb_4_d1                   |  out|  128|   ap_memory|                                                       rb_4|         array|
|rb_3_address1             |  out|    4|   ap_memory|                                                       rb_3|         array|
|rb_3_ce1                  |  out|    1|   ap_memory|                                                       rb_3|         array|
|rb_3_we1                  |  out|    1|   ap_memory|                                                       rb_3|         array|
|rb_3_d1                   |  out|  128|   ap_memory|                                                       rb_3|         array|
|rb_2_address1             |  out|    4|   ap_memory|                                                       rb_2|         array|
|rb_2_ce1                  |  out|    1|   ap_memory|                                                       rb_2|         array|
|rb_2_we1                  |  out|    1|   ap_memory|                                                       rb_2|         array|
|rb_2_d1                   |  out|  128|   ap_memory|                                                       rb_2|         array|
|rb_1_address1             |  out|    4|   ap_memory|                                                       rb_1|         array|
|rb_1_ce1                  |  out|    1|   ap_memory|                                                       rb_1|         array|
|rb_1_we1                  |  out|    1|   ap_memory|                                                       rb_1|         array|
|rb_1_d1                   |  out|  128|   ap_memory|                                                       rb_1|         array|
|rb_0_address1             |  out|    4|   ap_memory|                                                       rb_0|         array|
|rb_0_ce1                  |  out|    1|   ap_memory|                                                       rb_0|         array|
|rb_0_we1                  |  out|    1|   ap_memory|                                                       rb_0|         array|
|rb_0_d1                   |  out|  128|   ap_memory|                                                       rb_0|         array|
+--------------------------+-----+-----+------------+-----------------------------------------------------------+--------------+

