

================================================================
== Vitis HLS Report for 'mac_blocks_down_q4k7_Pipeline_REDUCE_DOWN_Q4K'
================================================================
* Date:           Thu Apr  2 13:37:16 2026

* Version:        2025.1 (Build 6135595 on May 21 2025)
* Project:        swiglu
* Solution:       hls (Vivado IP Flow Target)
* Product family: zynquplus
* Target device:  xck26-sfvc784-2LV-c


================================================================
== Performance Estimates
================================================================
+ Timing: 
    * Summary: 
    +--------+---------+----------+------------+
    |  Clock |  Target | Estimated| Uncertainty|
    +--------+---------+----------+------------+
    |ap_clk  |  4.00 ns|  3.239 ns|     1.08 ns|
    +--------+---------+----------+------------+

+ Latency: 
    * Summary: 
    +---------+---------+----------+----------+-----+-----+------------------------------------------------+
    |  Latency (cycles) |  Latency (absolute) |  Interval |                    Pipeline                    |
    |   min   |   max   |    min   |    max   | min | max |                      Type                      |
    +---------+---------+----------+----------+-----+-----+------------------------------------------------+
    |      353|      353|  1.412 us|  1.412 us|  340|  340|  loop auto-rewind stp (delay=0 clock cycles(s))|
    +---------+---------+----------+----------+-----+-----+------------------------------------------------+

    + Detail: 
        * Instance: 
        N/A

        * Loop: 
        +-------------------+---------+---------+----------+-----------+-----------+------+----------+
        |                   |  Latency (cycles) | Iteration|  Initiation Interval  | Trip |          |
        |     Loop Name     |   min   |   max   |  Latency |  achieved |   target  | Count| Pipelined|
        +-------------------+---------+---------+----------+-----------+-----------+------+----------+
        |- REDUCE_DOWN_Q4K  |      351|      351|        52|         20|          1|    16|       yes|
        +-------------------+---------+---------+----------+-----------+-----------+------+----------+



================================================================
== Utilization Estimates
================================================================
* Summary: 
+-----------------+---------+------+--------+--------+-----+
|       Name      | BRAM_18K|  DSP |   FF   |   LUT  | URAM|
+-----------------+---------+------+--------+--------+-----+
|DSP              |        -|     -|       -|       -|    -|
|Expression       |        -|     -|       0|     995|    -|
|FIFO             |        -|     -|       -|       -|    -|
|Instance         |        -|     2|     365|    2578|    -|
|Memory           |        -|     -|       -|       -|    -|
|Multiplexer      |        -|     -|       0|     338|    -|
|Register         |        -|     -|    1031|       -|    -|
+-----------------+---------+------+--------+--------+-----+
|Total            |        0|     2|    1396|    3911|    0|
+-----------------+---------+------+--------+--------+-----+
|Available        |      288|  1248|  234240|  117120|   64|
+-----------------+---------+------+--------+--------+-----+
|Utilization (%)  |        0|    ~0|      ~0|       3|    0|
+-----------------+---------+------+--------+--------+-----+

+ Detail: 
    * Instance: 
    +---------------------------------------+---------------------------------+---------+----+-----+-----+-----+
    |                Instance               |              Module             | BRAM_18K| DSP|  FF | LUT | URAM|
    +---------------------------------------+---------------------------------+---------+----+-----+-----+-----+
    |fadd_32ns_32ns_32_10_full_dsp_1_U5501  |fadd_32ns_32ns_32_10_full_dsp_1  |        0|   2|  365|  238|    0|
    |sparsemux_33_5_32_1_1_U5504            |sparsemux_33_5_32_1_1            |        0|   0|    0|   65|    0|
    |sparsemux_33_5_32_1_1_U5505            |sparsemux_33_5_32_1_1            |        0|   0|    0|   65|    0|
    |sparsemux_33_5_32_1_1_U5506            |sparsemux_33_5_32_1_1            |        0|   0|    0|   65|    0|
    |sparsemux_33_5_32_1_1_U5507            |sparsemux_33_5_32_1_1            |        0|   0|    0|   65|    0|
    |sparsemux_33_5_32_1_1_U5508            |sparsemux_33_5_32_1_1            |        0|   0|    0|   65|    0|
    |sparsemux_33_5_32_1_1_U5509            |sparsemux_33_5_32_1_1            |        0|   0|    0|   65|    0|
    |sparsemux_33_5_32_1_1_U5510            |sparsemux_33_5_32_1_1            |        0|   0|    0|   65|    0|
    |sparsemux_33_5_32_1_1_U5511            |sparsemux_33_5_32_1_1            |        0|   0|    0|   65|    0|
    |sparsemux_33_5_32_1_1_U5512            |sparsemux_33_5_32_1_1            |        0|   0|    0|   65|    0|
    |sparsemux_33_5_32_1_1_U5513            |sparsemux_33_5_32_1_1            |        0|   0|    0|   65|    0|
    |sparsemux_33_5_32_1_1_U5514            |sparsemux_33_5_32_1_1            |        0|   0|    0|   65|    0|
    |sparsemux_33_5_32_1_1_U5515            |sparsemux_33_5_32_1_1            |        0|   0|    0|   65|    0|
    |sparsemux_33_5_32_1_1_U5516            |sparsemux_33_5_32_1_1            |        0|   0|    0|   65|    0|
    |sparsemux_33_5_32_1_1_U5517            |sparsemux_33_5_32_1_1            |        0|   0|    0|   65|    0|
    |sparsemux_33_5_32_1_1_U5518            |sparsemux_33_5_32_1_1            |        0|   0|    0|   65|    0|
    |sparsemux_33_5_32_1_1_U5519            |sparsemux_33_5_32_1_1            |        0|   0|    0|   65|    0|
    |sparsemux_33_5_32_1_1_U5520            |sparsemux_33_5_32_1_1            |        0|   0|    0|   65|    0|
    |sparsemux_33_5_32_1_1_U5521            |sparsemux_33_5_32_1_1            |        0|   0|    0|   65|    0|
    |sparsemux_33_5_32_1_1_U5522            |sparsemux_33_5_32_1_1            |        0|   0|    0|   65|    0|
    |sparsemux_33_5_32_1_1_U5523            |sparsemux_33_5_32_1_1            |        0|   0|    0|   65|    0|
    |sparsemux_33_5_32_1_1_U5524            |sparsemux_33_5_32_1_1            |        0|   0|    0|   65|    0|
    |sparsemux_33_5_32_1_1_U5525            |sparsemux_33_5_32_1_1            |        0|   0|    0|   65|    0|
    |sparsemux_33_5_32_1_1_U5526            |sparsemux_33_5_32_1_1            |        0|   0|    0|   65|    0|
    |sparsemux_33_5_32_1_1_U5527            |sparsemux_33_5_32_1_1            |        0|   0|    0|   65|    0|
    |sparsemux_33_5_32_1_1_U5528            |sparsemux_33_5_32_1_1            |        0|   0|    0|   65|    0|
    |sparsemux_33_5_32_1_1_U5529            |sparsemux_33_5_32_1_1            |        0|   0|    0|   65|    0|
    |sparsemux_33_5_32_1_1_U5530            |sparsemux_33_5_32_1_1            |        0|   0|    0|   65|    0|
    |sparsemux_33_5_32_1_1_U5531            |sparsemux_33_5_32_1_1            |        0|   0|    0|   65|    0|
    |sparsemux_33_5_32_1_1_U5532            |sparsemux_33_5_32_1_1            |        0|   0|    0|   65|    0|
    |sparsemux_33_5_32_1_1_U5533            |sparsemux_33_5_32_1_1            |        0|   0|    0|   65|    0|
    |sparsemux_33_5_32_1_1_U5534            |sparsemux_33_5_32_1_1            |        0|   0|    0|   65|    0|
    |sparsemux_33_5_32_1_1_U5535            |sparsemux_33_5_32_1_1            |        0|   0|    0|   65|    0|
    |sparsemux_33_5_32_1_1_U5536            |sparsemux_33_5_32_1_1            |        0|   0|    0|   65|    0|
    |sparsemux_33_5_32_1_1_U5537            |sparsemux_33_5_32_1_1            |        0|   0|    0|   65|    0|
    |sparsemux_33_5_32_1_1_U5538            |sparsemux_33_5_32_1_1            |        0|   0|    0|   65|    0|
    |sparsemux_33_5_32_1_1_U5539            |sparsemux_33_5_32_1_1            |        0|   0|    0|   65|    0|
    +---------------------------------------+---------------------------------+---------+----+-----+-----+-----+
    |Total                                  |                                 |        0|   2|  365| 2578|    0|
    +---------------------------------------+---------------------------------+---------+----+-----+-----+-----+

    * DSP: 
    N/A

    * Memory: 
    N/A

    * FIFO: 
    N/A

    * Expression: 
    +-------------------------+----------+----+---+----+------------+------------+
    |      Variable Name      | Operation| DSP| FF| LUT| Bitwidth P0| Bitwidth P1|
    +-------------------------+----------+----+---+----+------------+------------+
    |add_ln428_fu_7525_p2     |         +|   0|  0|  13|           6|           2|
    |add_ln433_10_fu_7225_p2  |         +|   0|  0|  32|          32|          32|
    |add_ln433_11_fu_7231_p2  |         +|   0|  0|  39|          32|          32|
    |add_ln433_12_fu_7237_p2  |         +|   0|  0|  32|          32|          32|
    |add_ln433_1_fu_5863_p2   |         +|   0|  0|  39|          32|          32|
    |add_ln433_2_fu_7489_p2   |         +|   0|  0|  32|          32|          32|
    |add_ln433_3_fu_5869_p2   |         +|   0|  0|  32|          32|          32|
    |add_ln433_4_fu_5875_p2   |         +|   0|  0|  39|          32|          32|
    |add_ln433_5_fu_5881_p2   |         +|   0|  0|  32|          32|          32|
    |add_ln433_7_fu_7213_p2   |         +|   0|  0|  39|          32|          32|
    |add_ln433_8_fu_7219_p2   |         +|   0|  0|  39|          32|          32|
    |add_ln433_9_fu_7507_p2   |         +|   0|  0|  32|          32|          32|
    |add_ln433_fu_5857_p2     |         +|   0|  0|  39|          32|          32|
    |add_ln434_10_fu_7327_p2  |         +|   0|  0|  32|          32|          32|
    |add_ln434_11_fu_7333_p2  |         +|   0|  0|  39|          32|          32|
    |add_ln434_12_fu_7339_p2  |         +|   0|  0|  32|          32|          32|
    |add_ln434_1_fu_5965_p2   |         +|   0|  0|  39|          32|          32|
    |add_ln434_2_fu_7498_p2   |         +|   0|  0|  32|          32|          32|
    |add_ln434_3_fu_5971_p2   |         +|   0|  0|  32|          32|          32|
    |add_ln434_4_fu_5977_p2   |         +|   0|  0|  39|          32|          32|
    |add_ln434_5_fu_5983_p2   |         +|   0|  0|  32|          32|          32|
    |add_ln434_7_fu_7315_p2   |         +|   0|  0|  39|          32|          32|
    |add_ln434_8_fu_7321_p2   |         +|   0|  0|  39|          32|          32|
    |add_ln434_9_fu_7516_p2   |         +|   0|  0|  32|          32|          32|
    |add_ln434_fu_5959_p2     |         +|   0|  0|  39|          32|          32|
    |sm_4_fu_7502_p2          |         +|   0|  0|  32|          32|          32|
    |sm_6_fu_7520_p2          |         +|   0|  0|  32|          32|          32|
    |sw_7_fu_7493_p2          |         +|   0|  0|  32|          32|          32|
    |sw_9_fu_7511_p2          |         +|   0|  0|  32|          32|          32|
    |ap_enable_pp0            |       xor|   0|  0|   2|           1|           2|
    +-------------------------+----------+----+---+----+------------+------------+
    |Total                    |          |   0|  0| 995|         903|         900|
    +-------------------------+----------+----+---+----+------------+------------+

    * Multiplexer: 
    +----------------------------------+-----+-----------+-----+-----------+
    |               Name               | LUT | Input Size| Bits| Total Bits|
    +----------------------------------+-----+-----------+-----+-----------+
    |ap_NS_fsm                         |  106|         21|    1|         21|
    |ap_done_int                       |    9|          2|    1|          2|
    |ap_enable_reg_pp0_iter0           |    9|          2|    1|          2|
    |ap_enable_reg_pp0_iter1           |    9|          2|    1|          2|
    |ap_enable_reg_pp0_iter2           |    9|          2|    1|          2|
    |ap_loop_exit_ready_pp0_iter1_reg  |    9|          2|    1|          2|
    |ap_sig_allocacmp_b                |    9|          2|    6|         12|
    |b_1_fu_1234                       |    9|          2|    6|         12|
    |grp_fu_4707_opcode                |   14|          3|    2|          6|
    |grp_fu_4707_p0                    |   20|          4|   32|        128|
    |grp_fu_4707_p1                    |   20|          4|   32|        128|
    |grp_fu_4715_p0                    |   49|          9|   32|        288|
    |grp_fu_4715_p1                    |   31|          6|   32|        192|
    |grp_fu_4719_p0                    |   26|          5|   32|        160|
    |total_6_fu_1230                   |    9|          2|   32|         64|
    +----------------------------------+-----+-----------+-----+-----------+
    |Total                             |  338|         68|  212|       1021|
    +----------------------------------+-----+-----------+-----+-----------+

    * Register: 
    +----------------------------------+----+----+-----+-----------+
    |               Name               | FF | LUT| Bits| Const Bits|
    +----------------------------------+----+----+-----+-----------+
    |add_ln433_12_reg_7627             |  32|   0|   32|          0|
    |add_ln433_1_reg_7582              |  32|   0|   32|          0|
    |add_ln433_5_reg_7587              |  32|   0|   32|          0|
    |add_ln433_7_reg_7617              |  32|   0|   32|          0|
    |add_ln433_8_reg_7622              |  32|   0|   32|          0|
    |add_ln433_reg_7577                |  32|   0|   32|          0|
    |add_ln434_12_reg_7642             |  32|   0|   32|          0|
    |add_ln434_1_reg_7597              |  32|   0|   32|          0|
    |add_ln434_5_reg_7602              |  32|   0|   32|          0|
    |add_ln434_7_reg_7632              |  32|   0|   32|          0|
    |add_ln434_8_reg_7637              |  32|   0|   32|          0|
    |add_ln434_reg_7592                |  32|   0|   32|          0|
    |ap_CS_fsm                         |  20|   0|   20|          0|
    |ap_done_reg                       |   1|   0|    1|          0|
    |ap_enable_reg_pp0_iter0_reg       |   1|   0|    1|          0|
    |ap_enable_reg_pp0_iter1           |   1|   0|    1|          0|
    |ap_enable_reg_pp0_iter2           |   1|   0|    1|          0|
    |ap_loop_exit_ready_pp0_iter1_reg  |   1|   0|    1|          0|
    |b_1_fu_1234                       |   6|   0|    6|          0|
    |b_reg_7568                        |   6|   0|    6|          0|
    |conv2_reg_7682                    |  32|   0|   32|          0|
    |conv384_1_reg_7687                |  32|   0|   32|          0|
    |conv389_1_reg_7692                |  32|   0|   32|          0|
    |conv_reg_7677                     |  32|   0|   32|          0|
    |reg_4722                          |  32|   0|   32|          0|
    |reg_4728                          |  32|   0|   32|          0|
    |reg_4734                          |  32|   0|   32|          0|
    |reg_4740                          |  32|   0|   32|          0|
    |reg_4746                          |  32|   0|   32|          0|
    |sm_4_reg_7662                     |  32|   0|   32|          0|
    |sm_6_reg_7672                     |  32|   0|   32|          0|
    |sub392_1_reg_7702                 |  32|   0|   32|          0|
    |sw_7_reg_7657                     |  32|   0|   32|          0|
    |sw_9_reg_7667                     |  32|   0|   32|          0|
    |tmp_311_reg_7607                  |  32|   0|   32|          0|
    |tmp_312_reg_7612                  |  32|   0|   32|          0|
    |tmp_327_reg_7647                  |  32|   0|   32|          0|
    |tmp_328_reg_7652                  |  32|   0|   32|          0|
    |tmp_reg_7573                      |   1|   0|    1|          0|
    |tmp_reg_7573_pp0_iter1_reg        |   1|   0|    1|          0|
    |total_6_fu_1230                   |  32|   0|   32|          0|
    +----------------------------------+----+----+-----+-----------+
    |Total                             |1031|   0| 1031|          0|
    +----------------------------------+----+----+-----+-----------+



================================================================
== Interface
================================================================
* Summary: 
+---------------------------+-----+-----+------------+-----------------------------------------------+--------------+
|         RTL Ports         | Dir | Bits|  Protocol  |                 Source Object                 |    C Type    |
+---------------------------+-----+-----+------------+-----------------------------------------------+--------------+
|ap_clk                     |   in|    1|  ap_ctrl_hs|  mac_blocks_down_q4k7_Pipeline_REDUCE_DOWN_Q4K|  return value|
|ap_rst                     |   in|    1|  ap_ctrl_hs|  mac_blocks_down_q4k7_Pipeline_REDUCE_DOWN_Q4K|  return value|
|ap_start                   |   in|    1|  ap_ctrl_hs|  mac_blocks_down_q4k7_Pipeline_REDUCE_DOWN_Q4K|  return value|
|ap_done                    |  out|    1|  ap_ctrl_hs|  mac_blocks_down_q4k7_Pipeline_REDUCE_DOWN_Q4K|  return value|
|ap_idle                    |  out|    1|  ap_ctrl_hs|  mac_blocks_down_q4k7_Pipeline_REDUCE_DOWN_Q4K|  return value|
|ap_ready                   |  out|    1|  ap_ctrl_hs|  mac_blocks_down_q4k7_Pipeline_REDUCE_DOWN_Q4K|  return value|
|grp_fu_20821_p_din0        |  out|   32|  ap_ctrl_hs|  mac_blocks_down_q4k7_Pipeline_REDUCE_DOWN_Q4K|  return value|
|grp_fu_20821_p_din1        |  out|   32|  ap_ctrl_hs|  mac_blocks_down_q4k7_Pipeline_REDUCE_DOWN_Q4K|  return value|
|grp_fu_20821_p_opcode      |  out|    2|  ap_ctrl_hs|  mac_blocks_down_q4k7_Pipeline_REDUCE_DOWN_Q4K|  return value|
|grp_fu_20821_p_dout0       |   in|   32|  ap_ctrl_hs|  mac_blocks_down_q4k7_Pipeline_REDUCE_DOWN_Q4K|  return value|
|grp_fu_20821_p_ce          |  out|    1|  ap_ctrl_hs|  mac_blocks_down_q4k7_Pipeline_REDUCE_DOWN_Q4K|  return value|
|grp_fu_20825_p_din0        |  out|   32|  ap_ctrl_hs|  mac_blocks_down_q4k7_Pipeline_REDUCE_DOWN_Q4K|  return value|
|grp_fu_20825_p_din1        |  out|   32|  ap_ctrl_hs|  mac_blocks_down_q4k7_Pipeline_REDUCE_DOWN_Q4K|  return value|
|grp_fu_20825_p_dout0       |   in|   32|  ap_ctrl_hs|  mac_blocks_down_q4k7_Pipeline_REDUCE_DOWN_Q4K|  return value|
|grp_fu_20825_p_ce          |  out|    1|  ap_ctrl_hs|  mac_blocks_down_q4k7_Pipeline_REDUCE_DOWN_Q4K|  return value|
|grp_fu_20829_p_din0        |  out|   32|  ap_ctrl_hs|  mac_blocks_down_q4k7_Pipeline_REDUCE_DOWN_Q4K|  return value|
|grp_fu_20829_p_dout0       |   in|   32|  ap_ctrl_hs|  mac_blocks_down_q4k7_Pipeline_REDUCE_DOWN_Q4K|  return value|
|grp_fu_20829_p_ce          |  out|    1|  ap_ctrl_hs|  mac_blocks_down_q4k7_Pipeline_REDUCE_DOWN_Q4K|  return value|
|int_acc_w_load_reload      |   in|   32|     ap_none|                          int_acc_w_load_reload|        scalar|
|int_acc_w_159_load_reload  |   in|   32|     ap_none|                      int_acc_w_159_load_reload|        scalar|
|int_acc_w_175_load_reload  |   in|   32|     ap_none|                      int_acc_w_175_load_reload|        scalar|
|int_acc_w_191_load_reload  |   in|   32|     ap_none|                      int_acc_w_191_load_reload|        scalar|
|int_acc_w_207_load_reload  |   in|   32|     ap_none|                      int_acc_w_207_load_reload|        scalar|
|int_acc_w_223_load_reload  |   in|   32|     ap_none|                      int_acc_w_223_load_reload|        scalar|
|int_acc_w_239_load_reload  |   in|   32|     ap_none|                      int_acc_w_239_load_reload|        scalar|
|int_acc_w_255_load_reload  |   in|   32|     ap_none|                      int_acc_w_255_load_reload|        scalar|
|int_acc_w_271_load_reload  |   in|   32|     ap_none|                      int_acc_w_271_load_reload|        scalar|
|int_acc_w_287_load_reload  |   in|   32|     ap_none|                      int_acc_w_287_load_reload|        scalar|
|int_acc_w_303_load_reload  |   in|   32|     ap_none|                      int_acc_w_303_load_reload|        scalar|
|int_acc_w_319_load_reload  |   in|   32|     ap_none|                      int_acc_w_319_load_reload|        scalar|
|int_acc_w_335_load_reload  |   in|   32|     ap_none|                      int_acc_w_335_load_reload|        scalar|
|int_acc_w_351_load_reload  |   in|   32|     ap_none|                      int_acc_w_351_load_reload|        scalar|
|int_acc_w_367_load_reload  |   in|   32|     ap_none|                      int_acc_w_367_load_reload|        scalar|
|int_acc_w_383_load_reload  |   in|   32|     ap_none|                      int_acc_w_383_load_reload|        scalar|
|int_acc_m_load_reload      |   in|   32|     ap_none|                          int_acc_m_load_reload|        scalar|
|int_acc_m_159_load_reload  |   in|   32|     ap_none|                      int_acc_m_159_load_reload|        scalar|
|int_acc_m_175_load_reload  |   in|   32|     ap_none|                      int_acc_m_175_load_reload|        scalar|
|int_acc_m_191_load_reload  |   in|   32|     ap_none|                      int_acc_m_191_load_reload|        scalar|
|int_acc_m_207_load_reload  |   in|   32|     ap_none|                      int_acc_m_207_load_reload|        scalar|
|int_acc_m_223_load_reload  |   in|   32|     ap_none|                      int_acc_m_223_load_reload|        scalar|
|int_acc_m_239_load_reload  |   in|   32|     ap_none|                      int_acc_m_239_load_reload|        scalar|
|int_acc_m_255_load_reload  |   in|   32|     ap_none|                      int_acc_m_255_load_reload|        scalar|
|int_acc_m_271_load_reload  |   in|   32|     ap_none|                      int_acc_m_271_load_reload|        scalar|
|int_acc_m_287_load_reload  |   in|   32|     ap_none|                      int_acc_m_287_load_reload|        scalar|
|int_acc_m_303_load_reload  |   in|   32|     ap_none|                      int_acc_m_303_load_reload|        scalar|
|int_acc_m_319_load_reload  |   in|   32|     ap_none|                      int_acc_m_319_load_reload|        scalar|
|int_acc_m_335_load_reload  |   in|   32|     ap_none|                      int_acc_m_335_load_reload|        scalar|
|int_acc_m_351_load_reload  |   in|   32|     ap_none|                      int_acc_m_351_load_reload|        scalar|
|int_acc_m_367_load_reload  |   in|   32|     ap_none|                      int_acc_m_367_load_reload|        scalar|
|int_acc_m_383_load_reload  |   in|   32|     ap_none|                      int_acc_m_383_load_reload|        scalar|
|int_acc_w_144_load_reload  |   in|   32|     ap_none|                      int_acc_w_144_load_reload|        scalar|
|int_acc_w_160_load_reload  |   in|   32|     ap_none|                      int_acc_w_160_load_reload|        scalar|
|int_acc_w_176_load_reload  |   in|   32|     ap_none|                      int_acc_w_176_load_reload|        scalar|
|int_acc_w_192_load_reload  |   in|   32|     ap_none|                      int_acc_w_192_load_reload|        scalar|
|int_acc_w_208_load_reload  |   in|   32|     ap_none|                      int_acc_w_208_load_reload|        scalar|
|int_acc_w_224_load_reload  |   in|   32|     ap_none|                      int_acc_w_224_load_reload|        scalar|
|int_acc_w_240_load_reload  |   in|   32|     ap_none|                      int_acc_w_240_load_reload|        scalar|
|int_acc_w_256_load_reload  |   in|   32|     ap_none|                      int_acc_w_256_load_reload|        scalar|
|int_acc_w_272_load_reload  |   in|   32|     ap_none|                      int_acc_w_272_load_reload|        scalar|
|int_acc_w_288_load_reload  |   in|   32|     ap_none|                      int_acc_w_288_load_reload|        scalar|
|int_acc_w_304_load_reload  |   in|   32|     ap_none|                      int_acc_w_304_load_reload|        scalar|
|int_acc_w_320_load_reload  |   in|   32|     ap_none|                      int_acc_w_320_load_reload|        scalar|
|int_acc_w_336_load_reload  |   in|   32|     ap_none|                      int_acc_w_336_load_reload|        scalar|
|int_acc_w_352_load_reload  |   in|   32|     ap_none|                      int_acc_w_352_load_reload|        scalar|
|int_acc_w_368_load_reload  |   in|   32|     ap_none|                      int_acc_w_368_load_reload|        scalar|
|int_acc_w_384_load_reload  |   in|   32|     ap_none|                      int_acc_w_384_load_reload|        scalar|
|int_acc_m_144_load_reload  |   in|   32|     ap_none|                      int_acc_m_144_load_reload|        scalar|
|int_acc_m_160_load_reload  |   in|   32|     ap_none|                      int_acc_m_160_load_reload|        scalar|
|int_acc_m_176_load_reload  |   in|   32|     ap_none|                      int_acc_m_176_load_reload|        scalar|
|int_acc_m_192_load_reload  |   in|   32|     ap_none|                      int_acc_m_192_load_reload|        scalar|
|int_acc_m_208_load_reload  |   in|   32|     ap_none|                      int_acc_m_208_load_reload|        scalar|
|int_acc_m_224_load_reload  |   in|   32|     ap_none|                      int_acc_m_224_load_reload|        scalar|
|int_acc_m_240_load_reload  |   in|   32|     ap_none|                      int_acc_m_240_load_reload|        scalar|
|int_acc_m_256_load_reload  |   in|   32|     ap_none|                      int_acc_m_256_load_reload|        scalar|
|int_acc_m_272_load_reload  |   in|   32|     ap_none|                      int_acc_m_272_load_reload|        scalar|
|int_acc_m_288_load_reload  |   in|   32|     ap_none|                      int_acc_m_288_load_reload|        scalar|
|int_acc_m_304_load_reload  |   in|   32|     ap_none|                      int_acc_m_304_load_reload|        scalar|
|int_acc_m_320_load_reload  |   in|   32|     ap_none|                      int_acc_m_320_load_reload|        scalar|
|int_acc_m_336_load_reload  |   in|   32|     ap_none|                      int_acc_m_336_load_reload|        scalar|
|int_acc_m_352_load_reload  |   in|   32|     ap_none|                      int_acc_m_352_load_reload|        scalar|
|int_acc_m_368_load_reload  |   in|   32|     ap_none|                      int_acc_m_368_load_reload|        scalar|
|int_acc_m_384_load_reload  |   in|   32|     ap_none|                      int_acc_m_384_load_reload|        scalar|
|int_acc_w_145_load_reload  |   in|   32|     ap_none|                      int_acc_w_145_load_reload|        scalar|
|int_acc_w_161_load_reload  |   in|   32|     ap_none|                      int_acc_w_161_load_reload|        scalar|
|int_acc_w_177_load_reload  |   in|   32|     ap_none|                      int_acc_w_177_load_reload|        scalar|
|int_acc_w_193_load_reload  |   in|   32|     ap_none|                      int_acc_w_193_load_reload|        scalar|
|int_acc_w_209_load_reload  |   in|   32|     ap_none|                      int_acc_w_209_load_reload|        scalar|
|int_acc_w_225_load_reload  |   in|   32|     ap_none|                      int_acc_w_225_load_reload|        scalar|
|int_acc_w_241_load_reload  |   in|   32|     ap_none|                      int_acc_w_241_load_reload|        scalar|
|int_acc_w_257_load_reload  |   in|   32|     ap_none|                      int_acc_w_257_load_reload|        scalar|
|int_acc_w_273_load_reload  |   in|   32|     ap_none|                      int_acc_w_273_load_reload|        scalar|
|int_acc_w_289_load_reload  |   in|   32|     ap_none|                      int_acc_w_289_load_reload|        scalar|
|int_acc_w_305_load_reload  |   in|   32|     ap_none|                      int_acc_w_305_load_reload|        scalar|
|int_acc_w_321_load_reload  |   in|   32|     ap_none|                      int_acc_w_321_load_reload|        scalar|
|int_acc_w_337_load_reload  |   in|   32|     ap_none|                      int_acc_w_337_load_reload|        scalar|
|int_acc_w_353_load_reload  |   in|   32|     ap_none|                      int_acc_w_353_load_reload|        scalar|
|int_acc_w_369_load_reload  |   in|   32|     ap_none|                      int_acc_w_369_load_reload|        scalar|
|int_acc_w_385_load_reload  |   in|   32|     ap_none|                      int_acc_w_385_load_reload|        scalar|
|int_acc_m_145_load_reload  |   in|   32|     ap_none|                      int_acc_m_145_load_reload|        scalar|
|int_acc_m_161_load_reload  |   in|   32|     ap_none|                      int_acc_m_161_load_reload|        scalar|
|int_acc_m_177_load_reload  |   in|   32|     ap_none|                      int_acc_m_177_load_reload|        scalar|
|int_acc_m_193_load_reload  |   in|   32|     ap_none|                      int_acc_m_193_load_reload|        scalar|
|int_acc_m_209_load_reload  |   in|   32|     ap_none|                      int_acc_m_209_load_reload|        scalar|
|int_acc_m_225_load_reload  |   in|   32|     ap_none|                      int_acc_m_225_load_reload|        scalar|
|int_acc_m_241_load_reload  |   in|   32|     ap_none|                      int_acc_m_241_load_reload|        scalar|
|int_acc_m_257_load_reload  |   in|   32|     ap_none|                      int_acc_m_257_load_reload|        scalar|
|int_acc_m_273_load_reload  |   in|   32|     ap_none|                      int_acc_m_273_load_reload|        scalar|
|int_acc_m_289_load_reload  |   in|   32|     ap_none|                      int_acc_m_289_load_reload|        scalar|
|int_acc_m_305_load_reload  |   in|   32|     ap_none|                      int_acc_m_305_load_reload|        scalar|
|int_acc_m_321_load_reload  |   in|   32|     ap_none|                      int_acc_m_321_load_reload|        scalar|
|int_acc_m_337_load_reload  |   in|   32|     ap_none|                      int_acc_m_337_load_reload|        scalar|
|int_acc_m_353_load_reload  |   in|   32|     ap_none|                      int_acc_m_353_load_reload|        scalar|
|int_acc_m_369_load_reload  |   in|   32|     ap_none|                      int_acc_m_369_load_reload|        scalar|
|int_acc_m_385_load_reload  |   in|   32|     ap_none|                      int_acc_m_385_load_reload|        scalar|
|int_acc_w_146_load_reload  |   in|   32|     ap_none|                      int_acc_w_146_load_reload|        scalar|
|int_acc_w_162_load_reload  |   in|   32|     ap_none|                      int_acc_w_162_load_reload|        scalar|
|int_acc_w_178_load_reload  |   in|   32|     ap_none|                      int_acc_w_178_load_reload|        scalar|
|int_acc_w_194_load_reload  |   in|   32|     ap_none|                      int_acc_w_194_load_reload|        scalar|
|int_acc_w_210_load_reload  |   in|   32|     ap_none|                      int_acc_w_210_load_reload|        scalar|
|int_acc_w_226_load_reload  |   in|   32|     ap_none|                      int_acc_w_226_load_reload|        scalar|
|int_acc_w_242_load_reload  |   in|   32|     ap_none|                      int_acc_w_242_load_reload|        scalar|
|int_acc_w_258_load_reload  |   in|   32|     ap_none|                      int_acc_w_258_load_reload|        scalar|
|int_acc_w_274_load_reload  |   in|   32|     ap_none|                      int_acc_w_274_load_reload|        scalar|
|int_acc_w_290_load_reload  |   in|   32|     ap_none|                      int_acc_w_290_load_reload|        scalar|
|int_acc_w_306_load_reload  |   in|   32|     ap_none|                      int_acc_w_306_load_reload|        scalar|
|int_acc_w_322_load_reload  |   in|   32|     ap_none|                      int_acc_w_322_load_reload|        scalar|
|int_acc_w_338_load_reload  |   in|   32|     ap_none|                      int_acc_w_338_load_reload|        scalar|
|int_acc_w_354_load_reload  |   in|   32|     ap_none|                      int_acc_w_354_load_reload|        scalar|
|int_acc_w_370_load_reload  |   in|   32|     ap_none|                      int_acc_w_370_load_reload|        scalar|
|int_acc_w_386_load_reload  |   in|   32|     ap_none|                      int_acc_w_386_load_reload|        scalar|
|int_acc_m_146_load_reload  |   in|   32|     ap_none|                      int_acc_m_146_load_reload|        scalar|
|int_acc_m_162_load_reload  |   in|   32|     ap_none|                      int_acc_m_162_load_reload|        scalar|
|int_acc_m_178_load_reload  |   in|   32|     ap_none|                      int_acc_m_178_load_reload|        scalar|
|int_acc_m_194_load_reload  |   in|   32|     ap_none|                      int_acc_m_194_load_reload|        scalar|
|int_acc_m_210_load_reload  |   in|   32|     ap_none|                      int_acc_m_210_load_reload|        scalar|
|int_acc_m_226_load_reload  |   in|   32|     ap_none|                      int_acc_m_226_load_reload|        scalar|
|int_acc_m_242_load_reload  |   in|   32|     ap_none|                      int_acc_m_242_load_reload|        scalar|
|int_acc_m_258_load_reload  |   in|   32|     ap_none|                      int_acc_m_258_load_reload|        scalar|
|int_acc_m_274_load_reload  |   in|   32|     ap_none|                      int_acc_m_274_load_reload|        scalar|
|int_acc_m_290_load_reload  |   in|   32|     ap_none|                      int_acc_m_290_load_reload|        scalar|
|int_acc_m_306_load_reload  |   in|   32|     ap_none|                      int_acc_m_306_load_reload|        scalar|
|int_acc_m_322_load_reload  |   in|   32|     ap_none|                      int_acc_m_322_load_reload|        scalar|
|int_acc_m_338_load_reload  |   in|   32|     ap_none|                      int_acc_m_338_load_reload|        scalar|
|int_acc_m_354_load_reload  |   in|   32|     ap_none|                      int_acc_m_354_load_reload|        scalar|
|int_acc_m_370_load_reload  |   in|   32|     ap_none|                      int_acc_m_370_load_reload|        scalar|
|int_acc_m_386_load_reload  |   in|   32|     ap_none|                      int_acc_m_386_load_reload|        scalar|
|int_acc_w_147_load_reload  |   in|   32|     ap_none|                      int_acc_w_147_load_reload|        scalar|
|int_acc_w_163_load_reload  |   in|   32|     ap_none|                      int_acc_w_163_load_reload|        scalar|
|int_acc_w_179_load_reload  |   in|   32|     ap_none|                      int_acc_w_179_load_reload|        scalar|
|int_acc_w_195_load_reload  |   in|   32|     ap_none|                      int_acc_w_195_load_reload|        scalar|
|int_acc_w_211_load_reload  |   in|   32|     ap_none|                      int_acc_w_211_load_reload|        scalar|
|int_acc_w_227_load_reload  |   in|   32|     ap_none|                      int_acc_w_227_load_reload|        scalar|
|int_acc_w_243_load_reload  |   in|   32|     ap_none|                      int_acc_w_243_load_reload|        scalar|
|int_acc_w_259_load_reload  |   in|   32|     ap_none|                      int_acc_w_259_load_reload|        scalar|
|int_acc_w_275_load_reload  |   in|   32|     ap_none|                      int_acc_w_275_load_reload|        scalar|
|int_acc_w_291_load_reload  |   in|   32|     ap_none|                      int_acc_w_291_load_reload|        scalar|
|int_acc_w_307_load_reload  |   in|   32|     ap_none|                      int_acc_w_307_load_reload|        scalar|
|int_acc_w_323_load_reload  |   in|   32|     ap_none|                      int_acc_w_323_load_reload|        scalar|
|int_acc_w_339_load_reload  |   in|   32|     ap_none|                      int_acc_w_339_load_reload|        scalar|
|int_acc_w_355_load_reload  |   in|   32|     ap_none|                      int_acc_w_355_load_reload|        scalar|
|int_acc_w_371_load_reload  |   in|   32|     ap_none|                      int_acc_w_371_load_reload|        scalar|
|int_acc_w_387_load_reload  |   in|   32|     ap_none|                      int_acc_w_387_load_reload|        scalar|
|int_acc_m_147_load_reload  |   in|   32|     ap_none|                      int_acc_m_147_load_reload|        scalar|
|int_acc_m_163_load_reload  |   in|   32|     ap_none|                      int_acc_m_163_load_reload|        scalar|
|int_acc_m_179_load_reload  |   in|   32|     ap_none|                      int_acc_m_179_load_reload|        scalar|
|int_acc_m_195_load_reload  |   in|   32|     ap_none|                      int_acc_m_195_load_reload|        scalar|
|int_acc_m_211_load_reload  |   in|   32|     ap_none|                      int_acc_m_211_load_reload|        scalar|
|int_acc_m_227_load_reload  |   in|   32|     ap_none|                      int_acc_m_227_load_reload|        scalar|
|int_acc_m_243_load_reload  |   in|   32|     ap_none|                      int_acc_m_243_load_reload|        scalar|
|int_acc_m_259_load_reload  |   in|   32|     ap_none|                      int_acc_m_259_load_reload|        scalar|
|int_acc_m_275_load_reload  |   in|   32|     ap_none|                      int_acc_m_275_load_reload|        scalar|
|int_acc_m_291_load_reload  |   in|   32|     ap_none|                      int_acc_m_291_load_reload|        scalar|
|int_acc_m_307_load_reload  |   in|   32|     ap_none|                      int_acc_m_307_load_reload|        scalar|
|int_acc_m_323_load_reload  |   in|   32|     ap_none|                      int_acc_m_323_load_reload|        scalar|
|int_acc_m_339_load_reload  |   in|   32|     ap_none|                      int_acc_m_339_load_reload|        scalar|
|int_acc_m_355_load_reload  |   in|   32|     ap_none|                      int_acc_m_355_load_reload|        scalar|
|int_acc_m_371_load_reload  |   in|   32|     ap_none|                      int_acc_m_371_load_reload|        scalar|
|int_acc_m_387_load_reload  |   in|   32|     ap_none|                      int_acc_m_387_load_reload|        scalar|
|int_acc_w_148_load_reload  |   in|   32|     ap_none|                      int_acc_w_148_load_reload|        scalar|
|int_acc_w_164_load_reload  |   in|   32|     ap_none|                      int_acc_w_164_load_reload|        scalar|
|int_acc_w_180_load_reload  |   in|   32|     ap_none|                      int_acc_w_180_load_reload|        scalar|
|int_acc_w_196_load_reload  |   in|   32|     ap_none|                      int_acc_w_196_load_reload|        scalar|
|int_acc_w_212_load_reload  |   in|   32|     ap_none|                      int_acc_w_212_load_reload|        scalar|
|int_acc_w_228_load_reload  |   in|   32|     ap_none|                      int_acc_w_228_load_reload|        scalar|
|int_acc_w_244_load_reload  |   in|   32|     ap_none|                      int_acc_w_244_load_reload|        scalar|
|int_acc_w_260_load_reload  |   in|   32|     ap_none|                      int_acc_w_260_load_reload|        scalar|
|int_acc_w_276_load_reload  |   in|   32|     ap_none|                      int_acc_w_276_load_reload|        scalar|
|int_acc_w_292_load_reload  |   in|   32|     ap_none|                      int_acc_w_292_load_reload|        scalar|
|int_acc_w_308_load_reload  |   in|   32|     ap_none|                      int_acc_w_308_load_reload|        scalar|
|int_acc_w_324_load_reload  |   in|   32|     ap_none|                      int_acc_w_324_load_reload|        scalar|
|int_acc_w_340_load_reload  |   in|   32|     ap_none|                      int_acc_w_340_load_reload|        scalar|
|int_acc_w_356_load_reload  |   in|   32|     ap_none|                      int_acc_w_356_load_reload|        scalar|
|int_acc_w_372_load_reload  |   in|   32|     ap_none|                      int_acc_w_372_load_reload|        scalar|
|int_acc_w_388_load_reload  |   in|   32|     ap_none|                      int_acc_w_388_load_reload|        scalar|
|int_acc_m_148_load_reload  |   in|   32|     ap_none|                      int_acc_m_148_load_reload|        scalar|
|int_acc_m_164_load_reload  |   in|   32|     ap_none|                      int_acc_m_164_load_reload|        scalar|
|int_acc_m_180_load_reload  |   in|   32|     ap_none|                      int_acc_m_180_load_reload|        scalar|
|int_acc_m_196_load_reload  |   in|   32|     ap_none|                      int_acc_m_196_load_reload|        scalar|
|int_acc_m_212_load_reload  |   in|   32|     ap_none|                      int_acc_m_212_load_reload|        scalar|
|int_acc_m_228_load_reload  |   in|   32|     ap_none|                      int_acc_m_228_load_reload|        scalar|
|int_acc_m_244_load_reload  |   in|   32|     ap_none|                      int_acc_m_244_load_reload|        scalar|
|int_acc_m_260_load_reload  |   in|   32|     ap_none|                      int_acc_m_260_load_reload|        scalar|
|int_acc_m_276_load_reload  |   in|   32|     ap_none|                      int_acc_m_276_load_reload|        scalar|
|int_acc_m_292_load_reload  |   in|   32|     ap_none|                      int_acc_m_292_load_reload|        scalar|
|int_acc_m_308_load_reload  |   in|   32|     ap_none|                      int_acc_m_308_load_reload|        scalar|
|int_acc_m_324_load_reload  |   in|   32|     ap_none|                      int_acc_m_324_load_reload|        scalar|
|int_acc_m_340_load_reload  |   in|   32|     ap_none|                      int_acc_m_340_load_reload|        scalar|
|int_acc_m_356_load_reload  |   in|   32|     ap_none|                      int_acc_m_356_load_reload|        scalar|
|int_acc_m_372_load_reload  |   in|   32|     ap_none|                      int_acc_m_372_load_reload|        scalar|
|int_acc_m_388_load_reload  |   in|   32|     ap_none|                      int_acc_m_388_load_reload|        scalar|
|int_acc_w_149_load_reload  |   in|   32|     ap_none|                      int_acc_w_149_load_reload|        scalar|
|int_acc_w_165_load_reload  |   in|   32|     ap_none|                      int_acc_w_165_load_reload|        scalar|
|int_acc_w_181_load_reload  |   in|   32|     ap_none|                      int_acc_w_181_load_reload|        scalar|
|int_acc_w_197_load_reload  |   in|   32|     ap_none|                      int_acc_w_197_load_reload|        scalar|
|int_acc_w_213_load_reload  |   in|   32|     ap_none|                      int_acc_w_213_load_reload|        scalar|
|int_acc_w_229_load_reload  |   in|   32|     ap_none|                      int_acc_w_229_load_reload|        scalar|
|int_acc_w_245_load_reload  |   in|   32|     ap_none|                      int_acc_w_245_load_reload|        scalar|
|int_acc_w_261_load_reload  |   in|   32|     ap_none|                      int_acc_w_261_load_reload|        scalar|
|int_acc_w_277_load_reload  |   in|   32|     ap_none|                      int_acc_w_277_load_reload|        scalar|
|int_acc_w_293_load_reload  |   in|   32|     ap_none|                      int_acc_w_293_load_reload|        scalar|
|int_acc_w_309_load_reload  |   in|   32|     ap_none|                      int_acc_w_309_load_reload|        scalar|
|int_acc_w_325_load_reload  |   in|   32|     ap_none|                      int_acc_w_325_load_reload|        scalar|
|int_acc_w_341_load_reload  |   in|   32|     ap_none|                      int_acc_w_341_load_reload|        scalar|
|int_acc_w_357_load_reload  |   in|   32|     ap_none|                      int_acc_w_357_load_reload|        scalar|
|int_acc_w_373_load_reload  |   in|   32|     ap_none|                      int_acc_w_373_load_reload|        scalar|
|int_acc_w_389_load_reload  |   in|   32|     ap_none|                      int_acc_w_389_load_reload|        scalar|
|int_acc_m_149_load_reload  |   in|   32|     ap_none|                      int_acc_m_149_load_reload|        scalar|
|int_acc_m_165_load_reload  |   in|   32|     ap_none|                      int_acc_m_165_load_reload|        scalar|
|int_acc_m_181_load_reload  |   in|   32|     ap_none|                      int_acc_m_181_load_reload|        scalar|
|int_acc_m_197_load_reload  |   in|   32|     ap_none|                      int_acc_m_197_load_reload|        scalar|
|int_acc_m_213_load_reload  |   in|   32|     ap_none|                      int_acc_m_213_load_reload|        scalar|
|int_acc_m_229_load_reload  |   in|   32|     ap_none|                      int_acc_m_229_load_reload|        scalar|
|int_acc_m_245_load_reload  |   in|   32|     ap_none|                      int_acc_m_245_load_reload|        scalar|
|int_acc_m_261_load_reload  |   in|   32|     ap_none|                      int_acc_m_261_load_reload|        scalar|
|int_acc_m_277_load_reload  |   in|   32|     ap_none|                      int_acc_m_277_load_reload|        scalar|
|int_acc_m_293_load_reload  |   in|   32|     ap_none|                      int_acc_m_293_load_reload|        scalar|
|int_acc_m_309_load_reload  |   in|   32|     ap_none|                      int_acc_m_309_load_reload|        scalar|
|int_acc_m_325_load_reload  |   in|   32|     ap_none|                      int_acc_m_325_load_reload|        scalar|
|int_acc_m_341_load_reload  |   in|   32|     ap_none|                      int_acc_m_341_load_reload|        scalar|
|int_acc_m_357_load_reload  |   in|   32|     ap_none|                      int_acc_m_357_load_reload|        scalar|
|int_acc_m_373_load_reload  |   in|   32|     ap_none|                      int_acc_m_373_load_reload|        scalar|
|int_acc_m_389_load_reload  |   in|   32|     ap_none|                      int_acc_m_389_load_reload|        scalar|
|int_acc_w_150_load_reload  |   in|   32|     ap_none|                      int_acc_w_150_load_reload|        scalar|
|int_acc_w_166_load_reload  |   in|   32|     ap_none|                      int_acc_w_166_load_reload|        scalar|
|int_acc_w_182_load_reload  |   in|   32|     ap_none|                      int_acc_w_182_load_reload|        scalar|
|int_acc_w_198_load_reload  |   in|   32|     ap_none|                      int_acc_w_198_load_reload|        scalar|
|int_acc_w_214_load_reload  |   in|   32|     ap_none|                      int_acc_w_214_load_reload|        scalar|
|int_acc_w_230_load_reload  |   in|   32|     ap_none|                      int_acc_w_230_load_reload|        scalar|
|int_acc_w_246_load_reload  |   in|   32|     ap_none|                      int_acc_w_246_load_reload|        scalar|
|int_acc_w_262_load_reload  |   in|   32|     ap_none|                      int_acc_w_262_load_reload|        scalar|
|int_acc_w_278_load_reload  |   in|   32|     ap_none|                      int_acc_w_278_load_reload|        scalar|
|int_acc_w_294_load_reload  |   in|   32|     ap_none|                      int_acc_w_294_load_reload|        scalar|
|int_acc_w_310_load_reload  |   in|   32|     ap_none|                      int_acc_w_310_load_reload|        scalar|
|int_acc_w_326_load_reload  |   in|   32|     ap_none|                      int_acc_w_326_load_reload|        scalar|
|int_acc_w_342_load_reload  |   in|   32|     ap_none|                      int_acc_w_342_load_reload|        scalar|
|int_acc_w_358_load_reload  |   in|   32|     ap_none|                      int_acc_w_358_load_reload|        scalar|
|int_acc_w_374_load_reload  |   in|   32|     ap_none|                      int_acc_w_374_load_reload|        scalar|
|int_acc_w_390_load_reload  |   in|   32|     ap_none|                      int_acc_w_390_load_reload|        scalar|
|int_acc_m_150_load_reload  |   in|   32|     ap_none|                      int_acc_m_150_load_reload|        scalar|
|int_acc_m_166_load_reload  |   in|   32|     ap_none|                      int_acc_m_166_load_reload|        scalar|
|int_acc_m_182_load_reload  |   in|   32|     ap_none|                      int_acc_m_182_load_reload|        scalar|
|int_acc_m_198_load_reload  |   in|   32|     ap_none|                      int_acc_m_198_load_reload|        scalar|
|int_acc_m_214_load_reload  |   in|   32|     ap_none|                      int_acc_m_214_load_reload|        scalar|
|int_acc_m_230_load_reload  |   in|   32|     ap_none|                      int_acc_m_230_load_reload|        scalar|
|int_acc_m_246_load_reload  |   in|   32|     ap_none|                      int_acc_m_246_load_reload|        scalar|
|int_acc_m_262_load_reload  |   in|   32|     ap_none|                      int_acc_m_262_load_reload|        scalar|
|int_acc_m_278_load_reload  |   in|   32|     ap_none|                      int_acc_m_278_load_reload|        scalar|
|int_acc_m_294_load_reload  |   in|   32|     ap_none|                      int_acc_m_294_load_reload|        scalar|
|int_acc_m_310_load_reload  |   in|   32|     ap_none|                      int_acc_m_310_load_reload|        scalar|
|int_acc_m_326_load_reload  |   in|   32|     ap_none|                      int_acc_m_326_load_reload|        scalar|
|int_acc_m_342_load_reload  |   in|   32|     ap_none|                      int_acc_m_342_load_reload|        scalar|
|int_acc_m_358_load_reload  |   in|   32|     ap_none|                      int_acc_m_358_load_reload|        scalar|
|int_acc_m_374_load_reload  |   in|   32|     ap_none|                      int_acc_m_374_load_reload|        scalar|
|int_acc_m_390_load_reload  |   in|   32|     ap_none|                      int_acc_m_390_load_reload|        scalar|
|d_reload                   |   in|   32|     ap_none|                                       d_reload|        scalar|
|d_33_reload                |   in|   32|     ap_none|                                    d_33_reload|        scalar|
|d_35_reload                |   in|   32|     ap_none|                                    d_35_reload|        scalar|
|d_37_reload                |   in|   32|     ap_none|                                    d_37_reload|        scalar|
|d_39_reload                |   in|   32|     ap_none|                                    d_39_reload|        scalar|
|d_41_reload                |   in|   32|     ap_none|                                    d_41_reload|        scalar|
|d_43_reload                |   in|   32|     ap_none|                                    d_43_reload|        scalar|
|d_45_reload                |   in|   32|     ap_none|                                    d_45_reload|        scalar|
|d_47_reload                |   in|   32|     ap_none|                                    d_47_reload|        scalar|
|d_49_reload                |   in|   32|     ap_none|                                    d_49_reload|        scalar|
|d_51_reload                |   in|   32|     ap_none|                                    d_51_reload|        scalar|
|d_53_reload                |   in|   32|     ap_none|                                    d_53_reload|        scalar|
|d_55_reload                |   in|   32|     ap_none|                                    d_55_reload|        scalar|
|d_57_reload                |   in|   32|     ap_none|                                    d_57_reload|        scalar|
|d_59_reload                |   in|   32|     ap_none|                                    d_59_reload|        scalar|
|d_61_reload                |   in|   32|     ap_none|                                    d_61_reload|        scalar|
|gate_scale                 |   in|   32|     ap_none|                                     gate_scale|        scalar|
|dmin_reload                |   in|   32|     ap_none|                                    dmin_reload|        scalar|
|dmin_33_reload             |   in|   32|     ap_none|                                 dmin_33_reload|        scalar|
|dmin_35_reload             |   in|   32|     ap_none|                                 dmin_35_reload|        scalar|
|dmin_37_reload             |   in|   32|     ap_none|                                 dmin_37_reload|        scalar|
|dmin_39_reload             |   in|   32|     ap_none|                                 dmin_39_reload|        scalar|
|dmin_41_reload             |   in|   32|     ap_none|                                 dmin_41_reload|        scalar|
|dmin_43_reload             |   in|   32|     ap_none|                                 dmin_43_reload|        scalar|
|dmin_45_reload             |   in|   32|     ap_none|                                 dmin_45_reload|        scalar|
|dmin_47_reload             |   in|   32|     ap_none|                                 dmin_47_reload|        scalar|
|dmin_49_reload             |   in|   32|     ap_none|                                 dmin_49_reload|        scalar|
|dmin_51_reload             |   in|   32|     ap_none|                                 dmin_51_reload|        scalar|
|dmin_53_reload             |   in|   32|     ap_none|                                 dmin_53_reload|        scalar|
|dmin_55_reload             |   in|   32|     ap_none|                                 dmin_55_reload|        scalar|
|dmin_57_reload             |   in|   32|     ap_none|                                 dmin_57_reload|        scalar|
|dmin_59_reload             |   in|   32|     ap_none|                                 dmin_59_reload|        scalar|
|dmin_61_reload             |   in|   32|     ap_none|                                 dmin_61_reload|        scalar|
|int_acc_w_151_load_reload  |   in|   32|     ap_none|                      int_acc_w_151_load_reload|        scalar|
|int_acc_w_167_load_reload  |   in|   32|     ap_none|                      int_acc_w_167_load_reload|        scalar|
|int_acc_w_183_load_reload  |   in|   32|     ap_none|                      int_acc_w_183_load_reload|        scalar|
|int_acc_w_199_load_reload  |   in|   32|     ap_none|                      int_acc_w_199_load_reload|        scalar|
|int_acc_w_215_load_reload  |   in|   32|     ap_none|                      int_acc_w_215_load_reload|        scalar|
|int_acc_w_231_load_reload  |   in|   32|     ap_none|                      int_acc_w_231_load_reload|        scalar|
|int_acc_w_247_load_reload  |   in|   32|     ap_none|                      int_acc_w_247_load_reload|        scalar|
|int_acc_w_263_load_reload  |   in|   32|     ap_none|                      int_acc_w_263_load_reload|        scalar|
|int_acc_w_279_load_reload  |   in|   32|     ap_none|                      int_acc_w_279_load_reload|        scalar|
|int_acc_w_295_load_reload  |   in|   32|     ap_none|                      int_acc_w_295_load_reload|        scalar|
|int_acc_w_311_load_reload  |   in|   32|     ap_none|                      int_acc_w_311_load_reload|        scalar|
|int_acc_w_327_load_reload  |   in|   32|     ap_none|                      int_acc_w_327_load_reload|        scalar|
|int_acc_w_343_load_reload  |   in|   32|     ap_none|                      int_acc_w_343_load_reload|        scalar|
|int_acc_w_359_load_reload  |   in|   32|     ap_none|                      int_acc_w_359_load_reload|        scalar|
|int_acc_w_375_load_reload  |   in|   32|     ap_none|                      int_acc_w_375_load_reload|        scalar|
|int_acc_w_391_load_reload  |   in|   32|     ap_none|                      int_acc_w_391_load_reload|        scalar|
|int_acc_m_151_load_reload  |   in|   32|     ap_none|                      int_acc_m_151_load_reload|        scalar|
|int_acc_m_167_load_reload  |   in|   32|     ap_none|                      int_acc_m_167_load_reload|        scalar|
|int_acc_m_183_load_reload  |   in|   32|     ap_none|                      int_acc_m_183_load_reload|        scalar|
|int_acc_m_199_load_reload  |   in|   32|     ap_none|                      int_acc_m_199_load_reload|        scalar|
|int_acc_m_215_load_reload  |   in|   32|     ap_none|                      int_acc_m_215_load_reload|        scalar|
|int_acc_m_231_load_reload  |   in|   32|     ap_none|                      int_acc_m_231_load_reload|        scalar|
|int_acc_m_247_load_reload  |   in|   32|     ap_none|                      int_acc_m_247_load_reload|        scalar|
|int_acc_m_263_load_reload  |   in|   32|     ap_none|                      int_acc_m_263_load_reload|        scalar|
|int_acc_m_279_load_reload  |   in|   32|     ap_none|                      int_acc_m_279_load_reload|        scalar|
|int_acc_m_295_load_reload  |   in|   32|     ap_none|                      int_acc_m_295_load_reload|        scalar|
|int_acc_m_311_load_reload  |   in|   32|     ap_none|                      int_acc_m_311_load_reload|        scalar|
|int_acc_m_327_load_reload  |   in|   32|     ap_none|                      int_acc_m_327_load_reload|        scalar|
|int_acc_m_343_load_reload  |   in|   32|     ap_none|                      int_acc_m_343_load_reload|        scalar|
|int_acc_m_359_load_reload  |   in|   32|     ap_none|                      int_acc_m_359_load_reload|        scalar|
|int_acc_m_375_load_reload  |   in|   32|     ap_none|                      int_acc_m_375_load_reload|        scalar|
|int_acc_m_391_load_reload  |   in|   32|     ap_none|                      int_acc_m_391_load_reload|        scalar|
|int_acc_w_152_load_reload  |   in|   32|     ap_none|                      int_acc_w_152_load_reload|        scalar|
|int_acc_w_168_load_reload  |   in|   32|     ap_none|                      int_acc_w_168_load_reload|        scalar|
|int_acc_w_184_load_reload  |   in|   32|     ap_none|                      int_acc_w_184_load_reload|        scalar|
|int_acc_w_200_load_reload  |   in|   32|     ap_none|                      int_acc_w_200_load_reload|        scalar|
|int_acc_w_216_load_reload  |   in|   32|     ap_none|                      int_acc_w_216_load_reload|        scalar|
|int_acc_w_232_load_reload  |   in|   32|     ap_none|                      int_acc_w_232_load_reload|        scalar|
|int_acc_w_248_load_reload  |   in|   32|     ap_none|                      int_acc_w_248_load_reload|        scalar|
|int_acc_w_264_load_reload  |   in|   32|     ap_none|                      int_acc_w_264_load_reload|        scalar|
|int_acc_w_280_load_reload  |   in|   32|     ap_none|                      int_acc_w_280_load_reload|        scalar|
|int_acc_w_296_load_reload  |   in|   32|     ap_none|                      int_acc_w_296_load_reload|        scalar|
|int_acc_w_312_load_reload  |   in|   32|     ap_none|                      int_acc_w_312_load_reload|        scalar|
|int_acc_w_328_load_reload  |   in|   32|     ap_none|                      int_acc_w_328_load_reload|        scalar|
|int_acc_w_344_load_reload  |   in|   32|     ap_none|                      int_acc_w_344_load_reload|        scalar|
|int_acc_w_360_load_reload  |   in|   32|     ap_none|                      int_acc_w_360_load_reload|        scalar|
|int_acc_w_376_load_reload  |   in|   32|     ap_none|                      int_acc_w_376_load_reload|        scalar|
|int_acc_w_392_load_reload  |   in|   32|     ap_none|                      int_acc_w_392_load_reload|        scalar|
|int_acc_m_152_load_reload  |   in|   32|     ap_none|                      int_acc_m_152_load_reload|        scalar|
|int_acc_m_168_load_reload  |   in|   32|     ap_none|                      int_acc_m_168_load_reload|        scalar|
|int_acc_m_184_load_reload  |   in|   32|     ap_none|                      int_acc_m_184_load_reload|        scalar|
|int_acc_m_200_load_reload  |   in|   32|     ap_none|                      int_acc_m_200_load_reload|        scalar|
|int_acc_m_216_load_reload  |   in|   32|     ap_none|                      int_acc_m_216_load_reload|        scalar|
|int_acc_m_232_load_reload  |   in|   32|     ap_none|                      int_acc_m_232_load_reload|        scalar|
|int_acc_m_248_load_reload  |   in|   32|     ap_none|                      int_acc_m_248_load_reload|        scalar|
|int_acc_m_264_load_reload  |   in|   32|     ap_none|                      int_acc_m_264_load_reload|        scalar|
|int_acc_m_280_load_reload  |   in|   32|     ap_none|                      int_acc_m_280_load_reload|        scalar|
|int_acc_m_296_load_reload  |   in|   32|     ap_none|                      int_acc_m_296_load_reload|        scalar|
|int_acc_m_312_load_reload  |   in|   32|     ap_none|                      int_acc_m_312_load_reload|        scalar|
|int_acc_m_328_load_reload  |   in|   32|     ap_none|                      int_acc_m_328_load_reload|        scalar|
|int_acc_m_344_load_reload  |   in|   32|     ap_none|                      int_acc_m_344_load_reload|        scalar|
|int_acc_m_360_load_reload  |   in|   32|     ap_none|                      int_acc_m_360_load_reload|        scalar|
|int_acc_m_376_load_reload  |   in|   32|     ap_none|                      int_acc_m_376_load_reload|        scalar|
|int_acc_m_392_load_reload  |   in|   32|     ap_none|                      int_acc_m_392_load_reload|        scalar|
|int_acc_w_153_load_reload  |   in|   32|     ap_none|                      int_acc_w_153_load_reload|        scalar|
|int_acc_w_169_load_reload  |   in|   32|     ap_none|                      int_acc_w_169_load_reload|        scalar|
|int_acc_w_185_load_reload  |   in|   32|     ap_none|                      int_acc_w_185_load_reload|        scalar|
|int_acc_w_201_load_reload  |   in|   32|     ap_none|                      int_acc_w_201_load_reload|        scalar|
|int_acc_w_217_load_reload  |   in|   32|     ap_none|                      int_acc_w_217_load_reload|        scalar|
|int_acc_w_233_load_reload  |   in|   32|     ap_none|                      int_acc_w_233_load_reload|        scalar|
|int_acc_w_249_load_reload  |   in|   32|     ap_none|                      int_acc_w_249_load_reload|        scalar|
|int_acc_w_265_load_reload  |   in|   32|     ap_none|                      int_acc_w_265_load_reload|        scalar|
|int_acc_w_281_load_reload  |   in|   32|     ap_none|                      int_acc_w_281_load_reload|        scalar|
|int_acc_w_297_load_reload  |   in|   32|     ap_none|                      int_acc_w_297_load_reload|        scalar|
|int_acc_w_313_load_reload  |   in|   32|     ap_none|                      int_acc_w_313_load_reload|        scalar|
|int_acc_w_329_load_reload  |   in|   32|     ap_none|                      int_acc_w_329_load_reload|        scalar|
|int_acc_w_345_load_reload  |   in|   32|     ap_none|                      int_acc_w_345_load_reload|        scalar|
|int_acc_w_361_load_reload  |   in|   32|     ap_none|                      int_acc_w_361_load_reload|        scalar|
|int_acc_w_377_load_reload  |   in|   32|     ap_none|                      int_acc_w_377_load_reload|        scalar|
|int_acc_w_393_load_reload  |   in|   32|     ap_none|                      int_acc_w_393_load_reload|        scalar|
|int_acc_m_153_load_reload  |   in|   32|     ap_none|                      int_acc_m_153_load_reload|        scalar|
|int_acc_m_169_load_reload  |   in|   32|     ap_none|                      int_acc_m_169_load_reload|        scalar|
|int_acc_m_185_load_reload  |   in|   32|     ap_none|                      int_acc_m_185_load_reload|        scalar|
|int_acc_m_201_load_reload  |   in|   32|     ap_none|                      int_acc_m_201_load_reload|        scalar|
|int_acc_m_217_load_reload  |   in|   32|     ap_none|                      int_acc_m_217_load_reload|        scalar|
|int_acc_m_233_load_reload  |   in|   32|     ap_none|                      int_acc_m_233_load_reload|        scalar|
|int_acc_m_249_load_reload  |   in|   32|     ap_none|                      int_acc_m_249_load_reload|        scalar|
|int_acc_m_265_load_reload  |   in|   32|     ap_none|                      int_acc_m_265_load_reload|        scalar|
|int_acc_m_281_load_reload  |   in|   32|     ap_none|                      int_acc_m_281_load_reload|        scalar|
|int_acc_m_297_load_reload  |   in|   32|     ap_none|                      int_acc_m_297_load_reload|        scalar|
|int_acc_m_313_load_reload  |   in|   32|     ap_none|                      int_acc_m_313_load_reload|        scalar|
|int_acc_m_329_load_reload  |   in|   32|     ap_none|                      int_acc_m_329_load_reload|        scalar|
|int_acc_m_345_load_reload  |   in|   32|     ap_none|                      int_acc_m_345_load_reload|        scalar|
|int_acc_m_361_load_reload  |   in|   32|     ap_none|                      int_acc_m_361_load_reload|        scalar|
|int_acc_m_377_load_reload  |   in|   32|     ap_none|                      int_acc_m_377_load_reload|        scalar|
|int_acc_m_393_load_reload  |   in|   32|     ap_none|                      int_acc_m_393_load_reload|        scalar|
|int_acc_w_154_load_reload  |   in|   32|     ap_none|                      int_acc_w_154_load_reload|        scalar|
|int_acc_w_170_load_reload  |   in|   32|     ap_none|                      int_acc_w_170_load_reload|        scalar|
|int_acc_w_186_load_reload  |   in|   32|     ap_none|                      int_acc_w_186_load_reload|        scalar|
|int_acc_w_202_load_reload  |   in|   32|     ap_none|                      int_acc_w_202_load_reload|        scalar|
|int_acc_w_218_load_reload  |   in|   32|     ap_none|                      int_acc_w_218_load_reload|        scalar|
|int_acc_w_234_load_reload  |   in|   32|     ap_none|                      int_acc_w_234_load_reload|        scalar|
|int_acc_w_250_load_reload  |   in|   32|     ap_none|                      int_acc_w_250_load_reload|        scalar|
|int_acc_w_266_load_reload  |   in|   32|     ap_none|                      int_acc_w_266_load_reload|        scalar|
|int_acc_w_282_load_reload  |   in|   32|     ap_none|                      int_acc_w_282_load_reload|        scalar|
|int_acc_w_298_load_reload  |   in|   32|     ap_none|                      int_acc_w_298_load_reload|        scalar|
|int_acc_w_314_load_reload  |   in|   32|     ap_none|                      int_acc_w_314_load_reload|        scalar|
|int_acc_w_330_load_reload  |   in|   32|     ap_none|                      int_acc_w_330_load_reload|        scalar|
|int_acc_w_346_load_reload  |   in|   32|     ap_none|                      int_acc_w_346_load_reload|        scalar|
|int_acc_w_362_load_reload  |   in|   32|     ap_none|                      int_acc_w_362_load_reload|        scalar|
|int_acc_w_378_load_reload  |   in|   32|     ap_none|                      int_acc_w_378_load_reload|        scalar|
|int_acc_w_394_load_reload  |   in|   32|     ap_none|                      int_acc_w_394_load_reload|        scalar|
|int_acc_m_154_load_reload  |   in|   32|     ap_none|                      int_acc_m_154_load_reload|        scalar|
|int_acc_m_170_load_reload  |   in|   32|     ap_none|                      int_acc_m_170_load_reload|        scalar|
|int_acc_m_186_load_reload  |   in|   32|     ap_none|                      int_acc_m_186_load_reload|        scalar|
|int_acc_m_202_load_reload  |   in|   32|     ap_none|                      int_acc_m_202_load_reload|        scalar|
|int_acc_m_218_load_reload  |   in|   32|     ap_none|                      int_acc_m_218_load_reload|        scalar|
|int_acc_m_234_load_reload  |   in|   32|     ap_none|                      int_acc_m_234_load_reload|        scalar|
|int_acc_m_250_load_reload  |   in|   32|     ap_none|                      int_acc_m_250_load_reload|        scalar|
|int_acc_m_266_load_reload  |   in|   32|     ap_none|                      int_acc_m_266_load_reload|        scalar|
|int_acc_m_282_load_reload  |   in|   32|     ap_none|                      int_acc_m_282_load_reload|        scalar|
|int_acc_m_298_load_reload  |   in|   32|     ap_none|                      int_acc_m_298_load_reload|        scalar|
|int_acc_m_314_load_reload  |   in|   32|     ap_none|                      int_acc_m_314_load_reload|        scalar|
|int_acc_m_330_load_reload  |   in|   32|     ap_none|                      int_acc_m_330_load_reload|        scalar|
|int_acc_m_346_load_reload  |   in|   32|     ap_none|                      int_acc_m_346_load_reload|        scalar|
|int_acc_m_362_load_reload  |   in|   32|     ap_none|                      int_acc_m_362_load_reload|        scalar|
|int_acc_m_378_load_reload  |   in|   32|     ap_none|                      int_acc_m_378_load_reload|        scalar|
|int_acc_m_394_load_reload  |   in|   32|     ap_none|                      int_acc_m_394_load_reload|        scalar|
|int_acc_w_155_load_reload  |   in|   32|     ap_none|                      int_acc_w_155_load_reload|        scalar|
|int_acc_w_171_load_reload  |   in|   32|     ap_none|                      int_acc_w_171_load_reload|        scalar|
|int_acc_w_187_load_reload  |   in|   32|     ap_none|                      int_acc_w_187_load_reload|        scalar|
|int_acc_w_203_load_reload  |   in|   32|     ap_none|                      int_acc_w_203_load_reload|        scalar|
|int_acc_w_219_load_reload  |   in|   32|     ap_none|                      int_acc_w_219_load_reload|        scalar|
|int_acc_w_235_load_reload  |   in|   32|     ap_none|                      int_acc_w_235_load_reload|        scalar|
|int_acc_w_251_load_reload  |   in|   32|     ap_none|                      int_acc_w_251_load_reload|        scalar|
|int_acc_w_267_load_reload  |   in|   32|     ap_none|                      int_acc_w_267_load_reload|        scalar|
|int_acc_w_283_load_reload  |   in|   32|     ap_none|                      int_acc_w_283_load_reload|        scalar|
|int_acc_w_299_load_reload  |   in|   32|     ap_none|                      int_acc_w_299_load_reload|        scalar|
|int_acc_w_315_load_reload  |   in|   32|     ap_none|                      int_acc_w_315_load_reload|        scalar|
|int_acc_w_331_load_reload  |   in|   32|     ap_none|                      int_acc_w_331_load_reload|        scalar|
|int_acc_w_347_load_reload  |   in|   32|     ap_none|                      int_acc_w_347_load_reload|        scalar|
|int_acc_w_363_load_reload  |   in|   32|     ap_none|                      int_acc_w_363_load_reload|        scalar|
|int_acc_w_379_load_reload  |   in|   32|     ap_none|                      int_acc_w_379_load_reload|        scalar|
|int_acc_w_395_load_reload  |   in|   32|     ap_none|                      int_acc_w_395_load_reload|        scalar|
|int_acc_m_155_load_reload  |   in|   32|     ap_none|                      int_acc_m_155_load_reload|        scalar|
|int_acc_m_171_load_reload  |   in|   32|     ap_none|                      int_acc_m_171_load_reload|        scalar|
|int_acc_m_187_load_reload  |   in|   32|     ap_none|                      int_acc_m_187_load_reload|        scalar|
|int_acc_m_203_load_reload  |   in|   32|     ap_none|                      int_acc_m_203_load_reload|        scalar|
|int_acc_m_219_load_reload  |   in|   32|     ap_none|                      int_acc_m_219_load_reload|        scalar|
|int_acc_m_235_load_reload  |   in|   32|     ap_none|                      int_acc_m_235_load_reload|        scalar|
|int_acc_m_251_load_reload  |   in|   32|     ap_none|                      int_acc_m_251_load_reload|        scalar|
|int_acc_m_267_load_reload  |   in|   32|     ap_none|                      int_acc_m_267_load_reload|        scalar|
|int_acc_m_283_load_reload  |   in|   32|     ap_none|                      int_acc_m_283_load_reload|        scalar|
|int_acc_m_299_load_reload  |   in|   32|     ap_none|                      int_acc_m_299_load_reload|        scalar|
|int_acc_m_315_load_reload  |   in|   32|     ap_none|                      int_acc_m_315_load_reload|        scalar|
|int_acc_m_331_load_reload  |   in|   32|     ap_none|                      int_acc_m_331_load_reload|        scalar|
|int_acc_m_347_load_reload  |   in|   32|     ap_none|                      int_acc_m_347_load_reload|        scalar|
|int_acc_m_363_load_reload  |   in|   32|     ap_none|                      int_acc_m_363_load_reload|        scalar|
|int_acc_m_379_load_reload  |   in|   32|     ap_none|                      int_acc_m_379_load_reload|        scalar|
|int_acc_m_395_load_reload  |   in|   32|     ap_none|                      int_acc_m_395_load_reload|        scalar|
|int_acc_w_156_load_reload  |   in|   32|     ap_none|                      int_acc_w_156_load_reload|        scalar|
|int_acc_w_172_load_reload  |   in|   32|     ap_none|                      int_acc_w_172_load_reload|        scalar|
|int_acc_w_188_load_reload  |   in|   32|     ap_none|                      int_acc_w_188_load_reload|        scalar|
|int_acc_w_204_load_reload  |   in|   32|     ap_none|                      int_acc_w_204_load_reload|        scalar|
|int_acc_w_220_load_reload  |   in|   32|     ap_none|                      int_acc_w_220_load_reload|        scalar|
|int_acc_w_236_load_reload  |   in|   32|     ap_none|                      int_acc_w_236_load_reload|        scalar|
|int_acc_w_252_load_reload  |   in|   32|     ap_none|                      int_acc_w_252_load_reload|        scalar|
|int_acc_w_268_load_reload  |   in|   32|     ap_none|                      int_acc_w_268_load_reload|        scalar|
|int_acc_w_284_load_reload  |   in|   32|     ap_none|                      int_acc_w_284_load_reload|        scalar|
|int_acc_w_300_load_reload  |   in|   32|     ap_none|                      int_acc_w_300_load_reload|        scalar|
|int_acc_w_316_load_reload  |   in|   32|     ap_none|                      int_acc_w_316_load_reload|        scalar|
|int_acc_w_332_load_reload  |   in|   32|     ap_none|                      int_acc_w_332_load_reload|        scalar|
|int_acc_w_348_load_reload  |   in|   32|     ap_none|                      int_acc_w_348_load_reload|        scalar|
|int_acc_w_364_load_reload  |   in|   32|     ap_none|                      int_acc_w_364_load_reload|        scalar|
|int_acc_w_380_load_reload  |   in|   32|     ap_none|                      int_acc_w_380_load_reload|        scalar|
|int_acc_w_396_load_reload  |   in|   32|     ap_none|                      int_acc_w_396_load_reload|        scalar|
|int_acc_m_156_load_reload  |   in|   32|     ap_none|                      int_acc_m_156_load_reload|        scalar|
|int_acc_m_172_load_reload  |   in|   32|     ap_none|                      int_acc_m_172_load_reload|        scalar|
|int_acc_m_188_load_reload  |   in|   32|     ap_none|                      int_acc_m_188_load_reload|        scalar|
|int_acc_m_204_load_reload  |   in|   32|     ap_none|                      int_acc_m_204_load_reload|        scalar|
|int_acc_m_220_load_reload  |   in|   32|     ap_none|                      int_acc_m_220_load_reload|        scalar|
|int_acc_m_236_load_reload  |   in|   32|     ap_none|                      int_acc_m_236_load_reload|        scalar|
|int_acc_m_252_load_reload  |   in|   32|     ap_none|                      int_acc_m_252_load_reload|        scalar|
|int_acc_m_268_load_reload  |   in|   32|     ap_none|                      int_acc_m_268_load_reload|        scalar|
|int_acc_m_284_load_reload  |   in|   32|     ap_none|                      int_acc_m_284_load_reload|        scalar|
|int_acc_m_300_load_reload  |   in|   32|     ap_none|                      int_acc_m_300_load_reload|        scalar|
|int_acc_m_316_load_reload  |   in|   32|     ap_none|                      int_acc_m_316_load_reload|        scalar|
|int_acc_m_332_load_reload  |   in|   32|     ap_none|                      int_acc_m_332_load_reload|        scalar|
|int_acc_m_348_load_reload  |   in|   32|     ap_none|                      int_acc_m_348_load_reload|        scalar|
|int_acc_m_364_load_reload  |   in|   32|     ap_none|                      int_acc_m_364_load_reload|        scalar|
|int_acc_m_380_load_reload  |   in|   32|     ap_none|                      int_acc_m_380_load_reload|        scalar|
|int_acc_m_396_load_reload  |   in|   32|     ap_none|                      int_acc_m_396_load_reload|        scalar|
|int_acc_w_157_load_reload  |   in|   32|     ap_none|                      int_acc_w_157_load_reload|        scalar|
|int_acc_w_173_load_reload  |   in|   32|     ap_none|                      int_acc_w_173_load_reload|        scalar|
|int_acc_w_189_load_reload  |   in|   32|     ap_none|                      int_acc_w_189_load_reload|        scalar|
|int_acc_w_205_load_reload  |   in|   32|     ap_none|                      int_acc_w_205_load_reload|        scalar|
|int_acc_w_221_load_reload  |   in|   32|     ap_none|                      int_acc_w_221_load_reload|        scalar|
|int_acc_w_237_load_reload  |   in|   32|     ap_none|                      int_acc_w_237_load_reload|        scalar|
|int_acc_w_253_load_reload  |   in|   32|     ap_none|                      int_acc_w_253_load_reload|        scalar|
|int_acc_w_269_load_reload  |   in|   32|     ap_none|                      int_acc_w_269_load_reload|        scalar|
|int_acc_w_285_load_reload  |   in|   32|     ap_none|                      int_acc_w_285_load_reload|        scalar|
|int_acc_w_301_load_reload  |   in|   32|     ap_none|                      int_acc_w_301_load_reload|        scalar|
|int_acc_w_317_load_reload  |   in|   32|     ap_none|                      int_acc_w_317_load_reload|        scalar|
|int_acc_w_333_load_reload  |   in|   32|     ap_none|                      int_acc_w_333_load_reload|        scalar|
|int_acc_w_349_load_reload  |   in|   32|     ap_none|                      int_acc_w_349_load_reload|        scalar|
|int_acc_w_365_load_reload  |   in|   32|     ap_none|                      int_acc_w_365_load_reload|        scalar|
|int_acc_w_381_load_reload  |   in|   32|     ap_none|                      int_acc_w_381_load_reload|        scalar|
|int_acc_w_397_load_reload  |   in|   32|     ap_none|                      int_acc_w_397_load_reload|        scalar|
|int_acc_m_157_load_reload  |   in|   32|     ap_none|                      int_acc_m_157_load_reload|        scalar|
|int_acc_m_173_load_reload  |   in|   32|     ap_none|                      int_acc_m_173_load_reload|        scalar|
|int_acc_m_189_load_reload  |   in|   32|     ap_none|                      int_acc_m_189_load_reload|        scalar|
|int_acc_m_205_load_reload  |   in|   32|     ap_none|                      int_acc_m_205_load_reload|        scalar|
|int_acc_m_221_load_reload  |   in|   32|     ap_none|                      int_acc_m_221_load_reload|        scalar|
|int_acc_m_237_load_reload  |   in|   32|     ap_none|                      int_acc_m_237_load_reload|        scalar|
|int_acc_m_253_load_reload  |   in|   32|     ap_none|                      int_acc_m_253_load_reload|        scalar|
|int_acc_m_269_load_reload  |   in|   32|     ap_none|                      int_acc_m_269_load_reload|        scalar|
|int_acc_m_285_load_reload  |   in|   32|     ap_none|                      int_acc_m_285_load_reload|        scalar|
|int_acc_m_301_load_reload  |   in|   32|     ap_none|                      int_acc_m_301_load_reload|        scalar|
|int_acc_m_317_load_reload  |   in|   32|     ap_none|                      int_acc_m_317_load_reload|        scalar|
|int_acc_m_333_load_reload  |   in|   32|     ap_none|                      int_acc_m_333_load_reload|        scalar|
|int_acc_m_349_load_reload  |   in|   32|     ap_none|                      int_acc_m_349_load_reload|        scalar|
|int_acc_m_365_load_reload  |   in|   32|     ap_none|                      int_acc_m_365_load_reload|        scalar|
|int_acc_m_381_load_reload  |   in|   32|     ap_none|                      int_acc_m_381_load_reload|        scalar|
|int_acc_m_397_load_reload  |   in|   32|     ap_none|                      int_acc_m_397_load_reload|        scalar|
|int_acc_w_158_load_reload  |   in|   32|     ap_none|                      int_acc_w_158_load_reload|        scalar|
|int_acc_w_174_load_reload  |   in|   32|     ap_none|                      int_acc_w_174_load_reload|        scalar|
|int_acc_w_190_load_reload  |   in|   32|     ap_none|                      int_acc_w_190_load_reload|        scalar|
|int_acc_w_206_load_reload  |   in|   32|     ap_none|                      int_acc_w_206_load_reload|        scalar|
|int_acc_w_222_load_reload  |   in|   32|     ap_none|                      int_acc_w_222_load_reload|        scalar|
|int_acc_w_238_load_reload  |   in|   32|     ap_none|                      int_acc_w_238_load_reload|        scalar|
|int_acc_w_254_load_reload  |   in|   32|     ap_none|                      int_acc_w_254_load_reload|        scalar|
|int_acc_w_270_load_reload  |   in|   32|     ap_none|                      int_acc_w_270_load_reload|        scalar|
|int_acc_w_286_load_reload  |   in|   32|     ap_none|                      int_acc_w_286_load_reload|        scalar|
|int_acc_w_302_load_reload  |   in|   32|     ap_none|                      int_acc_w_302_load_reload|        scalar|
|int_acc_w_318_load_reload  |   in|   32|     ap_none|                      int_acc_w_318_load_reload|        scalar|
|int_acc_w_334_load_reload  |   in|   32|     ap_none|                      int_acc_w_334_load_reload|        scalar|
|int_acc_w_350_load_reload  |   in|   32|     ap_none|                      int_acc_w_350_load_reload|        scalar|
|int_acc_w_366_load_reload  |   in|   32|     ap_none|                      int_acc_w_366_load_reload|        scalar|
|int_acc_w_382_load_reload  |   in|   32|     ap_none|                      int_acc_w_382_load_reload|        scalar|
|int_acc_w_398_load_reload  |   in|   32|     ap_none|                      int_acc_w_398_load_reload|        scalar|
|int_acc_m_158_load_reload  |   in|   32|     ap_none|                      int_acc_m_158_load_reload|        scalar|
|int_acc_m_174_load_reload  |   in|   32|     ap_none|                      int_acc_m_174_load_reload|        scalar|
|int_acc_m_190_load_reload  |   in|   32|     ap_none|                      int_acc_m_190_load_reload|        scalar|
|int_acc_m_206_load_reload  |   in|   32|     ap_none|                      int_acc_m_206_load_reload|        scalar|
|int_acc_m_222_load_reload  |   in|   32|     ap_none|                      int_acc_m_222_load_reload|        scalar|
|int_acc_m_238_load_reload  |   in|   32|     ap_none|                      int_acc_m_238_load_reload|        scalar|
|int_acc_m_254_load_reload  |   in|   32|     ap_none|                      int_acc_m_254_load_reload|        scalar|
|int_acc_m_270_load_reload  |   in|   32|     ap_none|                      int_acc_m_270_load_reload|        scalar|
|int_acc_m_286_load_reload  |   in|   32|     ap_none|                      int_acc_m_286_load_reload|        scalar|
|int_acc_m_302_load_reload  |   in|   32|     ap_none|                      int_acc_m_302_load_reload|        scalar|
|int_acc_m_318_load_reload  |   in|   32|     ap_none|                      int_acc_m_318_load_reload|        scalar|
|int_acc_m_334_load_reload  |   in|   32|     ap_none|                      int_acc_m_334_load_reload|        scalar|
|int_acc_m_350_load_reload  |   in|   32|     ap_none|                      int_acc_m_350_load_reload|        scalar|
|int_acc_m_366_load_reload  |   in|   32|     ap_none|                      int_acc_m_366_load_reload|        scalar|
|int_acc_m_382_load_reload  |   in|   32|     ap_none|                      int_acc_m_382_load_reload|        scalar|
|int_acc_m_398_load_reload  |   in|   32|     ap_none|                      int_acc_m_398_load_reload|        scalar|
|d_32_reload                |   in|   32|     ap_none|                                    d_32_reload|        scalar|
|d_34_reload                |   in|   32|     ap_none|                                    d_34_reload|        scalar|
|d_36_reload                |   in|   32|     ap_none|                                    d_36_reload|        scalar|
|d_38_reload                |   in|   32|     ap_none|                                    d_38_reload|        scalar|
|d_40_reload                |   in|   32|     ap_none|                                    d_40_reload|        scalar|
|d_42_reload                |   in|   32|     ap_none|                                    d_42_reload|        scalar|
|d_44_reload                |   in|   32|     ap_none|                                    d_44_reload|        scalar|
|d_46_reload                |   in|   32|     ap_none|                                    d_46_reload|        scalar|
|d_48_reload                |   in|   32|     ap_none|                                    d_48_reload|        scalar|
|d_50_reload                |   in|   32|     ap_none|                                    d_50_reload|        scalar|
|d_52_reload                |   in|   32|     ap_none|                                    d_52_reload|        scalar|
|d_54_reload                |   in|   32|     ap_none|                                    d_54_reload|        scalar|
|d_56_reload                |   in|   32|     ap_none|                                    d_56_reload|        scalar|
|d_58_reload                |   in|   32|     ap_none|                                    d_58_reload|        scalar|
|d_60_reload                |   in|   32|     ap_none|                                    d_60_reload|        scalar|
|d_62_reload                |   in|   32|     ap_none|                                    d_62_reload|        scalar|
|dmin_32_reload             |   in|   32|     ap_none|                                 dmin_32_reload|        scalar|
|dmin_34_reload             |   in|   32|     ap_none|                                 dmin_34_reload|        scalar|
|dmin_36_reload             |   in|   32|     ap_none|                                 dmin_36_reload|        scalar|
|dmin_38_reload             |   in|   32|     ap_none|                                 dmin_38_reload|        scalar|
|dmin_40_reload             |   in|   32|     ap_none|                                 dmin_40_reload|        scalar|
|dmin_42_reload             |   in|   32|     ap_none|                                 dmin_42_reload|        scalar|
|dmin_44_reload             |   in|   32|     ap_none|                                 dmin_44_reload|        scalar|
|dmin_46_reload             |   in|   32|     ap_none|                                 dmin_46_reload|        scalar|
|dmin_48_reload             |   in|   32|     ap_none|                                 dmin_48_reload|        scalar|
|dmin_50_reload             |   in|   32|     ap_none|                                 dmin_50_reload|        scalar|
|dmin_52_reload             |   in|   32|     ap_none|                                 dmin_52_reload|        scalar|
|dmin_54_reload             |   in|   32|     ap_none|                                 dmin_54_reload|        scalar|
|dmin_56_reload             |   in|   32|     ap_none|                                 dmin_56_reload|        scalar|
|dmin_58_reload             |   in|   32|     ap_none|                                 dmin_58_reload|        scalar|
|dmin_60_reload             |   in|   32|     ap_none|                                 dmin_60_reload|        scalar|
|dmin_62_reload             |   in|   32|     ap_none|                                 dmin_62_reload|        scalar|
|total_6_out                |  out|   32|      ap_vld|                                    total_6_out|       pointer|
|total_6_out_ap_vld         |  out|    1|      ap_vld|                                    total_6_out|       pointer|
+---------------------------+-----+-----+------------+-----------------------------------------------+--------------+

