

================================================================
== Vitis HLS Report for 'mac_blocks_wv_k2'
================================================================
* Date:           Thu Apr  2 13:36:54 2026

* Version:        2025.1 (Build 6135595 on May 21 2025)
* Project:        swiglu
* Solution:       hls (Vivado IP Flow Target)
* Product family: zynquplus
* Target device:  xck26-sfvc784-2LV-c


================================================================
== Performance Estimates
================================================================
+ Timing: 
    * Summary: 
    +--------+---------+----------+------------+
    |  Clock |  Target | Estimated| Uncertainty|
    +--------+---------+----------+------------+
    |ap_clk  |  4.00 ns|  3.239 ns|     1.08 ns|
    +--------+---------+----------+------------+

+ Latency: 
    * Summary: 
    +---------+---------+----------+----------+-----+-----+---------+
    |  Latency (cycles) |  Latency (absolute) |  Interval | Pipeline|
    |   min   |   max   |    min   |    max   | min | max |   Type  |
    +---------+---------+----------+----------+-----+-----+---------+
    |      471|      471|  1.884 us|  1.884 us|  471|  471|       no|
    +---------+---------+----------+----------+-----+-----+---------+

    + Detail: 
        * Instance: 
        +---------------------------------------------------------------------+---------------------------------------------------------+---------+---------+-----------+-----------+-----+-----+------------------------------------------------+
        |                                                                     |                                                         |  Latency (cycles) |   Latency (absolute)  |  Interval |                    Pipeline                    |
        |                               Instance                              |                          Module                         |   min   |   max   |    min    |    max    | min | max |                      Type                      |
        +---------------------------------------------------------------------+---------------------------------------------------------+---------+---------+-----------+-----------+-----+-----+------------------------------------------------+
        |grp_mac_blocks_wv_k2_Pipeline_UNPACK_HDR_WV_K2_fu_2718               |mac_blocks_wv_k2_Pipeline_UNPACK_HDR_WV_K2               |        9|        9|  36.000 ns|  36.000 ns|    3|    3|  loop auto-rewind stp (delay=0 clock cycles(s))|
        |grp_mac_blocks_wv_k2_Pipeline_MAC_ALL_K2_fu_3042                     |mac_blocks_wv_k2_Pipeline_MAC_ALL_K2                     |      262|      262|   1.048 us|   1.048 us|  257|  257|  loop auto-rewind stp (delay=0 clock cycles(s))|
        |grp_mac_blocks_wv_k2_Pipeline_REDUCE_WV_K2_VITIS_LOOP_192_6_fu_3846  |mac_blocks_wv_k2_Pipeline_REDUCE_WV_K2_VITIS_LOOP_192_6  |      194|      194|   0.776 us|   0.776 us|  180|  180|  loop auto-rewind stp (delay=0 clock cycles(s))|
        +---------------------------------------------------------------------+---------------------------------------------------------+---------+---------+-----------+-----------+-----+-----+------------------------------------------------+

        * Loop: 
        N/A



================================================================
== Utilization Estimates
================================================================
* Summary: 
+-----------------+---------+------+--------+--------+-----+
|       Name      | BRAM_18K|  DSP |   FF   |   LUT  | URAM|
+-----------------+---------+------+--------+--------+-----+
|DSP              |        -|     -|       -|       -|    -|
|Expression       |        -|     -|       -|       -|    -|
|FIFO             |        -|     -|       -|       -|    -|
|Instance         |        -|    39|   38494|   34259|    -|
|Memory           |        -|     -|       -|       -|    -|
|Multiplexer      |        -|     -|       0|     331|    -|
|Register         |        -|     -|    2058|       -|    -|
+-----------------+---------+------+--------+--------+-----+
|Total            |        0|    39|   40552|   34590|    0|
+-----------------+---------+------+--------+--------+-----+
|Available        |      288|  1248|  234240|  117120|   64|
+-----------------+---------+------+--------+--------+-----+
|Utilization (%)  |        0|     3|      17|      29|    0|
+-----------------+---------+------+--------+--------+-----+

+ Detail: 
    * Instance: 
    +---------------------------------------------------------------------+---------------------------------------------------------+---------+----+-------+-------+-----+
    |                               Instance                              |                          Module                         | BRAM_18K| DSP|   FF  |  LUT  | URAM|
    +---------------------------------------------------------------------+---------------------------------------------------------+---------+----+-------+-------+-----+
    |grp_mac_blocks_wv_k2_Pipeline_MAC_ALL_K2_fu_3042                     |mac_blocks_wv_k2_Pipeline_MAC_ALL_K2                     |        0|  32|   8769|   9291|    0|
    |grp_mac_blocks_wv_k2_Pipeline_REDUCE_WV_K2_VITIS_LOOP_192_6_fu_3846  |mac_blocks_wv_k2_Pipeline_REDUCE_WV_K2_VITIS_LOOP_192_6  |        0|   7|   2284|   4693|    0|
    |grp_mac_blocks_wv_k2_Pipeline_UNPACK_HDR_WV_K2_fu_2718               |mac_blocks_wv_k2_Pipeline_UNPACK_HDR_WV_K2               |        0|   0|  27441|  20275|    0|
    +---------------------------------------------------------------------+---------------------------------------------------------+---------+----+-------+-------+-----+
    |Total                                                                |                                                         |        0|  39|  38494|  34259|    0|
    +---------------------------------------------------------------------+---------------------------------------------------------+---------+----+-------+-------+-----+

    * DSP: 
    N/A

    * Memory: 
    N/A

    * FIFO: 
    N/A

    * Expression: 
    N/A

    * Multiplexer: 
    +-----------------+----+-----------+-----+-----------+
    |       Name      | LUT| Input Size| Bits| Total Bits|
    +-----------------+----+-----------+-----+-----------+
    |ap_NS_fsm        |  43|          8|    1|          8|
    |rb_0_0_address0  |   9|          2|    4|          8|
    |rb_0_0_ce0       |   9|          2|    1|          2|
    |rb_0_1_address0  |   9|          2|    4|          8|
    |rb_0_1_ce0       |   9|          2|    1|          2|
    |rb_0_2_address0  |   9|          2|    4|          8|
    |rb_0_2_ce0       |   9|          2|    1|          2|
    |rb_0_3_address0  |   9|          2|    4|          8|
    |rb_0_3_ce0       |   9|          2|    1|          2|
    |rb_0_4_address0  |   9|          2|    4|          8|
    |rb_0_4_ce0       |   9|          2|    1|          2|
    |rb_0_5_address0  |   9|          2|    4|          8|
    |rb_0_5_ce0       |   9|          2|    1|          2|
    |rb_0_6_address0  |   9|          2|    4|          8|
    |rb_0_6_ce0       |   9|          2|    1|          2|
    |rb_0_7_address0  |   9|          2|    4|          8|
    |rb_0_7_ce0       |   9|          2|    1|          2|
    |rb_1_0_address0  |   9|          2|    4|          8|
    |rb_1_0_ce0       |   9|          2|    1|          2|
    |rb_1_1_address0  |   9|          2|    4|          8|
    |rb_1_1_ce0       |   9|          2|    1|          2|
    |rb_1_2_address0  |   9|          2|    4|          8|
    |rb_1_2_ce0       |   9|          2|    1|          2|
    |rb_1_3_address0  |   9|          2|    4|          8|
    |rb_1_3_ce0       |   9|          2|    1|          2|
    |rb_1_4_address0  |   9|          2|    4|          8|
    |rb_1_4_ce0       |   9|          2|    1|          2|
    |rb_1_5_address0  |   9|          2|    4|          8|
    |rb_1_5_ce0       |   9|          2|    1|          2|
    |rb_1_6_address0  |   9|          2|    4|          8|
    |rb_1_6_ce0       |   9|          2|    1|          2|
    |rb_1_7_address0  |   9|          2|    4|          8|
    |rb_1_7_ce0       |   9|          2|    1|          2|
    +-----------------+----+-----------+-----+-----------+
    |Total            | 331|         72|   81|        168|
    +-----------------+----+-----------+-----+-----------+

    * Register: 
    +----------------------------------------------------------------------------------+-----+----+-----+-----------+
    |                                       Name                                       |  FF | LUT| Bits| Const Bits|
    +----------------------------------------------------------------------------------+-----+----+-----+-----------+
    |ap_CS_fsm                                                                         |    7|   0|    7|          0|
    |grp_mac_blocks_wv_k2_Pipeline_MAC_ALL_K2_fu_3042_ap_start_reg                     |    1|   0|    1|          0|
    |grp_mac_blocks_wv_k2_Pipeline_REDUCE_WV_K2_VITIS_LOOP_192_6_fu_3846_ap_start_reg  |    1|   0|    1|          0|
    |grp_mac_blocks_wv_k2_Pipeline_UNPACK_HDR_WV_K2_fu_2718_ap_start_reg               |    1|   0|    1|          0|
    |rb_0_0_load_reg_9662                                                              |  128|   0|  128|          0|
    |rb_0_1_load_reg_9672                                                              |  128|   0|  128|          0|
    |rb_0_2_load_reg_9682                                                              |  128|   0|  128|          0|
    |rb_0_3_load_reg_9692                                                              |  128|   0|  128|          0|
    |rb_0_4_load_reg_9702                                                              |  128|   0|  128|          0|
    |rb_0_5_load_reg_9712                                                              |  128|   0|  128|          0|
    |rb_0_6_load_reg_9722                                                              |  128|   0|  128|          0|
    |rb_0_7_load_reg_9732                                                              |  128|   0|  128|          0|
    |rb_1_0_load_reg_9667                                                              |  128|   0|  128|          0|
    |rb_1_1_load_reg_9677                                                              |  128|   0|  128|          0|
    |rb_1_2_load_reg_9687                                                              |  128|   0|  128|          0|
    |rb_1_3_load_reg_9697                                                              |  128|   0|  128|          0|
    |rb_1_4_load_reg_9707                                                              |  128|   0|  128|          0|
    |rb_1_5_load_reg_9717                                                              |  128|   0|  128|          0|
    |rb_1_6_load_reg_9727                                                              |  128|   0|  128|          0|
    |rb_1_7_load_reg_9737                                                              |  128|   0|  128|          0|
    +----------------------------------------------------------------------------------+-----+----+-----+-----------+
    |Total                                                                             | 2058|   0| 2058|          0|
    +----------------------------------------------------------------------------------+-----+----+-----+-----------+



================================================================
== Interface
================================================================
* Summary: 
+------------------+-----+-----+------------+------------------+--------------+
|     RTL Ports    | Dir | Bits|  Protocol  |   Source Object  |    C Type    |
+------------------+-----+-----+------------+------------------+--------------+
|ap_clk            |   in|    1|  ap_ctrl_hs|  mac_blocks_wv_k2|  return value|
|ap_rst            |   in|    1|  ap_ctrl_hs|  mac_blocks_wv_k2|  return value|
|ap_start          |   in|    1|  ap_ctrl_hs|  mac_blocks_wv_k2|  return value|
|ap_done           |  out|    1|  ap_ctrl_hs|  mac_blocks_wv_k2|  return value|
|ap_idle           |  out|    1|  ap_ctrl_hs|  mac_blocks_wv_k2|  return value|
|ap_ready          |  out|    1|  ap_ctrl_hs|  mac_blocks_wv_k2|  return value|
|rb_0_0_address0   |  out|    4|   ap_memory|            rb_0_0|         array|
|rb_0_0_ce0        |  out|    1|   ap_memory|            rb_0_0|         array|
|rb_0_0_q0         |   in|  128|   ap_memory|            rb_0_0|         array|
|rb_0_1_address0   |  out|    4|   ap_memory|            rb_0_1|         array|
|rb_0_1_ce0        |  out|    1|   ap_memory|            rb_0_1|         array|
|rb_0_1_q0         |   in|  128|   ap_memory|            rb_0_1|         array|
|rb_0_2_address0   |  out|    4|   ap_memory|            rb_0_2|         array|
|rb_0_2_ce0        |  out|    1|   ap_memory|            rb_0_2|         array|
|rb_0_2_q0         |   in|  128|   ap_memory|            rb_0_2|         array|
|rb_0_3_address0   |  out|    4|   ap_memory|            rb_0_3|         array|
|rb_0_3_ce0        |  out|    1|   ap_memory|            rb_0_3|         array|
|rb_0_3_q0         |   in|  128|   ap_memory|            rb_0_3|         array|
|rb_0_4_address0   |  out|    4|   ap_memory|            rb_0_4|         array|
|rb_0_4_ce0        |  out|    1|   ap_memory|            rb_0_4|         array|
|rb_0_4_q0         |   in|  128|   ap_memory|            rb_0_4|         array|
|rb_0_5_address0   |  out|    4|   ap_memory|            rb_0_5|         array|
|rb_0_5_ce0        |  out|    1|   ap_memory|            rb_0_5|         array|
|rb_0_5_q0         |   in|  128|   ap_memory|            rb_0_5|         array|
|rb_0_6_address0   |  out|    4|   ap_memory|            rb_0_6|         array|
|rb_0_6_ce0        |  out|    1|   ap_memory|            rb_0_6|         array|
|rb_0_6_q0         |   in|  128|   ap_memory|            rb_0_6|         array|
|rb_0_7_address0   |  out|    4|   ap_memory|            rb_0_7|         array|
|rb_0_7_ce0        |  out|    1|   ap_memory|            rb_0_7|         array|
|rb_0_7_q0         |   in|  128|   ap_memory|            rb_0_7|         array|
|rb_1_0_address0   |  out|    4|   ap_memory|            rb_1_0|         array|
|rb_1_0_ce0        |  out|    1|   ap_memory|            rb_1_0|         array|
|rb_1_0_q0         |   in|  128|   ap_memory|            rb_1_0|         array|
|rb_1_1_address0   |  out|    4|   ap_memory|            rb_1_1|         array|
|rb_1_1_ce0        |  out|    1|   ap_memory|            rb_1_1|         array|
|rb_1_1_q0         |   in|  128|   ap_memory|            rb_1_1|         array|
|rb_1_2_address0   |  out|    4|   ap_memory|            rb_1_2|         array|
|rb_1_2_ce0        |  out|    1|   ap_memory|            rb_1_2|         array|
|rb_1_2_q0         |   in|  128|   ap_memory|            rb_1_2|         array|
|rb_1_3_address0   |  out|    4|   ap_memory|            rb_1_3|         array|
|rb_1_3_ce0        |  out|    1|   ap_memory|            rb_1_3|         array|
|rb_1_3_q0         |   in|  128|   ap_memory|            rb_1_3|         array|
|rb_1_4_address0   |  out|    4|   ap_memory|            rb_1_4|         array|
|rb_1_4_ce0        |  out|    1|   ap_memory|            rb_1_4|         array|
|rb_1_4_q0         |   in|  128|   ap_memory|            rb_1_4|         array|
|rb_1_5_address0   |  out|    4|   ap_memory|            rb_1_5|         array|
|rb_1_5_ce0        |  out|    1|   ap_memory|            rb_1_5|         array|
|rb_1_5_q0         |   in|  128|   ap_memory|            rb_1_5|         array|
|rb_1_6_address0   |  out|    4|   ap_memory|            rb_1_6|         array|
|rb_1_6_ce0        |  out|    1|   ap_memory|            rb_1_6|         array|
|rb_1_6_q0         |   in|  128|   ap_memory|            rb_1_6|         array|
|rb_1_7_address0   |  out|    4|   ap_memory|            rb_1_7|         array|
|rb_1_7_ce0        |  out|    1|   ap_memory|            rb_1_7|         array|
|rb_1_7_q0         |   in|  128|   ap_memory|            rb_1_7|         array|
|x_0_0_address0    |  out|    6|   ap_memory|             x_0_0|         array|
|x_0_0_ce0         |  out|    1|   ap_memory|             x_0_0|         array|
|x_0_0_q0          |   in|    8|   ap_memory|             x_0_0|         array|
|x_0_1_address0    |  out|    6|   ap_memory|             x_0_1|         array|
|x_0_1_ce0         |  out|    1|   ap_memory|             x_0_1|         array|
|x_0_1_q0          |   in|    8|   ap_memory|             x_0_1|         array|
|x_0_2_address0    |  out|    6|   ap_memory|             x_0_2|         array|
|x_0_2_ce0         |  out|    1|   ap_memory|             x_0_2|         array|
|x_0_2_q0          |   in|    8|   ap_memory|             x_0_2|         array|
|x_0_3_address0    |  out|    6|   ap_memory|             x_0_3|         array|
|x_0_3_ce0         |  out|    1|   ap_memory|             x_0_3|         array|
|x_0_3_q0          |   in|    8|   ap_memory|             x_0_3|         array|
|x_0_4_address0    |  out|    6|   ap_memory|             x_0_4|         array|
|x_0_4_ce0         |  out|    1|   ap_memory|             x_0_4|         array|
|x_0_4_q0          |   in|    8|   ap_memory|             x_0_4|         array|
|x_0_5_address0    |  out|    6|   ap_memory|             x_0_5|         array|
|x_0_5_ce0         |  out|    1|   ap_memory|             x_0_5|         array|
|x_0_5_q0          |   in|    8|   ap_memory|             x_0_5|         array|
|x_0_6_address0    |  out|    6|   ap_memory|             x_0_6|         array|
|x_0_6_ce0         |  out|    1|   ap_memory|             x_0_6|         array|
|x_0_6_q0          |   in|    8|   ap_memory|             x_0_6|         array|
|x_0_7_address0    |  out|    6|   ap_memory|             x_0_7|         array|
|x_0_7_ce0         |  out|    1|   ap_memory|             x_0_7|         array|
|x_0_7_q0          |   in|    8|   ap_memory|             x_0_7|         array|
|x_0_8_address0    |  out|    6|   ap_memory|             x_0_8|         array|
|x_0_8_ce0         |  out|    1|   ap_memory|             x_0_8|         array|
|x_0_8_q0          |   in|    8|   ap_memory|             x_0_8|         array|
|x_0_9_address0    |  out|    6|   ap_memory|             x_0_9|         array|
|x_0_9_ce0         |  out|    1|   ap_memory|             x_0_9|         array|
|x_0_9_q0          |   in|    8|   ap_memory|             x_0_9|         array|
|x_0_10_address0   |  out|    6|   ap_memory|            x_0_10|         array|
|x_0_10_ce0        |  out|    1|   ap_memory|            x_0_10|         array|
|x_0_10_q0         |   in|    8|   ap_memory|            x_0_10|         array|
|x_0_11_address0   |  out|    6|   ap_memory|            x_0_11|         array|
|x_0_11_ce0        |  out|    1|   ap_memory|            x_0_11|         array|
|x_0_11_q0         |   in|    8|   ap_memory|            x_0_11|         array|
|x_0_12_address0   |  out|    6|   ap_memory|            x_0_12|         array|
|x_0_12_ce0        |  out|    1|   ap_memory|            x_0_12|         array|
|x_0_12_q0         |   in|    8|   ap_memory|            x_0_12|         array|
|x_0_13_address0   |  out|    6|   ap_memory|            x_0_13|         array|
|x_0_13_ce0        |  out|    1|   ap_memory|            x_0_13|         array|
|x_0_13_q0         |   in|    8|   ap_memory|            x_0_13|         array|
|x_0_14_address0   |  out|    6|   ap_memory|            x_0_14|         array|
|x_0_14_ce0        |  out|    1|   ap_memory|            x_0_14|         array|
|x_0_14_q0         |   in|    8|   ap_memory|            x_0_14|         array|
|x_0_15_address0   |  out|    6|   ap_memory|            x_0_15|         array|
|x_0_15_ce0        |  out|    1|   ap_memory|            x_0_15|         array|
|x_0_15_q0         |   in|    8|   ap_memory|            x_0_15|         array|
|x_1_0_address0    |  out|    6|   ap_memory|             x_1_0|         array|
|x_1_0_ce0         |  out|    1|   ap_memory|             x_1_0|         array|
|x_1_0_q0          |   in|    8|   ap_memory|             x_1_0|         array|
|x_1_1_address0    |  out|    6|   ap_memory|             x_1_1|         array|
|x_1_1_ce0         |  out|    1|   ap_memory|             x_1_1|         array|
|x_1_1_q0          |   in|    8|   ap_memory|             x_1_1|         array|
|x_1_2_address0    |  out|    6|   ap_memory|             x_1_2|         array|
|x_1_2_ce0         |  out|    1|   ap_memory|             x_1_2|         array|
|x_1_2_q0          |   in|    8|   ap_memory|             x_1_2|         array|
|x_1_3_address0    |  out|    6|   ap_memory|             x_1_3|         array|
|x_1_3_ce0         |  out|    1|   ap_memory|             x_1_3|         array|
|x_1_3_q0          |   in|    8|   ap_memory|             x_1_3|         array|
|x_1_4_address0    |  out|    6|   ap_memory|             x_1_4|         array|
|x_1_4_ce0         |  out|    1|   ap_memory|             x_1_4|         array|
|x_1_4_q0          |   in|    8|   ap_memory|             x_1_4|         array|
|x_1_5_address0    |  out|    6|   ap_memory|             x_1_5|         array|
|x_1_5_ce0         |  out|    1|   ap_memory|             x_1_5|         array|
|x_1_5_q0          |   in|    8|   ap_memory|             x_1_5|         array|
|x_1_6_address0    |  out|    6|   ap_memory|             x_1_6|         array|
|x_1_6_ce0         |  out|    1|   ap_memory|             x_1_6|         array|
|x_1_6_q0          |   in|    8|   ap_memory|             x_1_6|         array|
|x_1_7_address0    |  out|    6|   ap_memory|             x_1_7|         array|
|x_1_7_ce0         |  out|    1|   ap_memory|             x_1_7|         array|
|x_1_7_q0          |   in|    8|   ap_memory|             x_1_7|         array|
|x_1_8_address0    |  out|    6|   ap_memory|             x_1_8|         array|
|x_1_8_ce0         |  out|    1|   ap_memory|             x_1_8|         array|
|x_1_8_q0          |   in|    8|   ap_memory|             x_1_8|         array|
|x_1_9_address0    |  out|    6|   ap_memory|             x_1_9|         array|
|x_1_9_ce0         |  out|    1|   ap_memory|             x_1_9|         array|
|x_1_9_q0          |   in|    8|   ap_memory|             x_1_9|         array|
|x_1_10_address0   |  out|    6|   ap_memory|            x_1_10|         array|
|x_1_10_ce0        |  out|    1|   ap_memory|            x_1_10|         array|
|x_1_10_q0         |   in|    8|   ap_memory|            x_1_10|         array|
|x_1_11_address0   |  out|    6|   ap_memory|            x_1_11|         array|
|x_1_11_ce0        |  out|    1|   ap_memory|            x_1_11|         array|
|x_1_11_q0         |   in|    8|   ap_memory|            x_1_11|         array|
|x_1_12_address0   |  out|    6|   ap_memory|            x_1_12|         array|
|x_1_12_ce0        |  out|    1|   ap_memory|            x_1_12|         array|
|x_1_12_q0         |   in|    8|   ap_memory|            x_1_12|         array|
|x_1_13_address0   |  out|    6|   ap_memory|            x_1_13|         array|
|x_1_13_ce0        |  out|    1|   ap_memory|            x_1_13|         array|
|x_1_13_q0         |   in|    8|   ap_memory|            x_1_13|         array|
|x_1_14_address0   |  out|    6|   ap_memory|            x_1_14|         array|
|x_1_14_ce0        |  out|    1|   ap_memory|            x_1_14|         array|
|x_1_14_q0         |   in|    8|   ap_memory|            x_1_14|         array|
|x_1_15_address0   |  out|    6|   ap_memory|            x_1_15|         array|
|x_1_15_ce0        |  out|    1|   ap_memory|            x_1_15|         array|
|x_1_15_q0         |   in|    8|   ap_memory|            x_1_15|         array|
|x_2_0_address0    |  out|    6|   ap_memory|             x_2_0|         array|
|x_2_0_ce0         |  out|    1|   ap_memory|             x_2_0|         array|
|x_2_0_q0          |   in|    8|   ap_memory|             x_2_0|         array|
|x_2_1_address0    |  out|    6|   ap_memory|             x_2_1|         array|
|x_2_1_ce0         |  out|    1|   ap_memory|             x_2_1|         array|
|x_2_1_q0          |   in|    8|   ap_memory|             x_2_1|         array|
|x_2_2_address0    |  out|    6|   ap_memory|             x_2_2|         array|
|x_2_2_ce0         |  out|    1|   ap_memory|             x_2_2|         array|
|x_2_2_q0          |   in|    8|   ap_memory|             x_2_2|         array|
|x_2_3_address0    |  out|    6|   ap_memory|             x_2_3|         array|
|x_2_3_ce0         |  out|    1|   ap_memory|             x_2_3|         array|
|x_2_3_q0          |   in|    8|   ap_memory|             x_2_3|         array|
|x_2_4_address0    |  out|    6|   ap_memory|             x_2_4|         array|
|x_2_4_ce0         |  out|    1|   ap_memory|             x_2_4|         array|
|x_2_4_q0          |   in|    8|   ap_memory|             x_2_4|         array|
|x_2_5_address0    |  out|    6|   ap_memory|             x_2_5|         array|
|x_2_5_ce0         |  out|    1|   ap_memory|             x_2_5|         array|
|x_2_5_q0          |   in|    8|   ap_memory|             x_2_5|         array|
|x_2_6_address0    |  out|    6|   ap_memory|             x_2_6|         array|
|x_2_6_ce0         |  out|    1|   ap_memory|             x_2_6|         array|
|x_2_6_q0          |   in|    8|   ap_memory|             x_2_6|         array|
|x_2_7_address0    |  out|    6|   ap_memory|             x_2_7|         array|
|x_2_7_ce0         |  out|    1|   ap_memory|             x_2_7|         array|
|x_2_7_q0          |   in|    8|   ap_memory|             x_2_7|         array|
|x_2_8_address0    |  out|    6|   ap_memory|             x_2_8|         array|
|x_2_8_ce0         |  out|    1|   ap_memory|             x_2_8|         array|
|x_2_8_q0          |   in|    8|   ap_memory|             x_2_8|         array|
|x_2_9_address0    |  out|    6|   ap_memory|             x_2_9|         array|
|x_2_9_ce0         |  out|    1|   ap_memory|             x_2_9|         array|
|x_2_9_q0          |   in|    8|   ap_memory|             x_2_9|         array|
|x_2_10_address0   |  out|    6|   ap_memory|            x_2_10|         array|
|x_2_10_ce0        |  out|    1|   ap_memory|            x_2_10|         array|
|x_2_10_q0         |   in|    8|   ap_memory|            x_2_10|         array|
|x_2_11_address0   |  out|    6|   ap_memory|            x_2_11|         array|
|x_2_11_ce0        |  out|    1|   ap_memory|            x_2_11|         array|
|x_2_11_q0         |   in|    8|   ap_memory|            x_2_11|         array|
|x_2_12_address0   |  out|    6|   ap_memory|            x_2_12|         array|
|x_2_12_ce0        |  out|    1|   ap_memory|            x_2_12|         array|
|x_2_12_q0         |   in|    8|   ap_memory|            x_2_12|         array|
|x_2_13_address0   |  out|    6|   ap_memory|            x_2_13|         array|
|x_2_13_ce0        |  out|    1|   ap_memory|            x_2_13|         array|
|x_2_13_q0         |   in|    8|   ap_memory|            x_2_13|         array|
|x_2_14_address0   |  out|    6|   ap_memory|            x_2_14|         array|
|x_2_14_ce0        |  out|    1|   ap_memory|            x_2_14|         array|
|x_2_14_q0         |   in|    8|   ap_memory|            x_2_14|         array|
|x_2_15_address0   |  out|    6|   ap_memory|            x_2_15|         array|
|x_2_15_ce0        |  out|    1|   ap_memory|            x_2_15|         array|
|x_2_15_q0         |   in|    8|   ap_memory|            x_2_15|         array|
|x_3_0_address0    |  out|    6|   ap_memory|             x_3_0|         array|
|x_3_0_ce0         |  out|    1|   ap_memory|             x_3_0|         array|
|x_3_0_q0          |   in|    8|   ap_memory|             x_3_0|         array|
|x_3_1_address0    |  out|    6|   ap_memory|             x_3_1|         array|
|x_3_1_ce0         |  out|    1|   ap_memory|             x_3_1|         array|
|x_3_1_q0          |   in|    8|   ap_memory|             x_3_1|         array|
|x_3_2_address0    |  out|    6|   ap_memory|             x_3_2|         array|
|x_3_2_ce0         |  out|    1|   ap_memory|             x_3_2|         array|
|x_3_2_q0          |   in|    8|   ap_memory|             x_3_2|         array|
|x_3_3_address0    |  out|    6|   ap_memory|             x_3_3|         array|
|x_3_3_ce0         |  out|    1|   ap_memory|             x_3_3|         array|
|x_3_3_q0          |   in|    8|   ap_memory|             x_3_3|         array|
|x_3_4_address0    |  out|    6|   ap_memory|             x_3_4|         array|
|x_3_4_ce0         |  out|    1|   ap_memory|             x_3_4|         array|
|x_3_4_q0          |   in|    8|   ap_memory|             x_3_4|         array|
|x_3_5_address0    |  out|    6|   ap_memory|             x_3_5|         array|
|x_3_5_ce0         |  out|    1|   ap_memory|             x_3_5|         array|
|x_3_5_q0          |   in|    8|   ap_memory|             x_3_5|         array|
|x_3_6_address0    |  out|    6|   ap_memory|             x_3_6|         array|
|x_3_6_ce0         |  out|    1|   ap_memory|             x_3_6|         array|
|x_3_6_q0          |   in|    8|   ap_memory|             x_3_6|         array|
|x_3_7_address0    |  out|    6|   ap_memory|             x_3_7|         array|
|x_3_7_ce0         |  out|    1|   ap_memory|             x_3_7|         array|
|x_3_7_q0          |   in|    8|   ap_memory|             x_3_7|         array|
|x_3_8_address0    |  out|    6|   ap_memory|             x_3_8|         array|
|x_3_8_ce0         |  out|    1|   ap_memory|             x_3_8|         array|
|x_3_8_q0          |   in|    8|   ap_memory|             x_3_8|         array|
|x_3_9_address0    |  out|    6|   ap_memory|             x_3_9|         array|
|x_3_9_ce0         |  out|    1|   ap_memory|             x_3_9|         array|
|x_3_9_q0          |   in|    8|   ap_memory|             x_3_9|         array|
|x_3_10_address0   |  out|    6|   ap_memory|            x_3_10|         array|
|x_3_10_ce0        |  out|    1|   ap_memory|            x_3_10|         array|
|x_3_10_q0         |   in|    8|   ap_memory|            x_3_10|         array|
|x_3_11_address0   |  out|    6|   ap_memory|            x_3_11|         array|
|x_3_11_ce0        |  out|    1|   ap_memory|            x_3_11|         array|
|x_3_11_q0         |   in|    8|   ap_memory|            x_3_11|         array|
|x_3_12_address0   |  out|    6|   ap_memory|            x_3_12|         array|
|x_3_12_ce0        |  out|    1|   ap_memory|            x_3_12|         array|
|x_3_12_q0         |   in|    8|   ap_memory|            x_3_12|         array|
|x_3_13_address0   |  out|    6|   ap_memory|            x_3_13|         array|
|x_3_13_ce0        |  out|    1|   ap_memory|            x_3_13|         array|
|x_3_13_q0         |   in|    8|   ap_memory|            x_3_13|         array|
|x_3_14_address0   |  out|    6|   ap_memory|            x_3_14|         array|
|x_3_14_ce0        |  out|    1|   ap_memory|            x_3_14|         array|
|x_3_14_q0         |   in|    8|   ap_memory|            x_3_14|         array|
|x_3_15_address0   |  out|    6|   ap_memory|            x_3_15|         array|
|x_3_15_ce0        |  out|    1|   ap_memory|            x_3_15|         array|
|x_3_15_q0         |   in|    8|   ap_memory|            x_3_15|         array|
|x_4_0_address0    |  out|    6|   ap_memory|             x_4_0|         array|
|x_4_0_ce0         |  out|    1|   ap_memory|             x_4_0|         array|
|x_4_0_q0          |   in|    8|   ap_memory|             x_4_0|         array|
|x_4_1_address0    |  out|    6|   ap_memory|             x_4_1|         array|
|x_4_1_ce0         |  out|    1|   ap_memory|             x_4_1|         array|
|x_4_1_q0          |   in|    8|   ap_memory|             x_4_1|         array|
|x_4_2_address0    |  out|    6|   ap_memory|             x_4_2|         array|
|x_4_2_ce0         |  out|    1|   ap_memory|             x_4_2|         array|
|x_4_2_q0          |   in|    8|   ap_memory|             x_4_2|         array|
|x_4_3_address0    |  out|    6|   ap_memory|             x_4_3|         array|
|x_4_3_ce0         |  out|    1|   ap_memory|             x_4_3|         array|
|x_4_3_q0          |   in|    8|   ap_memory|             x_4_3|         array|
|x_4_4_address0    |  out|    6|   ap_memory|             x_4_4|         array|
|x_4_4_ce0         |  out|    1|   ap_memory|             x_4_4|         array|
|x_4_4_q0          |   in|    8|   ap_memory|             x_4_4|         array|
|x_4_5_address0    |  out|    6|   ap_memory|             x_4_5|         array|
|x_4_5_ce0         |  out|    1|   ap_memory|             x_4_5|         array|
|x_4_5_q0          |   in|    8|   ap_memory|             x_4_5|         array|
|x_4_6_address0    |  out|    6|   ap_memory|             x_4_6|         array|
|x_4_6_ce0         |  out|    1|   ap_memory|             x_4_6|         array|
|x_4_6_q0          |   in|    8|   ap_memory|             x_4_6|         array|
|x_4_7_address0    |  out|    6|   ap_memory|             x_4_7|         array|
|x_4_7_ce0         |  out|    1|   ap_memory|             x_4_7|         array|
|x_4_7_q0          |   in|    8|   ap_memory|             x_4_7|         array|
|x_4_8_address0    |  out|    6|   ap_memory|             x_4_8|         array|
|x_4_8_ce0         |  out|    1|   ap_memory|             x_4_8|         array|
|x_4_8_q0          |   in|    8|   ap_memory|             x_4_8|         array|
|x_4_9_address0    |  out|    6|   ap_memory|             x_4_9|         array|
|x_4_9_ce0         |  out|    1|   ap_memory|             x_4_9|         array|
|x_4_9_q0          |   in|    8|   ap_memory|             x_4_9|         array|
|x_4_10_address0   |  out|    6|   ap_memory|            x_4_10|         array|
|x_4_10_ce0        |  out|    1|   ap_memory|            x_4_10|         array|
|x_4_10_q0         |   in|    8|   ap_memory|            x_4_10|         array|
|x_4_11_address0   |  out|    6|   ap_memory|            x_4_11|         array|
|x_4_11_ce0        |  out|    1|   ap_memory|            x_4_11|         array|
|x_4_11_q0         |   in|    8|   ap_memory|            x_4_11|         array|
|x_4_12_address0   |  out|    6|   ap_memory|            x_4_12|         array|
|x_4_12_ce0        |  out|    1|   ap_memory|            x_4_12|         array|
|x_4_12_q0         |   in|    8|   ap_memory|            x_4_12|         array|
|x_4_13_address0   |  out|    6|   ap_memory|            x_4_13|         array|
|x_4_13_ce0        |  out|    1|   ap_memory|            x_4_13|         array|
|x_4_13_q0         |   in|    8|   ap_memory|            x_4_13|         array|
|x_4_14_address0   |  out|    6|   ap_memory|            x_4_14|         array|
|x_4_14_ce0        |  out|    1|   ap_memory|            x_4_14|         array|
|x_4_14_q0         |   in|    8|   ap_memory|            x_4_14|         array|
|x_4_15_address0   |  out|    6|   ap_memory|            x_4_15|         array|
|x_4_15_ce0        |  out|    1|   ap_memory|            x_4_15|         array|
|x_4_15_q0         |   in|    8|   ap_memory|            x_4_15|         array|
|x_5_0_address0    |  out|    6|   ap_memory|             x_5_0|         array|
|x_5_0_ce0         |  out|    1|   ap_memory|             x_5_0|         array|
|x_5_0_q0          |   in|    8|   ap_memory|             x_5_0|         array|
|x_5_1_address0    |  out|    6|   ap_memory|             x_5_1|         array|
|x_5_1_ce0         |  out|    1|   ap_memory|             x_5_1|         array|
|x_5_1_q0          |   in|    8|   ap_memory|             x_5_1|         array|
|x_5_2_address0    |  out|    6|   ap_memory|             x_5_2|         array|
|x_5_2_ce0         |  out|    1|   ap_memory|             x_5_2|         array|
|x_5_2_q0          |   in|    8|   ap_memory|             x_5_2|         array|
|x_5_3_address0    |  out|    6|   ap_memory|             x_5_3|         array|
|x_5_3_ce0         |  out|    1|   ap_memory|             x_5_3|         array|
|x_5_3_q0          |   in|    8|   ap_memory|             x_5_3|         array|
|x_5_4_address0    |  out|    6|   ap_memory|             x_5_4|         array|
|x_5_4_ce0         |  out|    1|   ap_memory|             x_5_4|         array|
|x_5_4_q0          |   in|    8|   ap_memory|             x_5_4|         array|
|x_5_5_address0    |  out|    6|   ap_memory|             x_5_5|         array|
|x_5_5_ce0         |  out|    1|   ap_memory|             x_5_5|         array|
|x_5_5_q0          |   in|    8|   ap_memory|             x_5_5|         array|
|x_5_6_address0    |  out|    6|   ap_memory|             x_5_6|         array|
|x_5_6_ce0         |  out|    1|   ap_memory|             x_5_6|         array|
|x_5_6_q0          |   in|    8|   ap_memory|             x_5_6|         array|
|x_5_7_address0    |  out|    6|   ap_memory|             x_5_7|         array|
|x_5_7_ce0         |  out|    1|   ap_memory|             x_5_7|         array|
|x_5_7_q0          |   in|    8|   ap_memory|             x_5_7|         array|
|x_5_8_address0    |  out|    6|   ap_memory|             x_5_8|         array|
|x_5_8_ce0         |  out|    1|   ap_memory|             x_5_8|         array|
|x_5_8_q0          |   in|    8|   ap_memory|             x_5_8|         array|
|x_5_9_address0    |  out|    6|   ap_memory|             x_5_9|         array|
|x_5_9_ce0         |  out|    1|   ap_memory|             x_5_9|         array|
|x_5_9_q0          |   in|    8|   ap_memory|             x_5_9|         array|
|x_5_10_address0   |  out|    6|   ap_memory|            x_5_10|         array|
|x_5_10_ce0        |  out|    1|   ap_memory|            x_5_10|         array|
|x_5_10_q0         |   in|    8|   ap_memory|            x_5_10|         array|
|x_5_11_address0   |  out|    6|   ap_memory|            x_5_11|         array|
|x_5_11_ce0        |  out|    1|   ap_memory|            x_5_11|         array|
|x_5_11_q0         |   in|    8|   ap_memory|            x_5_11|         array|
|x_5_12_address0   |  out|    6|   ap_memory|            x_5_12|         array|
|x_5_12_ce0        |  out|    1|   ap_memory|            x_5_12|         array|
|x_5_12_q0         |   in|    8|   ap_memory|            x_5_12|         array|
|x_5_13_address0   |  out|    6|   ap_memory|            x_5_13|         array|
|x_5_13_ce0        |  out|    1|   ap_memory|            x_5_13|         array|
|x_5_13_q0         |   in|    8|   ap_memory|            x_5_13|         array|
|x_5_14_address0   |  out|    6|   ap_memory|            x_5_14|         array|
|x_5_14_ce0        |  out|    1|   ap_memory|            x_5_14|         array|
|x_5_14_q0         |   in|    8|   ap_memory|            x_5_14|         array|
|x_5_15_address0   |  out|    6|   ap_memory|            x_5_15|         array|
|x_5_15_ce0        |  out|    1|   ap_memory|            x_5_15|         array|
|x_5_15_q0         |   in|    8|   ap_memory|            x_5_15|         array|
|x_6_0_address0    |  out|    6|   ap_memory|             x_6_0|         array|
|x_6_0_ce0         |  out|    1|   ap_memory|             x_6_0|         array|
|x_6_0_q0          |   in|    8|   ap_memory|             x_6_0|         array|
|x_6_1_address0    |  out|    6|   ap_memory|             x_6_1|         array|
|x_6_1_ce0         |  out|    1|   ap_memory|             x_6_1|         array|
|x_6_1_q0          |   in|    8|   ap_memory|             x_6_1|         array|
|x_6_2_address0    |  out|    6|   ap_memory|             x_6_2|         array|
|x_6_2_ce0         |  out|    1|   ap_memory|             x_6_2|         array|
|x_6_2_q0          |   in|    8|   ap_memory|             x_6_2|         array|
|x_6_3_address0    |  out|    6|   ap_memory|             x_6_3|         array|
|x_6_3_ce0         |  out|    1|   ap_memory|             x_6_3|         array|
|x_6_3_q0          |   in|    8|   ap_memory|             x_6_3|         array|
|x_6_4_address0    |  out|    6|   ap_memory|             x_6_4|         array|
|x_6_4_ce0         |  out|    1|   ap_memory|             x_6_4|         array|
|x_6_4_q0          |   in|    8|   ap_memory|             x_6_4|         array|
|x_6_5_address0    |  out|    6|   ap_memory|             x_6_5|         array|
|x_6_5_ce0         |  out|    1|   ap_memory|             x_6_5|         array|
|x_6_5_q0          |   in|    8|   ap_memory|             x_6_5|         array|
|x_6_6_address0    |  out|    6|   ap_memory|             x_6_6|         array|
|x_6_6_ce0         |  out|    1|   ap_memory|             x_6_6|         array|
|x_6_6_q0          |   in|    8|   ap_memory|             x_6_6|         array|
|x_6_7_address0    |  out|    6|   ap_memory|             x_6_7|         array|
|x_6_7_ce0         |  out|    1|   ap_memory|             x_6_7|         array|
|x_6_7_q0          |   in|    8|   ap_memory|             x_6_7|         array|
|x_6_8_address0    |  out|    6|   ap_memory|             x_6_8|         array|
|x_6_8_ce0         |  out|    1|   ap_memory|             x_6_8|         array|
|x_6_8_q0          |   in|    8|   ap_memory|             x_6_8|         array|
|x_6_9_address0    |  out|    6|   ap_memory|             x_6_9|         array|
|x_6_9_ce0         |  out|    1|   ap_memory|             x_6_9|         array|
|x_6_9_q0          |   in|    8|   ap_memory|             x_6_9|         array|
|x_6_10_address0   |  out|    6|   ap_memory|            x_6_10|         array|
|x_6_10_ce0        |  out|    1|   ap_memory|            x_6_10|         array|
|x_6_10_q0         |   in|    8|   ap_memory|            x_6_10|         array|
|x_6_11_address0   |  out|    6|   ap_memory|            x_6_11|         array|
|x_6_11_ce0        |  out|    1|   ap_memory|            x_6_11|         array|
|x_6_11_q0         |   in|    8|   ap_memory|            x_6_11|         array|
|x_6_12_address0   |  out|    6|   ap_memory|            x_6_12|         array|
|x_6_12_ce0        |  out|    1|   ap_memory|            x_6_12|         array|
|x_6_12_q0         |   in|    8|   ap_memory|            x_6_12|         array|
|x_6_13_address0   |  out|    6|   ap_memory|            x_6_13|         array|
|x_6_13_ce0        |  out|    1|   ap_memory|            x_6_13|         array|
|x_6_13_q0         |   in|    8|   ap_memory|            x_6_13|         array|
|x_6_14_address0   |  out|    6|   ap_memory|            x_6_14|         array|
|x_6_14_ce0        |  out|    1|   ap_memory|            x_6_14|         array|
|x_6_14_q0         |   in|    8|   ap_memory|            x_6_14|         array|
|x_6_15_address0   |  out|    6|   ap_memory|            x_6_15|         array|
|x_6_15_ce0        |  out|    1|   ap_memory|            x_6_15|         array|
|x_6_15_q0         |   in|    8|   ap_memory|            x_6_15|         array|
|x_7_0_address0    |  out|    6|   ap_memory|             x_7_0|         array|
|x_7_0_ce0         |  out|    1|   ap_memory|             x_7_0|         array|
|x_7_0_q0          |   in|    8|   ap_memory|             x_7_0|         array|
|x_7_1_address0    |  out|    6|   ap_memory|             x_7_1|         array|
|x_7_1_ce0         |  out|    1|   ap_memory|             x_7_1|         array|
|x_7_1_q0          |   in|    8|   ap_memory|             x_7_1|         array|
|x_7_2_address0    |  out|    6|   ap_memory|             x_7_2|         array|
|x_7_2_ce0         |  out|    1|   ap_memory|             x_7_2|         array|
|x_7_2_q0          |   in|    8|   ap_memory|             x_7_2|         array|
|x_7_3_address0    |  out|    6|   ap_memory|             x_7_3|         array|
|x_7_3_ce0         |  out|    1|   ap_memory|             x_7_3|         array|
|x_7_3_q0          |   in|    8|   ap_memory|             x_7_3|         array|
|x_7_4_address0    |  out|    6|   ap_memory|             x_7_4|         array|
|x_7_4_ce0         |  out|    1|   ap_memory|             x_7_4|         array|
|x_7_4_q0          |   in|    8|   ap_memory|             x_7_4|         array|
|x_7_5_address0    |  out|    6|   ap_memory|             x_7_5|         array|
|x_7_5_ce0         |  out|    1|   ap_memory|             x_7_5|         array|
|x_7_5_q0          |   in|    8|   ap_memory|             x_7_5|         array|
|x_7_6_address0    |  out|    6|   ap_memory|             x_7_6|         array|
|x_7_6_ce0         |  out|    1|   ap_memory|             x_7_6|         array|
|x_7_6_q0          |   in|    8|   ap_memory|             x_7_6|         array|
|x_7_7_address0    |  out|    6|   ap_memory|             x_7_7|         array|
|x_7_7_ce0         |  out|    1|   ap_memory|             x_7_7|         array|
|x_7_7_q0          |   in|    8|   ap_memory|             x_7_7|         array|
|x_7_8_address0    |  out|    6|   ap_memory|             x_7_8|         array|
|x_7_8_ce0         |  out|    1|   ap_memory|             x_7_8|         array|
|x_7_8_q0          |   in|    8|   ap_memory|             x_7_8|         array|
|x_7_9_address0    |  out|    6|   ap_memory|             x_7_9|         array|
|x_7_9_ce0         |  out|    1|   ap_memory|             x_7_9|         array|
|x_7_9_q0          |   in|    8|   ap_memory|             x_7_9|         array|
|x_7_10_address0   |  out|    6|   ap_memory|            x_7_10|         array|
|x_7_10_ce0        |  out|    1|   ap_memory|            x_7_10|         array|
|x_7_10_q0         |   in|    8|   ap_memory|            x_7_10|         array|
|x_7_11_address0   |  out|    6|   ap_memory|            x_7_11|         array|
|x_7_11_ce0        |  out|    1|   ap_memory|            x_7_11|         array|
|x_7_11_q0         |   in|    8|   ap_memory|            x_7_11|         array|
|x_7_12_address0   |  out|    6|   ap_memory|            x_7_12|         array|
|x_7_12_ce0        |  out|    1|   ap_memory|            x_7_12|         array|
|x_7_12_q0         |   in|    8|   ap_memory|            x_7_12|         array|
|x_7_13_address0   |  out|    6|   ap_memory|            x_7_13|         array|
|x_7_13_ce0        |  out|    1|   ap_memory|            x_7_13|         array|
|x_7_13_q0         |   in|    8|   ap_memory|            x_7_13|         array|
|x_7_14_address0   |  out|    6|   ap_memory|            x_7_14|         array|
|x_7_14_ce0        |  out|    1|   ap_memory|            x_7_14|         array|
|x_7_14_q0         |   in|    8|   ap_memory|            x_7_14|         array|
|x_7_15_address0   |  out|    6|   ap_memory|            x_7_15|         array|
|x_7_15_ce0        |  out|    1|   ap_memory|            x_7_15|         array|
|x_7_15_q0         |   in|    8|   ap_memory|            x_7_15|         array|
|x_scale           |   in|   32|     ap_none|           x_scale|        scalar|
|results_address0  |  out|    1|   ap_memory|           results|         array|
|results_ce0       |  out|    1|   ap_memory|           results|         array|
|results_we0       |  out|    1|   ap_memory|           results|         array|
|results_d0        |  out|   32|   ap_memory|           results|         array|
+------------------+-----+-----+------------+------------------+--------------+

