

================================================================
== Vitis HLS Report for 'mac_blocks_wv_k1_Pipeline_UNPACK_HDR_WV_K1'
================================================================
* Date:           Sun Apr  5 16:06:53 2026

* Version:        2025.1 (Build 6135595 on May 21 2025)
* Project:        swiglu
* Solution:       hls (Vivado IP Flow Target)
* Product family: zynquplus
* Target device:  xck26-sfvc784-2LV-c


================================================================
== Performance Estimates
================================================================
+ Timing: 
    * Summary: 
    +--------+---------+----------+------------+
    |  Clock |  Target | Estimated| Uncertainty|
    +--------+---------+----------+------------+
    |ap_clk  |  3.33 ns|  2.330 ns|     0.90 ns|
    +--------+---------+----------+------------+

+ Latency: 
    * Summary: 
    +---------+---------+-----------+-----------+-----+-----+------------------------------------------------+
    |  Latency (cycles) |   Latency (absolute)  |  Interval |                    Pipeline                    |
    |   min   |   max   |    min    |    max    | min | max |                      Type                      |
    +---------+---------+-----------+-----------+-----+-----+------------------------------------------------+
    |       15|       15|  49.995 ns|  49.995 ns|    9|    9|  loop auto-rewind stp (delay=0 clock cycles(s))|
    +---------+---------+-----------+-----------+-----+-----+------------------------------------------------+

    + Detail: 
        * Instance: 
        +--------------------------+--------------+---------+---------+-----------+-----------+-----+-----+---------+
        |                          |              |  Latency (cycles) |   Latency (absolute)  |  Interval | Pipeline|
        |         Instance         |    Module    |   min   |   max   |    min    |    max    | min | max |   Type  |
        +--------------------------+--------------+---------+---------+-----------+-----------+-----+-----+---------+
        |grp_fp16_to_fp32_fu_2100  |fp16_to_fp32  |        4|        4|  13.332 ns|  13.332 ns|    1|    1|      yes|
        |grp_fp16_to_fp32_fu_2105  |fp16_to_fp32  |        4|        4|  13.332 ns|  13.332 ns|    1|    1|      yes|
        +--------------------------+--------------+---------+---------+-----------+-----------+-----+-----+---------+

        * Loop: 
        +--------------------+---------+---------+----------+-----------+-----------+------+----------+
        |                    |  Latency (cycles) | Iteration|  Initiation Interval  | Trip |          |
        |      Loop Name     |   min   |   max   |  Latency |  achieved |   target  | Count| Pipelined|
        +--------------------+---------+---------+----------+-----------+-----------+------+----------+
        |- UNPACK_HDR_WV_K1  |       13|       13|         7|          1|          1|     8|       yes|
        +--------------------+---------+---------+----------+-----------+-----------+------+----------+



================================================================
== Utilization Estimates
================================================================
* Summary: 
+-----------------+---------+------+--------+--------+-----+
|       Name      | BRAM_18K|  DSP |   FF   |   LUT  | URAM|
+-----------------+---------+------+--------+--------+-----+
|DSP              |        -|     -|       -|       -|    -|
|Expression       |        -|     -|       0|      26|    -|
|FIFO             |        -|     -|       -|       -|    -|
|Instance         |        -|     -|     778|    1073|    -|
|Memory           |        -|     -|       -|       -|    -|
|Multiplexer      |        -|     -|       0|      36|    -|
|Register         |        -|     -|   10421|    4160|    -|
+-----------------+---------+------+--------+--------+-----+
|Total            |        0|     0|   11199|    5295|    0|
+-----------------+---------+------+--------+--------+-----+
|Available        |      288|  1248|  234240|  117120|   64|
+-----------------+---------+------+--------+--------+-----+
|Utilization (%)  |        0|     0|       4|       4|    0|
+-----------------+---------+------+--------+--------+-----+

+ Detail: 
    * Instance: 
    +-----------------------------+------------------------+---------+----+-----+-----+-----+
    |           Instance          |         Module         | BRAM_18K| DSP|  FF | LUT | URAM|
    +-----------------------------+------------------------+---------+----+-----+-----+-----+
    |grp_fp16_to_fp32_fu_2100     |fp16_to_fp32            |        0|   0|  389|  515|    0|
    |grp_fp16_to_fp32_fu_2105     |fp16_to_fp32            |        0|   0|  389|  515|    0|
    |sparsemux_17_3_128_1_1_U283  |sparsemux_17_3_128_1_1  |        0|   0|    0|   43|    0|
    +-----------------------------+------------------------+---------+----+-----+-----+-----+
    |Total                        |                        |        0|   0|  778| 1073|    0|
    +-----------------------------+------------------------+---------+----+-----+-----+-----+

    * DSP: 
    N/A

    * Memory: 
    N/A

    * FIFO: 
    N/A

    * Expression: 
    +-----------------------+----------+----+---+----+------------+------------+
    |     Variable Name     | Operation| DSP| FF| LUT| Bitwidth P0| Bitwidth P1|
    +-----------------------+----------+----+---+----+------------+------------+
    |add_ln130_fu_3020_p2   |         +|   0|  0|  12|           4|           1|
    |icmp_ln130_fu_3014_p2  |      icmp|   0|  0|  12|           4|           5|
    |ap_enable_pp0          |       xor|   0|  0|   2|           1|           2|
    +-----------------------+----------+----+---+----+------------+------------+
    |Total                  |          |   0|  0|  26|           9|           8|
    +-----------------------+----------+----+---+----+------------+------------+

    * Multiplexer: 
    +-------------------------+----+-----------+-----+-----------+
    |           Name          | LUT| Input Size| Bits| Total Bits|
    +-------------------------+----+-----------+-----+-----------+
    |ap_done_int              |   9|          2|    1|          2|
    |ap_enable_reg_pp0_iter1  |   9|          2|    1|          2|
    |ap_sig_allocacmp_b_1     |   9|          2|    4|          8|
    |b_fu_464                 |   9|          2|    4|          8|
    +-------------------------+----+-----------+-----+-----------+
    |Total                    |  36|          8|   10|         20|
    +-------------------------+----+-----------+-----+-----------+

    * Register: 
    +----------------------------------+-----+----+-----+-----------+
    |               Name               |  FF | LUT| Bits| Const Bits|
    +----------------------------------+-----+----+-----+-----------+
    |ap_CS_fsm                         |    1|   0|    1|          0|
    |ap_done_reg                       |    1|   0|    1|          0|
    |ap_enable_reg_pp0_iter1           |    1|   0|    1|          0|
    |ap_enable_reg_pp0_iter2           |    1|   0|    1|          0|
    |ap_enable_reg_pp0_iter3           |    1|   0|    1|          0|
    |ap_enable_reg_pp0_iter4           |    1|   0|    1|          0|
    |ap_enable_reg_pp0_iter5           |    1|   0|    1|          0|
    |ap_enable_reg_pp0_iter6           |    1|   0|    1|          0|
    |ap_loop_exit_ready_pp0_iter1_reg  |    1|   0|    1|          0|
    |ap_loop_exit_ready_pp0_iter2_reg  |    1|   0|    1|          0|
    |ap_loop_exit_ready_pp0_iter3_reg  |    1|   0|    1|          0|
    |ap_loop_exit_ready_pp0_iter4_reg  |    1|   0|    1|          0|
    |ap_loop_exit_ready_pp0_iter5_reg  |    1|   0|    1|          0|
    |b_fu_464                          |    4|   0|    4|          0|
    |icmp_ln130_reg_5770               |    1|   0|    1|          0|
    |mn6_10_fu_828                     |    6|   0|    8|          2|
    |mn6_11_fu_832                     |    6|   0|    8|          2|
    |mn6_12_fu_836                     |    6|   0|    8|          2|
    |mn6_13_fu_840                     |    6|   0|    8|          2|
    |mn6_14_fu_844                     |    6|   0|    8|          2|
    |mn6_15_fu_848                     |    6|   0|    8|          2|
    |mn6_16_fu_852                     |    6|   0|    8|          2|
    |mn6_17_fu_856                     |    6|   0|    8|          2|
    |mn6_18_fu_860                     |    6|   0|    8|          2|
    |mn6_19_fu_864                     |    6|   0|    8|          2|
    |mn6_1_fu_792                      |    6|   0|    8|          2|
    |mn6_20_fu_868                     |    6|   0|    8|          2|
    |mn6_21_fu_872                     |    6|   0|    8|          2|
    |mn6_22_fu_876                     |    6|   0|    8|          2|
    |mn6_23_fu_880                     |    6|   0|    8|          2|
    |mn6_24_fu_884                     |    6|   0|    8|          2|
    |mn6_25_fu_888                     |    6|   0|    8|          2|
    |mn6_26_fu_892                     |    6|   0|    8|          2|
    |mn6_27_fu_896                     |    6|   0|    8|          2|
    |mn6_28_fu_900                     |    6|   0|    8|          2|
    |mn6_29_fu_904                     |    6|   0|    8|          2|
    |mn6_2_fu_796                      |    6|   0|    8|          2|
    |mn6_30_fu_908                     |    6|   0|    8|          2|
    |mn6_31_fu_912                     |    6|   0|    8|          2|
    |mn6_32_fu_916                     |    6|   0|    8|          2|
    |mn6_33_fu_920                     |    6|   0|    8|          2|
    |mn6_34_fu_924                     |    6|   0|    8|          2|
    |mn6_35_fu_928                     |    6|   0|    8|          2|
    |mn6_36_fu_932                     |    6|   0|    8|          2|
    |mn6_37_fu_936                     |    6|   0|    8|          2|
    |mn6_38_fu_940                     |    6|   0|    8|          2|
    |mn6_39_fu_944                     |    6|   0|    8|          2|
    |mn6_3_fu_800                      |    6|   0|    8|          2|
    |mn6_40_fu_948                     |    6|   0|    8|          2|
    |mn6_41_fu_952                     |    6|   0|    8|          2|
    |mn6_42_fu_956                     |    6|   0|    8|          2|
    |mn6_43_fu_960                     |    6|   0|    8|          2|
    |mn6_44_fu_964                     |    6|   0|    8|          2|
    |mn6_45_fu_968                     |    6|   0|    8|          2|
    |mn6_46_fu_972                     |    6|   0|    8|          2|
    |mn6_47_fu_976                     |    6|   0|    8|          2|
    |mn6_48_fu_980                     |    6|   0|    8|          2|
    |mn6_49_fu_984                     |    6|   0|    8|          2|
    |mn6_4_fu_804                      |    6|   0|    8|          2|
    |mn6_50_fu_988                     |    6|   0|    8|          2|
    |mn6_51_fu_992                     |    6|   0|    8|          2|
    |mn6_52_fu_996                     |    6|   0|    8|          2|
    |mn6_53_fu_1000                    |    6|   0|    8|          2|
    |mn6_54_fu_1004                    |    6|   0|    8|          2|
    |mn6_55_fu_1008                    |    6|   0|    8|          2|
    |mn6_56_fu_1012                    |    6|   0|    8|          2|
    |mn6_57_fu_1016                    |    6|   0|    8|          2|
    |mn6_58_fu_1020                    |    6|   0|    8|          2|
    |mn6_59_fu_1024                    |    6|   0|    8|          2|
    |mn6_5_fu_808                      |    6|   0|    8|          2|
    |mn6_60_fu_1028                    |    6|   0|    8|          2|
    |mn6_61_fu_1032                    |    6|   0|    8|          2|
    |mn6_62_fu_1036                    |    6|   0|    8|          2|
    |mn6_63_fu_1040                    |    6|   0|    8|          2|
    |mn6_6_fu_812                      |    6|   0|    8|          2|
    |mn6_7_fu_816                      |    6|   0|    8|          2|
    |mn6_8_fu_820                      |    6|   0|    8|          2|
    |mn6_9_fu_824                      |    6|   0|    8|          2|
    |mn6_fu_788                        |    6|   0|    8|          2|
    |mux_case_08251_fu_468             |   32|   0|   32|          0|
    |mux_case_083326_fu_500            |   32|   0|   32|          0|
    |mux_case_18264_fu_472             |   32|   0|   32|          0|
    |mux_case_183429_fu_504            |   32|   0|   32|          0|
    |mux_case_28277_fu_476             |   32|   0|   32|          0|
    |mux_case_283532_fu_508            |   32|   0|   32|          0|
    |mux_case_382810_fu_480            |   32|   0|   32|          0|
    |mux_case_383635_fu_512            |   32|   0|   32|          0|
    |mux_case_482913_fu_484            |   32|   0|   32|          0|
    |mux_case_483738_fu_516            |   32|   0|   32|          0|
    |mux_case_583016_fu_488            |   32|   0|   32|          0|
    |mux_case_583841_fu_520            |   32|   0|   32|          0|
    |mux_case_683119_fu_492            |   32|   0|   32|          0|
    |mux_case_683944_fu_524            |   32|   0|   32|          0|
    |mux_case_783222_fu_496            |   32|   0|   32|          0|
    |mux_case_784047_fu_528            |   32|   0|   32|          0|
    |or1_reg_5783                      |   16|   0|   16|          0|
    |sc6_10_fu_572                     |    6|   0|    8|          2|
    |sc6_11_fu_576                     |    6|   0|    8|          2|
    |sc6_12_fu_580                     |    6|   0|    8|          2|
    |sc6_13_fu_584                     |    6|   0|    8|          2|
    |sc6_14_fu_588                     |    6|   0|    8|          2|
    |sc6_15_fu_592                     |    6|   0|    8|          2|
    |sc6_16_fu_596                     |    6|   0|    8|          2|
    |sc6_17_fu_600                     |    6|   0|    8|          2|
    |sc6_18_fu_604                     |    6|   0|    8|          2|
    |sc6_19_fu_608                     |    6|   0|    8|          2|
    |sc6_1_fu_536                      |    6|   0|    8|          2|
    |sc6_20_fu_612                     |    6|   0|    8|          2|
    |sc6_21_fu_616                     |    6|   0|    8|          2|
    |sc6_22_fu_620                     |    6|   0|    8|          2|
    |sc6_23_fu_624                     |    6|   0|    8|          2|
    |sc6_24_fu_628                     |    6|   0|    8|          2|
    |sc6_25_fu_632                     |    6|   0|    8|          2|
    |sc6_26_fu_636                     |    6|   0|    8|          2|
    |sc6_27_fu_640                     |    6|   0|    8|          2|
    |sc6_28_fu_644                     |    6|   0|    8|          2|
    |sc6_29_fu_648                     |    6|   0|    8|          2|
    |sc6_2_fu_540                      |    6|   0|    8|          2|
    |sc6_30_fu_652                     |    6|   0|    8|          2|
    |sc6_31_fu_656                     |    6|   0|    8|          2|
    |sc6_32_fu_660                     |    6|   0|    8|          2|
    |sc6_33_fu_664                     |    6|   0|    8|          2|
    |sc6_34_fu_668                     |    6|   0|    8|          2|
    |sc6_35_fu_672                     |    6|   0|    8|          2|
    |sc6_36_fu_676                     |    6|   0|    8|          2|
    |sc6_37_fu_680                     |    6|   0|    8|          2|
    |sc6_38_fu_684                     |    6|   0|    8|          2|
    |sc6_39_fu_688                     |    6|   0|    8|          2|
    |sc6_3_fu_544                      |    6|   0|    8|          2|
    |sc6_40_fu_692                     |    6|   0|    8|          2|
    |sc6_41_fu_696                     |    6|   0|    8|          2|
    |sc6_42_fu_700                     |    6|   0|    8|          2|
    |sc6_43_fu_704                     |    6|   0|    8|          2|
    |sc6_44_fu_708                     |    6|   0|    8|          2|
    |sc6_45_fu_712                     |    6|   0|    8|          2|
    |sc6_46_fu_716                     |    6|   0|    8|          2|
    |sc6_47_fu_720                     |    6|   0|    8|          2|
    |sc6_48_fu_724                     |    6|   0|    8|          2|
    |sc6_49_fu_728                     |    6|   0|    8|          2|
    |sc6_4_fu_548                      |    6|   0|    8|          2|
    |sc6_50_fu_732                     |    6|   0|    8|          2|
    |sc6_51_fu_736                     |    6|   0|    8|          2|
    |sc6_52_fu_740                     |    6|   0|    8|          2|
    |sc6_53_fu_744                     |    6|   0|    8|          2|
    |sc6_54_fu_748                     |    6|   0|    8|          2|
    |sc6_55_fu_752                     |    6|   0|    8|          2|
    |sc6_56_fu_756                     |    6|   0|    8|          2|
    |sc6_57_fu_760                     |    6|   0|    8|          2|
    |sc6_58_fu_764                     |    6|   0|    8|          2|
    |sc6_59_fu_768                     |    6|   0|    8|          2|
    |sc6_5_fu_552                      |    6|   0|    8|          2|
    |sc6_60_fu_772                     |    6|   0|    8|          2|
    |sc6_61_fu_776                     |    6|   0|    8|          2|
    |sc6_62_fu_780                     |    6|   0|    8|          2|
    |sc6_63_fu_784                     |    6|   0|    8|          2|
    |sc6_6_fu_556                      |    6|   0|    8|          2|
    |sc6_7_fu_560                      |    6|   0|    8|          2|
    |sc6_8_fu_564                      |    6|   0|    8|          2|
    |sc6_9_fu_568                      |    6|   0|    8|          2|
    |sc6_fu_532                        |    6|   0|    8|          2|
    |trunc_ln130_100_reg_5630          |    6|   0|    6|          0|
    |trunc_ln130_101_reg_5635          |    6|   0|    6|          0|
    |trunc_ln130_102_reg_5640          |    6|   0|    6|          0|
    |trunc_ln130_103_reg_5645          |    6|   0|    6|          0|
    |trunc_ln130_104_reg_5650          |    6|   0|    6|          0|
    |trunc_ln130_105_reg_5655          |    6|   0|    6|          0|
    |trunc_ln130_106_reg_5660          |    6|   0|    6|          0|
    |trunc_ln130_107_reg_5665          |    6|   0|    6|          0|
    |trunc_ln130_108_reg_5670          |    6|   0|    6|          0|
    |trunc_ln130_109_reg_5675          |    6|   0|    6|          0|
    |trunc_ln130_10_reg_5180           |    6|   0|    6|          0|
    |trunc_ln130_110_reg_5680          |    6|   0|    6|          0|
    |trunc_ln130_111_reg_5685          |    6|   0|    6|          0|
    |trunc_ln130_112_reg_5690          |    6|   0|    6|          0|
    |trunc_ln130_113_reg_5695          |    6|   0|    6|          0|
    |trunc_ln130_114_reg_5700          |    6|   0|    6|          0|
    |trunc_ln130_115_reg_5705          |    6|   0|    6|          0|
    |trunc_ln130_116_reg_5710          |    6|   0|    6|          0|
    |trunc_ln130_117_reg_5715          |    6|   0|    6|          0|
    |trunc_ln130_118_reg_5720          |    6|   0|    6|          0|
    |trunc_ln130_119_reg_5725          |    6|   0|    6|          0|
    |trunc_ln130_11_reg_5185           |    6|   0|    6|          0|
    |trunc_ln130_120_reg_5730          |    6|   0|    6|          0|
    |trunc_ln130_121_reg_5735          |    6|   0|    6|          0|
    |trunc_ln130_122_reg_5740          |    6|   0|    6|          0|
    |trunc_ln130_123_reg_5745          |    6|   0|    6|          0|
    |trunc_ln130_124_reg_5750          |    6|   0|    6|          0|
    |trunc_ln130_125_reg_5755          |    6|   0|    6|          0|
    |trunc_ln130_126_reg_5760          |    6|   0|    6|          0|
    |trunc_ln130_127_reg_5765          |    6|   0|    6|          0|
    |trunc_ln130_128_reg_5774          |    3|   0|    3|          0|
    |trunc_ln130_12_reg_5190           |    6|   0|    6|          0|
    |trunc_ln130_13_reg_5195           |    6|   0|    6|          0|
    |trunc_ln130_14_reg_5200           |    6|   0|    6|          0|
    |trunc_ln130_15_reg_5205           |    6|   0|    6|          0|
    |trunc_ln130_16_reg_5210           |    6|   0|    6|          0|
    |trunc_ln130_17_reg_5215           |    6|   0|    6|          0|
    |trunc_ln130_18_reg_5220           |    6|   0|    6|          0|
    |trunc_ln130_19_reg_5225           |    6|   0|    6|          0|
    |trunc_ln130_1_reg_5135            |    6|   0|    6|          0|
    |trunc_ln130_20_reg_5230           |    6|   0|    6|          0|
    |trunc_ln130_21_reg_5235           |    6|   0|    6|          0|
    |trunc_ln130_22_reg_5240           |    6|   0|    6|          0|
    |trunc_ln130_23_reg_5245           |    6|   0|    6|          0|
    |trunc_ln130_24_reg_5250           |    6|   0|    6|          0|
    |trunc_ln130_25_reg_5255           |    6|   0|    6|          0|
    |trunc_ln130_26_reg_5260           |    6|   0|    6|          0|
    |trunc_ln130_27_reg_5265           |    6|   0|    6|          0|
    |trunc_ln130_28_reg_5270           |    6|   0|    6|          0|
    |trunc_ln130_29_reg_5275           |    6|   0|    6|          0|
    |trunc_ln130_2_reg_5140            |    6|   0|    6|          0|
    |trunc_ln130_30_reg_5280           |    6|   0|    6|          0|
    |trunc_ln130_31_reg_5285           |    6|   0|    6|          0|
    |trunc_ln130_32_reg_5290           |    6|   0|    6|          0|
    |trunc_ln130_33_reg_5295           |    6|   0|    6|          0|
    |trunc_ln130_34_reg_5300           |    6|   0|    6|          0|
    |trunc_ln130_35_reg_5305           |    6|   0|    6|          0|
    |trunc_ln130_36_reg_5310           |    6|   0|    6|          0|
    |trunc_ln130_37_reg_5315           |    6|   0|    6|          0|
    |trunc_ln130_38_reg_5320           |    6|   0|    6|          0|
    |trunc_ln130_39_reg_5325           |    6|   0|    6|          0|
    |trunc_ln130_3_reg_5145            |    6|   0|    6|          0|
    |trunc_ln130_40_reg_5330           |    6|   0|    6|          0|
    |trunc_ln130_41_reg_5335           |    6|   0|    6|          0|
    |trunc_ln130_42_reg_5340           |    6|   0|    6|          0|
    |trunc_ln130_43_reg_5345           |    6|   0|    6|          0|
    |trunc_ln130_44_reg_5350           |    6|   0|    6|          0|
    |trunc_ln130_45_reg_5355           |    6|   0|    6|          0|
    |trunc_ln130_46_reg_5360           |    6|   0|    6|          0|
    |trunc_ln130_47_reg_5365           |    6|   0|    6|          0|
    |trunc_ln130_48_reg_5370           |    6|   0|    6|          0|
    |trunc_ln130_49_reg_5375           |    6|   0|    6|          0|
    |trunc_ln130_4_reg_5150            |    6|   0|    6|          0|
    |trunc_ln130_50_reg_5380           |    6|   0|    6|          0|
    |trunc_ln130_51_reg_5385           |    6|   0|    6|          0|
    |trunc_ln130_52_reg_5390           |    6|   0|    6|          0|
    |trunc_ln130_53_reg_5395           |    6|   0|    6|          0|
    |trunc_ln130_54_reg_5400           |    6|   0|    6|          0|
    |trunc_ln130_55_reg_5405           |    6|   0|    6|          0|
    |trunc_ln130_56_reg_5410           |    6|   0|    6|          0|
    |trunc_ln130_57_reg_5415           |    6|   0|    6|          0|
    |trunc_ln130_58_reg_5420           |    6|   0|    6|          0|
    |trunc_ln130_59_reg_5425           |    6|   0|    6|          0|
    |trunc_ln130_5_reg_5155            |    6|   0|    6|          0|
    |trunc_ln130_60_reg_5430           |    6|   0|    6|          0|
    |trunc_ln130_61_reg_5435           |    6|   0|    6|          0|
    |trunc_ln130_62_reg_5440           |    6|   0|    6|          0|
    |trunc_ln130_63_reg_5445           |    6|   0|    6|          0|
    |trunc_ln130_64_reg_5450           |    6|   0|    6|          0|
    |trunc_ln130_65_reg_5455           |    6|   0|    6|          0|
    |trunc_ln130_66_reg_5460           |    6|   0|    6|          0|
    |trunc_ln130_67_reg_5465           |    6|   0|    6|          0|
    |trunc_ln130_68_reg_5470           |    6|   0|    6|          0|
    |trunc_ln130_69_reg_5475           |    6|   0|    6|          0|
    |trunc_ln130_6_reg_5160            |    6|   0|    6|          0|
    |trunc_ln130_70_reg_5480           |    6|   0|    6|          0|
    |trunc_ln130_71_reg_5485           |    6|   0|    6|          0|
    |trunc_ln130_72_reg_5490           |    6|   0|    6|          0|
    |trunc_ln130_73_reg_5495           |    6|   0|    6|          0|
    |trunc_ln130_74_reg_5500           |    6|   0|    6|          0|
    |trunc_ln130_75_reg_5505           |    6|   0|    6|          0|
    |trunc_ln130_76_reg_5510           |    6|   0|    6|          0|
    |trunc_ln130_77_reg_5515           |    6|   0|    6|          0|
    |trunc_ln130_78_reg_5520           |    6|   0|    6|          0|
    |trunc_ln130_79_reg_5525           |    6|   0|    6|          0|
    |trunc_ln130_7_reg_5165            |    6|   0|    6|          0|
    |trunc_ln130_80_reg_5530           |    6|   0|    6|          0|
    |trunc_ln130_81_reg_5535           |    6|   0|    6|          0|
    |trunc_ln130_82_reg_5540           |    6|   0|    6|          0|
    |trunc_ln130_83_reg_5545           |    6|   0|    6|          0|
    |trunc_ln130_84_reg_5550           |    6|   0|    6|          0|
    |trunc_ln130_85_reg_5555           |    6|   0|    6|          0|
    |trunc_ln130_86_reg_5560           |    6|   0|    6|          0|
    |trunc_ln130_87_reg_5565           |    6|   0|    6|          0|
    |trunc_ln130_88_reg_5570           |    6|   0|    6|          0|
    |trunc_ln130_89_reg_5575           |    6|   0|    6|          0|
    |trunc_ln130_8_reg_5170            |    6|   0|    6|          0|
    |trunc_ln130_90_reg_5580           |    6|   0|    6|          0|
    |trunc_ln130_91_reg_5585           |    6|   0|    6|          0|
    |trunc_ln130_92_reg_5590           |    6|   0|    6|          0|
    |trunc_ln130_93_reg_5595           |    6|   0|    6|          0|
    |trunc_ln130_94_reg_5600           |    6|   0|    6|          0|
    |trunc_ln130_95_reg_5605           |    6|   0|    6|          0|
    |trunc_ln130_96_reg_5610           |    6|   0|    6|          0|
    |trunc_ln130_97_reg_5615           |    6|   0|    6|          0|
    |trunc_ln130_98_reg_5620           |    6|   0|    6|          0|
    |trunc_ln130_99_reg_5625           |    6|   0|    6|          0|
    |trunc_ln130_9_reg_5175            |    6|   0|    6|          0|
    |trunc_ln130_reg_5130              |    6|   0|    6|          0|
    |trunc_ln132_reg_5778              |   16|   0|   16|          0|
    |icmp_ln130_reg_5770               |   64|  32|    1|          0|
    |trunc_ln130_100_reg_5630          |   64|  32|    6|          0|
    |trunc_ln130_101_reg_5635          |   64|  32|    6|          0|
    |trunc_ln130_102_reg_5640          |   64|  32|    6|          0|
    |trunc_ln130_103_reg_5645          |   64|  32|    6|          0|
    |trunc_ln130_104_reg_5650          |   64|  32|    6|          0|
    |trunc_ln130_105_reg_5655          |   64|  32|    6|          0|
    |trunc_ln130_106_reg_5660          |   64|  32|    6|          0|
    |trunc_ln130_107_reg_5665          |   64|  32|    6|          0|
    |trunc_ln130_108_reg_5670          |   64|  32|    6|          0|
    |trunc_ln130_109_reg_5675          |   64|  32|    6|          0|
    |trunc_ln130_10_reg_5180           |   64|  32|    6|          0|
    |trunc_ln130_110_reg_5680          |   64|  32|    6|          0|
    |trunc_ln130_111_reg_5685          |   64|  32|    6|          0|
    |trunc_ln130_112_reg_5690          |   64|  32|    6|          0|
    |trunc_ln130_113_reg_5695          |   64|  32|    6|          0|
    |trunc_ln130_114_reg_5700          |   64|  32|    6|          0|
    |trunc_ln130_115_reg_5705          |   64|  32|    6|          0|
    |trunc_ln130_116_reg_5710          |   64|  32|    6|          0|
    |trunc_ln130_117_reg_5715          |   64|  32|    6|          0|
    |trunc_ln130_118_reg_5720          |   64|  32|    6|          0|
    |trunc_ln130_119_reg_5725          |   64|  32|    6|          0|
    |trunc_ln130_11_reg_5185           |   64|  32|    6|          0|
    |trunc_ln130_120_reg_5730          |   64|  32|    6|          0|
    |trunc_ln130_121_reg_5735          |   64|  32|    6|          0|
    |trunc_ln130_122_reg_5740          |   64|  32|    6|          0|
    |trunc_ln130_123_reg_5745          |   64|  32|    6|          0|
    |trunc_ln130_124_reg_5750          |   64|  32|    6|          0|
    |trunc_ln130_125_reg_5755          |   64|  32|    6|          0|
    |trunc_ln130_126_reg_5760          |   64|  32|    6|          0|
    |trunc_ln130_127_reg_5765          |   64|  32|    6|          0|
    |trunc_ln130_128_reg_5774          |   64|  32|    3|          0|
    |trunc_ln130_12_reg_5190           |   64|  32|    6|          0|
    |trunc_ln130_13_reg_5195           |   64|  32|    6|          0|
    |trunc_ln130_14_reg_5200           |   64|  32|    6|          0|
    |trunc_ln130_15_reg_5205           |   64|  32|    6|          0|
    |trunc_ln130_16_reg_5210           |   64|  32|    6|          0|
    |trunc_ln130_17_reg_5215           |   64|  32|    6|          0|
    |trunc_ln130_18_reg_5220           |   64|  32|    6|          0|
    |trunc_ln130_19_reg_5225           |   64|  32|    6|          0|
    |trunc_ln130_1_reg_5135            |   64|  32|    6|          0|
    |trunc_ln130_20_reg_5230           |   64|  32|    6|          0|
    |trunc_ln130_21_reg_5235           |   64|  32|    6|          0|
    |trunc_ln130_22_reg_5240           |   64|  32|    6|          0|
    |trunc_ln130_23_reg_5245           |   64|  32|    6|          0|
    |trunc_ln130_24_reg_5250           |   64|  32|    6|          0|
    |trunc_ln130_25_reg_5255           |   64|  32|    6|          0|
    |trunc_ln130_26_reg_5260           |   64|  32|    6|          0|
    |trunc_ln130_27_reg_5265           |   64|  32|    6|          0|
    |trunc_ln130_28_reg_5270           |   64|  32|    6|          0|
    |trunc_ln130_29_reg_5275           |   64|  32|    6|          0|
    |trunc_ln130_2_reg_5140            |   64|  32|    6|          0|
    |trunc_ln130_30_reg_5280           |   64|  32|    6|          0|
    |trunc_ln130_31_reg_5285           |   64|  32|    6|          0|
    |trunc_ln130_32_reg_5290           |   64|  32|    6|          0|
    |trunc_ln130_33_reg_5295           |   64|  32|    6|          0|
    |trunc_ln130_34_reg_5300           |   64|  32|    6|          0|
    |trunc_ln130_35_reg_5305           |   64|  32|    6|          0|
    |trunc_ln130_36_reg_5310           |   64|  32|    6|          0|
    |trunc_ln130_37_reg_5315           |   64|  32|    6|          0|
    |trunc_ln130_38_reg_5320           |   64|  32|    6|          0|
    |trunc_ln130_39_reg_5325           |   64|  32|    6|          0|
    |trunc_ln130_3_reg_5145            |   64|  32|    6|          0|
    |trunc_ln130_40_reg_5330           |   64|  32|    6|          0|
    |trunc_ln130_41_reg_5335           |   64|  32|    6|          0|
    |trunc_ln130_42_reg_5340           |   64|  32|    6|          0|
    |trunc_ln130_43_reg_5345           |   64|  32|    6|          0|
    |trunc_ln130_44_reg_5350           |   64|  32|    6|          0|
    |trunc_ln130_45_reg_5355           |   64|  32|    6|          0|
    |trunc_ln130_46_reg_5360           |   64|  32|    6|          0|
    |trunc_ln130_47_reg_5365           |   64|  32|    6|          0|
    |trunc_ln130_48_reg_5370           |   64|  32|    6|          0|
    |trunc_ln130_49_reg_5375           |   64|  32|    6|          0|
    |trunc_ln130_4_reg_5150            |   64|  32|    6|          0|
    |trunc_ln130_50_reg_5380           |   64|  32|    6|          0|
    |trunc_ln130_51_reg_5385           |   64|  32|    6|          0|
    |trunc_ln130_52_reg_5390           |   64|  32|    6|          0|
    |trunc_ln130_53_reg_5395           |   64|  32|    6|          0|
    |trunc_ln130_54_reg_5400           |   64|  32|    6|          0|
    |trunc_ln130_55_reg_5405           |   64|  32|    6|          0|
    |trunc_ln130_56_reg_5410           |   64|  32|    6|          0|
    |trunc_ln130_57_reg_5415           |   64|  32|    6|          0|
    |trunc_ln130_58_reg_5420           |   64|  32|    6|          0|
    |trunc_ln130_59_reg_5425           |   64|  32|    6|          0|
    |trunc_ln130_5_reg_5155            |   64|  32|    6|          0|
    |trunc_ln130_60_reg_5430           |   64|  32|    6|          0|
    |trunc_ln130_61_reg_5435           |   64|  32|    6|          0|
    |trunc_ln130_62_reg_5440           |   64|  32|    6|          0|
    |trunc_ln130_63_reg_5445           |   64|  32|    6|          0|
    |trunc_ln130_64_reg_5450           |   64|  32|    6|          0|
    |trunc_ln130_65_reg_5455           |   64|  32|    6|          0|
    |trunc_ln130_66_reg_5460           |   64|  32|    6|          0|
    |trunc_ln130_67_reg_5465           |   64|  32|    6|          0|
    |trunc_ln130_68_reg_5470           |   64|  32|    6|          0|
    |trunc_ln130_69_reg_5475           |   64|  32|    6|          0|
    |trunc_ln130_6_reg_5160            |   64|  32|    6|          0|
    |trunc_ln130_70_reg_5480           |   64|  32|    6|          0|
    |trunc_ln130_71_reg_5485           |   64|  32|    6|          0|
    |trunc_ln130_72_reg_5490           |   64|  32|    6|          0|
    |trunc_ln130_73_reg_5495           |   64|  32|    6|          0|
    |trunc_ln130_74_reg_5500           |   64|  32|    6|          0|
    |trunc_ln130_75_reg_5505           |   64|  32|    6|          0|
    |trunc_ln130_76_reg_5510           |   64|  32|    6|          0|
    |trunc_ln130_77_reg_5515           |   64|  32|    6|          0|
    |trunc_ln130_78_reg_5520           |   64|  32|    6|          0|
    |trunc_ln130_79_reg_5525           |   64|  32|    6|          0|
    |trunc_ln130_7_reg_5165            |   64|  32|    6|          0|
    |trunc_ln130_80_reg_5530           |   64|  32|    6|          0|
    |trunc_ln130_81_reg_5535           |   64|  32|    6|          0|
    |trunc_ln130_82_reg_5540           |   64|  32|    6|          0|
    |trunc_ln130_83_reg_5545           |   64|  32|    6|          0|
    |trunc_ln130_84_reg_5550           |   64|  32|    6|          0|
    |trunc_ln130_85_reg_5555           |   64|  32|    6|          0|
    |trunc_ln130_86_reg_5560           |   64|  32|    6|          0|
    |trunc_ln130_87_reg_5565           |   64|  32|    6|          0|
    |trunc_ln130_88_reg_5570           |   64|  32|    6|          0|
    |trunc_ln130_89_reg_5575           |   64|  32|    6|          0|
    |trunc_ln130_8_reg_5170            |   64|  32|    6|          0|
    |trunc_ln130_90_reg_5580           |   64|  32|    6|          0|
    |trunc_ln130_91_reg_5585           |   64|  32|    6|          0|
    |trunc_ln130_92_reg_5590           |   64|  32|    6|          0|
    |trunc_ln130_93_reg_5595           |   64|  32|    6|          0|
    |trunc_ln130_94_reg_5600           |   64|  32|    6|          0|
    |trunc_ln130_95_reg_5605           |   64|  32|    6|          0|
    |trunc_ln130_96_reg_5610           |   64|  32|    6|          0|
    |trunc_ln130_97_reg_5615           |   64|  32|    6|          0|
    |trunc_ln130_98_reg_5620           |   64|  32|    6|          0|
    |trunc_ln130_99_reg_5625           |   64|  32|    6|          0|
    |trunc_ln130_9_reg_5175            |   64|  32|    6|          0|
    |trunc_ln130_reg_5130              |   64|  32|    6|          0|
    +----------------------------------+-----+----+-----+-----------+
    |Total                             |10421|4160| 3129|        256|
    +----------------------------------+-----+----+-----+-----------+



================================================================
== Interface
================================================================
* Summary: 
+----------------------------+-----+-----+------------+--------------------------------------------+--------------+
|          RTL Ports         | Dir | Bits|  Protocol  |                Source Object               |    C Type    |
+----------------------------+-----+-----+------------+--------------------------------------------+--------------+
|ap_clk                      |   in|    1|  ap_ctrl_hs|  mac_blocks_wv_k1_Pipeline_UNPACK_HDR_WV_K1|  return value|
|ap_rst                      |   in|    1|  ap_ctrl_hs|  mac_blocks_wv_k1_Pipeline_UNPACK_HDR_WV_K1|  return value|
|ap_start                    |   in|    1|  ap_ctrl_hs|  mac_blocks_wv_k1_Pipeline_UNPACK_HDR_WV_K1|  return value|
|ap_done                     |  out|    1|  ap_ctrl_hs|  mac_blocks_wv_k1_Pipeline_UNPACK_HDR_WV_K1|  return value|
|ap_idle                     |  out|    1|  ap_ctrl_hs|  mac_blocks_wv_k1_Pipeline_UNPACK_HDR_WV_K1|  return value|
|ap_ready                    |  out|    1|  ap_ctrl_hs|  mac_blocks_wv_k1_Pipeline_UNPACK_HDR_WV_K1|  return value|
|rb_0_load                   |   in|  128|     ap_none|                                   rb_0_load|        scalar|
|rb_1_load                   |   in|  128|     ap_none|                                   rb_1_load|        scalar|
|rb_2_load                   |   in|  128|     ap_none|                                   rb_2_load|        scalar|
|rb_3_load                   |   in|  128|     ap_none|                                   rb_3_load|        scalar|
|rb_4_load                   |   in|  128|     ap_none|                                   rb_4_load|        scalar|
|rb_5_load                   |   in|  128|     ap_none|                                   rb_5_load|        scalar|
|rb_6_load                   |   in|  128|     ap_none|                                   rb_6_load|        scalar|
|rb_7_load                   |   in|  128|     ap_none|                                   rb_7_load|        scalar|
|mn6_63_out                  |  out|    6|      ap_vld|                                  mn6_63_out|       pointer|
|mn6_63_out_ap_vld           |  out|    1|      ap_vld|                                  mn6_63_out|       pointer|
|mn6_62_out                  |  out|    6|      ap_vld|                                  mn6_62_out|       pointer|
|mn6_62_out_ap_vld           |  out|    1|      ap_vld|                                  mn6_62_out|       pointer|
|mn6_61_out                  |  out|    6|      ap_vld|                                  mn6_61_out|       pointer|
|mn6_61_out_ap_vld           |  out|    1|      ap_vld|                                  mn6_61_out|       pointer|
|mn6_60_out                  |  out|    6|      ap_vld|                                  mn6_60_out|       pointer|
|mn6_60_out_ap_vld           |  out|    1|      ap_vld|                                  mn6_60_out|       pointer|
|mn6_59_out                  |  out|    6|      ap_vld|                                  mn6_59_out|       pointer|
|mn6_59_out_ap_vld           |  out|    1|      ap_vld|                                  mn6_59_out|       pointer|
|mn6_58_out                  |  out|    6|      ap_vld|                                  mn6_58_out|       pointer|
|mn6_58_out_ap_vld           |  out|    1|      ap_vld|                                  mn6_58_out|       pointer|
|mn6_57_out                  |  out|    6|      ap_vld|                                  mn6_57_out|       pointer|
|mn6_57_out_ap_vld           |  out|    1|      ap_vld|                                  mn6_57_out|       pointer|
|mn6_56_out                  |  out|    6|      ap_vld|                                  mn6_56_out|       pointer|
|mn6_56_out_ap_vld           |  out|    1|      ap_vld|                                  mn6_56_out|       pointer|
|mn6_55_out                  |  out|    6|      ap_vld|                                  mn6_55_out|       pointer|
|mn6_55_out_ap_vld           |  out|    1|      ap_vld|                                  mn6_55_out|       pointer|
|mn6_54_out                  |  out|    6|      ap_vld|                                  mn6_54_out|       pointer|
|mn6_54_out_ap_vld           |  out|    1|      ap_vld|                                  mn6_54_out|       pointer|
|mn6_53_out                  |  out|    6|      ap_vld|                                  mn6_53_out|       pointer|
|mn6_53_out_ap_vld           |  out|    1|      ap_vld|                                  mn6_53_out|       pointer|
|mn6_52_out                  |  out|    6|      ap_vld|                                  mn6_52_out|       pointer|
|mn6_52_out_ap_vld           |  out|    1|      ap_vld|                                  mn6_52_out|       pointer|
|mn6_51_out                  |  out|    6|      ap_vld|                                  mn6_51_out|       pointer|
|mn6_51_out_ap_vld           |  out|    1|      ap_vld|                                  mn6_51_out|       pointer|
|mn6_50_out                  |  out|    6|      ap_vld|                                  mn6_50_out|       pointer|
|mn6_50_out_ap_vld           |  out|    1|      ap_vld|                                  mn6_50_out|       pointer|
|mn6_49_out                  |  out|    6|      ap_vld|                                  mn6_49_out|       pointer|
|mn6_49_out_ap_vld           |  out|    1|      ap_vld|                                  mn6_49_out|       pointer|
|mn6_48_out                  |  out|    6|      ap_vld|                                  mn6_48_out|       pointer|
|mn6_48_out_ap_vld           |  out|    1|      ap_vld|                                  mn6_48_out|       pointer|
|mn6_47_out                  |  out|    6|      ap_vld|                                  mn6_47_out|       pointer|
|mn6_47_out_ap_vld           |  out|    1|      ap_vld|                                  mn6_47_out|       pointer|
|mn6_46_out                  |  out|    6|      ap_vld|                                  mn6_46_out|       pointer|
|mn6_46_out_ap_vld           |  out|    1|      ap_vld|                                  mn6_46_out|       pointer|
|mn6_45_out                  |  out|    6|      ap_vld|                                  mn6_45_out|       pointer|
|mn6_45_out_ap_vld           |  out|    1|      ap_vld|                                  mn6_45_out|       pointer|
|mn6_44_out                  |  out|    6|      ap_vld|                                  mn6_44_out|       pointer|
|mn6_44_out_ap_vld           |  out|    1|      ap_vld|                                  mn6_44_out|       pointer|
|mn6_43_out                  |  out|    6|      ap_vld|                                  mn6_43_out|       pointer|
|mn6_43_out_ap_vld           |  out|    1|      ap_vld|                                  mn6_43_out|       pointer|
|mn6_42_out                  |  out|    6|      ap_vld|                                  mn6_42_out|       pointer|
|mn6_42_out_ap_vld           |  out|    1|      ap_vld|                                  mn6_42_out|       pointer|
|mn6_41_out                  |  out|    6|      ap_vld|                                  mn6_41_out|       pointer|
|mn6_41_out_ap_vld           |  out|    1|      ap_vld|                                  mn6_41_out|       pointer|
|mn6_40_out                  |  out|    6|      ap_vld|                                  mn6_40_out|       pointer|
|mn6_40_out_ap_vld           |  out|    1|      ap_vld|                                  mn6_40_out|       pointer|
|mn6_39_out                  |  out|    6|      ap_vld|                                  mn6_39_out|       pointer|
|mn6_39_out_ap_vld           |  out|    1|      ap_vld|                                  mn6_39_out|       pointer|
|mn6_38_out                  |  out|    6|      ap_vld|                                  mn6_38_out|       pointer|
|mn6_38_out_ap_vld           |  out|    1|      ap_vld|                                  mn6_38_out|       pointer|
|mn6_37_out                  |  out|    6|      ap_vld|                                  mn6_37_out|       pointer|
|mn6_37_out_ap_vld           |  out|    1|      ap_vld|                                  mn6_37_out|       pointer|
|mn6_36_out                  |  out|    6|      ap_vld|                                  mn6_36_out|       pointer|
|mn6_36_out_ap_vld           |  out|    1|      ap_vld|                                  mn6_36_out|       pointer|
|mn6_35_out                  |  out|    6|      ap_vld|                                  mn6_35_out|       pointer|
|mn6_35_out_ap_vld           |  out|    1|      ap_vld|                                  mn6_35_out|       pointer|
|mn6_34_out                  |  out|    6|      ap_vld|                                  mn6_34_out|       pointer|
|mn6_34_out_ap_vld           |  out|    1|      ap_vld|                                  mn6_34_out|       pointer|
|mn6_33_out                  |  out|    6|      ap_vld|                                  mn6_33_out|       pointer|
|mn6_33_out_ap_vld           |  out|    1|      ap_vld|                                  mn6_33_out|       pointer|
|mn6_32_out                  |  out|    6|      ap_vld|                                  mn6_32_out|       pointer|
|mn6_32_out_ap_vld           |  out|    1|      ap_vld|                                  mn6_32_out|       pointer|
|mn6_31_out                  |  out|    6|      ap_vld|                                  mn6_31_out|       pointer|
|mn6_31_out_ap_vld           |  out|    1|      ap_vld|                                  mn6_31_out|       pointer|
|mn6_30_out                  |  out|    6|      ap_vld|                                  mn6_30_out|       pointer|
|mn6_30_out_ap_vld           |  out|    1|      ap_vld|                                  mn6_30_out|       pointer|
|mn6_29_out                  |  out|    6|      ap_vld|                                  mn6_29_out|       pointer|
|mn6_29_out_ap_vld           |  out|    1|      ap_vld|                                  mn6_29_out|       pointer|
|mn6_28_out                  |  out|    6|      ap_vld|                                  mn6_28_out|       pointer|
|mn6_28_out_ap_vld           |  out|    1|      ap_vld|                                  mn6_28_out|       pointer|
|mn6_27_out                  |  out|    6|      ap_vld|                                  mn6_27_out|       pointer|
|mn6_27_out_ap_vld           |  out|    1|      ap_vld|                                  mn6_27_out|       pointer|
|mn6_26_out                  |  out|    6|      ap_vld|                                  mn6_26_out|       pointer|
|mn6_26_out_ap_vld           |  out|    1|      ap_vld|                                  mn6_26_out|       pointer|
|mn6_25_out                  |  out|    6|      ap_vld|                                  mn6_25_out|       pointer|
|mn6_25_out_ap_vld           |  out|    1|      ap_vld|                                  mn6_25_out|       pointer|
|mn6_24_out                  |  out|    6|      ap_vld|                                  mn6_24_out|       pointer|
|mn6_24_out_ap_vld           |  out|    1|      ap_vld|                                  mn6_24_out|       pointer|
|mn6_23_out                  |  out|    6|      ap_vld|                                  mn6_23_out|       pointer|
|mn6_23_out_ap_vld           |  out|    1|      ap_vld|                                  mn6_23_out|       pointer|
|mn6_22_out                  |  out|    6|      ap_vld|                                  mn6_22_out|       pointer|
|mn6_22_out_ap_vld           |  out|    1|      ap_vld|                                  mn6_22_out|       pointer|
|mn6_21_out                  |  out|    6|      ap_vld|                                  mn6_21_out|       pointer|
|mn6_21_out_ap_vld           |  out|    1|      ap_vld|                                  mn6_21_out|       pointer|
|mn6_20_out                  |  out|    6|      ap_vld|                                  mn6_20_out|       pointer|
|mn6_20_out_ap_vld           |  out|    1|      ap_vld|                                  mn6_20_out|       pointer|
|mn6_19_out                  |  out|    6|      ap_vld|                                  mn6_19_out|       pointer|
|mn6_19_out_ap_vld           |  out|    1|      ap_vld|                                  mn6_19_out|       pointer|
|mn6_18_out                  |  out|    6|      ap_vld|                                  mn6_18_out|       pointer|
|mn6_18_out_ap_vld           |  out|    1|      ap_vld|                                  mn6_18_out|       pointer|
|mn6_17_out                  |  out|    6|      ap_vld|                                  mn6_17_out|       pointer|
|mn6_17_out_ap_vld           |  out|    1|      ap_vld|                                  mn6_17_out|       pointer|
|mn6_16_out                  |  out|    6|      ap_vld|                                  mn6_16_out|       pointer|
|mn6_16_out_ap_vld           |  out|    1|      ap_vld|                                  mn6_16_out|       pointer|
|mn6_15_out                  |  out|    6|      ap_vld|                                  mn6_15_out|       pointer|
|mn6_15_out_ap_vld           |  out|    1|      ap_vld|                                  mn6_15_out|       pointer|
|mn6_14_out                  |  out|    6|      ap_vld|                                  mn6_14_out|       pointer|
|mn6_14_out_ap_vld           |  out|    1|      ap_vld|                                  mn6_14_out|       pointer|
|mn6_13_out                  |  out|    6|      ap_vld|                                  mn6_13_out|       pointer|
|mn6_13_out_ap_vld           |  out|    1|      ap_vld|                                  mn6_13_out|       pointer|
|mn6_12_out                  |  out|    6|      ap_vld|                                  mn6_12_out|       pointer|
|mn6_12_out_ap_vld           |  out|    1|      ap_vld|                                  mn6_12_out|       pointer|
|mn6_11_out                  |  out|    6|      ap_vld|                                  mn6_11_out|       pointer|
|mn6_11_out_ap_vld           |  out|    1|      ap_vld|                                  mn6_11_out|       pointer|
|mn6_10_out                  |  out|    6|      ap_vld|                                  mn6_10_out|       pointer|
|mn6_10_out_ap_vld           |  out|    1|      ap_vld|                                  mn6_10_out|       pointer|
|mn6_9_out                   |  out|    6|      ap_vld|                                   mn6_9_out|       pointer|
|mn6_9_out_ap_vld            |  out|    1|      ap_vld|                                   mn6_9_out|       pointer|
|mn6_8_out                   |  out|    6|      ap_vld|                                   mn6_8_out|       pointer|
|mn6_8_out_ap_vld            |  out|    1|      ap_vld|                                   mn6_8_out|       pointer|
|mn6_7_out                   |  out|    6|      ap_vld|                                   mn6_7_out|       pointer|
|mn6_7_out_ap_vld            |  out|    1|      ap_vld|                                   mn6_7_out|       pointer|
|mn6_6_out                   |  out|    6|      ap_vld|                                   mn6_6_out|       pointer|
|mn6_6_out_ap_vld            |  out|    1|      ap_vld|                                   mn6_6_out|       pointer|
|mn6_5_out                   |  out|    6|      ap_vld|                                   mn6_5_out|       pointer|
|mn6_5_out_ap_vld            |  out|    1|      ap_vld|                                   mn6_5_out|       pointer|
|mn6_4_out                   |  out|    6|      ap_vld|                                   mn6_4_out|       pointer|
|mn6_4_out_ap_vld            |  out|    1|      ap_vld|                                   mn6_4_out|       pointer|
|mn6_3_out                   |  out|    6|      ap_vld|                                   mn6_3_out|       pointer|
|mn6_3_out_ap_vld            |  out|    1|      ap_vld|                                   mn6_3_out|       pointer|
|mn6_2_out                   |  out|    6|      ap_vld|                                   mn6_2_out|       pointer|
|mn6_2_out_ap_vld            |  out|    1|      ap_vld|                                   mn6_2_out|       pointer|
|mn6_1_out                   |  out|    6|      ap_vld|                                   mn6_1_out|       pointer|
|mn6_1_out_ap_vld            |  out|    1|      ap_vld|                                   mn6_1_out|       pointer|
|mn6_out                     |  out|    6|      ap_vld|                                     mn6_out|       pointer|
|mn6_out_ap_vld              |  out|    1|      ap_vld|                                     mn6_out|       pointer|
|sc6_63_out                  |  out|    6|      ap_vld|                                  sc6_63_out|       pointer|
|sc6_63_out_ap_vld           |  out|    1|      ap_vld|                                  sc6_63_out|       pointer|
|sc6_62_out                  |  out|    6|      ap_vld|                                  sc6_62_out|       pointer|
|sc6_62_out_ap_vld           |  out|    1|      ap_vld|                                  sc6_62_out|       pointer|
|sc6_61_out                  |  out|    6|      ap_vld|                                  sc6_61_out|       pointer|
|sc6_61_out_ap_vld           |  out|    1|      ap_vld|                                  sc6_61_out|       pointer|
|sc6_60_out                  |  out|    6|      ap_vld|                                  sc6_60_out|       pointer|
|sc6_60_out_ap_vld           |  out|    1|      ap_vld|                                  sc6_60_out|       pointer|
|sc6_59_out                  |  out|    6|      ap_vld|                                  sc6_59_out|       pointer|
|sc6_59_out_ap_vld           |  out|    1|      ap_vld|                                  sc6_59_out|       pointer|
|sc6_58_out                  |  out|    6|      ap_vld|                                  sc6_58_out|       pointer|
|sc6_58_out_ap_vld           |  out|    1|      ap_vld|                                  sc6_58_out|       pointer|
|sc6_57_out                  |  out|    6|      ap_vld|                                  sc6_57_out|       pointer|
|sc6_57_out_ap_vld           |  out|    1|      ap_vld|                                  sc6_57_out|       pointer|
|sc6_56_out                  |  out|    6|      ap_vld|                                  sc6_56_out|       pointer|
|sc6_56_out_ap_vld           |  out|    1|      ap_vld|                                  sc6_56_out|       pointer|
|sc6_55_out                  |  out|    6|      ap_vld|                                  sc6_55_out|       pointer|
|sc6_55_out_ap_vld           |  out|    1|      ap_vld|                                  sc6_55_out|       pointer|
|sc6_54_out                  |  out|    6|      ap_vld|                                  sc6_54_out|       pointer|
|sc6_54_out_ap_vld           |  out|    1|      ap_vld|                                  sc6_54_out|       pointer|
|sc6_53_out                  |  out|    6|      ap_vld|                                  sc6_53_out|       pointer|
|sc6_53_out_ap_vld           |  out|    1|      ap_vld|                                  sc6_53_out|       pointer|
|sc6_52_out                  |  out|    6|      ap_vld|                                  sc6_52_out|       pointer|
|sc6_52_out_ap_vld           |  out|    1|      ap_vld|                                  sc6_52_out|       pointer|
|sc6_51_out                  |  out|    6|      ap_vld|                                  sc6_51_out|       pointer|
|sc6_51_out_ap_vld           |  out|    1|      ap_vld|                                  sc6_51_out|       pointer|
|sc6_50_out                  |  out|    6|      ap_vld|                                  sc6_50_out|       pointer|
|sc6_50_out_ap_vld           |  out|    1|      ap_vld|                                  sc6_50_out|       pointer|
|sc6_49_out                  |  out|    6|      ap_vld|                                  sc6_49_out|       pointer|
|sc6_49_out_ap_vld           |  out|    1|      ap_vld|                                  sc6_49_out|       pointer|
|sc6_48_out                  |  out|    6|      ap_vld|                                  sc6_48_out|       pointer|
|sc6_48_out_ap_vld           |  out|    1|      ap_vld|                                  sc6_48_out|       pointer|
|sc6_47_out                  |  out|    6|      ap_vld|                                  sc6_47_out|       pointer|
|sc6_47_out_ap_vld           |  out|    1|      ap_vld|                                  sc6_47_out|       pointer|
|sc6_46_out                  |  out|    6|      ap_vld|                                  sc6_46_out|       pointer|
|sc6_46_out_ap_vld           |  out|    1|      ap_vld|                                  sc6_46_out|       pointer|
|sc6_45_out                  |  out|    6|      ap_vld|                                  sc6_45_out|       pointer|
|sc6_45_out_ap_vld           |  out|    1|      ap_vld|                                  sc6_45_out|       pointer|
|sc6_44_out                  |  out|    6|      ap_vld|                                  sc6_44_out|       pointer|
|sc6_44_out_ap_vld           |  out|    1|      ap_vld|                                  sc6_44_out|       pointer|
|sc6_43_out                  |  out|    6|      ap_vld|                                  sc6_43_out|       pointer|
|sc6_43_out_ap_vld           |  out|    1|      ap_vld|                                  sc6_43_out|       pointer|
|sc6_42_out                  |  out|    6|      ap_vld|                                  sc6_42_out|       pointer|
|sc6_42_out_ap_vld           |  out|    1|      ap_vld|                                  sc6_42_out|       pointer|
|sc6_41_out                  |  out|    6|      ap_vld|                                  sc6_41_out|       pointer|
|sc6_41_out_ap_vld           |  out|    1|      ap_vld|                                  sc6_41_out|       pointer|
|sc6_40_out                  |  out|    6|      ap_vld|                                  sc6_40_out|       pointer|
|sc6_40_out_ap_vld           |  out|    1|      ap_vld|                                  sc6_40_out|       pointer|
|sc6_39_out                  |  out|    6|      ap_vld|                                  sc6_39_out|       pointer|
|sc6_39_out_ap_vld           |  out|    1|      ap_vld|                                  sc6_39_out|       pointer|
|sc6_38_out                  |  out|    6|      ap_vld|                                  sc6_38_out|       pointer|
|sc6_38_out_ap_vld           |  out|    1|      ap_vld|                                  sc6_38_out|       pointer|
|sc6_37_out                  |  out|    6|      ap_vld|                                  sc6_37_out|       pointer|
|sc6_37_out_ap_vld           |  out|    1|      ap_vld|                                  sc6_37_out|       pointer|
|sc6_36_out                  |  out|    6|      ap_vld|                                  sc6_36_out|       pointer|
|sc6_36_out_ap_vld           |  out|    1|      ap_vld|                                  sc6_36_out|       pointer|
|sc6_35_out                  |  out|    6|      ap_vld|                                  sc6_35_out|       pointer|
|sc6_35_out_ap_vld           |  out|    1|      ap_vld|                                  sc6_35_out|       pointer|
|sc6_34_out                  |  out|    6|      ap_vld|                                  sc6_34_out|       pointer|
|sc6_34_out_ap_vld           |  out|    1|      ap_vld|                                  sc6_34_out|       pointer|
|sc6_33_out                  |  out|    6|      ap_vld|                                  sc6_33_out|       pointer|
|sc6_33_out_ap_vld           |  out|    1|      ap_vld|                                  sc6_33_out|       pointer|
|sc6_32_out                  |  out|    6|      ap_vld|                                  sc6_32_out|       pointer|
|sc6_32_out_ap_vld           |  out|    1|      ap_vld|                                  sc6_32_out|       pointer|
|sc6_31_out                  |  out|    6|      ap_vld|                                  sc6_31_out|       pointer|
|sc6_31_out_ap_vld           |  out|    1|      ap_vld|                                  sc6_31_out|       pointer|
|sc6_30_out                  |  out|    6|      ap_vld|                                  sc6_30_out|       pointer|
|sc6_30_out_ap_vld           |  out|    1|      ap_vld|                                  sc6_30_out|       pointer|
|sc6_29_out                  |  out|    6|      ap_vld|                                  sc6_29_out|       pointer|
|sc6_29_out_ap_vld           |  out|    1|      ap_vld|                                  sc6_29_out|       pointer|
|sc6_28_out                  |  out|    6|      ap_vld|                                  sc6_28_out|       pointer|
|sc6_28_out_ap_vld           |  out|    1|      ap_vld|                                  sc6_28_out|       pointer|
|sc6_27_out                  |  out|    6|      ap_vld|                                  sc6_27_out|       pointer|
|sc6_27_out_ap_vld           |  out|    1|      ap_vld|                                  sc6_27_out|       pointer|
|sc6_26_out                  |  out|    6|      ap_vld|                                  sc6_26_out|       pointer|
|sc6_26_out_ap_vld           |  out|    1|      ap_vld|                                  sc6_26_out|       pointer|
|sc6_25_out                  |  out|    6|      ap_vld|                                  sc6_25_out|       pointer|
|sc6_25_out_ap_vld           |  out|    1|      ap_vld|                                  sc6_25_out|       pointer|
|sc6_24_out                  |  out|    6|      ap_vld|                                  sc6_24_out|       pointer|
|sc6_24_out_ap_vld           |  out|    1|      ap_vld|                                  sc6_24_out|       pointer|
|sc6_23_out                  |  out|    6|      ap_vld|                                  sc6_23_out|       pointer|
|sc6_23_out_ap_vld           |  out|    1|      ap_vld|                                  sc6_23_out|       pointer|
|sc6_22_out                  |  out|    6|      ap_vld|                                  sc6_22_out|       pointer|
|sc6_22_out_ap_vld           |  out|    1|      ap_vld|                                  sc6_22_out|       pointer|
|sc6_21_out                  |  out|    6|      ap_vld|                                  sc6_21_out|       pointer|
|sc6_21_out_ap_vld           |  out|    1|      ap_vld|                                  sc6_21_out|       pointer|
|sc6_20_out                  |  out|    6|      ap_vld|                                  sc6_20_out|       pointer|
|sc6_20_out_ap_vld           |  out|    1|      ap_vld|                                  sc6_20_out|       pointer|
|sc6_19_out                  |  out|    6|      ap_vld|                                  sc6_19_out|       pointer|
|sc6_19_out_ap_vld           |  out|    1|      ap_vld|                                  sc6_19_out|       pointer|
|sc6_18_out                  |  out|    6|      ap_vld|                                  sc6_18_out|       pointer|
|sc6_18_out_ap_vld           |  out|    1|      ap_vld|                                  sc6_18_out|       pointer|
|sc6_17_out                  |  out|    6|      ap_vld|                                  sc6_17_out|       pointer|
|sc6_17_out_ap_vld           |  out|    1|      ap_vld|                                  sc6_17_out|       pointer|
|sc6_16_out                  |  out|    6|      ap_vld|                                  sc6_16_out|       pointer|
|sc6_16_out_ap_vld           |  out|    1|      ap_vld|                                  sc6_16_out|       pointer|
|sc6_15_out                  |  out|    6|      ap_vld|                                  sc6_15_out|       pointer|
|sc6_15_out_ap_vld           |  out|    1|      ap_vld|                                  sc6_15_out|       pointer|
|sc6_14_out                  |  out|    6|      ap_vld|                                  sc6_14_out|       pointer|
|sc6_14_out_ap_vld           |  out|    1|      ap_vld|                                  sc6_14_out|       pointer|
|sc6_13_out                  |  out|    6|      ap_vld|                                  sc6_13_out|       pointer|
|sc6_13_out_ap_vld           |  out|    1|      ap_vld|                                  sc6_13_out|       pointer|
|sc6_12_out                  |  out|    6|      ap_vld|                                  sc6_12_out|       pointer|
|sc6_12_out_ap_vld           |  out|    1|      ap_vld|                                  sc6_12_out|       pointer|
|sc6_11_out                  |  out|    6|      ap_vld|                                  sc6_11_out|       pointer|
|sc6_11_out_ap_vld           |  out|    1|      ap_vld|                                  sc6_11_out|       pointer|
|sc6_10_out                  |  out|    6|      ap_vld|                                  sc6_10_out|       pointer|
|sc6_10_out_ap_vld           |  out|    1|      ap_vld|                                  sc6_10_out|       pointer|
|sc6_9_out                   |  out|    6|      ap_vld|                                   sc6_9_out|       pointer|
|sc6_9_out_ap_vld            |  out|    1|      ap_vld|                                   sc6_9_out|       pointer|
|sc6_8_out                   |  out|    6|      ap_vld|                                   sc6_8_out|       pointer|
|sc6_8_out_ap_vld            |  out|    1|      ap_vld|                                   sc6_8_out|       pointer|
|sc6_7_out                   |  out|    6|      ap_vld|                                   sc6_7_out|       pointer|
|sc6_7_out_ap_vld            |  out|    1|      ap_vld|                                   sc6_7_out|       pointer|
|sc6_6_out                   |  out|    6|      ap_vld|                                   sc6_6_out|       pointer|
|sc6_6_out_ap_vld            |  out|    1|      ap_vld|                                   sc6_6_out|       pointer|
|sc6_5_out                   |  out|    6|      ap_vld|                                   sc6_5_out|       pointer|
|sc6_5_out_ap_vld            |  out|    1|      ap_vld|                                   sc6_5_out|       pointer|
|sc6_4_out                   |  out|    6|      ap_vld|                                   sc6_4_out|       pointer|
|sc6_4_out_ap_vld            |  out|    1|      ap_vld|                                   sc6_4_out|       pointer|
|sc6_3_out                   |  out|    6|      ap_vld|                                   sc6_3_out|       pointer|
|sc6_3_out_ap_vld            |  out|    1|      ap_vld|                                   sc6_3_out|       pointer|
|sc6_2_out                   |  out|    6|      ap_vld|                                   sc6_2_out|       pointer|
|sc6_2_out_ap_vld            |  out|    1|      ap_vld|                                   sc6_2_out|       pointer|
|sc6_1_out                   |  out|    6|      ap_vld|                                   sc6_1_out|       pointer|
|sc6_1_out_ap_vld            |  out|    1|      ap_vld|                                   sc6_1_out|       pointer|
|sc6_out                     |  out|    6|      ap_vld|                                     sc6_out|       pointer|
|sc6_out_ap_vld              |  out|    1|      ap_vld|                                     sc6_out|       pointer|
|mux_case_784047_out         |  out|   32|      ap_vld|                         mux_case_784047_out|       pointer|
|mux_case_784047_out_ap_vld  |  out|    1|      ap_vld|                         mux_case_784047_out|       pointer|
|mux_case_683944_out         |  out|   32|      ap_vld|                         mux_case_683944_out|       pointer|
|mux_case_683944_out_ap_vld  |  out|    1|      ap_vld|                         mux_case_683944_out|       pointer|
|mux_case_583841_out         |  out|   32|      ap_vld|                         mux_case_583841_out|       pointer|
|mux_case_583841_out_ap_vld  |  out|    1|      ap_vld|                         mux_case_583841_out|       pointer|
|mux_case_483738_out         |  out|   32|      ap_vld|                         mux_case_483738_out|       pointer|
|mux_case_483738_out_ap_vld  |  out|    1|      ap_vld|                         mux_case_483738_out|       pointer|
|mux_case_383635_out         |  out|   32|      ap_vld|                         mux_case_383635_out|       pointer|
|mux_case_383635_out_ap_vld  |  out|    1|      ap_vld|                         mux_case_383635_out|       pointer|
|mux_case_283532_out         |  out|   32|      ap_vld|                         mux_case_283532_out|       pointer|
|mux_case_283532_out_ap_vld  |  out|    1|      ap_vld|                         mux_case_283532_out|       pointer|
|mux_case_183429_out         |  out|   32|      ap_vld|                         mux_case_183429_out|       pointer|
|mux_case_183429_out_ap_vld  |  out|    1|      ap_vld|                         mux_case_183429_out|       pointer|
|mux_case_083326_out         |  out|   32|      ap_vld|                         mux_case_083326_out|       pointer|
|mux_case_083326_out_ap_vld  |  out|    1|      ap_vld|                         mux_case_083326_out|       pointer|
|mux_case_783222_out         |  out|   32|      ap_vld|                         mux_case_783222_out|       pointer|
|mux_case_783222_out_ap_vld  |  out|    1|      ap_vld|                         mux_case_783222_out|       pointer|
|mux_case_683119_out         |  out|   32|      ap_vld|                         mux_case_683119_out|       pointer|
|mux_case_683119_out_ap_vld  |  out|    1|      ap_vld|                         mux_case_683119_out|       pointer|
|mux_case_583016_out         |  out|   32|      ap_vld|                         mux_case_583016_out|       pointer|
|mux_case_583016_out_ap_vld  |  out|    1|      ap_vld|                         mux_case_583016_out|       pointer|
|mux_case_482913_out         |  out|   32|      ap_vld|                         mux_case_482913_out|       pointer|
|mux_case_482913_out_ap_vld  |  out|    1|      ap_vld|                         mux_case_482913_out|       pointer|
|mux_case_382810_out         |  out|   32|      ap_vld|                         mux_case_382810_out|       pointer|
|mux_case_382810_out_ap_vld  |  out|    1|      ap_vld|                         mux_case_382810_out|       pointer|
|mux_case_28277_out          |  out|   32|      ap_vld|                          mux_case_28277_out|       pointer|
|mux_case_28277_out_ap_vld   |  out|    1|      ap_vld|                          mux_case_28277_out|       pointer|
|mux_case_18264_out          |  out|   32|      ap_vld|                          mux_case_18264_out|       pointer|
|mux_case_18264_out_ap_vld   |  out|    1|      ap_vld|                          mux_case_18264_out|       pointer|
|mux_case_08251_out          |  out|   32|      ap_vld|                          mux_case_08251_out|       pointer|
|mux_case_08251_out_ap_vld   |  out|    1|      ap_vld|                          mux_case_08251_out|       pointer|
+----------------------------+-----+-----+------------+--------------------------------------------+--------------+

