

================================================================
== Vitis HLS Report for 'mac_blocks_down_q6k_Pipeline_MAC_Q6K'
================================================================
* Date:           Sun Mar 29 14:22:47 2026

* Version:        2025.1 (Build 6135595 on May 21 2025)
* Project:        swiglu
* Solution:       hls (Vivado IP Flow Target)
* Product family: zynquplus
* Target device:  xck26-sfvc784-2LV-c


================================================================
== Performance Estimates
================================================================
+ Timing: 
    * Summary: 
    +--------+---------+----------+------------+
    |  Clock |  Target | Estimated| Uncertainty|
    +--------+---------+----------+------------+
    |ap_clk  |  3.33 ns|  3.239 ns|     0.90 ns|
    +--------+---------+----------+------------+

+ Latency: 
    * Summary: 
    +---------+---------+----------+----------+-----+-----+------------------------------------------------+
    |  Latency (cycles) |  Latency (absolute) |  Interval |                    Pipeline                    |
    |   min   |   max   |    min   |    max   | min | max |                      Type                      |
    +---------+---------+----------+----------+-----+-----+------------------------------------------------+
    |      294|      294|  0.979 us|  0.979 us|  257|  257|  loop auto-rewind stp (delay=0 clock cycles(s))|
    +---------+---------+----------+----------+-----+-----+------------------------------------------------+

    + Detail: 
        * Instance: 
        N/A

        * Loop: 
        +-----------+---------+---------+----------+-----------+-----------+------+----------+
        |           |  Latency (cycles) | Iteration|  Initiation Interval  | Trip |          |
        | Loop Name |   min   |   max   |  Latency |  achieved |   target  | Count| Pipelined|
        +-----------+---------+---------+----------+-----------+-----------+------+----------+
        |- MAC_Q6K  |      292|      292|        38|          1|          1|   256|       yes|
        +-----------+---------+---------+----------+-----------+-----------+------+----------+



================================================================
== Utilization Estimates
================================================================
* Summary: 
+-----------------+---------+------+--------+--------+-----+
|       Name      | BRAM_18K|  DSP |   FF   |   LUT  | URAM|
+-----------------+---------+------+--------+--------+-----+
|DSP              |        -|     -|       -|       -|    -|
|Expression       |        -|     -|       0|     117|    -|
|FIFO             |        -|     -|       -|       -|    -|
|Instance         |        -|     -|       0|     383|    -|
|Memory           |        -|     -|       -|       -|    -|
|Multiplexer      |        -|     -|       0|     108|    -|
|Register         |        -|     -|    6850|     160|    -|
+-----------------+---------+------+--------+--------+-----+
|Total            |        0|     0|    6850|     768|    0|
+-----------------+---------+------+--------+--------+-----+
|Available        |      288|  1248|  234240|  117120|   64|
+-----------------+---------+------+--------+--------+-----+
|Utilization (%)  |        0|     0|       2|      ~0|    0|
+-----------------+---------+------+--------+--------+-----+

+ Detail: 
    * Instance: 
    +--------------------------------------+--------------------------------+---------+----+---+----+-----+
    |               Instance               |             Module             | BRAM_18K| DSP| FF| LUT| URAM|
    +--------------------------------------+--------------------------------+---------+----+---+----+-----+
    |partselect_8ns_128ns_7ns_8_1_1_U1474  |partselect_8ns_128ns_7ns_8_1_1  |        0|   0|  0|  34|    0|
    |partselect_8ns_128ns_7ns_8_1_1_U1476  |partselect_8ns_128ns_7ns_8_1_1  |        0|   0|  0|  34|    0|
    |partselect_8ns_128ns_7ns_8_1_1_U1478  |partselect_8ns_128ns_7ns_8_1_1  |        0|   0|  0|  34|    0|
    |sparsemux_17_3_32_1_1_U1479           |sparsemux_17_3_32_1_1           |        0|   0|  0|  43|    0|
    |sparsemux_17_5_8_1_1_U1472            |sparsemux_17_5_8_1_1            |        0|   0|  0|  43|    0|
    |sparsemux_33_4_128_1_1_U1473          |sparsemux_33_4_128_1_1          |        0|   0|  0|  65|    0|
    |sparsemux_33_4_128_1_1_U1475          |sparsemux_33_4_128_1_1          |        0|   0|  0|  65|    0|
    |sparsemux_33_4_128_1_1_U1477          |sparsemux_33_4_128_1_1          |        0|   0|  0|  65|    0|
    +--------------------------------------+--------------------------------+---------+----+---+----+-----+
    |Total                                 |                                |        0|   0|  0| 383|    0|
    +--------------------------------------+--------------------------------+---------+----+---+----+-----+

    * DSP: 
    N/A

    * Memory: 
    N/A

    * FIFO: 
    N/A

    * Expression: 
    +-----------------------+----------+----+---+----+------------+------------+
    |     Variable Name     | Operation| DSP| FF| LUT| Bitwidth P0| Bitwidth P1|
    +-----------------------+----------+----+---+----+------------+------------+
    |add_ln70_fu_1097_p2    |         +|   0|  0|  16|           9|           1|
    |add_ln72_fu_1129_p2    |         +|   0|  0|  20|          13|          13|
    |add_ln74_1_fu_1205_p2  |         +|   0|  0|  20|          13|          13|
    |add_ln77_1_fu_1281_p2  |         +|   0|  0|  20|          13|          13|
    |icmp_ln70_fu_1091_p2   |      icmp|   0|  0|  17|           9|          10|
    |lshr_ln75_fu_1562_p2   |      lshr|   0|  0|  16|           8|           8|
    |ql_fu_1465_p3          |    select|   0|  0|   4|           1|           4|
    |ap_enable_pp0          |       xor|   0|  0|   2|           1|           2|
    |xor_ln76_fu_1672_p2    |       xor|   0|  0|   2|           1|           2|
    +-----------------------+----------+----+---+----+------------+------------+
    |Total                  |          |   0|  0| 117|          68|          66|
    +-----------------------+----------+----+---+----+------------+------------+

    * Multiplexer: 
    +-------------------------+----+-----------+-----+-----------+
    |           Name          | LUT| Input Size| Bits| Total Bits|
    +-------------------------+----+-----------+-----+-----------+
    |acc_1_o                  |   9|          2|   32|         64|
    |acc_2_o                  |   9|          2|   32|         64|
    |acc_3_o                  |   9|          2|   32|         64|
    |acc_4_o                  |   9|          2|   32|         64|
    |acc_5_o                  |   9|          2|   32|         64|
    |acc_6_o                  |   9|          2|   32|         64|
    |acc_7_o                  |   9|          2|   32|         64|
    |acc_o                    |   9|          2|   32|         64|
    |ap_done_int              |   9|          2|    1|          2|
    |ap_enable_reg_pp0_iter1  |   9|          2|    1|          2|
    |ap_sig_allocacmp_n_3     |   9|          2|    9|         18|
    |n_fu_228                 |   9|          2|    9|         18|
    +-------------------------+----+-----------+-----+-----------+
    |Total                    | 108|         24|  276|        552|
    +-------------------------+----+-----------+-----+-----------+

    * Register: 
    +--------------------------------------+-----+----+-----+-----------+
    |                 Name                 |  FF | LUT| Bits| Const Bits|
    +--------------------------------------+-----+----+-----+-----------+
    |add_ln74_1_reg_1851                   |   13|   0|   13|          0|
    |add_ln74_1_reg_1851_pp0_iter1_reg     |   13|   0|   13|          0|
    |ap_CS_fsm                             |    1|   0|    1|          0|
    |ap_done_reg                           |    1|   0|    1|          0|
    |ap_enable_reg_pp0_iter1               |    1|   0|    1|          0|
    |ap_enable_reg_pp0_iter10              |    1|   0|    1|          0|
    |ap_enable_reg_pp0_iter11              |    1|   0|    1|          0|
    |ap_enable_reg_pp0_iter12              |    1|   0|    1|          0|
    |ap_enable_reg_pp0_iter13              |    1|   0|    1|          0|
    |ap_enable_reg_pp0_iter14              |    1|   0|    1|          0|
    |ap_enable_reg_pp0_iter15              |    1|   0|    1|          0|
    |ap_enable_reg_pp0_iter16              |    1|   0|    1|          0|
    |ap_enable_reg_pp0_iter17              |    1|   0|    1|          0|
    |ap_enable_reg_pp0_iter18              |    1|   0|    1|          0|
    |ap_enable_reg_pp0_iter19              |    1|   0|    1|          0|
    |ap_enable_reg_pp0_iter2               |    1|   0|    1|          0|
    |ap_enable_reg_pp0_iter20              |    1|   0|    1|          0|
    |ap_enable_reg_pp0_iter21              |    1|   0|    1|          0|
    |ap_enable_reg_pp0_iter22              |    1|   0|    1|          0|
    |ap_enable_reg_pp0_iter23              |    1|   0|    1|          0|
    |ap_enable_reg_pp0_iter24              |    1|   0|    1|          0|
    |ap_enable_reg_pp0_iter25              |    1|   0|    1|          0|
    |ap_enable_reg_pp0_iter26              |    1|   0|    1|          0|
    |ap_enable_reg_pp0_iter27              |    1|   0|    1|          0|
    |ap_enable_reg_pp0_iter28              |    1|   0|    1|          0|
    |ap_enable_reg_pp0_iter29              |    1|   0|    1|          0|
    |ap_enable_reg_pp0_iter3               |    1|   0|    1|          0|
    |ap_enable_reg_pp0_iter30              |    1|   0|    1|          0|
    |ap_enable_reg_pp0_iter31              |    1|   0|    1|          0|
    |ap_enable_reg_pp0_iter32              |    1|   0|    1|          0|
    |ap_enable_reg_pp0_iter33              |    1|   0|    1|          0|
    |ap_enable_reg_pp0_iter34              |    1|   0|    1|          0|
    |ap_enable_reg_pp0_iter35              |    1|   0|    1|          0|
    |ap_enable_reg_pp0_iter36              |    1|   0|    1|          0|
    |ap_enable_reg_pp0_iter37              |    1|   0|    1|          0|
    |ap_enable_reg_pp0_iter4               |    1|   0|    1|          0|
    |ap_enable_reg_pp0_iter5               |    1|   0|    1|          0|
    |ap_enable_reg_pp0_iter6               |    1|   0|    1|          0|
    |ap_enable_reg_pp0_iter7               |    1|   0|    1|          0|
    |ap_enable_reg_pp0_iter8               |    1|   0|    1|          0|
    |ap_enable_reg_pp0_iter9               |    1|   0|    1|          0|
    |ap_loop_exit_ready_pp0_iter10_reg     |    1|   0|    1|          0|
    |ap_loop_exit_ready_pp0_iter11_reg     |    1|   0|    1|          0|
    |ap_loop_exit_ready_pp0_iter12_reg     |    1|   0|    1|          0|
    |ap_loop_exit_ready_pp0_iter13_reg     |    1|   0|    1|          0|
    |ap_loop_exit_ready_pp0_iter14_reg     |    1|   0|    1|          0|
    |ap_loop_exit_ready_pp0_iter15_reg     |    1|   0|    1|          0|
    |ap_loop_exit_ready_pp0_iter16_reg     |    1|   0|    1|          0|
    |ap_loop_exit_ready_pp0_iter17_reg     |    1|   0|    1|          0|
    |ap_loop_exit_ready_pp0_iter18_reg     |    1|   0|    1|          0|
    |ap_loop_exit_ready_pp0_iter19_reg     |    1|   0|    1|          0|
    |ap_loop_exit_ready_pp0_iter1_reg      |    1|   0|    1|          0|
    |ap_loop_exit_ready_pp0_iter20_reg     |    1|   0|    1|          0|
    |ap_loop_exit_ready_pp0_iter21_reg     |    1|   0|    1|          0|
    |ap_loop_exit_ready_pp0_iter22_reg     |    1|   0|    1|          0|
    |ap_loop_exit_ready_pp0_iter23_reg     |    1|   0|    1|          0|
    |ap_loop_exit_ready_pp0_iter24_reg     |    1|   0|    1|          0|
    |ap_loop_exit_ready_pp0_iter25_reg     |    1|   0|    1|          0|
    |ap_loop_exit_ready_pp0_iter26_reg     |    1|   0|    1|          0|
    |ap_loop_exit_ready_pp0_iter27_reg     |    1|   0|    1|          0|
    |ap_loop_exit_ready_pp0_iter28_reg     |    1|   0|    1|          0|
    |ap_loop_exit_ready_pp0_iter29_reg     |    1|   0|    1|          0|
    |ap_loop_exit_ready_pp0_iter2_reg      |    1|   0|    1|          0|
    |ap_loop_exit_ready_pp0_iter30_reg     |    1|   0|    1|          0|
    |ap_loop_exit_ready_pp0_iter31_reg     |    1|   0|    1|          0|
    |ap_loop_exit_ready_pp0_iter32_reg     |    1|   0|    1|          0|
    |ap_loop_exit_ready_pp0_iter33_reg     |    1|   0|    1|          0|
    |ap_loop_exit_ready_pp0_iter34_reg     |    1|   0|    1|          0|
    |ap_loop_exit_ready_pp0_iter35_reg     |    1|   0|    1|          0|
    |ap_loop_exit_ready_pp0_iter36_reg     |    1|   0|    1|          0|
    |ap_loop_exit_ready_pp0_iter3_reg      |    1|   0|    1|          0|
    |ap_loop_exit_ready_pp0_iter4_reg      |    1|   0|    1|          0|
    |ap_loop_exit_ready_pp0_iter5_reg      |    1|   0|    1|          0|
    |ap_loop_exit_ready_pp0_iter6_reg      |    1|   0|    1|          0|
    |ap_loop_exit_ready_pp0_iter7_reg      |    1|   0|    1|          0|
    |ap_loop_exit_ready_pp0_iter8_reg      |    1|   0|    1|          0|
    |ap_loop_exit_ready_pp0_iter9_reg      |    1|   0|    1|          0|
    |bit_sel_reg_2326                      |    1|   0|    1|          0|
    |conv40_i_reg_2351                     |   32|   0|   32|          0|
    |conv41_i_reg_2366                     |   32|   0|   32|          0|
    |conv43_i_reg_2381                     |   32|   0|   32|          0|
    |mul42_i_reg_2376                      |   32|   0|   32|          0|
    |mul44_i_reg_2386                      |   32|   0|   32|          0|
    |n_3_reg_1750                          |    9|   0|    9|          0|
    |n_3_reg_1750_pp0_iter1_reg            |    9|   0|    9|          0|
    |n_fu_228                              |    9|   0|    9|          0|
    |ql_reg_2321                           |    4|   0|    4|          0|
    |rb_0_load_2_reg_2071                  |  128|   0|  128|          0|
    |rb_0_load_3_reg_2151                  |  128|   0|  128|          0|
    |rb_0_load_4_reg_2231                  |  128|   0|  128|          0|
    |rb_10_load_1_reg_2121                 |  128|   0|  128|          0|
    |rb_10_load_2_reg_2201                 |  128|   0|  128|          0|
    |rb_10_load_3_reg_2281                 |  128|   0|  128|          0|
    |rb_11_load_1_reg_2126                 |  128|   0|  128|          0|
    |rb_11_load_2_reg_2206                 |  128|   0|  128|          0|
    |rb_11_load_3_reg_2286                 |  128|   0|  128|          0|
    |rb_12_load_1_reg_2131                 |  128|   0|  128|          0|
    |rb_12_load_2_reg_2211                 |  128|   0|  128|          0|
    |rb_12_load_3_reg_2291                 |  128|   0|  128|          0|
    |rb_13_load_1_reg_2136                 |  128|   0|  128|          0|
    |rb_13_load_2_reg_2216                 |  128|   0|  128|          0|
    |rb_13_load_3_reg_2296                 |  128|   0|  128|          0|
    |rb_14_load_1_reg_2141                 |  128|   0|  128|          0|
    |rb_14_load_2_reg_2221                 |  128|   0|  128|          0|
    |rb_14_load_3_reg_2301                 |  128|   0|  128|          0|
    |rb_15_load_1_reg_2146                 |  128|   0|  128|          0|
    |rb_15_load_2_reg_2226                 |  128|   0|  128|          0|
    |rb_15_load_3_reg_2306                 |  128|   0|  128|          0|
    |rb_1_load_2_reg_2076                  |  128|   0|  128|          0|
    |rb_1_load_3_reg_2156                  |  128|   0|  128|          0|
    |rb_1_load_4_reg_2236                  |  128|   0|  128|          0|
    |rb_2_load_2_reg_2081                  |  128|   0|  128|          0|
    |rb_2_load_3_reg_2161                  |  128|   0|  128|          0|
    |rb_2_load_4_reg_2241                  |  128|   0|  128|          0|
    |rb_3_load_2_reg_2086                  |  128|   0|  128|          0|
    |rb_3_load_3_reg_2166                  |  128|   0|  128|          0|
    |rb_3_load_4_reg_2246                  |  128|   0|  128|          0|
    |rb_4_load_2_reg_2091                  |  128|   0|  128|          0|
    |rb_4_load_3_reg_2171                  |  128|   0|  128|          0|
    |rb_4_load_4_reg_2251                  |  128|   0|  128|          0|
    |rb_5_load_2_reg_2096                  |  128|   0|  128|          0|
    |rb_5_load_3_reg_2176                  |  128|   0|  128|          0|
    |rb_5_load_4_reg_2256                  |  128|   0|  128|          0|
    |rb_6_load_2_reg_2101                  |  128|   0|  128|          0|
    |rb_6_load_3_reg_2181                  |  128|   0|  128|          0|
    |rb_6_load_4_reg_2261                  |  128|   0|  128|          0|
    |rb_7_load_2_reg_2106                  |  128|   0|  128|          0|
    |rb_7_load_3_reg_2186                  |  128|   0|  128|          0|
    |rb_7_load_4_reg_2266                  |  128|   0|  128|          0|
    |rb_8_load_1_reg_2111                  |  128|   0|  128|          0|
    |rb_8_load_2_reg_2191                  |  128|   0|  128|          0|
    |rb_8_load_3_reg_2271                  |  128|   0|  128|          0|
    |rb_9_load_1_reg_2116                  |  128|   0|  128|          0|
    |rb_9_load_2_reg_2196                  |  128|   0|  128|          0|
    |rb_9_load_3_reg_2276                  |  128|   0|  128|          0|
    |scale_reg_2336                        |    8|   0|    8|          0|
    |tmp_59_reg_2311                       |    8|   0|    8|          0|
    |trunc_ln55_10_reg_2026                |    4|   0|    4|          0|
    |trunc_ln55_10_reg_2026_pp0_iter1_reg  |    4|   0|    4|          0|
    |trunc_ln55_5_reg_1761                 |    4|   0|    4|          0|
    |trunc_ln55_5_reg_1761_pp0_iter1_reg   |    4|   0|    4|          0|
    |trunc_ln55_6_reg_1856                 |    4|   0|    4|          0|
    |trunc_ln55_6_reg_1856_pp0_iter1_reg   |    4|   0|    4|          0|
    |trunc_ln55_7_reg_1941                 |    4|   0|    4|          0|
    |trunc_ln55_7_reg_1941_pp0_iter1_reg   |    4|   0|    4|          0|
    |trunc_ln55_reg_1846                   |    4|   0|    4|          0|
    |trunc_ln55_reg_1846_pp0_iter1_reg     |    4|   0|    4|          0|
    |trunc_ln72_reg_2316                   |    3|   0|    3|          0|
    |trunc_ln76_reg_2331                   |    1|   0|    1|          0|
    |v_reg_2361                            |   32|   0|   32|          0|
    |xor_ln76_reg_2346                     |    1|   0|    1|          0|
    |bit_sel_reg_2326                      |   64|  32|    1|          0|
    |ql_reg_2321                           |   64|  32|    4|          0|
    |scale_reg_2336                        |   64|  32|    8|          0|
    |trunc_ln72_reg_2316                   |   64|  32|    3|          0|
    |trunc_ln76_reg_2331                   |   64|  32|    1|          0|
    +--------------------------------------+-----+----+-----+-----------+
    |Total                                 | 6850| 160| 6547|          0|
    +--------------------------------------+-----+----+-----+-----------+



================================================================
== Interface
================================================================
* Summary: 
+----------------------+-----+-----+------------+--------------------------------------+--------------+
|       RTL Ports      | Dir | Bits|  Protocol  |             Source Object            |    C Type    |
+----------------------+-----+-----+------------+--------------------------------------+--------------+
|ap_clk                |   in|    1|  ap_ctrl_hs|  mac_blocks_down_q6k_Pipeline_MAC_Q6K|  return value|
|ap_rst                |   in|    1|  ap_ctrl_hs|  mac_blocks_down_q6k_Pipeline_MAC_Q6K|  return value|
|ap_start              |   in|    1|  ap_ctrl_hs|  mac_blocks_down_q6k_Pipeline_MAC_Q6K|  return value|
|ap_done               |  out|    1|  ap_ctrl_hs|  mac_blocks_down_q6k_Pipeline_MAC_Q6K|  return value|
|ap_idle               |  out|    1|  ap_ctrl_hs|  mac_blocks_down_q6k_Pipeline_MAC_Q6K|  return value|
|ap_ready              |  out|    1|  ap_ctrl_hs|  mac_blocks_down_q6k_Pipeline_MAC_Q6K|  return value|
|grp_fu_3363_p_din0    |  out|   32|  ap_ctrl_hs|  mac_blocks_down_q6k_Pipeline_MAC_Q6K|  return value|
|grp_fu_3363_p_din1    |  out|   32|  ap_ctrl_hs|  mac_blocks_down_q6k_Pipeline_MAC_Q6K|  return value|
|grp_fu_3363_p_opcode  |  out|    2|  ap_ctrl_hs|  mac_blocks_down_q6k_Pipeline_MAC_Q6K|  return value|
|grp_fu_3363_p_dout0   |   in|   32|  ap_ctrl_hs|  mac_blocks_down_q6k_Pipeline_MAC_Q6K|  return value|
|grp_fu_3363_p_ce      |  out|    1|  ap_ctrl_hs|  mac_blocks_down_q6k_Pipeline_MAC_Q6K|  return value|
|grp_fu_1326_p_din0    |  out|   32|  ap_ctrl_hs|  mac_blocks_down_q6k_Pipeline_MAC_Q6K|  return value|
|grp_fu_1326_p_din1    |  out|   32|  ap_ctrl_hs|  mac_blocks_down_q6k_Pipeline_MAC_Q6K|  return value|
|grp_fu_1326_p_dout0   |   in|   32|  ap_ctrl_hs|  mac_blocks_down_q6k_Pipeline_MAC_Q6K|  return value|
|grp_fu_1326_p_ce      |  out|    1|  ap_ctrl_hs|  mac_blocks_down_q6k_Pipeline_MAC_Q6K|  return value|
|grp_fu_3367_p_din0    |  out|   32|  ap_ctrl_hs|  mac_blocks_down_q6k_Pipeline_MAC_Q6K|  return value|
|grp_fu_3367_p_din1    |  out|   32|  ap_ctrl_hs|  mac_blocks_down_q6k_Pipeline_MAC_Q6K|  return value|
|grp_fu_3367_p_dout0   |   in|   32|  ap_ctrl_hs|  mac_blocks_down_q6k_Pipeline_MAC_Q6K|  return value|
|grp_fu_3367_p_ce      |  out|    1|  ap_ctrl_hs|  mac_blocks_down_q6k_Pipeline_MAC_Q6K|  return value|
|grp_fu_3371_p_din0    |  out|   32|  ap_ctrl_hs|  mac_blocks_down_q6k_Pipeline_MAC_Q6K|  return value|
|grp_fu_3371_p_din1    |  out|   32|  ap_ctrl_hs|  mac_blocks_down_q6k_Pipeline_MAC_Q6K|  return value|
|grp_fu_3371_p_dout0   |   in|   32|  ap_ctrl_hs|  mac_blocks_down_q6k_Pipeline_MAC_Q6K|  return value|
|grp_fu_3371_p_ce      |  out|    1|  ap_ctrl_hs|  mac_blocks_down_q6k_Pipeline_MAC_Q6K|  return value|
|grp_fu_3375_p_din0    |  out|   32|  ap_ctrl_hs|  mac_blocks_down_q6k_Pipeline_MAC_Q6K|  return value|
|grp_fu_3375_p_dout0   |   in|   32|  ap_ctrl_hs|  mac_blocks_down_q6k_Pipeline_MAC_Q6K|  return value|
|grp_fu_3375_p_ce      |  out|    1|  ap_ctrl_hs|  mac_blocks_down_q6k_Pipeline_MAC_Q6K|  return value|
|grp_fu_3378_p_din0    |  out|   32|  ap_ctrl_hs|  mac_blocks_down_q6k_Pipeline_MAC_Q6K|  return value|
|grp_fu_3378_p_dout0   |   in|   32|  ap_ctrl_hs|  mac_blocks_down_q6k_Pipeline_MAC_Q6K|  return value|
|grp_fu_3378_p_ce      |  out|    1|  ap_ctrl_hs|  mac_blocks_down_q6k_Pipeline_MAC_Q6K|  return value|
|grp_fu_3381_p_din0    |  out|   32|  ap_ctrl_hs|  mac_blocks_down_q6k_Pipeline_MAC_Q6K|  return value|
|grp_fu_3381_p_dout0   |   in|   32|  ap_ctrl_hs|  mac_blocks_down_q6k_Pipeline_MAC_Q6K|  return value|
|grp_fu_3381_p_ce      |  out|    1|  ap_ctrl_hs|  mac_blocks_down_q6k_Pipeline_MAC_Q6K|  return value|
|acc_i                 |   in|   32|     ap_ovld|                                   acc|       pointer|
|acc_o                 |  out|   32|     ap_ovld|                                   acc|       pointer|
|acc_o_ap_vld          |  out|    1|     ap_ovld|                                   acc|       pointer|
|acc_7_i               |   in|   32|     ap_ovld|                                 acc_7|       pointer|
|acc_7_o               |  out|   32|     ap_ovld|                                 acc_7|       pointer|
|acc_7_o_ap_vld        |  out|    1|     ap_ovld|                                 acc_7|       pointer|
|acc_6_i               |   in|   32|     ap_ovld|                                 acc_6|       pointer|
|acc_6_o               |  out|   32|     ap_ovld|                                 acc_6|       pointer|
|acc_6_o_ap_vld        |  out|    1|     ap_ovld|                                 acc_6|       pointer|
|acc_5_i               |   in|   32|     ap_ovld|                                 acc_5|       pointer|
|acc_5_o               |  out|   32|     ap_ovld|                                 acc_5|       pointer|
|acc_5_o_ap_vld        |  out|    1|     ap_ovld|                                 acc_5|       pointer|
|acc_4_i               |   in|   32|     ap_ovld|                                 acc_4|       pointer|
|acc_4_o               |  out|   32|     ap_ovld|                                 acc_4|       pointer|
|acc_4_o_ap_vld        |  out|    1|     ap_ovld|                                 acc_4|       pointer|
|acc_3_i               |   in|   32|     ap_ovld|                                 acc_3|       pointer|
|acc_3_o               |  out|   32|     ap_ovld|                                 acc_3|       pointer|
|acc_3_o_ap_vld        |  out|    1|     ap_ovld|                                 acc_3|       pointer|
|acc_2_i               |   in|   32|     ap_ovld|                                 acc_2|       pointer|
|acc_2_o               |  out|   32|     ap_ovld|                                 acc_2|       pointer|
|acc_2_o_ap_vld        |  out|    1|     ap_ovld|                                 acc_2|       pointer|
|acc_1_i               |   in|   32|     ap_ovld|                                 acc_1|       pointer|
|acc_1_o               |  out|   32|     ap_ovld|                                 acc_1|       pointer|
|acc_1_o_ap_vld        |  out|    1|     ap_ovld|                                 acc_1|       pointer|
|mul_ln55              |   in|   13|     ap_none|                              mul_ln55|        scalar|
|rb_0_address0         |  out|    5|   ap_memory|                                  rb_0|         array|
|rb_0_ce0              |  out|    1|   ap_memory|                                  rb_0|         array|
|rb_0_q0               |   in|  128|   ap_memory|                                  rb_0|         array|
|rb_0_address1         |  out|    5|   ap_memory|                                  rb_0|         array|
|rb_0_ce1              |  out|    1|   ap_memory|                                  rb_0|         array|
|rb_0_q1               |   in|  128|   ap_memory|                                  rb_0|         array|
|rb_0_address2         |  out|    5|   ap_memory|                                  rb_0|         array|
|rb_0_ce2              |  out|    1|   ap_memory|                                  rb_0|         array|
|rb_0_q2               |   in|  128|   ap_memory|                                  rb_0|         array|
|rb_1_address0         |  out|    5|   ap_memory|                                  rb_1|         array|
|rb_1_ce0              |  out|    1|   ap_memory|                                  rb_1|         array|
|rb_1_q0               |   in|  128|   ap_memory|                                  rb_1|         array|
|rb_1_address1         |  out|    5|   ap_memory|                                  rb_1|         array|
|rb_1_ce1              |  out|    1|   ap_memory|                                  rb_1|         array|
|rb_1_q1               |   in|  128|   ap_memory|                                  rb_1|         array|
|rb_1_address2         |  out|    5|   ap_memory|                                  rb_1|         array|
|rb_1_ce2              |  out|    1|   ap_memory|                                  rb_1|         array|
|rb_1_q2               |   in|  128|   ap_memory|                                  rb_1|         array|
|rb_2_address0         |  out|    5|   ap_memory|                                  rb_2|         array|
|rb_2_ce0              |  out|    1|   ap_memory|                                  rb_2|         array|
|rb_2_q0               |   in|  128|   ap_memory|                                  rb_2|         array|
|rb_2_address1         |  out|    5|   ap_memory|                                  rb_2|         array|
|rb_2_ce1              |  out|    1|   ap_memory|                                  rb_2|         array|
|rb_2_q1               |   in|  128|   ap_memory|                                  rb_2|         array|
|rb_2_address2         |  out|    5|   ap_memory|                                  rb_2|         array|
|rb_2_ce2              |  out|    1|   ap_memory|                                  rb_2|         array|
|rb_2_q2               |   in|  128|   ap_memory|                                  rb_2|         array|
|rb_3_address0         |  out|    5|   ap_memory|                                  rb_3|         array|
|rb_3_ce0              |  out|    1|   ap_memory|                                  rb_3|         array|
|rb_3_q0               |   in|  128|   ap_memory|                                  rb_3|         array|
|rb_3_address1         |  out|    5|   ap_memory|                                  rb_3|         array|
|rb_3_ce1              |  out|    1|   ap_memory|                                  rb_3|         array|
|rb_3_q1               |   in|  128|   ap_memory|                                  rb_3|         array|
|rb_3_address2         |  out|    5|   ap_memory|                                  rb_3|         array|
|rb_3_ce2              |  out|    1|   ap_memory|                                  rb_3|         array|
|rb_3_q2               |   in|  128|   ap_memory|                                  rb_3|         array|
|rb_4_address0         |  out|    5|   ap_memory|                                  rb_4|         array|
|rb_4_ce0              |  out|    1|   ap_memory|                                  rb_4|         array|
|rb_4_q0               |   in|  128|   ap_memory|                                  rb_4|         array|
|rb_4_address1         |  out|    5|   ap_memory|                                  rb_4|         array|
|rb_4_ce1              |  out|    1|   ap_memory|                                  rb_4|         array|
|rb_4_q1               |   in|  128|   ap_memory|                                  rb_4|         array|
|rb_4_address2         |  out|    5|   ap_memory|                                  rb_4|         array|
|rb_4_ce2              |  out|    1|   ap_memory|                                  rb_4|         array|
|rb_4_q2               |   in|  128|   ap_memory|                                  rb_4|         array|
|rb_5_address0         |  out|    5|   ap_memory|                                  rb_5|         array|
|rb_5_ce0              |  out|    1|   ap_memory|                                  rb_5|         array|
|rb_5_q0               |   in|  128|   ap_memory|                                  rb_5|         array|
|rb_5_address1         |  out|    5|   ap_memory|                                  rb_5|         array|
|rb_5_ce1              |  out|    1|   ap_memory|                                  rb_5|         array|
|rb_5_q1               |   in|  128|   ap_memory|                                  rb_5|         array|
|rb_5_address2         |  out|    5|   ap_memory|                                  rb_5|         array|
|rb_5_ce2              |  out|    1|   ap_memory|                                  rb_5|         array|
|rb_5_q2               |   in|  128|   ap_memory|                                  rb_5|         array|
|rb_6_address0         |  out|    5|   ap_memory|                                  rb_6|         array|
|rb_6_ce0              |  out|    1|   ap_memory|                                  rb_6|         array|
|rb_6_q0               |   in|  128|   ap_memory|                                  rb_6|         array|
|rb_6_address1         |  out|    5|   ap_memory|                                  rb_6|         array|
|rb_6_ce1              |  out|    1|   ap_memory|                                  rb_6|         array|
|rb_6_q1               |   in|  128|   ap_memory|                                  rb_6|         array|
|rb_6_address2         |  out|    5|   ap_memory|                                  rb_6|         array|
|rb_6_ce2              |  out|    1|   ap_memory|                                  rb_6|         array|
|rb_6_q2               |   in|  128|   ap_memory|                                  rb_6|         array|
|rb_7_address0         |  out|    5|   ap_memory|                                  rb_7|         array|
|rb_7_ce0              |  out|    1|   ap_memory|                                  rb_7|         array|
|rb_7_q0               |   in|  128|   ap_memory|                                  rb_7|         array|
|rb_7_address1         |  out|    5|   ap_memory|                                  rb_7|         array|
|rb_7_ce1              |  out|    1|   ap_memory|                                  rb_7|         array|
|rb_7_q1               |   in|  128|   ap_memory|                                  rb_7|         array|
|rb_7_address2         |  out|    5|   ap_memory|                                  rb_7|         array|
|rb_7_ce2              |  out|    1|   ap_memory|                                  rb_7|         array|
|rb_7_q2               |   in|  128|   ap_memory|                                  rb_7|         array|
|rb_8_address0         |  out|    5|   ap_memory|                                  rb_8|         array|
|rb_8_ce0              |  out|    1|   ap_memory|                                  rb_8|         array|
|rb_8_q0               |   in|  128|   ap_memory|                                  rb_8|         array|
|rb_8_address1         |  out|    5|   ap_memory|                                  rb_8|         array|
|rb_8_ce1              |  out|    1|   ap_memory|                                  rb_8|         array|
|rb_8_q1               |   in|  128|   ap_memory|                                  rb_8|         array|
|rb_8_address2         |  out|    5|   ap_memory|                                  rb_8|         array|
|rb_8_ce2              |  out|    1|   ap_memory|                                  rb_8|         array|
|rb_8_q2               |   in|  128|   ap_memory|                                  rb_8|         array|
|rb_9_address0         |  out|    5|   ap_memory|                                  rb_9|         array|
|rb_9_ce0              |  out|    1|   ap_memory|                                  rb_9|         array|
|rb_9_q0               |   in|  128|   ap_memory|                                  rb_9|         array|
|rb_9_address1         |  out|    5|   ap_memory|                                  rb_9|         array|
|rb_9_ce1              |  out|    1|   ap_memory|                                  rb_9|         array|
|rb_9_q1               |   in|  128|   ap_memory|                                  rb_9|         array|
|rb_9_address2         |  out|    5|   ap_memory|                                  rb_9|         array|
|rb_9_ce2              |  out|    1|   ap_memory|                                  rb_9|         array|
|rb_9_q2               |   in|  128|   ap_memory|                                  rb_9|         array|
|rb_10_address0        |  out|    5|   ap_memory|                                 rb_10|         array|
|rb_10_ce0             |  out|    1|   ap_memory|                                 rb_10|         array|
|rb_10_q0              |   in|  128|   ap_memory|                                 rb_10|         array|
|rb_10_address1        |  out|    5|   ap_memory|                                 rb_10|         array|
|rb_10_ce1             |  out|    1|   ap_memory|                                 rb_10|         array|
|rb_10_q1              |   in|  128|   ap_memory|                                 rb_10|         array|
|rb_10_address2        |  out|    5|   ap_memory|                                 rb_10|         array|
|rb_10_ce2             |  out|    1|   ap_memory|                                 rb_10|         array|
|rb_10_q2              |   in|  128|   ap_memory|                                 rb_10|         array|
|rb_11_address0        |  out|    5|   ap_memory|                                 rb_11|         array|
|rb_11_ce0             |  out|    1|   ap_memory|                                 rb_11|         array|
|rb_11_q0              |   in|  128|   ap_memory|                                 rb_11|         array|
|rb_11_address1        |  out|    5|   ap_memory|                                 rb_11|         array|
|rb_11_ce1             |  out|    1|   ap_memory|                                 rb_11|         array|
|rb_11_q1              |   in|  128|   ap_memory|                                 rb_11|         array|
|rb_11_address2        |  out|    5|   ap_memory|                                 rb_11|         array|
|rb_11_ce2             |  out|    1|   ap_memory|                                 rb_11|         array|
|rb_11_q2              |   in|  128|   ap_memory|                                 rb_11|         array|
|rb_12_address0        |  out|    5|   ap_memory|                                 rb_12|         array|
|rb_12_ce0             |  out|    1|   ap_memory|                                 rb_12|         array|
|rb_12_q0              |   in|  128|   ap_memory|                                 rb_12|         array|
|rb_12_address1        |  out|    5|   ap_memory|                                 rb_12|         array|
|rb_12_ce1             |  out|    1|   ap_memory|                                 rb_12|         array|
|rb_12_q1              |   in|  128|   ap_memory|                                 rb_12|         array|
|rb_12_address2        |  out|    5|   ap_memory|                                 rb_12|         array|
|rb_12_ce2             |  out|    1|   ap_memory|                                 rb_12|         array|
|rb_12_q2              |   in|  128|   ap_memory|                                 rb_12|         array|
|rb_13_address0        |  out|    5|   ap_memory|                                 rb_13|         array|
|rb_13_ce0             |  out|    1|   ap_memory|                                 rb_13|         array|
|rb_13_q0              |   in|  128|   ap_memory|                                 rb_13|         array|
|rb_13_address1        |  out|    5|   ap_memory|                                 rb_13|         array|
|rb_13_ce1             |  out|    1|   ap_memory|                                 rb_13|         array|
|rb_13_q1              |   in|  128|   ap_memory|                                 rb_13|         array|
|rb_13_address2        |  out|    5|   ap_memory|                                 rb_13|         array|
|rb_13_ce2             |  out|    1|   ap_memory|                                 rb_13|         array|
|rb_13_q2              |   in|  128|   ap_memory|                                 rb_13|         array|
|rb_14_address0        |  out|    5|   ap_memory|                                 rb_14|         array|
|rb_14_ce0             |  out|    1|   ap_memory|                                 rb_14|         array|
|rb_14_q0              |   in|  128|   ap_memory|                                 rb_14|         array|
|rb_14_address1        |  out|    5|   ap_memory|                                 rb_14|         array|
|rb_14_ce1             |  out|    1|   ap_memory|                                 rb_14|         array|
|rb_14_q1              |   in|  128|   ap_memory|                                 rb_14|         array|
|rb_14_address2        |  out|    5|   ap_memory|                                 rb_14|         array|
|rb_14_ce2             |  out|    1|   ap_memory|                                 rb_14|         array|
|rb_14_q2              |   in|  128|   ap_memory|                                 rb_14|         array|
|rb_15_address0        |  out|    5|   ap_memory|                                 rb_15|         array|
|rb_15_ce0             |  out|    1|   ap_memory|                                 rb_15|         array|
|rb_15_q0              |   in|  128|   ap_memory|                                 rb_15|         array|
|rb_15_address1        |  out|    5|   ap_memory|                                 rb_15|         array|
|rb_15_ce1             |  out|    1|   ap_memory|                                 rb_15|         array|
|rb_15_q1              |   in|  128|   ap_memory|                                 rb_15|         array|
|rb_15_address2        |  out|    5|   ap_memory|                                 rb_15|         array|
|rb_15_ce2             |  out|    1|   ap_memory|                                 rb_15|         array|
|rb_15_q2              |   in|  128|   ap_memory|                                 rb_15|         array|
|gate_0_address0       |  out|    8|   ap_memory|                                gate_0|         array|
|gate_0_ce0            |  out|    1|   ap_memory|                                gate_0|         array|
|gate_0_q0             |   in|    8|   ap_memory|                                gate_0|         array|
|gate_4_address0       |  out|    8|   ap_memory|                                gate_4|         array|
|gate_4_ce0            |  out|    1|   ap_memory|                                gate_4|         array|
|gate_4_q0             |   in|    8|   ap_memory|                                gate_4|         array|
|gate_8_address0       |  out|    8|   ap_memory|                                gate_8|         array|
|gate_8_ce0            |  out|    1|   ap_memory|                                gate_8|         array|
|gate_8_q0             |   in|    8|   ap_memory|                                gate_8|         array|
|gate_12_address0      |  out|    8|   ap_memory|                               gate_12|         array|
|gate_12_ce0           |  out|    1|   ap_memory|                               gate_12|         array|
|gate_12_q0            |   in|    8|   ap_memory|                               gate_12|         array|
|gate_16_address0      |  out|    8|   ap_memory|                               gate_16|         array|
|gate_16_ce0           |  out|    1|   ap_memory|                               gate_16|         array|
|gate_16_q0            |   in|    8|   ap_memory|                               gate_16|         array|
|gate_20_address0      |  out|    8|   ap_memory|                               gate_20|         array|
|gate_20_ce0           |  out|    1|   ap_memory|                               gate_20|         array|
|gate_20_q0            |   in|    8|   ap_memory|                               gate_20|         array|
|gate_24_address0      |  out|    8|   ap_memory|                               gate_24|         array|
|gate_24_ce0           |  out|    1|   ap_memory|                               gate_24|         array|
|gate_24_q0            |   in|    8|   ap_memory|                               gate_24|         array|
|gate_28_address0      |  out|    8|   ap_memory|                               gate_28|         array|
|gate_28_ce0           |  out|    1|   ap_memory|                               gate_28|         array|
|gate_28_q0            |   in|    8|   ap_memory|                               gate_28|         array|
|empty                 |   in|    5|     ap_none|                                 empty|        scalar|
|gate_scale            |   in|   32|     ap_none|                            gate_scale|        scalar|
+----------------------+-----+-----+------------+--------------------------------------+--------------+

