

================================================================
== Vitis HLS Report for 'mac_blocks_wv'
================================================================
* Date:           Sat Mar 28 22:37:31 2026

* Version:        2025.1 (Build 6135595 on May 21 2025)
* Project:        swiglu
* Solution:       hls (Vivado IP Flow Target)
* Product family: zynquplus
* Target device:  xck26-sfvc784-2LV-c


================================================================
== Performance Estimates
================================================================
+ Timing: 
    * Summary: 
    +--------+---------+----------+------------+
    |  Clock |  Target | Estimated| Uncertainty|
    +--------+---------+----------+------------+
    |ap_clk  |  3.33 ns|  3.239 ns|     0.90 ns|
    +--------+---------+----------+------------+

+ Latency: 
    * Summary: 
    +---------+---------+----------+----------+-----+-----+---------+
    |  Latency (cycles) |  Latency (absolute) |  Interval | Pipeline|
    |   min   |   max   |    min   |    max   | min | max |   Type  |
    +---------+---------+----------+----------+-----+-----+---------+
    |      385|      385|  1.282 us|  1.282 us|  385|  385|       no|
    +---------+---------+----------+----------+-----+-----+---------+

    + Detail: 
        * Instance: 
        +--------------------------------------------------+---------------------------------------+---------+---------+----------+----------+-----+-----+------------------------------------------------+
        |                                                  |                                       |  Latency (cycles) |  Latency (absolute) |  Interval |                    Pipeline                    |
        |                     Instance                     |                 Module                |   min   |   max   |    min   |    max   | min | max |                      Type                      |
        +--------------------------------------------------+---------------------------------------+---------+---------+----------+----------+-----+-----+------------------------------------------------+
        |grp_mac_blocks_wv_Pipeline_MAC_ALL_BLOCKS_fu_924  |mac_blocks_wv_Pipeline_MAC_ALL_BLOCKS  |      260|      260|  0.866 us|  0.866 us|  257|  257|  loop auto-rewind stp (delay=0 clock cycles(s))|
        |grp_fp16_to_fp32_fu_1328                          |fp16_to_fp32                           |        3|        3|  9.990 ns|  9.990 ns|    3|    3|                                              no|
        |grp_fp16_to_fp32_fu_1333                          |fp16_to_fp32                           |        3|        3|  9.990 ns|  9.990 ns|    3|    3|                                              no|
        |grp_fp16_to_fp32_fu_1338                          |fp16_to_fp32                           |        3|        3|  9.990 ns|  9.990 ns|    3|    3|                                              no|
        |grp_fp16_to_fp32_fu_1343                          |fp16_to_fp32                           |        3|        3|  9.990 ns|  9.990 ns|    3|    3|                                              no|
        |grp_fp16_to_fp32_fu_1348                          |fp16_to_fp32                           |        3|        3|  9.990 ns|  9.990 ns|    3|    3|                                              no|
        |grp_fp16_to_fp32_fu_1353                          |fp16_to_fp32                           |        3|        3|  9.990 ns|  9.990 ns|    3|    3|                                              no|
        |grp_fp16_to_fp32_fu_1358                          |fp16_to_fp32                           |        3|        3|  9.990 ns|  9.990 ns|    3|    3|                                              no|
        |grp_fp16_to_fp32_fu_1363                          |fp16_to_fp32                           |        3|        3|  9.990 ns|  9.990 ns|    3|    3|                                              no|
        +--------------------------------------------------+---------------------------------------+---------+---------+----------+----------+-----+-----+------------------------------------------------+

        * Loop: 
        N/A



================================================================
== Utilization Estimates
================================================================
* Summary: 
+-----------------+---------+------+--------+--------+-----+
|       Name      | BRAM_18K|  DSP |   FF   |   LUT  | URAM|
+-----------------+---------+------+--------+--------+-----+
|DSP              |        -|     -|       -|       -|    -|
|Expression       |        -|     -|       0|    3922|    -|
|FIFO             |        -|     -|       -|       -|    -|
|Instance         |        -|    64|   10721|    9568|    -|
|Memory           |        -|     -|       -|       -|    -|
|Multiplexer      |        -|     -|       0|    1349|    -|
|Register         |        -|     -|    2791|       -|    -|
+-----------------+---------+------+--------+--------+-----+
|Total            |        0|    64|   13512|   14839|    0|
+-----------------+---------+------+--------+--------+-----+
|Available        |      288|  1248|  234240|  117120|   64|
+-----------------+---------+------+--------+--------+-----+
|Utilization (%)  |        0|     5|       5|      12|    0|
+-----------------+---------+------+--------+--------+-----+

+ Detail: 
    * Instance: 
    +--------------------------------------------------+---------------------------------------+---------+----+------+------+-----+
    |                     Instance                     |                 Module                | BRAM_18K| DSP|  FF  |  LUT | URAM|
    +--------------------------------------------------+---------------------------------------+---------+----+------+------+-----+
    |faddfsub_32ns_32ns_32_11_full_dsp_1_U582          |faddfsub_32ns_32ns_32_11_full_dsp_1    |        0|   2|   369|   236|    0|
    |fmul_32ns_32ns_32_7_max_dsp_1_U590                |fmul_32ns_32ns_32_7_max_dsp_1          |        0|   3|   197|   123|    0|
    |fmul_32ns_32ns_32_7_max_dsp_1_U591                |fmul_32ns_32ns_32_7_max_dsp_1          |        0|   3|   197|   123|    0|
    |fmul_32ns_32ns_32_7_max_dsp_1_U592                |fmul_32ns_32ns_32_7_max_dsp_1          |        0|   3|   197|   123|    0|
    |fmul_32ns_32ns_32_7_max_dsp_1_U593                |fmul_32ns_32ns_32_7_max_dsp_1          |        0|   3|   197|   123|    0|
    |fmul_32ns_32ns_32_7_max_dsp_1_U594                |fmul_32ns_32ns_32_7_max_dsp_1          |        0|   3|   197|   123|    0|
    |fmul_32ns_32ns_32_7_max_dsp_1_U595                |fmul_32ns_32ns_32_7_max_dsp_1          |        0|   3|   197|   123|    0|
    |fmul_32ns_32ns_32_7_max_dsp_1_U596                |fmul_32ns_32ns_32_7_max_dsp_1          |        0|   3|   197|   123|    0|
    |fmul_32ns_32ns_32_7_max_dsp_1_U597                |fmul_32ns_32ns_32_7_max_dsp_1          |        0|   3|   197|   123|    0|
    |fmul_32ns_32ns_32_7_max_dsp_1_U598                |fmul_32ns_32ns_32_7_max_dsp_1          |        0|   3|   197|   123|    0|
    |fmul_32ns_32ns_32_7_max_dsp_1_U599                |fmul_32ns_32ns_32_7_max_dsp_1          |        0|   3|   197|   123|    0|
    |fmul_32ns_32ns_32_7_max_dsp_1_U600                |fmul_32ns_32ns_32_7_max_dsp_1          |        0|   3|   197|   123|    0|
    |fmul_32ns_32ns_32_7_max_dsp_1_U601                |fmul_32ns_32ns_32_7_max_dsp_1          |        0|   3|   197|   123|    0|
    |fmul_32ns_32ns_32_7_max_dsp_1_U602                |fmul_32ns_32ns_32_7_max_dsp_1          |        0|   3|   197|   123|    0|
    |fmul_32ns_32ns_32_7_max_dsp_1_U603                |fmul_32ns_32ns_32_7_max_dsp_1          |        0|   3|   197|   123|    0|
    |fmul_32ns_32ns_32_7_max_dsp_1_U604                |fmul_32ns_32ns_32_7_max_dsp_1          |        0|   3|   197|   123|    0|
    |fmul_32ns_32ns_32_7_max_dsp_1_U605                |fmul_32ns_32ns_32_7_max_dsp_1          |        0|   3|   197|   123|    0|
    |grp_fp16_to_fp32_fu_1328                          |fp16_to_fp32                           |        0|   0|    50|   281|    0|
    |grp_fp16_to_fp32_fu_1333                          |fp16_to_fp32                           |        0|   0|    50|   281|    0|
    |grp_fp16_to_fp32_fu_1338                          |fp16_to_fp32                           |        0|   0|    50|   281|    0|
    |grp_fp16_to_fp32_fu_1343                          |fp16_to_fp32                           |        0|   0|    50|   281|    0|
    |grp_fp16_to_fp32_fu_1348                          |fp16_to_fp32                           |        0|   0|    50|   281|    0|
    |grp_fp16_to_fp32_fu_1353                          |fp16_to_fp32                           |        0|   0|    50|   281|    0|
    |grp_fp16_to_fp32_fu_1358                          |fp16_to_fp32                           |        0|   0|    50|   281|    0|
    |grp_fp16_to_fp32_fu_1363                          |fp16_to_fp32                           |        0|   0|    50|   281|    0|
    |fsub_32ns_32ns_32_11_full_dsp_1_U583              |fsub_32ns_32ns_32_11_full_dsp_1        |        0|   2|   369|   236|    0|
    |fsub_32ns_32ns_32_11_full_dsp_1_U584              |fsub_32ns_32ns_32_11_full_dsp_1        |        0|   2|   369|   236|    0|
    |fsub_32ns_32ns_32_11_full_dsp_1_U585              |fsub_32ns_32ns_32_11_full_dsp_1        |        0|   2|   369|   236|    0|
    |fsub_32ns_32ns_32_11_full_dsp_1_U586              |fsub_32ns_32ns_32_11_full_dsp_1        |        0|   2|   369|   236|    0|
    |fsub_32ns_32ns_32_11_full_dsp_1_U587              |fsub_32ns_32ns_32_11_full_dsp_1        |        0|   2|   369|   236|    0|
    |fsub_32ns_32ns_32_11_full_dsp_1_U588              |fsub_32ns_32ns_32_11_full_dsp_1        |        0|   2|   369|   236|    0|
    |fsub_32ns_32ns_32_11_full_dsp_1_U589              |fsub_32ns_32ns_32_11_full_dsp_1        |        0|   2|   369|   236|    0|
    |grp_mac_blocks_wv_Pipeline_MAC_ALL_BLOCKS_fu_924  |mac_blocks_wv_Pipeline_MAC_ALL_BLOCKS  |        0|   0|  4217|  3464|    0|
    |sitofp_32ns_32_7_no_dsp_1_U606                    |sitofp_32ns_32_7_no_dsp_1              |        0|   0|     0|     0|    0|
    |sitofp_32ns_32_7_no_dsp_1_U607                    |sitofp_32ns_32_7_no_dsp_1              |        0|   0|     0|     0|    0|
    |sitofp_32ns_32_7_no_dsp_1_U608                    |sitofp_32ns_32_7_no_dsp_1              |        0|   0|     0|     0|    0|
    |sitofp_32ns_32_7_no_dsp_1_U609                    |sitofp_32ns_32_7_no_dsp_1              |        0|   0|     0|     0|    0|
    |sitofp_32ns_32_7_no_dsp_1_U610                    |sitofp_32ns_32_7_no_dsp_1              |        0|   0|     0|     0|    0|
    |sitofp_32ns_32_7_no_dsp_1_U611                    |sitofp_32ns_32_7_no_dsp_1              |        0|   0|     0|     0|    0|
    |sitofp_32ns_32_7_no_dsp_1_U612                    |sitofp_32ns_32_7_no_dsp_1              |        0|   0|     0|     0|    0|
    |sitofp_32ns_32_7_no_dsp_1_U613                    |sitofp_32ns_32_7_no_dsp_1              |        0|   0|     0|     0|    0|
    |sitofp_32ns_32_7_no_dsp_1_U614                    |sitofp_32ns_32_7_no_dsp_1              |        0|   0|     0|     0|    0|
    |sitofp_32ns_32_7_no_dsp_1_U615                    |sitofp_32ns_32_7_no_dsp_1              |        0|   0|     0|     0|    0|
    |sitofp_32ns_32_7_no_dsp_1_U616                    |sitofp_32ns_32_7_no_dsp_1              |        0|   0|     0|     0|    0|
    |sitofp_32ns_32_7_no_dsp_1_U617                    |sitofp_32ns_32_7_no_dsp_1              |        0|   0|     0|     0|    0|
    |sitofp_32ns_32_7_no_dsp_1_U618                    |sitofp_32ns_32_7_no_dsp_1              |        0|   0|     0|     0|    0|
    |sitofp_32ns_32_7_no_dsp_1_U619                    |sitofp_32ns_32_7_no_dsp_1              |        0|   0|     0|     0|    0|
    |sitofp_32ns_32_7_no_dsp_1_U620                    |sitofp_32ns_32_7_no_dsp_1              |        0|   0|     0|     0|    0|
    |sitofp_32ns_32_7_no_dsp_1_U621                    |sitofp_32ns_32_7_no_dsp_1              |        0|   0|     0|     0|    0|
    +--------------------------------------------------+---------------------------------------+---------+----+------+------+-----+
    |Total                                             |                                       |        0|  64| 10721|  9568|    0|
    +--------------------------------------------------+---------------------------------------+---------+----+------+------+-----+

    * DSP: 
    N/A

    * Memory: 
    N/A

    * FIFO: 
    N/A

    * Expression: 
    +---------------------------------+----------+----+---+----+------------+------------+
    |          Variable Name          | Operation| DSP| FF| LUT| Bitwidth P0| Bitwidth P1|
    +---------------------------------+----------+----+---+----+------------+------------+
    |add_ln205_10_fu_2206_p2          |         +|   0|  0|  32|          32|          32|
    |add_ln205_11_fu_1746_p2          |         +|   0|  0|  39|          32|          32|
    |add_ln205_12_fu_2212_p2          |         +|   0|  0|  32|          32|          32|
    |add_ln205_14_fu_2258_p2          |         +|   0|  0|  39|          32|          32|
    |add_ln205_15_fu_2264_p2          |         +|   0|  0|  39|          32|          32|
    |add_ln205_16_fu_2270_p2          |         +|   0|  0|  32|          32|          32|
    |add_ln205_17_fu_2276_p2          |         +|   0|  0|  32|          32|          32|
    |add_ln205_18_fu_1758_p2          |         +|   0|  0|  39|          32|          32|
    |add_ln205_19_fu_2282_p2          |         +|   0|  0|  32|          32|          32|
    |add_ln205_1_fu_2124_p2           |         +|   0|  0|  39|          32|          32|
    |add_ln205_21_fu_2328_p2          |         +|   0|  0|  39|          32|          32|
    |add_ln205_22_fu_2334_p2          |         +|   0|  0|  39|          32|          32|
    |add_ln205_23_fu_2340_p2          |         +|   0|  0|  32|          32|          32|
    |add_ln205_24_fu_2346_p2          |         +|   0|  0|  32|          32|          32|
    |add_ln205_25_fu_1770_p2          |         +|   0|  0|  39|          32|          32|
    |add_ln205_26_fu_2352_p2          |         +|   0|  0|  32|          32|          32|
    |add_ln205_28_fu_2398_p2          |         +|   0|  0|  39|          32|          32|
    |add_ln205_29_fu_2404_p2          |         +|   0|  0|  39|          32|          32|
    |add_ln205_2_fu_2130_p2           |         +|   0|  0|  32|          32|          32|
    |add_ln205_30_fu_2410_p2          |         +|   0|  0|  32|          32|          32|
    |add_ln205_31_fu_2416_p2          |         +|   0|  0|  32|          32|          32|
    |add_ln205_32_fu_1782_p2          |         +|   0|  0|  39|          32|          32|
    |add_ln205_33_fu_2422_p2          |         +|   0|  0|  32|          32|          32|
    |add_ln205_35_fu_2468_p2          |         +|   0|  0|  39|          32|          32|
    |add_ln205_36_fu_2474_p2          |         +|   0|  0|  39|          32|          32|
    |add_ln205_37_fu_2480_p2          |         +|   0|  0|  32|          32|          32|
    |add_ln205_38_fu_2486_p2          |         +|   0|  0|  32|          32|          32|
    |add_ln205_39_fu_1794_p2          |         +|   0|  0|  39|          32|          32|
    |add_ln205_3_fu_2136_p2           |         +|   0|  0|  32|          32|          32|
    |add_ln205_40_fu_2492_p2          |         +|   0|  0|  32|          32|          32|
    |add_ln205_42_fu_2538_p2          |         +|   0|  0|  39|          32|          32|
    |add_ln205_43_fu_2544_p2          |         +|   0|  0|  39|          32|          32|
    |add_ln205_44_fu_2550_p2          |         +|   0|  0|  32|          32|          32|
    |add_ln205_45_fu_2556_p2          |         +|   0|  0|  32|          32|          32|
    |add_ln205_46_fu_1806_p2          |         +|   0|  0|  39|          32|          32|
    |add_ln205_47_fu_2562_p2          |         +|   0|  0|  32|          32|          32|
    |add_ln205_49_fu_2608_p2          |         +|   0|  0|  39|          32|          32|
    |add_ln205_4_fu_1734_p2           |         +|   0|  0|  39|          32|          32|
    |add_ln205_50_fu_2614_p2          |         +|   0|  0|  39|          32|          32|
    |add_ln205_51_fu_2620_p2          |         +|   0|  0|  32|          32|          32|
    |add_ln205_52_fu_2626_p2          |         +|   0|  0|  32|          32|          32|
    |add_ln205_53_fu_1818_p2          |         +|   0|  0|  39|          32|          32|
    |add_ln205_54_fu_2632_p2          |         +|   0|  0|  32|          32|          32|
    |add_ln205_5_fu_2142_p2           |         +|   0|  0|  32|          32|          32|
    |add_ln205_7_fu_2188_p2           |         +|   0|  0|  39|          32|          32|
    |add_ln205_8_fu_2194_p2           |         +|   0|  0|  39|          32|          32|
    |add_ln205_9_fu_2200_p2           |         +|   0|  0|  32|          32|          32|
    |add_ln205_fu_2118_p2             |         +|   0|  0|  39|          32|          32|
    |add_ln206_10_fu_2241_p2          |         +|   0|  0|  32|          32|          32|
    |add_ln206_11_fu_1752_p2          |         +|   0|  0|  39|          32|          32|
    |add_ln206_12_fu_2247_p2          |         +|   0|  0|  32|          32|          32|
    |add_ln206_14_fu_2293_p2          |         +|   0|  0|  39|          32|          32|
    |add_ln206_15_fu_2299_p2          |         +|   0|  0|  39|          32|          32|
    |add_ln206_16_fu_2305_p2          |         +|   0|  0|  32|          32|          32|
    |add_ln206_17_fu_2311_p2          |         +|   0|  0|  32|          32|          32|
    |add_ln206_18_fu_1764_p2          |         +|   0|  0|  39|          32|          32|
    |add_ln206_19_fu_2317_p2          |         +|   0|  0|  32|          32|          32|
    |add_ln206_1_fu_2159_p2           |         +|   0|  0|  39|          32|          32|
    |add_ln206_21_fu_2363_p2          |         +|   0|  0|  39|          32|          32|
    |add_ln206_22_fu_2369_p2          |         +|   0|  0|  39|          32|          32|
    |add_ln206_23_fu_2375_p2          |         +|   0|  0|  32|          32|          32|
    |add_ln206_24_fu_2381_p2          |         +|   0|  0|  32|          32|          32|
    |add_ln206_25_fu_1776_p2          |         +|   0|  0|  39|          32|          32|
    |add_ln206_26_fu_2387_p2          |         +|   0|  0|  32|          32|          32|
    |add_ln206_28_fu_2433_p2          |         +|   0|  0|  39|          32|          32|
    |add_ln206_29_fu_2439_p2          |         +|   0|  0|  39|          32|          32|
    |add_ln206_2_fu_2165_p2           |         +|   0|  0|  32|          32|          32|
    |add_ln206_30_fu_2445_p2          |         +|   0|  0|  32|          32|          32|
    |add_ln206_31_fu_2451_p2          |         +|   0|  0|  32|          32|          32|
    |add_ln206_32_fu_1788_p2          |         +|   0|  0|  39|          32|          32|
    |add_ln206_33_fu_2457_p2          |         +|   0|  0|  32|          32|          32|
    |add_ln206_35_fu_2503_p2          |         +|   0|  0|  39|          32|          32|
    |add_ln206_36_fu_2509_p2          |         +|   0|  0|  39|          32|          32|
    |add_ln206_37_fu_2515_p2          |         +|   0|  0|  32|          32|          32|
    |add_ln206_38_fu_2521_p2          |         +|   0|  0|  32|          32|          32|
    |add_ln206_39_fu_1800_p2          |         +|   0|  0|  39|          32|          32|
    |add_ln206_3_fu_2171_p2           |         +|   0|  0|  32|          32|          32|
    |add_ln206_40_fu_2527_p2          |         +|   0|  0|  32|          32|          32|
    |add_ln206_42_fu_2573_p2          |         +|   0|  0|  39|          32|          32|
    |add_ln206_43_fu_2579_p2          |         +|   0|  0|  39|          32|          32|
    |add_ln206_44_fu_2585_p2          |         +|   0|  0|  32|          32|          32|
    |add_ln206_45_fu_2591_p2          |         +|   0|  0|  32|          32|          32|
    |add_ln206_46_fu_1812_p2          |         +|   0|  0|  39|          32|          32|
    |add_ln206_47_fu_2597_p2          |         +|   0|  0|  32|          32|          32|
    |add_ln206_49_fu_2643_p2          |         +|   0|  0|  39|          32|          32|
    |add_ln206_4_fu_1740_p2           |         +|   0|  0|  39|          32|          32|
    |add_ln206_50_fu_2649_p2          |         +|   0|  0|  39|          32|          32|
    |add_ln206_51_fu_2655_p2          |         +|   0|  0|  32|          32|          32|
    |add_ln206_52_fu_2661_p2          |         +|   0|  0|  32|          32|          32|
    |add_ln206_53_fu_1824_p2          |         +|   0|  0|  39|          32|          32|
    |add_ln206_54_fu_2667_p2          |         +|   0|  0|  32|          32|          32|
    |add_ln206_5_fu_2177_p2           |         +|   0|  0|  32|          32|          32|
    |add_ln206_7_fu_2223_p2           |         +|   0|  0|  39|          32|          32|
    |add_ln206_8_fu_2229_p2           |         +|   0|  0|  39|          32|          32|
    |add_ln206_9_fu_2235_p2           |         +|   0|  0|  32|          32|          32|
    |add_ln206_fu_2153_p2             |         +|   0|  0|  39|          32|          32|
    |sm_1_fu_2252_p2                  |         +|   0|  0|  32|          32|          32|
    |sm_2_fu_2322_p2                  |         +|   0|  0|  32|          32|          32|
    |sm_3_fu_2392_p2                  |         +|   0|  0|  32|          32|          32|
    |sm_4_fu_2462_p2                  |         +|   0|  0|  32|          32|          32|
    |sm_5_fu_2532_p2                  |         +|   0|  0|  32|          32|          32|
    |sm_6_fu_2602_p2                  |         +|   0|  0|  32|          32|          32|
    |sm_7_fu_2672_p2                  |         +|   0|  0|  32|          32|          32|
    |sm_fu_2182_p2                    |         +|   0|  0|  32|          32|          32|
    |sw_1_fu_2217_p2                  |         +|   0|  0|  32|          32|          32|
    |sw_2_fu_2287_p2                  |         +|   0|  0|  32|          32|          32|
    |sw_3_fu_2357_p2                  |         +|   0|  0|  32|          32|          32|
    |sw_4_fu_2427_p2                  |         +|   0|  0|  32|          32|          32|
    |sw_5_fu_2497_p2                  |         +|   0|  0|  32|          32|          32|
    |sw_6_fu_2567_p2                  |         +|   0|  0|  32|          32|          32|
    |sw_7_fu_2637_p2                  |         +|   0|  0|  32|          32|          32|
    |sw_fu_2147_p2                    |         +|   0|  0|  32|          32|          32|
    |ap_block_state4_on_subcall_done  |        or|   0|  0|   2|           1|           1|
    +---------------------------------+----------+----+---+----+------------+------------+
    |Total                            |          |   0|  0|3922|        3585|        3585|
    +---------------------------------+----------+----+---+----+------------+------------+

    * Multiplexer: 
    +--------------------+-----+-----------+-----+-----------+
    |        Name        | LUT | Input Size| Bits| Total Bits|
    +--------------------+-----+-----------+-----+-----------+
    |ap_NS_fsm           |  666|        127|    1|        127|
    |ap_return           |    9|          2|   32|         64|
    |grp_fu_1368_opcode  |   14|          3|    2|          6|
    |grp_fu_1368_p0      |   14|          3|   32|         96|
    |grp_fu_1368_p1      |   54|         10|   32|        320|
    |grp_fu_1401_p0      |   14|          3|   32|         96|
    |grp_fu_1401_p1      |   14|          3|   32|         96|
    |grp_fu_1406_p0      |   14|          3|   32|         96|
    |grp_fu_1406_p1      |   14|          3|   32|         96|
    |grp_fu_1411_p0      |   14|          3|   32|         96|
    |grp_fu_1411_p1      |   14|          3|   32|         96|
    |grp_fu_1416_p0      |   14|          3|   32|         96|
    |grp_fu_1416_p1      |   14|          3|   32|         96|
    |grp_fu_1421_p0      |   14|          3|   32|         96|
    |grp_fu_1421_p1      |   14|          3|   32|         96|
    |grp_fu_1426_p0      |   14|          3|   32|         96|
    |grp_fu_1426_p1      |   14|          3|   32|         96|
    |grp_fu_1431_p0      |   14|          3|   32|         96|
    |grp_fu_1431_p1      |   14|          3|   32|         96|
    |grp_fu_1436_p0      |   14|          3|   32|         96|
    |grp_fu_1436_p1      |   14|          3|   32|         96|
    |grp_fu_1441_p0      |   14|          3|   32|         96|
    |grp_fu_1441_p1      |   14|          3|   32|         96|
    |grp_fu_1446_p0      |   14|          3|   32|         96|
    |grp_fu_1446_p1      |   14|          3|   32|         96|
    |grp_fu_1451_p0      |   14|          3|   32|         96|
    |grp_fu_1451_p1      |   14|          3|   32|         96|
    |grp_fu_1456_p0      |   14|          3|   32|         96|
    |grp_fu_1456_p1      |   14|          3|   32|         96|
    |grp_fu_1461_p0      |   14|          3|   32|         96|
    |grp_fu_1461_p1      |   14|          3|   32|         96|
    |grp_fu_1466_p0      |   14|          3|   32|         96|
    |grp_fu_1466_p1      |   14|          3|   32|         96|
    |grp_fu_1471_p0      |   14|          3|   32|         96|
    |grp_fu_1471_p1      |   14|          3|   32|         96|
    |grp_fu_1476_p0      |   14|          3|   32|         96|
    |grp_fu_1476_p1      |   14|          3|   32|         96|
    |rb_0_address0       |    9|          2|    4|          8|
    |rb_0_ce0            |    9|          2|    1|          2|
    |rb_1_address0       |    9|          2|    4|          8|
    |rb_1_ce0            |    9|          2|    1|          2|
    |rb_2_address0       |    9|          2|    4|          8|
    |rb_2_ce0            |    9|          2|    1|          2|
    |rb_3_address0       |    9|          2|    4|          8|
    |rb_3_ce0            |    9|          2|    1|          2|
    |rb_4_address0       |    9|          2|    4|          8|
    |rb_4_ce0            |    9|          2|    1|          2|
    |rb_5_address0       |    9|          2|    4|          8|
    |rb_5_ce0            |    9|          2|    1|          2|
    |rb_6_address0       |    9|          2|    4|          8|
    |rb_6_ce0            |    9|          2|    1|          2|
    |rb_7_address0       |    9|          2|    4|          8|
    |rb_7_ce0            |    9|          2|    1|          2|
    +--------------------+-----+-----------+-----+-----------+
    |Total               | 1349|        273| 1163|       3765|
    +--------------------+-----+-----------+-----+-----------+

    * Register: 
    +---------------------------------------------------------------+-----+----+-----+-----------+
    |                              Name                             |  FF | LUT| Bits| Const Bits|
    +---------------------------------------------------------------+-----+----+-----+-----------+
    |add_ln205_11_reg_3576                                          |   32|   0|   32|          0|
    |add_ln205_18_reg_3586                                          |   32|   0|   32|          0|
    |add_ln205_25_reg_3596                                          |   32|   0|   32|          0|
    |add_ln205_32_reg_3606                                          |   32|   0|   32|          0|
    |add_ln205_39_reg_3616                                          |   32|   0|   32|          0|
    |add_ln205_46_reg_3626                                          |   32|   0|   32|          0|
    |add_ln205_4_reg_3566                                           |   32|   0|   32|          0|
    |add_ln205_53_reg_3636                                          |   32|   0|   32|          0|
    |add_ln206_11_reg_3581                                          |   32|   0|   32|          0|
    |add_ln206_18_reg_3591                                          |   32|   0|   32|          0|
    |add_ln206_25_reg_3601                                          |   32|   0|   32|          0|
    |add_ln206_32_reg_3611                                          |   32|   0|   32|          0|
    |add_ln206_39_reg_3621                                          |   32|   0|   32|          0|
    |add_ln206_46_reg_3631                                          |   32|   0|   32|          0|
    |add_ln206_4_reg_3571                                           |   32|   0|   32|          0|
    |add_ln206_53_reg_3641                                          |   32|   0|   32|          0|
    |ap_CS_fsm                                                      |  126|   0|  126|          0|
    |ap_return_preg                                                 |   32|   0|   32|          0|
    |conv1_reg_3731                                                 |   32|   0|   32|          0|
    |conv373_1_reg_3736                                             |   32|   0|   32|          0|
    |conv373_2_reg_3746                                             |   32|   0|   32|          0|
    |conv373_3_reg_3756                                             |   32|   0|   32|          0|
    |conv373_4_reg_3766                                             |   32|   0|   32|          0|
    |conv373_5_reg_3776                                             |   32|   0|   32|          0|
    |conv373_6_reg_3786                                             |   32|   0|   32|          0|
    |conv373_7_reg_3796                                             |   32|   0|   32|          0|
    |conv378_1_reg_3741                                             |   32|   0|   32|          0|
    |conv378_2_reg_3751                                             |   32|   0|   32|          0|
    |conv378_3_reg_3761                                             |   32|   0|   32|          0|
    |conv378_4_reg_3771                                             |   32|   0|   32|          0|
    |conv378_5_reg_3781                                             |   32|   0|   32|          0|
    |conv378_6_reg_3791                                             |   32|   0|   32|          0|
    |conv378_7_reg_3801                                             |   32|   0|   32|          0|
    |conv_reg_3726                                                  |   32|   0|   32|          0|
    |d_1_reg_3531                                                   |   32|   0|   32|          0|
    |d_2_reg_3536                                                   |   32|   0|   32|          0|
    |d_3_reg_3541                                                   |   32|   0|   32|          0|
    |d_4_reg_3546                                                   |   32|   0|   32|          0|
    |d_5_reg_3551                                                   |   32|   0|   32|          0|
    |d_6_reg_3556                                                   |   32|   0|   32|          0|
    |d_7_reg_3561                                                   |   32|   0|   32|          0|
    |d_reg_3526                                                     |   32|   0|   32|          0|
    |grp_fp16_to_fp32_fu_1328_ap_start_reg                          |    1|   0|    1|          0|
    |grp_fp16_to_fp32_fu_1333_ap_start_reg                          |    1|   0|    1|          0|
    |grp_fp16_to_fp32_fu_1338_ap_start_reg                          |    1|   0|    1|          0|
    |grp_fp16_to_fp32_fu_1343_ap_start_reg                          |    1|   0|    1|          0|
    |grp_fp16_to_fp32_fu_1348_ap_start_reg                          |    1|   0|    1|          0|
    |grp_fp16_to_fp32_fu_1353_ap_start_reg                          |    1|   0|    1|          0|
    |grp_fp16_to_fp32_fu_1358_ap_start_reg                          |    1|   0|    1|          0|
    |grp_fp16_to_fp32_fu_1363_ap_start_reg                          |    1|   0|    1|          0|
    |grp_mac_blocks_wv_Pipeline_MAC_ALL_BLOCKS_fu_924_ap_start_reg  |    1|   0|    1|          0|
    |rb_0_load_reg_3486                                             |    8|   0|    8|          0|
    |rb_1_load_reg_3491                                             |    8|   0|    8|          0|
    |rb_2_load_reg_3496                                             |    8|   0|    8|          0|
    |rb_3_load_reg_3501                                             |    8|   0|    8|          0|
    |rb_4_load_reg_3506                                             |    8|   0|    8|          0|
    |rb_5_load_reg_3511                                             |    8|   0|    8|          0|
    |rb_6_load_reg_3516                                             |    8|   0|    8|          0|
    |rb_7_load_reg_3521                                             |    8|   0|    8|          0|
    |reg_1537                                                       |   32|   0|   32|          0|
    |reg_1543                                                       |   32|   0|   32|          0|
    |reg_1549                                                       |   32|   0|   32|          0|
    |reg_1555                                                       |   32|   0|   32|          0|
    |reg_1561                                                       |   32|   0|   32|          0|
    |reg_1567                                                       |   32|   0|   32|          0|
    |reg_1573                                                       |   32|   0|   32|          0|
    |reg_1579                                                       |   32|   0|   32|          0|
    |reg_1585                                                       |   32|   0|   32|          0|
    |reg_1591                                                       |   32|   0|   32|          0|
    |reg_1597                                                       |   32|   0|   32|          0|
    |reg_1603                                                       |   32|   0|   32|          0|
    |reg_1609                                                       |   32|   0|   32|          0|
    |reg_1615                                                       |   32|   0|   32|          0|
    |reg_1621                                                       |   32|   0|   32|          0|
    |reg_1627                                                       |   32|   0|   32|          0|
    |reg_1633                                                       |   32|   0|   32|          0|
    |sm_1_reg_3661                                                  |   32|   0|   32|          0|
    |sm_2_reg_3671                                                  |   32|   0|   32|          0|
    |sm_3_reg_3681                                                  |   32|   0|   32|          0|
    |sm_4_reg_3691                                                  |   32|   0|   32|          0|
    |sm_5_reg_3701                                                  |   32|   0|   32|          0|
    |sm_6_reg_3711                                                  |   32|   0|   32|          0|
    |sm_7_reg_3721                                                  |   32|   0|   32|          0|
    |sm_reg_3651                                                    |   32|   0|   32|          0|
    |sub381_1_reg_3826                                              |   32|   0|   32|          0|
    |sub381_2_reg_3831                                              |   32|   0|   32|          0|
    |sub381_3_reg_3836                                              |   32|   0|   32|          0|
    |sub381_4_reg_3841                                              |   32|   0|   32|          0|
    |sub381_5_reg_3846                                              |   32|   0|   32|          0|
    |sub381_6_reg_3851                                              |   32|   0|   32|          0|
    |sub381_7_reg_3856                                              |   32|   0|   32|          0|
    |sw_1_reg_3656                                                  |   32|   0|   32|          0|
    |sw_2_reg_3666                                                  |   32|   0|   32|          0|
    |sw_3_reg_3676                                                  |   32|   0|   32|          0|
    |sw_4_reg_3686                                                  |   32|   0|   32|          0|
    |sw_5_reg_3696                                                  |   32|   0|   32|          0|
    |sw_6_reg_3706                                                  |   32|   0|   32|          0|
    |sw_7_reg_3716                                                  |   32|   0|   32|          0|
    |sw_reg_3646                                                    |   32|   0|   32|          0|
    +---------------------------------------------------------------+-----+----+-----+-----------+
    |Total                                                          | 2791|   0| 2791|          0|
    +---------------------------------------------------------------+-----+----+-----+-----------+



================================================================
== Interface
================================================================
* Summary: 
+-----------------+-----+-----+------------+---------------+--------------+
|    RTL Ports    | Dir | Bits|  Protocol  | Source Object |    C Type    |
+-----------------+-----+-----+------------+---------------+--------------+
|ap_clk           |   in|    1|  ap_ctrl_hs|  mac_blocks_wv|  return value|
|ap_rst           |   in|    1|  ap_ctrl_hs|  mac_blocks_wv|  return value|
|ap_start         |   in|    1|  ap_ctrl_hs|  mac_blocks_wv|  return value|
|ap_done          |  out|    1|  ap_ctrl_hs|  mac_blocks_wv|  return value|
|ap_idle          |  out|    1|  ap_ctrl_hs|  mac_blocks_wv|  return value|
|ap_ready         |  out|    1|  ap_ctrl_hs|  mac_blocks_wv|  return value|
|ap_return        |  out|   32|  ap_ctrl_hs|  mac_blocks_wv|  return value|
|rb_0_address0    |  out|    4|   ap_memory|           rb_0|         array|
|rb_0_ce0         |  out|    1|   ap_memory|           rb_0|         array|
|rb_0_q0          |   in|    8|   ap_memory|           rb_0|         array|
|rb_1_address0    |  out|    4|   ap_memory|           rb_1|         array|
|rb_1_ce0         |  out|    1|   ap_memory|           rb_1|         array|
|rb_1_q0          |   in|    8|   ap_memory|           rb_1|         array|
|rb_2_address0    |  out|    4|   ap_memory|           rb_2|         array|
|rb_2_ce0         |  out|    1|   ap_memory|           rb_2|         array|
|rb_2_q0          |   in|    8|   ap_memory|           rb_2|         array|
|rb_3_address0    |  out|    4|   ap_memory|           rb_3|         array|
|rb_3_ce0         |  out|    1|   ap_memory|           rb_3|         array|
|rb_3_q0          |   in|    8|   ap_memory|           rb_3|         array|
|rb_4_address0    |  out|    4|   ap_memory|           rb_4|         array|
|rb_4_ce0         |  out|    1|   ap_memory|           rb_4|         array|
|rb_4_q0          |   in|    8|   ap_memory|           rb_4|         array|
|rb_5_address0    |  out|    4|   ap_memory|           rb_5|         array|
|rb_5_ce0         |  out|    1|   ap_memory|           rb_5|         array|
|rb_5_q0          |   in|    8|   ap_memory|           rb_5|         array|
|rb_6_address0    |  out|    4|   ap_memory|           rb_6|         array|
|rb_6_ce0         |  out|    1|   ap_memory|           rb_6|         array|
|rb_6_q0          |   in|    8|   ap_memory|           rb_6|         array|
|rb_7_address0    |  out|    4|   ap_memory|           rb_7|         array|
|rb_7_ce0         |  out|    1|   ap_memory|           rb_7|         array|
|rb_7_q0          |   in|    8|   ap_memory|           rb_7|         array|
|x_0_0_address0   |  out|    4|   ap_memory|          x_0_0|         array|
|x_0_0_ce0        |  out|    1|   ap_memory|          x_0_0|         array|
|x_0_0_q0         |   in|    1|   ap_memory|          x_0_0|         array|
|x_0_1_address0   |  out|    4|   ap_memory|          x_0_1|         array|
|x_0_1_ce0        |  out|    1|   ap_memory|          x_0_1|         array|
|x_0_1_q0         |   in|    1|   ap_memory|          x_0_1|         array|
|x_0_2_address0   |  out|    4|   ap_memory|          x_0_2|         array|
|x_0_2_ce0        |  out|    1|   ap_memory|          x_0_2|         array|
|x_0_2_q0         |   in|    1|   ap_memory|          x_0_2|         array|
|x_0_3_address0   |  out|    4|   ap_memory|          x_0_3|         array|
|x_0_3_ce0        |  out|    1|   ap_memory|          x_0_3|         array|
|x_0_3_q0         |   in|    1|   ap_memory|          x_0_3|         array|
|x_0_4_address0   |  out|    4|   ap_memory|          x_0_4|         array|
|x_0_4_ce0        |  out|    1|   ap_memory|          x_0_4|         array|
|x_0_4_q0         |   in|    1|   ap_memory|          x_0_4|         array|
|x_0_5_address0   |  out|    4|   ap_memory|          x_0_5|         array|
|x_0_5_ce0        |  out|    1|   ap_memory|          x_0_5|         array|
|x_0_5_q0         |   in|    1|   ap_memory|          x_0_5|         array|
|x_0_6_address0   |  out|    4|   ap_memory|          x_0_6|         array|
|x_0_6_ce0        |  out|    1|   ap_memory|          x_0_6|         array|
|x_0_6_q0         |   in|    1|   ap_memory|          x_0_6|         array|
|x_0_7_address0   |  out|    4|   ap_memory|          x_0_7|         array|
|x_0_7_ce0        |  out|    1|   ap_memory|          x_0_7|         array|
|x_0_7_q0         |   in|    1|   ap_memory|          x_0_7|         array|
|x_0_8_address0   |  out|    4|   ap_memory|          x_0_8|         array|
|x_0_8_ce0        |  out|    1|   ap_memory|          x_0_8|         array|
|x_0_8_q0         |   in|    1|   ap_memory|          x_0_8|         array|
|x_0_9_address0   |  out|    4|   ap_memory|          x_0_9|         array|
|x_0_9_ce0        |  out|    1|   ap_memory|          x_0_9|         array|
|x_0_9_q0         |   in|    1|   ap_memory|          x_0_9|         array|
|x_0_10_address0  |  out|    4|   ap_memory|         x_0_10|         array|
|x_0_10_ce0       |  out|    1|   ap_memory|         x_0_10|         array|
|x_0_10_q0        |   in|    1|   ap_memory|         x_0_10|         array|
|x_0_11_address0  |  out|    4|   ap_memory|         x_0_11|         array|
|x_0_11_ce0       |  out|    1|   ap_memory|         x_0_11|         array|
|x_0_11_q0        |   in|    1|   ap_memory|         x_0_11|         array|
|x_0_12_address0  |  out|    4|   ap_memory|         x_0_12|         array|
|x_0_12_ce0       |  out|    1|   ap_memory|         x_0_12|         array|
|x_0_12_q0        |   in|    1|   ap_memory|         x_0_12|         array|
|x_0_13_address0  |  out|    4|   ap_memory|         x_0_13|         array|
|x_0_13_ce0       |  out|    1|   ap_memory|         x_0_13|         array|
|x_0_13_q0        |   in|    1|   ap_memory|         x_0_13|         array|
|x_0_14_address0  |  out|    4|   ap_memory|         x_0_14|         array|
|x_0_14_ce0       |  out|    1|   ap_memory|         x_0_14|         array|
|x_0_14_q0        |   in|    1|   ap_memory|         x_0_14|         array|
|x_0_15_address0  |  out|    4|   ap_memory|         x_0_15|         array|
|x_0_15_ce0       |  out|    1|   ap_memory|         x_0_15|         array|
|x_0_15_q0        |   in|    1|   ap_memory|         x_0_15|         array|
|x_1_0_address0   |  out|    4|   ap_memory|          x_1_0|         array|
|x_1_0_ce0        |  out|    1|   ap_memory|          x_1_0|         array|
|x_1_0_q0         |   in|    1|   ap_memory|          x_1_0|         array|
|x_1_1_address0   |  out|    4|   ap_memory|          x_1_1|         array|
|x_1_1_ce0        |  out|    1|   ap_memory|          x_1_1|         array|
|x_1_1_q0         |   in|    1|   ap_memory|          x_1_1|         array|
|x_1_2_address0   |  out|    4|   ap_memory|          x_1_2|         array|
|x_1_2_ce0        |  out|    1|   ap_memory|          x_1_2|         array|
|x_1_2_q0         |   in|    1|   ap_memory|          x_1_2|         array|
|x_1_3_address0   |  out|    4|   ap_memory|          x_1_3|         array|
|x_1_3_ce0        |  out|    1|   ap_memory|          x_1_3|         array|
|x_1_3_q0         |   in|    1|   ap_memory|          x_1_3|         array|
|x_1_4_address0   |  out|    4|   ap_memory|          x_1_4|         array|
|x_1_4_ce0        |  out|    1|   ap_memory|          x_1_4|         array|
|x_1_4_q0         |   in|    1|   ap_memory|          x_1_4|         array|
|x_1_5_address0   |  out|    4|   ap_memory|          x_1_5|         array|
|x_1_5_ce0        |  out|    1|   ap_memory|          x_1_5|         array|
|x_1_5_q0         |   in|    1|   ap_memory|          x_1_5|         array|
|x_1_6_address0   |  out|    4|   ap_memory|          x_1_6|         array|
|x_1_6_ce0        |  out|    1|   ap_memory|          x_1_6|         array|
|x_1_6_q0         |   in|    1|   ap_memory|          x_1_6|         array|
|x_1_7_address0   |  out|    4|   ap_memory|          x_1_7|         array|
|x_1_7_ce0        |  out|    1|   ap_memory|          x_1_7|         array|
|x_1_7_q0         |   in|    1|   ap_memory|          x_1_7|         array|
|x_1_8_address0   |  out|    4|   ap_memory|          x_1_8|         array|
|x_1_8_ce0        |  out|    1|   ap_memory|          x_1_8|         array|
|x_1_8_q0         |   in|    1|   ap_memory|          x_1_8|         array|
|x_1_9_address0   |  out|    4|   ap_memory|          x_1_9|         array|
|x_1_9_ce0        |  out|    1|   ap_memory|          x_1_9|         array|
|x_1_9_q0         |   in|    1|   ap_memory|          x_1_9|         array|
|x_1_10_address0  |  out|    4|   ap_memory|         x_1_10|         array|
|x_1_10_ce0       |  out|    1|   ap_memory|         x_1_10|         array|
|x_1_10_q0        |   in|    1|   ap_memory|         x_1_10|         array|
|x_1_11_address0  |  out|    4|   ap_memory|         x_1_11|         array|
|x_1_11_ce0       |  out|    1|   ap_memory|         x_1_11|         array|
|x_1_11_q0        |   in|    1|   ap_memory|         x_1_11|         array|
|x_1_12_address0  |  out|    4|   ap_memory|         x_1_12|         array|
|x_1_12_ce0       |  out|    1|   ap_memory|         x_1_12|         array|
|x_1_12_q0        |   in|    1|   ap_memory|         x_1_12|         array|
|x_1_13_address0  |  out|    4|   ap_memory|         x_1_13|         array|
|x_1_13_ce0       |  out|    1|   ap_memory|         x_1_13|         array|
|x_1_13_q0        |   in|    1|   ap_memory|         x_1_13|         array|
|x_1_14_address0  |  out|    4|   ap_memory|         x_1_14|         array|
|x_1_14_ce0       |  out|    1|   ap_memory|         x_1_14|         array|
|x_1_14_q0        |   in|    1|   ap_memory|         x_1_14|         array|
|x_1_15_address0  |  out|    4|   ap_memory|         x_1_15|         array|
|x_1_15_ce0       |  out|    1|   ap_memory|         x_1_15|         array|
|x_1_15_q0        |   in|    1|   ap_memory|         x_1_15|         array|
|x_2_0_address0   |  out|    4|   ap_memory|          x_2_0|         array|
|x_2_0_ce0        |  out|    1|   ap_memory|          x_2_0|         array|
|x_2_0_q0         |   in|    1|   ap_memory|          x_2_0|         array|
|x_2_1_address0   |  out|    4|   ap_memory|          x_2_1|         array|
|x_2_1_ce0        |  out|    1|   ap_memory|          x_2_1|         array|
|x_2_1_q0         |   in|    1|   ap_memory|          x_2_1|         array|
|x_2_2_address0   |  out|    4|   ap_memory|          x_2_2|         array|
|x_2_2_ce0        |  out|    1|   ap_memory|          x_2_2|         array|
|x_2_2_q0         |   in|    1|   ap_memory|          x_2_2|         array|
|x_2_3_address0   |  out|    4|   ap_memory|          x_2_3|         array|
|x_2_3_ce0        |  out|    1|   ap_memory|          x_2_3|         array|
|x_2_3_q0         |   in|    1|   ap_memory|          x_2_3|         array|
|x_2_4_address0   |  out|    4|   ap_memory|          x_2_4|         array|
|x_2_4_ce0        |  out|    1|   ap_memory|          x_2_4|         array|
|x_2_4_q0         |   in|    1|   ap_memory|          x_2_4|         array|
|x_2_5_address0   |  out|    4|   ap_memory|          x_2_5|         array|
|x_2_5_ce0        |  out|    1|   ap_memory|          x_2_5|         array|
|x_2_5_q0         |   in|    1|   ap_memory|          x_2_5|         array|
|x_2_6_address0   |  out|    4|   ap_memory|          x_2_6|         array|
|x_2_6_ce0        |  out|    1|   ap_memory|          x_2_6|         array|
|x_2_6_q0         |   in|    1|   ap_memory|          x_2_6|         array|
|x_2_7_address0   |  out|    4|   ap_memory|          x_2_7|         array|
|x_2_7_ce0        |  out|    1|   ap_memory|          x_2_7|         array|
|x_2_7_q0         |   in|    1|   ap_memory|          x_2_7|         array|
|x_2_8_address0   |  out|    4|   ap_memory|          x_2_8|         array|
|x_2_8_ce0        |  out|    1|   ap_memory|          x_2_8|         array|
|x_2_8_q0         |   in|    1|   ap_memory|          x_2_8|         array|
|x_2_9_address0   |  out|    4|   ap_memory|          x_2_9|         array|
|x_2_9_ce0        |  out|    1|   ap_memory|          x_2_9|         array|
|x_2_9_q0         |   in|    1|   ap_memory|          x_2_9|         array|
|x_2_10_address0  |  out|    4|   ap_memory|         x_2_10|         array|
|x_2_10_ce0       |  out|    1|   ap_memory|         x_2_10|         array|
|x_2_10_q0        |   in|    1|   ap_memory|         x_2_10|         array|
|x_2_11_address0  |  out|    4|   ap_memory|         x_2_11|         array|
|x_2_11_ce0       |  out|    1|   ap_memory|         x_2_11|         array|
|x_2_11_q0        |   in|    1|   ap_memory|         x_2_11|         array|
|x_2_12_address0  |  out|    4|   ap_memory|         x_2_12|         array|
|x_2_12_ce0       |  out|    1|   ap_memory|         x_2_12|         array|
|x_2_12_q0        |   in|    1|   ap_memory|         x_2_12|         array|
|x_2_13_address0  |  out|    4|   ap_memory|         x_2_13|         array|
|x_2_13_ce0       |  out|    1|   ap_memory|         x_2_13|         array|
|x_2_13_q0        |   in|    1|   ap_memory|         x_2_13|         array|
|x_2_14_address0  |  out|    4|   ap_memory|         x_2_14|         array|
|x_2_14_ce0       |  out|    1|   ap_memory|         x_2_14|         array|
|x_2_14_q0        |   in|    1|   ap_memory|         x_2_14|         array|
|x_2_15_address0  |  out|    4|   ap_memory|         x_2_15|         array|
|x_2_15_ce0       |  out|    1|   ap_memory|         x_2_15|         array|
|x_2_15_q0        |   in|    1|   ap_memory|         x_2_15|         array|
|x_3_0_address0   |  out|    4|   ap_memory|          x_3_0|         array|
|x_3_0_ce0        |  out|    1|   ap_memory|          x_3_0|         array|
|x_3_0_q0         |   in|    1|   ap_memory|          x_3_0|         array|
|x_3_1_address0   |  out|    4|   ap_memory|          x_3_1|         array|
|x_3_1_ce0        |  out|    1|   ap_memory|          x_3_1|         array|
|x_3_1_q0         |   in|    1|   ap_memory|          x_3_1|         array|
|x_3_2_address0   |  out|    4|   ap_memory|          x_3_2|         array|
|x_3_2_ce0        |  out|    1|   ap_memory|          x_3_2|         array|
|x_3_2_q0         |   in|    1|   ap_memory|          x_3_2|         array|
|x_3_3_address0   |  out|    4|   ap_memory|          x_3_3|         array|
|x_3_3_ce0        |  out|    1|   ap_memory|          x_3_3|         array|
|x_3_3_q0         |   in|    1|   ap_memory|          x_3_3|         array|
|x_3_4_address0   |  out|    4|   ap_memory|          x_3_4|         array|
|x_3_4_ce0        |  out|    1|   ap_memory|          x_3_4|         array|
|x_3_4_q0         |   in|    1|   ap_memory|          x_3_4|         array|
|x_3_5_address0   |  out|    4|   ap_memory|          x_3_5|         array|
|x_3_5_ce0        |  out|    1|   ap_memory|          x_3_5|         array|
|x_3_5_q0         |   in|    1|   ap_memory|          x_3_5|         array|
|x_3_6_address0   |  out|    4|   ap_memory|          x_3_6|         array|
|x_3_6_ce0        |  out|    1|   ap_memory|          x_3_6|         array|
|x_3_6_q0         |   in|    1|   ap_memory|          x_3_6|         array|
|x_3_7_address0   |  out|    4|   ap_memory|          x_3_7|         array|
|x_3_7_ce0        |  out|    1|   ap_memory|          x_3_7|         array|
|x_3_7_q0         |   in|    1|   ap_memory|          x_3_7|         array|
|x_3_8_address0   |  out|    4|   ap_memory|          x_3_8|         array|
|x_3_8_ce0        |  out|    1|   ap_memory|          x_3_8|         array|
|x_3_8_q0         |   in|    1|   ap_memory|          x_3_8|         array|
|x_3_9_address0   |  out|    4|   ap_memory|          x_3_9|         array|
|x_3_9_ce0        |  out|    1|   ap_memory|          x_3_9|         array|
|x_3_9_q0         |   in|    1|   ap_memory|          x_3_9|         array|
|x_3_10_address0  |  out|    4|   ap_memory|         x_3_10|         array|
|x_3_10_ce0       |  out|    1|   ap_memory|         x_3_10|         array|
|x_3_10_q0        |   in|    1|   ap_memory|         x_3_10|         array|
|x_3_11_address0  |  out|    4|   ap_memory|         x_3_11|         array|
|x_3_11_ce0       |  out|    1|   ap_memory|         x_3_11|         array|
|x_3_11_q0        |   in|    1|   ap_memory|         x_3_11|         array|
|x_3_12_address0  |  out|    4|   ap_memory|         x_3_12|         array|
|x_3_12_ce0       |  out|    1|   ap_memory|         x_3_12|         array|
|x_3_12_q0        |   in|    1|   ap_memory|         x_3_12|         array|
|x_3_13_address0  |  out|    4|   ap_memory|         x_3_13|         array|
|x_3_13_ce0       |  out|    1|   ap_memory|         x_3_13|         array|
|x_3_13_q0        |   in|    1|   ap_memory|         x_3_13|         array|
|x_3_14_address0  |  out|    4|   ap_memory|         x_3_14|         array|
|x_3_14_ce0       |  out|    1|   ap_memory|         x_3_14|         array|
|x_3_14_q0        |   in|    1|   ap_memory|         x_3_14|         array|
|x_3_15_address0  |  out|    4|   ap_memory|         x_3_15|         array|
|x_3_15_ce0       |  out|    1|   ap_memory|         x_3_15|         array|
|x_3_15_q0        |   in|    1|   ap_memory|         x_3_15|         array|
|x_4_0_address0   |  out|    4|   ap_memory|          x_4_0|         array|
|x_4_0_ce0        |  out|    1|   ap_memory|          x_4_0|         array|
|x_4_0_q0         |   in|    1|   ap_memory|          x_4_0|         array|
|x_4_1_address0   |  out|    4|   ap_memory|          x_4_1|         array|
|x_4_1_ce0        |  out|    1|   ap_memory|          x_4_1|         array|
|x_4_1_q0         |   in|    1|   ap_memory|          x_4_1|         array|
|x_4_2_address0   |  out|    4|   ap_memory|          x_4_2|         array|
|x_4_2_ce0        |  out|    1|   ap_memory|          x_4_2|         array|
|x_4_2_q0         |   in|    1|   ap_memory|          x_4_2|         array|
|x_4_3_address0   |  out|    4|   ap_memory|          x_4_3|         array|
|x_4_3_ce0        |  out|    1|   ap_memory|          x_4_3|         array|
|x_4_3_q0         |   in|    1|   ap_memory|          x_4_3|         array|
|x_4_4_address0   |  out|    4|   ap_memory|          x_4_4|         array|
|x_4_4_ce0        |  out|    1|   ap_memory|          x_4_4|         array|
|x_4_4_q0         |   in|    1|   ap_memory|          x_4_4|         array|
|x_4_5_address0   |  out|    4|   ap_memory|          x_4_5|         array|
|x_4_5_ce0        |  out|    1|   ap_memory|          x_4_5|         array|
|x_4_5_q0         |   in|    1|   ap_memory|          x_4_5|         array|
|x_4_6_address0   |  out|    4|   ap_memory|          x_4_6|         array|
|x_4_6_ce0        |  out|    1|   ap_memory|          x_4_6|         array|
|x_4_6_q0         |   in|    1|   ap_memory|          x_4_6|         array|
|x_4_7_address0   |  out|    4|   ap_memory|          x_4_7|         array|
|x_4_7_ce0        |  out|    1|   ap_memory|          x_4_7|         array|
|x_4_7_q0         |   in|    1|   ap_memory|          x_4_7|         array|
|x_4_8_address0   |  out|    4|   ap_memory|          x_4_8|         array|
|x_4_8_ce0        |  out|    1|   ap_memory|          x_4_8|         array|
|x_4_8_q0         |   in|    1|   ap_memory|          x_4_8|         array|
|x_4_9_address0   |  out|    4|   ap_memory|          x_4_9|         array|
|x_4_9_ce0        |  out|    1|   ap_memory|          x_4_9|         array|
|x_4_9_q0         |   in|    1|   ap_memory|          x_4_9|         array|
|x_4_10_address0  |  out|    4|   ap_memory|         x_4_10|         array|
|x_4_10_ce0       |  out|    1|   ap_memory|         x_4_10|         array|
|x_4_10_q0        |   in|    1|   ap_memory|         x_4_10|         array|
|x_4_11_address0  |  out|    4|   ap_memory|         x_4_11|         array|
|x_4_11_ce0       |  out|    1|   ap_memory|         x_4_11|         array|
|x_4_11_q0        |   in|    1|   ap_memory|         x_4_11|         array|
|x_4_12_address0  |  out|    4|   ap_memory|         x_4_12|         array|
|x_4_12_ce0       |  out|    1|   ap_memory|         x_4_12|         array|
|x_4_12_q0        |   in|    1|   ap_memory|         x_4_12|         array|
|x_4_13_address0  |  out|    4|   ap_memory|         x_4_13|         array|
|x_4_13_ce0       |  out|    1|   ap_memory|         x_4_13|         array|
|x_4_13_q0        |   in|    1|   ap_memory|         x_4_13|         array|
|x_4_14_address0  |  out|    4|   ap_memory|         x_4_14|         array|
|x_4_14_ce0       |  out|    1|   ap_memory|         x_4_14|         array|
|x_4_14_q0        |   in|    1|   ap_memory|         x_4_14|         array|
|x_4_15_address0  |  out|    4|   ap_memory|         x_4_15|         array|
|x_4_15_ce0       |  out|    1|   ap_memory|         x_4_15|         array|
|x_4_15_q0        |   in|    1|   ap_memory|         x_4_15|         array|
|x_5_0_address0   |  out|    4|   ap_memory|          x_5_0|         array|
|x_5_0_ce0        |  out|    1|   ap_memory|          x_5_0|         array|
|x_5_0_q0         |   in|    1|   ap_memory|          x_5_0|         array|
|x_5_1_address0   |  out|    4|   ap_memory|          x_5_1|         array|
|x_5_1_ce0        |  out|    1|   ap_memory|          x_5_1|         array|
|x_5_1_q0         |   in|    1|   ap_memory|          x_5_1|         array|
|x_5_2_address0   |  out|    4|   ap_memory|          x_5_2|         array|
|x_5_2_ce0        |  out|    1|   ap_memory|          x_5_2|         array|
|x_5_2_q0         |   in|    1|   ap_memory|          x_5_2|         array|
|x_5_3_address0   |  out|    4|   ap_memory|          x_5_3|         array|
|x_5_3_ce0        |  out|    1|   ap_memory|          x_5_3|         array|
|x_5_3_q0         |   in|    1|   ap_memory|          x_5_3|         array|
|x_5_4_address0   |  out|    4|   ap_memory|          x_5_4|         array|
|x_5_4_ce0        |  out|    1|   ap_memory|          x_5_4|         array|
|x_5_4_q0         |   in|    1|   ap_memory|          x_5_4|         array|
|x_5_5_address0   |  out|    4|   ap_memory|          x_5_5|         array|
|x_5_5_ce0        |  out|    1|   ap_memory|          x_5_5|         array|
|x_5_5_q0         |   in|    1|   ap_memory|          x_5_5|         array|
|x_5_6_address0   |  out|    4|   ap_memory|          x_5_6|         array|
|x_5_6_ce0        |  out|    1|   ap_memory|          x_5_6|         array|
|x_5_6_q0         |   in|    1|   ap_memory|          x_5_6|         array|
|x_5_7_address0   |  out|    4|   ap_memory|          x_5_7|         array|
|x_5_7_ce0        |  out|    1|   ap_memory|          x_5_7|         array|
|x_5_7_q0         |   in|    1|   ap_memory|          x_5_7|         array|
|x_5_8_address0   |  out|    4|   ap_memory|          x_5_8|         array|
|x_5_8_ce0        |  out|    1|   ap_memory|          x_5_8|         array|
|x_5_8_q0         |   in|    1|   ap_memory|          x_5_8|         array|
|x_5_9_address0   |  out|    4|   ap_memory|          x_5_9|         array|
|x_5_9_ce0        |  out|    1|   ap_memory|          x_5_9|         array|
|x_5_9_q0         |   in|    1|   ap_memory|          x_5_9|         array|
|x_5_10_address0  |  out|    4|   ap_memory|         x_5_10|         array|
|x_5_10_ce0       |  out|    1|   ap_memory|         x_5_10|         array|
|x_5_10_q0        |   in|    1|   ap_memory|         x_5_10|         array|
|x_5_11_address0  |  out|    4|   ap_memory|         x_5_11|         array|
|x_5_11_ce0       |  out|    1|   ap_memory|         x_5_11|         array|
|x_5_11_q0        |   in|    1|   ap_memory|         x_5_11|         array|
|x_5_12_address0  |  out|    4|   ap_memory|         x_5_12|         array|
|x_5_12_ce0       |  out|    1|   ap_memory|         x_5_12|         array|
|x_5_12_q0        |   in|    1|   ap_memory|         x_5_12|         array|
|x_5_13_address0  |  out|    4|   ap_memory|         x_5_13|         array|
|x_5_13_ce0       |  out|    1|   ap_memory|         x_5_13|         array|
|x_5_13_q0        |   in|    1|   ap_memory|         x_5_13|         array|
|x_5_14_address0  |  out|    4|   ap_memory|         x_5_14|         array|
|x_5_14_ce0       |  out|    1|   ap_memory|         x_5_14|         array|
|x_5_14_q0        |   in|    1|   ap_memory|         x_5_14|         array|
|x_5_15_address0  |  out|    4|   ap_memory|         x_5_15|         array|
|x_5_15_ce0       |  out|    1|   ap_memory|         x_5_15|         array|
|x_5_15_q0        |   in|    1|   ap_memory|         x_5_15|         array|
|x_6_0_address0   |  out|    4|   ap_memory|          x_6_0|         array|
|x_6_0_ce0        |  out|    1|   ap_memory|          x_6_0|         array|
|x_6_0_q0         |   in|    1|   ap_memory|          x_6_0|         array|
|x_6_1_address0   |  out|    4|   ap_memory|          x_6_1|         array|
|x_6_1_ce0        |  out|    1|   ap_memory|          x_6_1|         array|
|x_6_1_q0         |   in|    1|   ap_memory|          x_6_1|         array|
|x_6_2_address0   |  out|    4|   ap_memory|          x_6_2|         array|
|x_6_2_ce0        |  out|    1|   ap_memory|          x_6_2|         array|
|x_6_2_q0         |   in|    1|   ap_memory|          x_6_2|         array|
|x_6_3_address0   |  out|    4|   ap_memory|          x_6_3|         array|
|x_6_3_ce0        |  out|    1|   ap_memory|          x_6_3|         array|
|x_6_3_q0         |   in|    1|   ap_memory|          x_6_3|         array|
|x_6_4_address0   |  out|    4|   ap_memory|          x_6_4|         array|
|x_6_4_ce0        |  out|    1|   ap_memory|          x_6_4|         array|
|x_6_4_q0         |   in|    1|   ap_memory|          x_6_4|         array|
|x_6_5_address0   |  out|    4|   ap_memory|          x_6_5|         array|
|x_6_5_ce0        |  out|    1|   ap_memory|          x_6_5|         array|
|x_6_5_q0         |   in|    1|   ap_memory|          x_6_5|         array|
|x_6_6_address0   |  out|    4|   ap_memory|          x_6_6|         array|
|x_6_6_ce0        |  out|    1|   ap_memory|          x_6_6|         array|
|x_6_6_q0         |   in|    1|   ap_memory|          x_6_6|         array|
|x_6_7_address0   |  out|    4|   ap_memory|          x_6_7|         array|
|x_6_7_ce0        |  out|    1|   ap_memory|          x_6_7|         array|
|x_6_7_q0         |   in|    1|   ap_memory|          x_6_7|         array|
|x_6_8_address0   |  out|    4|   ap_memory|          x_6_8|         array|
|x_6_8_ce0        |  out|    1|   ap_memory|          x_6_8|         array|
|x_6_8_q0         |   in|    1|   ap_memory|          x_6_8|         array|
|x_6_9_address0   |  out|    4|   ap_memory|          x_6_9|         array|
|x_6_9_ce0        |  out|    1|   ap_memory|          x_6_9|         array|
|x_6_9_q0         |   in|    1|   ap_memory|          x_6_9|         array|
|x_6_10_address0  |  out|    4|   ap_memory|         x_6_10|         array|
|x_6_10_ce0       |  out|    1|   ap_memory|         x_6_10|         array|
|x_6_10_q0        |   in|    1|   ap_memory|         x_6_10|         array|
|x_6_11_address0  |  out|    4|   ap_memory|         x_6_11|         array|
|x_6_11_ce0       |  out|    1|   ap_memory|         x_6_11|         array|
|x_6_11_q0        |   in|    1|   ap_memory|         x_6_11|         array|
|x_6_12_address0  |  out|    4|   ap_memory|         x_6_12|         array|
|x_6_12_ce0       |  out|    1|   ap_memory|         x_6_12|         array|
|x_6_12_q0        |   in|    1|   ap_memory|         x_6_12|         array|
|x_6_13_address0  |  out|    4|   ap_memory|         x_6_13|         array|
|x_6_13_ce0       |  out|    1|   ap_memory|         x_6_13|         array|
|x_6_13_q0        |   in|    1|   ap_memory|         x_6_13|         array|
|x_6_14_address0  |  out|    4|   ap_memory|         x_6_14|         array|
|x_6_14_ce0       |  out|    1|   ap_memory|         x_6_14|         array|
|x_6_14_q0        |   in|    1|   ap_memory|         x_6_14|         array|
|x_6_15_address0  |  out|    4|   ap_memory|         x_6_15|         array|
|x_6_15_ce0       |  out|    1|   ap_memory|         x_6_15|         array|
|x_6_15_q0        |   in|    1|   ap_memory|         x_6_15|         array|
|x_7_0_address0   |  out|    4|   ap_memory|          x_7_0|         array|
|x_7_0_ce0        |  out|    1|   ap_memory|          x_7_0|         array|
|x_7_0_q0         |   in|    1|   ap_memory|          x_7_0|         array|
|x_7_1_address0   |  out|    4|   ap_memory|          x_7_1|         array|
|x_7_1_ce0        |  out|    1|   ap_memory|          x_7_1|         array|
|x_7_1_q0         |   in|    1|   ap_memory|          x_7_1|         array|
|x_7_2_address0   |  out|    4|   ap_memory|          x_7_2|         array|
|x_7_2_ce0        |  out|    1|   ap_memory|          x_7_2|         array|
|x_7_2_q0         |   in|    1|   ap_memory|          x_7_2|         array|
|x_7_3_address0   |  out|    4|   ap_memory|          x_7_3|         array|
|x_7_3_ce0        |  out|    1|   ap_memory|          x_7_3|         array|
|x_7_3_q0         |   in|    1|   ap_memory|          x_7_3|         array|
|x_7_4_address0   |  out|    4|   ap_memory|          x_7_4|         array|
|x_7_4_ce0        |  out|    1|   ap_memory|          x_7_4|         array|
|x_7_4_q0         |   in|    1|   ap_memory|          x_7_4|         array|
|x_7_5_address0   |  out|    4|   ap_memory|          x_7_5|         array|
|x_7_5_ce0        |  out|    1|   ap_memory|          x_7_5|         array|
|x_7_5_q0         |   in|    1|   ap_memory|          x_7_5|         array|
|x_7_6_address0   |  out|    4|   ap_memory|          x_7_6|         array|
|x_7_6_ce0        |  out|    1|   ap_memory|          x_7_6|         array|
|x_7_6_q0         |   in|    1|   ap_memory|          x_7_6|         array|
|x_7_7_address0   |  out|    4|   ap_memory|          x_7_7|         array|
|x_7_7_ce0        |  out|    1|   ap_memory|          x_7_7|         array|
|x_7_7_q0         |   in|    1|   ap_memory|          x_7_7|         array|
|x_7_8_address0   |  out|    4|   ap_memory|          x_7_8|         array|
|x_7_8_ce0        |  out|    1|   ap_memory|          x_7_8|         array|
|x_7_8_q0         |   in|    1|   ap_memory|          x_7_8|         array|
|x_7_9_address0   |  out|    4|   ap_memory|          x_7_9|         array|
|x_7_9_ce0        |  out|    1|   ap_memory|          x_7_9|         array|
|x_7_9_q0         |   in|    1|   ap_memory|          x_7_9|         array|
|x_7_10_address0  |  out|    4|   ap_memory|         x_7_10|         array|
|x_7_10_ce0       |  out|    1|   ap_memory|         x_7_10|         array|
|x_7_10_q0        |   in|    1|   ap_memory|         x_7_10|         array|
|x_7_11_address0  |  out|    4|   ap_memory|         x_7_11|         array|
|x_7_11_ce0       |  out|    1|   ap_memory|         x_7_11|         array|
|x_7_11_q0        |   in|    1|   ap_memory|         x_7_11|         array|
|x_7_12_address0  |  out|    4|   ap_memory|         x_7_12|         array|
|x_7_12_ce0       |  out|    1|   ap_memory|         x_7_12|         array|
|x_7_12_q0        |   in|    1|   ap_memory|         x_7_12|         array|
|x_7_13_address0  |  out|    4|   ap_memory|         x_7_13|         array|
|x_7_13_ce0       |  out|    1|   ap_memory|         x_7_13|         array|
|x_7_13_q0        |   in|    1|   ap_memory|         x_7_13|         array|
|x_7_14_address0  |  out|    4|   ap_memory|         x_7_14|         array|
|x_7_14_ce0       |  out|    1|   ap_memory|         x_7_14|         array|
|x_7_14_q0        |   in|    1|   ap_memory|         x_7_14|         array|
|x_7_15_address0  |  out|    4|   ap_memory|         x_7_15|         array|
|x_7_15_ce0       |  out|    1|   ap_memory|         x_7_15|         array|
|x_7_15_q0        |   in|    1|   ap_memory|         x_7_15|         array|
|x_scale          |   in|   32|     ap_none|        x_scale|        scalar|
+-----------------+-----+-----+------------+---------------+--------------+

