

================================================================
== Vitis HLS Report for 'mac_blocks_down_q4k7'
================================================================
* Date:           Thu Apr  2 09:24:19 2026

* Version:        2025.1 (Build 6135595 on May 21 2025)
* Project:        swiglu
* Solution:       hls (Vivado IP Flow Target)
* Product family: zynquplus
* Target device:  xck26-sfvc784-2LV-c


================================================================
== Performance Estimates
================================================================
+ Timing: 
    * Summary: 
    +--------+---------+----------+------------+
    |  Clock |  Target | Estimated| Uncertainty|
    +--------+---------+----------+------------+
    |ap_clk  |  4.00 ns|  3.239 ns|     1.08 ns|
    +--------+---------+----------+------------+

+ Latency: 
    * Summary: 
    +---------+---------+----------+----------+------+------+---------+
    |  Latency (cycles) |  Latency (absolute) |   Interval  | Pipeline|
    |   min   |   max   |    min   |    max   |  min |  max |   Type  |
    +---------+---------+----------+----------+------+------+---------+
    |     2453|     2453|  9.812 us|  9.812 us|  2453|  2453|       no|
    +---------+---------+----------+----------+------+------+---------+

    + Detail: 
        * Instance: 
        +----------------------------------------------------------------------+----------------------------------------------------------+---------+---------+----------+----------+------+------+------------------------------------------------+
        |                                                                      |                                                          |  Latency (cycles) |  Latency (absolute) |   Interval  |                    Pipeline                    |
        |                               Instance                               |                          Module                          |   min   |   max   |    min   |    max   |  min |  max |                      Type                      |
        +----------------------------------------------------------------------+----------------------------------------------------------+---------+---------+----------+----------+------+------+------------------------------------------------+
        |grp_mac_blocks_down_q4k7_Pipeline_UNPACK_HDR_DOWN_fu_4416             |mac_blocks_down_q4k7_Pipeline_UNPACK_HDR_DOWN             |       39|       39|  0.156 us|  0.156 us|    33|    33|  loop auto-rewind stp (delay=0 clock cycles(s))|
        |grp_mac_blocks_down_q4k7_Pipeline_VITIS_LOOP_504_2_MAC_GROUP_fu_5012  |mac_blocks_down_q4k7_Pipeline_VITIS_LOOP_504_2_MAC_GROUP  |     2055|     2055|  8.220 us|  8.220 us|  2049|  2049|  loop auto-rewind stp (delay=0 clock cycles(s))|
        |grp_mac_blocks_down_q4k7_Pipeline_REDUCE_DOWN_Q4K_fu_6072             |mac_blocks_down_q4k7_Pipeline_REDUCE_DOWN_Q4K             |      353|      353|  1.412 us|  1.412 us|   352|   352|  loop auto-rewind stp (delay=0 clock cycles(s))|
        +----------------------------------------------------------------------+----------------------------------------------------------+---------+---------+----------+----------+------+------+------------------------------------------------+

        * Loop: 
        N/A



================================================================
== Utilization Estimates
================================================================
* Summary: 
+-----------------+---------+------+--------+--------+-----+
|       Name      | BRAM_18K|  DSP |   FF   |   LUT  | URAM|
+-----------------+---------+------+--------+--------+-----+
|DSP              |        -|     -|       -|       -|    -|
|Expression       |        -|     -|       -|       -|    -|
|FIFO             |        -|     -|       -|       -|    -|
|Instance         |        -|    10|   62409|   41270|    -|
|Memory           |        -|     -|       -|       -|    -|
|Multiplexer      |        -|     -|       0|     294|    -|
|Register         |        -|     -|      10|       -|    -|
+-----------------+---------+------+--------+--------+-----+
|Total            |        0|    10|   62419|   41564|    0|
+-----------------+---------+------+--------+--------+-----+
|Available        |      288|  1248|  234240|  117120|   64|
+-----------------+---------+------+--------+--------+-----+
|Utilization (%)  |        0|    ~0|      26|      35|    0|
+-----------------+---------+------+--------+--------+-----+

+ Detail: 
    * Instance: 
    +----------------------------------------------------------------------+----------------------------------------------------------+---------+----+-------+-------+-----+
    |                               Instance                               |                          Module                          | BRAM_18K| DSP|   FF  |  LUT  | URAM|
    +----------------------------------------------------------------------+----------------------------------------------------------+---------+----+-------+-------+-----+
    |grp_mac_blocks_down_q4k7_Pipeline_REDUCE_DOWN_Q4K_fu_6072             |mac_blocks_down_q4k7_Pipeline_REDUCE_DOWN_Q4K             |        0|   2|   3949|   7952|    0|
    |grp_mac_blocks_down_q4k7_Pipeline_UNPACK_HDR_DOWN_fu_4416             |mac_blocks_down_q4k7_Pipeline_UNPACK_HDR_DOWN             |        0|   0|  41180|  16556|    0|
    |grp_mac_blocks_down_q4k7_Pipeline_VITIS_LOOP_504_2_MAC_GROUP_fu_5012  |mac_blocks_down_q4k7_Pipeline_VITIS_LOOP_504_2_MAC_GROUP  |        0|   8|  17280|  16762|    0|
    +----------------------------------------------------------------------+----------------------------------------------------------+---------+----+-------+-------+-----+
    |Total                                                                 |                                                          |        0|  10|  62409|  41270|    0|
    +----------------------------------------------------------------------+----------------------------------------------------------+---------+----+-------+-------+-----+

    * DSP: 
    N/A

    * Memory: 
    N/A

    * FIFO: 
    N/A

    * Expression: 
    N/A

    * Multiplexer: 
    +-----------------+----+-----------+-----+-----------+
    |       Name      | LUT| Input Size| Bits| Total Bits|
    +-----------------+----+-----------+-----+-----------+
    |ap_NS_fsm        |  43|          8|    1|          8|
    |grp_fu_20821_ce  |   9|          2|    1|          2|
    |grp_fu_20825_ce  |   9|          2|    1|          2|
    |grp_fu_20829_ce  |   9|          2|    1|          2|
    |rb_0_address0    |  14|          3|    6|         18|
    |rb_0_ce0         |  14|          3|    1|          3|
    |rb_1_address0    |  14|          3|    6|         18|
    |rb_1_ce0         |  14|          3|    1|          3|
    |rb_2_address0    |  14|          3|    6|         18|
    |rb_2_ce0         |  14|          3|    1|          3|
    |rb_3_address0    |  14|          3|    6|         18|
    |rb_3_ce0         |  14|          3|    1|          3|
    |rb_4_address0    |  14|          3|    6|         18|
    |rb_4_ce0         |  14|          3|    1|          3|
    |rb_5_address0    |  14|          3|    6|         18|
    |rb_5_ce0         |  14|          3|    1|          3|
    |rb_6_address0    |  14|          3|    6|         18|
    |rb_6_ce0         |  14|          3|    1|          3|
    |rb_7_address0    |  14|          3|    6|         18|
    |rb_7_ce0         |  14|          3|    1|          3|
    +-----------------+----+-----------+-----+-----------+
    |Total            | 294|         62|   60|        182|
    +-----------------+----+-----------+-----+-----------+

    * Register: 
    +-----------------------------------------------------------------------------------+---+----+-----+-----------+
    |                                        Name                                       | FF| LUT| Bits| Const Bits|
    +-----------------------------------------------------------------------------------+---+----+-----+-----------+
    |ap_CS_fsm                                                                          |  7|   0|    7|          0|
    |grp_mac_blocks_down_q4k7_Pipeline_REDUCE_DOWN_Q4K_fu_6072_ap_start_reg             |  1|   0|    1|          0|
    |grp_mac_blocks_down_q4k7_Pipeline_UNPACK_HDR_DOWN_fu_4416_ap_start_reg             |  1|   0|    1|          0|
    |grp_mac_blocks_down_q4k7_Pipeline_VITIS_LOOP_504_2_MAC_GROUP_fu_5012_ap_start_reg  |  1|   0|    1|          0|
    +-----------------------------------------------------------------------------------+---+----+-----+-----------+
    |Total                                                                              | 10|   0|   10|          0|
    +-----------------------------------------------------------------------------------+---+----+-----+-----------+



================================================================
== Interface
================================================================
* Summary: 
+----------------------------------+-----+-----+------------+----------------------+--------------+
|             RTL Ports            | Dir | Bits|  Protocol  |     Source Object    |    C Type    |
+----------------------------------+-----+-----+------------+----------------------+--------------+
|ap_clk                            |   in|    1|  ap_ctrl_hs|  mac_blocks_down_q4k7|  return value|
|ap_rst                            |   in|    1|  ap_ctrl_hs|  mac_blocks_down_q4k7|  return value|
|ap_start                          |   in|    1|  ap_ctrl_hs|  mac_blocks_down_q4k7|  return value|
|ap_done                           |  out|    1|  ap_ctrl_hs|  mac_blocks_down_q4k7|  return value|
|ap_idle                           |  out|    1|  ap_ctrl_hs|  mac_blocks_down_q4k7|  return value|
|ap_ready                          |  out|    1|  ap_ctrl_hs|  mac_blocks_down_q4k7|  return value|
|ap_return                         |  out|   32|  ap_ctrl_hs|  mac_blocks_down_q4k7|  return value|
|grp_fp16_to_fp32_fu_1624_p_din1   |  out|   16|  ap_ctrl_hs|  mac_blocks_down_q4k7|  return value|
|grp_fp16_to_fp32_fu_1624_p_dout0  |   in|   32|  ap_ctrl_hs|  mac_blocks_down_q4k7|  return value|
|grp_fp16_to_fp32_fu_1628_p_din1   |  out|   16|  ap_ctrl_hs|  mac_blocks_down_q4k7|  return value|
|grp_fp16_to_fp32_fu_1628_p_dout0  |   in|   32|  ap_ctrl_hs|  mac_blocks_down_q4k7|  return value|
|grp_fu_1632_p_din0                |  out|   32|  ap_ctrl_hs|  mac_blocks_down_q4k7|  return value|
|grp_fu_1632_p_din1                |  out|   32|  ap_ctrl_hs|  mac_blocks_down_q4k7|  return value|
|grp_fu_1632_p_opcode              |  out|    2|  ap_ctrl_hs|  mac_blocks_down_q4k7|  return value|
|grp_fu_1632_p_dout0               |   in|   32|  ap_ctrl_hs|  mac_blocks_down_q4k7|  return value|
|grp_fu_1632_p_ce                  |  out|    1|  ap_ctrl_hs|  mac_blocks_down_q4k7|  return value|
|grp_fu_1636_p_din0                |  out|   32|  ap_ctrl_hs|  mac_blocks_down_q4k7|  return value|
|grp_fu_1636_p_din1                |  out|   32|  ap_ctrl_hs|  mac_blocks_down_q4k7|  return value|
|grp_fu_1636_p_dout0               |   in|   32|  ap_ctrl_hs|  mac_blocks_down_q4k7|  return value|
|grp_fu_1636_p_ce                  |  out|    1|  ap_ctrl_hs|  mac_blocks_down_q4k7|  return value|
|grp_fu_1640_p_din0                |  out|   32|  ap_ctrl_hs|  mac_blocks_down_q4k7|  return value|
|grp_fu_1640_p_dout0               |   in|   32|  ap_ctrl_hs|  mac_blocks_down_q4k7|  return value|
|grp_fu_1640_p_ce                  |  out|    1|  ap_ctrl_hs|  mac_blocks_down_q4k7|  return value|
|rb_0_address0                     |  out|    6|   ap_memory|                  rb_0|         array|
|rb_0_ce0                          |  out|    1|   ap_memory|                  rb_0|         array|
|rb_0_q0                           |   in|  128|   ap_memory|                  rb_0|         array|
|rb_1_address0                     |  out|    6|   ap_memory|                  rb_1|         array|
|rb_1_ce0                          |  out|    1|   ap_memory|                  rb_1|         array|
|rb_1_q0                           |   in|  128|   ap_memory|                  rb_1|         array|
|rb_2_address0                     |  out|    6|   ap_memory|                  rb_2|         array|
|rb_2_ce0                          |  out|    1|   ap_memory|                  rb_2|         array|
|rb_2_q0                           |   in|  128|   ap_memory|                  rb_2|         array|
|rb_3_address0                     |  out|    6|   ap_memory|                  rb_3|         array|
|rb_3_ce0                          |  out|    1|   ap_memory|                  rb_3|         array|
|rb_3_q0                           |   in|  128|   ap_memory|                  rb_3|         array|
|rb_4_address0                     |  out|    6|   ap_memory|                  rb_4|         array|
|rb_4_ce0                          |  out|    1|   ap_memory|                  rb_4|         array|
|rb_4_q0                           |   in|  128|   ap_memory|                  rb_4|         array|
|rb_5_address0                     |  out|    6|   ap_memory|                  rb_5|         array|
|rb_5_ce0                          |  out|    1|   ap_memory|                  rb_5|         array|
|rb_5_q0                           |   in|  128|   ap_memory|                  rb_5|         array|
|rb_6_address0                     |  out|    6|   ap_memory|                  rb_6|         array|
|rb_6_ce0                          |  out|    1|   ap_memory|                  rb_6|         array|
|rb_6_q0                           |   in|  128|   ap_memory|                  rb_6|         array|
|rb_7_address0                     |  out|    6|   ap_memory|                  rb_7|         array|
|rb_7_ce0                          |  out|    1|   ap_memory|                  rb_7|         array|
|rb_7_q0                           |   in|  128|   ap_memory|                  rb_7|         array|
|gate_0_address0                   |  out|   12|   ap_memory|                gate_0|         array|
|gate_0_ce0                        |  out|    1|   ap_memory|                gate_0|         array|
|gate_0_q0                         |   in|    8|   ap_memory|                gate_0|         array|
|gate_1_address0                   |  out|   12|   ap_memory|                gate_1|         array|
|gate_1_ce0                        |  out|    1|   ap_memory|                gate_1|         array|
|gate_1_q0                         |   in|    8|   ap_memory|                gate_1|         array|
|gate_2_address0                   |  out|   12|   ap_memory|                gate_2|         array|
|gate_2_ce0                        |  out|    1|   ap_memory|                gate_2|         array|
|gate_2_q0                         |   in|    8|   ap_memory|                gate_2|         array|
|gate_3_address0                   |  out|   12|   ap_memory|                gate_3|         array|
|gate_3_ce0                        |  out|    1|   ap_memory|                gate_3|         array|
|gate_3_q0                         |   in|    8|   ap_memory|                gate_3|         array|
|gate_4_address0                   |  out|   12|   ap_memory|                gate_4|         array|
|gate_4_ce0                        |  out|    1|   ap_memory|                gate_4|         array|
|gate_4_q0                         |   in|    8|   ap_memory|                gate_4|         array|
|gate_5_address0                   |  out|   12|   ap_memory|                gate_5|         array|
|gate_5_ce0                        |  out|    1|   ap_memory|                gate_5|         array|
|gate_5_q0                         |   in|    8|   ap_memory|                gate_5|         array|
|gate_6_address0                   |  out|   12|   ap_memory|                gate_6|         array|
|gate_6_ce0                        |  out|    1|   ap_memory|                gate_6|         array|
|gate_6_q0                         |   in|    8|   ap_memory|                gate_6|         array|
|gate_7_address0                   |  out|   12|   ap_memory|                gate_7|         array|
|gate_7_ce0                        |  out|    1|   ap_memory|                gate_7|         array|
|gate_7_q0                         |   in|    8|   ap_memory|                gate_7|         array|
|gate_scale                        |   in|   32|     ap_none|            gate_scale|        scalar|
+----------------------------------+-----+-----+------------+----------------------+--------------+

