

================================================================
== Vitis HLS Report for 'mac_blocks_down_q4k3_Pipeline_MAC_BLOCKS_G3'
================================================================
* Date:           Sun Mar 29 14:53:50 2026

* Version:        2025.1 (Build 6135595 on May 21 2025)
* Project:        swiglu
* Solution:       hls (Vivado IP Flow Target)
* Product family: zynquplus
* Target device:  xck26-sfvc784-2LV-c


================================================================
== Performance Estimates
================================================================
+ Timing: 
    * Summary: 
    +--------+---------+----------+------------+
    |  Clock |  Target | Estimated| Uncertainty|
    +--------+---------+----------+------------+
    |ap_clk  |  3.33 ns|  2.371 ns|     0.90 ns|
    +--------+---------+----------+------------+

+ Latency: 
    * Summary: 
    +---------+---------+----------+----------+-----+-----+------------------------------------------------+
    |  Latency (cycles) |  Latency (absolute) |  Interval |                    Pipeline                    |
    |   min   |   max   |    min   |    max   | min | max |                      Type                      |
    +---------+---------+----------+----------+-----+-----+------------------------------------------------+
    |      264|      264|  0.879 us|  0.879 us|  257|  257|  loop auto-rewind stp (delay=0 clock cycles(s))|
    +---------+---------+----------+----------+-----+-----+------------------------------------------------+

    + Detail: 
        * Instance: 
        N/A

        * Loop: 
        +-----------------+---------+---------+----------+-----------+-----------+------+----------+
        |                 |  Latency (cycles) | Iteration|  Initiation Interval  | Trip |          |
        |    Loop Name    |   min   |   max   |  Latency |  achieved |   target  | Count| Pipelined|
        +-----------------+---------+---------+----------+-----------+-----------+------+----------+
        |- MAC_BLOCKS_G3  |      262|      262|         8|          1|          1|   256|       yes|
        +-----------------+---------+---------+----------+-----------+-----------+------+----------+



================================================================
== Utilization Estimates
================================================================
* Summary: 
+-----------------+---------+------+--------+--------+-----+
|       Name      | BRAM_18K|  DSP |   FF   |   LUT  | URAM|
+-----------------+---------+------+--------+--------+-----+
|DSP              |        -|    16|       -|       -|    -|
|Expression       |        -|     -|       0|     108|    -|
|FIFO             |        -|     -|       -|       -|    -|
|Instance         |        -|     0|       0|    1968|    -|
|Memory           |        -|     -|       -|       -|    -|
|Multiplexer      |        -|     -|       0|    1188|    -|
|Register         |        -|     -|     482|      96|    -|
+-----------------+---------+------+--------+--------+-----+
|Total            |        0|    16|     482|    3360|    0|
+-----------------+---------+------+--------+--------+-----+
|Available        |      288|  1248|  234240|  117120|   64|
+-----------------+---------+------+--------+--------+-----+
|Utilization (%)  |        0|     1|      ~0|       2|    0|
+-----------------+---------+------+--------+--------+-----+

+ Detail: 
    * Instance: 
    +--------------------------------------+--------------------------------+---------+----+---+----+-----+
    |               Instance               |             Module             | BRAM_18K| DSP| FF| LUT| URAM|
    +--------------------------------------+--------------------------------+---------+----+---+----+-----+
    |mul_8ns_8s_16_1_1_U3300               |mul_8ns_8s_16_1_1               |        0|   0|  0|  40|    0|
    |mul_8s_4ns_12_1_1_U3302               |mul_8s_4ns_12_1_1               |        0|   0|  0|  40|    0|
    |mul_8s_4ns_12_1_1_U3303               |mul_8s_4ns_12_1_1               |        0|   0|  0|  40|    0|
    |mul_8s_4ns_12_1_1_U3304               |mul_8s_4ns_12_1_1               |        0|   0|  0|  40|    0|
    |mul_8s_4ns_12_1_1_U3305               |mul_8s_4ns_12_1_1               |        0|   0|  0|  40|    0|
    |mul_8s_4ns_12_1_1_U3306               |mul_8s_4ns_12_1_1               |        0|   0|  0|  40|    0|
    |mul_8s_4ns_12_1_1_U3307               |mul_8s_4ns_12_1_1               |        0|   0|  0|  40|    0|
    |mul_8s_4ns_12_1_1_U3308               |mul_8s_4ns_12_1_1               |        0|   0|  0|  40|    0|
    |partselect_8ns_128ns_7ns_8_1_1_U3284  |partselect_8ns_128ns_7ns_8_1_1  |        0|   0|  0|  34|    0|
    |partselect_8ns_128ns_7ns_8_1_1_U3285  |partselect_8ns_128ns_7ns_8_1_1  |        0|   0|  0|  34|    0|
    |partselect_8ns_128ns_7ns_8_1_1_U3286  |partselect_8ns_128ns_7ns_8_1_1  |        0|   0|  0|  34|    0|
    |partselect_8ns_128ns_7ns_8_1_1_U3287  |partselect_8ns_128ns_7ns_8_1_1  |        0|   0|  0|  34|    0|
    |partselect_8ns_128ns_7ns_8_1_1_U3288  |partselect_8ns_128ns_7ns_8_1_1  |        0|   0|  0|  34|    0|
    |partselect_8ns_128ns_7ns_8_1_1_U3289  |partselect_8ns_128ns_7ns_8_1_1  |        0|   0|  0|  34|    0|
    |partselect_8ns_128ns_7ns_8_1_1_U3290  |partselect_8ns_128ns_7ns_8_1_1  |        0|   0|  0|  34|    0|
    |partselect_8ns_128ns_7ns_8_1_1_U3298  |partselect_8ns_128ns_7ns_8_1_1  |        0|   0|  0|  34|    0|
    |sparsemux_17_3_32_1_1_U3316           |sparsemux_17_3_32_1_1           |        0|   0|  0|  43|    0|
    |sparsemux_17_3_32_1_1_U3317           |sparsemux_17_3_32_1_1           |        0|   0|  0|  43|    0|
    |sparsemux_17_3_32_1_1_U3318           |sparsemux_17_3_32_1_1           |        0|   0|  0|  43|    0|
    |sparsemux_17_3_32_1_1_U3319           |sparsemux_17_3_32_1_1           |        0|   0|  0|  43|    0|
    |sparsemux_17_3_32_1_1_U3320           |sparsemux_17_3_32_1_1           |        0|   0|  0|  43|    0|
    |sparsemux_17_3_32_1_1_U3321           |sparsemux_17_3_32_1_1           |        0|   0|  0|  43|    0|
    |sparsemux_17_3_32_1_1_U3322           |sparsemux_17_3_32_1_1           |        0|   0|  0|  43|    0|
    |sparsemux_17_3_32_1_1_U3323           |sparsemux_17_3_32_1_1           |        0|   0|  0|  43|    0|
    |sparsemux_17_3_32_1_1_U3324           |sparsemux_17_3_32_1_1           |        0|   0|  0|  43|    0|
    |sparsemux_17_3_32_1_1_U3325           |sparsemux_17_3_32_1_1           |        0|   0|  0|  43|    0|
    |sparsemux_17_3_32_1_1_U3326           |sparsemux_17_3_32_1_1           |        0|   0|  0|  43|    0|
    |sparsemux_17_3_32_1_1_U3327           |sparsemux_17_3_32_1_1           |        0|   0|  0|  43|    0|
    |sparsemux_17_3_32_1_1_U3328           |sparsemux_17_3_32_1_1           |        0|   0|  0|  43|    0|
    |sparsemux_17_3_32_1_1_U3329           |sparsemux_17_3_32_1_1           |        0|   0|  0|  43|    0|
    |sparsemux_17_3_32_1_1_U3330           |sparsemux_17_3_32_1_1           |        0|   0|  0|  43|    0|
    |sparsemux_17_3_32_1_1_U3331           |sparsemux_17_3_32_1_1           |        0|   0|  0|  43|    0|
    |sparsemux_17_3_8_1_1_U3291            |sparsemux_17_3_8_1_1            |        0|   0|  0|  43|    0|
    |sparsemux_17_3_8_1_1_U3292            |sparsemux_17_3_8_1_1            |        0|   0|  0|  43|    0|
    |sparsemux_17_3_8_1_1_U3293            |sparsemux_17_3_8_1_1            |        0|   0|  0|  43|    0|
    |sparsemux_17_3_8_1_1_U3294            |sparsemux_17_3_8_1_1            |        0|   0|  0|  43|    0|
    |sparsemux_17_3_8_1_1_U3295            |sparsemux_17_3_8_1_1            |        0|   0|  0|  43|    0|
    |sparsemux_17_3_8_1_1_U3296            |sparsemux_17_3_8_1_1            |        0|   0|  0|  43|    0|
    |sparsemux_17_3_8_1_1_U3297            |sparsemux_17_3_8_1_1            |        0|   0|  0|  43|    0|
    |sparsemux_17_3_8_1_1_U3299            |sparsemux_17_3_8_1_1            |        0|   0|  0|  43|    0|
    |sparsemux_17_3_8_1_1_U3301            |sparsemux_17_3_8_1_1            |        0|   0|  0|  43|    0|
    |sparsemux_17_3_8_1_1_U3309            |sparsemux_17_3_8_1_1            |        0|   0|  0|  43|    0|
    |sparsemux_17_3_8_1_1_U3310            |sparsemux_17_3_8_1_1            |        0|   0|  0|  43|    0|
    |sparsemux_17_3_8_1_1_U3311            |sparsemux_17_3_8_1_1            |        0|   0|  0|  43|    0|
    |sparsemux_17_3_8_1_1_U3312            |sparsemux_17_3_8_1_1            |        0|   0|  0|  43|    0|
    |sparsemux_17_3_8_1_1_U3313            |sparsemux_17_3_8_1_1            |        0|   0|  0|  43|    0|
    |sparsemux_17_3_8_1_1_U3314            |sparsemux_17_3_8_1_1            |        0|   0|  0|  43|    0|
    |sparsemux_17_3_8_1_1_U3315            |sparsemux_17_3_8_1_1            |        0|   0|  0|  43|    0|
    +--------------------------------------+--------------------------------+---------+----+---+----+-----+
    |Total                                 |                                |        0|   0|  0|1968|    0|
    +--------------------------------------+--------------------------------+---------+----+---+----+-----+

    * DSP: 
    +-------------------------------------+-------------------------------+--------------+
    |               Instance              |             Module            |  Expression  |
    +-------------------------------------+-------------------------------+--------------+
    |mac_muladd_12s_8ns_32s_32_4_1_U3341  |mac_muladd_12s_8ns_32s_32_4_1  |  i0 + i1 * i2|
    |mac_muladd_12s_8ns_32s_32_4_1_U3342  |mac_muladd_12s_8ns_32s_32_4_1  |  i0 + i1 * i2|
    |mac_muladd_12s_8ns_32s_32_4_1_U3343  |mac_muladd_12s_8ns_32s_32_4_1  |  i0 + i1 * i2|
    |mac_muladd_12s_8ns_32s_32_4_1_U3344  |mac_muladd_12s_8ns_32s_32_4_1  |  i0 + i1 * i2|
    |mac_muladd_12s_8ns_32s_32_4_1_U3345  |mac_muladd_12s_8ns_32s_32_4_1  |  i0 + i1 * i2|
    |mac_muladd_12s_8ns_32s_32_4_1_U3346  |mac_muladd_12s_8ns_32s_32_4_1  |  i0 + i1 * i2|
    |mac_muladd_12s_8ns_32s_32_4_1_U3347  |mac_muladd_12s_8ns_32s_32_4_1  |  i0 + i1 * i2|
    |mac_muladd_16s_4ns_32s_32_4_1_U3340  |mac_muladd_16s_4ns_32s_32_4_1  |  i0 + i1 * i2|
    |mac_muladd_8ns_8s_32s_32_4_1_U3332   |mac_muladd_8ns_8s_32s_32_4_1   |  i0 + i1 * i2|
    |mac_muladd_8ns_8s_32s_32_4_1_U3333   |mac_muladd_8ns_8s_32s_32_4_1   |  i0 + i1 * i2|
    |mac_muladd_8ns_8s_32s_32_4_1_U3334   |mac_muladd_8ns_8s_32s_32_4_1   |  i0 + i1 * i2|
    |mac_muladd_8ns_8s_32s_32_4_1_U3335   |mac_muladd_8ns_8s_32s_32_4_1   |  i0 + i1 * i2|
    |mac_muladd_8ns_8s_32s_32_4_1_U3336   |mac_muladd_8ns_8s_32s_32_4_1   |  i0 + i1 * i2|
    |mac_muladd_8ns_8s_32s_32_4_1_U3337   |mac_muladd_8ns_8s_32s_32_4_1   |  i0 + i1 * i2|
    |mac_muladd_8ns_8s_32s_32_4_1_U3338   |mac_muladd_8ns_8s_32s_32_4_1   |  i0 + i1 * i2|
    |mac_muladd_8ns_8s_32s_32_4_1_U3339   |mac_muladd_8ns_8s_32s_32_4_1   |  i0 + i1 * i2|
    +-------------------------------------+-------------------------------+--------------+

    * Memory: 
    N/A

    * FIFO: 
    N/A

    * Expression: 
    +-------------------------------+----------+----+---+----+------------+------------+
    |         Variable Name         | Operation| DSP| FF| LUT| Bitwidth P0| Bitwidth P1|
    +-------------------------------+----------+----+---+----+------------+------------+
    |add_ln416_fu_3296_p2           |         +|   0|  0|  16|           9|           1|
    |add_ln54_fu_3400_p2            |         +|   0|  0|  13|           6|           5|
    |byte_idx_assign_14_fu_3342_p2  |         +|   0|  0|  15|           8|           8|
    |thr_add1598_fu_3310_p2         |         +|   0|  0|  13|           6|           5|
    |icmp_ln416_fu_3290_p2          |      icmp|   0|  0|  17|           9|          10|
    |select_ln422_1_fu_3971_p3      |    select|   0|  0|   4|           1|           4|
    |select_ln422_2_fu_3976_p3      |    select|   0|  0|   4|           1|           4|
    |select_ln422_3_fu_3981_p3      |    select|   0|  0|   4|           1|           4|
    |select_ln422_4_fu_3986_p3      |    select|   0|  0|   4|           1|           4|
    |select_ln422_5_fu_3991_p3      |    select|   0|  0|   4|           1|           4|
    |select_ln422_6_fu_3996_p3      |    select|   0|  0|   4|           1|           4|
    |select_ln422_7_fu_4001_p3      |    select|   0|  0|   4|           1|           4|
    |select_ln422_fu_4111_p3        |    select|   0|  0|   4|           1|           4|
    |ap_enable_pp0                  |       xor|   0|  0|   2|           1|           2|
    +-------------------------------+----------+----+---+----+------------+------------+
    |Total                          |          |   0|  0| 108|          47|          63|
    +-------------------------------+----------+----+---+----+------------+------------+

    * Multiplexer: 
    +-------------------------+----+-----------+-----+-----------+
    |           Name          | LUT| Input Size| Bits| Total Bits|
    +-------------------------+----+-----------+-----+-----------+
    |ap_done_int              |   9|          2|    1|          2|
    |ap_enable_reg_pp0_iter1  |   9|          2|    1|          2|
    |ap_sig_allocacmp_n_4     |   9|          2|    9|         18|
    |int_acc_m_263_o          |   9|          2|   32|         64|
    |int_acc_m_264_o          |   9|          2|   32|         64|
    |int_acc_m_265_o          |   9|          2|   32|         64|
    |int_acc_m_266_o          |   9|          2|   32|         64|
    |int_acc_m_267_o          |   9|          2|   32|         64|
    |int_acc_m_268_o          |   9|          2|   32|         64|
    |int_acc_m_269_o          |   9|          2|   32|         64|
    |int_acc_m_270_o          |   9|          2|   32|         64|
    |int_acc_m_271_o          |   9|          2|   32|         64|
    |int_acc_m_272_o          |   9|          2|   32|         64|
    |int_acc_m_273_o          |   9|          2|   32|         64|
    |int_acc_m_274_o          |   9|          2|   32|         64|
    |int_acc_m_275_o          |   9|          2|   32|         64|
    |int_acc_m_276_o          |   9|          2|   32|         64|
    |int_acc_m_277_o          |   9|          2|   32|         64|
    |int_acc_m_278_o          |   9|          2|   32|         64|
    |int_acc_m_279_o          |   9|          2|   32|         64|
    |int_acc_m_280_o          |   9|          2|   32|         64|
    |int_acc_m_281_o          |   9|          2|   32|         64|
    |int_acc_m_282_o          |   9|          2|   32|         64|
    |int_acc_m_283_o          |   9|          2|   32|         64|
    |int_acc_m_284_o          |   9|          2|   32|         64|
    |int_acc_m_285_o          |   9|          2|   32|         64|
    |int_acc_m_286_o          |   9|          2|   32|         64|
    |int_acc_m_287_o          |   9|          2|   32|         64|
    |int_acc_m_288_o          |   9|          2|   32|         64|
    |int_acc_m_289_o          |   9|          2|   32|         64|
    |int_acc_m_290_o          |   9|          2|   32|         64|
    |int_acc_m_291_o          |   9|          2|   32|         64|
    |int_acc_m_292_o          |   9|          2|   32|         64|
    |int_acc_m_293_o          |   9|          2|   32|         64|
    |int_acc_m_294_o          |   9|          2|   32|         64|
    |int_acc_m_295_o          |   9|          2|   32|         64|
    |int_acc_m_296_o          |   9|          2|   32|         64|
    |int_acc_m_297_o          |   9|          2|   32|         64|
    |int_acc_m_298_o          |   9|          2|   32|         64|
    |int_acc_m_299_o          |   9|          2|   32|         64|
    |int_acc_m_300_o          |   9|          2|   32|         64|
    |int_acc_m_301_o          |   9|          2|   32|         64|
    |int_acc_m_302_o          |   9|          2|   32|         64|
    |int_acc_m_303_o          |   9|          2|   32|         64|
    |int_acc_m_304_o          |   9|          2|   32|         64|
    |int_acc_m_305_o          |   9|          2|   32|         64|
    |int_acc_m_306_o          |   9|          2|   32|         64|
    |int_acc_m_307_o          |   9|          2|   32|         64|
    |int_acc_m_308_o          |   9|          2|   32|         64|
    |int_acc_m_309_o          |   9|          2|   32|         64|
    |int_acc_m_310_o          |   9|          2|   32|         64|
    |int_acc_m_311_o          |   9|          2|   32|         64|
    |int_acc_m_312_o          |   9|          2|   32|         64|
    |int_acc_m_313_o          |   9|          2|   32|         64|
    |int_acc_m_314_o          |   9|          2|   32|         64|
    |int_acc_m_315_o          |   9|          2|   32|         64|
    |int_acc_m_316_o          |   9|          2|   32|         64|
    |int_acc_m_317_o          |   9|          2|   32|         64|
    |int_acc_m_318_o          |   9|          2|   32|         64|
    |int_acc_m_319_o          |   9|          2|   32|         64|
    |int_acc_m_320_o          |   9|          2|   32|         64|
    |int_acc_m_321_o          |   9|          2|   32|         64|
    |int_acc_m_322_o          |   9|          2|   32|         64|
    |int_acc_m_323_o          |   9|          2|   32|         64|
    |int_acc_m_324_o          |   9|          2|   32|         64|
    |int_acc_m_325_o          |   9|          2|   32|         64|
    |int_acc_m_326_o          |   9|          2|   32|         64|
    |int_acc_w_263_o          |   9|          2|   32|         64|
    |int_acc_w_264_o          |   9|          2|   32|         64|
    |int_acc_w_265_o          |   9|          2|   32|         64|
    |int_acc_w_266_o          |   9|          2|   32|         64|
    |int_acc_w_267_o          |   9|          2|   32|         64|
    |int_acc_w_268_o          |   9|          2|   32|         64|
    |int_acc_w_269_o          |   9|          2|   32|         64|
    |int_acc_w_270_o          |   9|          2|   32|         64|
    |int_acc_w_271_o          |   9|          2|   32|         64|
    |int_acc_w_272_o          |   9|          2|   32|         64|
    |int_acc_w_273_o          |   9|          2|   32|         64|
    |int_acc_w_274_o          |   9|          2|   32|         64|
    |int_acc_w_275_o          |   9|          2|   32|         64|
    |int_acc_w_276_o          |   9|          2|   32|         64|
    |int_acc_w_277_o          |   9|          2|   32|         64|
    |int_acc_w_278_o          |   9|          2|   32|         64|
    |int_acc_w_279_o          |   9|          2|   32|         64|
    |int_acc_w_280_o          |   9|          2|   32|         64|
    |int_acc_w_281_o          |   9|          2|   32|         64|
    |int_acc_w_282_o          |   9|          2|   32|         64|
    |int_acc_w_283_o          |   9|          2|   32|         64|
    |int_acc_w_284_o          |   9|          2|   32|         64|
    |int_acc_w_285_o          |   9|          2|   32|         64|
    |int_acc_w_286_o          |   9|          2|   32|         64|
    |int_acc_w_287_o          |   9|          2|   32|         64|
    |int_acc_w_288_o          |   9|          2|   32|         64|
    |int_acc_w_289_o          |   9|          2|   32|         64|
    |int_acc_w_290_o          |   9|          2|   32|         64|
    |int_acc_w_291_o          |   9|          2|   32|         64|
    |int_acc_w_292_o          |   9|          2|   32|         64|
    |int_acc_w_293_o          |   9|          2|   32|         64|
    |int_acc_w_294_o          |   9|          2|   32|         64|
    |int_acc_w_295_o          |   9|          2|   32|         64|
    |int_acc_w_296_o          |   9|          2|   32|         64|
    |int_acc_w_297_o          |   9|          2|   32|         64|
    |int_acc_w_298_o          |   9|          2|   32|         64|
    |int_acc_w_299_o          |   9|          2|   32|         64|
    |int_acc_w_300_o          |   9|          2|   32|         64|
    |int_acc_w_301_o          |   9|          2|   32|         64|
    |int_acc_w_302_o          |   9|          2|   32|         64|
    |int_acc_w_303_o          |   9|          2|   32|         64|
    |int_acc_w_304_o          |   9|          2|   32|         64|
    |int_acc_w_305_o          |   9|          2|   32|         64|
    |int_acc_w_306_o          |   9|          2|   32|         64|
    |int_acc_w_307_o          |   9|          2|   32|         64|
    |int_acc_w_308_o          |   9|          2|   32|         64|
    |int_acc_w_309_o          |   9|          2|   32|         64|
    |int_acc_w_310_o          |   9|          2|   32|         64|
    |int_acc_w_311_o          |   9|          2|   32|         64|
    |int_acc_w_312_o          |   9|          2|   32|         64|
    |int_acc_w_313_o          |   9|          2|   32|         64|
    |int_acc_w_314_o          |   9|          2|   32|         64|
    |int_acc_w_315_o          |   9|          2|   32|         64|
    |int_acc_w_316_o          |   9|          2|   32|         64|
    |int_acc_w_317_o          |   9|          2|   32|         64|
    |int_acc_w_318_o          |   9|          2|   32|         64|
    |int_acc_w_319_o          |   9|          2|   32|         64|
    |int_acc_w_320_o          |   9|          2|   32|         64|
    |int_acc_w_321_o          |   9|          2|   32|         64|
    |int_acc_w_322_o          |   9|          2|   32|         64|
    |int_acc_w_323_o          |   9|          2|   32|         64|
    |int_acc_w_324_o          |   9|          2|   32|         64|
    |int_acc_w_325_o          |   9|          2|   32|         64|
    |int_acc_w_326_o          |   9|          2|   32|         64|
    |n_fu_638                 |   9|          2|    9|         18|
    +-------------------------+----+-----------+-----+-----------+
    |Total                    |1188|        264| 4116|       8232|
    +-------------------------+----+-----------+-----+-----------+

    * Register: 
    +----------------------------------+----+----+-----+-----------+
    |               Name               | FF | LUT| Bits| Const Bits|
    +----------------------------------+----+----+-----+-----------+
    |and_i_reg_6075                    |   4|   0|    7|          3|
    |ap_CS_fsm                         |   1|   0|    1|          0|
    |ap_done_reg                       |   1|   0|    1|          0|
    |ap_enable_reg_pp0_iter1           |   1|   0|    1|          0|
    |ap_enable_reg_pp0_iter2           |   1|   0|    1|          0|
    |ap_enable_reg_pp0_iter3           |   1|   0|    1|          0|
    |ap_enable_reg_pp0_iter4           |   1|   0|    1|          0|
    |ap_enable_reg_pp0_iter5           |   1|   0|    1|          0|
    |ap_enable_reg_pp0_iter6           |   1|   0|    1|          0|
    |ap_enable_reg_pp0_iter7           |   1|   0|    1|          0|
    |ap_loop_exit_ready_pp0_iter1_reg  |   1|   0|    1|          0|
    |ap_loop_exit_ready_pp0_iter2_reg  |   1|   0|    1|          0|
    |ap_loop_exit_ready_pp0_iter3_reg  |   1|   0|    1|          0|
    |ap_loop_exit_ready_pp0_iter4_reg  |   1|   0|    1|          0|
    |ap_loop_exit_ready_pp0_iter5_reg  |   1|   0|    1|          0|
    |ap_loop_exit_ready_pp0_iter6_reg  |   1|   0|    1|          0|
    |empty_125_reg_5933                |   4|   0|    4|          0|
    |empty_125_reg_5933_pp0_iter1_reg  |   4|   0|    4|          0|
    |empty_reg_5978                    |   3|   0|    3|          0|
    |gi_10_reg_6105                    |   8|   0|    8|          0|
    |gi_11_reg_6115                    |   8|   0|    8|          0|
    |gi_12_reg_6125                    |   8|   0|    8|          0|
    |gi_13_reg_6135                    |   8|   0|    8|          0|
    |gi_7_reg_6145                     |   8|   0|    8|          0|
    |gi_8_reg_6085                     |   8|   0|    8|          0|
    |gi_9_reg_6095                     |   8|   0|    8|          0|
    |gi_reg_6080                       |   8|   0|    8|          0|
    |mul_ln424_10_reg_6305             |  12|   0|   12|          0|
    |mul_ln424_12_reg_6310             |  12|   0|   12|          0|
    |mul_ln424_14_reg_6315             |  12|   0|   12|          0|
    |mul_ln424_2_reg_6285              |  12|   0|   12|          0|
    |mul_ln424_4_reg_6290              |  12|   0|   12|          0|
    |mul_ln424_6_reg_6295              |  12|   0|   12|          0|
    |mul_ln424_8_reg_6300              |  12|   0|   12|          0|
    |mul_ln424_reg_6275                |  16|   0|   16|          0|
    |n_4_reg_5916                      |   9|   0|    9|          0|
    |n_fu_638                          |   9|   0|    9|          0|
    |sub_4_cast_reg_6050               |   3|   0|    3|          0|
    |tmp_100_reg_6165                  |   4|   0|    4|          0|
    |tmp_102_reg_6175                  |   4|   0|    4|          0|
    |tmp_104_reg_6185                  |   4|   0|    4|          0|
    |tmp_106_reg_6195                  |   4|   0|    4|          0|
    |tmp_108_reg_6205                  |   4|   0|    4|          0|
    |tmp_110_reg_6215                  |   4|   0|    4|          0|
    |tmp_92_reg_5928                   |   4|   0|    4|          0|
    |tmp_94_reg_6265                   |   4|   0|    4|          0|
    |tmp_98_reg_6155                   |   4|   0|    4|          0|
    |tmp_reg_6038                      |   1|   0|    1|          0|
    |trunc_ln422_1_reg_6160            |   4|   0|    4|          0|
    |trunc_ln422_2_reg_6170            |   4|   0|    4|          0|
    |trunc_ln422_3_reg_6180            |   4|   0|    4|          0|
    |trunc_ln422_4_reg_6190            |   4|   0|    4|          0|
    |trunc_ln422_5_reg_6200            |   4|   0|    4|          0|
    |trunc_ln422_6_reg_6210            |   4|   0|    4|          0|
    |trunc_ln422_7_reg_6220            |   4|   0|    4|          0|
    |trunc_ln422_reg_6270              |   4|   0|    4|          0|
    |zext_ln54_25_reg_5998             |   6|   0|   64|         58|
    |empty_reg_5978                    |  64|  32|    3|          0|
    |sub_4_cast_reg_6050               |  64|  32|    3|          0|
    |tmp_reg_6038                      |  64|  32|    1|          0|
    +----------------------------------+----+----+-----+-----------+
    |Total                             | 482|  96|  358|         61|
    +----------------------------------+----+----+-----+-----------+



================================================================
== Interface
================================================================
* Summary: 
+------------------------+-----+-----+------------+---------------------------------------------+--------------+
|        RTL Ports       | Dir | Bits|  Protocol  |                Source Object                |    C Type    |
+------------------------+-----+-----+------------+---------------------------------------------+--------------+
|ap_clk                  |   in|    1|  ap_ctrl_hs|  mac_blocks_down_q4k3_Pipeline_MAC_BLOCKS_G3|  return value|
|ap_rst                  |   in|    1|  ap_ctrl_hs|  mac_blocks_down_q4k3_Pipeline_MAC_BLOCKS_G3|  return value|
|ap_start                |   in|    1|  ap_ctrl_hs|  mac_blocks_down_q4k3_Pipeline_MAC_BLOCKS_G3|  return value|
|ap_done                 |  out|    1|  ap_ctrl_hs|  mac_blocks_down_q4k3_Pipeline_MAC_BLOCKS_G3|  return value|
|ap_idle                 |  out|    1|  ap_ctrl_hs|  mac_blocks_down_q4k3_Pipeline_MAC_BLOCKS_G3|  return value|
|ap_ready                |  out|    1|  ap_ctrl_hs|  mac_blocks_down_q4k3_Pipeline_MAC_BLOCKS_G3|  return value|
|int_acc_w_263_i         |   in|   32|     ap_ovld|                                int_acc_w_263|       pointer|
|int_acc_w_263_o         |  out|   32|     ap_ovld|                                int_acc_w_263|       pointer|
|int_acc_w_263_o_ap_vld  |  out|    1|     ap_ovld|                                int_acc_w_263|       pointer|
|int_acc_w_271_i         |   in|   32|     ap_ovld|                                int_acc_w_271|       pointer|
|int_acc_w_271_o         |  out|   32|     ap_ovld|                                int_acc_w_271|       pointer|
|int_acc_w_271_o_ap_vld  |  out|    1|     ap_ovld|                                int_acc_w_271|       pointer|
|int_acc_w_279_i         |   in|   32|     ap_ovld|                                int_acc_w_279|       pointer|
|int_acc_w_279_o         |  out|   32|     ap_ovld|                                int_acc_w_279|       pointer|
|int_acc_w_279_o_ap_vld  |  out|    1|     ap_ovld|                                int_acc_w_279|       pointer|
|int_acc_w_287_i         |   in|   32|     ap_ovld|                                int_acc_w_287|       pointer|
|int_acc_w_287_o         |  out|   32|     ap_ovld|                                int_acc_w_287|       pointer|
|int_acc_w_287_o_ap_vld  |  out|    1|     ap_ovld|                                int_acc_w_287|       pointer|
|int_acc_w_295_i         |   in|   32|     ap_ovld|                                int_acc_w_295|       pointer|
|int_acc_w_295_o         |  out|   32|     ap_ovld|                                int_acc_w_295|       pointer|
|int_acc_w_295_o_ap_vld  |  out|    1|     ap_ovld|                                int_acc_w_295|       pointer|
|int_acc_w_303_i         |   in|   32|     ap_ovld|                                int_acc_w_303|       pointer|
|int_acc_w_303_o         |  out|   32|     ap_ovld|                                int_acc_w_303|       pointer|
|int_acc_w_303_o_ap_vld  |  out|    1|     ap_ovld|                                int_acc_w_303|       pointer|
|int_acc_w_311_i         |   in|   32|     ap_ovld|                                int_acc_w_311|       pointer|
|int_acc_w_311_o         |  out|   32|     ap_ovld|                                int_acc_w_311|       pointer|
|int_acc_w_311_o_ap_vld  |  out|    1|     ap_ovld|                                int_acc_w_311|       pointer|
|int_acc_w_319_i         |   in|   32|     ap_ovld|                                int_acc_w_319|       pointer|
|int_acc_w_319_o         |  out|   32|     ap_ovld|                                int_acc_w_319|       pointer|
|int_acc_w_319_o_ap_vld  |  out|    1|     ap_ovld|                                int_acc_w_319|       pointer|
|int_acc_m_263_i         |   in|   32|     ap_ovld|                                int_acc_m_263|       pointer|
|int_acc_m_263_o         |  out|   32|     ap_ovld|                                int_acc_m_263|       pointer|
|int_acc_m_263_o_ap_vld  |  out|    1|     ap_ovld|                                int_acc_m_263|       pointer|
|int_acc_m_271_i         |   in|   32|     ap_ovld|                                int_acc_m_271|       pointer|
|int_acc_m_271_o         |  out|   32|     ap_ovld|                                int_acc_m_271|       pointer|
|int_acc_m_271_o_ap_vld  |  out|    1|     ap_ovld|                                int_acc_m_271|       pointer|
|int_acc_m_279_i         |   in|   32|     ap_ovld|                                int_acc_m_279|       pointer|
|int_acc_m_279_o         |  out|   32|     ap_ovld|                                int_acc_m_279|       pointer|
|int_acc_m_279_o_ap_vld  |  out|    1|     ap_ovld|                                int_acc_m_279|       pointer|
|int_acc_m_287_i         |   in|   32|     ap_ovld|                                int_acc_m_287|       pointer|
|int_acc_m_287_o         |  out|   32|     ap_ovld|                                int_acc_m_287|       pointer|
|int_acc_m_287_o_ap_vld  |  out|    1|     ap_ovld|                                int_acc_m_287|       pointer|
|int_acc_m_295_i         |   in|   32|     ap_ovld|                                int_acc_m_295|       pointer|
|int_acc_m_295_o         |  out|   32|     ap_ovld|                                int_acc_m_295|       pointer|
|int_acc_m_295_o_ap_vld  |  out|    1|     ap_ovld|                                int_acc_m_295|       pointer|
|int_acc_m_303_i         |   in|   32|     ap_ovld|                                int_acc_m_303|       pointer|
|int_acc_m_303_o         |  out|   32|     ap_ovld|                                int_acc_m_303|       pointer|
|int_acc_m_303_o_ap_vld  |  out|    1|     ap_ovld|                                int_acc_m_303|       pointer|
|int_acc_m_311_i         |   in|   32|     ap_ovld|                                int_acc_m_311|       pointer|
|int_acc_m_311_o         |  out|   32|     ap_ovld|                                int_acc_m_311|       pointer|
|int_acc_m_311_o_ap_vld  |  out|    1|     ap_ovld|                                int_acc_m_311|       pointer|
|int_acc_m_319_i         |   in|   32|     ap_ovld|                                int_acc_m_319|       pointer|
|int_acc_m_319_o         |  out|   32|     ap_ovld|                                int_acc_m_319|       pointer|
|int_acc_m_319_o_ap_vld  |  out|    1|     ap_ovld|                                int_acc_m_319|       pointer|
|gate_0_address0         |  out|   10|   ap_memory|                                       gate_0|         array|
|gate_0_ce0              |  out|    1|   ap_memory|                                       gate_0|         array|
|gate_0_q0               |   in|    8|   ap_memory|                                       gate_0|         array|
|gate_1_address0         |  out|   10|   ap_memory|                                       gate_1|         array|
|gate_1_ce0              |  out|    1|   ap_memory|                                       gate_1|         array|
|gate_1_q0               |   in|    8|   ap_memory|                                       gate_1|         array|
|gate_2_address0         |  out|   10|   ap_memory|                                       gate_2|         array|
|gate_2_ce0              |  out|    1|   ap_memory|                                       gate_2|         array|
|gate_2_q0               |   in|    8|   ap_memory|                                       gate_2|         array|
|gate_3_address0         |  out|   10|   ap_memory|                                       gate_3|         array|
|gate_3_ce0              |  out|    1|   ap_memory|                                       gate_3|         array|
|gate_3_q0               |   in|    8|   ap_memory|                                       gate_3|         array|
|gate_4_address0         |  out|   10|   ap_memory|                                       gate_4|         array|
|gate_4_ce0              |  out|    1|   ap_memory|                                       gate_4|         array|
|gate_4_q0               |   in|    8|   ap_memory|                                       gate_4|         array|
|gate_5_address0         |  out|   10|   ap_memory|                                       gate_5|         array|
|gate_5_ce0              |  out|    1|   ap_memory|                                       gate_5|         array|
|gate_5_q0               |   in|    8|   ap_memory|                                       gate_5|         array|
|gate_6_address0         |  out|   10|   ap_memory|                                       gate_6|         array|
|gate_6_ce0              |  out|    1|   ap_memory|                                       gate_6|         array|
|gate_6_q0               |   in|    8|   ap_memory|                                       gate_6|         array|
|gate_7_address0         |  out|   10|   ap_memory|                                       gate_7|         array|
|gate_7_ce0              |  out|    1|   ap_memory|                                       gate_7|         array|
|gate_7_q0               |   in|    8|   ap_memory|                                       gate_7|         array|
|int_acc_m_326_i         |   in|   32|     ap_ovld|                                int_acc_m_326|       pointer|
|int_acc_m_326_o         |  out|   32|     ap_ovld|                                int_acc_m_326|       pointer|
|int_acc_m_326_o_ap_vld  |  out|    1|     ap_ovld|                                int_acc_m_326|       pointer|
|int_acc_m_325_i         |   in|   32|     ap_ovld|                                int_acc_m_325|       pointer|
|int_acc_m_325_o         |  out|   32|     ap_ovld|                                int_acc_m_325|       pointer|
|int_acc_m_325_o_ap_vld  |  out|    1|     ap_ovld|                                int_acc_m_325|       pointer|
|int_acc_m_324_i         |   in|   32|     ap_ovld|                                int_acc_m_324|       pointer|
|int_acc_m_324_o         |  out|   32|     ap_ovld|                                int_acc_m_324|       pointer|
|int_acc_m_324_o_ap_vld  |  out|    1|     ap_ovld|                                int_acc_m_324|       pointer|
|int_acc_m_323_i         |   in|   32|     ap_ovld|                                int_acc_m_323|       pointer|
|int_acc_m_323_o         |  out|   32|     ap_ovld|                                int_acc_m_323|       pointer|
|int_acc_m_323_o_ap_vld  |  out|    1|     ap_ovld|                                int_acc_m_323|       pointer|
|int_acc_m_322_i         |   in|   32|     ap_ovld|                                int_acc_m_322|       pointer|
|int_acc_m_322_o         |  out|   32|     ap_ovld|                                int_acc_m_322|       pointer|
|int_acc_m_322_o_ap_vld  |  out|    1|     ap_ovld|                                int_acc_m_322|       pointer|
|int_acc_m_321_i         |   in|   32|     ap_ovld|                                int_acc_m_321|       pointer|
|int_acc_m_321_o         |  out|   32|     ap_ovld|                                int_acc_m_321|       pointer|
|int_acc_m_321_o_ap_vld  |  out|    1|     ap_ovld|                                int_acc_m_321|       pointer|
|int_acc_m_320_i         |   in|   32|     ap_ovld|                                int_acc_m_320|       pointer|
|int_acc_m_320_o         |  out|   32|     ap_ovld|                                int_acc_m_320|       pointer|
|int_acc_m_320_o_ap_vld  |  out|    1|     ap_ovld|                                int_acc_m_320|       pointer|
|int_acc_m_318_i         |   in|   32|     ap_ovld|                                int_acc_m_318|       pointer|
|int_acc_m_318_o         |  out|   32|     ap_ovld|                                int_acc_m_318|       pointer|
|int_acc_m_318_o_ap_vld  |  out|    1|     ap_ovld|                                int_acc_m_318|       pointer|
|int_acc_m_317_i         |   in|   32|     ap_ovld|                                int_acc_m_317|       pointer|
|int_acc_m_317_o         |  out|   32|     ap_ovld|                                int_acc_m_317|       pointer|
|int_acc_m_317_o_ap_vld  |  out|    1|     ap_ovld|                                int_acc_m_317|       pointer|
|int_acc_m_316_i         |   in|   32|     ap_ovld|                                int_acc_m_316|       pointer|
|int_acc_m_316_o         |  out|   32|     ap_ovld|                                int_acc_m_316|       pointer|
|int_acc_m_316_o_ap_vld  |  out|    1|     ap_ovld|                                int_acc_m_316|       pointer|
|int_acc_m_315_i         |   in|   32|     ap_ovld|                                int_acc_m_315|       pointer|
|int_acc_m_315_o         |  out|   32|     ap_ovld|                                int_acc_m_315|       pointer|
|int_acc_m_315_o_ap_vld  |  out|    1|     ap_ovld|                                int_acc_m_315|       pointer|
|int_acc_m_314_i         |   in|   32|     ap_ovld|                                int_acc_m_314|       pointer|
|int_acc_m_314_o         |  out|   32|     ap_ovld|                                int_acc_m_314|       pointer|
|int_acc_m_314_o_ap_vld  |  out|    1|     ap_ovld|                                int_acc_m_314|       pointer|
|int_acc_m_313_i         |   in|   32|     ap_ovld|                                int_acc_m_313|       pointer|
|int_acc_m_313_o         |  out|   32|     ap_ovld|                                int_acc_m_313|       pointer|
|int_acc_m_313_o_ap_vld  |  out|    1|     ap_ovld|                                int_acc_m_313|       pointer|
|int_acc_m_312_i         |   in|   32|     ap_ovld|                                int_acc_m_312|       pointer|
|int_acc_m_312_o         |  out|   32|     ap_ovld|                                int_acc_m_312|       pointer|
|int_acc_m_312_o_ap_vld  |  out|    1|     ap_ovld|                                int_acc_m_312|       pointer|
|int_acc_m_310_i         |   in|   32|     ap_ovld|                                int_acc_m_310|       pointer|
|int_acc_m_310_o         |  out|   32|     ap_ovld|                                int_acc_m_310|       pointer|
|int_acc_m_310_o_ap_vld  |  out|    1|     ap_ovld|                                int_acc_m_310|       pointer|
|int_acc_m_309_i         |   in|   32|     ap_ovld|                                int_acc_m_309|       pointer|
|int_acc_m_309_o         |  out|   32|     ap_ovld|                                int_acc_m_309|       pointer|
|int_acc_m_309_o_ap_vld  |  out|    1|     ap_ovld|                                int_acc_m_309|       pointer|
|int_acc_m_308_i         |   in|   32|     ap_ovld|                                int_acc_m_308|       pointer|
|int_acc_m_308_o         |  out|   32|     ap_ovld|                                int_acc_m_308|       pointer|
|int_acc_m_308_o_ap_vld  |  out|    1|     ap_ovld|                                int_acc_m_308|       pointer|
|int_acc_m_307_i         |   in|   32|     ap_ovld|                                int_acc_m_307|       pointer|
|int_acc_m_307_o         |  out|   32|     ap_ovld|                                int_acc_m_307|       pointer|
|int_acc_m_307_o_ap_vld  |  out|    1|     ap_ovld|                                int_acc_m_307|       pointer|
|int_acc_m_306_i         |   in|   32|     ap_ovld|                                int_acc_m_306|       pointer|
|int_acc_m_306_o         |  out|   32|     ap_ovld|                                int_acc_m_306|       pointer|
|int_acc_m_306_o_ap_vld  |  out|    1|     ap_ovld|                                int_acc_m_306|       pointer|
|int_acc_m_305_i         |   in|   32|     ap_ovld|                                int_acc_m_305|       pointer|
|int_acc_m_305_o         |  out|   32|     ap_ovld|                                int_acc_m_305|       pointer|
|int_acc_m_305_o_ap_vld  |  out|    1|     ap_ovld|                                int_acc_m_305|       pointer|
|int_acc_m_304_i         |   in|   32|     ap_ovld|                                int_acc_m_304|       pointer|
|int_acc_m_304_o         |  out|   32|     ap_ovld|                                int_acc_m_304|       pointer|
|int_acc_m_304_o_ap_vld  |  out|    1|     ap_ovld|                                int_acc_m_304|       pointer|
|int_acc_m_302_i         |   in|   32|     ap_ovld|                                int_acc_m_302|       pointer|
|int_acc_m_302_o         |  out|   32|     ap_ovld|                                int_acc_m_302|       pointer|
|int_acc_m_302_o_ap_vld  |  out|    1|     ap_ovld|                                int_acc_m_302|       pointer|
|int_acc_m_301_i         |   in|   32|     ap_ovld|                                int_acc_m_301|       pointer|
|int_acc_m_301_o         |  out|   32|     ap_ovld|                                int_acc_m_301|       pointer|
|int_acc_m_301_o_ap_vld  |  out|    1|     ap_ovld|                                int_acc_m_301|       pointer|
|int_acc_m_300_i         |   in|   32|     ap_ovld|                                int_acc_m_300|       pointer|
|int_acc_m_300_o         |  out|   32|     ap_ovld|                                int_acc_m_300|       pointer|
|int_acc_m_300_o_ap_vld  |  out|    1|     ap_ovld|                                int_acc_m_300|       pointer|
|int_acc_m_299_i         |   in|   32|     ap_ovld|                                int_acc_m_299|       pointer|
|int_acc_m_299_o         |  out|   32|     ap_ovld|                                int_acc_m_299|       pointer|
|int_acc_m_299_o_ap_vld  |  out|    1|     ap_ovld|                                int_acc_m_299|       pointer|
|int_acc_m_298_i         |   in|   32|     ap_ovld|                                int_acc_m_298|       pointer|
|int_acc_m_298_o         |  out|   32|     ap_ovld|                                int_acc_m_298|       pointer|
|int_acc_m_298_o_ap_vld  |  out|    1|     ap_ovld|                                int_acc_m_298|       pointer|
|int_acc_m_297_i         |   in|   32|     ap_ovld|                                int_acc_m_297|       pointer|
|int_acc_m_297_o         |  out|   32|     ap_ovld|                                int_acc_m_297|       pointer|
|int_acc_m_297_o_ap_vld  |  out|    1|     ap_ovld|                                int_acc_m_297|       pointer|
|int_acc_m_296_i         |   in|   32|     ap_ovld|                                int_acc_m_296|       pointer|
|int_acc_m_296_o         |  out|   32|     ap_ovld|                                int_acc_m_296|       pointer|
|int_acc_m_296_o_ap_vld  |  out|    1|     ap_ovld|                                int_acc_m_296|       pointer|
|int_acc_m_294_i         |   in|   32|     ap_ovld|                                int_acc_m_294|       pointer|
|int_acc_m_294_o         |  out|   32|     ap_ovld|                                int_acc_m_294|       pointer|
|int_acc_m_294_o_ap_vld  |  out|    1|     ap_ovld|                                int_acc_m_294|       pointer|
|int_acc_m_293_i         |   in|   32|     ap_ovld|                                int_acc_m_293|       pointer|
|int_acc_m_293_o         |  out|   32|     ap_ovld|                                int_acc_m_293|       pointer|
|int_acc_m_293_o_ap_vld  |  out|    1|     ap_ovld|                                int_acc_m_293|       pointer|
|int_acc_m_292_i         |   in|   32|     ap_ovld|                                int_acc_m_292|       pointer|
|int_acc_m_292_o         |  out|   32|     ap_ovld|                                int_acc_m_292|       pointer|
|int_acc_m_292_o_ap_vld  |  out|    1|     ap_ovld|                                int_acc_m_292|       pointer|
|int_acc_m_291_i         |   in|   32|     ap_ovld|                                int_acc_m_291|       pointer|
|int_acc_m_291_o         |  out|   32|     ap_ovld|                                int_acc_m_291|       pointer|
|int_acc_m_291_o_ap_vld  |  out|    1|     ap_ovld|                                int_acc_m_291|       pointer|
|int_acc_m_290_i         |   in|   32|     ap_ovld|                                int_acc_m_290|       pointer|
|int_acc_m_290_o         |  out|   32|     ap_ovld|                                int_acc_m_290|       pointer|
|int_acc_m_290_o_ap_vld  |  out|    1|     ap_ovld|                                int_acc_m_290|       pointer|
|int_acc_m_289_i         |   in|   32|     ap_ovld|                                int_acc_m_289|       pointer|
|int_acc_m_289_o         |  out|   32|     ap_ovld|                                int_acc_m_289|       pointer|
|int_acc_m_289_o_ap_vld  |  out|    1|     ap_ovld|                                int_acc_m_289|       pointer|
|int_acc_m_288_i         |   in|   32|     ap_ovld|                                int_acc_m_288|       pointer|
|int_acc_m_288_o         |  out|   32|     ap_ovld|                                int_acc_m_288|       pointer|
|int_acc_m_288_o_ap_vld  |  out|    1|     ap_ovld|                                int_acc_m_288|       pointer|
|int_acc_m_286_i         |   in|   32|     ap_ovld|                                int_acc_m_286|       pointer|
|int_acc_m_286_o         |  out|   32|     ap_ovld|                                int_acc_m_286|       pointer|
|int_acc_m_286_o_ap_vld  |  out|    1|     ap_ovld|                                int_acc_m_286|       pointer|
|int_acc_m_285_i         |   in|   32|     ap_ovld|                                int_acc_m_285|       pointer|
|int_acc_m_285_o         |  out|   32|     ap_ovld|                                int_acc_m_285|       pointer|
|int_acc_m_285_o_ap_vld  |  out|    1|     ap_ovld|                                int_acc_m_285|       pointer|
|int_acc_m_284_i         |   in|   32|     ap_ovld|                                int_acc_m_284|       pointer|
|int_acc_m_284_o         |  out|   32|     ap_ovld|                                int_acc_m_284|       pointer|
|int_acc_m_284_o_ap_vld  |  out|    1|     ap_ovld|                                int_acc_m_284|       pointer|
|int_acc_m_283_i         |   in|   32|     ap_ovld|                                int_acc_m_283|       pointer|
|int_acc_m_283_o         |  out|   32|     ap_ovld|                                int_acc_m_283|       pointer|
|int_acc_m_283_o_ap_vld  |  out|    1|     ap_ovld|                                int_acc_m_283|       pointer|
|int_acc_m_282_i         |   in|   32|     ap_ovld|                                int_acc_m_282|       pointer|
|int_acc_m_282_o         |  out|   32|     ap_ovld|                                int_acc_m_282|       pointer|
|int_acc_m_282_o_ap_vld  |  out|    1|     ap_ovld|                                int_acc_m_282|       pointer|
|int_acc_m_281_i         |   in|   32|     ap_ovld|                                int_acc_m_281|       pointer|
|int_acc_m_281_o         |  out|   32|     ap_ovld|                                int_acc_m_281|       pointer|
|int_acc_m_281_o_ap_vld  |  out|    1|     ap_ovld|                                int_acc_m_281|       pointer|
|int_acc_m_280_i         |   in|   32|     ap_ovld|                                int_acc_m_280|       pointer|
|int_acc_m_280_o         |  out|   32|     ap_ovld|                                int_acc_m_280|       pointer|
|int_acc_m_280_o_ap_vld  |  out|    1|     ap_ovld|                                int_acc_m_280|       pointer|
|int_acc_m_278_i         |   in|   32|     ap_ovld|                                int_acc_m_278|       pointer|
|int_acc_m_278_o         |  out|   32|     ap_ovld|                                int_acc_m_278|       pointer|
|int_acc_m_278_o_ap_vld  |  out|    1|     ap_ovld|                                int_acc_m_278|       pointer|
|int_acc_m_277_i         |   in|   32|     ap_ovld|                                int_acc_m_277|       pointer|
|int_acc_m_277_o         |  out|   32|     ap_ovld|                                int_acc_m_277|       pointer|
|int_acc_m_277_o_ap_vld  |  out|    1|     ap_ovld|                                int_acc_m_277|       pointer|
|int_acc_m_276_i         |   in|   32|     ap_ovld|                                int_acc_m_276|       pointer|
|int_acc_m_276_o         |  out|   32|     ap_ovld|                                int_acc_m_276|       pointer|
|int_acc_m_276_o_ap_vld  |  out|    1|     ap_ovld|                                int_acc_m_276|       pointer|
|int_acc_m_275_i         |   in|   32|     ap_ovld|                                int_acc_m_275|       pointer|
|int_acc_m_275_o         |  out|   32|     ap_ovld|                                int_acc_m_275|       pointer|
|int_acc_m_275_o_ap_vld  |  out|    1|     ap_ovld|                                int_acc_m_275|       pointer|
|int_acc_m_274_i         |   in|   32|     ap_ovld|                                int_acc_m_274|       pointer|
|int_acc_m_274_o         |  out|   32|     ap_ovld|                                int_acc_m_274|       pointer|
|int_acc_m_274_o_ap_vld  |  out|    1|     ap_ovld|                                int_acc_m_274|       pointer|
|int_acc_m_273_i         |   in|   32|     ap_ovld|                                int_acc_m_273|       pointer|
|int_acc_m_273_o         |  out|   32|     ap_ovld|                                int_acc_m_273|       pointer|
|int_acc_m_273_o_ap_vld  |  out|    1|     ap_ovld|                                int_acc_m_273|       pointer|
|int_acc_m_272_i         |   in|   32|     ap_ovld|                                int_acc_m_272|       pointer|
|int_acc_m_272_o         |  out|   32|     ap_ovld|                                int_acc_m_272|       pointer|
|int_acc_m_272_o_ap_vld  |  out|    1|     ap_ovld|                                int_acc_m_272|       pointer|
|int_acc_m_270_i         |   in|   32|     ap_ovld|                                int_acc_m_270|       pointer|
|int_acc_m_270_o         |  out|   32|     ap_ovld|                                int_acc_m_270|       pointer|
|int_acc_m_270_o_ap_vld  |  out|    1|     ap_ovld|                                int_acc_m_270|       pointer|
|int_acc_m_269_i         |   in|   32|     ap_ovld|                                int_acc_m_269|       pointer|
|int_acc_m_269_o         |  out|   32|     ap_ovld|                                int_acc_m_269|       pointer|
|int_acc_m_269_o_ap_vld  |  out|    1|     ap_ovld|                                int_acc_m_269|       pointer|
|int_acc_m_268_i         |   in|   32|     ap_ovld|                                int_acc_m_268|       pointer|
|int_acc_m_268_o         |  out|   32|     ap_ovld|                                int_acc_m_268|       pointer|
|int_acc_m_268_o_ap_vld  |  out|    1|     ap_ovld|                                int_acc_m_268|       pointer|
|int_acc_m_267_i         |   in|   32|     ap_ovld|                                int_acc_m_267|       pointer|
|int_acc_m_267_o         |  out|   32|     ap_ovld|                                int_acc_m_267|       pointer|
|int_acc_m_267_o_ap_vld  |  out|    1|     ap_ovld|                                int_acc_m_267|       pointer|
|int_acc_m_266_i         |   in|   32|     ap_ovld|                                int_acc_m_266|       pointer|
|int_acc_m_266_o         |  out|   32|     ap_ovld|                                int_acc_m_266|       pointer|
|int_acc_m_266_o_ap_vld  |  out|    1|     ap_ovld|                                int_acc_m_266|       pointer|
|int_acc_m_265_i         |   in|   32|     ap_ovld|                                int_acc_m_265|       pointer|
|int_acc_m_265_o         |  out|   32|     ap_ovld|                                int_acc_m_265|       pointer|
|int_acc_m_265_o_ap_vld  |  out|    1|     ap_ovld|                                int_acc_m_265|       pointer|
|int_acc_m_264_i         |   in|   32|     ap_ovld|                                int_acc_m_264|       pointer|
|int_acc_m_264_o         |  out|   32|     ap_ovld|                                int_acc_m_264|       pointer|
|int_acc_m_264_o_ap_vld  |  out|    1|     ap_ovld|                                int_acc_m_264|       pointer|
|int_acc_w_326_i         |   in|   32|     ap_ovld|                                int_acc_w_326|       pointer|
|int_acc_w_326_o         |  out|   32|     ap_ovld|                                int_acc_w_326|       pointer|
|int_acc_w_326_o_ap_vld  |  out|    1|     ap_ovld|                                int_acc_w_326|       pointer|
|int_acc_w_325_i         |   in|   32|     ap_ovld|                                int_acc_w_325|       pointer|
|int_acc_w_325_o         |  out|   32|     ap_ovld|                                int_acc_w_325|       pointer|
|int_acc_w_325_o_ap_vld  |  out|    1|     ap_ovld|                                int_acc_w_325|       pointer|
|int_acc_w_324_i         |   in|   32|     ap_ovld|                                int_acc_w_324|       pointer|
|int_acc_w_324_o         |  out|   32|     ap_ovld|                                int_acc_w_324|       pointer|
|int_acc_w_324_o_ap_vld  |  out|    1|     ap_ovld|                                int_acc_w_324|       pointer|
|int_acc_w_323_i         |   in|   32|     ap_ovld|                                int_acc_w_323|       pointer|
|int_acc_w_323_o         |  out|   32|     ap_ovld|                                int_acc_w_323|       pointer|
|int_acc_w_323_o_ap_vld  |  out|    1|     ap_ovld|                                int_acc_w_323|       pointer|
|int_acc_w_322_i         |   in|   32|     ap_ovld|                                int_acc_w_322|       pointer|
|int_acc_w_322_o         |  out|   32|     ap_ovld|                                int_acc_w_322|       pointer|
|int_acc_w_322_o_ap_vld  |  out|    1|     ap_ovld|                                int_acc_w_322|       pointer|
|int_acc_w_321_i         |   in|   32|     ap_ovld|                                int_acc_w_321|       pointer|
|int_acc_w_321_o         |  out|   32|     ap_ovld|                                int_acc_w_321|       pointer|
|int_acc_w_321_o_ap_vld  |  out|    1|     ap_ovld|                                int_acc_w_321|       pointer|
|int_acc_w_320_i         |   in|   32|     ap_ovld|                                int_acc_w_320|       pointer|
|int_acc_w_320_o         |  out|   32|     ap_ovld|                                int_acc_w_320|       pointer|
|int_acc_w_320_o_ap_vld  |  out|    1|     ap_ovld|                                int_acc_w_320|       pointer|
|int_acc_w_318_i         |   in|   32|     ap_ovld|                                int_acc_w_318|       pointer|
|int_acc_w_318_o         |  out|   32|     ap_ovld|                                int_acc_w_318|       pointer|
|int_acc_w_318_o_ap_vld  |  out|    1|     ap_ovld|                                int_acc_w_318|       pointer|
|int_acc_w_317_i         |   in|   32|     ap_ovld|                                int_acc_w_317|       pointer|
|int_acc_w_317_o         |  out|   32|     ap_ovld|                                int_acc_w_317|       pointer|
|int_acc_w_317_o_ap_vld  |  out|    1|     ap_ovld|                                int_acc_w_317|       pointer|
|int_acc_w_316_i         |   in|   32|     ap_ovld|                                int_acc_w_316|       pointer|
|int_acc_w_316_o         |  out|   32|     ap_ovld|                                int_acc_w_316|       pointer|
|int_acc_w_316_o_ap_vld  |  out|    1|     ap_ovld|                                int_acc_w_316|       pointer|
|int_acc_w_315_i         |   in|   32|     ap_ovld|                                int_acc_w_315|       pointer|
|int_acc_w_315_o         |  out|   32|     ap_ovld|                                int_acc_w_315|       pointer|
|int_acc_w_315_o_ap_vld  |  out|    1|     ap_ovld|                                int_acc_w_315|       pointer|
|int_acc_w_314_i         |   in|   32|     ap_ovld|                                int_acc_w_314|       pointer|
|int_acc_w_314_o         |  out|   32|     ap_ovld|                                int_acc_w_314|       pointer|
|int_acc_w_314_o_ap_vld  |  out|    1|     ap_ovld|                                int_acc_w_314|       pointer|
|int_acc_w_313_i         |   in|   32|     ap_ovld|                                int_acc_w_313|       pointer|
|int_acc_w_313_o         |  out|   32|     ap_ovld|                                int_acc_w_313|       pointer|
|int_acc_w_313_o_ap_vld  |  out|    1|     ap_ovld|                                int_acc_w_313|       pointer|
|int_acc_w_312_i         |   in|   32|     ap_ovld|                                int_acc_w_312|       pointer|
|int_acc_w_312_o         |  out|   32|     ap_ovld|                                int_acc_w_312|       pointer|
|int_acc_w_312_o_ap_vld  |  out|    1|     ap_ovld|                                int_acc_w_312|       pointer|
|int_acc_w_310_i         |   in|   32|     ap_ovld|                                int_acc_w_310|       pointer|
|int_acc_w_310_o         |  out|   32|     ap_ovld|                                int_acc_w_310|       pointer|
|int_acc_w_310_o_ap_vld  |  out|    1|     ap_ovld|                                int_acc_w_310|       pointer|
|int_acc_w_309_i         |   in|   32|     ap_ovld|                                int_acc_w_309|       pointer|
|int_acc_w_309_o         |  out|   32|     ap_ovld|                                int_acc_w_309|       pointer|
|int_acc_w_309_o_ap_vld  |  out|    1|     ap_ovld|                                int_acc_w_309|       pointer|
|int_acc_w_308_i         |   in|   32|     ap_ovld|                                int_acc_w_308|       pointer|
|int_acc_w_308_o         |  out|   32|     ap_ovld|                                int_acc_w_308|       pointer|
|int_acc_w_308_o_ap_vld  |  out|    1|     ap_ovld|                                int_acc_w_308|       pointer|
|int_acc_w_307_i         |   in|   32|     ap_ovld|                                int_acc_w_307|       pointer|
|int_acc_w_307_o         |  out|   32|     ap_ovld|                                int_acc_w_307|       pointer|
|int_acc_w_307_o_ap_vld  |  out|    1|     ap_ovld|                                int_acc_w_307|       pointer|
|int_acc_w_306_i         |   in|   32|     ap_ovld|                                int_acc_w_306|       pointer|
|int_acc_w_306_o         |  out|   32|     ap_ovld|                                int_acc_w_306|       pointer|
|int_acc_w_306_o_ap_vld  |  out|    1|     ap_ovld|                                int_acc_w_306|       pointer|
|int_acc_w_305_i         |   in|   32|     ap_ovld|                                int_acc_w_305|       pointer|
|int_acc_w_305_o         |  out|   32|     ap_ovld|                                int_acc_w_305|       pointer|
|int_acc_w_305_o_ap_vld  |  out|    1|     ap_ovld|                                int_acc_w_305|       pointer|
|int_acc_w_304_i         |   in|   32|     ap_ovld|                                int_acc_w_304|       pointer|
|int_acc_w_304_o         |  out|   32|     ap_ovld|                                int_acc_w_304|       pointer|
|int_acc_w_304_o_ap_vld  |  out|    1|     ap_ovld|                                int_acc_w_304|       pointer|
|int_acc_w_302_i         |   in|   32|     ap_ovld|                                int_acc_w_302|       pointer|
|int_acc_w_302_o         |  out|   32|     ap_ovld|                                int_acc_w_302|       pointer|
|int_acc_w_302_o_ap_vld  |  out|    1|     ap_ovld|                                int_acc_w_302|       pointer|
|int_acc_w_301_i         |   in|   32|     ap_ovld|                                int_acc_w_301|       pointer|
|int_acc_w_301_o         |  out|   32|     ap_ovld|                                int_acc_w_301|       pointer|
|int_acc_w_301_o_ap_vld  |  out|    1|     ap_ovld|                                int_acc_w_301|       pointer|
|int_acc_w_300_i         |   in|   32|     ap_ovld|                                int_acc_w_300|       pointer|
|int_acc_w_300_o         |  out|   32|     ap_ovld|                                int_acc_w_300|       pointer|
|int_acc_w_300_o_ap_vld  |  out|    1|     ap_ovld|                                int_acc_w_300|       pointer|
|int_acc_w_299_i         |   in|   32|     ap_ovld|                                int_acc_w_299|       pointer|
|int_acc_w_299_o         |  out|   32|     ap_ovld|                                int_acc_w_299|       pointer|
|int_acc_w_299_o_ap_vld  |  out|    1|     ap_ovld|                                int_acc_w_299|       pointer|
|int_acc_w_298_i         |   in|   32|     ap_ovld|                                int_acc_w_298|       pointer|
|int_acc_w_298_o         |  out|   32|     ap_ovld|                                int_acc_w_298|       pointer|
|int_acc_w_298_o_ap_vld  |  out|    1|     ap_ovld|                                int_acc_w_298|       pointer|
|int_acc_w_297_i         |   in|   32|     ap_ovld|                                int_acc_w_297|       pointer|
|int_acc_w_297_o         |  out|   32|     ap_ovld|                                int_acc_w_297|       pointer|
|int_acc_w_297_o_ap_vld  |  out|    1|     ap_ovld|                                int_acc_w_297|       pointer|
|int_acc_w_296_i         |   in|   32|     ap_ovld|                                int_acc_w_296|       pointer|
|int_acc_w_296_o         |  out|   32|     ap_ovld|                                int_acc_w_296|       pointer|
|int_acc_w_296_o_ap_vld  |  out|    1|     ap_ovld|                                int_acc_w_296|       pointer|
|int_acc_w_294_i         |   in|   32|     ap_ovld|                                int_acc_w_294|       pointer|
|int_acc_w_294_o         |  out|   32|     ap_ovld|                                int_acc_w_294|       pointer|
|int_acc_w_294_o_ap_vld  |  out|    1|     ap_ovld|                                int_acc_w_294|       pointer|
|int_acc_w_293_i         |   in|   32|     ap_ovld|                                int_acc_w_293|       pointer|
|int_acc_w_293_o         |  out|   32|     ap_ovld|                                int_acc_w_293|       pointer|
|int_acc_w_293_o_ap_vld  |  out|    1|     ap_ovld|                                int_acc_w_293|       pointer|
|int_acc_w_292_i         |   in|   32|     ap_ovld|                                int_acc_w_292|       pointer|
|int_acc_w_292_o         |  out|   32|     ap_ovld|                                int_acc_w_292|       pointer|
|int_acc_w_292_o_ap_vld  |  out|    1|     ap_ovld|                                int_acc_w_292|       pointer|
|int_acc_w_291_i         |   in|   32|     ap_ovld|                                int_acc_w_291|       pointer|
|int_acc_w_291_o         |  out|   32|     ap_ovld|                                int_acc_w_291|       pointer|
|int_acc_w_291_o_ap_vld  |  out|    1|     ap_ovld|                                int_acc_w_291|       pointer|
|int_acc_w_290_i         |   in|   32|     ap_ovld|                                int_acc_w_290|       pointer|
|int_acc_w_290_o         |  out|   32|     ap_ovld|                                int_acc_w_290|       pointer|
|int_acc_w_290_o_ap_vld  |  out|    1|     ap_ovld|                                int_acc_w_290|       pointer|
|int_acc_w_289_i         |   in|   32|     ap_ovld|                                int_acc_w_289|       pointer|
|int_acc_w_289_o         |  out|   32|     ap_ovld|                                int_acc_w_289|       pointer|
|int_acc_w_289_o_ap_vld  |  out|    1|     ap_ovld|                                int_acc_w_289|       pointer|
|int_acc_w_288_i         |   in|   32|     ap_ovld|                                int_acc_w_288|       pointer|
|int_acc_w_288_o         |  out|   32|     ap_ovld|                                int_acc_w_288|       pointer|
|int_acc_w_288_o_ap_vld  |  out|    1|     ap_ovld|                                int_acc_w_288|       pointer|
|int_acc_w_286_i         |   in|   32|     ap_ovld|                                int_acc_w_286|       pointer|
|int_acc_w_286_o         |  out|   32|     ap_ovld|                                int_acc_w_286|       pointer|
|int_acc_w_286_o_ap_vld  |  out|    1|     ap_ovld|                                int_acc_w_286|       pointer|
|int_acc_w_285_i         |   in|   32|     ap_ovld|                                int_acc_w_285|       pointer|
|int_acc_w_285_o         |  out|   32|     ap_ovld|                                int_acc_w_285|       pointer|
|int_acc_w_285_o_ap_vld  |  out|    1|     ap_ovld|                                int_acc_w_285|       pointer|
|int_acc_w_284_i         |   in|   32|     ap_ovld|                                int_acc_w_284|       pointer|
|int_acc_w_284_o         |  out|   32|     ap_ovld|                                int_acc_w_284|       pointer|
|int_acc_w_284_o_ap_vld  |  out|    1|     ap_ovld|                                int_acc_w_284|       pointer|
|int_acc_w_283_i         |   in|   32|     ap_ovld|                                int_acc_w_283|       pointer|
|int_acc_w_283_o         |  out|   32|     ap_ovld|                                int_acc_w_283|       pointer|
|int_acc_w_283_o_ap_vld  |  out|    1|     ap_ovld|                                int_acc_w_283|       pointer|
|int_acc_w_282_i         |   in|   32|     ap_ovld|                                int_acc_w_282|       pointer|
|int_acc_w_282_o         |  out|   32|     ap_ovld|                                int_acc_w_282|       pointer|
|int_acc_w_282_o_ap_vld  |  out|    1|     ap_ovld|                                int_acc_w_282|       pointer|
|int_acc_w_281_i         |   in|   32|     ap_ovld|                                int_acc_w_281|       pointer|
|int_acc_w_281_o         |  out|   32|     ap_ovld|                                int_acc_w_281|       pointer|
|int_acc_w_281_o_ap_vld  |  out|    1|     ap_ovld|                                int_acc_w_281|       pointer|
|int_acc_w_280_i         |   in|   32|     ap_ovld|                                int_acc_w_280|       pointer|
|int_acc_w_280_o         |  out|   32|     ap_ovld|                                int_acc_w_280|       pointer|
|int_acc_w_280_o_ap_vld  |  out|    1|     ap_ovld|                                int_acc_w_280|       pointer|
|int_acc_w_278_i         |   in|   32|     ap_ovld|                                int_acc_w_278|       pointer|
|int_acc_w_278_o         |  out|   32|     ap_ovld|                                int_acc_w_278|       pointer|
|int_acc_w_278_o_ap_vld  |  out|    1|     ap_ovld|                                int_acc_w_278|       pointer|
|int_acc_w_277_i         |   in|   32|     ap_ovld|                                int_acc_w_277|       pointer|
|int_acc_w_277_o         |  out|   32|     ap_ovld|                                int_acc_w_277|       pointer|
|int_acc_w_277_o_ap_vld  |  out|    1|     ap_ovld|                                int_acc_w_277|       pointer|
|int_acc_w_276_i         |   in|   32|     ap_ovld|                                int_acc_w_276|       pointer|
|int_acc_w_276_o         |  out|   32|     ap_ovld|                                int_acc_w_276|       pointer|
|int_acc_w_276_o_ap_vld  |  out|    1|     ap_ovld|                                int_acc_w_276|       pointer|
|int_acc_w_275_i         |   in|   32|     ap_ovld|                                int_acc_w_275|       pointer|
|int_acc_w_275_o         |  out|   32|     ap_ovld|                                int_acc_w_275|       pointer|
|int_acc_w_275_o_ap_vld  |  out|    1|     ap_ovld|                                int_acc_w_275|       pointer|
|int_acc_w_274_i         |   in|   32|     ap_ovld|                                int_acc_w_274|       pointer|
|int_acc_w_274_o         |  out|   32|     ap_ovld|                                int_acc_w_274|       pointer|
|int_acc_w_274_o_ap_vld  |  out|    1|     ap_ovld|                                int_acc_w_274|       pointer|
|int_acc_w_273_i         |   in|   32|     ap_ovld|                                int_acc_w_273|       pointer|
|int_acc_w_273_o         |  out|   32|     ap_ovld|                                int_acc_w_273|       pointer|
|int_acc_w_273_o_ap_vld  |  out|    1|     ap_ovld|                                int_acc_w_273|       pointer|
|int_acc_w_272_i         |   in|   32|     ap_ovld|                                int_acc_w_272|       pointer|
|int_acc_w_272_o         |  out|   32|     ap_ovld|                                int_acc_w_272|       pointer|
|int_acc_w_272_o_ap_vld  |  out|    1|     ap_ovld|                                int_acc_w_272|       pointer|
|int_acc_w_270_i         |   in|   32|     ap_ovld|                                int_acc_w_270|       pointer|
|int_acc_w_270_o         |  out|   32|     ap_ovld|                                int_acc_w_270|       pointer|
|int_acc_w_270_o_ap_vld  |  out|    1|     ap_ovld|                                int_acc_w_270|       pointer|
|int_acc_w_269_i         |   in|   32|     ap_ovld|                                int_acc_w_269|       pointer|
|int_acc_w_269_o         |  out|   32|     ap_ovld|                                int_acc_w_269|       pointer|
|int_acc_w_269_o_ap_vld  |  out|    1|     ap_ovld|                                int_acc_w_269|       pointer|
|int_acc_w_268_i         |   in|   32|     ap_ovld|                                int_acc_w_268|       pointer|
|int_acc_w_268_o         |  out|   32|     ap_ovld|                                int_acc_w_268|       pointer|
|int_acc_w_268_o_ap_vld  |  out|    1|     ap_ovld|                                int_acc_w_268|       pointer|
|int_acc_w_267_i         |   in|   32|     ap_ovld|                                int_acc_w_267|       pointer|
|int_acc_w_267_o         |  out|   32|     ap_ovld|                                int_acc_w_267|       pointer|
|int_acc_w_267_o_ap_vld  |  out|    1|     ap_ovld|                                int_acc_w_267|       pointer|
|int_acc_w_266_i         |   in|   32|     ap_ovld|                                int_acc_w_266|       pointer|
|int_acc_w_266_o         |  out|   32|     ap_ovld|                                int_acc_w_266|       pointer|
|int_acc_w_266_o_ap_vld  |  out|    1|     ap_ovld|                                int_acc_w_266|       pointer|
|int_acc_w_265_i         |   in|   32|     ap_ovld|                                int_acc_w_265|       pointer|
|int_acc_w_265_o         |  out|   32|     ap_ovld|                                int_acc_w_265|       pointer|
|int_acc_w_265_o_ap_vld  |  out|    1|     ap_ovld|                                int_acc_w_265|       pointer|
|int_acc_w_264_i         |   in|   32|     ap_ovld|                                int_acc_w_264|       pointer|
|int_acc_w_264_o         |  out|   32|     ap_ovld|                                int_acc_w_264|       pointer|
|int_acc_w_264_o_ap_vld  |  out|    1|     ap_ovld|                                int_acc_w_264|       pointer|
|rb_0_address0           |  out|    6|   ap_memory|                                         rb_0|         array|
|rb_0_ce0                |  out|    1|   ap_memory|                                         rb_0|         array|
|rb_0_q0                 |   in|  128|   ap_memory|                                         rb_0|         array|
|rb_1_address0           |  out|    6|   ap_memory|                                         rb_1|         array|
|rb_1_ce0                |  out|    1|   ap_memory|                                         rb_1|         array|
|rb_1_q0                 |   in|  128|   ap_memory|                                         rb_1|         array|
|rb_2_address0           |  out|    6|   ap_memory|                                         rb_2|         array|
|rb_2_ce0                |  out|    1|   ap_memory|                                         rb_2|         array|
|rb_2_q0                 |   in|  128|   ap_memory|                                         rb_2|         array|
|rb_3_address0           |  out|    6|   ap_memory|                                         rb_3|         array|
|rb_3_ce0                |  out|    1|   ap_memory|                                         rb_3|         array|
|rb_3_q0                 |   in|  128|   ap_memory|                                         rb_3|         array|
|rb_4_address0           |  out|    6|   ap_memory|                                         rb_4|         array|
|rb_4_ce0                |  out|    1|   ap_memory|                                         rb_4|         array|
|rb_4_q0                 |   in|  128|   ap_memory|                                         rb_4|         array|
|rb_5_address0           |  out|    6|   ap_memory|                                         rb_5|         array|
|rb_5_ce0                |  out|    1|   ap_memory|                                         rb_5|         array|
|rb_5_q0                 |   in|  128|   ap_memory|                                         rb_5|         array|
|rb_6_address0           |  out|    6|   ap_memory|                                         rb_6|         array|
|rb_6_ce0                |  out|    1|   ap_memory|                                         rb_6|         array|
|rb_6_q0                 |   in|  128|   ap_memory|                                         rb_6|         array|
|rb_7_address0           |  out|    6|   ap_memory|                                         rb_7|         array|
|rb_7_ce0                |  out|    1|   ap_memory|                                         rb_7|         array|
|rb_7_q0                 |   in|  128|   ap_memory|                                         rb_7|         array|
|sc6_327_reload          |   in|    8|     ap_none|                               sc6_327_reload|        scalar|
|sc6_328_reload          |   in|    8|     ap_none|                               sc6_328_reload|        scalar|
|sc6_329_reload          |   in|    8|     ap_none|                               sc6_329_reload|        scalar|
|sc6_330_reload          |   in|    8|     ap_none|                               sc6_330_reload|        scalar|
|sc6_331_reload          |   in|    8|     ap_none|                               sc6_331_reload|        scalar|
|sc6_332_reload          |   in|    8|     ap_none|                               sc6_332_reload|        scalar|
|sc6_333_reload          |   in|    8|     ap_none|                               sc6_333_reload|        scalar|
|sc6_334_reload          |   in|    8|     ap_none|                               sc6_334_reload|        scalar|
|sc6_335_reload          |   in|    8|     ap_none|                               sc6_335_reload|        scalar|
|sc6_336_reload          |   in|    8|     ap_none|                               sc6_336_reload|        scalar|
|sc6_337_reload          |   in|    8|     ap_none|                               sc6_337_reload|        scalar|
|sc6_338_reload          |   in|    8|     ap_none|                               sc6_338_reload|        scalar|
|sc6_339_reload          |   in|    8|     ap_none|                               sc6_339_reload|        scalar|
|sc6_340_reload          |   in|    8|     ap_none|                               sc6_340_reload|        scalar|
|sc6_341_reload          |   in|    8|     ap_none|                               sc6_341_reload|        scalar|
|sc6_342_reload          |   in|    8|     ap_none|                               sc6_342_reload|        scalar|
|sc6_343_reload          |   in|    8|     ap_none|                               sc6_343_reload|        scalar|
|sc6_344_reload          |   in|    8|     ap_none|                               sc6_344_reload|        scalar|
|sc6_345_reload          |   in|    8|     ap_none|                               sc6_345_reload|        scalar|
|sc6_346_reload          |   in|    8|     ap_none|                               sc6_346_reload|        scalar|
|sc6_347_reload          |   in|    8|     ap_none|                               sc6_347_reload|        scalar|
|sc6_348_reload          |   in|    8|     ap_none|                               sc6_348_reload|        scalar|
|sc6_349_reload          |   in|    8|     ap_none|                               sc6_349_reload|        scalar|
|sc6_350_reload          |   in|    8|     ap_none|                               sc6_350_reload|        scalar|
|sc6_351_reload          |   in|    8|     ap_none|                               sc6_351_reload|        scalar|
|sc6_352_reload          |   in|    8|     ap_none|                               sc6_352_reload|        scalar|
|sc6_353_reload          |   in|    8|     ap_none|                               sc6_353_reload|        scalar|
|sc6_354_reload          |   in|    8|     ap_none|                               sc6_354_reload|        scalar|
|sc6_355_reload          |   in|    8|     ap_none|                               sc6_355_reload|        scalar|
|sc6_356_reload          |   in|    8|     ap_none|                               sc6_356_reload|        scalar|
|sc6_357_reload          |   in|    8|     ap_none|                               sc6_357_reload|        scalar|
|sc6_358_reload          |   in|    8|     ap_none|                               sc6_358_reload|        scalar|
|sc6_359_reload          |   in|    8|     ap_none|                               sc6_359_reload|        scalar|
|sc6_360_reload          |   in|    8|     ap_none|                               sc6_360_reload|        scalar|
|sc6_361_reload          |   in|    8|     ap_none|                               sc6_361_reload|        scalar|
|sc6_362_reload          |   in|    8|     ap_none|                               sc6_362_reload|        scalar|
|sc6_363_reload          |   in|    8|     ap_none|                               sc6_363_reload|        scalar|
|sc6_364_reload          |   in|    8|     ap_none|                               sc6_364_reload|        scalar|
|sc6_365_reload          |   in|    8|     ap_none|                               sc6_365_reload|        scalar|
|sc6_366_reload          |   in|    8|     ap_none|                               sc6_366_reload|        scalar|
|sc6_367_reload          |   in|    8|     ap_none|                               sc6_367_reload|        scalar|
|sc6_368_reload          |   in|    8|     ap_none|                               sc6_368_reload|        scalar|
|sc6_369_reload          |   in|    8|     ap_none|                               sc6_369_reload|        scalar|
|sc6_370_reload          |   in|    8|     ap_none|                               sc6_370_reload|        scalar|
|sc6_371_reload          |   in|    8|     ap_none|                               sc6_371_reload|        scalar|
|sc6_372_reload          |   in|    8|     ap_none|                               sc6_372_reload|        scalar|
|sc6_373_reload          |   in|    8|     ap_none|                               sc6_373_reload|        scalar|
|sc6_374_reload          |   in|    8|     ap_none|                               sc6_374_reload|        scalar|
|sc6_375_reload          |   in|    8|     ap_none|                               sc6_375_reload|        scalar|
|sc6_376_reload          |   in|    8|     ap_none|                               sc6_376_reload|        scalar|
|sc6_377_reload          |   in|    8|     ap_none|                               sc6_377_reload|        scalar|
|sc6_378_reload          |   in|    8|     ap_none|                               sc6_378_reload|        scalar|
|sc6_379_reload          |   in|    8|     ap_none|                               sc6_379_reload|        scalar|
|sc6_380_reload          |   in|    8|     ap_none|                               sc6_380_reload|        scalar|
|sc6_381_reload          |   in|    8|     ap_none|                               sc6_381_reload|        scalar|
|sc6_382_reload          |   in|    8|     ap_none|                               sc6_382_reload|        scalar|
|sc6_383_reload          |   in|    8|     ap_none|                               sc6_383_reload|        scalar|
|sc6_384_reload          |   in|    8|     ap_none|                               sc6_384_reload|        scalar|
|sc6_385_reload          |   in|    8|     ap_none|                               sc6_385_reload|        scalar|
|sc6_386_reload          |   in|    8|     ap_none|                               sc6_386_reload|        scalar|
|sc6_387_reload          |   in|    8|     ap_none|                               sc6_387_reload|        scalar|
|sc6_388_reload          |   in|    8|     ap_none|                               sc6_388_reload|        scalar|
|sc6_389_reload          |   in|    8|     ap_none|                               sc6_389_reload|        scalar|
|sc6_390_reload          |   in|    8|     ap_none|                               sc6_390_reload|        scalar|
|mn6_327_reload          |   in|    8|     ap_none|                               mn6_327_reload|        scalar|
|mn6_328_reload          |   in|    8|     ap_none|                               mn6_328_reload|        scalar|
|mn6_329_reload          |   in|    8|     ap_none|                               mn6_329_reload|        scalar|
|mn6_330_reload          |   in|    8|     ap_none|                               mn6_330_reload|        scalar|
|mn6_331_reload          |   in|    8|     ap_none|                               mn6_331_reload|        scalar|
|mn6_332_reload          |   in|    8|     ap_none|                               mn6_332_reload|        scalar|
|mn6_333_reload          |   in|    8|     ap_none|                               mn6_333_reload|        scalar|
|mn6_334_reload          |   in|    8|     ap_none|                               mn6_334_reload|        scalar|
|mn6_335_reload          |   in|    8|     ap_none|                               mn6_335_reload|        scalar|
|mn6_336_reload          |   in|    8|     ap_none|                               mn6_336_reload|        scalar|
|mn6_337_reload          |   in|    8|     ap_none|                               mn6_337_reload|        scalar|
|mn6_338_reload          |   in|    8|     ap_none|                               mn6_338_reload|        scalar|
|mn6_339_reload          |   in|    8|     ap_none|                               mn6_339_reload|        scalar|
|mn6_340_reload          |   in|    8|     ap_none|                               mn6_340_reload|        scalar|
|mn6_341_reload          |   in|    8|     ap_none|                               mn6_341_reload|        scalar|
|mn6_342_reload          |   in|    8|     ap_none|                               mn6_342_reload|        scalar|
|mn6_343_reload          |   in|    8|     ap_none|                               mn6_343_reload|        scalar|
|mn6_344_reload          |   in|    8|     ap_none|                               mn6_344_reload|        scalar|
|mn6_345_reload          |   in|    8|     ap_none|                               mn6_345_reload|        scalar|
|mn6_346_reload          |   in|    8|     ap_none|                               mn6_346_reload|        scalar|
|mn6_347_reload          |   in|    8|     ap_none|                               mn6_347_reload|        scalar|
|mn6_348_reload          |   in|    8|     ap_none|                               mn6_348_reload|        scalar|
|mn6_349_reload          |   in|    8|     ap_none|                               mn6_349_reload|        scalar|
|mn6_350_reload          |   in|    8|     ap_none|                               mn6_350_reload|        scalar|
|mn6_351_reload          |   in|    8|     ap_none|                               mn6_351_reload|        scalar|
|mn6_352_reload          |   in|    8|     ap_none|                               mn6_352_reload|        scalar|
|mn6_353_reload          |   in|    8|     ap_none|                               mn6_353_reload|        scalar|
|mn6_354_reload          |   in|    8|     ap_none|                               mn6_354_reload|        scalar|
|mn6_355_reload          |   in|    8|     ap_none|                               mn6_355_reload|        scalar|
|mn6_356_reload          |   in|    8|     ap_none|                               mn6_356_reload|        scalar|
|mn6_357_reload          |   in|    8|     ap_none|                               mn6_357_reload|        scalar|
|mn6_358_reload          |   in|    8|     ap_none|                               mn6_358_reload|        scalar|
|mn6_359_reload          |   in|    8|     ap_none|                               mn6_359_reload|        scalar|
|mn6_360_reload          |   in|    8|     ap_none|                               mn6_360_reload|        scalar|
|mn6_361_reload          |   in|    8|     ap_none|                               mn6_361_reload|        scalar|
|mn6_362_reload          |   in|    8|     ap_none|                               mn6_362_reload|        scalar|
|mn6_363_reload          |   in|    8|     ap_none|                               mn6_363_reload|        scalar|
|mn6_364_reload          |   in|    8|     ap_none|                               mn6_364_reload|        scalar|
|mn6_365_reload          |   in|    8|     ap_none|                               mn6_365_reload|        scalar|
|mn6_366_reload          |   in|    8|     ap_none|                               mn6_366_reload|        scalar|
|mn6_367_reload          |   in|    8|     ap_none|                               mn6_367_reload|        scalar|
|mn6_368_reload          |   in|    8|     ap_none|                               mn6_368_reload|        scalar|
|mn6_369_reload          |   in|    8|     ap_none|                               mn6_369_reload|        scalar|
|mn6_370_reload          |   in|    8|     ap_none|                               mn6_370_reload|        scalar|
|mn6_371_reload          |   in|    8|     ap_none|                               mn6_371_reload|        scalar|
|mn6_372_reload          |   in|    8|     ap_none|                               mn6_372_reload|        scalar|
|mn6_373_reload          |   in|    8|     ap_none|                               mn6_373_reload|        scalar|
|mn6_374_reload          |   in|    8|     ap_none|                               mn6_374_reload|        scalar|
|mn6_375_reload          |   in|    8|     ap_none|                               mn6_375_reload|        scalar|
|mn6_376_reload          |   in|    8|     ap_none|                               mn6_376_reload|        scalar|
|mn6_377_reload          |   in|    8|     ap_none|                               mn6_377_reload|        scalar|
|mn6_378_reload          |   in|    8|     ap_none|                               mn6_378_reload|        scalar|
|mn6_379_reload          |   in|    8|     ap_none|                               mn6_379_reload|        scalar|
|mn6_380_reload          |   in|    8|     ap_none|                               mn6_380_reload|        scalar|
|mn6_381_reload          |   in|    8|     ap_none|                               mn6_381_reload|        scalar|
|mn6_382_reload          |   in|    8|     ap_none|                               mn6_382_reload|        scalar|
|mn6_383_reload          |   in|    8|     ap_none|                               mn6_383_reload|        scalar|
|mn6_384_reload          |   in|    8|     ap_none|                               mn6_384_reload|        scalar|
|mn6_385_reload          |   in|    8|     ap_none|                               mn6_385_reload|        scalar|
|mn6_386_reload          |   in|    8|     ap_none|                               mn6_386_reload|        scalar|
|mn6_387_reload          |   in|    8|     ap_none|                               mn6_387_reload|        scalar|
|mn6_388_reload          |   in|    8|     ap_none|                               mn6_388_reload|        scalar|
|mn6_389_reload          |   in|    8|     ap_none|                               mn6_389_reload|        scalar|
|mn6_390_reload          |   in|    8|     ap_none|                               mn6_390_reload|        scalar|
+------------------------+-----+-----+------------+---------------------------------------------+--------------+

