

================================================================
== Vitis HLS Report for 'mac_blocks_down_q6k_Pipeline_1'
================================================================
* Date:           Sat Mar 28 22:37:36 2026

* Version:        2025.1 (Build 6135595 on May 21 2025)
* Project:        swiglu
* Solution:       hls (Vivado IP Flow Target)
* Product family: zynquplus
* Target device:  xck26-sfvc784-2LV-c


================================================================
== Performance Estimates
================================================================
+ Timing: 
    * Summary: 
    +--------+---------+----------+------------+
    |  Clock |  Target | Estimated| Uncertainty|
    +--------+---------+----------+------------+
    |ap_clk  |  3.33 ns|  1.651 ns|     0.90 ns|
    +--------+---------+----------+------------+

+ Latency: 
    * Summary: 
    +---------+---------+-----------+-----------+-----+-----+------------------------------------------------+
    |  Latency (cycles) |   Latency (absolute)  |  Interval |                    Pipeline                    |
    |   min   |   max   |    min    |    max    | min | max |                      Type                      |
    +---------+---------+-----------+-----------+-----+-----+------------------------------------------------+
    |       10|       10|  33.300 ns|  33.300 ns|    9|    9|  loop auto-rewind stp (delay=0 clock cycles(s))|
    +---------+---------+-----------+-----------+-----+-----+------------------------------------------------+

    + Detail: 
        * Instance: 
        N/A

        * Loop: 
        +----------+---------+---------+----------+-----------+-----------+------+----------+
        |          |  Latency (cycles) | Iteration|  Initiation Interval  | Trip |          |
        | Loop Name|   min   |   max   |  Latency |  achieved |   target  | Count| Pipelined|
        +----------+---------+---------+----------+-----------+-----------+------+----------+
        |- Loop 1  |        8|        8|         1|          1|          1|     8|       yes|
        +----------+---------+---------+----------+-----------+-----------+------+----------+



================================================================
== Utilization Estimates
================================================================
* Summary: 
+-----------------+---------+------+--------+--------+-----+
|       Name      | BRAM_18K|  DSP |   FF   |   LUT  | URAM|
+-----------------+---------+------+--------+--------+-----+
|DSP              |        -|     -|       -|       -|    -|
|Expression       |        -|     -|       0|      24|    -|
|FIFO             |        -|     -|       -|       -|    -|
|Instance         |        -|     -|       -|       -|    -|
|Memory           |        -|     -|       -|       -|    -|
|Multiplexer      |        -|     -|       0|      27|    -|
|Register         |        -|     -|       6|       -|    -|
+-----------------+---------+------+--------+--------+-----+
|Total            |        0|     0|       6|      51|    0|
+-----------------+---------+------+--------+--------+-----+
|Available        |      288|  1248|  234240|  117120|   64|
+-----------------+---------+------+--------+--------+-----+
|Utilization (%)  |        0|     0|      ~0|      ~0|    0|
+-----------------+---------+------+--------+--------+-----+

+ Detail: 
    * Instance: 
    N/A

    * DSP: 
    N/A

    * Memory: 
    N/A

    * FIFO: 
    N/A

    * Expression: 
    +----------------------+----------+----+---+----+------------+------------+
    |     Variable Name    | Operation| DSP| FF| LUT| Bitwidth P0| Bitwidth P1|
    +----------------------+----------+----+---+----+------------+------------+
    |empty_99_fu_136_p2    |         +|   0|  0|  12|           4|           1|
    |exitcond32_fu_130_p2  |      icmp|   0|  0|  12|           4|           5|
    +----------------------+----------+----+---+----+------------+------------+
    |Total                 |          |   0|  0|  24|           8|           6|
    +----------------------+----------+----+---+----+------------+------------+

    * Multiplexer: 
    +-------------------------+----+-----------+-----+-----------+
    |           Name          | LUT| Input Size| Bits| Total Bits|
    +-------------------------+----+-----------+-----+-----------+
    |ap_done_int              |   9|          2|    1|          2|
    |ap_sig_allocacmp_p_load  |   9|          2|    4|          8|
    |empty_fu_54              |   9|          2|    4|          8|
    +-------------------------+----+-----------+-----+-----------+
    |Total                    |  27|          6|    9|         18|
    +-------------------------+----+-----------+-----+-----------+

    * Register: 
    +-------------+---+----+-----+-----------+
    |     Name    | FF| LUT| Bits| Const Bits|
    +-------------+---+----+-----+-----------+
    |ap_CS_fsm    |  1|   0|    1|          0|
    |ap_done_reg  |  1|   0|    1|          0|
    |empty_fu_54  |  4|   0|    4|          0|
    +-------------+---+----+-----+-----------+
    |Total        |  6|   0|    6|          0|
    +-------------+---+----+-----+-----------+



================================================================
== Interface
================================================================
* Summary: 
+--------------+-----+-----+------------+--------------------------------+--------------+
|   RTL Ports  | Dir | Bits|  Protocol  |          Source Object         |    C Type    |
+--------------+-----+-----+------------+--------------------------------+--------------+
|ap_clk        |   in|    1|  ap_ctrl_hs|  mac_blocks_down_q6k_Pipeline_1|  return value|
|ap_rst        |   in|    1|  ap_ctrl_hs|  mac_blocks_down_q6k_Pipeline_1|  return value|
|ap_start      |   in|    1|  ap_ctrl_hs|  mac_blocks_down_q6k_Pipeline_1|  return value|
|ap_done       |  out|    1|  ap_ctrl_hs|  mac_blocks_down_q6k_Pipeline_1|  return value|
|ap_idle       |  out|    1|  ap_ctrl_hs|  mac_blocks_down_q6k_Pipeline_1|  return value|
|ap_ready      |  out|    1|  ap_ctrl_hs|  mac_blocks_down_q6k_Pipeline_1|  return value|
|acc           |  out|   32|      ap_vld|                             acc|       pointer|
|acc_ap_vld    |  out|    1|      ap_vld|                             acc|       pointer|
|acc_1         |  out|   32|      ap_vld|                           acc_1|       pointer|
|acc_1_ap_vld  |  out|    1|      ap_vld|                           acc_1|       pointer|
|acc_2         |  out|   32|      ap_vld|                           acc_2|       pointer|
|acc_2_ap_vld  |  out|    1|      ap_vld|                           acc_2|       pointer|
|acc_3         |  out|   32|      ap_vld|                           acc_3|       pointer|
|acc_3_ap_vld  |  out|    1|      ap_vld|                           acc_3|       pointer|
|acc_4         |  out|   32|      ap_vld|                           acc_4|       pointer|
|acc_4_ap_vld  |  out|    1|      ap_vld|                           acc_4|       pointer|
|acc_5         |  out|   32|      ap_vld|                           acc_5|       pointer|
|acc_5_ap_vld  |  out|    1|      ap_vld|                           acc_5|       pointer|
|acc_6         |  out|   32|      ap_vld|                           acc_6|       pointer|
|acc_6_ap_vld  |  out|    1|      ap_vld|                           acc_6|       pointer|
|acc_7         |  out|   32|      ap_vld|                           acc_7|       pointer|
|acc_7_ap_vld  |  out|    1|      ap_vld|                           acc_7|       pointer|
+--------------+-----+-----+------------+--------------------------------+--------------+

