

================================================================
== Vitis HLS Report for 'mac_blocks_down_q4k_Pipeline_MAC_BLOCKS_G1'
================================================================
* Date:           Sun Mar 29 14:22:58 2026

* Version:        2025.1 (Build 6135595 on May 21 2025)
* Project:        swiglu
* Solution:       hls (Vivado IP Flow Target)
* Product family: zynquplus
* Target device:  xck26-sfvc784-2LV-c


================================================================
== Performance Estimates
================================================================
+ Timing: 
    * Summary: 
    +--------+---------+----------+------------+
    |  Clock |  Target | Estimated| Uncertainty|
    +--------+---------+----------+------------+
    |ap_clk  |  3.33 ns|  2.371 ns|     0.90 ns|
    +--------+---------+----------+------------+

+ Latency: 
    * Summary: 
    +---------+---------+----------+----------+-----+-----+------------------------------------------------+
    |  Latency (cycles) |  Latency (absolute) |  Interval |                    Pipeline                    |
    |   min   |   max   |    min   |    max   | min | max |                      Type                      |
    +---------+---------+----------+----------+-----+-----+------------------------------------------------+
    |      264|      264|  0.879 us|  0.879 us|  257|  257|  loop auto-rewind stp (delay=0 clock cycles(s))|
    +---------+---------+----------+----------+-----+-----+------------------------------------------------+

    + Detail: 
        * Instance: 
        N/A

        * Loop: 
        +-----------------+---------+---------+----------+-----------+-----------+------+----------+
        |                 |  Latency (cycles) | Iteration|  Initiation Interval  | Trip |          |
        |    Loop Name    |   min   |   max   |  Latency |  achieved |   target  | Count| Pipelined|
        +-----------------+---------+---------+----------+-----------+-----------+------+----------+
        |- MAC_BLOCKS_G1  |      262|      262|         8|          1|          1|   256|       yes|
        +-----------------+---------+---------+----------+-----------+-----------+------+----------+



================================================================
== Utilization Estimates
================================================================
* Summary: 
+-----------------+---------+------+--------+--------+-----+
|       Name      | BRAM_18K|  DSP |   FF   |   LUT  | URAM|
+-----------------+---------+------+--------+--------+-----+
|DSP              |        -|    16|       -|       -|    -|
|Expression       |        -|     -|       0|      95|    -|
|FIFO             |        -|     -|       -|       -|    -|
|Instance         |        -|     0|       0|    1968|    -|
|Memory           |        -|     -|       -|       -|    -|
|Multiplexer      |        -|     -|       0|    1188|    -|
|Register         |        -|     -|     377|      64|    -|
+-----------------+---------+------+--------+--------+-----+
|Total            |        0|    16|     377|    3315|    0|
+-----------------+---------+------+--------+--------+-----+
|Available        |      288|  1248|  234240|  117120|   64|
+-----------------+---------+------+--------+--------+-----+
|Utilization (%)  |        0|     1|      ~0|       2|    0|
+-----------------+---------+------+--------+--------+-----+

+ Detail: 
    * Instance: 
    +--------------------------------------+--------------------------------+---------+----+---+----+-----+
    |               Instance               |             Module             | BRAM_18K| DSP| FF| LUT| URAM|
    +--------------------------------------+--------------------------------+---------+----+---+----+-----+
    |mul_8ns_8s_16_1_1_U2797               |mul_8ns_8s_16_1_1               |        0|   0|  0|  40|    0|
    |mul_8s_4ns_12_1_1_U2799               |mul_8s_4ns_12_1_1               |        0|   0|  0|  40|    0|
    |mul_8s_4ns_12_1_1_U2800               |mul_8s_4ns_12_1_1               |        0|   0|  0|  40|    0|
    |mul_8s_4ns_12_1_1_U2801               |mul_8s_4ns_12_1_1               |        0|   0|  0|  40|    0|
    |mul_8s_4ns_12_1_1_U2802               |mul_8s_4ns_12_1_1               |        0|   0|  0|  40|    0|
    |mul_8s_4ns_12_1_1_U2803               |mul_8s_4ns_12_1_1               |        0|   0|  0|  40|    0|
    |mul_8s_4ns_12_1_1_U2804               |mul_8s_4ns_12_1_1               |        0|   0|  0|  40|    0|
    |mul_8s_4ns_12_1_1_U2805               |mul_8s_4ns_12_1_1               |        0|   0|  0|  40|    0|
    |partselect_8ns_128ns_7ns_8_1_1_U2781  |partselect_8ns_128ns_7ns_8_1_1  |        0|   0|  0|  34|    0|
    |partselect_8ns_128ns_7ns_8_1_1_U2782  |partselect_8ns_128ns_7ns_8_1_1  |        0|   0|  0|  34|    0|
    |partselect_8ns_128ns_7ns_8_1_1_U2783  |partselect_8ns_128ns_7ns_8_1_1  |        0|   0|  0|  34|    0|
    |partselect_8ns_128ns_7ns_8_1_1_U2784  |partselect_8ns_128ns_7ns_8_1_1  |        0|   0|  0|  34|    0|
    |partselect_8ns_128ns_7ns_8_1_1_U2785  |partselect_8ns_128ns_7ns_8_1_1  |        0|   0|  0|  34|    0|
    |partselect_8ns_128ns_7ns_8_1_1_U2786  |partselect_8ns_128ns_7ns_8_1_1  |        0|   0|  0|  34|    0|
    |partselect_8ns_128ns_7ns_8_1_1_U2787  |partselect_8ns_128ns_7ns_8_1_1  |        0|   0|  0|  34|    0|
    |partselect_8ns_128ns_7ns_8_1_1_U2795  |partselect_8ns_128ns_7ns_8_1_1  |        0|   0|  0|  34|    0|
    |sparsemux_17_3_32_1_1_U2813           |sparsemux_17_3_32_1_1           |        0|   0|  0|  43|    0|
    |sparsemux_17_3_32_1_1_U2814           |sparsemux_17_3_32_1_1           |        0|   0|  0|  43|    0|
    |sparsemux_17_3_32_1_1_U2815           |sparsemux_17_3_32_1_1           |        0|   0|  0|  43|    0|
    |sparsemux_17_3_32_1_1_U2816           |sparsemux_17_3_32_1_1           |        0|   0|  0|  43|    0|
    |sparsemux_17_3_32_1_1_U2817           |sparsemux_17_3_32_1_1           |        0|   0|  0|  43|    0|
    |sparsemux_17_3_32_1_1_U2818           |sparsemux_17_3_32_1_1           |        0|   0|  0|  43|    0|
    |sparsemux_17_3_32_1_1_U2819           |sparsemux_17_3_32_1_1           |        0|   0|  0|  43|    0|
    |sparsemux_17_3_32_1_1_U2820           |sparsemux_17_3_32_1_1           |        0|   0|  0|  43|    0|
    |sparsemux_17_3_32_1_1_U2821           |sparsemux_17_3_32_1_1           |        0|   0|  0|  43|    0|
    |sparsemux_17_3_32_1_1_U2822           |sparsemux_17_3_32_1_1           |        0|   0|  0|  43|    0|
    |sparsemux_17_3_32_1_1_U2823           |sparsemux_17_3_32_1_1           |        0|   0|  0|  43|    0|
    |sparsemux_17_3_32_1_1_U2824           |sparsemux_17_3_32_1_1           |        0|   0|  0|  43|    0|
    |sparsemux_17_3_32_1_1_U2825           |sparsemux_17_3_32_1_1           |        0|   0|  0|  43|    0|
    |sparsemux_17_3_32_1_1_U2826           |sparsemux_17_3_32_1_1           |        0|   0|  0|  43|    0|
    |sparsemux_17_3_32_1_1_U2827           |sparsemux_17_3_32_1_1           |        0|   0|  0|  43|    0|
    |sparsemux_17_3_32_1_1_U2828           |sparsemux_17_3_32_1_1           |        0|   0|  0|  43|    0|
    |sparsemux_17_3_8_1_1_U2788            |sparsemux_17_3_8_1_1            |        0|   0|  0|  43|    0|
    |sparsemux_17_3_8_1_1_U2789            |sparsemux_17_3_8_1_1            |        0|   0|  0|  43|    0|
    |sparsemux_17_3_8_1_1_U2790            |sparsemux_17_3_8_1_1            |        0|   0|  0|  43|    0|
    |sparsemux_17_3_8_1_1_U2791            |sparsemux_17_3_8_1_1            |        0|   0|  0|  43|    0|
    |sparsemux_17_3_8_1_1_U2792            |sparsemux_17_3_8_1_1            |        0|   0|  0|  43|    0|
    |sparsemux_17_3_8_1_1_U2793            |sparsemux_17_3_8_1_1            |        0|   0|  0|  43|    0|
    |sparsemux_17_3_8_1_1_U2794            |sparsemux_17_3_8_1_1            |        0|   0|  0|  43|    0|
    |sparsemux_17_3_8_1_1_U2796            |sparsemux_17_3_8_1_1            |        0|   0|  0|  43|    0|
    |sparsemux_17_3_8_1_1_U2798            |sparsemux_17_3_8_1_1            |        0|   0|  0|  43|    0|
    |sparsemux_17_3_8_1_1_U2806            |sparsemux_17_3_8_1_1            |        0|   0|  0|  43|    0|
    |sparsemux_17_3_8_1_1_U2807            |sparsemux_17_3_8_1_1            |        0|   0|  0|  43|    0|
    |sparsemux_17_3_8_1_1_U2808            |sparsemux_17_3_8_1_1            |        0|   0|  0|  43|    0|
    |sparsemux_17_3_8_1_1_U2809            |sparsemux_17_3_8_1_1            |        0|   0|  0|  43|    0|
    |sparsemux_17_3_8_1_1_U2810            |sparsemux_17_3_8_1_1            |        0|   0|  0|  43|    0|
    |sparsemux_17_3_8_1_1_U2811            |sparsemux_17_3_8_1_1            |        0|   0|  0|  43|    0|
    |sparsemux_17_3_8_1_1_U2812            |sparsemux_17_3_8_1_1            |        0|   0|  0|  43|    0|
    +--------------------------------------+--------------------------------+---------+----+---+----+-----+
    |Total                                 |                                |        0|   0|  0|1968|    0|
    +--------------------------------------+--------------------------------+---------+----+---+----+-----+

    * DSP: 
    +-------------------------------------+-------------------------------+--------------+
    |               Instance              |             Module            |  Expression  |
    +-------------------------------------+-------------------------------+--------------+
    |mac_muladd_12s_8ns_32s_32_4_1_U2838  |mac_muladd_12s_8ns_32s_32_4_1  |  i0 + i1 * i2|
    |mac_muladd_12s_8ns_32s_32_4_1_U2839  |mac_muladd_12s_8ns_32s_32_4_1  |  i0 + i1 * i2|
    |mac_muladd_12s_8ns_32s_32_4_1_U2840  |mac_muladd_12s_8ns_32s_32_4_1  |  i0 + i1 * i2|
    |mac_muladd_12s_8ns_32s_32_4_1_U2841  |mac_muladd_12s_8ns_32s_32_4_1  |  i0 + i1 * i2|
    |mac_muladd_12s_8ns_32s_32_4_1_U2842  |mac_muladd_12s_8ns_32s_32_4_1  |  i0 + i1 * i2|
    |mac_muladd_12s_8ns_32s_32_4_1_U2843  |mac_muladd_12s_8ns_32s_32_4_1  |  i0 + i1 * i2|
    |mac_muladd_12s_8ns_32s_32_4_1_U2844  |mac_muladd_12s_8ns_32s_32_4_1  |  i0 + i1 * i2|
    |mac_muladd_16s_4ns_32s_32_4_1_U2837  |mac_muladd_16s_4ns_32s_32_4_1  |  i0 + i1 * i2|
    |mac_muladd_8ns_8s_32s_32_4_1_U2829   |mac_muladd_8ns_8s_32s_32_4_1   |  i0 + i1 * i2|
    |mac_muladd_8ns_8s_32s_32_4_1_U2830   |mac_muladd_8ns_8s_32s_32_4_1   |  i0 + i1 * i2|
    |mac_muladd_8ns_8s_32s_32_4_1_U2831   |mac_muladd_8ns_8s_32s_32_4_1   |  i0 + i1 * i2|
    |mac_muladd_8ns_8s_32s_32_4_1_U2832   |mac_muladd_8ns_8s_32s_32_4_1   |  i0 + i1 * i2|
    |mac_muladd_8ns_8s_32s_32_4_1_U2833   |mac_muladd_8ns_8s_32s_32_4_1   |  i0 + i1 * i2|
    |mac_muladd_8ns_8s_32s_32_4_1_U2834   |mac_muladd_8ns_8s_32s_32_4_1   |  i0 + i1 * i2|
    |mac_muladd_8ns_8s_32s_32_4_1_U2835   |mac_muladd_8ns_8s_32s_32_4_1   |  i0 + i1 * i2|
    |mac_muladd_8ns_8s_32s_32_4_1_U2836   |mac_muladd_8ns_8s_32s_32_4_1   |  i0 + i1 * i2|
    +-------------------------------------+-------------------------------+--------------+

    * Memory: 
    N/A

    * FIFO: 
    N/A

    * Expression: 
    +-------------------------------+----------+----+---+----+------------+------------+
    |         Variable Name         | Operation| DSP| FF| LUT| Bitwidth P0| Bitwidth P1|
    +-------------------------------+----------+----+---+----+------------+------------+
    |add_ln394_fu_3292_p2           |         +|   0|  0|  16|           9|           1|
    |byte_idx_assign_12_fu_3355_p2  |         +|   0|  0|  15|           8|           8|
    |thr_add1526_fu_3324_p2         |         +|   0|  0|  13|           6|           5|
    |icmp_ln394_fu_3286_p2          |      icmp|   0|  0|  17|           9|          10|
    |select_ln400_1_fu_3477_p3      |    select|   0|  0|   4|           1|           4|
    |select_ln400_2_fu_3506_p3      |    select|   0|  0|   4|           1|           4|
    |select_ln400_3_fu_3535_p3      |    select|   0|  0|   4|           1|           4|
    |select_ln400_4_fu_3564_p3      |    select|   0|  0|   4|           1|           4|
    |select_ln400_5_fu_3593_p3      |    select|   0|  0|   4|           1|           4|
    |select_ln400_6_fu_3622_p3      |    select|   0|  0|   4|           1|           4|
    |select_ln400_7_fu_3651_p3      |    select|   0|  0|   4|           1|           4|
    |select_ln400_fu_3927_p3        |    select|   0|  0|   4|           1|           4|
    |ap_enable_pp0                  |       xor|   0|  0|   2|           1|           2|
    +-------------------------------+----------+----+---+----+------------+------------+
    |Total                          |          |   0|  0|  95|          41|          58|
    +-------------------------------+----------+----+---+----+------------+------------+

    * Multiplexer: 
    +-------------------------+----+-----------+-----+-----------+
    |           Name          | LUT| Input Size| Bits| Total Bits|
    +-------------------------+----+-----------+-----+-----------+
    |ap_done_int              |   9|          2|    1|          2|
    |ap_enable_reg_pp0_iter1  |   9|          2|    1|          2|
    |ap_sig_allocacmp_n       |   9|          2|    9|         18|
    |int_acc_m_135_o          |   9|          2|   32|         64|
    |int_acc_m_136_o          |   9|          2|   32|         64|
    |int_acc_m_137_o          |   9|          2|   32|         64|
    |int_acc_m_138_o          |   9|          2|   32|         64|
    |int_acc_m_139_o          |   9|          2|   32|         64|
    |int_acc_m_140_o          |   9|          2|   32|         64|
    |int_acc_m_141_o          |   9|          2|   32|         64|
    |int_acc_m_142_o          |   9|          2|   32|         64|
    |int_acc_m_143_o          |   9|          2|   32|         64|
    |int_acc_m_144_o          |   9|          2|   32|         64|
    |int_acc_m_145_o          |   9|          2|   32|         64|
    |int_acc_m_146_o          |   9|          2|   32|         64|
    |int_acc_m_147_o          |   9|          2|   32|         64|
    |int_acc_m_148_o          |   9|          2|   32|         64|
    |int_acc_m_149_o          |   9|          2|   32|         64|
    |int_acc_m_150_o          |   9|          2|   32|         64|
    |int_acc_m_151_o          |   9|          2|   32|         64|
    |int_acc_m_152_o          |   9|          2|   32|         64|
    |int_acc_m_153_o          |   9|          2|   32|         64|
    |int_acc_m_154_o          |   9|          2|   32|         64|
    |int_acc_m_155_o          |   9|          2|   32|         64|
    |int_acc_m_156_o          |   9|          2|   32|         64|
    |int_acc_m_157_o          |   9|          2|   32|         64|
    |int_acc_m_158_o          |   9|          2|   32|         64|
    |int_acc_m_159_o          |   9|          2|   32|         64|
    |int_acc_m_160_o          |   9|          2|   32|         64|
    |int_acc_m_161_o          |   9|          2|   32|         64|
    |int_acc_m_162_o          |   9|          2|   32|         64|
    |int_acc_m_163_o          |   9|          2|   32|         64|
    |int_acc_m_164_o          |   9|          2|   32|         64|
    |int_acc_m_165_o          |   9|          2|   32|         64|
    |int_acc_m_166_o          |   9|          2|   32|         64|
    |int_acc_m_167_o          |   9|          2|   32|         64|
    |int_acc_m_168_o          |   9|          2|   32|         64|
    |int_acc_m_169_o          |   9|          2|   32|         64|
    |int_acc_m_170_o          |   9|          2|   32|         64|
    |int_acc_m_171_o          |   9|          2|   32|         64|
    |int_acc_m_172_o          |   9|          2|   32|         64|
    |int_acc_m_173_o          |   9|          2|   32|         64|
    |int_acc_m_174_o          |   9|          2|   32|         64|
    |int_acc_m_175_o          |   9|          2|   32|         64|
    |int_acc_m_176_o          |   9|          2|   32|         64|
    |int_acc_m_177_o          |   9|          2|   32|         64|
    |int_acc_m_178_o          |   9|          2|   32|         64|
    |int_acc_m_179_o          |   9|          2|   32|         64|
    |int_acc_m_180_o          |   9|          2|   32|         64|
    |int_acc_m_181_o          |   9|          2|   32|         64|
    |int_acc_m_182_o          |   9|          2|   32|         64|
    |int_acc_m_183_o          |   9|          2|   32|         64|
    |int_acc_m_184_o          |   9|          2|   32|         64|
    |int_acc_m_185_o          |   9|          2|   32|         64|
    |int_acc_m_186_o          |   9|          2|   32|         64|
    |int_acc_m_187_o          |   9|          2|   32|         64|
    |int_acc_m_188_o          |   9|          2|   32|         64|
    |int_acc_m_189_o          |   9|          2|   32|         64|
    |int_acc_m_190_o          |   9|          2|   32|         64|
    |int_acc_m_191_o          |   9|          2|   32|         64|
    |int_acc_m_192_o          |   9|          2|   32|         64|
    |int_acc_m_193_o          |   9|          2|   32|         64|
    |int_acc_m_194_o          |   9|          2|   32|         64|
    |int_acc_m_195_o          |   9|          2|   32|         64|
    |int_acc_m_196_o          |   9|          2|   32|         64|
    |int_acc_m_197_o          |   9|          2|   32|         64|
    |int_acc_m_198_o          |   9|          2|   32|         64|
    |int_acc_w_135_o          |   9|          2|   32|         64|
    |int_acc_w_136_o          |   9|          2|   32|         64|
    |int_acc_w_137_o          |   9|          2|   32|         64|
    |int_acc_w_138_o          |   9|          2|   32|         64|
    |int_acc_w_139_o          |   9|          2|   32|         64|
    |int_acc_w_140_o          |   9|          2|   32|         64|
    |int_acc_w_141_o          |   9|          2|   32|         64|
    |int_acc_w_142_o          |   9|          2|   32|         64|
    |int_acc_w_143_o          |   9|          2|   32|         64|
    |int_acc_w_144_o          |   9|          2|   32|         64|
    |int_acc_w_145_o          |   9|          2|   32|         64|
    |int_acc_w_146_o          |   9|          2|   32|         64|
    |int_acc_w_147_o          |   9|          2|   32|         64|
    |int_acc_w_148_o          |   9|          2|   32|         64|
    |int_acc_w_149_o          |   9|          2|   32|         64|
    |int_acc_w_150_o          |   9|          2|   32|         64|
    |int_acc_w_151_o          |   9|          2|   32|         64|
    |int_acc_w_152_o          |   9|          2|   32|         64|
    |int_acc_w_153_o          |   9|          2|   32|         64|
    |int_acc_w_154_o          |   9|          2|   32|         64|
    |int_acc_w_155_o          |   9|          2|   32|         64|
    |int_acc_w_156_o          |   9|          2|   32|         64|
    |int_acc_w_157_o          |   9|          2|   32|         64|
    |int_acc_w_158_o          |   9|          2|   32|         64|
    |int_acc_w_159_o          |   9|          2|   32|         64|
    |int_acc_w_160_o          |   9|          2|   32|         64|
    |int_acc_w_161_o          |   9|          2|   32|         64|
    |int_acc_w_162_o          |   9|          2|   32|         64|
    |int_acc_w_163_o          |   9|          2|   32|         64|
    |int_acc_w_164_o          |   9|          2|   32|         64|
    |int_acc_w_165_o          |   9|          2|   32|         64|
    |int_acc_w_166_o          |   9|          2|   32|         64|
    |int_acc_w_167_o          |   9|          2|   32|         64|
    |int_acc_w_168_o          |   9|          2|   32|         64|
    |int_acc_w_169_o          |   9|          2|   32|         64|
    |int_acc_w_170_o          |   9|          2|   32|         64|
    |int_acc_w_171_o          |   9|          2|   32|         64|
    |int_acc_w_172_o          |   9|          2|   32|         64|
    |int_acc_w_173_o          |   9|          2|   32|         64|
    |int_acc_w_174_o          |   9|          2|   32|         64|
    |int_acc_w_175_o          |   9|          2|   32|         64|
    |int_acc_w_176_o          |   9|          2|   32|         64|
    |int_acc_w_177_o          |   9|          2|   32|         64|
    |int_acc_w_178_o          |   9|          2|   32|         64|
    |int_acc_w_179_o          |   9|          2|   32|         64|
    |int_acc_w_180_o          |   9|          2|   32|         64|
    |int_acc_w_181_o          |   9|          2|   32|         64|
    |int_acc_w_182_o          |   9|          2|   32|         64|
    |int_acc_w_183_o          |   9|          2|   32|         64|
    |int_acc_w_184_o          |   9|          2|   32|         64|
    |int_acc_w_185_o          |   9|          2|   32|         64|
    |int_acc_w_186_o          |   9|          2|   32|         64|
    |int_acc_w_187_o          |   9|          2|   32|         64|
    |int_acc_w_188_o          |   9|          2|   32|         64|
    |int_acc_w_189_o          |   9|          2|   32|         64|
    |int_acc_w_190_o          |   9|          2|   32|         64|
    |int_acc_w_191_o          |   9|          2|   32|         64|
    |int_acc_w_192_o          |   9|          2|   32|         64|
    |int_acc_w_193_o          |   9|          2|   32|         64|
    |int_acc_w_194_o          |   9|          2|   32|         64|
    |int_acc_w_195_o          |   9|          2|   32|         64|
    |int_acc_w_196_o          |   9|          2|   32|         64|
    |int_acc_w_197_o          |   9|          2|   32|         64|
    |int_acc_w_198_o          |   9|          2|   32|         64|
    |n_4_fu_634               |   9|          2|    9|         18|
    +-------------------------+----+-----------+-----+-----------+
    |Total                    |1188|        264| 4116|       8232|
    +-------------------------+----+-----------+-----+-----------+

    * Register: 
    +----------------------------------+----+----+-----+-----------+
    |               Name               | FF | LUT| Bits| Const Bits|
    +----------------------------------+----+----+-----+-----------+
    |and_i2_reg_6044                   |   4|   0|    7|          3|
    |ap_CS_fsm                         |   1|   0|    1|          0|
    |ap_done_reg                       |   1|   0|    1|          0|
    |ap_enable_reg_pp0_iter1           |   1|   0|    1|          0|
    |ap_enable_reg_pp0_iter2           |   1|   0|    1|          0|
    |ap_enable_reg_pp0_iter3           |   1|   0|    1|          0|
    |ap_enable_reg_pp0_iter4           |   1|   0|    1|          0|
    |ap_enable_reg_pp0_iter5           |   1|   0|    1|          0|
    |ap_enable_reg_pp0_iter6           |   1|   0|    1|          0|
    |ap_enable_reg_pp0_iter7           |   1|   0|    1|          0|
    |ap_loop_exit_ready_pp0_iter1_reg  |   1|   0|    1|          0|
    |ap_loop_exit_ready_pp0_iter2_reg  |   1|   0|    1|          0|
    |ap_loop_exit_ready_pp0_iter3_reg  |   1|   0|    1|          0|
    |ap_loop_exit_ready_pp0_iter4_reg  |   1|   0|    1|          0|
    |ap_loop_exit_ready_pp0_iter5_reg  |   1|   0|    1|          0|
    |ap_loop_exit_ready_pp0_iter6_reg  |   1|   0|    1|          0|
    |empty_129_reg_5932                |   4|   0|    4|          0|
    |empty_reg_5907                    |   3|   0|    3|          0|
    |gi_33_reg_6119                    |   8|   0|    8|          0|
    |gi_34_reg_6059                    |   8|   0|    8|          0|
    |gi_35_reg_6069                    |   8|   0|    8|          0|
    |gi_36_reg_6079                    |   8|   0|    8|          0|
    |gi_37_reg_6089                    |   8|   0|    8|          0|
    |gi_38_reg_6099                    |   8|   0|    8|          0|
    |gi_39_reg_6109                    |   8|   0|    8|          0|
    |gi_reg_6049                       |   8|   0|    8|          0|
    |idxprom_i1193_reg_5927            |   4|   0|   64|         60|
    |mul_ln402_10_reg_6239             |  12|   0|   12|          0|
    |mul_ln402_12_reg_6244             |  12|   0|   12|          0|
    |mul_ln402_14_reg_6249             |  12|   0|   12|          0|
    |mul_ln402_2_reg_6219              |  12|   0|   12|          0|
    |mul_ln402_4_reg_6224              |  12|   0|   12|          0|
    |mul_ln402_6_reg_6229              |  12|   0|   12|          0|
    |mul_ln402_8_reg_6234              |  12|   0|   12|          0|
    |mul_ln402_reg_6209                |  16|   0|   16|          0|
    |n_4_fu_634                        |   9|   0|    9|          0|
    |n_reg_5893                        |   9|   0|    9|          0|
    |select_ln400_1_reg_6129           |   4|   0|    4|          0|
    |select_ln400_2_reg_6134           |   4|   0|    4|          0|
    |select_ln400_3_reg_6139           |   4|   0|    4|          0|
    |select_ln400_4_reg_6144           |   4|   0|    4|          0|
    |select_ln400_5_reg_6149           |   4|   0|    4|          0|
    |select_ln400_6_reg_6154           |   4|   0|    4|          0|
    |select_ln400_7_reg_6159           |   4|   0|    4|          0|
    |select_ln400_reg_6204             |   4|   0|    4|          0|
    |sub_2_cast_reg_5949               |   3|   0|    3|          0|
    |tmp_reg_5937                      |   1|   0|    1|          0|
    |tmp_reg_5937_pp0_iter2_reg        |   1|   0|    1|          0|
    |empty_reg_5907                    |  64|  32|    3|          0|
    |sub_2_cast_reg_5949               |  64|  32|    3|          0|
    +----------------------------------+----+----+-----+-----------+
    |Total                             | 377|  64|  318|         63|
    +----------------------------------+----+----+-----+-----------+



================================================================
== Interface
================================================================
* Summary: 
+------------------------+-----+-----+------------+--------------------------------------------+--------------+
|        RTL Ports       | Dir | Bits|  Protocol  |                Source Object               |    C Type    |
+------------------------+-----+-----+------------+--------------------------------------------+--------------+
|ap_clk                  |   in|    1|  ap_ctrl_hs|  mac_blocks_down_q4k_Pipeline_MAC_BLOCKS_G1|  return value|
|ap_rst                  |   in|    1|  ap_ctrl_hs|  mac_blocks_down_q4k_Pipeline_MAC_BLOCKS_G1|  return value|
|ap_start                |   in|    1|  ap_ctrl_hs|  mac_blocks_down_q4k_Pipeline_MAC_BLOCKS_G1|  return value|
|ap_done                 |  out|    1|  ap_ctrl_hs|  mac_blocks_down_q4k_Pipeline_MAC_BLOCKS_G1|  return value|
|ap_idle                 |  out|    1|  ap_ctrl_hs|  mac_blocks_down_q4k_Pipeline_MAC_BLOCKS_G1|  return value|
|ap_ready                |  out|    1|  ap_ctrl_hs|  mac_blocks_down_q4k_Pipeline_MAC_BLOCKS_G1|  return value|
|int_acc_w_135_i         |   in|   32|     ap_ovld|                               int_acc_w_135|       pointer|
|int_acc_w_135_o         |  out|   32|     ap_ovld|                               int_acc_w_135|       pointer|
|int_acc_w_135_o_ap_vld  |  out|    1|     ap_ovld|                               int_acc_w_135|       pointer|
|int_acc_w_143_i         |   in|   32|     ap_ovld|                               int_acc_w_143|       pointer|
|int_acc_w_143_o         |  out|   32|     ap_ovld|                               int_acc_w_143|       pointer|
|int_acc_w_143_o_ap_vld  |  out|    1|     ap_ovld|                               int_acc_w_143|       pointer|
|int_acc_w_151_i         |   in|   32|     ap_ovld|                               int_acc_w_151|       pointer|
|int_acc_w_151_o         |  out|   32|     ap_ovld|                               int_acc_w_151|       pointer|
|int_acc_w_151_o_ap_vld  |  out|    1|     ap_ovld|                               int_acc_w_151|       pointer|
|int_acc_w_159_i         |   in|   32|     ap_ovld|                               int_acc_w_159|       pointer|
|int_acc_w_159_o         |  out|   32|     ap_ovld|                               int_acc_w_159|       pointer|
|int_acc_w_159_o_ap_vld  |  out|    1|     ap_ovld|                               int_acc_w_159|       pointer|
|int_acc_w_167_i         |   in|   32|     ap_ovld|                               int_acc_w_167|       pointer|
|int_acc_w_167_o         |  out|   32|     ap_ovld|                               int_acc_w_167|       pointer|
|int_acc_w_167_o_ap_vld  |  out|    1|     ap_ovld|                               int_acc_w_167|       pointer|
|int_acc_w_175_i         |   in|   32|     ap_ovld|                               int_acc_w_175|       pointer|
|int_acc_w_175_o         |  out|   32|     ap_ovld|                               int_acc_w_175|       pointer|
|int_acc_w_175_o_ap_vld  |  out|    1|     ap_ovld|                               int_acc_w_175|       pointer|
|int_acc_w_183_i         |   in|   32|     ap_ovld|                               int_acc_w_183|       pointer|
|int_acc_w_183_o         |  out|   32|     ap_ovld|                               int_acc_w_183|       pointer|
|int_acc_w_183_o_ap_vld  |  out|    1|     ap_ovld|                               int_acc_w_183|       pointer|
|int_acc_w_191_i         |   in|   32|     ap_ovld|                               int_acc_w_191|       pointer|
|int_acc_w_191_o         |  out|   32|     ap_ovld|                               int_acc_w_191|       pointer|
|int_acc_w_191_o_ap_vld  |  out|    1|     ap_ovld|                               int_acc_w_191|       pointer|
|int_acc_m_135_i         |   in|   32|     ap_ovld|                               int_acc_m_135|       pointer|
|int_acc_m_135_o         |  out|   32|     ap_ovld|                               int_acc_m_135|       pointer|
|int_acc_m_135_o_ap_vld  |  out|    1|     ap_ovld|                               int_acc_m_135|       pointer|
|int_acc_m_143_i         |   in|   32|     ap_ovld|                               int_acc_m_143|       pointer|
|int_acc_m_143_o         |  out|   32|     ap_ovld|                               int_acc_m_143|       pointer|
|int_acc_m_143_o_ap_vld  |  out|    1|     ap_ovld|                               int_acc_m_143|       pointer|
|int_acc_m_151_i         |   in|   32|     ap_ovld|                               int_acc_m_151|       pointer|
|int_acc_m_151_o         |  out|   32|     ap_ovld|                               int_acc_m_151|       pointer|
|int_acc_m_151_o_ap_vld  |  out|    1|     ap_ovld|                               int_acc_m_151|       pointer|
|int_acc_m_159_i         |   in|   32|     ap_ovld|                               int_acc_m_159|       pointer|
|int_acc_m_159_o         |  out|   32|     ap_ovld|                               int_acc_m_159|       pointer|
|int_acc_m_159_o_ap_vld  |  out|    1|     ap_ovld|                               int_acc_m_159|       pointer|
|int_acc_m_167_i         |   in|   32|     ap_ovld|                               int_acc_m_167|       pointer|
|int_acc_m_167_o         |  out|   32|     ap_ovld|                               int_acc_m_167|       pointer|
|int_acc_m_167_o_ap_vld  |  out|    1|     ap_ovld|                               int_acc_m_167|       pointer|
|int_acc_m_175_i         |   in|   32|     ap_ovld|                               int_acc_m_175|       pointer|
|int_acc_m_175_o         |  out|   32|     ap_ovld|                               int_acc_m_175|       pointer|
|int_acc_m_175_o_ap_vld  |  out|    1|     ap_ovld|                               int_acc_m_175|       pointer|
|int_acc_m_183_i         |   in|   32|     ap_ovld|                               int_acc_m_183|       pointer|
|int_acc_m_183_o         |  out|   32|     ap_ovld|                               int_acc_m_183|       pointer|
|int_acc_m_183_o_ap_vld  |  out|    1|     ap_ovld|                               int_acc_m_183|       pointer|
|int_acc_m_191_i         |   in|   32|     ap_ovld|                               int_acc_m_191|       pointer|
|int_acc_m_191_o         |  out|   32|     ap_ovld|                               int_acc_m_191|       pointer|
|int_acc_m_191_o_ap_vld  |  out|    1|     ap_ovld|                               int_acc_m_191|       pointer|
|int_acc_m_198_i         |   in|   32|     ap_ovld|                               int_acc_m_198|       pointer|
|int_acc_m_198_o         |  out|   32|     ap_ovld|                               int_acc_m_198|       pointer|
|int_acc_m_198_o_ap_vld  |  out|    1|     ap_ovld|                               int_acc_m_198|       pointer|
|int_acc_m_197_i         |   in|   32|     ap_ovld|                               int_acc_m_197|       pointer|
|int_acc_m_197_o         |  out|   32|     ap_ovld|                               int_acc_m_197|       pointer|
|int_acc_m_197_o_ap_vld  |  out|    1|     ap_ovld|                               int_acc_m_197|       pointer|
|int_acc_m_196_i         |   in|   32|     ap_ovld|                               int_acc_m_196|       pointer|
|int_acc_m_196_o         |  out|   32|     ap_ovld|                               int_acc_m_196|       pointer|
|int_acc_m_196_o_ap_vld  |  out|    1|     ap_ovld|                               int_acc_m_196|       pointer|
|int_acc_m_195_i         |   in|   32|     ap_ovld|                               int_acc_m_195|       pointer|
|int_acc_m_195_o         |  out|   32|     ap_ovld|                               int_acc_m_195|       pointer|
|int_acc_m_195_o_ap_vld  |  out|    1|     ap_ovld|                               int_acc_m_195|       pointer|
|int_acc_m_194_i         |   in|   32|     ap_ovld|                               int_acc_m_194|       pointer|
|int_acc_m_194_o         |  out|   32|     ap_ovld|                               int_acc_m_194|       pointer|
|int_acc_m_194_o_ap_vld  |  out|    1|     ap_ovld|                               int_acc_m_194|       pointer|
|int_acc_m_193_i         |   in|   32|     ap_ovld|                               int_acc_m_193|       pointer|
|int_acc_m_193_o         |  out|   32|     ap_ovld|                               int_acc_m_193|       pointer|
|int_acc_m_193_o_ap_vld  |  out|    1|     ap_ovld|                               int_acc_m_193|       pointer|
|int_acc_m_192_i         |   in|   32|     ap_ovld|                               int_acc_m_192|       pointer|
|int_acc_m_192_o         |  out|   32|     ap_ovld|                               int_acc_m_192|       pointer|
|int_acc_m_192_o_ap_vld  |  out|    1|     ap_ovld|                               int_acc_m_192|       pointer|
|int_acc_m_190_i         |   in|   32|     ap_ovld|                               int_acc_m_190|       pointer|
|int_acc_m_190_o         |  out|   32|     ap_ovld|                               int_acc_m_190|       pointer|
|int_acc_m_190_o_ap_vld  |  out|    1|     ap_ovld|                               int_acc_m_190|       pointer|
|int_acc_m_189_i         |   in|   32|     ap_ovld|                               int_acc_m_189|       pointer|
|int_acc_m_189_o         |  out|   32|     ap_ovld|                               int_acc_m_189|       pointer|
|int_acc_m_189_o_ap_vld  |  out|    1|     ap_ovld|                               int_acc_m_189|       pointer|
|int_acc_m_188_i         |   in|   32|     ap_ovld|                               int_acc_m_188|       pointer|
|int_acc_m_188_o         |  out|   32|     ap_ovld|                               int_acc_m_188|       pointer|
|int_acc_m_188_o_ap_vld  |  out|    1|     ap_ovld|                               int_acc_m_188|       pointer|
|int_acc_m_187_i         |   in|   32|     ap_ovld|                               int_acc_m_187|       pointer|
|int_acc_m_187_o         |  out|   32|     ap_ovld|                               int_acc_m_187|       pointer|
|int_acc_m_187_o_ap_vld  |  out|    1|     ap_ovld|                               int_acc_m_187|       pointer|
|int_acc_m_186_i         |   in|   32|     ap_ovld|                               int_acc_m_186|       pointer|
|int_acc_m_186_o         |  out|   32|     ap_ovld|                               int_acc_m_186|       pointer|
|int_acc_m_186_o_ap_vld  |  out|    1|     ap_ovld|                               int_acc_m_186|       pointer|
|int_acc_m_185_i         |   in|   32|     ap_ovld|                               int_acc_m_185|       pointer|
|int_acc_m_185_o         |  out|   32|     ap_ovld|                               int_acc_m_185|       pointer|
|int_acc_m_185_o_ap_vld  |  out|    1|     ap_ovld|                               int_acc_m_185|       pointer|
|int_acc_m_184_i         |   in|   32|     ap_ovld|                               int_acc_m_184|       pointer|
|int_acc_m_184_o         |  out|   32|     ap_ovld|                               int_acc_m_184|       pointer|
|int_acc_m_184_o_ap_vld  |  out|    1|     ap_ovld|                               int_acc_m_184|       pointer|
|int_acc_m_182_i         |   in|   32|     ap_ovld|                               int_acc_m_182|       pointer|
|int_acc_m_182_o         |  out|   32|     ap_ovld|                               int_acc_m_182|       pointer|
|int_acc_m_182_o_ap_vld  |  out|    1|     ap_ovld|                               int_acc_m_182|       pointer|
|int_acc_m_181_i         |   in|   32|     ap_ovld|                               int_acc_m_181|       pointer|
|int_acc_m_181_o         |  out|   32|     ap_ovld|                               int_acc_m_181|       pointer|
|int_acc_m_181_o_ap_vld  |  out|    1|     ap_ovld|                               int_acc_m_181|       pointer|
|int_acc_m_180_i         |   in|   32|     ap_ovld|                               int_acc_m_180|       pointer|
|int_acc_m_180_o         |  out|   32|     ap_ovld|                               int_acc_m_180|       pointer|
|int_acc_m_180_o_ap_vld  |  out|    1|     ap_ovld|                               int_acc_m_180|       pointer|
|int_acc_m_179_i         |   in|   32|     ap_ovld|                               int_acc_m_179|       pointer|
|int_acc_m_179_o         |  out|   32|     ap_ovld|                               int_acc_m_179|       pointer|
|int_acc_m_179_o_ap_vld  |  out|    1|     ap_ovld|                               int_acc_m_179|       pointer|
|int_acc_m_178_i         |   in|   32|     ap_ovld|                               int_acc_m_178|       pointer|
|int_acc_m_178_o         |  out|   32|     ap_ovld|                               int_acc_m_178|       pointer|
|int_acc_m_178_o_ap_vld  |  out|    1|     ap_ovld|                               int_acc_m_178|       pointer|
|int_acc_m_177_i         |   in|   32|     ap_ovld|                               int_acc_m_177|       pointer|
|int_acc_m_177_o         |  out|   32|     ap_ovld|                               int_acc_m_177|       pointer|
|int_acc_m_177_o_ap_vld  |  out|    1|     ap_ovld|                               int_acc_m_177|       pointer|
|int_acc_m_176_i         |   in|   32|     ap_ovld|                               int_acc_m_176|       pointer|
|int_acc_m_176_o         |  out|   32|     ap_ovld|                               int_acc_m_176|       pointer|
|int_acc_m_176_o_ap_vld  |  out|    1|     ap_ovld|                               int_acc_m_176|       pointer|
|int_acc_m_174_i         |   in|   32|     ap_ovld|                               int_acc_m_174|       pointer|
|int_acc_m_174_o         |  out|   32|     ap_ovld|                               int_acc_m_174|       pointer|
|int_acc_m_174_o_ap_vld  |  out|    1|     ap_ovld|                               int_acc_m_174|       pointer|
|int_acc_m_173_i         |   in|   32|     ap_ovld|                               int_acc_m_173|       pointer|
|int_acc_m_173_o         |  out|   32|     ap_ovld|                               int_acc_m_173|       pointer|
|int_acc_m_173_o_ap_vld  |  out|    1|     ap_ovld|                               int_acc_m_173|       pointer|
|int_acc_m_172_i         |   in|   32|     ap_ovld|                               int_acc_m_172|       pointer|
|int_acc_m_172_o         |  out|   32|     ap_ovld|                               int_acc_m_172|       pointer|
|int_acc_m_172_o_ap_vld  |  out|    1|     ap_ovld|                               int_acc_m_172|       pointer|
|int_acc_m_171_i         |   in|   32|     ap_ovld|                               int_acc_m_171|       pointer|
|int_acc_m_171_o         |  out|   32|     ap_ovld|                               int_acc_m_171|       pointer|
|int_acc_m_171_o_ap_vld  |  out|    1|     ap_ovld|                               int_acc_m_171|       pointer|
|int_acc_m_170_i         |   in|   32|     ap_ovld|                               int_acc_m_170|       pointer|
|int_acc_m_170_o         |  out|   32|     ap_ovld|                               int_acc_m_170|       pointer|
|int_acc_m_170_o_ap_vld  |  out|    1|     ap_ovld|                               int_acc_m_170|       pointer|
|int_acc_m_169_i         |   in|   32|     ap_ovld|                               int_acc_m_169|       pointer|
|int_acc_m_169_o         |  out|   32|     ap_ovld|                               int_acc_m_169|       pointer|
|int_acc_m_169_o_ap_vld  |  out|    1|     ap_ovld|                               int_acc_m_169|       pointer|
|int_acc_m_168_i         |   in|   32|     ap_ovld|                               int_acc_m_168|       pointer|
|int_acc_m_168_o         |  out|   32|     ap_ovld|                               int_acc_m_168|       pointer|
|int_acc_m_168_o_ap_vld  |  out|    1|     ap_ovld|                               int_acc_m_168|       pointer|
|int_acc_m_166_i         |   in|   32|     ap_ovld|                               int_acc_m_166|       pointer|
|int_acc_m_166_o         |  out|   32|     ap_ovld|                               int_acc_m_166|       pointer|
|int_acc_m_166_o_ap_vld  |  out|    1|     ap_ovld|                               int_acc_m_166|       pointer|
|int_acc_m_165_i         |   in|   32|     ap_ovld|                               int_acc_m_165|       pointer|
|int_acc_m_165_o         |  out|   32|     ap_ovld|                               int_acc_m_165|       pointer|
|int_acc_m_165_o_ap_vld  |  out|    1|     ap_ovld|                               int_acc_m_165|       pointer|
|int_acc_m_164_i         |   in|   32|     ap_ovld|                               int_acc_m_164|       pointer|
|int_acc_m_164_o         |  out|   32|     ap_ovld|                               int_acc_m_164|       pointer|
|int_acc_m_164_o_ap_vld  |  out|    1|     ap_ovld|                               int_acc_m_164|       pointer|
|int_acc_m_163_i         |   in|   32|     ap_ovld|                               int_acc_m_163|       pointer|
|int_acc_m_163_o         |  out|   32|     ap_ovld|                               int_acc_m_163|       pointer|
|int_acc_m_163_o_ap_vld  |  out|    1|     ap_ovld|                               int_acc_m_163|       pointer|
|int_acc_m_162_i         |   in|   32|     ap_ovld|                               int_acc_m_162|       pointer|
|int_acc_m_162_o         |  out|   32|     ap_ovld|                               int_acc_m_162|       pointer|
|int_acc_m_162_o_ap_vld  |  out|    1|     ap_ovld|                               int_acc_m_162|       pointer|
|int_acc_m_161_i         |   in|   32|     ap_ovld|                               int_acc_m_161|       pointer|
|int_acc_m_161_o         |  out|   32|     ap_ovld|                               int_acc_m_161|       pointer|
|int_acc_m_161_o_ap_vld  |  out|    1|     ap_ovld|                               int_acc_m_161|       pointer|
|int_acc_m_160_i         |   in|   32|     ap_ovld|                               int_acc_m_160|       pointer|
|int_acc_m_160_o         |  out|   32|     ap_ovld|                               int_acc_m_160|       pointer|
|int_acc_m_160_o_ap_vld  |  out|    1|     ap_ovld|                               int_acc_m_160|       pointer|
|int_acc_m_158_i         |   in|   32|     ap_ovld|                               int_acc_m_158|       pointer|
|int_acc_m_158_o         |  out|   32|     ap_ovld|                               int_acc_m_158|       pointer|
|int_acc_m_158_o_ap_vld  |  out|    1|     ap_ovld|                               int_acc_m_158|       pointer|
|int_acc_m_157_i         |   in|   32|     ap_ovld|                               int_acc_m_157|       pointer|
|int_acc_m_157_o         |  out|   32|     ap_ovld|                               int_acc_m_157|       pointer|
|int_acc_m_157_o_ap_vld  |  out|    1|     ap_ovld|                               int_acc_m_157|       pointer|
|int_acc_m_156_i         |   in|   32|     ap_ovld|                               int_acc_m_156|       pointer|
|int_acc_m_156_o         |  out|   32|     ap_ovld|                               int_acc_m_156|       pointer|
|int_acc_m_156_o_ap_vld  |  out|    1|     ap_ovld|                               int_acc_m_156|       pointer|
|int_acc_m_155_i         |   in|   32|     ap_ovld|                               int_acc_m_155|       pointer|
|int_acc_m_155_o         |  out|   32|     ap_ovld|                               int_acc_m_155|       pointer|
|int_acc_m_155_o_ap_vld  |  out|    1|     ap_ovld|                               int_acc_m_155|       pointer|
|int_acc_m_154_i         |   in|   32|     ap_ovld|                               int_acc_m_154|       pointer|
|int_acc_m_154_o         |  out|   32|     ap_ovld|                               int_acc_m_154|       pointer|
|int_acc_m_154_o_ap_vld  |  out|    1|     ap_ovld|                               int_acc_m_154|       pointer|
|int_acc_m_153_i         |   in|   32|     ap_ovld|                               int_acc_m_153|       pointer|
|int_acc_m_153_o         |  out|   32|     ap_ovld|                               int_acc_m_153|       pointer|
|int_acc_m_153_o_ap_vld  |  out|    1|     ap_ovld|                               int_acc_m_153|       pointer|
|int_acc_m_152_i         |   in|   32|     ap_ovld|                               int_acc_m_152|       pointer|
|int_acc_m_152_o         |  out|   32|     ap_ovld|                               int_acc_m_152|       pointer|
|int_acc_m_152_o_ap_vld  |  out|    1|     ap_ovld|                               int_acc_m_152|       pointer|
|int_acc_m_150_i         |   in|   32|     ap_ovld|                               int_acc_m_150|       pointer|
|int_acc_m_150_o         |  out|   32|     ap_ovld|                               int_acc_m_150|       pointer|
|int_acc_m_150_o_ap_vld  |  out|    1|     ap_ovld|                               int_acc_m_150|       pointer|
|int_acc_m_149_i         |   in|   32|     ap_ovld|                               int_acc_m_149|       pointer|
|int_acc_m_149_o         |  out|   32|     ap_ovld|                               int_acc_m_149|       pointer|
|int_acc_m_149_o_ap_vld  |  out|    1|     ap_ovld|                               int_acc_m_149|       pointer|
|int_acc_m_148_i         |   in|   32|     ap_ovld|                               int_acc_m_148|       pointer|
|int_acc_m_148_o         |  out|   32|     ap_ovld|                               int_acc_m_148|       pointer|
|int_acc_m_148_o_ap_vld  |  out|    1|     ap_ovld|                               int_acc_m_148|       pointer|
|int_acc_m_147_i         |   in|   32|     ap_ovld|                               int_acc_m_147|       pointer|
|int_acc_m_147_o         |  out|   32|     ap_ovld|                               int_acc_m_147|       pointer|
|int_acc_m_147_o_ap_vld  |  out|    1|     ap_ovld|                               int_acc_m_147|       pointer|
|int_acc_m_146_i         |   in|   32|     ap_ovld|                               int_acc_m_146|       pointer|
|int_acc_m_146_o         |  out|   32|     ap_ovld|                               int_acc_m_146|       pointer|
|int_acc_m_146_o_ap_vld  |  out|    1|     ap_ovld|                               int_acc_m_146|       pointer|
|int_acc_m_145_i         |   in|   32|     ap_ovld|                               int_acc_m_145|       pointer|
|int_acc_m_145_o         |  out|   32|     ap_ovld|                               int_acc_m_145|       pointer|
|int_acc_m_145_o_ap_vld  |  out|    1|     ap_ovld|                               int_acc_m_145|       pointer|
|int_acc_m_144_i         |   in|   32|     ap_ovld|                               int_acc_m_144|       pointer|
|int_acc_m_144_o         |  out|   32|     ap_ovld|                               int_acc_m_144|       pointer|
|int_acc_m_144_o_ap_vld  |  out|    1|     ap_ovld|                               int_acc_m_144|       pointer|
|int_acc_m_142_i         |   in|   32|     ap_ovld|                               int_acc_m_142|       pointer|
|int_acc_m_142_o         |  out|   32|     ap_ovld|                               int_acc_m_142|       pointer|
|int_acc_m_142_o_ap_vld  |  out|    1|     ap_ovld|                               int_acc_m_142|       pointer|
|int_acc_m_141_i         |   in|   32|     ap_ovld|                               int_acc_m_141|       pointer|
|int_acc_m_141_o         |  out|   32|     ap_ovld|                               int_acc_m_141|       pointer|
|int_acc_m_141_o_ap_vld  |  out|    1|     ap_ovld|                               int_acc_m_141|       pointer|
|int_acc_m_140_i         |   in|   32|     ap_ovld|                               int_acc_m_140|       pointer|
|int_acc_m_140_o         |  out|   32|     ap_ovld|                               int_acc_m_140|       pointer|
|int_acc_m_140_o_ap_vld  |  out|    1|     ap_ovld|                               int_acc_m_140|       pointer|
|int_acc_m_139_i         |   in|   32|     ap_ovld|                               int_acc_m_139|       pointer|
|int_acc_m_139_o         |  out|   32|     ap_ovld|                               int_acc_m_139|       pointer|
|int_acc_m_139_o_ap_vld  |  out|    1|     ap_ovld|                               int_acc_m_139|       pointer|
|int_acc_m_138_i         |   in|   32|     ap_ovld|                               int_acc_m_138|       pointer|
|int_acc_m_138_o         |  out|   32|     ap_ovld|                               int_acc_m_138|       pointer|
|int_acc_m_138_o_ap_vld  |  out|    1|     ap_ovld|                               int_acc_m_138|       pointer|
|int_acc_m_137_i         |   in|   32|     ap_ovld|                               int_acc_m_137|       pointer|
|int_acc_m_137_o         |  out|   32|     ap_ovld|                               int_acc_m_137|       pointer|
|int_acc_m_137_o_ap_vld  |  out|    1|     ap_ovld|                               int_acc_m_137|       pointer|
|int_acc_m_136_i         |   in|   32|     ap_ovld|                               int_acc_m_136|       pointer|
|int_acc_m_136_o         |  out|   32|     ap_ovld|                               int_acc_m_136|       pointer|
|int_acc_m_136_o_ap_vld  |  out|    1|     ap_ovld|                               int_acc_m_136|       pointer|
|int_acc_w_198_i         |   in|   32|     ap_ovld|                               int_acc_w_198|       pointer|
|int_acc_w_198_o         |  out|   32|     ap_ovld|                               int_acc_w_198|       pointer|
|int_acc_w_198_o_ap_vld  |  out|    1|     ap_ovld|                               int_acc_w_198|       pointer|
|int_acc_w_197_i         |   in|   32|     ap_ovld|                               int_acc_w_197|       pointer|
|int_acc_w_197_o         |  out|   32|     ap_ovld|                               int_acc_w_197|       pointer|
|int_acc_w_197_o_ap_vld  |  out|    1|     ap_ovld|                               int_acc_w_197|       pointer|
|int_acc_w_196_i         |   in|   32|     ap_ovld|                               int_acc_w_196|       pointer|
|int_acc_w_196_o         |  out|   32|     ap_ovld|                               int_acc_w_196|       pointer|
|int_acc_w_196_o_ap_vld  |  out|    1|     ap_ovld|                               int_acc_w_196|       pointer|
|int_acc_w_195_i         |   in|   32|     ap_ovld|                               int_acc_w_195|       pointer|
|int_acc_w_195_o         |  out|   32|     ap_ovld|                               int_acc_w_195|       pointer|
|int_acc_w_195_o_ap_vld  |  out|    1|     ap_ovld|                               int_acc_w_195|       pointer|
|int_acc_w_194_i         |   in|   32|     ap_ovld|                               int_acc_w_194|       pointer|
|int_acc_w_194_o         |  out|   32|     ap_ovld|                               int_acc_w_194|       pointer|
|int_acc_w_194_o_ap_vld  |  out|    1|     ap_ovld|                               int_acc_w_194|       pointer|
|int_acc_w_193_i         |   in|   32|     ap_ovld|                               int_acc_w_193|       pointer|
|int_acc_w_193_o         |  out|   32|     ap_ovld|                               int_acc_w_193|       pointer|
|int_acc_w_193_o_ap_vld  |  out|    1|     ap_ovld|                               int_acc_w_193|       pointer|
|int_acc_w_192_i         |   in|   32|     ap_ovld|                               int_acc_w_192|       pointer|
|int_acc_w_192_o         |  out|   32|     ap_ovld|                               int_acc_w_192|       pointer|
|int_acc_w_192_o_ap_vld  |  out|    1|     ap_ovld|                               int_acc_w_192|       pointer|
|int_acc_w_190_i         |   in|   32|     ap_ovld|                               int_acc_w_190|       pointer|
|int_acc_w_190_o         |  out|   32|     ap_ovld|                               int_acc_w_190|       pointer|
|int_acc_w_190_o_ap_vld  |  out|    1|     ap_ovld|                               int_acc_w_190|       pointer|
|int_acc_w_189_i         |   in|   32|     ap_ovld|                               int_acc_w_189|       pointer|
|int_acc_w_189_o         |  out|   32|     ap_ovld|                               int_acc_w_189|       pointer|
|int_acc_w_189_o_ap_vld  |  out|    1|     ap_ovld|                               int_acc_w_189|       pointer|
|int_acc_w_188_i         |   in|   32|     ap_ovld|                               int_acc_w_188|       pointer|
|int_acc_w_188_o         |  out|   32|     ap_ovld|                               int_acc_w_188|       pointer|
|int_acc_w_188_o_ap_vld  |  out|    1|     ap_ovld|                               int_acc_w_188|       pointer|
|int_acc_w_187_i         |   in|   32|     ap_ovld|                               int_acc_w_187|       pointer|
|int_acc_w_187_o         |  out|   32|     ap_ovld|                               int_acc_w_187|       pointer|
|int_acc_w_187_o_ap_vld  |  out|    1|     ap_ovld|                               int_acc_w_187|       pointer|
|int_acc_w_186_i         |   in|   32|     ap_ovld|                               int_acc_w_186|       pointer|
|int_acc_w_186_o         |  out|   32|     ap_ovld|                               int_acc_w_186|       pointer|
|int_acc_w_186_o_ap_vld  |  out|    1|     ap_ovld|                               int_acc_w_186|       pointer|
|int_acc_w_185_i         |   in|   32|     ap_ovld|                               int_acc_w_185|       pointer|
|int_acc_w_185_o         |  out|   32|     ap_ovld|                               int_acc_w_185|       pointer|
|int_acc_w_185_o_ap_vld  |  out|    1|     ap_ovld|                               int_acc_w_185|       pointer|
|int_acc_w_184_i         |   in|   32|     ap_ovld|                               int_acc_w_184|       pointer|
|int_acc_w_184_o         |  out|   32|     ap_ovld|                               int_acc_w_184|       pointer|
|int_acc_w_184_o_ap_vld  |  out|    1|     ap_ovld|                               int_acc_w_184|       pointer|
|int_acc_w_182_i         |   in|   32|     ap_ovld|                               int_acc_w_182|       pointer|
|int_acc_w_182_o         |  out|   32|     ap_ovld|                               int_acc_w_182|       pointer|
|int_acc_w_182_o_ap_vld  |  out|    1|     ap_ovld|                               int_acc_w_182|       pointer|
|int_acc_w_181_i         |   in|   32|     ap_ovld|                               int_acc_w_181|       pointer|
|int_acc_w_181_o         |  out|   32|     ap_ovld|                               int_acc_w_181|       pointer|
|int_acc_w_181_o_ap_vld  |  out|    1|     ap_ovld|                               int_acc_w_181|       pointer|
|int_acc_w_180_i         |   in|   32|     ap_ovld|                               int_acc_w_180|       pointer|
|int_acc_w_180_o         |  out|   32|     ap_ovld|                               int_acc_w_180|       pointer|
|int_acc_w_180_o_ap_vld  |  out|    1|     ap_ovld|                               int_acc_w_180|       pointer|
|int_acc_w_179_i         |   in|   32|     ap_ovld|                               int_acc_w_179|       pointer|
|int_acc_w_179_o         |  out|   32|     ap_ovld|                               int_acc_w_179|       pointer|
|int_acc_w_179_o_ap_vld  |  out|    1|     ap_ovld|                               int_acc_w_179|       pointer|
|int_acc_w_178_i         |   in|   32|     ap_ovld|                               int_acc_w_178|       pointer|
|int_acc_w_178_o         |  out|   32|     ap_ovld|                               int_acc_w_178|       pointer|
|int_acc_w_178_o_ap_vld  |  out|    1|     ap_ovld|                               int_acc_w_178|       pointer|
|int_acc_w_177_i         |   in|   32|     ap_ovld|                               int_acc_w_177|       pointer|
|int_acc_w_177_o         |  out|   32|     ap_ovld|                               int_acc_w_177|       pointer|
|int_acc_w_177_o_ap_vld  |  out|    1|     ap_ovld|                               int_acc_w_177|       pointer|
|int_acc_w_176_i         |   in|   32|     ap_ovld|                               int_acc_w_176|       pointer|
|int_acc_w_176_o         |  out|   32|     ap_ovld|                               int_acc_w_176|       pointer|
|int_acc_w_176_o_ap_vld  |  out|    1|     ap_ovld|                               int_acc_w_176|       pointer|
|int_acc_w_174_i         |   in|   32|     ap_ovld|                               int_acc_w_174|       pointer|
|int_acc_w_174_o         |  out|   32|     ap_ovld|                               int_acc_w_174|       pointer|
|int_acc_w_174_o_ap_vld  |  out|    1|     ap_ovld|                               int_acc_w_174|       pointer|
|int_acc_w_173_i         |   in|   32|     ap_ovld|                               int_acc_w_173|       pointer|
|int_acc_w_173_o         |  out|   32|     ap_ovld|                               int_acc_w_173|       pointer|
|int_acc_w_173_o_ap_vld  |  out|    1|     ap_ovld|                               int_acc_w_173|       pointer|
|int_acc_w_172_i         |   in|   32|     ap_ovld|                               int_acc_w_172|       pointer|
|int_acc_w_172_o         |  out|   32|     ap_ovld|                               int_acc_w_172|       pointer|
|int_acc_w_172_o_ap_vld  |  out|    1|     ap_ovld|                               int_acc_w_172|       pointer|
|int_acc_w_171_i         |   in|   32|     ap_ovld|                               int_acc_w_171|       pointer|
|int_acc_w_171_o         |  out|   32|     ap_ovld|                               int_acc_w_171|       pointer|
|int_acc_w_171_o_ap_vld  |  out|    1|     ap_ovld|                               int_acc_w_171|       pointer|
|int_acc_w_170_i         |   in|   32|     ap_ovld|                               int_acc_w_170|       pointer|
|int_acc_w_170_o         |  out|   32|     ap_ovld|                               int_acc_w_170|       pointer|
|int_acc_w_170_o_ap_vld  |  out|    1|     ap_ovld|                               int_acc_w_170|       pointer|
|int_acc_w_169_i         |   in|   32|     ap_ovld|                               int_acc_w_169|       pointer|
|int_acc_w_169_o         |  out|   32|     ap_ovld|                               int_acc_w_169|       pointer|
|int_acc_w_169_o_ap_vld  |  out|    1|     ap_ovld|                               int_acc_w_169|       pointer|
|int_acc_w_168_i         |   in|   32|     ap_ovld|                               int_acc_w_168|       pointer|
|int_acc_w_168_o         |  out|   32|     ap_ovld|                               int_acc_w_168|       pointer|
|int_acc_w_168_o_ap_vld  |  out|    1|     ap_ovld|                               int_acc_w_168|       pointer|
|int_acc_w_166_i         |   in|   32|     ap_ovld|                               int_acc_w_166|       pointer|
|int_acc_w_166_o         |  out|   32|     ap_ovld|                               int_acc_w_166|       pointer|
|int_acc_w_166_o_ap_vld  |  out|    1|     ap_ovld|                               int_acc_w_166|       pointer|
|int_acc_w_165_i         |   in|   32|     ap_ovld|                               int_acc_w_165|       pointer|
|int_acc_w_165_o         |  out|   32|     ap_ovld|                               int_acc_w_165|       pointer|
|int_acc_w_165_o_ap_vld  |  out|    1|     ap_ovld|                               int_acc_w_165|       pointer|
|int_acc_w_164_i         |   in|   32|     ap_ovld|                               int_acc_w_164|       pointer|
|int_acc_w_164_o         |  out|   32|     ap_ovld|                               int_acc_w_164|       pointer|
|int_acc_w_164_o_ap_vld  |  out|    1|     ap_ovld|                               int_acc_w_164|       pointer|
|int_acc_w_163_i         |   in|   32|     ap_ovld|                               int_acc_w_163|       pointer|
|int_acc_w_163_o         |  out|   32|     ap_ovld|                               int_acc_w_163|       pointer|
|int_acc_w_163_o_ap_vld  |  out|    1|     ap_ovld|                               int_acc_w_163|       pointer|
|int_acc_w_162_i         |   in|   32|     ap_ovld|                               int_acc_w_162|       pointer|
|int_acc_w_162_o         |  out|   32|     ap_ovld|                               int_acc_w_162|       pointer|
|int_acc_w_162_o_ap_vld  |  out|    1|     ap_ovld|                               int_acc_w_162|       pointer|
|int_acc_w_161_i         |   in|   32|     ap_ovld|                               int_acc_w_161|       pointer|
|int_acc_w_161_o         |  out|   32|     ap_ovld|                               int_acc_w_161|       pointer|
|int_acc_w_161_o_ap_vld  |  out|    1|     ap_ovld|                               int_acc_w_161|       pointer|
|int_acc_w_160_i         |   in|   32|     ap_ovld|                               int_acc_w_160|       pointer|
|int_acc_w_160_o         |  out|   32|     ap_ovld|                               int_acc_w_160|       pointer|
|int_acc_w_160_o_ap_vld  |  out|    1|     ap_ovld|                               int_acc_w_160|       pointer|
|int_acc_w_158_i         |   in|   32|     ap_ovld|                               int_acc_w_158|       pointer|
|int_acc_w_158_o         |  out|   32|     ap_ovld|                               int_acc_w_158|       pointer|
|int_acc_w_158_o_ap_vld  |  out|    1|     ap_ovld|                               int_acc_w_158|       pointer|
|int_acc_w_157_i         |   in|   32|     ap_ovld|                               int_acc_w_157|       pointer|
|int_acc_w_157_o         |  out|   32|     ap_ovld|                               int_acc_w_157|       pointer|
|int_acc_w_157_o_ap_vld  |  out|    1|     ap_ovld|                               int_acc_w_157|       pointer|
|int_acc_w_156_i         |   in|   32|     ap_ovld|                               int_acc_w_156|       pointer|
|int_acc_w_156_o         |  out|   32|     ap_ovld|                               int_acc_w_156|       pointer|
|int_acc_w_156_o_ap_vld  |  out|    1|     ap_ovld|                               int_acc_w_156|       pointer|
|int_acc_w_155_i         |   in|   32|     ap_ovld|                               int_acc_w_155|       pointer|
|int_acc_w_155_o         |  out|   32|     ap_ovld|                               int_acc_w_155|       pointer|
|int_acc_w_155_o_ap_vld  |  out|    1|     ap_ovld|                               int_acc_w_155|       pointer|
|int_acc_w_154_i         |   in|   32|     ap_ovld|                               int_acc_w_154|       pointer|
|int_acc_w_154_o         |  out|   32|     ap_ovld|                               int_acc_w_154|       pointer|
|int_acc_w_154_o_ap_vld  |  out|    1|     ap_ovld|                               int_acc_w_154|       pointer|
|int_acc_w_153_i         |   in|   32|     ap_ovld|                               int_acc_w_153|       pointer|
|int_acc_w_153_o         |  out|   32|     ap_ovld|                               int_acc_w_153|       pointer|
|int_acc_w_153_o_ap_vld  |  out|    1|     ap_ovld|                               int_acc_w_153|       pointer|
|int_acc_w_152_i         |   in|   32|     ap_ovld|                               int_acc_w_152|       pointer|
|int_acc_w_152_o         |  out|   32|     ap_ovld|                               int_acc_w_152|       pointer|
|int_acc_w_152_o_ap_vld  |  out|    1|     ap_ovld|                               int_acc_w_152|       pointer|
|int_acc_w_150_i         |   in|   32|     ap_ovld|                               int_acc_w_150|       pointer|
|int_acc_w_150_o         |  out|   32|     ap_ovld|                               int_acc_w_150|       pointer|
|int_acc_w_150_o_ap_vld  |  out|    1|     ap_ovld|                               int_acc_w_150|       pointer|
|int_acc_w_149_i         |   in|   32|     ap_ovld|                               int_acc_w_149|       pointer|
|int_acc_w_149_o         |  out|   32|     ap_ovld|                               int_acc_w_149|       pointer|
|int_acc_w_149_o_ap_vld  |  out|    1|     ap_ovld|                               int_acc_w_149|       pointer|
|int_acc_w_148_i         |   in|   32|     ap_ovld|                               int_acc_w_148|       pointer|
|int_acc_w_148_o         |  out|   32|     ap_ovld|                               int_acc_w_148|       pointer|
|int_acc_w_148_o_ap_vld  |  out|    1|     ap_ovld|                               int_acc_w_148|       pointer|
|int_acc_w_147_i         |   in|   32|     ap_ovld|                               int_acc_w_147|       pointer|
|int_acc_w_147_o         |  out|   32|     ap_ovld|                               int_acc_w_147|       pointer|
|int_acc_w_147_o_ap_vld  |  out|    1|     ap_ovld|                               int_acc_w_147|       pointer|
|int_acc_w_146_i         |   in|   32|     ap_ovld|                               int_acc_w_146|       pointer|
|int_acc_w_146_o         |  out|   32|     ap_ovld|                               int_acc_w_146|       pointer|
|int_acc_w_146_o_ap_vld  |  out|    1|     ap_ovld|                               int_acc_w_146|       pointer|
|int_acc_w_145_i         |   in|   32|     ap_ovld|                               int_acc_w_145|       pointer|
|int_acc_w_145_o         |  out|   32|     ap_ovld|                               int_acc_w_145|       pointer|
|int_acc_w_145_o_ap_vld  |  out|    1|     ap_ovld|                               int_acc_w_145|       pointer|
|int_acc_w_144_i         |   in|   32|     ap_ovld|                               int_acc_w_144|       pointer|
|int_acc_w_144_o         |  out|   32|     ap_ovld|                               int_acc_w_144|       pointer|
|int_acc_w_144_o_ap_vld  |  out|    1|     ap_ovld|                               int_acc_w_144|       pointer|
|int_acc_w_142_i         |   in|   32|     ap_ovld|                               int_acc_w_142|       pointer|
|int_acc_w_142_o         |  out|   32|     ap_ovld|                               int_acc_w_142|       pointer|
|int_acc_w_142_o_ap_vld  |  out|    1|     ap_ovld|                               int_acc_w_142|       pointer|
|int_acc_w_141_i         |   in|   32|     ap_ovld|                               int_acc_w_141|       pointer|
|int_acc_w_141_o         |  out|   32|     ap_ovld|                               int_acc_w_141|       pointer|
|int_acc_w_141_o_ap_vld  |  out|    1|     ap_ovld|                               int_acc_w_141|       pointer|
|int_acc_w_140_i         |   in|   32|     ap_ovld|                               int_acc_w_140|       pointer|
|int_acc_w_140_o         |  out|   32|     ap_ovld|                               int_acc_w_140|       pointer|
|int_acc_w_140_o_ap_vld  |  out|    1|     ap_ovld|                               int_acc_w_140|       pointer|
|int_acc_w_139_i         |   in|   32|     ap_ovld|                               int_acc_w_139|       pointer|
|int_acc_w_139_o         |  out|   32|     ap_ovld|                               int_acc_w_139|       pointer|
|int_acc_w_139_o_ap_vld  |  out|    1|     ap_ovld|                               int_acc_w_139|       pointer|
|int_acc_w_138_i         |   in|   32|     ap_ovld|                               int_acc_w_138|       pointer|
|int_acc_w_138_o         |  out|   32|     ap_ovld|                               int_acc_w_138|       pointer|
|int_acc_w_138_o_ap_vld  |  out|    1|     ap_ovld|                               int_acc_w_138|       pointer|
|int_acc_w_137_i         |   in|   32|     ap_ovld|                               int_acc_w_137|       pointer|
|int_acc_w_137_o         |  out|   32|     ap_ovld|                               int_acc_w_137|       pointer|
|int_acc_w_137_o_ap_vld  |  out|    1|     ap_ovld|                               int_acc_w_137|       pointer|
|int_acc_w_136_i         |   in|   32|     ap_ovld|                               int_acc_w_136|       pointer|
|int_acc_w_136_o         |  out|   32|     ap_ovld|                               int_acc_w_136|       pointer|
|int_acc_w_136_o_ap_vld  |  out|    1|     ap_ovld|                               int_acc_w_136|       pointer|
|gate_8_address0         |  out|    8|   ap_memory|                                      gate_8|         array|
|gate_8_ce0              |  out|    1|   ap_memory|                                      gate_8|         array|
|gate_8_q0               |   in|    8|   ap_memory|                                      gate_8|         array|
|rb_8_address0           |  out|    4|   ap_memory|                                        rb_8|         array|
|rb_8_ce0                |  out|    1|   ap_memory|                                        rb_8|         array|
|rb_8_q0                 |   in|  128|   ap_memory|                                        rb_8|         array|
|sc6_199_reload          |   in|    8|     ap_none|                              sc6_199_reload|        scalar|
|sc6_200_reload          |   in|    8|     ap_none|                              sc6_200_reload|        scalar|
|sc6_201_reload          |   in|    8|     ap_none|                              sc6_201_reload|        scalar|
|sc6_202_reload          |   in|    8|     ap_none|                              sc6_202_reload|        scalar|
|sc6_203_reload          |   in|    8|     ap_none|                              sc6_203_reload|        scalar|
|sc6_204_reload          |   in|    8|     ap_none|                              sc6_204_reload|        scalar|
|sc6_205_reload          |   in|    8|     ap_none|                              sc6_205_reload|        scalar|
|sc6_206_reload          |   in|    8|     ap_none|                              sc6_206_reload|        scalar|
|gate_9_address0         |  out|    8|   ap_memory|                                      gate_9|         array|
|gate_9_ce0              |  out|    1|   ap_memory|                                      gate_9|         array|
|gate_9_q0               |   in|    8|   ap_memory|                                      gate_9|         array|
|rb_9_address0           |  out|    4|   ap_memory|                                        rb_9|         array|
|rb_9_ce0                |  out|    1|   ap_memory|                                        rb_9|         array|
|rb_9_q0                 |   in|  128|   ap_memory|                                        rb_9|         array|
|gate_10_address0        |  out|    8|   ap_memory|                                     gate_10|         array|
|gate_10_ce0             |  out|    1|   ap_memory|                                     gate_10|         array|
|gate_10_q0              |   in|    8|   ap_memory|                                     gate_10|         array|
|rb_10_address0          |  out|    4|   ap_memory|                                       rb_10|         array|
|rb_10_ce0               |  out|    1|   ap_memory|                                       rb_10|         array|
|rb_10_q0                |   in|  128|   ap_memory|                                       rb_10|         array|
|gate_11_address0        |  out|    8|   ap_memory|                                     gate_11|         array|
|gate_11_ce0             |  out|    1|   ap_memory|                                     gate_11|         array|
|gate_11_q0              |   in|    8|   ap_memory|                                     gate_11|         array|
|rb_11_address0          |  out|    4|   ap_memory|                                       rb_11|         array|
|rb_11_ce0               |  out|    1|   ap_memory|                                       rb_11|         array|
|rb_11_q0                |   in|  128|   ap_memory|                                       rb_11|         array|
|gate_12_address0        |  out|    8|   ap_memory|                                     gate_12|         array|
|gate_12_ce0             |  out|    1|   ap_memory|                                     gate_12|         array|
|gate_12_q0              |   in|    8|   ap_memory|                                     gate_12|         array|
|rb_12_address0          |  out|    4|   ap_memory|                                       rb_12|         array|
|rb_12_ce0               |  out|    1|   ap_memory|                                       rb_12|         array|
|rb_12_q0                |   in|  128|   ap_memory|                                       rb_12|         array|
|gate_13_address0        |  out|    8|   ap_memory|                                     gate_13|         array|
|gate_13_ce0             |  out|    1|   ap_memory|                                     gate_13|         array|
|gate_13_q0              |   in|    8|   ap_memory|                                     gate_13|         array|
|rb_13_address0          |  out|    4|   ap_memory|                                       rb_13|         array|
|rb_13_ce0               |  out|    1|   ap_memory|                                       rb_13|         array|
|rb_13_q0                |   in|  128|   ap_memory|                                       rb_13|         array|
|gate_14_address0        |  out|    8|   ap_memory|                                     gate_14|         array|
|gate_14_ce0             |  out|    1|   ap_memory|                                     gate_14|         array|
|gate_14_q0              |   in|    8|   ap_memory|                                     gate_14|         array|
|rb_14_address0          |  out|    4|   ap_memory|                                       rb_14|         array|
|rb_14_ce0               |  out|    1|   ap_memory|                                       rb_14|         array|
|rb_14_q0                |   in|  128|   ap_memory|                                       rb_14|         array|
|gate_15_address0        |  out|    8|   ap_memory|                                     gate_15|         array|
|gate_15_ce0             |  out|    1|   ap_memory|                                     gate_15|         array|
|gate_15_q0              |   in|    8|   ap_memory|                                     gate_15|         array|
|rb_15_address0          |  out|    4|   ap_memory|                                       rb_15|         array|
|rb_15_ce0               |  out|    1|   ap_memory|                                       rb_15|         array|
|rb_15_q0                |   in|  128|   ap_memory|                                       rb_15|         array|
|sc6_207_reload          |   in|    8|     ap_none|                              sc6_207_reload|        scalar|
|sc6_208_reload          |   in|    8|     ap_none|                              sc6_208_reload|        scalar|
|sc6_209_reload          |   in|    8|     ap_none|                              sc6_209_reload|        scalar|
|sc6_210_reload          |   in|    8|     ap_none|                              sc6_210_reload|        scalar|
|sc6_211_reload          |   in|    8|     ap_none|                              sc6_211_reload|        scalar|
|sc6_212_reload          |   in|    8|     ap_none|                              sc6_212_reload|        scalar|
|sc6_213_reload          |   in|    8|     ap_none|                              sc6_213_reload|        scalar|
|sc6_214_reload          |   in|    8|     ap_none|                              sc6_214_reload|        scalar|
|sc6_215_reload          |   in|    8|     ap_none|                              sc6_215_reload|        scalar|
|sc6_216_reload          |   in|    8|     ap_none|                              sc6_216_reload|        scalar|
|sc6_217_reload          |   in|    8|     ap_none|                              sc6_217_reload|        scalar|
|sc6_218_reload          |   in|    8|     ap_none|                              sc6_218_reload|        scalar|
|sc6_219_reload          |   in|    8|     ap_none|                              sc6_219_reload|        scalar|
|sc6_220_reload          |   in|    8|     ap_none|                              sc6_220_reload|        scalar|
|sc6_221_reload          |   in|    8|     ap_none|                              sc6_221_reload|        scalar|
|sc6_222_reload          |   in|    8|     ap_none|                              sc6_222_reload|        scalar|
|sc6_223_reload          |   in|    8|     ap_none|                              sc6_223_reload|        scalar|
|sc6_224_reload          |   in|    8|     ap_none|                              sc6_224_reload|        scalar|
|sc6_225_reload          |   in|    8|     ap_none|                              sc6_225_reload|        scalar|
|sc6_226_reload          |   in|    8|     ap_none|                              sc6_226_reload|        scalar|
|sc6_227_reload          |   in|    8|     ap_none|                              sc6_227_reload|        scalar|
|sc6_228_reload          |   in|    8|     ap_none|                              sc6_228_reload|        scalar|
|sc6_229_reload          |   in|    8|     ap_none|                              sc6_229_reload|        scalar|
|sc6_230_reload          |   in|    8|     ap_none|                              sc6_230_reload|        scalar|
|sc6_231_reload          |   in|    8|     ap_none|                              sc6_231_reload|        scalar|
|sc6_232_reload          |   in|    8|     ap_none|                              sc6_232_reload|        scalar|
|sc6_233_reload          |   in|    8|     ap_none|                              sc6_233_reload|        scalar|
|sc6_234_reload          |   in|    8|     ap_none|                              sc6_234_reload|        scalar|
|sc6_235_reload          |   in|    8|     ap_none|                              sc6_235_reload|        scalar|
|sc6_236_reload          |   in|    8|     ap_none|                              sc6_236_reload|        scalar|
|sc6_237_reload          |   in|    8|     ap_none|                              sc6_237_reload|        scalar|
|sc6_238_reload          |   in|    8|     ap_none|                              sc6_238_reload|        scalar|
|sc6_239_reload          |   in|    8|     ap_none|                              sc6_239_reload|        scalar|
|sc6_240_reload          |   in|    8|     ap_none|                              sc6_240_reload|        scalar|
|sc6_241_reload          |   in|    8|     ap_none|                              sc6_241_reload|        scalar|
|sc6_242_reload          |   in|    8|     ap_none|                              sc6_242_reload|        scalar|
|sc6_243_reload          |   in|    8|     ap_none|                              sc6_243_reload|        scalar|
|sc6_244_reload          |   in|    8|     ap_none|                              sc6_244_reload|        scalar|
|sc6_245_reload          |   in|    8|     ap_none|                              sc6_245_reload|        scalar|
|sc6_246_reload          |   in|    8|     ap_none|                              sc6_246_reload|        scalar|
|sc6_247_reload          |   in|    8|     ap_none|                              sc6_247_reload|        scalar|
|sc6_248_reload          |   in|    8|     ap_none|                              sc6_248_reload|        scalar|
|sc6_249_reload          |   in|    8|     ap_none|                              sc6_249_reload|        scalar|
|sc6_250_reload          |   in|    8|     ap_none|                              sc6_250_reload|        scalar|
|sc6_251_reload          |   in|    8|     ap_none|                              sc6_251_reload|        scalar|
|sc6_252_reload          |   in|    8|     ap_none|                              sc6_252_reload|        scalar|
|sc6_253_reload          |   in|    8|     ap_none|                              sc6_253_reload|        scalar|
|sc6_254_reload          |   in|    8|     ap_none|                              sc6_254_reload|        scalar|
|sc6_255_reload          |   in|    8|     ap_none|                              sc6_255_reload|        scalar|
|sc6_256_reload          |   in|    8|     ap_none|                              sc6_256_reload|        scalar|
|sc6_257_reload          |   in|    8|     ap_none|                              sc6_257_reload|        scalar|
|sc6_258_reload          |   in|    8|     ap_none|                              sc6_258_reload|        scalar|
|sc6_259_reload          |   in|    8|     ap_none|                              sc6_259_reload|        scalar|
|sc6_260_reload          |   in|    8|     ap_none|                              sc6_260_reload|        scalar|
|sc6_261_reload          |   in|    8|     ap_none|                              sc6_261_reload|        scalar|
|sc6_262_reload          |   in|    8|     ap_none|                              sc6_262_reload|        scalar|
|mn6_199_reload          |   in|    8|     ap_none|                              mn6_199_reload|        scalar|
|mn6_200_reload          |   in|    8|     ap_none|                              mn6_200_reload|        scalar|
|mn6_201_reload          |   in|    8|     ap_none|                              mn6_201_reload|        scalar|
|mn6_202_reload          |   in|    8|     ap_none|                              mn6_202_reload|        scalar|
|mn6_203_reload          |   in|    8|     ap_none|                              mn6_203_reload|        scalar|
|mn6_204_reload          |   in|    8|     ap_none|                              mn6_204_reload|        scalar|
|mn6_205_reload          |   in|    8|     ap_none|                              mn6_205_reload|        scalar|
|mn6_206_reload          |   in|    8|     ap_none|                              mn6_206_reload|        scalar|
|mn6_207_reload          |   in|    8|     ap_none|                              mn6_207_reload|        scalar|
|mn6_208_reload          |   in|    8|     ap_none|                              mn6_208_reload|        scalar|
|mn6_209_reload          |   in|    8|     ap_none|                              mn6_209_reload|        scalar|
|mn6_210_reload          |   in|    8|     ap_none|                              mn6_210_reload|        scalar|
|mn6_211_reload          |   in|    8|     ap_none|                              mn6_211_reload|        scalar|
|mn6_212_reload          |   in|    8|     ap_none|                              mn6_212_reload|        scalar|
|mn6_213_reload          |   in|    8|     ap_none|                              mn6_213_reload|        scalar|
|mn6_214_reload          |   in|    8|     ap_none|                              mn6_214_reload|        scalar|
|mn6_215_reload          |   in|    8|     ap_none|                              mn6_215_reload|        scalar|
|mn6_216_reload          |   in|    8|     ap_none|                              mn6_216_reload|        scalar|
|mn6_217_reload          |   in|    8|     ap_none|                              mn6_217_reload|        scalar|
|mn6_218_reload          |   in|    8|     ap_none|                              mn6_218_reload|        scalar|
|mn6_219_reload          |   in|    8|     ap_none|                              mn6_219_reload|        scalar|
|mn6_220_reload          |   in|    8|     ap_none|                              mn6_220_reload|        scalar|
|mn6_221_reload          |   in|    8|     ap_none|                              mn6_221_reload|        scalar|
|mn6_222_reload          |   in|    8|     ap_none|                              mn6_222_reload|        scalar|
|mn6_223_reload          |   in|    8|     ap_none|                              mn6_223_reload|        scalar|
|mn6_224_reload          |   in|    8|     ap_none|                              mn6_224_reload|        scalar|
|mn6_225_reload          |   in|    8|     ap_none|                              mn6_225_reload|        scalar|
|mn6_226_reload          |   in|    8|     ap_none|                              mn6_226_reload|        scalar|
|mn6_227_reload          |   in|    8|     ap_none|                              mn6_227_reload|        scalar|
|mn6_228_reload          |   in|    8|     ap_none|                              mn6_228_reload|        scalar|
|mn6_229_reload          |   in|    8|     ap_none|                              mn6_229_reload|        scalar|
|mn6_230_reload          |   in|    8|     ap_none|                              mn6_230_reload|        scalar|
|mn6_231_reload          |   in|    8|     ap_none|                              mn6_231_reload|        scalar|
|mn6_232_reload          |   in|    8|     ap_none|                              mn6_232_reload|        scalar|
|mn6_233_reload          |   in|    8|     ap_none|                              mn6_233_reload|        scalar|
|mn6_234_reload          |   in|    8|     ap_none|                              mn6_234_reload|        scalar|
|mn6_235_reload          |   in|    8|     ap_none|                              mn6_235_reload|        scalar|
|mn6_236_reload          |   in|    8|     ap_none|                              mn6_236_reload|        scalar|
|mn6_237_reload          |   in|    8|     ap_none|                              mn6_237_reload|        scalar|
|mn6_238_reload          |   in|    8|     ap_none|                              mn6_238_reload|        scalar|
|mn6_239_reload          |   in|    8|     ap_none|                              mn6_239_reload|        scalar|
|mn6_240_reload          |   in|    8|     ap_none|                              mn6_240_reload|        scalar|
|mn6_241_reload          |   in|    8|     ap_none|                              mn6_241_reload|        scalar|
|mn6_242_reload          |   in|    8|     ap_none|                              mn6_242_reload|        scalar|
|mn6_243_reload          |   in|    8|     ap_none|                              mn6_243_reload|        scalar|
|mn6_244_reload          |   in|    8|     ap_none|                              mn6_244_reload|        scalar|
|mn6_245_reload          |   in|    8|     ap_none|                              mn6_245_reload|        scalar|
|mn6_246_reload          |   in|    8|     ap_none|                              mn6_246_reload|        scalar|
|mn6_247_reload          |   in|    8|     ap_none|                              mn6_247_reload|        scalar|
|mn6_248_reload          |   in|    8|     ap_none|                              mn6_248_reload|        scalar|
|mn6_249_reload          |   in|    8|     ap_none|                              mn6_249_reload|        scalar|
|mn6_250_reload          |   in|    8|     ap_none|                              mn6_250_reload|        scalar|
|mn6_251_reload          |   in|    8|     ap_none|                              mn6_251_reload|        scalar|
|mn6_252_reload          |   in|    8|     ap_none|                              mn6_252_reload|        scalar|
|mn6_253_reload          |   in|    8|     ap_none|                              mn6_253_reload|        scalar|
|mn6_254_reload          |   in|    8|     ap_none|                              mn6_254_reload|        scalar|
|mn6_255_reload          |   in|    8|     ap_none|                              mn6_255_reload|        scalar|
|mn6_256_reload          |   in|    8|     ap_none|                              mn6_256_reload|        scalar|
|mn6_257_reload          |   in|    8|     ap_none|                              mn6_257_reload|        scalar|
|mn6_258_reload          |   in|    8|     ap_none|                              mn6_258_reload|        scalar|
|mn6_259_reload          |   in|    8|     ap_none|                              mn6_259_reload|        scalar|
|mn6_260_reload          |   in|    8|     ap_none|                              mn6_260_reload|        scalar|
|mn6_261_reload          |   in|    8|     ap_none|                              mn6_261_reload|        scalar|
|mn6_262_reload          |   in|    8|     ap_none|                              mn6_262_reload|        scalar|
+------------------------+-----+-----+------------+--------------------------------------------+--------------+

