

================================================================
== Vitis HLS Report for 'mac_blocks_wv_Pipeline_UNPACK_HDR_WV'
================================================================
* Date:           Tue Mar 31 16:00:58 2026

* Version:        2025.1 (Build 6135595 on May 21 2025)
* Project:        swiglu
* Solution:       hls (Vivado IP Flow Target)
* Product family: zynquplus
* Target device:  xck26-sfvc784-2LV-c


================================================================
== Performance Estimates
================================================================
+ Timing: 
    * Summary: 
    +--------+----------+----------+------------+
    |  Clock |  Target  | Estimated| Uncertainty|
    +--------+----------+----------+------------+
    |ap_clk  |  10.00 ns|  7.466 ns|     2.00 ns|
    +--------+----------+----------+------------+

+ Latency: 
    * Summary: 
    +---------+---------+----------+----------+-----+-----+------------------------------------------------+
    |  Latency (cycles) |  Latency (absolute) |  Interval |                    Pipeline                    |
    |   min   |   max   |    min   |    max   | min | max |                      Type                      |
    +---------+---------+----------+----------+-----+-----+------------------------------------------------+
    |       11|       11|  0.110 us|  0.110 us|    9|    9|  loop auto-rewind stp (delay=0 clock cycles(s))|
    +---------+---------+----------+----------+-----+-----+------------------------------------------------+

    + Detail: 
        * Instance: 
        +--------------------------+--------------+---------+---------+-----------+-----------+-----+-----+---------+
        |                          |              |  Latency (cycles) |   Latency (absolute)  |  Interval | Pipeline|
        |         Instance         |    Module    |   min   |   max   |    min    |    max    | min | max |   Type  |
        +--------------------------+--------------+---------+---------+-----------+-----------+-----+-----+---------+
        |grp_fp16_to_fp32_fu_2102  |fp16_to_fp32  |        1|        1|  10.000 ns|  10.000 ns|    1|    1|      yes|
        |grp_fp16_to_fp32_fu_2107  |fp16_to_fp32  |        1|        1|  10.000 ns|  10.000 ns|    1|    1|      yes|
        +--------------------------+--------------+---------+---------+-----------+-----------+-----+-----+---------+

        * Loop: 
        +-----------------+---------+---------+----------+-----------+-----------+------+----------+
        |                 |  Latency (cycles) | Iteration|  Initiation Interval  | Trip |          |
        |    Loop Name    |   min   |   max   |  Latency |  achieved |   target  | Count| Pipelined|
        +-----------------+---------+---------+----------+-----------+-----------+------+----------+
        |- UNPACK_HDR_WV  |        9|        9|         3|          1|          1|     8|       yes|
        +-----------------+---------+---------+----------+-----------+-----------+------+----------+



================================================================
== Utilization Estimates
================================================================
* Summary: 
+-----------------+---------+------+--------+--------+-----+
|       Name      | BRAM_18K|  DSP |   FF   |   LUT  | URAM|
+-----------------+---------+------+--------+--------+-----+
|DSP              |        -|     -|       -|       -|    -|
|Expression       |        -|     -|       0|      26|    -|
|FIFO             |        -|     -|       -|       -|    -|
|Instance         |        -|     -|      72|     793|    -|
|Memory           |        -|     -|       -|       -|    -|
|Multiplexer      |        -|     -|       0|      36|    -|
|Register         |        -|     -|    2098|       -|    -|
+-----------------+---------+------+--------+--------+-----+
|Total            |        0|     0|    2170|     855|    0|
+-----------------+---------+------+--------+--------+-----+
|Available        |      288|  1248|  234240|  117120|   64|
+-----------------+---------+------+--------+--------+-----+
|Utilization (%)  |        0|     0|      ~0|      ~0|    0|
+-----------------+---------+------+--------+--------+-----+

+ Detail: 
    * Instance: 
    +-----------------------------+------------------------+---------+----+----+-----+-----+
    |           Instance          |         Module         | BRAM_18K| DSP| FF | LUT | URAM|
    +-----------------------------+------------------------+---------+----+----+-----+-----+
    |grp_fp16_to_fp32_fu_2102     |fp16_to_fp32            |        0|   0|  36|  375|    0|
    |grp_fp16_to_fp32_fu_2107     |fp16_to_fp32            |        0|   0|  36|  375|    0|
    |sparsemux_17_3_128_1_1_U283  |sparsemux_17_3_128_1_1  |        0|   0|   0|   43|    0|
    +-----------------------------+------------------------+---------+----+----+-----+-----+
    |Total                        |                        |        0|   0|  72|  793|    0|
    +-----------------------------+------------------------+---------+----+----+-----+-----+

    * DSP: 
    N/A

    * Memory: 
    N/A

    * FIFO: 
    N/A

    * Expression: 
    +-----------------------+----------+----+---+----+------------+------------+
    |     Variable Name     | Operation| DSP| FF| LUT| Bitwidth P0| Bitwidth P1|
    +-----------------------+----------+----+---+----+------------+------------+
    |add_ln131_fu_3022_p2   |         +|   0|  0|  12|           4|           1|
    |icmp_ln131_fu_3016_p2  |      icmp|   0|  0|  12|           4|           5|
    |ap_enable_pp0          |       xor|   0|  0|   2|           1|           2|
    +-----------------------+----------+----+---+----+------------+------------+
    |Total                  |          |   0|  0|  26|           9|           8|
    +-----------------------+----------+----+---+----+------------+------------+

    * Multiplexer: 
    +-------------------------+----+-----------+-----+-----------+
    |           Name          | LUT| Input Size| Bits| Total Bits|
    +-------------------------+----+-----------+-----+-----------+
    |ap_done_int              |   9|          2|    1|          2|
    |ap_enable_reg_pp0_iter1  |   9|          2|    1|          2|
    |ap_sig_allocacmp_b_1     |   9|          2|    4|          8|
    |b_fu_466                 |   9|          2|    4|          8|
    +-------------------------+----+-----------+-----+-----------+
    |Total                    |  36|          8|   10|         20|
    +-------------------------+----+-----------+-----+-----------+

    * Register: 
    +----------------------------------------+----+----+-----+-----------+
    |                  Name                  | FF | LUT| Bits| Const Bits|
    +----------------------------------------+----+----+-----+-----------+
    |ap_CS_fsm                               |   1|   0|    1|          0|
    |ap_done_reg                             |   1|   0|    1|          0|
    |ap_enable_reg_pp0_iter1                 |   1|   0|    1|          0|
    |ap_enable_reg_pp0_iter2                 |   1|   0|    1|          0|
    |ap_loop_exit_ready_pp0_iter1_reg        |   1|   0|    1|          0|
    |b_fu_466                                |   4|   0|    4|          0|
    |empty_705_fu_474                        |  32|   0|   32|          0|
    |empty_706_fu_478                        |  32|   0|   32|          0|
    |empty_707_fu_482                        |  32|   0|   32|          0|
    |empty_708_fu_486                        |  32|   0|   32|          0|
    |empty_709_fu_490                        |  32|   0|   32|          0|
    |empty_710_fu_494                        |  32|   0|   32|          0|
    |empty_711_fu_498                        |  32|   0|   32|          0|
    |empty_712_fu_502                        |  32|   0|   32|          0|
    |empty_713_fu_506                        |  32|   0|   32|          0|
    |empty_714_fu_510                        |  32|   0|   32|          0|
    |empty_715_fu_514                        |  32|   0|   32|          0|
    |empty_716_fu_518                        |  32|   0|   32|          0|
    |empty_717_fu_522                        |  32|   0|   32|          0|
    |empty_718_fu_526                        |  32|   0|   32|          0|
    |empty_719_fu_530                        |  32|   0|   32|          0|
    |empty_fu_470                            |  32|   0|   32|          0|
    |grp_fp16_to_fp32_fu_2102_ap_start_reg   |   1|   0|    1|          0|
    |grp_fp16_to_fp32_fu_2107_ap_start_reg   |   1|   0|    1|          0|
    |icmp_ln131_reg_5772                     |   1|   0|    1|          0|
    |mn6_10_fu_830                           |   6|   0|    8|          2|
    |mn6_11_fu_834                           |   6|   0|    8|          2|
    |mn6_12_fu_838                           |   6|   0|    8|          2|
    |mn6_13_fu_842                           |   6|   0|    8|          2|
    |mn6_14_fu_846                           |   6|   0|    8|          2|
    |mn6_15_fu_850                           |   6|   0|    8|          2|
    |mn6_16_fu_854                           |   6|   0|    8|          2|
    |mn6_17_fu_858                           |   6|   0|    8|          2|
    |mn6_18_fu_862                           |   6|   0|    8|          2|
    |mn6_19_fu_866                           |   6|   0|    8|          2|
    |mn6_1_fu_794                            |   6|   0|    8|          2|
    |mn6_20_fu_870                           |   6|   0|    8|          2|
    |mn6_21_fu_874                           |   6|   0|    8|          2|
    |mn6_22_fu_878                           |   6|   0|    8|          2|
    |mn6_23_fu_882                           |   6|   0|    8|          2|
    |mn6_24_fu_886                           |   6|   0|    8|          2|
    |mn6_25_fu_890                           |   6|   0|    8|          2|
    |mn6_26_fu_894                           |   6|   0|    8|          2|
    |mn6_27_fu_898                           |   6|   0|    8|          2|
    |mn6_28_fu_902                           |   6|   0|    8|          2|
    |mn6_29_fu_906                           |   6|   0|    8|          2|
    |mn6_2_fu_798                            |   6|   0|    8|          2|
    |mn6_30_fu_910                           |   6|   0|    8|          2|
    |mn6_31_fu_914                           |   6|   0|    8|          2|
    |mn6_32_fu_918                           |   6|   0|    8|          2|
    |mn6_33_fu_922                           |   6|   0|    8|          2|
    |mn6_34_fu_926                           |   6|   0|    8|          2|
    |mn6_35_fu_930                           |   6|   0|    8|          2|
    |mn6_36_fu_934                           |   6|   0|    8|          2|
    |mn6_37_fu_938                           |   6|   0|    8|          2|
    |mn6_38_fu_942                           |   6|   0|    8|          2|
    |mn6_39_fu_946                           |   6|   0|    8|          2|
    |mn6_3_fu_802                            |   6|   0|    8|          2|
    |mn6_40_fu_950                           |   6|   0|    8|          2|
    |mn6_41_fu_954                           |   6|   0|    8|          2|
    |mn6_42_fu_958                           |   6|   0|    8|          2|
    |mn6_43_fu_962                           |   6|   0|    8|          2|
    |mn6_44_fu_966                           |   6|   0|    8|          2|
    |mn6_45_fu_970                           |   6|   0|    8|          2|
    |mn6_46_fu_974                           |   6|   0|    8|          2|
    |mn6_47_fu_978                           |   6|   0|    8|          2|
    |mn6_48_fu_982                           |   6|   0|    8|          2|
    |mn6_49_fu_986                           |   6|   0|    8|          2|
    |mn6_4_fu_806                            |   6|   0|    8|          2|
    |mn6_50_fu_990                           |   6|   0|    8|          2|
    |mn6_51_fu_994                           |   6|   0|    8|          2|
    |mn6_52_fu_998                           |   6|   0|    8|          2|
    |mn6_53_fu_1002                          |   6|   0|    8|          2|
    |mn6_54_fu_1006                          |   6|   0|    8|          2|
    |mn6_55_fu_1010                          |   6|   0|    8|          2|
    |mn6_56_fu_1014                          |   6|   0|    8|          2|
    |mn6_57_fu_1018                          |   6|   0|    8|          2|
    |mn6_58_fu_1022                          |   6|   0|    8|          2|
    |mn6_59_fu_1026                          |   6|   0|    8|          2|
    |mn6_5_fu_810                            |   6|   0|    8|          2|
    |mn6_60_fu_1030                          |   6|   0|    8|          2|
    |mn6_61_fu_1034                          |   6|   0|    8|          2|
    |mn6_62_fu_1038                          |   6|   0|    8|          2|
    |mn6_63_fu_1042                          |   6|   0|    8|          2|
    |mn6_6_fu_814                            |   6|   0|    8|          2|
    |mn6_7_fu_818                            |   6|   0|    8|          2|
    |mn6_8_fu_822                            |   6|   0|    8|          2|
    |mn6_9_fu_826                            |   6|   0|    8|          2|
    |mn6_fu_790                              |   6|   0|    8|          2|
    |or1_reg_5785                            |  16|   0|   16|          0|
    |sc6_10_fu_574                           |   6|   0|    8|          2|
    |sc6_11_fu_578                           |   6|   0|    8|          2|
    |sc6_12_fu_582                           |   6|   0|    8|          2|
    |sc6_13_fu_586                           |   6|   0|    8|          2|
    |sc6_14_fu_590                           |   6|   0|    8|          2|
    |sc6_15_fu_594                           |   6|   0|    8|          2|
    |sc6_16_fu_598                           |   6|   0|    8|          2|
    |sc6_17_fu_602                           |   6|   0|    8|          2|
    |sc6_18_fu_606                           |   6|   0|    8|          2|
    |sc6_19_fu_610                           |   6|   0|    8|          2|
    |sc6_1_fu_538                            |   6|   0|    8|          2|
    |sc6_20_fu_614                           |   6|   0|    8|          2|
    |sc6_21_fu_618                           |   6|   0|    8|          2|
    |sc6_22_fu_622                           |   6|   0|    8|          2|
    |sc6_23_fu_626                           |   6|   0|    8|          2|
    |sc6_24_fu_630                           |   6|   0|    8|          2|
    |sc6_25_fu_634                           |   6|   0|    8|          2|
    |sc6_26_fu_638                           |   6|   0|    8|          2|
    |sc6_27_fu_642                           |   6|   0|    8|          2|
    |sc6_28_fu_646                           |   6|   0|    8|          2|
    |sc6_29_fu_650                           |   6|   0|    8|          2|
    |sc6_2_fu_542                            |   6|   0|    8|          2|
    |sc6_30_fu_654                           |   6|   0|    8|          2|
    |sc6_31_fu_658                           |   6|   0|    8|          2|
    |sc6_32_fu_662                           |   6|   0|    8|          2|
    |sc6_33_fu_666                           |   6|   0|    8|          2|
    |sc6_34_fu_670                           |   6|   0|    8|          2|
    |sc6_35_fu_674                           |   6|   0|    8|          2|
    |sc6_36_fu_678                           |   6|   0|    8|          2|
    |sc6_37_fu_682                           |   6|   0|    8|          2|
    |sc6_38_fu_686                           |   6|   0|    8|          2|
    |sc6_39_fu_690                           |   6|   0|    8|          2|
    |sc6_3_fu_546                            |   6|   0|    8|          2|
    |sc6_40_fu_694                           |   6|   0|    8|          2|
    |sc6_41_fu_698                           |   6|   0|    8|          2|
    |sc6_42_fu_702                           |   6|   0|    8|          2|
    |sc6_43_fu_706                           |   6|   0|    8|          2|
    |sc6_44_fu_710                           |   6|   0|    8|          2|
    |sc6_45_fu_714                           |   6|   0|    8|          2|
    |sc6_46_fu_718                           |   6|   0|    8|          2|
    |sc6_47_fu_722                           |   6|   0|    8|          2|
    |sc6_48_fu_726                           |   6|   0|    8|          2|
    |sc6_49_fu_730                           |   6|   0|    8|          2|
    |sc6_4_fu_550                            |   6|   0|    8|          2|
    |sc6_50_fu_734                           |   6|   0|    8|          2|
    |sc6_51_fu_738                           |   6|   0|    8|          2|
    |sc6_52_fu_742                           |   6|   0|    8|          2|
    |sc6_53_fu_746                           |   6|   0|    8|          2|
    |sc6_54_fu_750                           |   6|   0|    8|          2|
    |sc6_55_fu_754                           |   6|   0|    8|          2|
    |sc6_56_fu_758                           |   6|   0|    8|          2|
    |sc6_57_fu_762                           |   6|   0|    8|          2|
    |sc6_58_fu_766                           |   6|   0|    8|          2|
    |sc6_59_fu_770                           |   6|   0|    8|          2|
    |sc6_5_fu_554                            |   6|   0|    8|          2|
    |sc6_60_fu_774                           |   6|   0|    8|          2|
    |sc6_61_fu_778                           |   6|   0|    8|          2|
    |sc6_62_fu_782                           |   6|   0|    8|          2|
    |sc6_63_fu_786                           |   6|   0|    8|          2|
    |sc6_6_fu_558                            |   6|   0|    8|          2|
    |sc6_7_fu_562                            |   6|   0|    8|          2|
    |sc6_8_fu_566                            |   6|   0|    8|          2|
    |sc6_9_fu_570                            |   6|   0|    8|          2|
    |sc6_fu_534                              |   6|   0|    8|          2|
    |trunc_ln131_100_reg_5632                |   6|   0|    6|          0|
    |trunc_ln131_101_reg_5637                |   6|   0|    6|          0|
    |trunc_ln131_102_reg_5642                |   6|   0|    6|          0|
    |trunc_ln131_103_reg_5647                |   6|   0|    6|          0|
    |trunc_ln131_104_reg_5652                |   6|   0|    6|          0|
    |trunc_ln131_105_reg_5657                |   6|   0|    6|          0|
    |trunc_ln131_106_reg_5662                |   6|   0|    6|          0|
    |trunc_ln131_107_reg_5667                |   6|   0|    6|          0|
    |trunc_ln131_108_reg_5672                |   6|   0|    6|          0|
    |trunc_ln131_109_reg_5677                |   6|   0|    6|          0|
    |trunc_ln131_10_reg_5182                 |   6|   0|    6|          0|
    |trunc_ln131_110_reg_5682                |   6|   0|    6|          0|
    |trunc_ln131_111_reg_5687                |   6|   0|    6|          0|
    |trunc_ln131_112_reg_5692                |   6|   0|    6|          0|
    |trunc_ln131_113_reg_5697                |   6|   0|    6|          0|
    |trunc_ln131_114_reg_5702                |   6|   0|    6|          0|
    |trunc_ln131_115_reg_5707                |   6|   0|    6|          0|
    |trunc_ln131_116_reg_5712                |   6|   0|    6|          0|
    |trunc_ln131_117_reg_5717                |   6|   0|    6|          0|
    |trunc_ln131_118_reg_5722                |   6|   0|    6|          0|
    |trunc_ln131_119_reg_5727                |   6|   0|    6|          0|
    |trunc_ln131_11_reg_5187                 |   6|   0|    6|          0|
    |trunc_ln131_120_reg_5732                |   6|   0|    6|          0|
    |trunc_ln131_121_reg_5737                |   6|   0|    6|          0|
    |trunc_ln131_122_reg_5742                |   6|   0|    6|          0|
    |trunc_ln131_123_reg_5747                |   6|   0|    6|          0|
    |trunc_ln131_124_reg_5752                |   6|   0|    6|          0|
    |trunc_ln131_125_reg_5757                |   6|   0|    6|          0|
    |trunc_ln131_126_reg_5762                |   6|   0|    6|          0|
    |trunc_ln131_127_reg_5767                |   6|   0|    6|          0|
    |trunc_ln131_128_reg_5776                |   3|   0|    3|          0|
    |trunc_ln131_128_reg_5776_pp0_iter1_reg  |   3|   0|    3|          0|
    |trunc_ln131_12_reg_5192                 |   6|   0|    6|          0|
    |trunc_ln131_13_reg_5197                 |   6|   0|    6|          0|
    |trunc_ln131_14_reg_5202                 |   6|   0|    6|          0|
    |trunc_ln131_15_reg_5207                 |   6|   0|    6|          0|
    |trunc_ln131_16_reg_5212                 |   6|   0|    6|          0|
    |trunc_ln131_17_reg_5217                 |   6|   0|    6|          0|
    |trunc_ln131_18_reg_5222                 |   6|   0|    6|          0|
    |trunc_ln131_19_reg_5227                 |   6|   0|    6|          0|
    |trunc_ln131_1_reg_5137                  |   6|   0|    6|          0|
    |trunc_ln131_20_reg_5232                 |   6|   0|    6|          0|
    |trunc_ln131_21_reg_5237                 |   6|   0|    6|          0|
    |trunc_ln131_22_reg_5242                 |   6|   0|    6|          0|
    |trunc_ln131_23_reg_5247                 |   6|   0|    6|          0|
    |trunc_ln131_24_reg_5252                 |   6|   0|    6|          0|
    |trunc_ln131_25_reg_5257                 |   6|   0|    6|          0|
    |trunc_ln131_26_reg_5262                 |   6|   0|    6|          0|
    |trunc_ln131_27_reg_5267                 |   6|   0|    6|          0|
    |trunc_ln131_28_reg_5272                 |   6|   0|    6|          0|
    |trunc_ln131_29_reg_5277                 |   6|   0|    6|          0|
    |trunc_ln131_2_reg_5142                  |   6|   0|    6|          0|
    |trunc_ln131_30_reg_5282                 |   6|   0|    6|          0|
    |trunc_ln131_31_reg_5287                 |   6|   0|    6|          0|
    |trunc_ln131_32_reg_5292                 |   6|   0|    6|          0|
    |trunc_ln131_33_reg_5297                 |   6|   0|    6|          0|
    |trunc_ln131_34_reg_5302                 |   6|   0|    6|          0|
    |trunc_ln131_35_reg_5307                 |   6|   0|    6|          0|
    |trunc_ln131_36_reg_5312                 |   6|   0|    6|          0|
    |trunc_ln131_37_reg_5317                 |   6|   0|    6|          0|
    |trunc_ln131_38_reg_5322                 |   6|   0|    6|          0|
    |trunc_ln131_39_reg_5327                 |   6|   0|    6|          0|
    |trunc_ln131_3_reg_5147                  |   6|   0|    6|          0|
    |trunc_ln131_40_reg_5332                 |   6|   0|    6|          0|
    |trunc_ln131_41_reg_5337                 |   6|   0|    6|          0|
    |trunc_ln131_42_reg_5342                 |   6|   0|    6|          0|
    |trunc_ln131_43_reg_5347                 |   6|   0|    6|          0|
    |trunc_ln131_44_reg_5352                 |   6|   0|    6|          0|
    |trunc_ln131_45_reg_5357                 |   6|   0|    6|          0|
    |trunc_ln131_46_reg_5362                 |   6|   0|    6|          0|
    |trunc_ln131_47_reg_5367                 |   6|   0|    6|          0|
    |trunc_ln131_48_reg_5372                 |   6|   0|    6|          0|
    |trunc_ln131_49_reg_5377                 |   6|   0|    6|          0|
    |trunc_ln131_4_reg_5152                  |   6|   0|    6|          0|
    |trunc_ln131_50_reg_5382                 |   6|   0|    6|          0|
    |trunc_ln131_51_reg_5387                 |   6|   0|    6|          0|
    |trunc_ln131_52_reg_5392                 |   6|   0|    6|          0|
    |trunc_ln131_53_reg_5397                 |   6|   0|    6|          0|
    |trunc_ln131_54_reg_5402                 |   6|   0|    6|          0|
    |trunc_ln131_55_reg_5407                 |   6|   0|    6|          0|
    |trunc_ln131_56_reg_5412                 |   6|   0|    6|          0|
    |trunc_ln131_57_reg_5417                 |   6|   0|    6|          0|
    |trunc_ln131_58_reg_5422                 |   6|   0|    6|          0|
    |trunc_ln131_59_reg_5427                 |   6|   0|    6|          0|
    |trunc_ln131_5_reg_5157                  |   6|   0|    6|          0|
    |trunc_ln131_60_reg_5432                 |   6|   0|    6|          0|
    |trunc_ln131_61_reg_5437                 |   6|   0|    6|          0|
    |trunc_ln131_62_reg_5442                 |   6|   0|    6|          0|
    |trunc_ln131_63_reg_5447                 |   6|   0|    6|          0|
    |trunc_ln131_64_reg_5452                 |   6|   0|    6|          0|
    |trunc_ln131_65_reg_5457                 |   6|   0|    6|          0|
    |trunc_ln131_66_reg_5462                 |   6|   0|    6|          0|
    |trunc_ln131_67_reg_5467                 |   6|   0|    6|          0|
    |trunc_ln131_68_reg_5472                 |   6|   0|    6|          0|
    |trunc_ln131_69_reg_5477                 |   6|   0|    6|          0|
    |trunc_ln131_6_reg_5162                  |   6|   0|    6|          0|
    |trunc_ln131_70_reg_5482                 |   6|   0|    6|          0|
    |trunc_ln131_71_reg_5487                 |   6|   0|    6|          0|
    |trunc_ln131_72_reg_5492                 |   6|   0|    6|          0|
    |trunc_ln131_73_reg_5497                 |   6|   0|    6|          0|
    |trunc_ln131_74_reg_5502                 |   6|   0|    6|          0|
    |trunc_ln131_75_reg_5507                 |   6|   0|    6|          0|
    |trunc_ln131_76_reg_5512                 |   6|   0|    6|          0|
    |trunc_ln131_77_reg_5517                 |   6|   0|    6|          0|
    |trunc_ln131_78_reg_5522                 |   6|   0|    6|          0|
    |trunc_ln131_79_reg_5527                 |   6|   0|    6|          0|
    |trunc_ln131_7_reg_5167                  |   6|   0|    6|          0|
    |trunc_ln131_80_reg_5532                 |   6|   0|    6|          0|
    |trunc_ln131_81_reg_5537                 |   6|   0|    6|          0|
    |trunc_ln131_82_reg_5542                 |   6|   0|    6|          0|
    |trunc_ln131_83_reg_5547                 |   6|   0|    6|          0|
    |trunc_ln131_84_reg_5552                 |   6|   0|    6|          0|
    |trunc_ln131_85_reg_5557                 |   6|   0|    6|          0|
    |trunc_ln131_86_reg_5562                 |   6|   0|    6|          0|
    |trunc_ln131_87_reg_5567                 |   6|   0|    6|          0|
    |trunc_ln131_88_reg_5572                 |   6|   0|    6|          0|
    |trunc_ln131_89_reg_5577                 |   6|   0|    6|          0|
    |trunc_ln131_8_reg_5172                  |   6|   0|    6|          0|
    |trunc_ln131_90_reg_5582                 |   6|   0|    6|          0|
    |trunc_ln131_91_reg_5587                 |   6|   0|    6|          0|
    |trunc_ln131_92_reg_5592                 |   6|   0|    6|          0|
    |trunc_ln131_93_reg_5597                 |   6|   0|    6|          0|
    |trunc_ln131_94_reg_5602                 |   6|   0|    6|          0|
    |trunc_ln131_95_reg_5607                 |   6|   0|    6|          0|
    |trunc_ln131_96_reg_5612                 |   6|   0|    6|          0|
    |trunc_ln131_97_reg_5617                 |   6|   0|    6|          0|
    |trunc_ln131_98_reg_5622                 |   6|   0|    6|          0|
    |trunc_ln131_99_reg_5627                 |   6|   0|    6|          0|
    |trunc_ln131_9_reg_5177                  |   6|   0|    6|          0|
    |trunc_ln131_reg_5132                    |   6|   0|    6|          0|
    |trunc_ln132_reg_5780                    |  16|   0|   16|          0|
    +----------------------------------------+----+----+-----+-----------+
    |Total                                   |2098|   0| 2354|        256|
    +----------------------------------------+----+----+-----+-----------+



================================================================
== Interface
================================================================
* Summary: 
+-------------------+-----+-----+------------+--------------------------------------+--------------+
|     RTL Ports     | Dir | Bits|  Protocol  |             Source Object            |    C Type    |
+-------------------+-----+-----+------------+--------------------------------------+--------------+
|ap_clk             |   in|    1|  ap_ctrl_hs|  mac_blocks_wv_Pipeline_UNPACK_HDR_WV|  return value|
|ap_rst             |   in|    1|  ap_ctrl_hs|  mac_blocks_wv_Pipeline_UNPACK_HDR_WV|  return value|
|ap_start           |   in|    1|  ap_ctrl_hs|  mac_blocks_wv_Pipeline_UNPACK_HDR_WV|  return value|
|ap_done            |  out|    1|  ap_ctrl_hs|  mac_blocks_wv_Pipeline_UNPACK_HDR_WV|  return value|
|ap_idle            |  out|    1|  ap_ctrl_hs|  mac_blocks_wv_Pipeline_UNPACK_HDR_WV|  return value|
|ap_ready           |  out|    1|  ap_ctrl_hs|  mac_blocks_wv_Pipeline_UNPACK_HDR_WV|  return value|
|rb_0_load          |   in|  128|     ap_none|                             rb_0_load|        scalar|
|rb_1_load          |   in|  128|     ap_none|                             rb_1_load|        scalar|
|rb_2_load          |   in|  128|     ap_none|                             rb_2_load|        scalar|
|rb_3_load          |   in|  128|     ap_none|                             rb_3_load|        scalar|
|rb_4_load          |   in|  128|     ap_none|                             rb_4_load|        scalar|
|rb_5_load          |   in|  128|     ap_none|                             rb_5_load|        scalar|
|rb_6_load          |   in|  128|     ap_none|                             rb_6_load|        scalar|
|rb_7_load          |   in|  128|     ap_none|                             rb_7_load|        scalar|
|mn6_63_out         |  out|    6|      ap_vld|                            mn6_63_out|       pointer|
|mn6_63_out_ap_vld  |  out|    1|      ap_vld|                            mn6_63_out|       pointer|
|mn6_62_out         |  out|    6|      ap_vld|                            mn6_62_out|       pointer|
|mn6_62_out_ap_vld  |  out|    1|      ap_vld|                            mn6_62_out|       pointer|
|mn6_61_out         |  out|    6|      ap_vld|                            mn6_61_out|       pointer|
|mn6_61_out_ap_vld  |  out|    1|      ap_vld|                            mn6_61_out|       pointer|
|mn6_60_out         |  out|    6|      ap_vld|                            mn6_60_out|       pointer|
|mn6_60_out_ap_vld  |  out|    1|      ap_vld|                            mn6_60_out|       pointer|
|mn6_59_out         |  out|    6|      ap_vld|                            mn6_59_out|       pointer|
|mn6_59_out_ap_vld  |  out|    1|      ap_vld|                            mn6_59_out|       pointer|
|mn6_58_out         |  out|    6|      ap_vld|                            mn6_58_out|       pointer|
|mn6_58_out_ap_vld  |  out|    1|      ap_vld|                            mn6_58_out|       pointer|
|mn6_57_out         |  out|    6|      ap_vld|                            mn6_57_out|       pointer|
|mn6_57_out_ap_vld  |  out|    1|      ap_vld|                            mn6_57_out|       pointer|
|mn6_56_out         |  out|    6|      ap_vld|                            mn6_56_out|       pointer|
|mn6_56_out_ap_vld  |  out|    1|      ap_vld|                            mn6_56_out|       pointer|
|mn6_55_out         |  out|    6|      ap_vld|                            mn6_55_out|       pointer|
|mn6_55_out_ap_vld  |  out|    1|      ap_vld|                            mn6_55_out|       pointer|
|mn6_54_out         |  out|    6|      ap_vld|                            mn6_54_out|       pointer|
|mn6_54_out_ap_vld  |  out|    1|      ap_vld|                            mn6_54_out|       pointer|
|mn6_53_out         |  out|    6|      ap_vld|                            mn6_53_out|       pointer|
|mn6_53_out_ap_vld  |  out|    1|      ap_vld|                            mn6_53_out|       pointer|
|mn6_52_out         |  out|    6|      ap_vld|                            mn6_52_out|       pointer|
|mn6_52_out_ap_vld  |  out|    1|      ap_vld|                            mn6_52_out|       pointer|
|mn6_51_out         |  out|    6|      ap_vld|                            mn6_51_out|       pointer|
|mn6_51_out_ap_vld  |  out|    1|      ap_vld|                            mn6_51_out|       pointer|
|mn6_50_out         |  out|    6|      ap_vld|                            mn6_50_out|       pointer|
|mn6_50_out_ap_vld  |  out|    1|      ap_vld|                            mn6_50_out|       pointer|
|mn6_49_out         |  out|    6|      ap_vld|                            mn6_49_out|       pointer|
|mn6_49_out_ap_vld  |  out|    1|      ap_vld|                            mn6_49_out|       pointer|
|mn6_48_out         |  out|    6|      ap_vld|                            mn6_48_out|       pointer|
|mn6_48_out_ap_vld  |  out|    1|      ap_vld|                            mn6_48_out|       pointer|
|mn6_47_out         |  out|    6|      ap_vld|                            mn6_47_out|       pointer|
|mn6_47_out_ap_vld  |  out|    1|      ap_vld|                            mn6_47_out|       pointer|
|mn6_46_out         |  out|    6|      ap_vld|                            mn6_46_out|       pointer|
|mn6_46_out_ap_vld  |  out|    1|      ap_vld|                            mn6_46_out|       pointer|
|mn6_45_out         |  out|    6|      ap_vld|                            mn6_45_out|       pointer|
|mn6_45_out_ap_vld  |  out|    1|      ap_vld|                            mn6_45_out|       pointer|
|mn6_44_out         |  out|    6|      ap_vld|                            mn6_44_out|       pointer|
|mn6_44_out_ap_vld  |  out|    1|      ap_vld|                            mn6_44_out|       pointer|
|mn6_43_out         |  out|    6|      ap_vld|                            mn6_43_out|       pointer|
|mn6_43_out_ap_vld  |  out|    1|      ap_vld|                            mn6_43_out|       pointer|
|mn6_42_out         |  out|    6|      ap_vld|                            mn6_42_out|       pointer|
|mn6_42_out_ap_vld  |  out|    1|      ap_vld|                            mn6_42_out|       pointer|
|mn6_41_out         |  out|    6|      ap_vld|                            mn6_41_out|       pointer|
|mn6_41_out_ap_vld  |  out|    1|      ap_vld|                            mn6_41_out|       pointer|
|mn6_40_out         |  out|    6|      ap_vld|                            mn6_40_out|       pointer|
|mn6_40_out_ap_vld  |  out|    1|      ap_vld|                            mn6_40_out|       pointer|
|mn6_39_out         |  out|    6|      ap_vld|                            mn6_39_out|       pointer|
|mn6_39_out_ap_vld  |  out|    1|      ap_vld|                            mn6_39_out|       pointer|
|mn6_38_out         |  out|    6|      ap_vld|                            mn6_38_out|       pointer|
|mn6_38_out_ap_vld  |  out|    1|      ap_vld|                            mn6_38_out|       pointer|
|mn6_37_out         |  out|    6|      ap_vld|                            mn6_37_out|       pointer|
|mn6_37_out_ap_vld  |  out|    1|      ap_vld|                            mn6_37_out|       pointer|
|mn6_36_out         |  out|    6|      ap_vld|                            mn6_36_out|       pointer|
|mn6_36_out_ap_vld  |  out|    1|      ap_vld|                            mn6_36_out|       pointer|
|mn6_35_out         |  out|    6|      ap_vld|                            mn6_35_out|       pointer|
|mn6_35_out_ap_vld  |  out|    1|      ap_vld|                            mn6_35_out|       pointer|
|mn6_34_out         |  out|    6|      ap_vld|                            mn6_34_out|       pointer|
|mn6_34_out_ap_vld  |  out|    1|      ap_vld|                            mn6_34_out|       pointer|
|mn6_33_out         |  out|    6|      ap_vld|                            mn6_33_out|       pointer|
|mn6_33_out_ap_vld  |  out|    1|      ap_vld|                            mn6_33_out|       pointer|
|mn6_32_out         |  out|    6|      ap_vld|                            mn6_32_out|       pointer|
|mn6_32_out_ap_vld  |  out|    1|      ap_vld|                            mn6_32_out|       pointer|
|mn6_31_out         |  out|    6|      ap_vld|                            mn6_31_out|       pointer|
|mn6_31_out_ap_vld  |  out|    1|      ap_vld|                            mn6_31_out|       pointer|
|mn6_30_out         |  out|    6|      ap_vld|                            mn6_30_out|       pointer|
|mn6_30_out_ap_vld  |  out|    1|      ap_vld|                            mn6_30_out|       pointer|
|mn6_29_out         |  out|    6|      ap_vld|                            mn6_29_out|       pointer|
|mn6_29_out_ap_vld  |  out|    1|      ap_vld|                            mn6_29_out|       pointer|
|mn6_28_out         |  out|    6|      ap_vld|                            mn6_28_out|       pointer|
|mn6_28_out_ap_vld  |  out|    1|      ap_vld|                            mn6_28_out|       pointer|
|mn6_27_out         |  out|    6|      ap_vld|                            mn6_27_out|       pointer|
|mn6_27_out_ap_vld  |  out|    1|      ap_vld|                            mn6_27_out|       pointer|
|mn6_26_out         |  out|    6|      ap_vld|                            mn6_26_out|       pointer|
|mn6_26_out_ap_vld  |  out|    1|      ap_vld|                            mn6_26_out|       pointer|
|mn6_25_out         |  out|    6|      ap_vld|                            mn6_25_out|       pointer|
|mn6_25_out_ap_vld  |  out|    1|      ap_vld|                            mn6_25_out|       pointer|
|mn6_24_out         |  out|    6|      ap_vld|                            mn6_24_out|       pointer|
|mn6_24_out_ap_vld  |  out|    1|      ap_vld|                            mn6_24_out|       pointer|
|mn6_23_out         |  out|    6|      ap_vld|                            mn6_23_out|       pointer|
|mn6_23_out_ap_vld  |  out|    1|      ap_vld|                            mn6_23_out|       pointer|
|mn6_22_out         |  out|    6|      ap_vld|                            mn6_22_out|       pointer|
|mn6_22_out_ap_vld  |  out|    1|      ap_vld|                            mn6_22_out|       pointer|
|mn6_21_out         |  out|    6|      ap_vld|                            mn6_21_out|       pointer|
|mn6_21_out_ap_vld  |  out|    1|      ap_vld|                            mn6_21_out|       pointer|
|mn6_20_out         |  out|    6|      ap_vld|                            mn6_20_out|       pointer|
|mn6_20_out_ap_vld  |  out|    1|      ap_vld|                            mn6_20_out|       pointer|
|mn6_19_out         |  out|    6|      ap_vld|                            mn6_19_out|       pointer|
|mn6_19_out_ap_vld  |  out|    1|      ap_vld|                            mn6_19_out|       pointer|
|mn6_18_out         |  out|    6|      ap_vld|                            mn6_18_out|       pointer|
|mn6_18_out_ap_vld  |  out|    1|      ap_vld|                            mn6_18_out|       pointer|
|mn6_17_out         |  out|    6|      ap_vld|                            mn6_17_out|       pointer|
|mn6_17_out_ap_vld  |  out|    1|      ap_vld|                            mn6_17_out|       pointer|
|mn6_16_out         |  out|    6|      ap_vld|                            mn6_16_out|       pointer|
|mn6_16_out_ap_vld  |  out|    1|      ap_vld|                            mn6_16_out|       pointer|
|mn6_15_out         |  out|    6|      ap_vld|                            mn6_15_out|       pointer|
|mn6_15_out_ap_vld  |  out|    1|      ap_vld|                            mn6_15_out|       pointer|
|mn6_14_out         |  out|    6|      ap_vld|                            mn6_14_out|       pointer|
|mn6_14_out_ap_vld  |  out|    1|      ap_vld|                            mn6_14_out|       pointer|
|mn6_13_out         |  out|    6|      ap_vld|                            mn6_13_out|       pointer|
|mn6_13_out_ap_vld  |  out|    1|      ap_vld|                            mn6_13_out|       pointer|
|mn6_12_out         |  out|    6|      ap_vld|                            mn6_12_out|       pointer|
|mn6_12_out_ap_vld  |  out|    1|      ap_vld|                            mn6_12_out|       pointer|
|mn6_11_out         |  out|    6|      ap_vld|                            mn6_11_out|       pointer|
|mn6_11_out_ap_vld  |  out|    1|      ap_vld|                            mn6_11_out|       pointer|
|mn6_10_out         |  out|    6|      ap_vld|                            mn6_10_out|       pointer|
|mn6_10_out_ap_vld  |  out|    1|      ap_vld|                            mn6_10_out|       pointer|
|mn6_9_out          |  out|    6|      ap_vld|                             mn6_9_out|       pointer|
|mn6_9_out_ap_vld   |  out|    1|      ap_vld|                             mn6_9_out|       pointer|
|mn6_8_out          |  out|    6|      ap_vld|                             mn6_8_out|       pointer|
|mn6_8_out_ap_vld   |  out|    1|      ap_vld|                             mn6_8_out|       pointer|
|mn6_7_out          |  out|    6|      ap_vld|                             mn6_7_out|       pointer|
|mn6_7_out_ap_vld   |  out|    1|      ap_vld|                             mn6_7_out|       pointer|
|mn6_6_out          |  out|    6|      ap_vld|                             mn6_6_out|       pointer|
|mn6_6_out_ap_vld   |  out|    1|      ap_vld|                             mn6_6_out|       pointer|
|mn6_5_out          |  out|    6|      ap_vld|                             mn6_5_out|       pointer|
|mn6_5_out_ap_vld   |  out|    1|      ap_vld|                             mn6_5_out|       pointer|
|mn6_4_out          |  out|    6|      ap_vld|                             mn6_4_out|       pointer|
|mn6_4_out_ap_vld   |  out|    1|      ap_vld|                             mn6_4_out|       pointer|
|mn6_3_out          |  out|    6|      ap_vld|                             mn6_3_out|       pointer|
|mn6_3_out_ap_vld   |  out|    1|      ap_vld|                             mn6_3_out|       pointer|
|mn6_2_out          |  out|    6|      ap_vld|                             mn6_2_out|       pointer|
|mn6_2_out_ap_vld   |  out|    1|      ap_vld|                             mn6_2_out|       pointer|
|mn6_1_out          |  out|    6|      ap_vld|                             mn6_1_out|       pointer|
|mn6_1_out_ap_vld   |  out|    1|      ap_vld|                             mn6_1_out|       pointer|
|mn6_out            |  out|    6|      ap_vld|                               mn6_out|       pointer|
|mn6_out_ap_vld     |  out|    1|      ap_vld|                               mn6_out|       pointer|
|sc6_63_out         |  out|    6|      ap_vld|                            sc6_63_out|       pointer|
|sc6_63_out_ap_vld  |  out|    1|      ap_vld|                            sc6_63_out|       pointer|
|sc6_62_out         |  out|    6|      ap_vld|                            sc6_62_out|       pointer|
|sc6_62_out_ap_vld  |  out|    1|      ap_vld|                            sc6_62_out|       pointer|
|sc6_61_out         |  out|    6|      ap_vld|                            sc6_61_out|       pointer|
|sc6_61_out_ap_vld  |  out|    1|      ap_vld|                            sc6_61_out|       pointer|
|sc6_60_out         |  out|    6|      ap_vld|                            sc6_60_out|       pointer|
|sc6_60_out_ap_vld  |  out|    1|      ap_vld|                            sc6_60_out|       pointer|
|sc6_59_out         |  out|    6|      ap_vld|                            sc6_59_out|       pointer|
|sc6_59_out_ap_vld  |  out|    1|      ap_vld|                            sc6_59_out|       pointer|
|sc6_58_out         |  out|    6|      ap_vld|                            sc6_58_out|       pointer|
|sc6_58_out_ap_vld  |  out|    1|      ap_vld|                            sc6_58_out|       pointer|
|sc6_57_out         |  out|    6|      ap_vld|                            sc6_57_out|       pointer|
|sc6_57_out_ap_vld  |  out|    1|      ap_vld|                            sc6_57_out|       pointer|
|sc6_56_out         |  out|    6|      ap_vld|                            sc6_56_out|       pointer|
|sc6_56_out_ap_vld  |  out|    1|      ap_vld|                            sc6_56_out|       pointer|
|sc6_55_out         |  out|    6|      ap_vld|                            sc6_55_out|       pointer|
|sc6_55_out_ap_vld  |  out|    1|      ap_vld|                            sc6_55_out|       pointer|
|sc6_54_out         |  out|    6|      ap_vld|                            sc6_54_out|       pointer|
|sc6_54_out_ap_vld  |  out|    1|      ap_vld|                            sc6_54_out|       pointer|
|sc6_53_out         |  out|    6|      ap_vld|                            sc6_53_out|       pointer|
|sc6_53_out_ap_vld  |  out|    1|      ap_vld|                            sc6_53_out|       pointer|
|sc6_52_out         |  out|    6|      ap_vld|                            sc6_52_out|       pointer|
|sc6_52_out_ap_vld  |  out|    1|      ap_vld|                            sc6_52_out|       pointer|
|sc6_51_out         |  out|    6|      ap_vld|                            sc6_51_out|       pointer|
|sc6_51_out_ap_vld  |  out|    1|      ap_vld|                            sc6_51_out|       pointer|
|sc6_50_out         |  out|    6|      ap_vld|                            sc6_50_out|       pointer|
|sc6_50_out_ap_vld  |  out|    1|      ap_vld|                            sc6_50_out|       pointer|
|sc6_49_out         |  out|    6|      ap_vld|                            sc6_49_out|       pointer|
|sc6_49_out_ap_vld  |  out|    1|      ap_vld|                            sc6_49_out|       pointer|
|sc6_48_out         |  out|    6|      ap_vld|                            sc6_48_out|       pointer|
|sc6_48_out_ap_vld  |  out|    1|      ap_vld|                            sc6_48_out|       pointer|
|sc6_47_out         |  out|    6|      ap_vld|                            sc6_47_out|       pointer|
|sc6_47_out_ap_vld  |  out|    1|      ap_vld|                            sc6_47_out|       pointer|
|sc6_46_out         |  out|    6|      ap_vld|                            sc6_46_out|       pointer|
|sc6_46_out_ap_vld  |  out|    1|      ap_vld|                            sc6_46_out|       pointer|
|sc6_45_out         |  out|    6|      ap_vld|                            sc6_45_out|       pointer|
|sc6_45_out_ap_vld  |  out|    1|      ap_vld|                            sc6_45_out|       pointer|
|sc6_44_out         |  out|    6|      ap_vld|                            sc6_44_out|       pointer|
|sc6_44_out_ap_vld  |  out|    1|      ap_vld|                            sc6_44_out|       pointer|
|sc6_43_out         |  out|    6|      ap_vld|                            sc6_43_out|       pointer|
|sc6_43_out_ap_vld  |  out|    1|      ap_vld|                            sc6_43_out|       pointer|
|sc6_42_out         |  out|    6|      ap_vld|                            sc6_42_out|       pointer|
|sc6_42_out_ap_vld  |  out|    1|      ap_vld|                            sc6_42_out|       pointer|
|sc6_41_out         |  out|    6|      ap_vld|                            sc6_41_out|       pointer|
|sc6_41_out_ap_vld  |  out|    1|      ap_vld|                            sc6_41_out|       pointer|
|sc6_40_out         |  out|    6|      ap_vld|                            sc6_40_out|       pointer|
|sc6_40_out_ap_vld  |  out|    1|      ap_vld|                            sc6_40_out|       pointer|
|sc6_39_out         |  out|    6|      ap_vld|                            sc6_39_out|       pointer|
|sc6_39_out_ap_vld  |  out|    1|      ap_vld|                            sc6_39_out|       pointer|
|sc6_38_out         |  out|    6|      ap_vld|                            sc6_38_out|       pointer|
|sc6_38_out_ap_vld  |  out|    1|      ap_vld|                            sc6_38_out|       pointer|
|sc6_37_out         |  out|    6|      ap_vld|                            sc6_37_out|       pointer|
|sc6_37_out_ap_vld  |  out|    1|      ap_vld|                            sc6_37_out|       pointer|
|sc6_36_out         |  out|    6|      ap_vld|                            sc6_36_out|       pointer|
|sc6_36_out_ap_vld  |  out|    1|      ap_vld|                            sc6_36_out|       pointer|
|sc6_35_out         |  out|    6|      ap_vld|                            sc6_35_out|       pointer|
|sc6_35_out_ap_vld  |  out|    1|      ap_vld|                            sc6_35_out|       pointer|
|sc6_34_out         |  out|    6|      ap_vld|                            sc6_34_out|       pointer|
|sc6_34_out_ap_vld  |  out|    1|      ap_vld|                            sc6_34_out|       pointer|
|sc6_33_out         |  out|    6|      ap_vld|                            sc6_33_out|       pointer|
|sc6_33_out_ap_vld  |  out|    1|      ap_vld|                            sc6_33_out|       pointer|
|sc6_32_out         |  out|    6|      ap_vld|                            sc6_32_out|       pointer|
|sc6_32_out_ap_vld  |  out|    1|      ap_vld|                            sc6_32_out|       pointer|
|sc6_31_out         |  out|    6|      ap_vld|                            sc6_31_out|       pointer|
|sc6_31_out_ap_vld  |  out|    1|      ap_vld|                            sc6_31_out|       pointer|
|sc6_30_out         |  out|    6|      ap_vld|                            sc6_30_out|       pointer|
|sc6_30_out_ap_vld  |  out|    1|      ap_vld|                            sc6_30_out|       pointer|
|sc6_29_out         |  out|    6|      ap_vld|                            sc6_29_out|       pointer|
|sc6_29_out_ap_vld  |  out|    1|      ap_vld|                            sc6_29_out|       pointer|
|sc6_28_out         |  out|    6|      ap_vld|                            sc6_28_out|       pointer|
|sc6_28_out_ap_vld  |  out|    1|      ap_vld|                            sc6_28_out|       pointer|
|sc6_27_out         |  out|    6|      ap_vld|                            sc6_27_out|       pointer|
|sc6_27_out_ap_vld  |  out|    1|      ap_vld|                            sc6_27_out|       pointer|
|sc6_26_out         |  out|    6|      ap_vld|                            sc6_26_out|       pointer|
|sc6_26_out_ap_vld  |  out|    1|      ap_vld|                            sc6_26_out|       pointer|
|sc6_25_out         |  out|    6|      ap_vld|                            sc6_25_out|       pointer|
|sc6_25_out_ap_vld  |  out|    1|      ap_vld|                            sc6_25_out|       pointer|
|sc6_24_out         |  out|    6|      ap_vld|                            sc6_24_out|       pointer|
|sc6_24_out_ap_vld  |  out|    1|      ap_vld|                            sc6_24_out|       pointer|
|sc6_23_out         |  out|    6|      ap_vld|                            sc6_23_out|       pointer|
|sc6_23_out_ap_vld  |  out|    1|      ap_vld|                            sc6_23_out|       pointer|
|sc6_22_out         |  out|    6|      ap_vld|                            sc6_22_out|       pointer|
|sc6_22_out_ap_vld  |  out|    1|      ap_vld|                            sc6_22_out|       pointer|
|sc6_21_out         |  out|    6|      ap_vld|                            sc6_21_out|       pointer|
|sc6_21_out_ap_vld  |  out|    1|      ap_vld|                            sc6_21_out|       pointer|
|sc6_20_out         |  out|    6|      ap_vld|                            sc6_20_out|       pointer|
|sc6_20_out_ap_vld  |  out|    1|      ap_vld|                            sc6_20_out|       pointer|
|sc6_19_out         |  out|    6|      ap_vld|                            sc6_19_out|       pointer|
|sc6_19_out_ap_vld  |  out|    1|      ap_vld|                            sc6_19_out|       pointer|
|sc6_18_out         |  out|    6|      ap_vld|                            sc6_18_out|       pointer|
|sc6_18_out_ap_vld  |  out|    1|      ap_vld|                            sc6_18_out|       pointer|
|sc6_17_out         |  out|    6|      ap_vld|                            sc6_17_out|       pointer|
|sc6_17_out_ap_vld  |  out|    1|      ap_vld|                            sc6_17_out|       pointer|
|sc6_16_out         |  out|    6|      ap_vld|                            sc6_16_out|       pointer|
|sc6_16_out_ap_vld  |  out|    1|      ap_vld|                            sc6_16_out|       pointer|
|sc6_15_out         |  out|    6|      ap_vld|                            sc6_15_out|       pointer|
|sc6_15_out_ap_vld  |  out|    1|      ap_vld|                            sc6_15_out|       pointer|
|sc6_14_out         |  out|    6|      ap_vld|                            sc6_14_out|       pointer|
|sc6_14_out_ap_vld  |  out|    1|      ap_vld|                            sc6_14_out|       pointer|
|sc6_13_out         |  out|    6|      ap_vld|                            sc6_13_out|       pointer|
|sc6_13_out_ap_vld  |  out|    1|      ap_vld|                            sc6_13_out|       pointer|
|sc6_12_out         |  out|    6|      ap_vld|                            sc6_12_out|       pointer|
|sc6_12_out_ap_vld  |  out|    1|      ap_vld|                            sc6_12_out|       pointer|
|sc6_11_out         |  out|    6|      ap_vld|                            sc6_11_out|       pointer|
|sc6_11_out_ap_vld  |  out|    1|      ap_vld|                            sc6_11_out|       pointer|
|sc6_10_out         |  out|    6|      ap_vld|                            sc6_10_out|       pointer|
|sc6_10_out_ap_vld  |  out|    1|      ap_vld|                            sc6_10_out|       pointer|
|sc6_9_out          |  out|    6|      ap_vld|                             sc6_9_out|       pointer|
|sc6_9_out_ap_vld   |  out|    1|      ap_vld|                             sc6_9_out|       pointer|
|sc6_8_out          |  out|    6|      ap_vld|                             sc6_8_out|       pointer|
|sc6_8_out_ap_vld   |  out|    1|      ap_vld|                             sc6_8_out|       pointer|
|sc6_7_out          |  out|    6|      ap_vld|                             sc6_7_out|       pointer|
|sc6_7_out_ap_vld   |  out|    1|      ap_vld|                             sc6_7_out|       pointer|
|sc6_6_out          |  out|    6|      ap_vld|                             sc6_6_out|       pointer|
|sc6_6_out_ap_vld   |  out|    1|      ap_vld|                             sc6_6_out|       pointer|
|sc6_5_out          |  out|    6|      ap_vld|                             sc6_5_out|       pointer|
|sc6_5_out_ap_vld   |  out|    1|      ap_vld|                             sc6_5_out|       pointer|
|sc6_4_out          |  out|    6|      ap_vld|                             sc6_4_out|       pointer|
|sc6_4_out_ap_vld   |  out|    1|      ap_vld|                             sc6_4_out|       pointer|
|sc6_3_out          |  out|    6|      ap_vld|                             sc6_3_out|       pointer|
|sc6_3_out_ap_vld   |  out|    1|      ap_vld|                             sc6_3_out|       pointer|
|sc6_2_out          |  out|    6|      ap_vld|                             sc6_2_out|       pointer|
|sc6_2_out_ap_vld   |  out|    1|      ap_vld|                             sc6_2_out|       pointer|
|sc6_1_out          |  out|    6|      ap_vld|                             sc6_1_out|       pointer|
|sc6_1_out_ap_vld   |  out|    1|      ap_vld|                             sc6_1_out|       pointer|
|sc6_out            |  out|    6|      ap_vld|                               sc6_out|       pointer|
|sc6_out_ap_vld     |  out|    1|      ap_vld|                               sc6_out|       pointer|
|p_out              |  out|   32|      ap_vld|                                 p_out|       pointer|
|p_out_ap_vld       |  out|    1|      ap_vld|                                 p_out|       pointer|
|p_out1             |  out|   32|      ap_vld|                                p_out1|       pointer|
|p_out1_ap_vld      |  out|    1|      ap_vld|                                p_out1|       pointer|
|p_out2             |  out|   32|      ap_vld|                                p_out2|       pointer|
|p_out2_ap_vld      |  out|    1|      ap_vld|                                p_out2|       pointer|
|p_out3             |  out|   32|      ap_vld|                                p_out3|       pointer|
|p_out3_ap_vld      |  out|    1|      ap_vld|                                p_out3|       pointer|
|p_out4             |  out|   32|      ap_vld|                                p_out4|       pointer|
|p_out4_ap_vld      |  out|    1|      ap_vld|                                p_out4|       pointer|
|p_out5             |  out|   32|      ap_vld|                                p_out5|       pointer|
|p_out5_ap_vld      |  out|    1|      ap_vld|                                p_out5|       pointer|
|p_out6             |  out|   32|      ap_vld|                                p_out6|       pointer|
|p_out6_ap_vld      |  out|    1|      ap_vld|                                p_out6|       pointer|
|p_out7             |  out|   32|      ap_vld|                                p_out7|       pointer|
|p_out7_ap_vld      |  out|    1|      ap_vld|                                p_out7|       pointer|
|p_out8             |  out|   32|      ap_vld|                                p_out8|       pointer|
|p_out8_ap_vld      |  out|    1|      ap_vld|                                p_out8|       pointer|
|p_out9             |  out|   32|      ap_vld|                                p_out9|       pointer|
|p_out9_ap_vld      |  out|    1|      ap_vld|                                p_out9|       pointer|
|p_out10            |  out|   32|      ap_vld|                               p_out10|       pointer|
|p_out10_ap_vld     |  out|    1|      ap_vld|                               p_out10|       pointer|
|p_out11            |  out|   32|      ap_vld|                               p_out11|       pointer|
|p_out11_ap_vld     |  out|    1|      ap_vld|                               p_out11|       pointer|
|p_out12            |  out|   32|      ap_vld|                               p_out12|       pointer|
|p_out12_ap_vld     |  out|    1|      ap_vld|                               p_out12|       pointer|
|p_out13            |  out|   32|      ap_vld|                               p_out13|       pointer|
|p_out13_ap_vld     |  out|    1|      ap_vld|                               p_out13|       pointer|
|p_out14            |  out|   32|      ap_vld|                               p_out14|       pointer|
|p_out14_ap_vld     |  out|    1|      ap_vld|                               p_out14|       pointer|
|p_out15            |  out|   32|      ap_vld|                               p_out15|       pointer|
|p_out15_ap_vld     |  out|    1|      ap_vld|                               p_out15|       pointer|
+-------------------+-----+-----+------------+--------------------------------------+--------------+

