

================================================================
== Vitis HLS Report for 'mac_blocks_down_q6k_Pipeline_REDUCE_Q6K'
================================================================
* Date:           Thu Apr  2 13:37:06 2026

* Version:        2025.1 (Build 6135595 on May 21 2025)
* Project:        swiglu
* Solution:       hls (Vivado IP Flow Target)
* Product family: zynquplus
* Target device:  xck26-sfvc784-2LV-c


================================================================
== Performance Estimates
================================================================
+ Timing: 
    * Summary: 
    +--------+---------+----------+------------+
    |  Clock |  Target | Estimated| Uncertainty|
    +--------+---------+----------+------------+
    |ap_clk  |  4.00 ns|  3.239 ns|     1.08 ns|
    +--------+---------+----------+------------+

+ Latency: 
    * Summary: 
    +---------+---------+----------+----------+-----+-----+------------------------------------------------+
    |  Latency (cycles) |  Latency (absolute) |  Interval |                    Pipeline                    |
    |   min   |   max   |    min   |    max   | min | max |                      Type                      |
    +---------+---------+----------+----------+-----+-----+------------------------------------------------+
    |      342|      342|  1.368 us|  1.368 us|  340|  340|  loop auto-rewind stp (delay=0 clock cycles(s))|
    +---------+---------+----------+----------+-----+-----+------------------------------------------------+

    + Detail: 
        * Instance: 
        N/A

        * Loop: 
        +--------------+---------+---------+----------+-----------+-----------+------+----------+
        |              |  Latency (cycles) | Iteration|  Initiation Interval  | Trip |          |
        |   Loop Name  |   min   |   max   |  Latency |  achieved |   target  | Count| Pipelined|
        +--------------+---------+---------+----------+-----------+-----------+------+----------+
        |- REDUCE_Q6K  |      340|      340|        41|         20|          1|    16|       yes|
        +--------------+---------+---------+----------+-----------+-----------+------+----------+



================================================================
== Utilization Estimates
================================================================
* Summary: 
+-----------------+---------+------+--------+--------+-----+
|       Name      | BRAM_18K|  DSP |   FF   |   LUT  | URAM|
+-----------------+---------+------+--------+--------+-----+
|DSP              |        -|     -|       -|       -|    -|
|Expression       |        -|     -|       0|     505|    -|
|FIFO             |        -|     -|       -|       -|    -|
|Instance         |        -|     -|       0|    1170|    -|
|Memory           |        -|     -|       -|       -|    -|
|Multiplexer      |        -|     -|       0|     266|    -|
|Register         |        -|     -|     582|       -|    -|
+-----------------+---------+------+--------+--------+-----+
|Total            |        0|     0|     582|    1941|    0|
+-----------------+---------+------+--------+--------+-----+
|Available        |      288|  1248|  234240|  117120|   64|
+-----------------+---------+------+--------+--------+-----+
|Utilization (%)  |        0|     0|      ~0|       1|    0|
+-----------------+---------+------+--------+--------+-----+

+ Detail: 
    * Instance: 
    +-----------------------------+-----------------------+---------+----+---+----+-----+
    |           Instance          |         Module        | BRAM_18K| DSP| FF| LUT| URAM|
    +-----------------------------+-----------------------+---------+----+---+----+-----+
    |sparsemux_33_5_32_1_1_U3211  |sparsemux_33_5_32_1_1  |        0|   0|  0|  65|    0|
    |sparsemux_33_5_32_1_1_U3212  |sparsemux_33_5_32_1_1  |        0|   0|  0|  65|    0|
    |sparsemux_33_5_32_1_1_U3213  |sparsemux_33_5_32_1_1  |        0|   0|  0|  65|    0|
    |sparsemux_33_5_32_1_1_U3214  |sparsemux_33_5_32_1_1  |        0|   0|  0|  65|    0|
    |sparsemux_33_5_32_1_1_U3215  |sparsemux_33_5_32_1_1  |        0|   0|  0|  65|    0|
    |sparsemux_33_5_32_1_1_U3216  |sparsemux_33_5_32_1_1  |        0|   0|  0|  65|    0|
    |sparsemux_33_5_32_1_1_U3217  |sparsemux_33_5_32_1_1  |        0|   0|  0|  65|    0|
    |sparsemux_33_5_32_1_1_U3218  |sparsemux_33_5_32_1_1  |        0|   0|  0|  65|    0|
    |sparsemux_33_5_32_1_1_U3219  |sparsemux_33_5_32_1_1  |        0|   0|  0|  65|    0|
    |sparsemux_33_5_32_1_1_U3220  |sparsemux_33_5_32_1_1  |        0|   0|  0|  65|    0|
    |sparsemux_33_5_32_1_1_U3221  |sparsemux_33_5_32_1_1  |        0|   0|  0|  65|    0|
    |sparsemux_33_5_32_1_1_U3222  |sparsemux_33_5_32_1_1  |        0|   0|  0|  65|    0|
    |sparsemux_33_5_32_1_1_U3223  |sparsemux_33_5_32_1_1  |        0|   0|  0|  65|    0|
    |sparsemux_33_5_32_1_1_U3224  |sparsemux_33_5_32_1_1  |        0|   0|  0|  65|    0|
    |sparsemux_33_5_32_1_1_U3225  |sparsemux_33_5_32_1_1  |        0|   0|  0|  65|    0|
    |sparsemux_33_5_32_1_1_U3226  |sparsemux_33_5_32_1_1  |        0|   0|  0|  65|    0|
    |sparsemux_33_5_32_1_1_U3227  |sparsemux_33_5_32_1_1  |        0|   0|  0|  65|    0|
    |sparsemux_33_5_32_1_1_U3228  |sparsemux_33_5_32_1_1  |        0|   0|  0|  65|    0|
    +-----------------------------+-----------------------+---------+----+---+----+-----+
    |Total                        |                       |        0|   0|  0|1170|    0|
    +-----------------------------+-----------------------+---------+----+---+----+-----+

    * DSP: 
    N/A

    * Memory: 
    N/A

    * FIFO: 
    N/A

    * Expression: 
    +-------------------------+----------+----+---+----+------------+------------+
    |      Variable Name      | Operation| DSP| FF| LUT| Bitwidth P0| Bitwidth P1|
    +-------------------------+----------+----+---+----+------------+------------+
    |add_ln567_fu_3819_p2     |         +|   0|  0|  13|           6|           2|
    |add_ln572_10_fu_3711_p2  |         +|   0|  0|  32|          32|          32|
    |add_ln572_11_fu_3717_p2  |         +|   0|  0|  39|          32|          32|
    |add_ln572_12_fu_3723_p2  |         +|   0|  0|  32|          32|          32|
    |add_ln572_1_fu_3027_p2   |         +|   0|  0|  39|          32|          32|
    |add_ln572_2_fu_3801_p2   |         +|   0|  0|  32|          32|          32|
    |add_ln572_3_fu_3033_p2   |         +|   0|  0|  32|          32|          32|
    |add_ln572_4_fu_3039_p2   |         +|   0|  0|  39|          32|          32|
    |add_ln572_5_fu_3045_p2   |         +|   0|  0|  32|          32|          32|
    |add_ln572_7_fu_3699_p2   |         +|   0|  0|  39|          32|          32|
    |add_ln572_8_fu_3705_p2   |         +|   0|  0|  39|          32|          32|
    |add_ln572_9_fu_3810_p2   |         +|   0|  0|  32|          32|          32|
    |add_ln572_fu_3021_p2     |         +|   0|  0|  39|          32|          32|
    |sw_4_fu_3805_p2          |         +|   0|  0|  32|          32|          32|
    |sw_6_fu_3814_p2          |         +|   0|  0|  32|          32|          32|
    |ap_enable_pp0            |       xor|   0|  0|   2|           1|           2|
    +-------------------------+----------+----+---+----+------------+------------+
    |Total                    |          |   0|  0| 505|         455|         452|
    +-------------------------+----------+----+---+----+------------+------------+

    * Multiplexer: 
    +----------------------------------+-----+-----------+-----+-----------+
    |               Name               | LUT | Input Size| Bits| Total Bits|
    +----------------------------------+-----+-----------+-----+-----------+
    |ap_NS_fsm                         |  106|         21|    1|         21|
    |ap_done_int                       |    9|          2|    1|          2|
    |ap_enable_reg_pp0_iter0           |    9|          2|    1|          2|
    |ap_enable_reg_pp0_iter1           |    9|          2|    1|          2|
    |ap_enable_reg_pp0_iter2           |    9|          2|    1|          2|
    |ap_loop_exit_ready_pp0_iter1_reg  |    9|          2|    1|          2|
    |ap_sig_allocacmp_b_1              |    9|          2|    6|         12|
    |b_fu_658                          |    9|          2|    6|         12|
    |grp_fu_2403_p0                    |   14|          3|   32|         96|
    |grp_fu_2403_p1                    |   14|          3|   32|         96|
    |grp_fu_2407_p0                    |   26|          5|   32|        160|
    |grp_fu_2407_p1                    |   20|          4|   32|        128|
    |grp_fu_2411_p0                    |   14|          3|   32|         96|
    |total_fu_654                      |    9|          2|   32|         64|
    +----------------------------------+-----+-----------+-----+-----------+
    |Total                             |  266|         55|  210|        695|
    +----------------------------------+-----+-----------+-----+-----------+

    * Register: 
    +----------------------------------+----+----+-----+-----------+
    |               Name               | FF | LUT| Bits| Const Bits|
    +----------------------------------+----+----+-----+-----------+
    |add_ln572_12_reg_3901             |  32|   0|   32|          0|
    |add_ln572_1_reg_3876              |  32|   0|   32|          0|
    |add_ln572_5_reg_3881              |  32|   0|   32|          0|
    |add_ln572_7_reg_3891              |  32|   0|   32|          0|
    |add_ln572_8_reg_3896              |  32|   0|   32|          0|
    |add_ln572_reg_3871                |  32|   0|   32|          0|
    |ap_CS_fsm                         |  20|   0|   20|          0|
    |ap_done_reg                       |   1|   0|    1|          0|
    |ap_enable_reg_pp0_iter0_reg       |   1|   0|    1|          0|
    |ap_enable_reg_pp0_iter1           |   1|   0|    1|          0|
    |ap_enable_reg_pp0_iter2           |   1|   0|    1|          0|
    |ap_loop_exit_ready_pp0_iter1_reg  |   1|   0|    1|          0|
    |b_1_reg_3862                      |   6|   0|    6|          0|
    |b_fu_658                          |   6|   0|    6|          0|
    |conv100_1_reg_3926                |  32|   0|   32|          0|
    |conv_reg_3921                     |  32|   0|   32|          0|
    |mul101_1_reg_3931                 |  32|   0|   32|          0|
    |mul102_1_reg_3941                 |  32|   0|   32|          0|
    |reg_2414                          |  32|   0|   32|          0|
    |sw_4_reg_3911                     |  32|   0|   32|          0|
    |sw_6_reg_3916                     |  32|   0|   32|          0|
    |tmp_237_reg_3886                  |  32|   0|   32|          0|
    |tmp_245_reg_3906                  |  32|   0|   32|          0|
    |tmp_324_reg_3867                  |   1|   0|    1|          0|
    |total_3_reg_3946                  |  32|   0|   32|          0|
    |total_fu_654                      |  32|   0|   32|          0|
    +----------------------------------+----+----+-----+-----------+
    |Total                             | 582|   0|  582|          0|
    +----------------------------------+----+----+-----+-----------+



================================================================
== Interface
================================================================
* Summary: 
+----------------------+-----+-----+------------+-----------------------------------------+--------------+
|       RTL Ports      | Dir | Bits|  Protocol  |              Source Object              |    C Type    |
+----------------------+-----+-----+------------+-----------------------------------------+--------------+
|ap_clk                |   in|    1|  ap_ctrl_hs|  mac_blocks_down_q6k_Pipeline_REDUCE_Q6K|  return value|
|ap_rst                |   in|    1|  ap_ctrl_hs|  mac_blocks_down_q6k_Pipeline_REDUCE_Q6K|  return value|
|ap_start              |   in|    1|  ap_ctrl_hs|  mac_blocks_down_q6k_Pipeline_REDUCE_Q6K|  return value|
|ap_done               |  out|    1|  ap_ctrl_hs|  mac_blocks_down_q6k_Pipeline_REDUCE_Q6K|  return value|
|ap_idle               |  out|    1|  ap_ctrl_hs|  mac_blocks_down_q6k_Pipeline_REDUCE_Q6K|  return value|
|ap_ready              |  out|    1|  ap_ctrl_hs|  mac_blocks_down_q6k_Pipeline_REDUCE_Q6K|  return value|
|grp_fu_5815_p_din0    |  out|   32|  ap_ctrl_hs|  mac_blocks_down_q6k_Pipeline_REDUCE_Q6K|  return value|
|grp_fu_5815_p_din1    |  out|   32|  ap_ctrl_hs|  mac_blocks_down_q6k_Pipeline_REDUCE_Q6K|  return value|
|grp_fu_5815_p_opcode  |  out|    1|  ap_ctrl_hs|  mac_blocks_down_q6k_Pipeline_REDUCE_Q6K|  return value|
|grp_fu_5815_p_dout0   |   in|   32|  ap_ctrl_hs|  mac_blocks_down_q6k_Pipeline_REDUCE_Q6K|  return value|
|grp_fu_5815_p_ce      |  out|    1|  ap_ctrl_hs|  mac_blocks_down_q6k_Pipeline_REDUCE_Q6K|  return value|
|grp_fu_5819_p_din0    |  out|   32|  ap_ctrl_hs|  mac_blocks_down_q6k_Pipeline_REDUCE_Q6K|  return value|
|grp_fu_5819_p_din1    |  out|   32|  ap_ctrl_hs|  mac_blocks_down_q6k_Pipeline_REDUCE_Q6K|  return value|
|grp_fu_5819_p_dout0   |   in|   32|  ap_ctrl_hs|  mac_blocks_down_q6k_Pipeline_REDUCE_Q6K|  return value|
|grp_fu_5819_p_ce      |  out|    1|  ap_ctrl_hs|  mac_blocks_down_q6k_Pipeline_REDUCE_Q6K|  return value|
|grp_fu_5823_p_din0    |  out|   32|  ap_ctrl_hs|  mac_blocks_down_q6k_Pipeline_REDUCE_Q6K|  return value|
|grp_fu_5823_p_dout0   |   in|   32|  ap_ctrl_hs|  mac_blocks_down_q6k_Pipeline_REDUCE_Q6K|  return value|
|grp_fu_5823_p_ce      |  out|    1|  ap_ctrl_hs|  mac_blocks_down_q6k_Pipeline_REDUCE_Q6K|  return value|
|acc_load_reload       |   in|   32|     ap_none|                          acc_load_reload|        scalar|
|acc_16_load_reload    |   in|   32|     ap_none|                       acc_16_load_reload|        scalar|
|acc_32_load_reload    |   in|   32|     ap_none|                       acc_32_load_reload|        scalar|
|acc_48_load_reload    |   in|   32|     ap_none|                       acc_48_load_reload|        scalar|
|acc_64_load_reload    |   in|   32|     ap_none|                       acc_64_load_reload|        scalar|
|acc_80_load_reload    |   in|   32|     ap_none|                       acc_80_load_reload|        scalar|
|acc_96_load_reload    |   in|   32|     ap_none|                       acc_96_load_reload|        scalar|
|acc_112_load_reload   |   in|   32|     ap_none|                      acc_112_load_reload|        scalar|
|acc_128_load_reload   |   in|   32|     ap_none|                      acc_128_load_reload|        scalar|
|acc_144_load_reload   |   in|   32|     ap_none|                      acc_144_load_reload|        scalar|
|acc_160_load_reload   |   in|   32|     ap_none|                      acc_160_load_reload|        scalar|
|acc_176_load_reload   |   in|   32|     ap_none|                      acc_176_load_reload|        scalar|
|acc_192_load_reload   |   in|   32|     ap_none|                      acc_192_load_reload|        scalar|
|acc_208_load_reload   |   in|   32|     ap_none|                      acc_208_load_reload|        scalar|
|acc_224_load_reload   |   in|   32|     ap_none|                      acc_224_load_reload|        scalar|
|acc_240_load_reload   |   in|   32|     ap_none|                      acc_240_load_reload|        scalar|
|acc_1_load_reload     |   in|   32|     ap_none|                        acc_1_load_reload|        scalar|
|acc_17_load_reload    |   in|   32|     ap_none|                       acc_17_load_reload|        scalar|
|acc_33_load_reload    |   in|   32|     ap_none|                       acc_33_load_reload|        scalar|
|acc_49_load_reload    |   in|   32|     ap_none|                       acc_49_load_reload|        scalar|
|acc_65_load_reload    |   in|   32|     ap_none|                       acc_65_load_reload|        scalar|
|acc_81_load_reload    |   in|   32|     ap_none|                       acc_81_load_reload|        scalar|
|acc_97_load_reload    |   in|   32|     ap_none|                       acc_97_load_reload|        scalar|
|acc_113_load_reload   |   in|   32|     ap_none|                      acc_113_load_reload|        scalar|
|acc_129_load_reload   |   in|   32|     ap_none|                      acc_129_load_reload|        scalar|
|acc_145_load_reload   |   in|   32|     ap_none|                      acc_145_load_reload|        scalar|
|acc_161_load_reload   |   in|   32|     ap_none|                      acc_161_load_reload|        scalar|
|acc_177_load_reload   |   in|   32|     ap_none|                      acc_177_load_reload|        scalar|
|acc_193_load_reload   |   in|   32|     ap_none|                      acc_193_load_reload|        scalar|
|acc_209_load_reload   |   in|   32|     ap_none|                      acc_209_load_reload|        scalar|
|acc_225_load_reload   |   in|   32|     ap_none|                      acc_225_load_reload|        scalar|
|acc_241_load_reload   |   in|   32|     ap_none|                      acc_241_load_reload|        scalar|
|acc_2_load_reload     |   in|   32|     ap_none|                        acc_2_load_reload|        scalar|
|acc_18_load_reload    |   in|   32|     ap_none|                       acc_18_load_reload|        scalar|
|acc_34_load_reload    |   in|   32|     ap_none|                       acc_34_load_reload|        scalar|
|acc_50_load_reload    |   in|   32|     ap_none|                       acc_50_load_reload|        scalar|
|acc_66_load_reload    |   in|   32|     ap_none|                       acc_66_load_reload|        scalar|
|acc_82_load_reload    |   in|   32|     ap_none|                       acc_82_load_reload|        scalar|
|acc_98_load_reload    |   in|   32|     ap_none|                       acc_98_load_reload|        scalar|
|acc_114_load_reload   |   in|   32|     ap_none|                      acc_114_load_reload|        scalar|
|acc_130_load_reload   |   in|   32|     ap_none|                      acc_130_load_reload|        scalar|
|acc_146_load_reload   |   in|   32|     ap_none|                      acc_146_load_reload|        scalar|
|acc_162_load_reload   |   in|   32|     ap_none|                      acc_162_load_reload|        scalar|
|acc_178_load_reload   |   in|   32|     ap_none|                      acc_178_load_reload|        scalar|
|acc_194_load_reload   |   in|   32|     ap_none|                      acc_194_load_reload|        scalar|
|acc_210_load_reload   |   in|   32|     ap_none|                      acc_210_load_reload|        scalar|
|acc_226_load_reload   |   in|   32|     ap_none|                      acc_226_load_reload|        scalar|
|acc_242_load_reload   |   in|   32|     ap_none|                      acc_242_load_reload|        scalar|
|acc_3_load_reload     |   in|   32|     ap_none|                        acc_3_load_reload|        scalar|
|acc_19_load_reload    |   in|   32|     ap_none|                       acc_19_load_reload|        scalar|
|acc_35_load_reload    |   in|   32|     ap_none|                       acc_35_load_reload|        scalar|
|acc_51_load_reload    |   in|   32|     ap_none|                       acc_51_load_reload|        scalar|
|acc_67_load_reload    |   in|   32|     ap_none|                       acc_67_load_reload|        scalar|
|acc_83_load_reload    |   in|   32|     ap_none|                       acc_83_load_reload|        scalar|
|acc_99_load_reload    |   in|   32|     ap_none|                       acc_99_load_reload|        scalar|
|acc_115_load_reload   |   in|   32|     ap_none|                      acc_115_load_reload|        scalar|
|acc_131_load_reload   |   in|   32|     ap_none|                      acc_131_load_reload|        scalar|
|acc_147_load_reload   |   in|   32|     ap_none|                      acc_147_load_reload|        scalar|
|acc_163_load_reload   |   in|   32|     ap_none|                      acc_163_load_reload|        scalar|
|acc_179_load_reload   |   in|   32|     ap_none|                      acc_179_load_reload|        scalar|
|acc_195_load_reload   |   in|   32|     ap_none|                      acc_195_load_reload|        scalar|
|acc_211_load_reload   |   in|   32|     ap_none|                      acc_211_load_reload|        scalar|
|acc_227_load_reload   |   in|   32|     ap_none|                      acc_227_load_reload|        scalar|
|acc_243_load_reload   |   in|   32|     ap_none|                      acc_243_load_reload|        scalar|
|acc_4_load_reload     |   in|   32|     ap_none|                        acc_4_load_reload|        scalar|
|acc_20_load_reload    |   in|   32|     ap_none|                       acc_20_load_reload|        scalar|
|acc_36_load_reload    |   in|   32|     ap_none|                       acc_36_load_reload|        scalar|
|acc_52_load_reload    |   in|   32|     ap_none|                       acc_52_load_reload|        scalar|
|acc_68_load_reload    |   in|   32|     ap_none|                       acc_68_load_reload|        scalar|
|acc_84_load_reload    |   in|   32|     ap_none|                       acc_84_load_reload|        scalar|
|acc_100_load_reload   |   in|   32|     ap_none|                      acc_100_load_reload|        scalar|
|acc_116_load_reload   |   in|   32|     ap_none|                      acc_116_load_reload|        scalar|
|acc_132_load_reload   |   in|   32|     ap_none|                      acc_132_load_reload|        scalar|
|acc_148_load_reload   |   in|   32|     ap_none|                      acc_148_load_reload|        scalar|
|acc_164_load_reload   |   in|   32|     ap_none|                      acc_164_load_reload|        scalar|
|acc_180_load_reload   |   in|   32|     ap_none|                      acc_180_load_reload|        scalar|
|acc_196_load_reload   |   in|   32|     ap_none|                      acc_196_load_reload|        scalar|
|acc_212_load_reload   |   in|   32|     ap_none|                      acc_212_load_reload|        scalar|
|acc_228_load_reload   |   in|   32|     ap_none|                      acc_228_load_reload|        scalar|
|acc_244_load_reload   |   in|   32|     ap_none|                      acc_244_load_reload|        scalar|
|acc_5_load_reload     |   in|   32|     ap_none|                        acc_5_load_reload|        scalar|
|acc_21_load_reload    |   in|   32|     ap_none|                       acc_21_load_reload|        scalar|
|acc_37_load_reload    |   in|   32|     ap_none|                       acc_37_load_reload|        scalar|
|acc_53_load_reload    |   in|   32|     ap_none|                       acc_53_load_reload|        scalar|
|acc_69_load_reload    |   in|   32|     ap_none|                       acc_69_load_reload|        scalar|
|acc_85_load_reload    |   in|   32|     ap_none|                       acc_85_load_reload|        scalar|
|acc_101_load_reload   |   in|   32|     ap_none|                      acc_101_load_reload|        scalar|
|acc_117_load_reload   |   in|   32|     ap_none|                      acc_117_load_reload|        scalar|
|acc_133_load_reload   |   in|   32|     ap_none|                      acc_133_load_reload|        scalar|
|acc_149_load_reload   |   in|   32|     ap_none|                      acc_149_load_reload|        scalar|
|acc_165_load_reload   |   in|   32|     ap_none|                      acc_165_load_reload|        scalar|
|acc_181_load_reload   |   in|   32|     ap_none|                      acc_181_load_reload|        scalar|
|acc_197_load_reload   |   in|   32|     ap_none|                      acc_197_load_reload|        scalar|
|acc_213_load_reload   |   in|   32|     ap_none|                      acc_213_load_reload|        scalar|
|acc_229_load_reload   |   in|   32|     ap_none|                      acc_229_load_reload|        scalar|
|acc_245_load_reload   |   in|   32|     ap_none|                      acc_245_load_reload|        scalar|
|acc_6_load_reload     |   in|   32|     ap_none|                        acc_6_load_reload|        scalar|
|acc_22_load_reload    |   in|   32|     ap_none|                       acc_22_load_reload|        scalar|
|acc_38_load_reload    |   in|   32|     ap_none|                       acc_38_load_reload|        scalar|
|acc_54_load_reload    |   in|   32|     ap_none|                       acc_54_load_reload|        scalar|
|acc_70_load_reload    |   in|   32|     ap_none|                       acc_70_load_reload|        scalar|
|acc_86_load_reload    |   in|   32|     ap_none|                       acc_86_load_reload|        scalar|
|acc_102_load_reload   |   in|   32|     ap_none|                      acc_102_load_reload|        scalar|
|acc_118_load_reload   |   in|   32|     ap_none|                      acc_118_load_reload|        scalar|
|acc_134_load_reload   |   in|   32|     ap_none|                      acc_134_load_reload|        scalar|
|acc_150_load_reload   |   in|   32|     ap_none|                      acc_150_load_reload|        scalar|
|acc_166_load_reload   |   in|   32|     ap_none|                      acc_166_load_reload|        scalar|
|acc_182_load_reload   |   in|   32|     ap_none|                      acc_182_load_reload|        scalar|
|acc_198_load_reload   |   in|   32|     ap_none|                      acc_198_load_reload|        scalar|
|acc_214_load_reload   |   in|   32|     ap_none|                      acc_214_load_reload|        scalar|
|acc_230_load_reload   |   in|   32|     ap_none|                      acc_230_load_reload|        scalar|
|acc_246_load_reload   |   in|   32|     ap_none|                      acc_246_load_reload|        scalar|
|acc_7_load_reload     |   in|   32|     ap_none|                        acc_7_load_reload|        scalar|
|acc_23_load_reload    |   in|   32|     ap_none|                       acc_23_load_reload|        scalar|
|acc_39_load_reload    |   in|   32|     ap_none|                       acc_39_load_reload|        scalar|
|acc_55_load_reload    |   in|   32|     ap_none|                       acc_55_load_reload|        scalar|
|acc_71_load_reload    |   in|   32|     ap_none|                       acc_71_load_reload|        scalar|
|acc_87_load_reload    |   in|   32|     ap_none|                       acc_87_load_reload|        scalar|
|acc_103_load_reload   |   in|   32|     ap_none|                      acc_103_load_reload|        scalar|
|acc_119_load_reload   |   in|   32|     ap_none|                      acc_119_load_reload|        scalar|
|acc_135_load_reload   |   in|   32|     ap_none|                      acc_135_load_reload|        scalar|
|acc_151_load_reload   |   in|   32|     ap_none|                      acc_151_load_reload|        scalar|
|acc_167_load_reload   |   in|   32|     ap_none|                      acc_167_load_reload|        scalar|
|acc_183_load_reload   |   in|   32|     ap_none|                      acc_183_load_reload|        scalar|
|acc_199_load_reload   |   in|   32|     ap_none|                      acc_199_load_reload|        scalar|
|acc_215_load_reload   |   in|   32|     ap_none|                      acc_215_load_reload|        scalar|
|acc_231_load_reload   |   in|   32|     ap_none|                      acc_231_load_reload|        scalar|
|acc_247_load_reload   |   in|   32|     ap_none|                      acc_247_load_reload|        scalar|
|d_buf_0_val           |   in|   32|     ap_none|                              d_buf_0_val|        scalar|
|d_buf_2_val           |   in|   32|     ap_none|                              d_buf_2_val|        scalar|
|d_buf_4_val           |   in|   32|     ap_none|                              d_buf_4_val|        scalar|
|d_buf_6_val           |   in|   32|     ap_none|                              d_buf_6_val|        scalar|
|d_buf_8_val           |   in|   32|     ap_none|                              d_buf_8_val|        scalar|
|d_buf_10_val          |   in|   32|     ap_none|                             d_buf_10_val|        scalar|
|d_buf_12_val          |   in|   32|     ap_none|                             d_buf_12_val|        scalar|
|d_buf_14_val          |   in|   32|     ap_none|                             d_buf_14_val|        scalar|
|d_buf_16_val          |   in|   32|     ap_none|                             d_buf_16_val|        scalar|
|d_buf_18_val          |   in|   32|     ap_none|                             d_buf_18_val|        scalar|
|d_buf_20_val          |   in|   32|     ap_none|                             d_buf_20_val|        scalar|
|d_buf_22_val          |   in|   32|     ap_none|                             d_buf_22_val|        scalar|
|d_buf_24_val          |   in|   32|     ap_none|                             d_buf_24_val|        scalar|
|d_buf_26_val          |   in|   32|     ap_none|                             d_buf_26_val|        scalar|
|d_buf_28_val          |   in|   32|     ap_none|                             d_buf_28_val|        scalar|
|d_buf_30_val          |   in|   32|     ap_none|                             d_buf_30_val|        scalar|
|gate_scale            |   in|   32|     ap_none|                               gate_scale|        scalar|
|acc_8_load_reload     |   in|   32|     ap_none|                        acc_8_load_reload|        scalar|
|acc_24_load_reload    |   in|   32|     ap_none|                       acc_24_load_reload|        scalar|
|acc_40_load_reload    |   in|   32|     ap_none|                       acc_40_load_reload|        scalar|
|acc_56_load_reload    |   in|   32|     ap_none|                       acc_56_load_reload|        scalar|
|acc_72_load_reload    |   in|   32|     ap_none|                       acc_72_load_reload|        scalar|
|acc_88_load_reload    |   in|   32|     ap_none|                       acc_88_load_reload|        scalar|
|acc_104_load_reload   |   in|   32|     ap_none|                      acc_104_load_reload|        scalar|
|acc_120_load_reload   |   in|   32|     ap_none|                      acc_120_load_reload|        scalar|
|acc_136_load_reload   |   in|   32|     ap_none|                      acc_136_load_reload|        scalar|
|acc_152_load_reload   |   in|   32|     ap_none|                      acc_152_load_reload|        scalar|
|acc_168_load_reload   |   in|   32|     ap_none|                      acc_168_load_reload|        scalar|
|acc_184_load_reload   |   in|   32|     ap_none|                      acc_184_load_reload|        scalar|
|acc_200_load_reload   |   in|   32|     ap_none|                      acc_200_load_reload|        scalar|
|acc_216_load_reload   |   in|   32|     ap_none|                      acc_216_load_reload|        scalar|
|acc_232_load_reload   |   in|   32|     ap_none|                      acc_232_load_reload|        scalar|
|acc_248_load_reload   |   in|   32|     ap_none|                      acc_248_load_reload|        scalar|
|acc_9_load_reload     |   in|   32|     ap_none|                        acc_9_load_reload|        scalar|
|acc_25_load_reload    |   in|   32|     ap_none|                       acc_25_load_reload|        scalar|
|acc_41_load_reload    |   in|   32|     ap_none|                       acc_41_load_reload|        scalar|
|acc_57_load_reload    |   in|   32|     ap_none|                       acc_57_load_reload|        scalar|
|acc_73_load_reload    |   in|   32|     ap_none|                       acc_73_load_reload|        scalar|
|acc_89_load_reload    |   in|   32|     ap_none|                       acc_89_load_reload|        scalar|
|acc_105_load_reload   |   in|   32|     ap_none|                      acc_105_load_reload|        scalar|
|acc_121_load_reload   |   in|   32|     ap_none|                      acc_121_load_reload|        scalar|
|acc_137_load_reload   |   in|   32|     ap_none|                      acc_137_load_reload|        scalar|
|acc_153_load_reload   |   in|   32|     ap_none|                      acc_153_load_reload|        scalar|
|acc_169_load_reload   |   in|   32|     ap_none|                      acc_169_load_reload|        scalar|
|acc_185_load_reload   |   in|   32|     ap_none|                      acc_185_load_reload|        scalar|
|acc_201_load_reload   |   in|   32|     ap_none|                      acc_201_load_reload|        scalar|
|acc_217_load_reload   |   in|   32|     ap_none|                      acc_217_load_reload|        scalar|
|acc_233_load_reload   |   in|   32|     ap_none|                      acc_233_load_reload|        scalar|
|acc_249_load_reload   |   in|   32|     ap_none|                      acc_249_load_reload|        scalar|
|acc_10_load_reload    |   in|   32|     ap_none|                       acc_10_load_reload|        scalar|
|acc_26_load_reload    |   in|   32|     ap_none|                       acc_26_load_reload|        scalar|
|acc_42_load_reload    |   in|   32|     ap_none|                       acc_42_load_reload|        scalar|
|acc_58_load_reload    |   in|   32|     ap_none|                       acc_58_load_reload|        scalar|
|acc_74_load_reload    |   in|   32|     ap_none|                       acc_74_load_reload|        scalar|
|acc_90_load_reload    |   in|   32|     ap_none|                       acc_90_load_reload|        scalar|
|acc_106_load_reload   |   in|   32|     ap_none|                      acc_106_load_reload|        scalar|
|acc_122_load_reload   |   in|   32|     ap_none|                      acc_122_load_reload|        scalar|
|acc_138_load_reload   |   in|   32|     ap_none|                      acc_138_load_reload|        scalar|
|acc_154_load_reload   |   in|   32|     ap_none|                      acc_154_load_reload|        scalar|
|acc_170_load_reload   |   in|   32|     ap_none|                      acc_170_load_reload|        scalar|
|acc_186_load_reload   |   in|   32|     ap_none|                      acc_186_load_reload|        scalar|
|acc_202_load_reload   |   in|   32|     ap_none|                      acc_202_load_reload|        scalar|
|acc_218_load_reload   |   in|   32|     ap_none|                      acc_218_load_reload|        scalar|
|acc_234_load_reload   |   in|   32|     ap_none|                      acc_234_load_reload|        scalar|
|acc_250_load_reload   |   in|   32|     ap_none|                      acc_250_load_reload|        scalar|
|acc_11_load_reload    |   in|   32|     ap_none|                       acc_11_load_reload|        scalar|
|acc_27_load_reload    |   in|   32|     ap_none|                       acc_27_load_reload|        scalar|
|acc_43_load_reload    |   in|   32|     ap_none|                       acc_43_load_reload|        scalar|
|acc_59_load_reload    |   in|   32|     ap_none|                       acc_59_load_reload|        scalar|
|acc_75_load_reload    |   in|   32|     ap_none|                       acc_75_load_reload|        scalar|
|acc_91_load_reload    |   in|   32|     ap_none|                       acc_91_load_reload|        scalar|
|acc_107_load_reload   |   in|   32|     ap_none|                      acc_107_load_reload|        scalar|
|acc_123_load_reload   |   in|   32|     ap_none|                      acc_123_load_reload|        scalar|
|acc_139_load_reload   |   in|   32|     ap_none|                      acc_139_load_reload|        scalar|
|acc_155_load_reload   |   in|   32|     ap_none|                      acc_155_load_reload|        scalar|
|acc_171_load_reload   |   in|   32|     ap_none|                      acc_171_load_reload|        scalar|
|acc_187_load_reload   |   in|   32|     ap_none|                      acc_187_load_reload|        scalar|
|acc_203_load_reload   |   in|   32|     ap_none|                      acc_203_load_reload|        scalar|
|acc_219_load_reload   |   in|   32|     ap_none|                      acc_219_load_reload|        scalar|
|acc_235_load_reload   |   in|   32|     ap_none|                      acc_235_load_reload|        scalar|
|acc_251_load_reload   |   in|   32|     ap_none|                      acc_251_load_reload|        scalar|
|acc_12_load_reload    |   in|   32|     ap_none|                       acc_12_load_reload|        scalar|
|acc_28_load_reload    |   in|   32|     ap_none|                       acc_28_load_reload|        scalar|
|acc_44_load_reload    |   in|   32|     ap_none|                       acc_44_load_reload|        scalar|
|acc_60_load_reload    |   in|   32|     ap_none|                       acc_60_load_reload|        scalar|
|acc_76_load_reload    |   in|   32|     ap_none|                       acc_76_load_reload|        scalar|
|acc_92_load_reload    |   in|   32|     ap_none|                       acc_92_load_reload|        scalar|
|acc_108_load_reload   |   in|   32|     ap_none|                      acc_108_load_reload|        scalar|
|acc_124_load_reload   |   in|   32|     ap_none|                      acc_124_load_reload|        scalar|
|acc_140_load_reload   |   in|   32|     ap_none|                      acc_140_load_reload|        scalar|
|acc_156_load_reload   |   in|   32|     ap_none|                      acc_156_load_reload|        scalar|
|acc_172_load_reload   |   in|   32|     ap_none|                      acc_172_load_reload|        scalar|
|acc_188_load_reload   |   in|   32|     ap_none|                      acc_188_load_reload|        scalar|
|acc_204_load_reload   |   in|   32|     ap_none|                      acc_204_load_reload|        scalar|
|acc_220_load_reload   |   in|   32|     ap_none|                      acc_220_load_reload|        scalar|
|acc_236_load_reload   |   in|   32|     ap_none|                      acc_236_load_reload|        scalar|
|acc_252_load_reload   |   in|   32|     ap_none|                      acc_252_load_reload|        scalar|
|acc_13_load_reload    |   in|   32|     ap_none|                       acc_13_load_reload|        scalar|
|acc_29_load_reload    |   in|   32|     ap_none|                       acc_29_load_reload|        scalar|
|acc_45_load_reload    |   in|   32|     ap_none|                       acc_45_load_reload|        scalar|
|acc_61_load_reload    |   in|   32|     ap_none|                       acc_61_load_reload|        scalar|
|acc_77_load_reload    |   in|   32|     ap_none|                       acc_77_load_reload|        scalar|
|acc_93_load_reload    |   in|   32|     ap_none|                       acc_93_load_reload|        scalar|
|acc_109_load_reload   |   in|   32|     ap_none|                      acc_109_load_reload|        scalar|
|acc_125_load_reload   |   in|   32|     ap_none|                      acc_125_load_reload|        scalar|
|acc_141_load_reload   |   in|   32|     ap_none|                      acc_141_load_reload|        scalar|
|acc_157_load_reload   |   in|   32|     ap_none|                      acc_157_load_reload|        scalar|
|acc_173_load_reload   |   in|   32|     ap_none|                      acc_173_load_reload|        scalar|
|acc_189_load_reload   |   in|   32|     ap_none|                      acc_189_load_reload|        scalar|
|acc_205_load_reload   |   in|   32|     ap_none|                      acc_205_load_reload|        scalar|
|acc_221_load_reload   |   in|   32|     ap_none|                      acc_221_load_reload|        scalar|
|acc_237_load_reload   |   in|   32|     ap_none|                      acc_237_load_reload|        scalar|
|acc_253_load_reload   |   in|   32|     ap_none|                      acc_253_load_reload|        scalar|
|acc_14_load_reload    |   in|   32|     ap_none|                       acc_14_load_reload|        scalar|
|acc_30_load_reload    |   in|   32|     ap_none|                       acc_30_load_reload|        scalar|
|acc_46_load_reload    |   in|   32|     ap_none|                       acc_46_load_reload|        scalar|
|acc_62_load_reload    |   in|   32|     ap_none|                       acc_62_load_reload|        scalar|
|acc_78_load_reload    |   in|   32|     ap_none|                       acc_78_load_reload|        scalar|
|acc_94_load_reload    |   in|   32|     ap_none|                       acc_94_load_reload|        scalar|
|acc_110_load_reload   |   in|   32|     ap_none|                      acc_110_load_reload|        scalar|
|acc_126_load_reload   |   in|   32|     ap_none|                      acc_126_load_reload|        scalar|
|acc_142_load_reload   |   in|   32|     ap_none|                      acc_142_load_reload|        scalar|
|acc_158_load_reload   |   in|   32|     ap_none|                      acc_158_load_reload|        scalar|
|acc_174_load_reload   |   in|   32|     ap_none|                      acc_174_load_reload|        scalar|
|acc_190_load_reload   |   in|   32|     ap_none|                      acc_190_load_reload|        scalar|
|acc_206_load_reload   |   in|   32|     ap_none|                      acc_206_load_reload|        scalar|
|acc_222_load_reload   |   in|   32|     ap_none|                      acc_222_load_reload|        scalar|
|acc_238_load_reload   |   in|   32|     ap_none|                      acc_238_load_reload|        scalar|
|acc_254_load_reload   |   in|   32|     ap_none|                      acc_254_load_reload|        scalar|
|acc_15_load_reload    |   in|   32|     ap_none|                       acc_15_load_reload|        scalar|
|acc_31_load_reload    |   in|   32|     ap_none|                       acc_31_load_reload|        scalar|
|acc_47_load_reload    |   in|   32|     ap_none|                       acc_47_load_reload|        scalar|
|acc_63_load_reload    |   in|   32|     ap_none|                       acc_63_load_reload|        scalar|
|acc_79_load_reload    |   in|   32|     ap_none|                       acc_79_load_reload|        scalar|
|acc_95_load_reload    |   in|   32|     ap_none|                       acc_95_load_reload|        scalar|
|acc_111_load_reload   |   in|   32|     ap_none|                      acc_111_load_reload|        scalar|
|acc_127_load_reload   |   in|   32|     ap_none|                      acc_127_load_reload|        scalar|
|acc_143_load_reload   |   in|   32|     ap_none|                      acc_143_load_reload|        scalar|
|acc_159_load_reload   |   in|   32|     ap_none|                      acc_159_load_reload|        scalar|
|acc_175_load_reload   |   in|   32|     ap_none|                      acc_175_load_reload|        scalar|
|acc_191_load_reload   |   in|   32|     ap_none|                      acc_191_load_reload|        scalar|
|acc_207_load_reload   |   in|   32|     ap_none|                      acc_207_load_reload|        scalar|
|acc_223_load_reload   |   in|   32|     ap_none|                      acc_223_load_reload|        scalar|
|acc_239_load_reload   |   in|   32|     ap_none|                      acc_239_load_reload|        scalar|
|acc_255_load_reload   |   in|   32|     ap_none|                      acc_255_load_reload|        scalar|
|d_buf_1_val           |   in|   32|     ap_none|                              d_buf_1_val|        scalar|
|d_buf_3_val           |   in|   32|     ap_none|                              d_buf_3_val|        scalar|
|d_buf_5_val           |   in|   32|     ap_none|                              d_buf_5_val|        scalar|
|d_buf_7_val           |   in|   32|     ap_none|                              d_buf_7_val|        scalar|
|d_buf_9_val           |   in|   32|     ap_none|                              d_buf_9_val|        scalar|
|d_buf_11_val          |   in|   32|     ap_none|                             d_buf_11_val|        scalar|
|d_buf_13_val          |   in|   32|     ap_none|                             d_buf_13_val|        scalar|
|d_buf_15_val          |   in|   32|     ap_none|                             d_buf_15_val|        scalar|
|d_buf_17_val          |   in|   32|     ap_none|                             d_buf_17_val|        scalar|
|d_buf_19_val          |   in|   32|     ap_none|                             d_buf_19_val|        scalar|
|d_buf_21_val          |   in|   32|     ap_none|                             d_buf_21_val|        scalar|
|d_buf_23_val          |   in|   32|     ap_none|                             d_buf_23_val|        scalar|
|d_buf_25_val          |   in|   32|     ap_none|                             d_buf_25_val|        scalar|
|d_buf_27_val          |   in|   32|     ap_none|                             d_buf_27_val|        scalar|
|d_buf_29_val          |   in|   32|     ap_none|                             d_buf_29_val|        scalar|
|d_buf_31_val          |   in|   32|     ap_none|                             d_buf_31_val|        scalar|
|total_out             |  out|   32|      ap_vld|                                total_out|       pointer|
|total_out_ap_vld      |  out|    1|      ap_vld|                                total_out|       pointer|
+----------------------+-----+-----+------------+-----------------------------------------+--------------+

