

================================================================
== Vitis HLS Report for 'p_hls_fptosi_float_i32'
================================================================
* Date:           Thu Apr  2 09:23:59 2026

* Version:        2025.1 (Build 6135595 on May 21 2025)
* Project:        swiglu
* Solution:       hls (Vivado IP Flow Target)
* Product family: zynquplus
* Target device:  xck26-sfvc784-2LV-c


================================================================
== Performance Estimates
================================================================
+ Timing: 
    * Summary: 
    +--------+---------+----------+------------+
    |  Clock |  Target | Estimated| Uncertainty|
    +--------+---------+----------+------------+
    |ap_clk  |  4.00 ns|  2.551 ns|     1.08 ns|
    +--------+---------+----------+------------+

+ Latency: 
    * Summary: 
    +---------+---------+----------+----------+-----+-----+---------+
    |  Latency (cycles) |  Latency (absolute) |  Interval | Pipeline|
    |   min   |   max   |    min   |    max   | min | max |   Type  |
    +---------+---------+----------+----------+-----+-----+---------+
    |        1|        1|  4.000 ns|  4.000 ns|    1|    1|      yes|
    +---------+---------+----------+----------+-----+-----+---------+

    + Detail: 
        * Instance: 
        N/A

        * Loop: 
        N/A



================================================================
== Utilization Estimates
================================================================
* Summary: 
+-----------------+---------+------+--------+--------+-----+
|       Name      | BRAM_18K|  DSP |   FF   |   LUT  | URAM|
+-----------------+---------+------+--------+--------+-----+
|DSP              |        -|     -|       -|       -|    -|
|Expression       |        -|     -|       0|     625|    -|
|FIFO             |        -|     -|       -|       -|    -|
|Instance         |        -|     -|       -|       -|    -|
|Memory           |        -|     -|       -|       -|    -|
|Multiplexer      |        -|     -|       -|       -|    -|
|Register         |        -|     -|      68|       -|    -|
+-----------------+---------+------+--------+--------+-----+
|Total            |        0|     0|      68|     625|    0|
+-----------------+---------+------+--------+--------+-----+
|Available        |      288|  1248|  234240|  117120|   64|
+-----------------+---------+------+--------+--------+-----+
|Utilization (%)  |        0|     0|      ~0|      ~0|    0|
+-----------------+---------+------+--------+--------+-----+

+ Detail: 
    * Instance: 
    N/A

    * DSP: 
    N/A

    * Memory: 
    N/A

    * FIFO: 
    N/A

    * Expression: 
    +-----------------------+----------+----+---+-----+------------+------------+
    |     Variable Name     | Operation| DSP| FF| LUT | Bitwidth P0| Bitwidth P1|
    +-----------------------+----------+----+---+-----+------------+------------+
    |add_ln317_fu_82_p2     |         +|   0|  0|   16|           9|           8|
    |result_1_fu_159_p2     |         -|   0|  0|   39|           1|          32|
    |sub_ln18_fu_96_p2      |         -|   0|  0|   15|           7|           8|
    |lshr_ln18_fu_122_p2    |      lshr|   0|  0|  240|          79|          79|
    |ap_return              |    select|   0|  0|   32|           1|          32|
    |select_ln18_fu_106_p3  |    select|   0|  0|    9|           1|           9|
    |val_fu_154_p3          |    select|   0|  0|   32|           1|          32|
    |shl_ln18_fu_128_p2     |       shl|   0|  0|  240|          79|          79|
    |ap_enable_pp0          |       xor|   0|  0|    2|           1|           2|
    +-----------------------+----------+----+---+-----+------------+------------+
    |Total                  |          |   0|  0|  625|         179|         281|
    +-----------------------+----------+----+---+-----+------------+------------+

    * Multiplexer: 
    N/A

    * Register: 
    +-------------------------+----+----+-----+-----------+
    |           Name          | FF | LUT| Bits| Const Bits|
    +-------------------------+----+----+-----+-----------+
    |ap_CS_fsm                |   1|   0|    1|          0|
    |ap_enable_reg_pp0_iter1  |   1|   0|    1|          0|
    |tmp_887_reg_187          |  32|   0|   32|          0|
    |tmp_reg_177              |   1|   0|    1|          0|
    |tmp_s_reg_182            |  32|   0|   32|          0|
    |xs_sign_reg_172          |   1|   0|    1|          0|
    +-------------------------+----+----+-----+-----------+
    |Total                    |  68|   0|   68|          0|
    +-------------------------+----+----+-----+-----------+



================================================================
== Interface
================================================================
* Summary: 
+-----------+-----+-----+------------+------------------------+--------------+
| RTL Ports | Dir | Bits|  Protocol  |      Source Object     |    C Type    |
+-----------+-----+-----+------------+------------------------+--------------+
|ap_clk     |   in|    1|  ap_ctrl_hs|  __hls_fptosi_float_i32|  return value|
|ap_rst     |   in|    1|  ap_ctrl_hs|  __hls_fptosi_float_i32|  return value|
|ap_start   |   in|    1|  ap_ctrl_hs|  __hls_fptosi_float_i32|  return value|
|ap_done    |  out|    1|  ap_ctrl_hs|  __hls_fptosi_float_i32|  return value|
|ap_idle    |  out|    1|  ap_ctrl_hs|  __hls_fptosi_float_i32|  return value|
|ap_ready   |  out|    1|  ap_ctrl_hs|  __hls_fptosi_float_i32|  return value|
|ap_return  |  out|   32|  ap_ctrl_hs|  __hls_fptosi_float_i32|  return value|
|x          |   in|   32|     ap_none|                       x|        scalar|
+-----------+-----+-----+------------+------------------------+--------------+

