

================================================================
== Vitis HLS Report for 'compute_gate_Pipeline_GATE_PASS111'
================================================================
* Date:           Thu Apr  2 13:36:20 2026

* Version:        2025.1 (Build 6135595 on May 21 2025)
* Project:        swiglu
* Solution:       hls (Vivado IP Flow Target)
* Product family: zynquplus
* Target device:  xck26-sfvc784-2LV-c


================================================================
== Performance Estimates
================================================================
+ Timing: 
    * Summary: 
    +--------+---------+----------+------------+
    |  Clock |  Target | Estimated| Uncertainty|
    +--------+---------+----------+------------+
    |ap_clk  |  4.00 ns|  3.239 ns|     1.08 ns|
    +--------+---------+----------+------------+

+ Latency: 
    * Summary: 
    +---------+---------+-----------+-----------+------+------+------------------------------------------------+
    |  Latency (cycles) |   Latency (absolute)  |   Interval  |                    Pipeline                    |
    |   min   |   max   |    min    |    max    |  min |  max |                      Type                      |
    +---------+---------+-----------+-----------+------+------+------------------------------------------------+
    |     8245|     8245|  32.980 us|  32.980 us|  8193|  8193|  loop auto-rewind stp (delay=0 clock cycles(s))|
    +---------+---------+-----------+-----------+------+------+------------------------------------------------+

    + Detail: 
        * Instance: 
        N/A

        * Loop: 
        +--------------+---------+---------+----------+-----------+-----------+------+----------+
        |              |  Latency (cycles) | Iteration|  Initiation Interval  | Trip |          |
        |   Loop Name  |   min   |   max   |  Latency |  achieved |   target  | Count| Pipelined|
        +--------------+---------+---------+----------+-----------+-----------+------+----------+
        |- GATE_PASS1  |     8243|     8243|        53|          1|          1|  8192|       yes|
        +--------------+---------+---------+----------+-----------+-----------+------+----------+

============================================================
+ Verbose Summary: Synthesis Manager
============================================================
InlineROM: 1
ExposeGlobal: 0
============================================================
+ Verbose Summary: CDFG Model
============================================================
IsTopModel: 0
ResetActiveHigh: 1
IsCombinational: 0
IsDatapathOnly: 0
HasWiredReturn: 1
HasMFsm: 2
HasVarLatency: 1
IsPipeline: 0
IsRtlPipelined: 0
IsInstanceOverlapped: 0
IsDontTouch: 0
HasImplIP: 0
IsGatedGlobalClock: 0

+ Individual pipeline summary: 
  * Pipeline-0: initiation interval (II) = 1, depth = 53


============================================================
+ Verbose Summary: Schedule
============================================================
* Number of FSM states : 53
* Pipeline : 1
  Pipeline-0 : II = 1, D = 53, States = { 1 2 3 4 5 6 7 8 9 10 11 12 13 14 15 16 17 18 19 20 21 22 23 24 25 26 27 28 29 30 31 32 33 34 35 36 37 38 39 40 41 42 43 44 45 46 47 48 49 50 51 52 53 }
* Dataflow Pipeline: 0

* FSM state transitions: 
1 --> 2 
2 --> 3 
3 --> 4 
4 --> 5 
5 --> 6 
6 --> 7 
7 --> 8 
8 --> 9 
9 --> 10 
10 --> 11 
11 --> 12 
12 --> 13 
13 --> 14 
14 --> 15 
15 --> 16 
16 --> 17 
17 --> 18 
18 --> 19 
19 --> 20 
20 --> 21 
21 --> 22 
22 --> 23 
23 --> 24 
24 --> 25 
25 --> 26 
26 --> 27 
27 --> 28 
28 --> 29 
29 --> 30 
30 --> 31 
31 --> 32 
32 --> 33 
33 --> 34 
34 --> 35 
35 --> 36 
36 --> 37 
37 --> 38 
38 --> 39 
39 --> 40 
40 --> 41 
41 --> 42 
42 --> 43 
43 --> 44 
44 --> 45 
45 --> 46 
46 --> 47 
47 --> 48 
48 --> 49 
49 --> 50 
50 --> 51 
51 --> 52 
52 --> 53 
53 --> 

* FSM state operations: 

State 1 <SV = 0> <Delay = 1.68>
ST_1 : Operation 56 [1/1] (0.00ns)   --->   "%j_2 = alloca i32 1" [swiglu.cpp:287->swiglu.cpp:716]   --->   Operation 56 'alloca' 'j_2' <Predicate = true> <Delay = 0.00>
ST_1 : Operation 57 [1/1] (0.00ns)   --->   "%specmemcore_ln0 = specmemcore void @_ssdm_op_SpecMemCore, i8 %X1_cache, i64 666, i64 22, i64 18446744073709551615"   --->   Operation 57 'specmemcore' 'specmemcore_ln0' <Predicate = true> <Delay = 0.00>
ST_1 : Operation 58 [1/1] (0.00ns)   --->   "%specmemcore_ln0 = specmemcore void @_ssdm_op_SpecMemCore, i8 %X2_cache, i64 666, i64 22, i64 18446744073709551615"   --->   Operation 58 'specmemcore' 'specmemcore_ln0' <Predicate = true> <Delay = 0.00>
ST_1 : Operation 59 [1/1] (0.00ns)   --->   "%specmemcore_ln0 = specmemcore void @_ssdm_op_SpecMemCore, i32 %sigmoid_lut, i64 666, i64 34, i64 18446744073709551615"   --->   Operation 59 'specmemcore' 'specmemcore_ln0' <Predicate = true> <Delay = 0.00>
ST_1 : Operation 60 [1/1] (0.42ns)   --->   "%store_ln287 = store i14 0, i14 %j_2" [swiglu.cpp:287->swiglu.cpp:716]   --->   Operation 60 'store' 'store_ln287' <Predicate = true> <Delay = 0.42>
ST_1 : Operation 61 [1/1] (0.00ns)   --->   "%br_ln0 = br void %for.body4.1.i"   --->   Operation 61 'br' 'br_ln0' <Predicate = true> <Delay = 0.00>
ST_1 : Operation 62 [1/1] (0.00ns)   --->   "%j = load i14 %j_2" [swiglu.cpp:287->swiglu.cpp:716]   --->   Operation 62 'load' 'j' <Predicate = true> <Delay = 0.00>
ST_1 : Operation 63 [1/1] (0.83ns)   --->   "%icmp_ln287 = icmp_eq  i14 %j, i14 8192" [swiglu.cpp:287->swiglu.cpp:716]   --->   Operation 63 'icmp' 'icmp_ln287' <Predicate = true> <Delay = 0.83> <CoreInst = "Cmp">   --->   Core 9 'Cmp' <Latency = 0> <II = 1> <Delay = 0.83> <FuncUnit> <Opcode : 'seteq' 'setne' 'setle' 'setge' 'setlt' 'setgt'> <InPorts = 2> <OutPorts = 1>
ST_1 : Operation 64 [1/1] (0.83ns)   --->   "%add_ln287 = add i14 %j, i14 1" [swiglu.cpp:287->swiglu.cpp:716]   --->   Operation 64 'add' 'add_ln287' <Predicate = true> <Delay = 0.83> <CoreInst = "Adder">   --->   Core 1 'Adder' <Latency = 0> <II = 1> <Delay = 0.83> <FuncUnit> <Opcode : 'add' 'sub'> <InPorts = 2> <OutPorts = 1>
ST_1 : Operation 65 [1/1] (0.00ns)   --->   "%br_ln287 = br i1 %icmp_ln287, void %for.body4.1.i.split, void %for.body35.1.i.exitStub" [swiglu.cpp:287->swiglu.cpp:716]   --->   Operation 65 'br' 'br_ln287' <Predicate = true> <Delay = 0.00>
ST_1 : Operation 66 [1/1] (0.00ns)   --->   "%trunc_ln289 = trunc i14 %j" [swiglu.cpp:289->swiglu.cpp:716]   --->   Operation 66 'trunc' 'trunc_ln289' <Predicate = (!icmp_ln287)> <Delay = 0.00>
ST_1 : Operation 67 [1/1] (0.00ns)   --->   "%add_ln = bitconcatenate i14 @_ssdm_op_BitConcatenate.i14.i1.i13, i1 1, i13 %trunc_ln289" [swiglu.cpp:289->swiglu.cpp:716]   --->   Operation 67 'bitconcatenate' 'add_ln' <Predicate = (!icmp_ln287)> <Delay = 0.00>
ST_1 : Operation 68 [1/1] (0.00ns)   --->   "%zext_ln289 = zext i14 %add_ln" [swiglu.cpp:289->swiglu.cpp:716]   --->   Operation 68 'zext' 'zext_ln289' <Predicate = (!icmp_ln287)> <Delay = 0.00>
ST_1 : Operation 69 [1/1] (0.00ns)   --->   "%X1_cache_addr = getelementptr i8 %X1_cache, i64 0, i64 %zext_ln289" [swiglu.cpp:289->swiglu.cpp:716]   --->   Operation 69 'getelementptr' 'X1_cache_addr' <Predicate = (!icmp_ln287)> <Delay = 0.00>
ST_1 : Operation 70 [2/2] (1.23ns)   --->   "%X1_cache_load = load i15 %X1_cache_addr" [swiglu.cpp:289->swiglu.cpp:716]   --->   Operation 70 'load' 'X1_cache_load' <Predicate = (!icmp_ln287)> <Delay = 1.23> <CoreInst = "RAM_2P_BRAM">   --->   Core 93 'RAM_2P_BRAM' <Latency = 1> <II = 1> <Delay = 1.23> <Storage> <Opcode : 'load' 'store'> <Ports = 2> <Width = 8> <Depth = 32768> <RAM>
ST_1 : Operation 71 [1/1] (0.00ns)   --->   "%trunc_ln297 = trunc i14 %j" [swiglu.cpp:297->swiglu.cpp:716]   --->   Operation 71 'trunc' 'trunc_ln297' <Predicate = (!icmp_ln287)> <Delay = 0.00>
ST_1 : Operation 72 [1/1] (0.42ns)   --->   "%store_ln287 = store i14 %add_ln287, i14 %j_2" [swiglu.cpp:287->swiglu.cpp:716]   --->   Operation 72 'store' 'store_ln287' <Predicate = (!icmp_ln287)> <Delay = 0.42>
ST_1 : Operation 73 [1/1] (0.00ns)   --->   "%br_ln287 = br void %for.body4.1.i" [swiglu.cpp:287->swiglu.cpp:716]   --->   Operation 73 'br' 'br_ln287' <Predicate = (!icmp_ln287)> <Delay = 0.00>

State 2 <SV = 1> <Delay = 1.23>
ST_2 : Operation 74 [1/2] ( I:1.23ns O:1.23ns )   --->   "%X1_cache_load = load i15 %X1_cache_addr" [swiglu.cpp:289->swiglu.cpp:716]   --->   Operation 74 'load' 'X1_cache_load' <Predicate = true> <Delay = 1.23> <CoreInst = "RAM_2P_BRAM">   --->   Core 93 'RAM_2P_BRAM' <Latency = 1> <II = 1> <Delay = 1.23> <Storage> <Opcode : 'load' 'store'> <Ports = 2> <Width = 8> <Depth = 32768> <RAM>

State 3 <SV = 2> <Delay = 3.23>
ST_3 : Operation 75 [1/1] (0.00ns)   --->   "%sext_ln289 = sext i8 %X1_cache_load" [swiglu.cpp:289->swiglu.cpp:716]   --->   Operation 75 'sext' 'sext_ln289' <Predicate = true> <Delay = 0.00>
ST_3 : Operation 76 [7/7] (3.23ns)   --->   "%conv_1_i = sitofp i32 %sext_ln289" [swiglu.cpp:289->swiglu.cpp:716]   --->   Operation 76 'sitofp' 'conv_1_i' <Predicate = true> <Delay = 3.23> <CoreInst = "Int2Float">   --->   Core 62 'Int2Float' <Latency = 6> <II = 1> <Delay = 3.23> <FuncUnit> <Opcode : 'uitofp' 'sitofp'> <InPorts = 1> <OutPorts = 1>

State 4 <SV = 3> <Delay = 3.23>
ST_4 : Operation 77 [6/7] (3.23ns)   --->   "%conv_1_i = sitofp i32 %sext_ln289" [swiglu.cpp:289->swiglu.cpp:716]   --->   Operation 77 'sitofp' 'conv_1_i' <Predicate = true> <Delay = 3.23> <CoreInst = "Int2Float">   --->   Core 62 'Int2Float' <Latency = 6> <II = 1> <Delay = 3.23> <FuncUnit> <Opcode : 'uitofp' 'sitofp'> <InPorts = 1> <OutPorts = 1>

State 5 <SV = 4> <Delay = 3.23>
ST_5 : Operation 78 [5/7] (3.23ns)   --->   "%conv_1_i = sitofp i32 %sext_ln289" [swiglu.cpp:289->swiglu.cpp:716]   --->   Operation 78 'sitofp' 'conv_1_i' <Predicate = true> <Delay = 3.23> <CoreInst = "Int2Float">   --->   Core 62 'Int2Float' <Latency = 6> <II = 1> <Delay = 3.23> <FuncUnit> <Opcode : 'uitofp' 'sitofp'> <InPorts = 1> <OutPorts = 1>

State 6 <SV = 5> <Delay = 3.23>
ST_6 : Operation 79 [4/7] (3.23ns)   --->   "%conv_1_i = sitofp i32 %sext_ln289" [swiglu.cpp:289->swiglu.cpp:716]   --->   Operation 79 'sitofp' 'conv_1_i' <Predicate = true> <Delay = 3.23> <CoreInst = "Int2Float">   --->   Core 62 'Int2Float' <Latency = 6> <II = 1> <Delay = 3.23> <FuncUnit> <Opcode : 'uitofp' 'sitofp'> <InPorts = 1> <OutPorts = 1>

State 7 <SV = 6> <Delay = 3.23>
ST_7 : Operation 80 [3/7] (3.23ns)   --->   "%conv_1_i = sitofp i32 %sext_ln289" [swiglu.cpp:289->swiglu.cpp:716]   --->   Operation 80 'sitofp' 'conv_1_i' <Predicate = true> <Delay = 3.23> <CoreInst = "Int2Float">   --->   Core 62 'Int2Float' <Latency = 6> <II = 1> <Delay = 3.23> <FuncUnit> <Opcode : 'uitofp' 'sitofp'> <InPorts = 1> <OutPorts = 1>

State 8 <SV = 7> <Delay = 3.23>
ST_8 : Operation 81 [2/7] (3.23ns)   --->   "%conv_1_i = sitofp i32 %sext_ln289" [swiglu.cpp:289->swiglu.cpp:716]   --->   Operation 81 'sitofp' 'conv_1_i' <Predicate = true> <Delay = 3.23> <CoreInst = "Int2Float">   --->   Core 62 'Int2Float' <Latency = 6> <II = 1> <Delay = 3.23> <FuncUnit> <Opcode : 'uitofp' 'sitofp'> <InPorts = 1> <OutPorts = 1>

State 9 <SV = 8> <Delay = 3.23>
ST_9 : Operation 82 [1/7] (3.23ns)   --->   "%conv_1_i = sitofp i32 %sext_ln289" [swiglu.cpp:289->swiglu.cpp:716]   --->   Operation 82 'sitofp' 'conv_1_i' <Predicate = true> <Delay = 3.23> <CoreInst = "Int2Float">   --->   Core 62 'Int2Float' <Latency = 6> <II = 1> <Delay = 3.23> <FuncUnit> <Opcode : 'uitofp' 'sitofp'> <InPorts = 1> <OutPorts = 1>

State 10 <SV = 9> <Delay = 2.56>
ST_10 : Operation 83 [6/6] (2.56ns)   --->   "%z = fmul i32 %conv_1_i, i32 0.0787402" [swiglu.cpp:289->swiglu.cpp:716]   --->   Operation 83 'fmul' 'z' <Predicate = true> <Delay = 2.56> <CoreInst = "FMul_maxdsp">   --->   Core 30 'FMul_maxdsp' <Latency = 5> <II = 1> <Delay = 2.56> <FuncUnit> <Opcode : 'fmul'> <InPorts = 2> <OutPorts = 1>

State 11 <SV = 10> <Delay = 2.56>
ST_11 : Operation 84 [5/6] (2.56ns)   --->   "%z = fmul i32 %conv_1_i, i32 0.0787402" [swiglu.cpp:289->swiglu.cpp:716]   --->   Operation 84 'fmul' 'z' <Predicate = true> <Delay = 2.56> <CoreInst = "FMul_maxdsp">   --->   Core 30 'FMul_maxdsp' <Latency = 5> <II = 1> <Delay = 2.56> <FuncUnit> <Opcode : 'fmul'> <InPorts = 2> <OutPorts = 1>

State 12 <SV = 11> <Delay = 2.56>
ST_12 : Operation 85 [4/6] (2.56ns)   --->   "%z = fmul i32 %conv_1_i, i32 0.0787402" [swiglu.cpp:289->swiglu.cpp:716]   --->   Operation 85 'fmul' 'z' <Predicate = true> <Delay = 2.56> <CoreInst = "FMul_maxdsp">   --->   Core 30 'FMul_maxdsp' <Latency = 5> <II = 1> <Delay = 2.56> <FuncUnit> <Opcode : 'fmul'> <InPorts = 2> <OutPorts = 1>

State 13 <SV = 12> <Delay = 2.56>
ST_13 : Operation 86 [3/6] (2.56ns)   --->   "%z = fmul i32 %conv_1_i, i32 0.0787402" [swiglu.cpp:289->swiglu.cpp:716]   --->   Operation 86 'fmul' 'z' <Predicate = true> <Delay = 2.56> <CoreInst = "FMul_maxdsp">   --->   Core 30 'FMul_maxdsp' <Latency = 5> <II = 1> <Delay = 2.56> <FuncUnit> <Opcode : 'fmul'> <InPorts = 2> <OutPorts = 1>

State 14 <SV = 13> <Delay = 2.56>
ST_14 : Operation 87 [2/6] (2.56ns)   --->   "%z = fmul i32 %conv_1_i, i32 0.0787402" [swiglu.cpp:289->swiglu.cpp:716]   --->   Operation 87 'fmul' 'z' <Predicate = true> <Delay = 2.56> <CoreInst = "FMul_maxdsp">   --->   Core 30 'FMul_maxdsp' <Latency = 5> <II = 1> <Delay = 2.56> <FuncUnit> <Opcode : 'fmul'> <InPorts = 2> <OutPorts = 1>

State 15 <SV = 14> <Delay = 2.56>
ST_15 : Operation 88 [1/6] (2.56ns)   --->   "%z = fmul i32 %conv_1_i, i32 0.0787402" [swiglu.cpp:289->swiglu.cpp:716]   --->   Operation 88 'fmul' 'z' <Predicate = true> <Delay = 2.56> <CoreInst = "FMul_maxdsp">   --->   Core 30 'FMul_maxdsp' <Latency = 5> <II = 1> <Delay = 2.56> <FuncUnit> <Opcode : 'fmul'> <InPorts = 2> <OutPorts = 1>

State 16 <SV = 15> <Delay = 2.46>
ST_16 : Operation 89 [10/10] (2.46ns)   --->   "%add_1_i = fadd i32 %z, i32 8" [swiglu.cpp:291->swiglu.cpp:716]   --->   Operation 89 'fadd' 'add_1_i' <Predicate = true> <Delay = 2.46> <CoreInst = "FAddSub_fulldsp">   --->   Core 18 'FAddSub_fulldsp' <Latency = 9> <II = 1> <Delay = 2.46> <FuncUnit> <Opcode : 'fadd' 'fsub'> <InPorts = 2> <OutPorts = 1>

State 17 <SV = 16> <Delay = 2.46>
ST_17 : Operation 90 [9/10] (2.46ns)   --->   "%add_1_i = fadd i32 %z, i32 8" [swiglu.cpp:291->swiglu.cpp:716]   --->   Operation 90 'fadd' 'add_1_i' <Predicate = true> <Delay = 2.46> <CoreInst = "FAddSub_fulldsp">   --->   Core 18 'FAddSub_fulldsp' <Latency = 9> <II = 1> <Delay = 2.46> <FuncUnit> <Opcode : 'fadd' 'fsub'> <InPorts = 2> <OutPorts = 1>

State 18 <SV = 17> <Delay = 2.46>
ST_18 : Operation 91 [8/10] (2.46ns)   --->   "%add_1_i = fadd i32 %z, i32 8" [swiglu.cpp:291->swiglu.cpp:716]   --->   Operation 91 'fadd' 'add_1_i' <Predicate = true> <Delay = 2.46> <CoreInst = "FAddSub_fulldsp">   --->   Core 18 'FAddSub_fulldsp' <Latency = 9> <II = 1> <Delay = 2.46> <FuncUnit> <Opcode : 'fadd' 'fsub'> <InPorts = 2> <OutPorts = 1>

State 19 <SV = 18> <Delay = 2.46>
ST_19 : Operation 92 [7/10] (2.46ns)   --->   "%add_1_i = fadd i32 %z, i32 8" [swiglu.cpp:291->swiglu.cpp:716]   --->   Operation 92 'fadd' 'add_1_i' <Predicate = true> <Delay = 2.46> <CoreInst = "FAddSub_fulldsp">   --->   Core 18 'FAddSub_fulldsp' <Latency = 9> <II = 1> <Delay = 2.46> <FuncUnit> <Opcode : 'fadd' 'fsub'> <InPorts = 2> <OutPorts = 1>

State 20 <SV = 19> <Delay = 2.46>
ST_20 : Operation 93 [6/10] (2.46ns)   --->   "%add_1_i = fadd i32 %z, i32 8" [swiglu.cpp:291->swiglu.cpp:716]   --->   Operation 93 'fadd' 'add_1_i' <Predicate = true> <Delay = 2.46> <CoreInst = "FAddSub_fulldsp">   --->   Core 18 'FAddSub_fulldsp' <Latency = 9> <II = 1> <Delay = 2.46> <FuncUnit> <Opcode : 'fadd' 'fsub'> <InPorts = 2> <OutPorts = 1>

State 21 <SV = 20> <Delay = 2.46>
ST_21 : Operation 94 [5/10] (2.46ns)   --->   "%add_1_i = fadd i32 %z, i32 8" [swiglu.cpp:291->swiglu.cpp:716]   --->   Operation 94 'fadd' 'add_1_i' <Predicate = true> <Delay = 2.46> <CoreInst = "FAddSub_fulldsp">   --->   Core 18 'FAddSub_fulldsp' <Latency = 9> <II = 1> <Delay = 2.46> <FuncUnit> <Opcode : 'fadd' 'fsub'> <InPorts = 2> <OutPorts = 1>

State 22 <SV = 21> <Delay = 2.46>
ST_22 : Operation 95 [4/10] (2.46ns)   --->   "%add_1_i = fadd i32 %z, i32 8" [swiglu.cpp:291->swiglu.cpp:716]   --->   Operation 95 'fadd' 'add_1_i' <Predicate = true> <Delay = 2.46> <CoreInst = "FAddSub_fulldsp">   --->   Core 18 'FAddSub_fulldsp' <Latency = 9> <II = 1> <Delay = 2.46> <FuncUnit> <Opcode : 'fadd' 'fsub'> <InPorts = 2> <OutPorts = 1>

State 23 <SV = 22> <Delay = 2.46>
ST_23 : Operation 96 [3/10] (2.46ns)   --->   "%add_1_i = fadd i32 %z, i32 8" [swiglu.cpp:291->swiglu.cpp:716]   --->   Operation 96 'fadd' 'add_1_i' <Predicate = true> <Delay = 2.46> <CoreInst = "FAddSub_fulldsp">   --->   Core 18 'FAddSub_fulldsp' <Latency = 9> <II = 1> <Delay = 2.46> <FuncUnit> <Opcode : 'fadd' 'fsub'> <InPorts = 2> <OutPorts = 1>

State 24 <SV = 23> <Delay = 2.46>
ST_24 : Operation 97 [2/10] (2.46ns)   --->   "%add_1_i = fadd i32 %z, i32 8" [swiglu.cpp:291->swiglu.cpp:716]   --->   Operation 97 'fadd' 'add_1_i' <Predicate = true> <Delay = 2.46> <CoreInst = "FAddSub_fulldsp">   --->   Core 18 'FAddSub_fulldsp' <Latency = 9> <II = 1> <Delay = 2.46> <FuncUnit> <Opcode : 'fadd' 'fsub'> <InPorts = 2> <OutPorts = 1>

State 25 <SV = 24> <Delay = 2.46>
ST_25 : Operation 98 [1/10] (2.46ns)   --->   "%add_1_i = fadd i32 %z, i32 8" [swiglu.cpp:291->swiglu.cpp:716]   --->   Operation 98 'fadd' 'add_1_i' <Predicate = true> <Delay = 2.46> <CoreInst = "FAddSub_fulldsp">   --->   Core 18 'FAddSub_fulldsp' <Latency = 9> <II = 1> <Delay = 2.46> <FuncUnit> <Opcode : 'fadd' 'fsub'> <InPorts = 2> <OutPorts = 1>

State 26 <SV = 25> <Delay = 2.56>
ST_26 : Operation 99 [6/6] (2.56ns)   --->   "%scaled = fmul i32 %add_1_i, i32 256" [swiglu.cpp:291->swiglu.cpp:716]   --->   Operation 99 'fmul' 'scaled' <Predicate = true> <Delay = 2.56> <CoreInst = "FMul_maxdsp">   --->   Core 30 'FMul_maxdsp' <Latency = 5> <II = 1> <Delay = 2.56> <FuncUnit> <Opcode : 'fmul'> <InPorts = 2> <OutPorts = 1>

State 27 <SV = 26> <Delay = 2.56>
ST_27 : Operation 100 [1/1] (0.00ns)   --->   "%X2_cache_addr = getelementptr i8 %X2_cache, i64 0, i64 %zext_ln289" [swiglu.cpp:290->swiglu.cpp:716]   --->   Operation 100 'getelementptr' 'X2_cache_addr' <Predicate = true> <Delay = 0.00>
ST_27 : Operation 101 [2/2] (1.23ns)   --->   "%X2_cache_load = load i15 %X2_cache_addr" [swiglu.cpp:290->swiglu.cpp:716]   --->   Operation 101 'load' 'X2_cache_load' <Predicate = true> <Delay = 1.23> <CoreInst = "RAM_2P_BRAM">   --->   Core 93 'RAM_2P_BRAM' <Latency = 1> <II = 1> <Delay = 1.23> <Storage> <Opcode : 'load' 'store'> <Ports = 2> <Width = 8> <Depth = 32768> <RAM>
ST_27 : Operation 102 [5/6] (2.56ns)   --->   "%scaled = fmul i32 %add_1_i, i32 256" [swiglu.cpp:291->swiglu.cpp:716]   --->   Operation 102 'fmul' 'scaled' <Predicate = true> <Delay = 2.56> <CoreInst = "FMul_maxdsp">   --->   Core 30 'FMul_maxdsp' <Latency = 5> <II = 1> <Delay = 2.56> <FuncUnit> <Opcode : 'fmul'> <InPorts = 2> <OutPorts = 1>

State 28 <SV = 27> <Delay = 2.56>
ST_28 : Operation 103 [1/2] ( I:1.23ns O:1.23ns )   --->   "%X2_cache_load = load i15 %X2_cache_addr" [swiglu.cpp:290->swiglu.cpp:716]   --->   Operation 103 'load' 'X2_cache_load' <Predicate = true> <Delay = 1.23> <CoreInst = "RAM_2P_BRAM">   --->   Core 93 'RAM_2P_BRAM' <Latency = 1> <II = 1> <Delay = 1.23> <Storage> <Opcode : 'load' 'store'> <Ports = 2> <Width = 8> <Depth = 32768> <RAM>
ST_28 : Operation 104 [4/6] (2.56ns)   --->   "%scaled = fmul i32 %add_1_i, i32 256" [swiglu.cpp:291->swiglu.cpp:716]   --->   Operation 104 'fmul' 'scaled' <Predicate = true> <Delay = 2.56> <CoreInst = "FMul_maxdsp">   --->   Core 30 'FMul_maxdsp' <Latency = 5> <II = 1> <Delay = 2.56> <FuncUnit> <Opcode : 'fmul'> <InPorts = 2> <OutPorts = 1>

State 29 <SV = 28> <Delay = 3.23>
ST_29 : Operation 105 [1/1] (0.00ns)   --->   "%sext_ln290 = sext i8 %X2_cache_load" [swiglu.cpp:290->swiglu.cpp:716]   --->   Operation 105 'sext' 'sext_ln290' <Predicate = true> <Delay = 0.00>
ST_29 : Operation 106 [7/7] (3.23ns)   --->   "%conv11_1_i = sitofp i32 %sext_ln290" [swiglu.cpp:290->swiglu.cpp:716]   --->   Operation 106 'sitofp' 'conv11_1_i' <Predicate = true> <Delay = 3.23> <CoreInst = "Int2Float">   --->   Core 62 'Int2Float' <Latency = 6> <II = 1> <Delay = 3.23> <FuncUnit> <Opcode : 'uitofp' 'sitofp'> <InPorts = 1> <OutPorts = 1>
ST_29 : Operation 107 [3/6] (2.56ns)   --->   "%scaled = fmul i32 %add_1_i, i32 256" [swiglu.cpp:291->swiglu.cpp:716]   --->   Operation 107 'fmul' 'scaled' <Predicate = true> <Delay = 2.56> <CoreInst = "FMul_maxdsp">   --->   Core 30 'FMul_maxdsp' <Latency = 5> <II = 1> <Delay = 2.56> <FuncUnit> <Opcode : 'fmul'> <InPorts = 2> <OutPorts = 1>

State 30 <SV = 29> <Delay = 3.23>
ST_30 : Operation 108 [6/7] (3.23ns)   --->   "%conv11_1_i = sitofp i32 %sext_ln290" [swiglu.cpp:290->swiglu.cpp:716]   --->   Operation 108 'sitofp' 'conv11_1_i' <Predicate = true> <Delay = 3.23> <CoreInst = "Int2Float">   --->   Core 62 'Int2Float' <Latency = 6> <II = 1> <Delay = 3.23> <FuncUnit> <Opcode : 'uitofp' 'sitofp'> <InPorts = 1> <OutPorts = 1>
ST_30 : Operation 109 [2/6] (2.56ns)   --->   "%scaled = fmul i32 %add_1_i, i32 256" [swiglu.cpp:291->swiglu.cpp:716]   --->   Operation 109 'fmul' 'scaled' <Predicate = true> <Delay = 2.56> <CoreInst = "FMul_maxdsp">   --->   Core 30 'FMul_maxdsp' <Latency = 5> <II = 1> <Delay = 2.56> <FuncUnit> <Opcode : 'fmul'> <InPorts = 2> <OutPorts = 1>

State 31 <SV = 30> <Delay = 3.23>
ST_31 : Operation 110 [5/7] (3.23ns)   --->   "%conv11_1_i = sitofp i32 %sext_ln290" [swiglu.cpp:290->swiglu.cpp:716]   --->   Operation 110 'sitofp' 'conv11_1_i' <Predicate = true> <Delay = 3.23> <CoreInst = "Int2Float">   --->   Core 62 'Int2Float' <Latency = 6> <II = 1> <Delay = 3.23> <FuncUnit> <Opcode : 'uitofp' 'sitofp'> <InPorts = 1> <OutPorts = 1>
ST_31 : Operation 111 [1/6] (2.56ns)   --->   "%scaled = fmul i32 %add_1_i, i32 256" [swiglu.cpp:291->swiglu.cpp:716]   --->   Operation 111 'fmul' 'scaled' <Predicate = true> <Delay = 2.56> <CoreInst = "FMul_maxdsp">   --->   Core 30 'FMul_maxdsp' <Latency = 5> <II = 1> <Delay = 2.56> <FuncUnit> <Opcode : 'fmul'> <InPorts = 2> <OutPorts = 1>

State 32 <SV = 31> <Delay = 3.23>
ST_32 : Operation 112 [4/7] (3.23ns)   --->   "%conv11_1_i = sitofp i32 %sext_ln290" [swiglu.cpp:290->swiglu.cpp:716]   --->   Operation 112 'sitofp' 'conv11_1_i' <Predicate = true> <Delay = 3.23> <CoreInst = "Int2Float">   --->   Core 62 'Int2Float' <Latency = 6> <II = 1> <Delay = 3.23> <FuncUnit> <Opcode : 'uitofp' 'sitofp'> <InPorts = 1> <OutPorts = 1>
ST_32 : Operation 113 [2/2] (2.55ns)   --->   "%idx_6 = call i32 @__hls_fptosi_float_i32, i32 %scaled" [swiglu.cpp:292->swiglu.cpp:716]   --->   Operation 113 'call' 'idx_6' <Predicate = (!icmp_ln287)> <Delay = 2.55> <CoreType = "Generic">   --->   Generic Core

State 33 <SV = 32> <Delay = 3.23>
ST_33 : Operation 114 [3/7] (3.23ns)   --->   "%conv11_1_i = sitofp i32 %sext_ln290" [swiglu.cpp:290->swiglu.cpp:716]   --->   Operation 114 'sitofp' 'conv11_1_i' <Predicate = true> <Delay = 3.23> <CoreInst = "Int2Float">   --->   Core 62 'Int2Float' <Latency = 6> <II = 1> <Delay = 3.23> <FuncUnit> <Opcode : 'uitofp' 'sitofp'> <InPorts = 1> <OutPorts = 1>
ST_33 : Operation 115 [1/2] (1.91ns)   --->   "%idx_6 = call i32 @__hls_fptosi_float_i32, i32 %scaled" [swiglu.cpp:292->swiglu.cpp:716]   --->   Operation 115 'call' 'idx_6' <Predicate = (!icmp_ln287)> <Delay = 1.91> <CoreType = "Generic">   --->   Generic Core
ST_33 : Operation 116 [1/1] (0.00ns)   --->   "%trunc_ln292 = trunc i32 %idx_6" [swiglu.cpp:292->swiglu.cpp:716]   --->   Operation 116 'trunc' 'trunc_ln292' <Predicate = true> <Delay = 0.00>
ST_33 : Operation 117 [1/1] (0.00ns)   --->   "%tmp = bitselect i1 @_ssdm_op_BitSelect.i1.i32.i32, i32 %idx_6, i32 31" [swiglu.cpp:293->swiglu.cpp:716]   --->   Operation 117 'bitselect' 'tmp' <Predicate = true> <Delay = 0.00>
ST_33 : Operation 118 [1/1] (0.41ns)   --->   "%idx = select i1 %tmp, i31 0, i31 %trunc_ln292" [swiglu.cpp:293->swiglu.cpp:716]   --->   Operation 118 'select' 'idx' <Predicate = true> <Delay = 0.41> <CoreInst = "Sel">   --->   Core 73 'Sel' <Latency = 0> <II = 1> <Delay = 0.41> <FuncUnit> <Opcode : 'select'> <InPorts = 3> <OutPorts = 1>
ST_33 : Operation 119 [1/1] (0.00ns)   --->   "%trunc_ln292_3 = trunc i31 %idx" [swiglu.cpp:292->swiglu.cpp:716]   --->   Operation 119 'trunc' 'trunc_ln292_3' <Predicate = true> <Delay = 0.00>
ST_33 : Operation 120 [1/1] (0.00ns)   --->   "%tmp_1021 = partselect i19 @_ssdm_op_PartSelect.i19.i31.i32.i32, i31 %idx, i32 12, i32 30" [swiglu.cpp:294->swiglu.cpp:716]   --->   Operation 120 'partselect' 'tmp_1021' <Predicate = true> <Delay = 0.00>

State 34 <SV = 33> <Delay = 3.23>
ST_34 : Operation 121 [2/7] (3.23ns)   --->   "%conv11_1_i = sitofp i32 %sext_ln290" [swiglu.cpp:290->swiglu.cpp:716]   --->   Operation 121 'sitofp' 'conv11_1_i' <Predicate = true> <Delay = 3.23> <CoreInst = "Int2Float">   --->   Core 62 'Int2Float' <Latency = 6> <II = 1> <Delay = 3.23> <FuncUnit> <Opcode : 'uitofp' 'sitofp'> <InPorts = 1> <OutPorts = 1>
ST_34 : Operation 122 [1/1] (0.88ns)   --->   "%icmp_ln294 = icmp_ne  i19 %tmp_1021, i19 0" [swiglu.cpp:294->swiglu.cpp:716]   --->   Operation 122 'icmp' 'icmp_ln294' <Predicate = true> <Delay = 0.88> <CoreInst = "Cmp">   --->   Core 9 'Cmp' <Latency = 0> <II = 1> <Delay = 0.88> <FuncUnit> <Opcode : 'seteq' 'setne' 'setle' 'setge' 'setlt' 'setgt'> <InPorts = 2> <OutPorts = 1>
ST_34 : Operation 123 [1/1] (0.37ns)   --->   "%idx_12 = select i1 %icmp_ln294, i12 4095, i12 %trunc_ln292_3" [swiglu.cpp:294->swiglu.cpp:716]   --->   Operation 123 'select' 'idx_12' <Predicate = true> <Delay = 0.37> <CoreInst = "Sel">   --->   Core 73 'Sel' <Latency = 0> <II = 1> <Delay = 0.37> <FuncUnit> <Opcode : 'select'> <InPorts = 3> <OutPorts = 1>
ST_34 : Operation 124 [1/1] (0.00ns)   --->   "%zext_ln295 = zext i12 %idx_12" [swiglu.cpp:295->swiglu.cpp:716]   --->   Operation 124 'zext' 'zext_ln295' <Predicate = true> <Delay = 0.00>
ST_34 : Operation 125 [1/1] (0.00ns)   --->   "%sigmoid_lut_addr = getelementptr i32 %sigmoid_lut, i64 0, i64 %zext_ln295" [swiglu.cpp:295->swiglu.cpp:716]   --->   Operation 125 'getelementptr' 'sigmoid_lut_addr' <Predicate = true> <Delay = 0.00>
ST_34 : Operation 126 [2/2] (0.67ns)   --->   "%sigmoid_lut_load = load i12 %sigmoid_lut_addr" [swiglu.cpp:295->swiglu.cpp:716]   --->   Operation 126 'load' 'sigmoid_lut_load' <Predicate = true> <Delay = 0.67> <CoreInst = "ROM_1P_LUTRAM">   --->   Core 102 'ROM_1P_LUTRAM' <Latency = 1> <II = 1> <Delay = 0.67> <Storage> <Opcode : 'load'> <Ports = 1> <Width = 32> <Depth = 4096> <ROM>

State 35 <SV = 34> <Delay = 3.23>
ST_35 : Operation 127 [1/7] (3.23ns)   --->   "%conv11_1_i = sitofp i32 %sext_ln290" [swiglu.cpp:290->swiglu.cpp:716]   --->   Operation 127 'sitofp' 'conv11_1_i' <Predicate = true> <Delay = 3.23> <CoreInst = "Int2Float">   --->   Core 62 'Int2Float' <Latency = 6> <II = 1> <Delay = 3.23> <FuncUnit> <Opcode : 'uitofp' 'sitofp'> <InPorts = 1> <OutPorts = 1>
ST_35 : Operation 128 [1/2] ( I:0.67ns O:0.67ns )   --->   "%sigmoid_lut_load = load i12 %sigmoid_lut_addr" [swiglu.cpp:295->swiglu.cpp:716]   --->   Operation 128 'load' 'sigmoid_lut_load' <Predicate = true> <Delay = 0.67> <CoreInst = "ROM_1P_LUTRAM">   --->   Core 102 'ROM_1P_LUTRAM' <Latency = 1> <II = 1> <Delay = 0.67> <Storage> <Opcode : 'load'> <Ports = 1> <Width = 32> <Depth = 4096> <ROM>

State 36 <SV = 35> <Delay = 2.56>
ST_36 : Operation 129 [6/6] (2.56ns)   --->   "%x2 = fmul i32 %conv11_1_i, i32 0.0787402" [swiglu.cpp:290->swiglu.cpp:716]   --->   Operation 129 'fmul' 'x2' <Predicate = true> <Delay = 2.56> <CoreInst = "FMul_maxdsp">   --->   Core 30 'FMul_maxdsp' <Latency = 5> <II = 1> <Delay = 2.56> <FuncUnit> <Opcode : 'fmul'> <InPorts = 2> <OutPorts = 1>
ST_36 : Operation 130 [6/6] (2.56ns)   --->   "%mul21_1_i = fmul i32 %z, i32 %sigmoid_lut_load" [swiglu.cpp:295->swiglu.cpp:716]   --->   Operation 130 'fmul' 'mul21_1_i' <Predicate = true> <Delay = 2.56> <CoreInst = "FMul_maxdsp">   --->   Core 30 'FMul_maxdsp' <Latency = 5> <II = 1> <Delay = 2.56> <FuncUnit> <Opcode : 'fmul'> <InPorts = 2> <OutPorts = 1>

State 37 <SV = 36> <Delay = 2.56>
ST_37 : Operation 131 [5/6] (2.56ns)   --->   "%x2 = fmul i32 %conv11_1_i, i32 0.0787402" [swiglu.cpp:290->swiglu.cpp:716]   --->   Operation 131 'fmul' 'x2' <Predicate = true> <Delay = 2.56> <CoreInst = "FMul_maxdsp">   --->   Core 30 'FMul_maxdsp' <Latency = 5> <II = 1> <Delay = 2.56> <FuncUnit> <Opcode : 'fmul'> <InPorts = 2> <OutPorts = 1>
ST_37 : Operation 132 [5/6] (2.56ns)   --->   "%mul21_1_i = fmul i32 %z, i32 %sigmoid_lut_load" [swiglu.cpp:295->swiglu.cpp:716]   --->   Operation 132 'fmul' 'mul21_1_i' <Predicate = true> <Delay = 2.56> <CoreInst = "FMul_maxdsp">   --->   Core 30 'FMul_maxdsp' <Latency = 5> <II = 1> <Delay = 2.56> <FuncUnit> <Opcode : 'fmul'> <InPorts = 2> <OutPorts = 1>

State 38 <SV = 37> <Delay = 2.56>
ST_38 : Operation 133 [4/6] (2.56ns)   --->   "%x2 = fmul i32 %conv11_1_i, i32 0.0787402" [swiglu.cpp:290->swiglu.cpp:716]   --->   Operation 133 'fmul' 'x2' <Predicate = true> <Delay = 2.56> <CoreInst = "FMul_maxdsp">   --->   Core 30 'FMul_maxdsp' <Latency = 5> <II = 1> <Delay = 2.56> <FuncUnit> <Opcode : 'fmul'> <InPorts = 2> <OutPorts = 1>
ST_38 : Operation 134 [4/6] (2.56ns)   --->   "%mul21_1_i = fmul i32 %z, i32 %sigmoid_lut_load" [swiglu.cpp:295->swiglu.cpp:716]   --->   Operation 134 'fmul' 'mul21_1_i' <Predicate = true> <Delay = 2.56> <CoreInst = "FMul_maxdsp">   --->   Core 30 'FMul_maxdsp' <Latency = 5> <II = 1> <Delay = 2.56> <FuncUnit> <Opcode : 'fmul'> <InPorts = 2> <OutPorts = 1>

State 39 <SV = 38> <Delay = 2.56>
ST_39 : Operation 135 [3/6] (2.56ns)   --->   "%x2 = fmul i32 %conv11_1_i, i32 0.0787402" [swiglu.cpp:290->swiglu.cpp:716]   --->   Operation 135 'fmul' 'x2' <Predicate = true> <Delay = 2.56> <CoreInst = "FMul_maxdsp">   --->   Core 30 'FMul_maxdsp' <Latency = 5> <II = 1> <Delay = 2.56> <FuncUnit> <Opcode : 'fmul'> <InPorts = 2> <OutPorts = 1>
ST_39 : Operation 136 [3/6] (2.56ns)   --->   "%mul21_1_i = fmul i32 %z, i32 %sigmoid_lut_load" [swiglu.cpp:295->swiglu.cpp:716]   --->   Operation 136 'fmul' 'mul21_1_i' <Predicate = true> <Delay = 2.56> <CoreInst = "FMul_maxdsp">   --->   Core 30 'FMul_maxdsp' <Latency = 5> <II = 1> <Delay = 2.56> <FuncUnit> <Opcode : 'fmul'> <InPorts = 2> <OutPorts = 1>

State 40 <SV = 39> <Delay = 2.56>
ST_40 : Operation 137 [2/6] (2.56ns)   --->   "%x2 = fmul i32 %conv11_1_i, i32 0.0787402" [swiglu.cpp:290->swiglu.cpp:716]   --->   Operation 137 'fmul' 'x2' <Predicate = true> <Delay = 2.56> <CoreInst = "FMul_maxdsp">   --->   Core 30 'FMul_maxdsp' <Latency = 5> <II = 1> <Delay = 2.56> <FuncUnit> <Opcode : 'fmul'> <InPorts = 2> <OutPorts = 1>
ST_40 : Operation 138 [2/6] (2.56ns)   --->   "%mul21_1_i = fmul i32 %z, i32 %sigmoid_lut_load" [swiglu.cpp:295->swiglu.cpp:716]   --->   Operation 138 'fmul' 'mul21_1_i' <Predicate = true> <Delay = 2.56> <CoreInst = "FMul_maxdsp">   --->   Core 30 'FMul_maxdsp' <Latency = 5> <II = 1> <Delay = 2.56> <FuncUnit> <Opcode : 'fmul'> <InPorts = 2> <OutPorts = 1>

State 41 <SV = 40> <Delay = 2.56>
ST_41 : Operation 139 [1/6] (2.56ns)   --->   "%x2 = fmul i32 %conv11_1_i, i32 0.0787402" [swiglu.cpp:290->swiglu.cpp:716]   --->   Operation 139 'fmul' 'x2' <Predicate = true> <Delay = 2.56> <CoreInst = "FMul_maxdsp">   --->   Core 30 'FMul_maxdsp' <Latency = 5> <II = 1> <Delay = 2.56> <FuncUnit> <Opcode : 'fmul'> <InPorts = 2> <OutPorts = 1>
ST_41 : Operation 140 [1/6] (2.56ns)   --->   "%mul21_1_i = fmul i32 %z, i32 %sigmoid_lut_load" [swiglu.cpp:295->swiglu.cpp:716]   --->   Operation 140 'fmul' 'mul21_1_i' <Predicate = true> <Delay = 2.56> <CoreInst = "FMul_maxdsp">   --->   Core 30 'FMul_maxdsp' <Latency = 5> <II = 1> <Delay = 2.56> <FuncUnit> <Opcode : 'fmul'> <InPorts = 2> <OutPorts = 1>

State 42 <SV = 41> <Delay = 2.56>
ST_42 : Operation 141 [6/6] (2.56ns)   --->   "%g = fmul i32 %mul21_1_i, i32 %x2" [swiglu.cpp:295->swiglu.cpp:716]   --->   Operation 141 'fmul' 'g' <Predicate = true> <Delay = 2.56> <CoreInst = "FMul_maxdsp">   --->   Core 30 'FMul_maxdsp' <Latency = 5> <II = 1> <Delay = 2.56> <FuncUnit> <Opcode : 'fmul'> <InPorts = 2> <OutPorts = 1>

State 43 <SV = 42> <Delay = 2.56>
ST_43 : Operation 142 [5/6] (2.56ns)   --->   "%g = fmul i32 %mul21_1_i, i32 %x2" [swiglu.cpp:295->swiglu.cpp:716]   --->   Operation 142 'fmul' 'g' <Predicate = true> <Delay = 2.56> <CoreInst = "FMul_maxdsp">   --->   Core 30 'FMul_maxdsp' <Latency = 5> <II = 1> <Delay = 2.56> <FuncUnit> <Opcode : 'fmul'> <InPorts = 2> <OutPorts = 1>

State 44 <SV = 43> <Delay = 2.56>
ST_44 : Operation 143 [4/6] (2.56ns)   --->   "%g = fmul i32 %mul21_1_i, i32 %x2" [swiglu.cpp:295->swiglu.cpp:716]   --->   Operation 143 'fmul' 'g' <Predicate = true> <Delay = 2.56> <CoreInst = "FMul_maxdsp">   --->   Core 30 'FMul_maxdsp' <Latency = 5> <II = 1> <Delay = 2.56> <FuncUnit> <Opcode : 'fmul'> <InPorts = 2> <OutPorts = 1>

State 45 <SV = 44> <Delay = 2.56>
ST_45 : Operation 144 [3/6] (2.56ns)   --->   "%g = fmul i32 %mul21_1_i, i32 %x2" [swiglu.cpp:295->swiglu.cpp:716]   --->   Operation 144 'fmul' 'g' <Predicate = true> <Delay = 2.56> <CoreInst = "FMul_maxdsp">   --->   Core 30 'FMul_maxdsp' <Latency = 5> <II = 1> <Delay = 2.56> <FuncUnit> <Opcode : 'fmul'> <InPorts = 2> <OutPorts = 1>

State 46 <SV = 45> <Delay = 2.56>
ST_46 : Operation 145 [2/6] (2.56ns)   --->   "%g = fmul i32 %mul21_1_i, i32 %x2" [swiglu.cpp:295->swiglu.cpp:716]   --->   Operation 145 'fmul' 'g' <Predicate = true> <Delay = 2.56> <CoreInst = "FMul_maxdsp">   --->   Core 30 'FMul_maxdsp' <Latency = 5> <II = 1> <Delay = 2.56> <FuncUnit> <Opcode : 'fmul'> <InPorts = 2> <OutPorts = 1>

State 47 <SV = 46> <Delay = 2.56>
ST_47 : Operation 146 [1/6] (2.56ns)   --->   "%g = fmul i32 %mul21_1_i, i32 %x2" [swiglu.cpp:295->swiglu.cpp:716]   --->   Operation 146 'fmul' 'g' <Predicate = true> <Delay = 2.56> <CoreInst = "FMul_maxdsp">   --->   Core 30 'FMul_maxdsp' <Latency = 5> <II = 1> <Delay = 2.56> <FuncUnit> <Opcode : 'fmul'> <InPorts = 2> <OutPorts = 1>

State 48 <SV = 47> <Delay = 2.78>
ST_48 : Operation 147 [2/2] (2.78ns)   --->   "%tmp_327 = fcmp_olt  i32 %g, i32 0" [swiglu.cpp:296->swiglu.cpp:716]   --->   Operation 147 'fcmp' 'tmp_327' <Predicate = true> <Delay = 2.78> <CoreInst = "FCompare">   --->   Core 19 'FCompare' <Latency = 1> <II = 1> <Delay = 2.78> <FuncUnit> <Opcode : 'fcmp'> <InPorts = 2> <OutPorts = 1>

State 49 <SV = 48> <Delay = 2.78>
ST_49 : Operation 148 [1/2] (2.78ns)   --->   "%tmp_327 = fcmp_olt  i32 %g, i32 0" [swiglu.cpp:296->swiglu.cpp:716]   --->   Operation 148 'fcmp' 'tmp_327' <Predicate = true> <Delay = 2.78> <CoreInst = "FCompare">   --->   Core 19 'FCompare' <Latency = 1> <II = 1> <Delay = 2.78> <FuncUnit> <Opcode : 'fcmp'> <InPorts = 2> <OutPorts = 1>

State 50 <SV = 49> <Delay = 1.37>
ST_50 : Operation 149 [1/1] (0.00ns)   --->   "%bitcast_ln296_2 = bitcast i32 %g" [swiglu.cpp:296->swiglu.cpp:716]   --->   Operation 149 'bitcast' 'bitcast_ln296_2' <Predicate = true> <Delay = 0.00>
ST_50 : Operation 150 [1/1] (0.00ns)   --->   "%tmp_326 = partselect i8 @_ssdm_op_PartSelect.i8.i32.i32.i32, i32 %bitcast_ln296_2, i32 23, i32 30" [swiglu.cpp:296->swiglu.cpp:716]   --->   Operation 150 'partselect' 'tmp_326' <Predicate = true> <Delay = 0.00>
ST_50 : Operation 151 [1/1] (0.00ns)   --->   "%trunc_ln296 = trunc i32 %bitcast_ln296_2" [swiglu.cpp:296->swiglu.cpp:716]   --->   Operation 151 'trunc' 'trunc_ln296' <Predicate = true> <Delay = 0.00>
ST_50 : Operation 152 [1/1] (0.76ns)   --->   "%icmp_ln296_2 = icmp_ne  i8 %tmp_326, i8 255" [swiglu.cpp:296->swiglu.cpp:716]   --->   Operation 152 'icmp' 'icmp_ln296_2' <Predicate = true> <Delay = 0.76> <CoreInst = "Cmp">   --->   Core 9 'Cmp' <Latency = 0> <II = 1> <Delay = 0.76> <FuncUnit> <Opcode : 'seteq' 'setne' 'setle' 'setge' 'setlt' 'setgt'> <InPorts = 2> <OutPorts = 1>
ST_50 : Operation 153 [1/1] (0.92ns)   --->   "%icmp_ln296 = icmp_eq  i23 %trunc_ln296, i23 0" [swiglu.cpp:296->swiglu.cpp:716]   --->   Operation 153 'icmp' 'icmp_ln296' <Predicate = true> <Delay = 0.92> <CoreInst = "Cmp">   --->   Core 9 'Cmp' <Latency = 0> <II = 1> <Delay = 0.92> <FuncUnit> <Opcode : 'seteq' 'setne' 'setle' 'setge' 'setlt' 'setgt'> <InPorts = 2> <OutPorts = 1>
ST_50 : Operation 154 [1/1] (0.00ns) (grouped into LUT with out node abs_g)   --->   "%or_ln296 = or i1 %icmp_ln296, i1 %icmp_ln296_2" [swiglu.cpp:296->swiglu.cpp:716]   --->   Operation 154 'or' 'or_ln296' <Predicate = true> <Delay = 0.00> <CoreInst = "LogicGate">   --->   Core 74 'LogicGate' <Latency = 0> <II = 1> <Delay = 0.28> <FuncUnit> <Opcode : 'and' 'or' 'xor'> <InPorts = 2> <OutPorts = 1>
ST_50 : Operation 155 [1/1] (0.00ns) (grouped into LUT with out node abs_g)   --->   "%and_ln296 = and i1 %or_ln296, i1 %tmp_327" [swiglu.cpp:296->swiglu.cpp:716]   --->   Operation 155 'and' 'and_ln296' <Predicate = true> <Delay = 0.00> <CoreInst = "LogicGate">   --->   Core 74 'LogicGate' <Latency = 0> <II = 1> <Delay = 0.28> <FuncUnit> <Opcode : 'and' 'or' 'xor'> <InPorts = 2> <OutPorts = 1>
ST_50 : Operation 156 [1/1] (0.00ns) (grouped into LUT with out node abs_g)   --->   "%bit_sel1 = bitselect i1 @_ssdm_op_BitSelect.i1.i32.i32, i32 %bitcast_ln296_2, i32 31" [swiglu.cpp:296->swiglu.cpp:716]   --->   Operation 156 'bitselect' 'bit_sel1' <Predicate = true> <Delay = 0.00>
ST_50 : Operation 157 [1/1] (0.00ns) (grouped into LUT with out node abs_g)   --->   "%xor_ln296 = xor i1 %bit_sel1, i1 1" [swiglu.cpp:296->swiglu.cpp:716]   --->   Operation 157 'xor' 'xor_ln296' <Predicate = true> <Delay = 0.00> <CoreInst = "LogicGate">   --->   Core 74 'LogicGate' <Latency = 0> <II = 1> <Delay = 0.28> <FuncUnit> <Opcode : 'and' 'or' 'xor'> <InPorts = 2> <OutPorts = 1>
ST_50 : Operation 158 [1/1] (0.00ns) (grouped into LUT with out node abs_g)   --->   "%trunc_ln296_3 = trunc i32 %bitcast_ln296_2" [swiglu.cpp:296->swiglu.cpp:716]   --->   Operation 158 'trunc' 'trunc_ln296_3' <Predicate = true> <Delay = 0.00>
ST_50 : Operation 159 [1/1] (0.00ns) (grouped into LUT with out node abs_g)   --->   "%xor_ln296_1 = bitconcatenate i32 @_ssdm_op_BitConcatenate.i32.i1.i31, i1 %xor_ln296, i31 %trunc_ln296_3" [swiglu.cpp:296->swiglu.cpp:716]   --->   Operation 159 'bitconcatenate' 'xor_ln296_1' <Predicate = true> <Delay = 0.00>
ST_50 : Operation 160 [1/1] (0.00ns) (grouped into LUT with out node abs_g)   --->   "%bitcast_ln296 = bitcast i32 %xor_ln296_1" [swiglu.cpp:296->swiglu.cpp:716]   --->   Operation 160 'bitcast' 'bitcast_ln296' <Predicate = true> <Delay = 0.00>
ST_50 : Operation 161 [1/1] (0.44ns) (out node of the LUT)   --->   "%abs_g = select i1 %and_ln296, i32 %bitcast_ln296, i32 %g" [swiglu.cpp:296->swiglu.cpp:716]   --->   Operation 161 'select' 'abs_g' <Predicate = true> <Delay = 0.44> <CoreInst = "Sel">   --->   Core 73 'Sel' <Latency = 0> <II = 1> <Delay = 0.44> <FuncUnit> <Opcode : 'select'> <InPorts = 3> <OutPorts = 1>
ST_50 : Operation 162 [1/1] (0.00ns)   --->   "%pmax_read = read i32 @_ssdm_op_Read.ap_auto.floatP0A, i32 %pmax" [swiglu.cpp:297->swiglu.cpp:716]   --->   Operation 162 'read' 'pmax_read' <Predicate = true> <Delay = 0.00>
ST_50 : Operation 163 [1/1] (0.00ns)   --->   "%pmax_1_read = read i32 @_ssdm_op_Read.ap_auto.floatP0A, i32 %pmax_1" [swiglu.cpp:297->swiglu.cpp:716]   --->   Operation 163 'read' 'pmax_1_read' <Predicate = true> <Delay = 0.00>
ST_50 : Operation 164 [1/1] (0.00ns)   --->   "%pmax_2_read = read i32 @_ssdm_op_Read.ap_auto.floatP0A, i32 %pmax_2" [swiglu.cpp:297->swiglu.cpp:716]   --->   Operation 164 'read' 'pmax_2_read' <Predicate = true> <Delay = 0.00>
ST_50 : Operation 165 [1/1] (0.00ns)   --->   "%pmax_3_read = read i32 @_ssdm_op_Read.ap_auto.floatP0A, i32 %pmax_3" [swiglu.cpp:297->swiglu.cpp:716]   --->   Operation 165 'read' 'pmax_3_read' <Predicate = true> <Delay = 0.00>
ST_50 : Operation 166 [1/1] (0.00ns)   --->   "%pmax_4_read = read i32 @_ssdm_op_Read.ap_auto.floatP0A, i32 %pmax_4" [swiglu.cpp:297->swiglu.cpp:716]   --->   Operation 166 'read' 'pmax_4_read' <Predicate = true> <Delay = 0.00>
ST_50 : Operation 167 [1/1] (0.00ns)   --->   "%pmax_5_read = read i32 @_ssdm_op_Read.ap_auto.floatP0A, i32 %pmax_5" [swiglu.cpp:297->swiglu.cpp:716]   --->   Operation 167 'read' 'pmax_5_read' <Predicate = true> <Delay = 0.00>
ST_50 : Operation 168 [1/1] (0.00ns)   --->   "%pmax_6_read = read i32 @_ssdm_op_Read.ap_auto.floatP0A, i32 %pmax_6" [swiglu.cpp:297->swiglu.cpp:716]   --->   Operation 168 'read' 'pmax_6_read' <Predicate = true> <Delay = 0.00>
ST_50 : Operation 169 [1/1] (0.00ns)   --->   "%pmax_7_read = read i32 @_ssdm_op_Read.ap_auto.floatP0A, i32 %pmax_7" [swiglu.cpp:297->swiglu.cpp:716]   --->   Operation 169 'read' 'pmax_7_read' <Predicate = true> <Delay = 0.00>
ST_50 : Operation 170 [1/1] (0.72ns)   --->   "%tmp_s = sparsemux i32 @_ssdm_op_SparseMux.ap_auto.8float.float.i3, i3 0, i32 %pmax_read, i3 1, i32 %pmax_1_read, i3 2, i32 %pmax_2_read, i3 3, i32 %pmax_3_read, i3 4, i32 %pmax_4_read, i3 5, i32 %pmax_5_read, i3 6, i32 %pmax_6_read, i3 7, i32 %pmax_7_read, i32 <undef>, i3 %trunc_ln297" [swiglu.cpp:297->swiglu.cpp:716]   --->   Operation 170 'sparsemux' 'tmp_s' <Predicate = true> <Delay = 0.72> <CoreInst = "BinarySparseMux_DontCare">   --->   Core 149 'BinarySparseMux_DontCare' <Latency = 0> <II = 1> <Delay = 0.72> <FuncUnit> <Opcode : 'sparsemux'> <InPorts = 2> <OutPorts = 1>

State 51 <SV = 50> <Delay = 2.78>
ST_51 : Operation 171 [1/1] (0.00ns)   --->   "%bitcast_ln297 = bitcast i32 %tmp_s" [swiglu.cpp:297->swiglu.cpp:716]   --->   Operation 171 'bitcast' 'bitcast_ln297' <Predicate = true> <Delay = 0.00>
ST_51 : Operation 172 [1/1] (0.00ns)   --->   "%tmp_329 = partselect i8 @_ssdm_op_PartSelect.i8.i32.i32.i32, i32 %bitcast_ln297, i32 23, i32 30" [swiglu.cpp:297->swiglu.cpp:716]   --->   Operation 172 'partselect' 'tmp_329' <Predicate = true> <Delay = 0.00>
ST_51 : Operation 173 [1/1] (0.00ns)   --->   "%trunc_ln297_6 = trunc i32 %bitcast_ln297" [swiglu.cpp:297->swiglu.cpp:716]   --->   Operation 173 'trunc' 'trunc_ln297_6' <Predicate = true> <Delay = 0.00>
ST_51 : Operation 174 [1/1] (0.76ns)   --->   "%icmp_ln297_9 = icmp_ne  i8 %tmp_329, i8 255" [swiglu.cpp:297->swiglu.cpp:716]   --->   Operation 174 'icmp' 'icmp_ln297_9' <Predicate = true> <Delay = 0.76> <CoreInst = "Cmp">   --->   Core 9 'Cmp' <Latency = 0> <II = 1> <Delay = 0.76> <FuncUnit> <Opcode : 'seteq' 'setne' 'setle' 'setge' 'setlt' 'setgt'> <InPorts = 2> <OutPorts = 1>
ST_51 : Operation 175 [1/1] (0.92ns)   --->   "%icmp_ln297_10 = icmp_eq  i23 %trunc_ln297_6, i23 0" [swiglu.cpp:297->swiglu.cpp:716]   --->   Operation 175 'icmp' 'icmp_ln297_10' <Predicate = true> <Delay = 0.92> <CoreInst = "Cmp">   --->   Core 9 'Cmp' <Latency = 0> <II = 1> <Delay = 0.92> <FuncUnit> <Opcode : 'seteq' 'setne' 'setle' 'setge' 'setlt' 'setgt'> <InPorts = 2> <OutPorts = 1>
ST_51 : Operation 176 [2/2] (2.78ns)   --->   "%tmp_330 = fcmp_ogt  i32 %abs_g, i32 %tmp_s" [swiglu.cpp:297->swiglu.cpp:716]   --->   Operation 176 'fcmp' 'tmp_330' <Predicate = true> <Delay = 2.78> <CoreInst = "FCompare">   --->   Core 19 'FCompare' <Latency = 1> <II = 1> <Delay = 2.78> <FuncUnit> <Opcode : 'fcmp'> <InPorts = 2> <OutPorts = 1>

State 52 <SV = 51> <Delay = 2.78>
ST_52 : Operation 177 [1/2] (2.78ns)   --->   "%tmp_330 = fcmp_ogt  i32 %abs_g, i32 %tmp_s" [swiglu.cpp:297->swiglu.cpp:716]   --->   Operation 177 'fcmp' 'tmp_330' <Predicate = true> <Delay = 2.78> <CoreInst = "FCompare">   --->   Core 19 'FCompare' <Latency = 1> <II = 1> <Delay = 2.78> <FuncUnit> <Opcode : 'fcmp'> <InPorts = 2> <OutPorts = 1>
ST_52 : Operation 209 [1/1] (0.42ns)   --->   "%ret_ln0 = ret"   --->   Operation 209 'ret' 'ret_ln0' <Predicate = (icmp_ln287)> <Delay = 0.42>

State 53 <SV = 52> <Delay = 1.21>
ST_53 : Operation 178 [1/1] (0.00ns)   --->   "%specpipeline_ln288 = specpipeline void @_ssdm_op_SpecPipeline, i32 1, i32 0, i32 0, i32 0, void @empty_31" [swiglu.cpp:288->swiglu.cpp:716]   --->   Operation 178 'specpipeline' 'specpipeline_ln288' <Predicate = true> <Delay = 0.00>
ST_53 : Operation 179 [1/1] (0.00ns)   --->   "%speclooptripcount_ln287 = speclooptripcount void @_ssdm_op_SpecLoopTripCount, i64 8192, i64 8192, i64 8192" [swiglu.cpp:287->swiglu.cpp:716]   --->   Operation 179 'speclooptripcount' 'speclooptripcount_ln287' <Predicate = true> <Delay = 0.00>
ST_53 : Operation 180 [1/1] (0.00ns)   --->   "%specloopname_ln287 = specloopname void @_ssdm_op_SpecLoopName, void @empty_21" [swiglu.cpp:287->swiglu.cpp:716]   --->   Operation 180 'specloopname' 'specloopname_ln287' <Predicate = true> <Delay = 0.00>
ST_53 : Operation 181 [1/1] (0.00ns)   --->   "%bitcast_ln297_2 = bitcast i32 %abs_g" [swiglu.cpp:297->swiglu.cpp:716]   --->   Operation 181 'bitcast' 'bitcast_ln297_2' <Predicate = true> <Delay = 0.00>
ST_53 : Operation 182 [1/1] (0.00ns)   --->   "%tmp_328 = partselect i8 @_ssdm_op_PartSelect.i8.i32.i32.i32, i32 %bitcast_ln297_2, i32 23, i32 30" [swiglu.cpp:297->swiglu.cpp:716]   --->   Operation 182 'partselect' 'tmp_328' <Predicate = true> <Delay = 0.00>
ST_53 : Operation 183 [1/1] (0.00ns)   --->   "%trunc_ln297_5 = trunc i32 %bitcast_ln297_2" [swiglu.cpp:297->swiglu.cpp:716]   --->   Operation 183 'trunc' 'trunc_ln297_5' <Predicate = true> <Delay = 0.00>
ST_53 : Operation 184 [1/1] (0.76ns)   --->   "%icmp_ln297 = icmp_ne  i8 %tmp_328, i8 255" [swiglu.cpp:297->swiglu.cpp:716]   --->   Operation 184 'icmp' 'icmp_ln297' <Predicate = true> <Delay = 0.76> <CoreInst = "Cmp">   --->   Core 9 'Cmp' <Latency = 0> <II = 1> <Delay = 0.76> <FuncUnit> <Opcode : 'seteq' 'setne' 'setle' 'setge' 'setlt' 'setgt'> <InPorts = 2> <OutPorts = 1>
ST_53 : Operation 185 [1/1] (0.92ns)   --->   "%icmp_ln297_8 = icmp_eq  i23 %trunc_ln297_5, i23 0" [swiglu.cpp:297->swiglu.cpp:716]   --->   Operation 185 'icmp' 'icmp_ln297_8' <Predicate = true> <Delay = 0.92> <CoreInst = "Cmp">   --->   Core 9 'Cmp' <Latency = 0> <II = 1> <Delay = 0.92> <FuncUnit> <Opcode : 'seteq' 'setne' 'setle' 'setge' 'setlt' 'setgt'> <InPorts = 2> <OutPorts = 1>
ST_53 : Operation 186 [1/1] (0.00ns) (grouped into LUT with out node and_ln297)   --->   "%or_ln297_2 = or i1 %icmp_ln297_8, i1 %icmp_ln297" [swiglu.cpp:297->swiglu.cpp:716]   --->   Operation 186 'or' 'or_ln297_2' <Predicate = true> <Delay = 0.00> <CoreInst = "LogicGate">   --->   Core 74 'LogicGate' <Latency = 0> <II = 1> <Delay = 0.28> <FuncUnit> <Opcode : 'and' 'or' 'xor'> <InPorts = 2> <OutPorts = 1>
ST_53 : Operation 187 [1/1] (0.00ns) (grouped into LUT with out node and_ln297)   --->   "%or_ln297 = or i1 %icmp_ln297_10, i1 %icmp_ln297_9" [swiglu.cpp:297->swiglu.cpp:716]   --->   Operation 187 'or' 'or_ln297' <Predicate = true> <Delay = 0.00> <CoreInst = "LogicGate">   --->   Core 74 'LogicGate' <Latency = 0> <II = 1> <Delay = 0.28> <FuncUnit> <Opcode : 'and' 'or' 'xor'> <InPorts = 2> <OutPorts = 1>
ST_53 : Operation 188 [1/1] (0.00ns) (grouped into LUT with out node and_ln297)   --->   "%and_ln297_2 = and i1 %or_ln297_2, i1 %or_ln297" [swiglu.cpp:297->swiglu.cpp:716]   --->   Operation 188 'and' 'and_ln297_2' <Predicate = true> <Delay = 0.00> <CoreInst = "LogicGate">   --->   Core 74 'LogicGate' <Latency = 0> <II = 1> <Delay = 0.28> <FuncUnit> <Opcode : 'and' 'or' 'xor'> <InPorts = 2> <OutPorts = 1>
ST_53 : Operation 189 [1/1] (0.28ns) (out node of the LUT)   --->   "%and_ln297 = and i1 %and_ln297_2, i1 %tmp_330" [swiglu.cpp:297->swiglu.cpp:716]   --->   Operation 189 'and' 'and_ln297' <Predicate = true> <Delay = 0.28> <CoreInst = "LogicGate">   --->   Core 74 'LogicGate' <Latency = 0> <II = 1> <Delay = 0.28> <FuncUnit> <Opcode : 'and' 'or' 'xor'> <InPorts = 2> <OutPorts = 1>
ST_53 : Operation 190 [1/1] (0.00ns)   --->   "%br_ln297 = br i1 %and_ln297, void %for.inc.1.i, void %if.then27.1.i" [swiglu.cpp:297->swiglu.cpp:716]   --->   Operation 190 'br' 'br_ln297' <Predicate = true> <Delay = 0.00>
ST_53 : Operation 191 [1/1] (0.67ns)   --->   "%switch_ln297 = switch i3 %trunc_ln297, void %arrayidx25.1.case.7.i, i3 0, void %arrayidx25.1.case.0.i, i3 1, void %arrayidx25.1.case.1.i, i3 2, void %arrayidx25.1.case.2.i, i3 3, void %arrayidx25.1.case.3.i, i3 4, void %arrayidx25.1.case.4.i, i3 5, void %arrayidx25.1.case.5.i, i3 6, void %arrayidx25.1.case.6.i" [swiglu.cpp:297->swiglu.cpp:716]   --->   Operation 191 'switch' 'switch_ln297' <Predicate = (and_ln297)> <Delay = 0.67>
ST_53 : Operation 192 [1/1] (0.00ns)   --->   "%write_ln297 = write void @_ssdm_op_Write.ap_auto.floatP0A, i32 %pmax_6, i32 %abs_g" [swiglu.cpp:297->swiglu.cpp:716]   --->   Operation 192 'write' 'write_ln297' <Predicate = (and_ln297 & trunc_ln297 == 6)> <Delay = 0.00>
ST_53 : Operation 193 [1/1] (0.00ns)   --->   "%br_ln297 = br void %arrayidx25.1.exit.i" [swiglu.cpp:297->swiglu.cpp:716]   --->   Operation 193 'br' 'br_ln297' <Predicate = (and_ln297 & trunc_ln297 == 6)> <Delay = 0.00>
ST_53 : Operation 194 [1/1] (0.00ns)   --->   "%write_ln297 = write void @_ssdm_op_Write.ap_auto.floatP0A, i32 %pmax_5, i32 %abs_g" [swiglu.cpp:297->swiglu.cpp:716]   --->   Operation 194 'write' 'write_ln297' <Predicate = (and_ln297 & trunc_ln297 == 5)> <Delay = 0.00>
ST_53 : Operation 195 [1/1] (0.00ns)   --->   "%br_ln297 = br void %arrayidx25.1.exit.i" [swiglu.cpp:297->swiglu.cpp:716]   --->   Operation 195 'br' 'br_ln297' <Predicate = (and_ln297 & trunc_ln297 == 5)> <Delay = 0.00>
ST_53 : Operation 196 [1/1] (0.00ns)   --->   "%write_ln297 = write void @_ssdm_op_Write.ap_auto.floatP0A, i32 %pmax_4, i32 %abs_g" [swiglu.cpp:297->swiglu.cpp:716]   --->   Operation 196 'write' 'write_ln297' <Predicate = (and_ln297 & trunc_ln297 == 4)> <Delay = 0.00>
ST_53 : Operation 197 [1/1] (0.00ns)   --->   "%br_ln297 = br void %arrayidx25.1.exit.i" [swiglu.cpp:297->swiglu.cpp:716]   --->   Operation 197 'br' 'br_ln297' <Predicate = (and_ln297 & trunc_ln297 == 4)> <Delay = 0.00>
ST_53 : Operation 198 [1/1] (0.00ns)   --->   "%write_ln297 = write void @_ssdm_op_Write.ap_auto.floatP0A, i32 %pmax_3, i32 %abs_g" [swiglu.cpp:297->swiglu.cpp:716]   --->   Operation 198 'write' 'write_ln297' <Predicate = (and_ln297 & trunc_ln297 == 3)> <Delay = 0.00>
ST_53 : Operation 199 [1/1] (0.00ns)   --->   "%br_ln297 = br void %arrayidx25.1.exit.i" [swiglu.cpp:297->swiglu.cpp:716]   --->   Operation 199 'br' 'br_ln297' <Predicate = (and_ln297 & trunc_ln297 == 3)> <Delay = 0.00>
ST_53 : Operation 200 [1/1] (0.00ns)   --->   "%write_ln297 = write void @_ssdm_op_Write.ap_auto.floatP0A, i32 %pmax_2, i32 %abs_g" [swiglu.cpp:297->swiglu.cpp:716]   --->   Operation 200 'write' 'write_ln297' <Predicate = (and_ln297 & trunc_ln297 == 2)> <Delay = 0.00>
ST_53 : Operation 201 [1/1] (0.00ns)   --->   "%br_ln297 = br void %arrayidx25.1.exit.i" [swiglu.cpp:297->swiglu.cpp:716]   --->   Operation 201 'br' 'br_ln297' <Predicate = (and_ln297 & trunc_ln297 == 2)> <Delay = 0.00>
ST_53 : Operation 202 [1/1] (0.00ns)   --->   "%write_ln297 = write void @_ssdm_op_Write.ap_auto.floatP0A, i32 %pmax_1, i32 %abs_g" [swiglu.cpp:297->swiglu.cpp:716]   --->   Operation 202 'write' 'write_ln297' <Predicate = (and_ln297 & trunc_ln297 == 1)> <Delay = 0.00>
ST_53 : Operation 203 [1/1] (0.00ns)   --->   "%br_ln297 = br void %arrayidx25.1.exit.i" [swiglu.cpp:297->swiglu.cpp:716]   --->   Operation 203 'br' 'br_ln297' <Predicate = (and_ln297 & trunc_ln297 == 1)> <Delay = 0.00>
ST_53 : Operation 204 [1/1] (0.00ns)   --->   "%write_ln297 = write void @_ssdm_op_Write.ap_auto.floatP0A, i32 %pmax, i32 %abs_g" [swiglu.cpp:297->swiglu.cpp:716]   --->   Operation 204 'write' 'write_ln297' <Predicate = (and_ln297 & trunc_ln297 == 0)> <Delay = 0.00>
ST_53 : Operation 205 [1/1] (0.00ns)   --->   "%br_ln297 = br void %arrayidx25.1.exit.i" [swiglu.cpp:297->swiglu.cpp:716]   --->   Operation 205 'br' 'br_ln297' <Predicate = (and_ln297 & trunc_ln297 == 0)> <Delay = 0.00>
ST_53 : Operation 206 [1/1] (0.00ns)   --->   "%write_ln297 = write void @_ssdm_op_Write.ap_auto.floatP0A, i32 %pmax_7, i32 %abs_g" [swiglu.cpp:297->swiglu.cpp:716]   --->   Operation 206 'write' 'write_ln297' <Predicate = (and_ln297 & trunc_ln297 == 7)> <Delay = 0.00>
ST_53 : Operation 207 [1/1] (0.00ns)   --->   "%br_ln297 = br void %arrayidx25.1.exit.i" [swiglu.cpp:297->swiglu.cpp:716]   --->   Operation 207 'br' 'br_ln297' <Predicate = (and_ln297 & trunc_ln297 == 7)> <Delay = 0.00>
ST_53 : Operation 208 [1/1] (0.00ns)   --->   "%br_ln297 = br void %for.inc.1.i" [swiglu.cpp:297->swiglu.cpp:716]   --->   Operation 208 'br' 'br_ln297' <Predicate = (and_ln297)> <Delay = 0.00>


============================================================
+ Verbose Summary: Timing violations
============================================================
Target clock period: 4.000ns, clock uncertainty: 1.080ns.

 <State 1>: 1.685ns
The critical path consists of the following:
	'store' operation 0 bit ('store_ln287', swiglu.cpp:287->swiglu.cpp:716) of constant 0 on local variable 'j', swiglu.cpp:287->swiglu.cpp:716 [16]  (0.427 ns)
	'load' operation 14 bit ('j', swiglu.cpp:287->swiglu.cpp:716) on local variable 'j', swiglu.cpp:287->swiglu.cpp:716 [19]  (0.000 ns)
	'icmp' operation 1 bit ('icmp_ln287', swiglu.cpp:287->swiglu.cpp:716) [20]  (0.831 ns)
	'store' operation 0 bit ('store_ln287', swiglu.cpp:287->swiglu.cpp:716) of variable 'add_ln287', swiglu.cpp:287->swiglu.cpp:716 on local variable 'j', swiglu.cpp:287->swiglu.cpp:716 [124]  (0.427 ns)

 <State 2>: 1.237ns
The critical path consists of the following:
	'load' operation 8 bit ('X1_cache_load', swiglu.cpp:289->swiglu.cpp:716) on array 'X1_cache' [32]  (1.237 ns)

 <State 3>: 3.239ns
The critical path consists of the following:
	'sitofp' operation 32 bit ('conv_1_i', swiglu.cpp:289->swiglu.cpp:716) [34]  (3.239 ns)

 <State 4>: 3.239ns
The critical path consists of the following:
	'sitofp' operation 32 bit ('conv_1_i', swiglu.cpp:289->swiglu.cpp:716) [34]  (3.239 ns)

 <State 5>: 3.239ns
The critical path consists of the following:
	'sitofp' operation 32 bit ('conv_1_i', swiglu.cpp:289->swiglu.cpp:716) [34]  (3.239 ns)

 <State 6>: 3.239ns
The critical path consists of the following:
	'sitofp' operation 32 bit ('conv_1_i', swiglu.cpp:289->swiglu.cpp:716) [34]  (3.239 ns)

 <State 7>: 3.239ns
The critical path consists of the following:
	'sitofp' operation 32 bit ('conv_1_i', swiglu.cpp:289->swiglu.cpp:716) [34]  (3.239 ns)

 <State 8>: 3.239ns
The critical path consists of the following:
	'sitofp' operation 32 bit ('conv_1_i', swiglu.cpp:289->swiglu.cpp:716) [34]  (3.239 ns)

 <State 9>: 3.239ns
The critical path consists of the following:
	'sitofp' operation 32 bit ('conv_1_i', swiglu.cpp:289->swiglu.cpp:716) [34]  (3.239 ns)

 <State 10>: 2.563ns
The critical path consists of the following:
	'fmul' operation 32 bit ('z', swiglu.cpp:289->swiglu.cpp:716) [35]  (2.563 ns)

 <State 11>: 2.563ns
The critical path consists of the following:
	'fmul' operation 32 bit ('z', swiglu.cpp:289->swiglu.cpp:716) [35]  (2.563 ns)

 <State 12>: 2.563ns
The critical path consists of the following:
	'fmul' operation 32 bit ('z', swiglu.cpp:289->swiglu.cpp:716) [35]  (2.563 ns)

 <State 13>: 2.563ns
The critical path consists of the following:
	'fmul' operation 32 bit ('z', swiglu.cpp:289->swiglu.cpp:716) [35]  (2.563 ns)

 <State 14>: 2.563ns
The critical path consists of the following:
	'fmul' operation 32 bit ('z', swiglu.cpp:289->swiglu.cpp:716) [35]  (2.563 ns)

 <State 15>: 2.563ns
The critical path consists of the following:
	'fmul' operation 32 bit ('z', swiglu.cpp:289->swiglu.cpp:716) [35]  (2.563 ns)

 <State 16>: 2.464ns
The critical path consists of the following:
	'fadd' operation 32 bit ('add_1_i', swiglu.cpp:291->swiglu.cpp:716) [40]  (2.464 ns)

 <State 17>: 2.464ns
The critical path consists of the following:
	'fadd' operation 32 bit ('add_1_i', swiglu.cpp:291->swiglu.cpp:716) [40]  (2.464 ns)

 <State 18>: 2.464ns
The critical path consists of the following:
	'fadd' operation 32 bit ('add_1_i', swiglu.cpp:291->swiglu.cpp:716) [40]  (2.464 ns)

 <State 19>: 2.464ns
The critical path consists of the following:
	'fadd' operation 32 bit ('add_1_i', swiglu.cpp:291->swiglu.cpp:716) [40]  (2.464 ns)

 <State 20>: 2.464ns
The critical path consists of the following:
	'fadd' operation 32 bit ('add_1_i', swiglu.cpp:291->swiglu.cpp:716) [40]  (2.464 ns)

 <State 21>: 2.464ns
The critical path consists of the following:
	'fadd' operation 32 bit ('add_1_i', swiglu.cpp:291->swiglu.cpp:716) [40]  (2.464 ns)

 <State 22>: 2.464ns
The critical path consists of the following:
	'fadd' operation 32 bit ('add_1_i', swiglu.cpp:291->swiglu.cpp:716) [40]  (2.464 ns)

 <State 23>: 2.464ns
The critical path consists of the following:
	'fadd' operation 32 bit ('add_1_i', swiglu.cpp:291->swiglu.cpp:716) [40]  (2.464 ns)

 <State 24>: 2.464ns
The critical path consists of the following:
	'fadd' operation 32 bit ('add_1_i', swiglu.cpp:291->swiglu.cpp:716) [40]  (2.464 ns)

 <State 25>: 2.464ns
The critical path consists of the following:
	'fadd' operation 32 bit ('add_1_i', swiglu.cpp:291->swiglu.cpp:716) [40]  (2.464 ns)

 <State 26>: 2.563ns
The critical path consists of the following:
	'fmul' operation 32 bit ('scaled', swiglu.cpp:291->swiglu.cpp:716) [41]  (2.563 ns)

 <State 27>: 2.563ns
The critical path consists of the following:
	'fmul' operation 32 bit ('scaled', swiglu.cpp:291->swiglu.cpp:716) [41]  (2.563 ns)

 <State 28>: 2.563ns
The critical path consists of the following:
	'fmul' operation 32 bit ('scaled', swiglu.cpp:291->swiglu.cpp:716) [41]  (2.563 ns)

 <State 29>: 3.239ns
The critical path consists of the following:
	'sitofp' operation 32 bit ('conv11_1_i', swiglu.cpp:290->swiglu.cpp:716) [38]  (3.239 ns)

 <State 30>: 3.239ns
The critical path consists of the following:
	'sitofp' operation 32 bit ('conv11_1_i', swiglu.cpp:290->swiglu.cpp:716) [38]  (3.239 ns)

 <State 31>: 3.239ns
The critical path consists of the following:
	'sitofp' operation 32 bit ('conv11_1_i', swiglu.cpp:290->swiglu.cpp:716) [38]  (3.239 ns)

 <State 32>: 3.239ns
The critical path consists of the following:
	'sitofp' operation 32 bit ('conv11_1_i', swiglu.cpp:290->swiglu.cpp:716) [38]  (3.239 ns)

 <State 33>: 3.239ns
The critical path consists of the following:
	'sitofp' operation 32 bit ('conv11_1_i', swiglu.cpp:290->swiglu.cpp:716) [38]  (3.239 ns)

 <State 34>: 3.239ns
The critical path consists of the following:
	'sitofp' operation 32 bit ('conv11_1_i', swiglu.cpp:290->swiglu.cpp:716) [38]  (3.239 ns)

 <State 35>: 3.239ns
The critical path consists of the following:
	'sitofp' operation 32 bit ('conv11_1_i', swiglu.cpp:290->swiglu.cpp:716) [38]  (3.239 ns)

 <State 36>: 2.563ns
The critical path consists of the following:
	'fmul' operation 32 bit ('x2', swiglu.cpp:290->swiglu.cpp:716) [39]  (2.563 ns)

 <State 37>: 2.563ns
The critical path consists of the following:
	'fmul' operation 32 bit ('x2', swiglu.cpp:290->swiglu.cpp:716) [39]  (2.563 ns)

 <State 38>: 2.563ns
The critical path consists of the following:
	'fmul' operation 32 bit ('x2', swiglu.cpp:290->swiglu.cpp:716) [39]  (2.563 ns)

 <State 39>: 2.563ns
The critical path consists of the following:
	'fmul' operation 32 bit ('x2', swiglu.cpp:290->swiglu.cpp:716) [39]  (2.563 ns)

 <State 40>: 2.563ns
The critical path consists of the following:
	'fmul' operation 32 bit ('x2', swiglu.cpp:290->swiglu.cpp:716) [39]  (2.563 ns)

 <State 41>: 2.563ns
The critical path consists of the following:
	'fmul' operation 32 bit ('x2', swiglu.cpp:290->swiglu.cpp:716) [39]  (2.563 ns)

 <State 42>: 2.563ns
The critical path consists of the following:
	'fmul' operation 32 bit ('g', swiglu.cpp:295->swiglu.cpp:716) [54]  (2.563 ns)

 <State 43>: 2.563ns
The critical path consists of the following:
	'fmul' operation 32 bit ('g', swiglu.cpp:295->swiglu.cpp:716) [54]  (2.563 ns)

 <State 44>: 2.563ns
The critical path consists of the following:
	'fmul' operation 32 bit ('g', swiglu.cpp:295->swiglu.cpp:716) [54]  (2.563 ns)

 <State 45>: 2.563ns
The critical path consists of the following:
	'fmul' operation 32 bit ('g', swiglu.cpp:295->swiglu.cpp:716) [54]  (2.563 ns)

 <State 46>: 2.563ns
The critical path consists of the following:
	'fmul' operation 32 bit ('g', swiglu.cpp:295->swiglu.cpp:716) [54]  (2.563 ns)

 <State 47>: 2.563ns
The critical path consists of the following:
	'fmul' operation 32 bit ('g', swiglu.cpp:295->swiglu.cpp:716) [54]  (2.563 ns)

 <State 48>: 2.782ns
The critical path consists of the following:
	'fcmp' operation 1 bit ('tmp_327', swiglu.cpp:296->swiglu.cpp:716) [61]  (2.782 ns)

 <State 49>: 2.782ns
The critical path consists of the following:
	'fcmp' operation 1 bit ('tmp_327', swiglu.cpp:296->swiglu.cpp:716) [61]  (2.782 ns)

 <State 50>: 1.373ns
The critical path consists of the following:
	'icmp' operation 1 bit ('icmp_ln296', swiglu.cpp:296->swiglu.cpp:716) [59]  (0.924 ns)
	'or' operation 1 bit ('or_ln296', swiglu.cpp:296->swiglu.cpp:716) [60]  (0.000 ns)
	'and' operation 1 bit ('and_ln296', swiglu.cpp:296->swiglu.cpp:716) [62]  (0.000 ns)
	'select' operation 32 bit ('abs_g', swiglu.cpp:296->swiglu.cpp:716) [68]  (0.449 ns)

 <State 51>: 2.782ns
The critical path consists of the following:
	'fcmp' operation 1 bit ('tmp_330', swiglu.cpp:297->swiglu.cpp:716) [91]  (2.782 ns)

 <State 52>: 2.782ns
The critical path consists of the following:
	'fcmp' operation 1 bit ('tmp_330', swiglu.cpp:297->swiglu.cpp:716) [91]  (2.782 ns)

 <State 53>: 1.211ns
The critical path consists of the following:
	'icmp' operation 1 bit ('icmp_ln297_8', swiglu.cpp:297->swiglu.cpp:716) [86]  (0.924 ns)
	'or' operation 1 bit ('or_ln297_2', swiglu.cpp:297->swiglu.cpp:716) [87]  (0.000 ns)
	'and' operation 1 bit ('and_ln297_2', swiglu.cpp:297->swiglu.cpp:716) [92]  (0.000 ns)
	'and' operation 1 bit ('and_ln297', swiglu.cpp:297->swiglu.cpp:716) [93]  (0.287 ns)


============================================================
+ Verbose Summary: Binding
============================================================
N/A
* FSMD analyzer results:
  - Output states:
 - Input state : 
  - Chain level:
	State 1
	State 2
	State 3
	State 4
	State 5
	State 6
	State 7
	State 8
	State 9
	State 10
	State 11
	State 12
	State 13
	State 14
	State 15
	State 16
	State 17
	State 18
	State 19
	State 20
	State 21
	State 22
	State 23
	State 24
	State 25
	State 26
	State 27
	State 28
	State 29
	State 30
	State 31
	State 32
	State 33
	State 34
	State 35
	State 36
	State 37
	State 38
	State 39
	State 40
	State 41
	State 42
	State 43
	State 44
	State 45
	State 46
	State 47
	State 48
	State 49
	State 50
	State 51
	State 52
	State 53


============================================================
+ Verbose Summary: Datapath Resource usage 
============================================================
N/A
