

================================================================
== Vitis HLS Report for 'compute_output'
================================================================
* Date:           Mon Mar 30 09:37:07 2026

* Version:        2025.1 (Build 6135595 on May 21 2025)
* Project:        swiglu
* Solution:       hls (Vivado IP Flow Target)
* Product family: zynquplus
* Target device:  xck26-sfvc784-2LV-c


================================================================
== Performance Estimates
================================================================
+ Timing: 
    * Summary: 
    +--------+---------+----------+------------+
    |  Clock |  Target | Estimated| Uncertainty|
    +--------+---------+----------+------------+
    |ap_clk  |  3.33 ns|  3.239 ns|     0.90 ns|
    +--------+---------+----------+------------+

+ Latency: 
    * Summary: 
    +---------+----------+-----------+-----------+---------+----------+---------+
    |  Latency (cycles)  |   Latency (absolute)  |      Interval      | Pipeline|
    |   min   |    max   |    min    |    max    |   min   |    max   |   Type  |
    +---------+----------+-----------+-----------+---------+----------+---------+
    |  3801162|  60997706|  12.658 ms|  0.203 sec|  3801162|  60997706|       no|
    +---------+----------+-----------+-----------+---------+----------+---------+

    + Detail: 
        * Instance: 
        N/A

        * Loop: 
        +------------+----------+----------+----------+-----------+-----------+------+----------+
        |            |   Latency (cycles)  | Iteration|  Initiation Interval  | Trip |          |
        |  Loop Name |    min   |    max   |  Latency |  achieved |   target  | Count| Pipelined|
        +------------+----------+----------+----------+-----------+-----------+------+----------+
        |- DOWN_Q4K  |   3799040|   3799040|      1855|          -|          -|  2048|        no|
        |- DOWN_Q6K  |  60995584|  60995584|     29783|          -|          -|  2048|        no|
        +------------+----------+----------+----------+-----------+-----------+------+----------+

============================================================
+ Verbose Summary: Synthesis Manager
============================================================
InlineROM: 1
ExposeGlobal: 0
============================================================
+ Verbose Summary: CDFG Model
============================================================
IsTopModel: 0
ResetActiveHigh: 1
IsCombinational: 2
IsDatapathOnly: 0
HasWiredReturn: 1
HasMFsm: 0
HasVarLatency: 1
IsPipeline: 0
IsRtlPipelined: 0
IsInstanceOverlapped: 0
IsDontTouch: 0
HasImplIP: 0
IsGatedGlobalClock: 0


============================================================
+ Verbose Summary: Schedule
============================================================
* Number of FSM states : 82
* Pipeline : 0
* Dataflow Pipeline: 0

* FSM state transitions: 
1 --> 2 
2 --> 3 13 8 
3 --> 4 
4 --> 5 
5 --> 6 
6 --> 7 
7 --> 2 
8 --> 9 
9 --> 10 
10 --> 11 
11 --> 12 
12 --> 2 
13 --> 14 
14 --> 15 
15 --> 16 
16 --> 17 
17 --> 18 
18 --> 19 
19 --> 20 
20 --> 21 
21 --> 22 
22 --> 23 
23 --> 24 
24 --> 25 
25 --> 26 
26 --> 27 
27 --> 28 
28 --> 29 
29 --> 30 
30 --> 31 
31 --> 32 
32 --> 33 
33 --> 34 
34 --> 35 
35 --> 36 
36 --> 37 
37 --> 38 
38 --> 39 
39 --> 40 
40 --> 41 
41 --> 42 
42 --> 43 
43 --> 44 
44 --> 45 
45 --> 46 
46 --> 47 
47 --> 48 
48 --> 49 
49 --> 50 
50 --> 51 
51 --> 52 
52 --> 53 
53 --> 54 
54 --> 55 
55 --> 56 
56 --> 57 
57 --> 58 
58 --> 59 
59 --> 60 
60 --> 61 
61 --> 62 
62 --> 63 
63 --> 64 
64 --> 65 
65 --> 66 
66 --> 67 
67 --> 68 
68 --> 69 
69 --> 70 
70 --> 71 
71 --> 72 
72 --> 73 
73 --> 74 
74 --> 75 
75 --> 76 
76 --> 77 
77 --> 78 
78 --> 79 
79 --> 80 
80 --> 81 
81 --> 82 
82 --> 

* FSM state operations: 

State 1 <SV = 0> <Delay = 1.49>
ST_1 : Operation 83 [1/1] (0.00ns)   --->   "%specmemcore_ln0 = specmemcore void @_ssdm_op_SpecMemCore, i8 %gate_cache_0, i64 666, i64 24, i64 18446744073709551615"   --->   Operation 83 'specmemcore' 'specmemcore_ln0' <Predicate = true> <Delay = 0.00>
ST_1 : Operation 84 [1/1] (0.00ns)   --->   "%specmemcore_ln0 = specmemcore void @_ssdm_op_SpecMemCore, i8 %gate_cache_1, i64 666, i64 24, i64 18446744073709551615"   --->   Operation 84 'specmemcore' 'specmemcore_ln0' <Predicate = true> <Delay = 0.00>
ST_1 : Operation 85 [1/1] (0.00ns)   --->   "%specmemcore_ln0 = specmemcore void @_ssdm_op_SpecMemCore, i8 %gate_cache_2, i64 666, i64 24, i64 18446744073709551615"   --->   Operation 85 'specmemcore' 'specmemcore_ln0' <Predicate = true> <Delay = 0.00>
ST_1 : Operation 86 [1/1] (0.00ns)   --->   "%specmemcore_ln0 = specmemcore void @_ssdm_op_SpecMemCore, i8 %gate_cache_3, i64 666, i64 24, i64 18446744073709551615"   --->   Operation 86 'specmemcore' 'specmemcore_ln0' <Predicate = true> <Delay = 0.00>
ST_1 : Operation 87 [1/1] (0.00ns)   --->   "%specmemcore_ln0 = specmemcore void @_ssdm_op_SpecMemCore, i8 %gate_cache_4, i64 666, i64 24, i64 18446744073709551615"   --->   Operation 87 'specmemcore' 'specmemcore_ln0' <Predicate = true> <Delay = 0.00>
ST_1 : Operation 88 [1/1] (0.00ns)   --->   "%specmemcore_ln0 = specmemcore void @_ssdm_op_SpecMemCore, i8 %gate_cache_5, i64 666, i64 24, i64 18446744073709551615"   --->   Operation 88 'specmemcore' 'specmemcore_ln0' <Predicate = true> <Delay = 0.00>
ST_1 : Operation 89 [1/1] (0.00ns)   --->   "%specmemcore_ln0 = specmemcore void @_ssdm_op_SpecMemCore, i8 %gate_cache_6, i64 666, i64 24, i64 18446744073709551615"   --->   Operation 89 'specmemcore' 'specmemcore_ln0' <Predicate = true> <Delay = 0.00>
ST_1 : Operation 90 [1/1] (0.00ns)   --->   "%specmemcore_ln0 = specmemcore void @_ssdm_op_SpecMemCore, i8 %gate_cache_7, i64 666, i64 24, i64 18446744073709551615"   --->   Operation 90 'specmemcore' 'specmemcore_ln0' <Predicate = true> <Delay = 0.00>
ST_1 : Operation 91 [1/1] (0.00ns)   --->   "%specinterface_ln0 = specinterface void @_ssdm_op_SpecInterface, i32 %gmem_out, void @empty_31, i32 0, i32 0, void @empty_32, i32 64, i32 2048, void @empty_2, void @empty_35, void @empty_32, i32 16, i32 2, i32 16, i32 256, void @empty_32, void @empty_32, i32 4294967295, i32 0, i32 0"   --->   Operation 91 'specinterface' 'specinterface_ln0' <Predicate = true> <Delay = 0.00>
ST_1 : Operation 92 [1/1] (0.00ns)   --->   "%specinterface_ln0 = specinterface void @_ssdm_op_SpecInterface, i128 %gmem_Wd, void @empty_31, i32 0, i32 0, void @empty_32, i32 64, i32 860160, void @empty_0, void @empty_35, void @empty_32, i32 2, i32 16, i32 256, i32 16, void @empty_32, void @empty_32, i32 4294967295, i32 0, i32 0"   --->   Operation 92 'specinterface' 'specinterface_ln0' <Predicate = true> <Delay = 0.00>
ST_1 : Operation 93 [1/1] (0.00ns)   --->   "%down_quant_mode_read = read i32 @_ssdm_op_Read.ap_auto.i32, i32 %down_quant_mode"   --->   Operation 93 'read' 'down_quant_mode_read' <Predicate = true> <Delay = 0.00>
ST_1 : Operation 94 [1/1] (0.00ns)   --->   "%out_batch_read = read i64 @_ssdm_op_Read.ap_auto.i64, i64 %out_batch"   --->   Operation 94 'read' 'out_batch_read' <Predicate = true> <Delay = 0.00>
ST_1 : Operation 95 [1/1] (0.00ns)   --->   "%W_down_read = read i64 @_ssdm_op_Read.ap_auto.i64, i64 %W_down"   --->   Operation 95 'read' 'W_down_read' <Predicate = true> <Delay = 0.00>
ST_1 : Operation 96 [1/1] (1.21ns)   --->   "%p_read_1 = read i32 @_ssdm_op_Read.ap_auto.float, i32 %p_read"   --->   Operation 96 'read' 'p_read_1' <Predicate = true> <Delay = 1.21> <CoreInst = "FIFO_SRL">   --->   Core 80 'FIFO_SRL' <Latency = 0> <II = 1> <Delay = 1.83> <Storage> <Opcode : 'read' 'write' 'nbread' 'nbwrite'> <Ports = 0> <Width = 32> <Depth = 2> <FIFO>
ST_1 : Operation 97 [1/1] (0.00ns)   --->   "%out_local = alloca i64 1" [swiglu.cpp:510->swiglu.cpp:627]   --->   Operation 97 'alloca' 'out_local' <Predicate = true> <Delay = 0.00> <CoreInst = "RAM_1P_BRAM">   --->   Core 89 'RAM_1P_BRAM' <Latency = 1> <II = 1> <Delay = 1.23> <Storage> <Opcode : 'load' 'store'> <Ports = 1> <Width = 32> <Depth = 2048> <RAM>
ST_1 : Operation 98 [1/1] (0.00ns)   --->   "%row_buf = alloca i64 1" [swiglu.cpp:516->swiglu.cpp:627]   --->   Operation 98 'alloca' 'row_buf' <Predicate = true> <Delay = 0.00> <CoreInst = "RAM_1P_BRAM">   --->   Core 89 'RAM_1P_BRAM' <Latency = 1> <II = 1> <Delay = 1.23> <Storage> <Opcode : 'load' 'store'> <Ports = 1> <Width = 128> <Depth = 36> <RAM>
ST_1 : Operation 99 [1/1] (0.00ns)   --->   "%row_buf_1 = alloca i64 1" [swiglu.cpp:516->swiglu.cpp:627]   --->   Operation 99 'alloca' 'row_buf_1' <Predicate = true> <Delay = 0.00> <CoreInst = "RAM_1P_BRAM">   --->   Core 89 'RAM_1P_BRAM' <Latency = 1> <II = 1> <Delay = 1.23> <Storage> <Opcode : 'load' 'store'> <Ports = 1> <Width = 128> <Depth = 36> <RAM>
ST_1 : Operation 100 [1/1] (0.00ns)   --->   "%row_buf_2 = alloca i64 1" [swiglu.cpp:516->swiglu.cpp:627]   --->   Operation 100 'alloca' 'row_buf_2' <Predicate = true> <Delay = 0.00> <CoreInst = "RAM_1P_BRAM">   --->   Core 89 'RAM_1P_BRAM' <Latency = 1> <II = 1> <Delay = 1.23> <Storage> <Opcode : 'load' 'store'> <Ports = 1> <Width = 128> <Depth = 36> <RAM>
ST_1 : Operation 101 [1/1] (0.00ns)   --->   "%row_buf_3 = alloca i64 1" [swiglu.cpp:516->swiglu.cpp:627]   --->   Operation 101 'alloca' 'row_buf_3' <Predicate = true> <Delay = 0.00> <CoreInst = "RAM_1P_BRAM">   --->   Core 89 'RAM_1P_BRAM' <Latency = 1> <II = 1> <Delay = 1.23> <Storage> <Opcode : 'load' 'store'> <Ports = 1> <Width = 128> <Depth = 36> <RAM>
ST_1 : Operation 102 [1/1] (0.00ns)   --->   "%row_buf_4 = alloca i64 1" [swiglu.cpp:516->swiglu.cpp:627]   --->   Operation 102 'alloca' 'row_buf_4' <Predicate = true> <Delay = 0.00> <CoreInst = "RAM_1P_BRAM">   --->   Core 89 'RAM_1P_BRAM' <Latency = 1> <II = 1> <Delay = 1.23> <Storage> <Opcode : 'load' 'store'> <Ports = 1> <Width = 128> <Depth = 36> <RAM>
ST_1 : Operation 103 [1/1] (0.00ns)   --->   "%row_buf_5 = alloca i64 1" [swiglu.cpp:516->swiglu.cpp:627]   --->   Operation 103 'alloca' 'row_buf_5' <Predicate = true> <Delay = 0.00> <CoreInst = "RAM_1P_BRAM">   --->   Core 89 'RAM_1P_BRAM' <Latency = 1> <II = 1> <Delay = 1.23> <Storage> <Opcode : 'load' 'store'> <Ports = 1> <Width = 128> <Depth = 36> <RAM>
ST_1 : Operation 104 [1/1] (0.00ns)   --->   "%row_buf_6 = alloca i64 1" [swiglu.cpp:516->swiglu.cpp:627]   --->   Operation 104 'alloca' 'row_buf_6' <Predicate = true> <Delay = 0.00> <CoreInst = "RAM_1P_BRAM">   --->   Core 89 'RAM_1P_BRAM' <Latency = 1> <II = 1> <Delay = 1.23> <Storage> <Opcode : 'load' 'store'> <Ports = 1> <Width = 128> <Depth = 36> <RAM>
ST_1 : Operation 105 [1/1] (0.00ns)   --->   "%row_buf_7 = alloca i64 1" [swiglu.cpp:516->swiglu.cpp:627]   --->   Operation 105 'alloca' 'row_buf_7' <Predicate = true> <Delay = 0.00> <CoreInst = "RAM_1P_BRAM">   --->   Core 89 'RAM_1P_BRAM' <Latency = 1> <II = 1> <Delay = 1.23> <Storage> <Opcode : 'load' 'store'> <Ports = 1> <Width = 128> <Depth = 36> <RAM>
ST_1 : Operation 106 [1/1] (0.00ns)   --->   "%row_buf_8 = alloca i64 1" [swiglu.cpp:524->swiglu.cpp:627]   --->   Operation 106 'alloca' 'row_buf_8' <Predicate = true> <Delay = 0.00> <CoreInst = "RAM_1P_BRAM">   --->   Core 89 'RAM_1P_BRAM' <Latency = 1> <II = 1> <Delay = 1.23> <Storage> <Opcode : 'load' 'store'> <Ports = 1> <Width = 128> <Depth = 27> <RAM>
ST_1 : Operation 107 [1/1] (0.00ns)   --->   "%row_buf_9 = alloca i64 1" [swiglu.cpp:524->swiglu.cpp:627]   --->   Operation 107 'alloca' 'row_buf_9' <Predicate = true> <Delay = 0.00> <CoreInst = "RAM_1P_BRAM">   --->   Core 89 'RAM_1P_BRAM' <Latency = 1> <II = 1> <Delay = 1.23> <Storage> <Opcode : 'load' 'store'> <Ports = 1> <Width = 128> <Depth = 27> <RAM>
ST_1 : Operation 108 [1/1] (0.00ns)   --->   "%row_buf_10 = alloca i64 1" [swiglu.cpp:524->swiglu.cpp:627]   --->   Operation 108 'alloca' 'row_buf_10' <Predicate = true> <Delay = 0.00> <CoreInst = "RAM_1P_BRAM">   --->   Core 89 'RAM_1P_BRAM' <Latency = 1> <II = 1> <Delay = 1.23> <Storage> <Opcode : 'load' 'store'> <Ports = 1> <Width = 128> <Depth = 27> <RAM>
ST_1 : Operation 109 [1/1] (0.00ns)   --->   "%row_buf_11 = alloca i64 1" [swiglu.cpp:524->swiglu.cpp:627]   --->   Operation 109 'alloca' 'row_buf_11' <Predicate = true> <Delay = 0.00> <CoreInst = "RAM_1P_BRAM">   --->   Core 89 'RAM_1P_BRAM' <Latency = 1> <II = 1> <Delay = 1.23> <Storage> <Opcode : 'load' 'store'> <Ports = 1> <Width = 128> <Depth = 27> <RAM>
ST_1 : Operation 110 [1/1] (0.00ns)   --->   "%row_buf_12 = alloca i64 1" [swiglu.cpp:524->swiglu.cpp:627]   --->   Operation 110 'alloca' 'row_buf_12' <Predicate = true> <Delay = 0.00> <CoreInst = "RAM_1P_BRAM">   --->   Core 89 'RAM_1P_BRAM' <Latency = 1> <II = 1> <Delay = 1.23> <Storage> <Opcode : 'load' 'store'> <Ports = 1> <Width = 128> <Depth = 27> <RAM>
ST_1 : Operation 111 [1/1] (0.00ns)   --->   "%row_buf_13 = alloca i64 1" [swiglu.cpp:524->swiglu.cpp:627]   --->   Operation 111 'alloca' 'row_buf_13' <Predicate = true> <Delay = 0.00> <CoreInst = "RAM_1P_BRAM">   --->   Core 89 'RAM_1P_BRAM' <Latency = 1> <II = 1> <Delay = 1.23> <Storage> <Opcode : 'load' 'store'> <Ports = 1> <Width = 128> <Depth = 27> <RAM>
ST_1 : Operation 112 [1/1] (0.00ns)   --->   "%row_buf_14 = alloca i64 1" [swiglu.cpp:524->swiglu.cpp:627]   --->   Operation 112 'alloca' 'row_buf_14' <Predicate = true> <Delay = 0.00> <CoreInst = "RAM_1P_BRAM">   --->   Core 89 'RAM_1P_BRAM' <Latency = 1> <II = 1> <Delay = 1.23> <Storage> <Opcode : 'load' 'store'> <Ports = 1> <Width = 128> <Depth = 27> <RAM>
ST_1 : Operation 113 [1/1] (0.00ns)   --->   "%row_buf_15 = alloca i64 1" [swiglu.cpp:524->swiglu.cpp:627]   --->   Operation 113 'alloca' 'row_buf_15' <Predicate = true> <Delay = 0.00> <CoreInst = "RAM_1P_BRAM">   --->   Core 89 'RAM_1P_BRAM' <Latency = 1> <II = 1> <Delay = 1.23> <Storage> <Opcode : 'load' 'store'> <Ports = 1> <Width = 128> <Depth = 27> <RAM>
ST_1 : Operation 114 [1/1] (0.00ns)   --->   "%row_buf_16 = alloca i64 1" [swiglu.cpp:524->swiglu.cpp:627]   --->   Operation 114 'alloca' 'row_buf_16' <Predicate = true> <Delay = 0.00> <CoreInst = "RAM_1P_BRAM">   --->   Core 89 'RAM_1P_BRAM' <Latency = 1> <II = 1> <Delay = 1.23> <Storage> <Opcode : 'load' 'store'> <Ports = 1> <Width = 128> <Depth = 27> <RAM>
ST_1 : Operation 115 [1/1] (0.00ns)   --->   "%row_buf_17 = alloca i64 1" [swiglu.cpp:524->swiglu.cpp:627]   --->   Operation 115 'alloca' 'row_buf_17' <Predicate = true> <Delay = 0.00> <CoreInst = "RAM_1P_BRAM">   --->   Core 89 'RAM_1P_BRAM' <Latency = 1> <II = 1> <Delay = 1.23> <Storage> <Opcode : 'load' 'store'> <Ports = 1> <Width = 128> <Depth = 27> <RAM>
ST_1 : Operation 116 [1/1] (0.00ns)   --->   "%row_buf_18 = alloca i64 1" [swiglu.cpp:524->swiglu.cpp:627]   --->   Operation 116 'alloca' 'row_buf_18' <Predicate = true> <Delay = 0.00> <CoreInst = "RAM_1P_BRAM">   --->   Core 89 'RAM_1P_BRAM' <Latency = 1> <II = 1> <Delay = 1.23> <Storage> <Opcode : 'load' 'store'> <Ports = 1> <Width = 128> <Depth = 27> <RAM>
ST_1 : Operation 117 [1/1] (0.00ns)   --->   "%row_buf_19 = alloca i64 1" [swiglu.cpp:524->swiglu.cpp:627]   --->   Operation 117 'alloca' 'row_buf_19' <Predicate = true> <Delay = 0.00> <CoreInst = "RAM_1P_BRAM">   --->   Core 89 'RAM_1P_BRAM' <Latency = 1> <II = 1> <Delay = 1.23> <Storage> <Opcode : 'load' 'store'> <Ports = 1> <Width = 128> <Depth = 27> <RAM>
ST_1 : Operation 118 [1/1] (0.00ns)   --->   "%row_buf_20 = alloca i64 1" [swiglu.cpp:524->swiglu.cpp:627]   --->   Operation 118 'alloca' 'row_buf_20' <Predicate = true> <Delay = 0.00> <CoreInst = "RAM_1P_BRAM">   --->   Core 89 'RAM_1P_BRAM' <Latency = 1> <II = 1> <Delay = 1.23> <Storage> <Opcode : 'load' 'store'> <Ports = 1> <Width = 128> <Depth = 27> <RAM>
ST_1 : Operation 119 [1/1] (0.00ns)   --->   "%row_buf_21 = alloca i64 1" [swiglu.cpp:524->swiglu.cpp:627]   --->   Operation 119 'alloca' 'row_buf_21' <Predicate = true> <Delay = 0.00> <CoreInst = "RAM_1P_BRAM">   --->   Core 89 'RAM_1P_BRAM' <Latency = 1> <II = 1> <Delay = 1.23> <Storage> <Opcode : 'load' 'store'> <Ports = 1> <Width = 128> <Depth = 27> <RAM>
ST_1 : Operation 120 [1/1] (0.00ns)   --->   "%row_buf_22 = alloca i64 1" [swiglu.cpp:524->swiglu.cpp:627]   --->   Operation 120 'alloca' 'row_buf_22' <Predicate = true> <Delay = 0.00> <CoreInst = "RAM_1P_BRAM">   --->   Core 89 'RAM_1P_BRAM' <Latency = 1> <II = 1> <Delay = 1.23> <Storage> <Opcode : 'load' 'store'> <Ports = 1> <Width = 128> <Depth = 27> <RAM>
ST_1 : Operation 121 [1/1] (0.00ns)   --->   "%row_buf_23 = alloca i64 1" [swiglu.cpp:524->swiglu.cpp:627]   --->   Operation 121 'alloca' 'row_buf_23' <Predicate = true> <Delay = 0.00> <CoreInst = "RAM_1P_BRAM">   --->   Core 89 'RAM_1P_BRAM' <Latency = 1> <II = 1> <Delay = 1.23> <Storage> <Opcode : 'load' 'store'> <Ports = 1> <Width = 128> <Depth = 27> <RAM>
ST_1 : Operation 122 [1/1] (0.00ns)   --->   "%specmemcore_ln511 = specmemcore void @_ssdm_op_SpecMemCore, i32 %out_local, i64 666, i64 18, i64 18446744073709551615" [swiglu.cpp:511->swiglu.cpp:627]   --->   Operation 122 'specmemcore' 'specmemcore_ln511' <Predicate = true> <Delay = 0.00>
ST_1 : Operation 123 [1/1] (1.01ns)   --->   "%icmp_ln514 = icmp_eq  i32 %down_quant_mode_read, i32 0" [swiglu.cpp:514->swiglu.cpp:627]   --->   Operation 123 'icmp' 'icmp_ln514' <Predicate = true> <Delay = 1.01> <CoreInst = "Cmp">   --->   Core 9 'Cmp' <Latency = 0> <II = 1> <Delay = 1.01> <FuncUnit> <Opcode : 'seteq' 'setne' 'setle' 'setge' 'setlt' 'setgt'> <InPorts = 2> <OutPorts = 1>
ST_1 : Operation 124 [1/1] (0.00ns)   --->   "%out_i = alloca i32 1" [swiglu.cpp:523->swiglu.cpp:627]   --->   Operation 124 'alloca' 'out_i' <Predicate = true> <Delay = 0.00>
ST_1 : Operation 125 [1/1] (0.00ns)   --->   "%br_ln514 = br i1 %icmp_ln514, void %DOWN_Q6K.i, void %DOWN_Q4K.i" [swiglu.cpp:514->swiglu.cpp:627]   --->   Operation 125 'br' 'br_ln514' <Predicate = true> <Delay = 0.00>
ST_1 : Operation 126 [1/1] (0.00ns)   --->   "%specmemcore_ln526 = specmemcore void @_ssdm_op_SpecMemCore, i128 %row_buf_23, i64 666, i64 18, i64 18446744073709551615" [swiglu.cpp:526->swiglu.cpp:627]   --->   Operation 126 'specmemcore' 'specmemcore_ln526' <Predicate = (!icmp_ln514)> <Delay = 0.00>
ST_1 : Operation 127 [1/1] (0.00ns)   --->   "%specmemcore_ln526 = specmemcore void @_ssdm_op_SpecMemCore, i128 %row_buf_22, i64 666, i64 18, i64 18446744073709551615" [swiglu.cpp:526->swiglu.cpp:627]   --->   Operation 127 'specmemcore' 'specmemcore_ln526' <Predicate = (!icmp_ln514)> <Delay = 0.00>
ST_1 : Operation 128 [1/1] (0.00ns)   --->   "%specmemcore_ln526 = specmemcore void @_ssdm_op_SpecMemCore, i128 %row_buf_21, i64 666, i64 18, i64 18446744073709551615" [swiglu.cpp:526->swiglu.cpp:627]   --->   Operation 128 'specmemcore' 'specmemcore_ln526' <Predicate = (!icmp_ln514)> <Delay = 0.00>
ST_1 : Operation 129 [1/1] (0.00ns)   --->   "%specmemcore_ln526 = specmemcore void @_ssdm_op_SpecMemCore, i128 %row_buf_20, i64 666, i64 18, i64 18446744073709551615" [swiglu.cpp:526->swiglu.cpp:627]   --->   Operation 129 'specmemcore' 'specmemcore_ln526' <Predicate = (!icmp_ln514)> <Delay = 0.00>
ST_1 : Operation 130 [1/1] (0.00ns)   --->   "%specmemcore_ln526 = specmemcore void @_ssdm_op_SpecMemCore, i128 %row_buf_19, i64 666, i64 18, i64 18446744073709551615" [swiglu.cpp:526->swiglu.cpp:627]   --->   Operation 130 'specmemcore' 'specmemcore_ln526' <Predicate = (!icmp_ln514)> <Delay = 0.00>
ST_1 : Operation 131 [1/1] (0.00ns)   --->   "%specmemcore_ln526 = specmemcore void @_ssdm_op_SpecMemCore, i128 %row_buf_18, i64 666, i64 18, i64 18446744073709551615" [swiglu.cpp:526->swiglu.cpp:627]   --->   Operation 131 'specmemcore' 'specmemcore_ln526' <Predicate = (!icmp_ln514)> <Delay = 0.00>
ST_1 : Operation 132 [1/1] (0.00ns)   --->   "%specmemcore_ln526 = specmemcore void @_ssdm_op_SpecMemCore, i128 %row_buf_17, i64 666, i64 18, i64 18446744073709551615" [swiglu.cpp:526->swiglu.cpp:627]   --->   Operation 132 'specmemcore' 'specmemcore_ln526' <Predicate = (!icmp_ln514)> <Delay = 0.00>
ST_1 : Operation 133 [1/1] (0.00ns)   --->   "%specmemcore_ln526 = specmemcore void @_ssdm_op_SpecMemCore, i128 %row_buf_16, i64 666, i64 18, i64 18446744073709551615" [swiglu.cpp:526->swiglu.cpp:627]   --->   Operation 133 'specmemcore' 'specmemcore_ln526' <Predicate = (!icmp_ln514)> <Delay = 0.00>
ST_1 : Operation 134 [1/1] (0.00ns)   --->   "%specmemcore_ln526 = specmemcore void @_ssdm_op_SpecMemCore, i128 %row_buf_15, i64 666, i64 18, i64 18446744073709551615" [swiglu.cpp:526->swiglu.cpp:627]   --->   Operation 134 'specmemcore' 'specmemcore_ln526' <Predicate = (!icmp_ln514)> <Delay = 0.00>
ST_1 : Operation 135 [1/1] (0.00ns)   --->   "%specmemcore_ln526 = specmemcore void @_ssdm_op_SpecMemCore, i128 %row_buf_14, i64 666, i64 18, i64 18446744073709551615" [swiglu.cpp:526->swiglu.cpp:627]   --->   Operation 135 'specmemcore' 'specmemcore_ln526' <Predicate = (!icmp_ln514)> <Delay = 0.00>
ST_1 : Operation 136 [1/1] (0.00ns)   --->   "%specmemcore_ln526 = specmemcore void @_ssdm_op_SpecMemCore, i128 %row_buf_13, i64 666, i64 18, i64 18446744073709551615" [swiglu.cpp:526->swiglu.cpp:627]   --->   Operation 136 'specmemcore' 'specmemcore_ln526' <Predicate = (!icmp_ln514)> <Delay = 0.00>
ST_1 : Operation 137 [1/1] (0.00ns)   --->   "%specmemcore_ln526 = specmemcore void @_ssdm_op_SpecMemCore, i128 %row_buf_12, i64 666, i64 18, i64 18446744073709551615" [swiglu.cpp:526->swiglu.cpp:627]   --->   Operation 137 'specmemcore' 'specmemcore_ln526' <Predicate = (!icmp_ln514)> <Delay = 0.00>
ST_1 : Operation 138 [1/1] (0.00ns)   --->   "%specmemcore_ln526 = specmemcore void @_ssdm_op_SpecMemCore, i128 %row_buf_11, i64 666, i64 18, i64 18446744073709551615" [swiglu.cpp:526->swiglu.cpp:627]   --->   Operation 138 'specmemcore' 'specmemcore_ln526' <Predicate = (!icmp_ln514)> <Delay = 0.00>
ST_1 : Operation 139 [1/1] (0.00ns)   --->   "%specmemcore_ln526 = specmemcore void @_ssdm_op_SpecMemCore, i128 %row_buf_10, i64 666, i64 18, i64 18446744073709551615" [swiglu.cpp:526->swiglu.cpp:627]   --->   Operation 139 'specmemcore' 'specmemcore_ln526' <Predicate = (!icmp_ln514)> <Delay = 0.00>
ST_1 : Operation 140 [1/1] (0.00ns)   --->   "%specmemcore_ln526 = specmemcore void @_ssdm_op_SpecMemCore, i128 %row_buf_9, i64 666, i64 18, i64 18446744073709551615" [swiglu.cpp:526->swiglu.cpp:627]   --->   Operation 140 'specmemcore' 'specmemcore_ln526' <Predicate = (!icmp_ln514)> <Delay = 0.00>
ST_1 : Operation 141 [1/1] (0.00ns)   --->   "%specmemcore_ln526 = specmemcore void @_ssdm_op_SpecMemCore, i128 %row_buf_8, i64 666, i64 18, i64 18446744073709551615" [swiglu.cpp:526->swiglu.cpp:627]   --->   Operation 141 'specmemcore' 'specmemcore_ln526' <Predicate = (!icmp_ln514)> <Delay = 0.00>
ST_1 : Operation 142 [1/1] (0.47ns)   --->   "%store_ln523 = store i12 0, i12 %out_i" [swiglu.cpp:523->swiglu.cpp:627]   --->   Operation 142 'store' 'store_ln523' <Predicate = (!icmp_ln514)> <Delay = 0.47>
ST_1 : Operation 143 [1/1] (0.00ns)   --->   "%br_ln523 = br void %for.inc18.i" [swiglu.cpp:523->swiglu.cpp:627]   --->   Operation 143 'br' 'br_ln523' <Predicate = (!icmp_ln514)> <Delay = 0.00>
ST_1 : Operation 144 [1/1] (0.00ns)   --->   "%specmemcore_ln518 = specmemcore void @_ssdm_op_SpecMemCore, i128 %row_buf_7, i64 666, i64 18, i64 18446744073709551615" [swiglu.cpp:518->swiglu.cpp:627]   --->   Operation 144 'specmemcore' 'specmemcore_ln518' <Predicate = (icmp_ln514)> <Delay = 0.00>
ST_1 : Operation 145 [1/1] (0.00ns)   --->   "%specmemcore_ln518 = specmemcore void @_ssdm_op_SpecMemCore, i128 %row_buf_6, i64 666, i64 18, i64 18446744073709551615" [swiglu.cpp:518->swiglu.cpp:627]   --->   Operation 145 'specmemcore' 'specmemcore_ln518' <Predicate = (icmp_ln514)> <Delay = 0.00>
ST_1 : Operation 146 [1/1] (0.00ns)   --->   "%specmemcore_ln518 = specmemcore void @_ssdm_op_SpecMemCore, i128 %row_buf_5, i64 666, i64 18, i64 18446744073709551615" [swiglu.cpp:518->swiglu.cpp:627]   --->   Operation 146 'specmemcore' 'specmemcore_ln518' <Predicate = (icmp_ln514)> <Delay = 0.00>
ST_1 : Operation 147 [1/1] (0.00ns)   --->   "%specmemcore_ln518 = specmemcore void @_ssdm_op_SpecMemCore, i128 %row_buf_4, i64 666, i64 18, i64 18446744073709551615" [swiglu.cpp:518->swiglu.cpp:627]   --->   Operation 147 'specmemcore' 'specmemcore_ln518' <Predicate = (icmp_ln514)> <Delay = 0.00>
ST_1 : Operation 148 [1/1] (0.00ns)   --->   "%specmemcore_ln518 = specmemcore void @_ssdm_op_SpecMemCore, i128 %row_buf_3, i64 666, i64 18, i64 18446744073709551615" [swiglu.cpp:518->swiglu.cpp:627]   --->   Operation 148 'specmemcore' 'specmemcore_ln518' <Predicate = (icmp_ln514)> <Delay = 0.00>
ST_1 : Operation 149 [1/1] (0.00ns)   --->   "%specmemcore_ln518 = specmemcore void @_ssdm_op_SpecMemCore, i128 %row_buf_2, i64 666, i64 18, i64 18446744073709551615" [swiglu.cpp:518->swiglu.cpp:627]   --->   Operation 149 'specmemcore' 'specmemcore_ln518' <Predicate = (icmp_ln514)> <Delay = 0.00>
ST_1 : Operation 150 [1/1] (0.00ns)   --->   "%specmemcore_ln518 = specmemcore void @_ssdm_op_SpecMemCore, i128 %row_buf_1, i64 666, i64 18, i64 18446744073709551615" [swiglu.cpp:518->swiglu.cpp:627]   --->   Operation 150 'specmemcore' 'specmemcore_ln518' <Predicate = (icmp_ln514)> <Delay = 0.00>
ST_1 : Operation 151 [1/1] (0.00ns)   --->   "%specmemcore_ln518 = specmemcore void @_ssdm_op_SpecMemCore, i128 %row_buf, i64 666, i64 18, i64 18446744073709551615" [swiglu.cpp:518->swiglu.cpp:627]   --->   Operation 151 'specmemcore' 'specmemcore_ln518' <Predicate = (icmp_ln514)> <Delay = 0.00>
ST_1 : Operation 152 [1/1] (0.47ns)   --->   "%store_ln515 = store i12 0, i12 %out_i" [swiglu.cpp:515->swiglu.cpp:627]   --->   Operation 152 'store' 'store_ln515' <Predicate = (icmp_ln514)> <Delay = 0.47>
ST_1 : Operation 153 [1/1] (0.00ns)   --->   "%br_ln515 = br void %for.inc.i" [swiglu.cpp:515->swiglu.cpp:627]   --->   Operation 153 'br' 'br_ln515' <Predicate = (icmp_ln514)> <Delay = 0.00>

State 2 <SV = 1> <Delay = 2.43>
ST_2 : Operation 154 [1/1] (0.00ns)   --->   "%out_i_2 = load i12 %out_i" [swiglu.cpp:523->swiglu.cpp:627]   --->   Operation 154 'load' 'out_i_2' <Predicate = (!icmp_ln514)> <Delay = 0.00>
ST_2 : Operation 155 [1/1] (0.80ns)   --->   "%icmp_ln523 = icmp_eq  i12 %out_i_2, i12 2048" [swiglu.cpp:523->swiglu.cpp:627]   --->   Operation 155 'icmp' 'icmp_ln523' <Predicate = (!icmp_ln514)> <Delay = 0.80> <CoreInst = "Cmp">   --->   Core 9 'Cmp' <Latency = 0> <II = 1> <Delay = 0.80> <FuncUnit> <Opcode : 'seteq' 'setne' 'setle' 'setge' 'setlt' 'setgt'> <InPorts = 2> <OutPorts = 1>
ST_2 : Operation 156 [1/1] (0.80ns)   --->   "%add_ln523 = add i12 %out_i_2, i12 1" [swiglu.cpp:523->swiglu.cpp:627]   --->   Operation 156 'add' 'add_ln523' <Predicate = (!icmp_ln514)> <Delay = 0.80> <CoreInst = "Adder">   --->   Core 1 'Adder' <Latency = 0> <II = 1> <Delay = 0.80> <FuncUnit> <Opcode : 'add' 'sub'> <InPorts = 2> <OutPorts = 1>
ST_2 : Operation 157 [1/1] (0.00ns)   --->   "%br_ln523 = br i1 %icmp_ln523, void %for.inc18.split.i, void %if.end.i.loopexit" [swiglu.cpp:523->swiglu.cpp:627]   --->   Operation 157 'br' 'br_ln523' <Predicate = (!icmp_ln514)> <Delay = 0.00>
ST_2 : Operation 158 [1/1] (0.00ns)   --->   "%br_ln0 = br void %if.end.i"   --->   Operation 158 'br' 'br_ln0' <Predicate = (!icmp_ln514 & icmp_ln523)> <Delay = 0.00>
ST_2 : Operation 159 [1/1] (0.00ns)   --->   "%out_i_1 = load i12 %out_i" [swiglu.cpp:515->swiglu.cpp:627]   --->   Operation 159 'load' 'out_i_1' <Predicate = (icmp_ln514)> <Delay = 0.00>
ST_2 : Operation 160 [1/1] (0.80ns)   --->   "%icmp_ln515 = icmp_eq  i12 %out_i_1, i12 2048" [swiglu.cpp:515->swiglu.cpp:627]   --->   Operation 160 'icmp' 'icmp_ln515' <Predicate = (icmp_ln514)> <Delay = 0.80> <CoreInst = "Cmp">   --->   Core 9 'Cmp' <Latency = 0> <II = 1> <Delay = 0.80> <FuncUnit> <Opcode : 'seteq' 'setne' 'setle' 'setge' 'setlt' 'setgt'> <InPorts = 2> <OutPorts = 1>
ST_2 : Operation 161 [1/1] (0.80ns)   --->   "%add_ln515 = add i12 %out_i_1, i12 1" [swiglu.cpp:515->swiglu.cpp:627]   --->   Operation 161 'add' 'add_ln515' <Predicate = (icmp_ln514)> <Delay = 0.80> <CoreInst = "Adder">   --->   Core 1 'Adder' <Latency = 0> <II = 1> <Delay = 0.80> <FuncUnit> <Opcode : 'add' 'sub'> <InPorts = 2> <OutPorts = 1>
ST_2 : Operation 162 [1/1] (0.00ns)   --->   "%br_ln515 = br i1 %icmp_ln515, void %for.inc.split.i, void %if.end.i.loopexit33" [swiglu.cpp:515->swiglu.cpp:627]   --->   Operation 162 'br' 'br_ln515' <Predicate = (icmp_ln514)> <Delay = 0.00>
ST_2 : Operation 163 [1/1] (0.00ns)   --->   "%br_ln0 = br void %if.end.i"   --->   Operation 163 'br' 'br_ln0' <Predicate = (icmp_ln514 & icmp_ln515)> <Delay = 0.00>
ST_2 : Operation 164 [1/1] (0.00ns)   --->   "%trunc_ln = partselect i62 @_ssdm_op_PartSelect.i62.i64.i32.i32, i64 %out_batch_read, i32 2, i32 63" [swiglu.cpp:532->swiglu.cpp:627]   --->   Operation 164 'partselect' 'trunc_ln' <Predicate = (icmp_ln514 & icmp_ln515) | (!icmp_ln514 & icmp_ln523)> <Delay = 0.00>
ST_2 : Operation 165 [1/1] (0.00ns)   --->   "%sext_ln532 = sext i62 %trunc_ln" [swiglu.cpp:532->swiglu.cpp:627]   --->   Operation 165 'sext' 'sext_ln532' <Predicate = (icmp_ln514 & icmp_ln515) | (!icmp_ln514 & icmp_ln523)> <Delay = 0.00>
ST_2 : Operation 166 [1/1] (0.00ns)   --->   "%gmem_out_addr = getelementptr i32 %gmem_out, i64 %sext_ln532" [swiglu.cpp:532->swiglu.cpp:627]   --->   Operation 166 'getelementptr' 'gmem_out_addr' <Predicate = (icmp_ln514 & icmp_ln515) | (!icmp_ln514 & icmp_ln523)> <Delay = 0.00>
ST_2 : Operation 167 [1/1] (2.43ns)   --->   "%empty = writereq i1 @_ssdm_op_WriteReq.m_axi.p1i32, i32 %gmem_out_addr, i64 2048" [swiglu.cpp:532->swiglu.cpp:627]   --->   Operation 167 'writereq' 'empty' <Predicate = (icmp_ln514 & icmp_ln515) | (!icmp_ln514 & icmp_ln523)> <Delay = 2.43> <CoreInst = "m_axi">   --->   Core 119 'm_axi' <Latency = 9> <II = 1> <Delay = 1.00> <Adapter> <Opcode : 'read' 'write' 'readreq' 'writereq' 'writeresp'>

State 3 <SV = 2> <Delay = 2.28>
ST_3 : Operation 168 [1/1] (0.00ns)   --->   "%trunc_ln527 = trunc i12 %out_i_2" [swiglu.cpp:527->swiglu.cpp:627]   --->   Operation 168 'trunc' 'trunc_ln527' <Predicate = true> <Delay = 0.00>
ST_3 : Operation 169 [2/2] (2.28ns)   --->   "%call_ln527 = call void @load_row_down_q6k, i128 %gmem_Wd, i64 %W_down_read, i11 %trunc_ln527, i128 %row_buf_8, i128 %row_buf_9, i128 %row_buf_10, i128 %row_buf_11, i128 %row_buf_12, i128 %row_buf_13, i128 %row_buf_14, i128 %row_buf_15, i128 %row_buf_16, i128 %row_buf_17, i128 %row_buf_18, i128 %row_buf_19, i128 %row_buf_20, i128 %row_buf_21, i128 %row_buf_22, i128 %row_buf_23" [swiglu.cpp:527->swiglu.cpp:627]   --->   Operation 169 'call' 'call_ln527' <Predicate = true> <Delay = 2.28> <CoreType = "Generic">   --->   Generic Core

State 4 <SV = 3> <Delay = 0.00>
ST_4 : Operation 170 [1/2] (0.00ns)   --->   "%call_ln527 = call void @load_row_down_q6k, i128 %gmem_Wd, i64 %W_down_read, i11 %trunc_ln527, i128 %row_buf_8, i128 %row_buf_9, i128 %row_buf_10, i128 %row_buf_11, i128 %row_buf_12, i128 %row_buf_13, i128 %row_buf_14, i128 %row_buf_15, i128 %row_buf_16, i128 %row_buf_17, i128 %row_buf_18, i128 %row_buf_19, i128 %row_buf_20, i128 %row_buf_21, i128 %row_buf_22, i128 %row_buf_23" [swiglu.cpp:527->swiglu.cpp:627]   --->   Operation 170 'call' 'call_ln527' <Predicate = true> <Delay = 0.00> <CoreType = "Generic">   --->   Generic Core

State 5 <SV = 4> <Delay = 0.00>
ST_5 : Operation 171 [2/2] (0.00ns)   --->   "%call_ret2 = call i32 @mac_blocks_down_q6k, i128 %row_buf_8, i128 %row_buf_9, i128 %row_buf_10, i128 %row_buf_11, i128 %row_buf_12, i128 %row_buf_13, i128 %row_buf_14, i128 %row_buf_15, i128 %row_buf_16, i128 %row_buf_17, i128 %row_buf_18, i128 %row_buf_19, i128 %row_buf_20, i128 %row_buf_21, i128 %row_buf_22, i128 %row_buf_23, i8 %gate_cache_0, i8 %gate_cache_1, i8 %gate_cache_2, i8 %gate_cache_3, i8 %gate_cache_4, i8 %gate_cache_5, i8 %gate_cache_6, i8 %gate_cache_7, i32 %p_read_1" [swiglu.cpp:528->swiglu.cpp:627]   --->   Operation 171 'call' 'call_ret2' <Predicate = true> <Delay = 0.00> <CoreType = "Generic">   --->   Generic Core

State 6 <SV = 5> <Delay = 2.26>
ST_6 : Operation 172 [1/2] (2.26ns)   --->   "%call_ret2 = call i32 @mac_blocks_down_q6k, i128 %row_buf_8, i128 %row_buf_9, i128 %row_buf_10, i128 %row_buf_11, i128 %row_buf_12, i128 %row_buf_13, i128 %row_buf_14, i128 %row_buf_15, i128 %row_buf_16, i128 %row_buf_17, i128 %row_buf_18, i128 %row_buf_19, i128 %row_buf_20, i128 %row_buf_21, i128 %row_buf_22, i128 %row_buf_23, i8 %gate_cache_0, i8 %gate_cache_1, i8 %gate_cache_2, i8 %gate_cache_3, i8 %gate_cache_4, i8 %gate_cache_5, i8 %gate_cache_6, i8 %gate_cache_7, i32 %p_read_1" [swiglu.cpp:528->swiglu.cpp:627]   --->   Operation 172 'call' 'call_ret2' <Predicate = true> <Delay = 2.26> <CoreType = "Generic">   --->   Generic Core

State 7 <SV = 6> <Delay = 1.23>
ST_7 : Operation 173 [1/1] (0.00ns)   --->   "%zext_ln523 = zext i12 %out_i_2" [swiglu.cpp:523->swiglu.cpp:627]   --->   Operation 173 'zext' 'zext_ln523' <Predicate = true> <Delay = 0.00>
ST_7 : Operation 174 [1/1] (0.00ns)   --->   "%speclooptripcount_ln523 = speclooptripcount void @_ssdm_op_SpecLoopTripCount, i64 2048, i64 2048, i64 2048" [swiglu.cpp:523->swiglu.cpp:627]   --->   Operation 174 'speclooptripcount' 'speclooptripcount_ln523' <Predicate = true> <Delay = 0.00>
ST_7 : Operation 175 [1/1] (0.00ns)   --->   "%specloopname_ln523 = specloopname void @_ssdm_op_SpecLoopName, void @empty_24" [swiglu.cpp:523->swiglu.cpp:627]   --->   Operation 175 'specloopname' 'specloopname_ln523' <Predicate = true> <Delay = 0.00>
ST_7 : Operation 176 [1/1] (0.00ns)   --->   "%out_local_addr_1 = getelementptr i32 %out_local, i64 0, i64 %zext_ln523" [swiglu.cpp:528->swiglu.cpp:627]   --->   Operation 176 'getelementptr' 'out_local_addr_1' <Predicate = true> <Delay = 0.00>
ST_7 : Operation 177 [1/1] ( I:1.23ns O:1.23ns )   --->   "%store_ln528 = store i32 %call_ret2, i11 %out_local_addr_1" [swiglu.cpp:528->swiglu.cpp:627]   --->   Operation 177 'store' 'store_ln528' <Predicate = true> <Delay = 1.23> <CoreInst = "RAM_1P_BRAM">   --->   Core 89 'RAM_1P_BRAM' <Latency = 1> <II = 1> <Delay = 1.23> <Storage> <Opcode : 'load' 'store'> <Ports = 1> <Width = 32> <Depth = 2048> <RAM>
ST_7 : Operation 178 [1/1] (0.47ns)   --->   "%store_ln523 = store i12 %add_ln523, i12 %out_i" [swiglu.cpp:523->swiglu.cpp:627]   --->   Operation 178 'store' 'store_ln523' <Predicate = true> <Delay = 0.47>
ST_7 : Operation 179 [1/1] (0.00ns)   --->   "%br_ln523 = br void %for.inc18.i" [swiglu.cpp:523->swiglu.cpp:627]   --->   Operation 179 'br' 'br_ln523' <Predicate = true> <Delay = 0.00>

State 8 <SV = 2> <Delay = 2.00>
ST_8 : Operation 180 [1/1] (0.00ns)   --->   "%trunc_ln519 = trunc i12 %out_i_1" [swiglu.cpp:519->swiglu.cpp:627]   --->   Operation 180 'trunc' 'trunc_ln519' <Predicate = true> <Delay = 0.00>
ST_8 : Operation 181 [2/2] (2.00ns)   --->   "%call_ln519 = call void @load_row_down_q4k, i128 %gmem_Wd, i64 %W_down_read, i11 %trunc_ln519, i128 %row_buf, i128 %row_buf_1, i128 %row_buf_2, i128 %row_buf_3, i128 %row_buf_4, i128 %row_buf_5, i128 %row_buf_6, i128 %row_buf_7" [swiglu.cpp:519->swiglu.cpp:627]   --->   Operation 181 'call' 'call_ln519' <Predicate = true> <Delay = 2.00> <CoreType = "Generic">   --->   Generic Core

State 9 <SV = 3> <Delay = 0.00>
ST_9 : Operation 182 [1/2] (0.00ns)   --->   "%call_ln519 = call void @load_row_down_q4k, i128 %gmem_Wd, i64 %W_down_read, i11 %trunc_ln519, i128 %row_buf, i128 %row_buf_1, i128 %row_buf_2, i128 %row_buf_3, i128 %row_buf_4, i128 %row_buf_5, i128 %row_buf_6, i128 %row_buf_7" [swiglu.cpp:519->swiglu.cpp:627]   --->   Operation 182 'call' 'call_ln519' <Predicate = true> <Delay = 0.00> <CoreType = "Generic">   --->   Generic Core

State 10 <SV = 4> <Delay = 2.41>
ST_10 : Operation 183 [2/2] (2.41ns)   --->   "%call_ret = call i32 @mac_blocks_down_q4k5, i128 %row_buf, i128 %row_buf_1, i128 %row_buf_2, i128 %row_buf_3, i128 %row_buf_4, i128 %row_buf_5, i128 %row_buf_6, i128 %row_buf_7, i8 %gate_cache_0, i8 %gate_cache_1, i8 %gate_cache_2, i8 %gate_cache_3, i8 %gate_cache_4, i8 %gate_cache_5, i8 %gate_cache_6, i8 %gate_cache_7, i32 %p_read_1" [swiglu.cpp:520->swiglu.cpp:627]   --->   Operation 183 'call' 'call_ret' <Predicate = true> <Delay = 2.41> <CoreType = "Generic">   --->   Generic Core

State 11 <SV = 5> <Delay = 2.26>
ST_11 : Operation 184 [1/2] (2.26ns)   --->   "%call_ret = call i32 @mac_blocks_down_q4k5, i128 %row_buf, i128 %row_buf_1, i128 %row_buf_2, i128 %row_buf_3, i128 %row_buf_4, i128 %row_buf_5, i128 %row_buf_6, i128 %row_buf_7, i8 %gate_cache_0, i8 %gate_cache_1, i8 %gate_cache_2, i8 %gate_cache_3, i8 %gate_cache_4, i8 %gate_cache_5, i8 %gate_cache_6, i8 %gate_cache_7, i32 %p_read_1" [swiglu.cpp:520->swiglu.cpp:627]   --->   Operation 184 'call' 'call_ret' <Predicate = true> <Delay = 2.26> <CoreType = "Generic">   --->   Generic Core

State 12 <SV = 6> <Delay = 1.23>
ST_12 : Operation 185 [1/1] (0.00ns)   --->   "%zext_ln515 = zext i12 %out_i_1" [swiglu.cpp:515->swiglu.cpp:627]   --->   Operation 185 'zext' 'zext_ln515' <Predicate = true> <Delay = 0.00>
ST_12 : Operation 186 [1/1] (0.00ns)   --->   "%speclooptripcount_ln515 = speclooptripcount void @_ssdm_op_SpecLoopTripCount, i64 2048, i64 2048, i64 2048" [swiglu.cpp:515->swiglu.cpp:627]   --->   Operation 186 'speclooptripcount' 'speclooptripcount_ln515' <Predicate = true> <Delay = 0.00>
ST_12 : Operation 187 [1/1] (0.00ns)   --->   "%specloopname_ln515 = specloopname void @_ssdm_op_SpecLoopName, void @empty_30" [swiglu.cpp:515->swiglu.cpp:627]   --->   Operation 187 'specloopname' 'specloopname_ln515' <Predicate = true> <Delay = 0.00>
ST_12 : Operation 188 [1/1] (0.00ns)   --->   "%out_local_addr = getelementptr i32 %out_local, i64 0, i64 %zext_ln515" [swiglu.cpp:520->swiglu.cpp:627]   --->   Operation 188 'getelementptr' 'out_local_addr' <Predicate = true> <Delay = 0.00>
ST_12 : Operation 189 [1/1] ( I:1.23ns O:1.23ns )   --->   "%store_ln520 = store i32 %call_ret, i11 %out_local_addr" [swiglu.cpp:520->swiglu.cpp:627]   --->   Operation 189 'store' 'store_ln520' <Predicate = true> <Delay = 1.23> <CoreInst = "RAM_1P_BRAM">   --->   Core 89 'RAM_1P_BRAM' <Latency = 1> <II = 1> <Delay = 1.23> <Storage> <Opcode : 'load' 'store'> <Ports = 1> <Width = 32> <Depth = 2048> <RAM>
ST_12 : Operation 190 [1/1] (0.47ns)   --->   "%store_ln515 = store i12 %add_ln515, i12 %out_i" [swiglu.cpp:515->swiglu.cpp:627]   --->   Operation 190 'store' 'store_ln515' <Predicate = true> <Delay = 0.47>
ST_12 : Operation 191 [1/1] (0.00ns)   --->   "%br_ln515 = br void %for.inc.i" [swiglu.cpp:515->swiglu.cpp:627]   --->   Operation 191 'br' 'br_ln515' <Predicate = true> <Delay = 0.00>

State 13 <SV = 2> <Delay = 0.00>
ST_13 : Operation 192 [2/2] (0.00ns)   --->   "%call_ln532 = call void @compute_output_Pipeline_1, i32 %gmem_out, i62 %trunc_ln, i32 %out_local" [swiglu.cpp:532->swiglu.cpp:627]   --->   Operation 192 'call' 'call_ln532' <Predicate = true> <Delay = 0.00> <CoreType = "Generic">   --->   Generic Core

State 14 <SV = 3> <Delay = 0.00>
ST_14 : Operation 193 [1/2] (0.00ns)   --->   "%call_ln532 = call void @compute_output_Pipeline_1, i32 %gmem_out, i62 %trunc_ln, i32 %out_local" [swiglu.cpp:532->swiglu.cpp:627]   --->   Operation 193 'call' 'call_ln532' <Predicate = true> <Delay = 0.00> <CoreType = "Generic">   --->   Generic Core

State 15 <SV = 4> <Delay = 2.43>
ST_15 : Operation 194 [68/68] (2.43ns)   --->   "%empty_767 = writeresp i1 @_ssdm_op_WriteResp.m_axi.p1i32, i32 %gmem_out_addr" [swiglu.cpp:533->swiglu.cpp:627]   --->   Operation 194 'writeresp' 'empty_767' <Predicate = true> <Delay = 2.43> <CoreInst = "m_axi">   --->   Core 119 'm_axi' <Latency = 3> <II = 1> <Delay = 1.00> <Adapter> <Opcode : 'read' 'write' 'readreq' 'writereq' 'writeresp'>

State 16 <SV = 5> <Delay = 2.43>
ST_16 : Operation 195 [67/68] (2.43ns)   --->   "%empty_767 = writeresp i1 @_ssdm_op_WriteResp.m_axi.p1i32, i32 %gmem_out_addr" [swiglu.cpp:533->swiglu.cpp:627]   --->   Operation 195 'writeresp' 'empty_767' <Predicate = true> <Delay = 2.43> <CoreInst = "m_axi">   --->   Core 119 'm_axi' <Latency = 3> <II = 1> <Delay = 1.00> <Adapter> <Opcode : 'read' 'write' 'readreq' 'writereq' 'writeresp'>

State 17 <SV = 6> <Delay = 2.43>
ST_17 : Operation 196 [66/68] (2.43ns)   --->   "%empty_767 = writeresp i1 @_ssdm_op_WriteResp.m_axi.p1i32, i32 %gmem_out_addr" [swiglu.cpp:533->swiglu.cpp:627]   --->   Operation 196 'writeresp' 'empty_767' <Predicate = true> <Delay = 2.43> <CoreInst = "m_axi">   --->   Core 119 'm_axi' <Latency = 3> <II = 1> <Delay = 1.00> <Adapter> <Opcode : 'read' 'write' 'readreq' 'writereq' 'writeresp'>

State 18 <SV = 7> <Delay = 2.43>
ST_18 : Operation 197 [65/68] (2.43ns)   --->   "%empty_767 = writeresp i1 @_ssdm_op_WriteResp.m_axi.p1i32, i32 %gmem_out_addr" [swiglu.cpp:533->swiglu.cpp:627]   --->   Operation 197 'writeresp' 'empty_767' <Predicate = true> <Delay = 2.43> <CoreInst = "m_axi">   --->   Core 119 'm_axi' <Latency = 3> <II = 1> <Delay = 1.00> <Adapter> <Opcode : 'read' 'write' 'readreq' 'writereq' 'writeresp'>

State 19 <SV = 8> <Delay = 2.43>
ST_19 : Operation 198 [64/68] (2.43ns)   --->   "%empty_767 = writeresp i1 @_ssdm_op_WriteResp.m_axi.p1i32, i32 %gmem_out_addr" [swiglu.cpp:533->swiglu.cpp:627]   --->   Operation 198 'writeresp' 'empty_767' <Predicate = true> <Delay = 2.43> <CoreInst = "m_axi">   --->   Core 119 'm_axi' <Latency = 3> <II = 1> <Delay = 1.00> <Adapter> <Opcode : 'read' 'write' 'readreq' 'writereq' 'writeresp'>

State 20 <SV = 9> <Delay = 2.43>
ST_20 : Operation 199 [63/68] (2.43ns)   --->   "%empty_767 = writeresp i1 @_ssdm_op_WriteResp.m_axi.p1i32, i32 %gmem_out_addr" [swiglu.cpp:533->swiglu.cpp:627]   --->   Operation 199 'writeresp' 'empty_767' <Predicate = true> <Delay = 2.43> <CoreInst = "m_axi">   --->   Core 119 'm_axi' <Latency = 3> <II = 1> <Delay = 1.00> <Adapter> <Opcode : 'read' 'write' 'readreq' 'writereq' 'writeresp'>

State 21 <SV = 10> <Delay = 2.43>
ST_21 : Operation 200 [62/68] (2.43ns)   --->   "%empty_767 = writeresp i1 @_ssdm_op_WriteResp.m_axi.p1i32, i32 %gmem_out_addr" [swiglu.cpp:533->swiglu.cpp:627]   --->   Operation 200 'writeresp' 'empty_767' <Predicate = true> <Delay = 2.43> <CoreInst = "m_axi">   --->   Core 119 'm_axi' <Latency = 3> <II = 1> <Delay = 1.00> <Adapter> <Opcode : 'read' 'write' 'readreq' 'writereq' 'writeresp'>

State 22 <SV = 11> <Delay = 2.43>
ST_22 : Operation 201 [61/68] (2.43ns)   --->   "%empty_767 = writeresp i1 @_ssdm_op_WriteResp.m_axi.p1i32, i32 %gmem_out_addr" [swiglu.cpp:533->swiglu.cpp:627]   --->   Operation 201 'writeresp' 'empty_767' <Predicate = true> <Delay = 2.43> <CoreInst = "m_axi">   --->   Core 119 'm_axi' <Latency = 3> <II = 1> <Delay = 1.00> <Adapter> <Opcode : 'read' 'write' 'readreq' 'writereq' 'writeresp'>

State 23 <SV = 12> <Delay = 2.43>
ST_23 : Operation 202 [60/68] (2.43ns)   --->   "%empty_767 = writeresp i1 @_ssdm_op_WriteResp.m_axi.p1i32, i32 %gmem_out_addr" [swiglu.cpp:533->swiglu.cpp:627]   --->   Operation 202 'writeresp' 'empty_767' <Predicate = true> <Delay = 2.43> <CoreInst = "m_axi">   --->   Core 119 'm_axi' <Latency = 3> <II = 1> <Delay = 1.00> <Adapter> <Opcode : 'read' 'write' 'readreq' 'writereq' 'writeresp'>

State 24 <SV = 13> <Delay = 2.43>
ST_24 : Operation 203 [59/68] (2.43ns)   --->   "%empty_767 = writeresp i1 @_ssdm_op_WriteResp.m_axi.p1i32, i32 %gmem_out_addr" [swiglu.cpp:533->swiglu.cpp:627]   --->   Operation 203 'writeresp' 'empty_767' <Predicate = true> <Delay = 2.43> <CoreInst = "m_axi">   --->   Core 119 'm_axi' <Latency = 3> <II = 1> <Delay = 1.00> <Adapter> <Opcode : 'read' 'write' 'readreq' 'writereq' 'writeresp'>

State 25 <SV = 14> <Delay = 2.43>
ST_25 : Operation 204 [58/68] (2.43ns)   --->   "%empty_767 = writeresp i1 @_ssdm_op_WriteResp.m_axi.p1i32, i32 %gmem_out_addr" [swiglu.cpp:533->swiglu.cpp:627]   --->   Operation 204 'writeresp' 'empty_767' <Predicate = true> <Delay = 2.43> <CoreInst = "m_axi">   --->   Core 119 'm_axi' <Latency = 3> <II = 1> <Delay = 1.00> <Adapter> <Opcode : 'read' 'write' 'readreq' 'writereq' 'writeresp'>

State 26 <SV = 15> <Delay = 2.43>
ST_26 : Operation 205 [57/68] (2.43ns)   --->   "%empty_767 = writeresp i1 @_ssdm_op_WriteResp.m_axi.p1i32, i32 %gmem_out_addr" [swiglu.cpp:533->swiglu.cpp:627]   --->   Operation 205 'writeresp' 'empty_767' <Predicate = true> <Delay = 2.43> <CoreInst = "m_axi">   --->   Core 119 'm_axi' <Latency = 3> <II = 1> <Delay = 1.00> <Adapter> <Opcode : 'read' 'write' 'readreq' 'writereq' 'writeresp'>

State 27 <SV = 16> <Delay = 2.43>
ST_27 : Operation 206 [56/68] (2.43ns)   --->   "%empty_767 = writeresp i1 @_ssdm_op_WriteResp.m_axi.p1i32, i32 %gmem_out_addr" [swiglu.cpp:533->swiglu.cpp:627]   --->   Operation 206 'writeresp' 'empty_767' <Predicate = true> <Delay = 2.43> <CoreInst = "m_axi">   --->   Core 119 'm_axi' <Latency = 3> <II = 1> <Delay = 1.00> <Adapter> <Opcode : 'read' 'write' 'readreq' 'writereq' 'writeresp'>

State 28 <SV = 17> <Delay = 2.43>
ST_28 : Operation 207 [55/68] (2.43ns)   --->   "%empty_767 = writeresp i1 @_ssdm_op_WriteResp.m_axi.p1i32, i32 %gmem_out_addr" [swiglu.cpp:533->swiglu.cpp:627]   --->   Operation 207 'writeresp' 'empty_767' <Predicate = true> <Delay = 2.43> <CoreInst = "m_axi">   --->   Core 119 'm_axi' <Latency = 3> <II = 1> <Delay = 1.00> <Adapter> <Opcode : 'read' 'write' 'readreq' 'writereq' 'writeresp'>

State 29 <SV = 18> <Delay = 2.43>
ST_29 : Operation 208 [54/68] (2.43ns)   --->   "%empty_767 = writeresp i1 @_ssdm_op_WriteResp.m_axi.p1i32, i32 %gmem_out_addr" [swiglu.cpp:533->swiglu.cpp:627]   --->   Operation 208 'writeresp' 'empty_767' <Predicate = true> <Delay = 2.43> <CoreInst = "m_axi">   --->   Core 119 'm_axi' <Latency = 3> <II = 1> <Delay = 1.00> <Adapter> <Opcode : 'read' 'write' 'readreq' 'writereq' 'writeresp'>

State 30 <SV = 19> <Delay = 2.43>
ST_30 : Operation 209 [53/68] (2.43ns)   --->   "%empty_767 = writeresp i1 @_ssdm_op_WriteResp.m_axi.p1i32, i32 %gmem_out_addr" [swiglu.cpp:533->swiglu.cpp:627]   --->   Operation 209 'writeresp' 'empty_767' <Predicate = true> <Delay = 2.43> <CoreInst = "m_axi">   --->   Core 119 'm_axi' <Latency = 3> <II = 1> <Delay = 1.00> <Adapter> <Opcode : 'read' 'write' 'readreq' 'writereq' 'writeresp'>

State 31 <SV = 20> <Delay = 2.43>
ST_31 : Operation 210 [52/68] (2.43ns)   --->   "%empty_767 = writeresp i1 @_ssdm_op_WriteResp.m_axi.p1i32, i32 %gmem_out_addr" [swiglu.cpp:533->swiglu.cpp:627]   --->   Operation 210 'writeresp' 'empty_767' <Predicate = true> <Delay = 2.43> <CoreInst = "m_axi">   --->   Core 119 'm_axi' <Latency = 3> <II = 1> <Delay = 1.00> <Adapter> <Opcode : 'read' 'write' 'readreq' 'writereq' 'writeresp'>

State 32 <SV = 21> <Delay = 2.43>
ST_32 : Operation 211 [51/68] (2.43ns)   --->   "%empty_767 = writeresp i1 @_ssdm_op_WriteResp.m_axi.p1i32, i32 %gmem_out_addr" [swiglu.cpp:533->swiglu.cpp:627]   --->   Operation 211 'writeresp' 'empty_767' <Predicate = true> <Delay = 2.43> <CoreInst = "m_axi">   --->   Core 119 'm_axi' <Latency = 3> <II = 1> <Delay = 1.00> <Adapter> <Opcode : 'read' 'write' 'readreq' 'writereq' 'writeresp'>

State 33 <SV = 22> <Delay = 2.43>
ST_33 : Operation 212 [50/68] (2.43ns)   --->   "%empty_767 = writeresp i1 @_ssdm_op_WriteResp.m_axi.p1i32, i32 %gmem_out_addr" [swiglu.cpp:533->swiglu.cpp:627]   --->   Operation 212 'writeresp' 'empty_767' <Predicate = true> <Delay = 2.43> <CoreInst = "m_axi">   --->   Core 119 'm_axi' <Latency = 3> <II = 1> <Delay = 1.00> <Adapter> <Opcode : 'read' 'write' 'readreq' 'writereq' 'writeresp'>

State 34 <SV = 23> <Delay = 2.43>
ST_34 : Operation 213 [49/68] (2.43ns)   --->   "%empty_767 = writeresp i1 @_ssdm_op_WriteResp.m_axi.p1i32, i32 %gmem_out_addr" [swiglu.cpp:533->swiglu.cpp:627]   --->   Operation 213 'writeresp' 'empty_767' <Predicate = true> <Delay = 2.43> <CoreInst = "m_axi">   --->   Core 119 'm_axi' <Latency = 3> <II = 1> <Delay = 1.00> <Adapter> <Opcode : 'read' 'write' 'readreq' 'writereq' 'writeresp'>

State 35 <SV = 24> <Delay = 2.43>
ST_35 : Operation 214 [48/68] (2.43ns)   --->   "%empty_767 = writeresp i1 @_ssdm_op_WriteResp.m_axi.p1i32, i32 %gmem_out_addr" [swiglu.cpp:533->swiglu.cpp:627]   --->   Operation 214 'writeresp' 'empty_767' <Predicate = true> <Delay = 2.43> <CoreInst = "m_axi">   --->   Core 119 'm_axi' <Latency = 3> <II = 1> <Delay = 1.00> <Adapter> <Opcode : 'read' 'write' 'readreq' 'writereq' 'writeresp'>

State 36 <SV = 25> <Delay = 2.43>
ST_36 : Operation 215 [47/68] (2.43ns)   --->   "%empty_767 = writeresp i1 @_ssdm_op_WriteResp.m_axi.p1i32, i32 %gmem_out_addr" [swiglu.cpp:533->swiglu.cpp:627]   --->   Operation 215 'writeresp' 'empty_767' <Predicate = true> <Delay = 2.43> <CoreInst = "m_axi">   --->   Core 119 'm_axi' <Latency = 3> <II = 1> <Delay = 1.00> <Adapter> <Opcode : 'read' 'write' 'readreq' 'writereq' 'writeresp'>

State 37 <SV = 26> <Delay = 2.43>
ST_37 : Operation 216 [46/68] (2.43ns)   --->   "%empty_767 = writeresp i1 @_ssdm_op_WriteResp.m_axi.p1i32, i32 %gmem_out_addr" [swiglu.cpp:533->swiglu.cpp:627]   --->   Operation 216 'writeresp' 'empty_767' <Predicate = true> <Delay = 2.43> <CoreInst = "m_axi">   --->   Core 119 'm_axi' <Latency = 3> <II = 1> <Delay = 1.00> <Adapter> <Opcode : 'read' 'write' 'readreq' 'writereq' 'writeresp'>

State 38 <SV = 27> <Delay = 2.43>
ST_38 : Operation 217 [45/68] (2.43ns)   --->   "%empty_767 = writeresp i1 @_ssdm_op_WriteResp.m_axi.p1i32, i32 %gmem_out_addr" [swiglu.cpp:533->swiglu.cpp:627]   --->   Operation 217 'writeresp' 'empty_767' <Predicate = true> <Delay = 2.43> <CoreInst = "m_axi">   --->   Core 119 'm_axi' <Latency = 3> <II = 1> <Delay = 1.00> <Adapter> <Opcode : 'read' 'write' 'readreq' 'writereq' 'writeresp'>

State 39 <SV = 28> <Delay = 2.43>
ST_39 : Operation 218 [44/68] (2.43ns)   --->   "%empty_767 = writeresp i1 @_ssdm_op_WriteResp.m_axi.p1i32, i32 %gmem_out_addr" [swiglu.cpp:533->swiglu.cpp:627]   --->   Operation 218 'writeresp' 'empty_767' <Predicate = true> <Delay = 2.43> <CoreInst = "m_axi">   --->   Core 119 'm_axi' <Latency = 3> <II = 1> <Delay = 1.00> <Adapter> <Opcode : 'read' 'write' 'readreq' 'writereq' 'writeresp'>

State 40 <SV = 29> <Delay = 2.43>
ST_40 : Operation 219 [43/68] (2.43ns)   --->   "%empty_767 = writeresp i1 @_ssdm_op_WriteResp.m_axi.p1i32, i32 %gmem_out_addr" [swiglu.cpp:533->swiglu.cpp:627]   --->   Operation 219 'writeresp' 'empty_767' <Predicate = true> <Delay = 2.43> <CoreInst = "m_axi">   --->   Core 119 'm_axi' <Latency = 3> <II = 1> <Delay = 1.00> <Adapter> <Opcode : 'read' 'write' 'readreq' 'writereq' 'writeresp'>

State 41 <SV = 30> <Delay = 2.43>
ST_41 : Operation 220 [42/68] (2.43ns)   --->   "%empty_767 = writeresp i1 @_ssdm_op_WriteResp.m_axi.p1i32, i32 %gmem_out_addr" [swiglu.cpp:533->swiglu.cpp:627]   --->   Operation 220 'writeresp' 'empty_767' <Predicate = true> <Delay = 2.43> <CoreInst = "m_axi">   --->   Core 119 'm_axi' <Latency = 3> <II = 1> <Delay = 1.00> <Adapter> <Opcode : 'read' 'write' 'readreq' 'writereq' 'writeresp'>

State 42 <SV = 31> <Delay = 2.43>
ST_42 : Operation 221 [41/68] (2.43ns)   --->   "%empty_767 = writeresp i1 @_ssdm_op_WriteResp.m_axi.p1i32, i32 %gmem_out_addr" [swiglu.cpp:533->swiglu.cpp:627]   --->   Operation 221 'writeresp' 'empty_767' <Predicate = true> <Delay = 2.43> <CoreInst = "m_axi">   --->   Core 119 'm_axi' <Latency = 3> <II = 1> <Delay = 1.00> <Adapter> <Opcode : 'read' 'write' 'readreq' 'writereq' 'writeresp'>

State 43 <SV = 32> <Delay = 2.43>
ST_43 : Operation 222 [40/68] (2.43ns)   --->   "%empty_767 = writeresp i1 @_ssdm_op_WriteResp.m_axi.p1i32, i32 %gmem_out_addr" [swiglu.cpp:533->swiglu.cpp:627]   --->   Operation 222 'writeresp' 'empty_767' <Predicate = true> <Delay = 2.43> <CoreInst = "m_axi">   --->   Core 119 'm_axi' <Latency = 3> <II = 1> <Delay = 1.00> <Adapter> <Opcode : 'read' 'write' 'readreq' 'writereq' 'writeresp'>

State 44 <SV = 33> <Delay = 2.43>
ST_44 : Operation 223 [39/68] (2.43ns)   --->   "%empty_767 = writeresp i1 @_ssdm_op_WriteResp.m_axi.p1i32, i32 %gmem_out_addr" [swiglu.cpp:533->swiglu.cpp:627]   --->   Operation 223 'writeresp' 'empty_767' <Predicate = true> <Delay = 2.43> <CoreInst = "m_axi">   --->   Core 119 'm_axi' <Latency = 3> <II = 1> <Delay = 1.00> <Adapter> <Opcode : 'read' 'write' 'readreq' 'writereq' 'writeresp'>

State 45 <SV = 34> <Delay = 2.43>
ST_45 : Operation 224 [38/68] (2.43ns)   --->   "%empty_767 = writeresp i1 @_ssdm_op_WriteResp.m_axi.p1i32, i32 %gmem_out_addr" [swiglu.cpp:533->swiglu.cpp:627]   --->   Operation 224 'writeresp' 'empty_767' <Predicate = true> <Delay = 2.43> <CoreInst = "m_axi">   --->   Core 119 'm_axi' <Latency = 3> <II = 1> <Delay = 1.00> <Adapter> <Opcode : 'read' 'write' 'readreq' 'writereq' 'writeresp'>

State 46 <SV = 35> <Delay = 2.43>
ST_46 : Operation 225 [37/68] (2.43ns)   --->   "%empty_767 = writeresp i1 @_ssdm_op_WriteResp.m_axi.p1i32, i32 %gmem_out_addr" [swiglu.cpp:533->swiglu.cpp:627]   --->   Operation 225 'writeresp' 'empty_767' <Predicate = true> <Delay = 2.43> <CoreInst = "m_axi">   --->   Core 119 'm_axi' <Latency = 3> <II = 1> <Delay = 1.00> <Adapter> <Opcode : 'read' 'write' 'readreq' 'writereq' 'writeresp'>

State 47 <SV = 36> <Delay = 2.43>
ST_47 : Operation 226 [36/68] (2.43ns)   --->   "%empty_767 = writeresp i1 @_ssdm_op_WriteResp.m_axi.p1i32, i32 %gmem_out_addr" [swiglu.cpp:533->swiglu.cpp:627]   --->   Operation 226 'writeresp' 'empty_767' <Predicate = true> <Delay = 2.43> <CoreInst = "m_axi">   --->   Core 119 'm_axi' <Latency = 3> <II = 1> <Delay = 1.00> <Adapter> <Opcode : 'read' 'write' 'readreq' 'writereq' 'writeresp'>

State 48 <SV = 37> <Delay = 2.43>
ST_48 : Operation 227 [35/68] (2.43ns)   --->   "%empty_767 = writeresp i1 @_ssdm_op_WriteResp.m_axi.p1i32, i32 %gmem_out_addr" [swiglu.cpp:533->swiglu.cpp:627]   --->   Operation 227 'writeresp' 'empty_767' <Predicate = true> <Delay = 2.43> <CoreInst = "m_axi">   --->   Core 119 'm_axi' <Latency = 3> <II = 1> <Delay = 1.00> <Adapter> <Opcode : 'read' 'write' 'readreq' 'writereq' 'writeresp'>

State 49 <SV = 38> <Delay = 2.43>
ST_49 : Operation 228 [34/68] (2.43ns)   --->   "%empty_767 = writeresp i1 @_ssdm_op_WriteResp.m_axi.p1i32, i32 %gmem_out_addr" [swiglu.cpp:533->swiglu.cpp:627]   --->   Operation 228 'writeresp' 'empty_767' <Predicate = true> <Delay = 2.43> <CoreInst = "m_axi">   --->   Core 119 'm_axi' <Latency = 3> <II = 1> <Delay = 1.00> <Adapter> <Opcode : 'read' 'write' 'readreq' 'writereq' 'writeresp'>

State 50 <SV = 39> <Delay = 2.43>
ST_50 : Operation 229 [33/68] (2.43ns)   --->   "%empty_767 = writeresp i1 @_ssdm_op_WriteResp.m_axi.p1i32, i32 %gmem_out_addr" [swiglu.cpp:533->swiglu.cpp:627]   --->   Operation 229 'writeresp' 'empty_767' <Predicate = true> <Delay = 2.43> <CoreInst = "m_axi">   --->   Core 119 'm_axi' <Latency = 3> <II = 1> <Delay = 1.00> <Adapter> <Opcode : 'read' 'write' 'readreq' 'writereq' 'writeresp'>

State 51 <SV = 40> <Delay = 2.43>
ST_51 : Operation 230 [32/68] (2.43ns)   --->   "%empty_767 = writeresp i1 @_ssdm_op_WriteResp.m_axi.p1i32, i32 %gmem_out_addr" [swiglu.cpp:533->swiglu.cpp:627]   --->   Operation 230 'writeresp' 'empty_767' <Predicate = true> <Delay = 2.43> <CoreInst = "m_axi">   --->   Core 119 'm_axi' <Latency = 3> <II = 1> <Delay = 1.00> <Adapter> <Opcode : 'read' 'write' 'readreq' 'writereq' 'writeresp'>

State 52 <SV = 41> <Delay = 2.43>
ST_52 : Operation 231 [31/68] (2.43ns)   --->   "%empty_767 = writeresp i1 @_ssdm_op_WriteResp.m_axi.p1i32, i32 %gmem_out_addr" [swiglu.cpp:533->swiglu.cpp:627]   --->   Operation 231 'writeresp' 'empty_767' <Predicate = true> <Delay = 2.43> <CoreInst = "m_axi">   --->   Core 119 'm_axi' <Latency = 3> <II = 1> <Delay = 1.00> <Adapter> <Opcode : 'read' 'write' 'readreq' 'writereq' 'writeresp'>

State 53 <SV = 42> <Delay = 2.43>
ST_53 : Operation 232 [30/68] (2.43ns)   --->   "%empty_767 = writeresp i1 @_ssdm_op_WriteResp.m_axi.p1i32, i32 %gmem_out_addr" [swiglu.cpp:533->swiglu.cpp:627]   --->   Operation 232 'writeresp' 'empty_767' <Predicate = true> <Delay = 2.43> <CoreInst = "m_axi">   --->   Core 119 'm_axi' <Latency = 3> <II = 1> <Delay = 1.00> <Adapter> <Opcode : 'read' 'write' 'readreq' 'writereq' 'writeresp'>

State 54 <SV = 43> <Delay = 2.43>
ST_54 : Operation 233 [29/68] (2.43ns)   --->   "%empty_767 = writeresp i1 @_ssdm_op_WriteResp.m_axi.p1i32, i32 %gmem_out_addr" [swiglu.cpp:533->swiglu.cpp:627]   --->   Operation 233 'writeresp' 'empty_767' <Predicate = true> <Delay = 2.43> <CoreInst = "m_axi">   --->   Core 119 'm_axi' <Latency = 3> <II = 1> <Delay = 1.00> <Adapter> <Opcode : 'read' 'write' 'readreq' 'writereq' 'writeresp'>

State 55 <SV = 44> <Delay = 2.43>
ST_55 : Operation 234 [28/68] (2.43ns)   --->   "%empty_767 = writeresp i1 @_ssdm_op_WriteResp.m_axi.p1i32, i32 %gmem_out_addr" [swiglu.cpp:533->swiglu.cpp:627]   --->   Operation 234 'writeresp' 'empty_767' <Predicate = true> <Delay = 2.43> <CoreInst = "m_axi">   --->   Core 119 'm_axi' <Latency = 3> <II = 1> <Delay = 1.00> <Adapter> <Opcode : 'read' 'write' 'readreq' 'writereq' 'writeresp'>

State 56 <SV = 45> <Delay = 2.43>
ST_56 : Operation 235 [27/68] (2.43ns)   --->   "%empty_767 = writeresp i1 @_ssdm_op_WriteResp.m_axi.p1i32, i32 %gmem_out_addr" [swiglu.cpp:533->swiglu.cpp:627]   --->   Operation 235 'writeresp' 'empty_767' <Predicate = true> <Delay = 2.43> <CoreInst = "m_axi">   --->   Core 119 'm_axi' <Latency = 3> <II = 1> <Delay = 1.00> <Adapter> <Opcode : 'read' 'write' 'readreq' 'writereq' 'writeresp'>

State 57 <SV = 46> <Delay = 2.43>
ST_57 : Operation 236 [26/68] (2.43ns)   --->   "%empty_767 = writeresp i1 @_ssdm_op_WriteResp.m_axi.p1i32, i32 %gmem_out_addr" [swiglu.cpp:533->swiglu.cpp:627]   --->   Operation 236 'writeresp' 'empty_767' <Predicate = true> <Delay = 2.43> <CoreInst = "m_axi">   --->   Core 119 'm_axi' <Latency = 3> <II = 1> <Delay = 1.00> <Adapter> <Opcode : 'read' 'write' 'readreq' 'writereq' 'writeresp'>

State 58 <SV = 47> <Delay = 2.43>
ST_58 : Operation 237 [25/68] (2.43ns)   --->   "%empty_767 = writeresp i1 @_ssdm_op_WriteResp.m_axi.p1i32, i32 %gmem_out_addr" [swiglu.cpp:533->swiglu.cpp:627]   --->   Operation 237 'writeresp' 'empty_767' <Predicate = true> <Delay = 2.43> <CoreInst = "m_axi">   --->   Core 119 'm_axi' <Latency = 3> <II = 1> <Delay = 1.00> <Adapter> <Opcode : 'read' 'write' 'readreq' 'writereq' 'writeresp'>

State 59 <SV = 48> <Delay = 2.43>
ST_59 : Operation 238 [24/68] (2.43ns)   --->   "%empty_767 = writeresp i1 @_ssdm_op_WriteResp.m_axi.p1i32, i32 %gmem_out_addr" [swiglu.cpp:533->swiglu.cpp:627]   --->   Operation 238 'writeresp' 'empty_767' <Predicate = true> <Delay = 2.43> <CoreInst = "m_axi">   --->   Core 119 'm_axi' <Latency = 3> <II = 1> <Delay = 1.00> <Adapter> <Opcode : 'read' 'write' 'readreq' 'writereq' 'writeresp'>

State 60 <SV = 49> <Delay = 2.43>
ST_60 : Operation 239 [23/68] (2.43ns)   --->   "%empty_767 = writeresp i1 @_ssdm_op_WriteResp.m_axi.p1i32, i32 %gmem_out_addr" [swiglu.cpp:533->swiglu.cpp:627]   --->   Operation 239 'writeresp' 'empty_767' <Predicate = true> <Delay = 2.43> <CoreInst = "m_axi">   --->   Core 119 'm_axi' <Latency = 3> <II = 1> <Delay = 1.00> <Adapter> <Opcode : 'read' 'write' 'readreq' 'writereq' 'writeresp'>

State 61 <SV = 50> <Delay = 2.43>
ST_61 : Operation 240 [22/68] (2.43ns)   --->   "%empty_767 = writeresp i1 @_ssdm_op_WriteResp.m_axi.p1i32, i32 %gmem_out_addr" [swiglu.cpp:533->swiglu.cpp:627]   --->   Operation 240 'writeresp' 'empty_767' <Predicate = true> <Delay = 2.43> <CoreInst = "m_axi">   --->   Core 119 'm_axi' <Latency = 3> <II = 1> <Delay = 1.00> <Adapter> <Opcode : 'read' 'write' 'readreq' 'writereq' 'writeresp'>

State 62 <SV = 51> <Delay = 2.43>
ST_62 : Operation 241 [21/68] (2.43ns)   --->   "%empty_767 = writeresp i1 @_ssdm_op_WriteResp.m_axi.p1i32, i32 %gmem_out_addr" [swiglu.cpp:533->swiglu.cpp:627]   --->   Operation 241 'writeresp' 'empty_767' <Predicate = true> <Delay = 2.43> <CoreInst = "m_axi">   --->   Core 119 'm_axi' <Latency = 3> <II = 1> <Delay = 1.00> <Adapter> <Opcode : 'read' 'write' 'readreq' 'writereq' 'writeresp'>

State 63 <SV = 52> <Delay = 2.43>
ST_63 : Operation 242 [20/68] (2.43ns)   --->   "%empty_767 = writeresp i1 @_ssdm_op_WriteResp.m_axi.p1i32, i32 %gmem_out_addr" [swiglu.cpp:533->swiglu.cpp:627]   --->   Operation 242 'writeresp' 'empty_767' <Predicate = true> <Delay = 2.43> <CoreInst = "m_axi">   --->   Core 119 'm_axi' <Latency = 3> <II = 1> <Delay = 1.00> <Adapter> <Opcode : 'read' 'write' 'readreq' 'writereq' 'writeresp'>

State 64 <SV = 53> <Delay = 2.43>
ST_64 : Operation 243 [19/68] (2.43ns)   --->   "%empty_767 = writeresp i1 @_ssdm_op_WriteResp.m_axi.p1i32, i32 %gmem_out_addr" [swiglu.cpp:533->swiglu.cpp:627]   --->   Operation 243 'writeresp' 'empty_767' <Predicate = true> <Delay = 2.43> <CoreInst = "m_axi">   --->   Core 119 'm_axi' <Latency = 3> <II = 1> <Delay = 1.00> <Adapter> <Opcode : 'read' 'write' 'readreq' 'writereq' 'writeresp'>

State 65 <SV = 54> <Delay = 2.43>
ST_65 : Operation 244 [18/68] (2.43ns)   --->   "%empty_767 = writeresp i1 @_ssdm_op_WriteResp.m_axi.p1i32, i32 %gmem_out_addr" [swiglu.cpp:533->swiglu.cpp:627]   --->   Operation 244 'writeresp' 'empty_767' <Predicate = true> <Delay = 2.43> <CoreInst = "m_axi">   --->   Core 119 'm_axi' <Latency = 3> <II = 1> <Delay = 1.00> <Adapter> <Opcode : 'read' 'write' 'readreq' 'writereq' 'writeresp'>

State 66 <SV = 55> <Delay = 2.43>
ST_66 : Operation 245 [17/68] (2.43ns)   --->   "%empty_767 = writeresp i1 @_ssdm_op_WriteResp.m_axi.p1i32, i32 %gmem_out_addr" [swiglu.cpp:533->swiglu.cpp:627]   --->   Operation 245 'writeresp' 'empty_767' <Predicate = true> <Delay = 2.43> <CoreInst = "m_axi">   --->   Core 119 'm_axi' <Latency = 3> <II = 1> <Delay = 1.00> <Adapter> <Opcode : 'read' 'write' 'readreq' 'writereq' 'writeresp'>

State 67 <SV = 56> <Delay = 2.43>
ST_67 : Operation 246 [16/68] (2.43ns)   --->   "%empty_767 = writeresp i1 @_ssdm_op_WriteResp.m_axi.p1i32, i32 %gmem_out_addr" [swiglu.cpp:533->swiglu.cpp:627]   --->   Operation 246 'writeresp' 'empty_767' <Predicate = true> <Delay = 2.43> <CoreInst = "m_axi">   --->   Core 119 'm_axi' <Latency = 3> <II = 1> <Delay = 1.00> <Adapter> <Opcode : 'read' 'write' 'readreq' 'writereq' 'writeresp'>

State 68 <SV = 57> <Delay = 2.43>
ST_68 : Operation 247 [15/68] (2.43ns)   --->   "%empty_767 = writeresp i1 @_ssdm_op_WriteResp.m_axi.p1i32, i32 %gmem_out_addr" [swiglu.cpp:533->swiglu.cpp:627]   --->   Operation 247 'writeresp' 'empty_767' <Predicate = true> <Delay = 2.43> <CoreInst = "m_axi">   --->   Core 119 'm_axi' <Latency = 3> <II = 1> <Delay = 1.00> <Adapter> <Opcode : 'read' 'write' 'readreq' 'writereq' 'writeresp'>

State 69 <SV = 58> <Delay = 2.43>
ST_69 : Operation 248 [14/68] (2.43ns)   --->   "%empty_767 = writeresp i1 @_ssdm_op_WriteResp.m_axi.p1i32, i32 %gmem_out_addr" [swiglu.cpp:533->swiglu.cpp:627]   --->   Operation 248 'writeresp' 'empty_767' <Predicate = true> <Delay = 2.43> <CoreInst = "m_axi">   --->   Core 119 'm_axi' <Latency = 3> <II = 1> <Delay = 1.00> <Adapter> <Opcode : 'read' 'write' 'readreq' 'writereq' 'writeresp'>

State 70 <SV = 59> <Delay = 2.43>
ST_70 : Operation 249 [13/68] (2.43ns)   --->   "%empty_767 = writeresp i1 @_ssdm_op_WriteResp.m_axi.p1i32, i32 %gmem_out_addr" [swiglu.cpp:533->swiglu.cpp:627]   --->   Operation 249 'writeresp' 'empty_767' <Predicate = true> <Delay = 2.43> <CoreInst = "m_axi">   --->   Core 119 'm_axi' <Latency = 3> <II = 1> <Delay = 1.00> <Adapter> <Opcode : 'read' 'write' 'readreq' 'writereq' 'writeresp'>

State 71 <SV = 60> <Delay = 2.43>
ST_71 : Operation 250 [12/68] (2.43ns)   --->   "%empty_767 = writeresp i1 @_ssdm_op_WriteResp.m_axi.p1i32, i32 %gmem_out_addr" [swiglu.cpp:533->swiglu.cpp:627]   --->   Operation 250 'writeresp' 'empty_767' <Predicate = true> <Delay = 2.43> <CoreInst = "m_axi">   --->   Core 119 'm_axi' <Latency = 3> <II = 1> <Delay = 1.00> <Adapter> <Opcode : 'read' 'write' 'readreq' 'writereq' 'writeresp'>

State 72 <SV = 61> <Delay = 2.43>
ST_72 : Operation 251 [11/68] (2.43ns)   --->   "%empty_767 = writeresp i1 @_ssdm_op_WriteResp.m_axi.p1i32, i32 %gmem_out_addr" [swiglu.cpp:533->swiglu.cpp:627]   --->   Operation 251 'writeresp' 'empty_767' <Predicate = true> <Delay = 2.43> <CoreInst = "m_axi">   --->   Core 119 'm_axi' <Latency = 3> <II = 1> <Delay = 1.00> <Adapter> <Opcode : 'read' 'write' 'readreq' 'writereq' 'writeresp'>

State 73 <SV = 62> <Delay = 2.43>
ST_73 : Operation 252 [10/68] (2.43ns)   --->   "%empty_767 = writeresp i1 @_ssdm_op_WriteResp.m_axi.p1i32, i32 %gmem_out_addr" [swiglu.cpp:533->swiglu.cpp:627]   --->   Operation 252 'writeresp' 'empty_767' <Predicate = true> <Delay = 2.43> <CoreInst = "m_axi">   --->   Core 119 'm_axi' <Latency = 3> <II = 1> <Delay = 1.00> <Adapter> <Opcode : 'read' 'write' 'readreq' 'writereq' 'writeresp'>

State 74 <SV = 63> <Delay = 2.43>
ST_74 : Operation 253 [9/68] (2.43ns)   --->   "%empty_767 = writeresp i1 @_ssdm_op_WriteResp.m_axi.p1i32, i32 %gmem_out_addr" [swiglu.cpp:533->swiglu.cpp:627]   --->   Operation 253 'writeresp' 'empty_767' <Predicate = true> <Delay = 2.43> <CoreInst = "m_axi">   --->   Core 119 'm_axi' <Latency = 3> <II = 1> <Delay = 1.00> <Adapter> <Opcode : 'read' 'write' 'readreq' 'writereq' 'writeresp'>

State 75 <SV = 64> <Delay = 2.43>
ST_75 : Operation 254 [8/68] (2.43ns)   --->   "%empty_767 = writeresp i1 @_ssdm_op_WriteResp.m_axi.p1i32, i32 %gmem_out_addr" [swiglu.cpp:533->swiglu.cpp:627]   --->   Operation 254 'writeresp' 'empty_767' <Predicate = true> <Delay = 2.43> <CoreInst = "m_axi">   --->   Core 119 'm_axi' <Latency = 3> <II = 1> <Delay = 1.00> <Adapter> <Opcode : 'read' 'write' 'readreq' 'writereq' 'writeresp'>

State 76 <SV = 65> <Delay = 2.43>
ST_76 : Operation 255 [7/68] (2.43ns)   --->   "%empty_767 = writeresp i1 @_ssdm_op_WriteResp.m_axi.p1i32, i32 %gmem_out_addr" [swiglu.cpp:533->swiglu.cpp:627]   --->   Operation 255 'writeresp' 'empty_767' <Predicate = true> <Delay = 2.43> <CoreInst = "m_axi">   --->   Core 119 'm_axi' <Latency = 3> <II = 1> <Delay = 1.00> <Adapter> <Opcode : 'read' 'write' 'readreq' 'writereq' 'writeresp'>

State 77 <SV = 66> <Delay = 2.43>
ST_77 : Operation 256 [6/68] (2.43ns)   --->   "%empty_767 = writeresp i1 @_ssdm_op_WriteResp.m_axi.p1i32, i32 %gmem_out_addr" [swiglu.cpp:533->swiglu.cpp:627]   --->   Operation 256 'writeresp' 'empty_767' <Predicate = true> <Delay = 2.43> <CoreInst = "m_axi">   --->   Core 119 'm_axi' <Latency = 3> <II = 1> <Delay = 1.00> <Adapter> <Opcode : 'read' 'write' 'readreq' 'writereq' 'writeresp'>

State 78 <SV = 67> <Delay = 2.43>
ST_78 : Operation 257 [5/68] (2.43ns)   --->   "%empty_767 = writeresp i1 @_ssdm_op_WriteResp.m_axi.p1i32, i32 %gmem_out_addr" [swiglu.cpp:533->swiglu.cpp:627]   --->   Operation 257 'writeresp' 'empty_767' <Predicate = true> <Delay = 2.43> <CoreInst = "m_axi">   --->   Core 119 'm_axi' <Latency = 3> <II = 1> <Delay = 1.00> <Adapter> <Opcode : 'read' 'write' 'readreq' 'writereq' 'writeresp'>

State 79 <SV = 68> <Delay = 2.43>
ST_79 : Operation 258 [4/68] (2.43ns)   --->   "%empty_767 = writeresp i1 @_ssdm_op_WriteResp.m_axi.p1i32, i32 %gmem_out_addr" [swiglu.cpp:533->swiglu.cpp:627]   --->   Operation 258 'writeresp' 'empty_767' <Predicate = true> <Delay = 2.43> <CoreInst = "m_axi">   --->   Core 119 'm_axi' <Latency = 3> <II = 1> <Delay = 1.00> <Adapter> <Opcode : 'read' 'write' 'readreq' 'writereq' 'writeresp'>

State 80 <SV = 69> <Delay = 2.43>
ST_80 : Operation 259 [3/68] (2.43ns)   --->   "%empty_767 = writeresp i1 @_ssdm_op_WriteResp.m_axi.p1i32, i32 %gmem_out_addr" [swiglu.cpp:533->swiglu.cpp:627]   --->   Operation 259 'writeresp' 'empty_767' <Predicate = true> <Delay = 2.43> <CoreInst = "m_axi">   --->   Core 119 'm_axi' <Latency = 3> <II = 1> <Delay = 1.00> <Adapter> <Opcode : 'read' 'write' 'readreq' 'writereq' 'writeresp'>

State 81 <SV = 70> <Delay = 2.43>
ST_81 : Operation 260 [2/68] (2.43ns)   --->   "%empty_767 = writeresp i1 @_ssdm_op_WriteResp.m_axi.p1i32, i32 %gmem_out_addr" [swiglu.cpp:533->swiglu.cpp:627]   --->   Operation 260 'writeresp' 'empty_767' <Predicate = true> <Delay = 2.43> <CoreInst = "m_axi">   --->   Core 119 'm_axi' <Latency = 3> <II = 1> <Delay = 1.00> <Adapter> <Opcode : 'read' 'write' 'readreq' 'writereq' 'writeresp'>

State 82 <SV = 71> <Delay = 2.43>
ST_82 : Operation 261 [1/68] (2.43ns)   --->   "%empty_767 = writeresp i1 @_ssdm_op_WriteResp.m_axi.p1i32, i32 %gmem_out_addr" [swiglu.cpp:533->swiglu.cpp:627]   --->   Operation 261 'writeresp' 'empty_767' <Predicate = true> <Delay = 2.43> <CoreInst = "m_axi">   --->   Core 119 'm_axi' <Latency = 3> <II = 1> <Delay = 1.00> <Adapter> <Opcode : 'read' 'write' 'readreq' 'writereq' 'writeresp'>
ST_82 : Operation 262 [1/1] (0.00ns)   --->   "%ret_ln0 = ret"   --->   Operation 262 'ret' 'ret_ln0' <Predicate = true> <Delay = 0.00>


============================================================
+ Verbose Summary: Timing violations
============================================================
Target clock period: 3.330ns, clock uncertainty: 0.900ns.

 <State 1>: 1.492ns
The critical path consists of the following:
	wire read operation ('down_quant_mode_read') on port 'down_quant_mode' [25]  (0.000 ns)
	'icmp' operation 1 bit ('icmp_ln514', swiglu.cpp:514->swiglu.cpp:627) [55]  (1.016 ns)
	'store' operation 0 bit ('store_ln515', swiglu.cpp:515->swiglu.cpp:627) of constant 0 on local variable 'out_i', swiglu.cpp:523->swiglu.cpp:627 [104]  (0.476 ns)

 <State 2>: 2.430ns
The critical path consists of the following:
	'getelementptr' operation 32 bit ('gmem_out_addr', swiglu.cpp:532->swiglu.cpp:627) [127]  (0.000 ns)
	bus request operation ('empty', swiglu.cpp:532->swiglu.cpp:627) on port 'gmem_out' (swiglu.cpp:532->swiglu.cpp:627) [128]  (2.430 ns)

 <State 3>: 2.284ns
The critical path consists of the following:
	'call' operation 0 bit ('call_ln527', swiglu.cpp:527->swiglu.cpp:627) to 'load_row_down_q6k' [87]  (2.284 ns)

 <State 4>: 0.000ns
The critical path consists of the following:

 <State 5>: 0.000ns
The critical path consists of the following:

 <State 6>: 2.262ns
The critical path consists of the following:
	'call' operation 32 bit ('call_ret2', swiglu.cpp:528->swiglu.cpp:627) to 'mac_blocks_down_q6k' [89]  (2.262 ns)

 <State 7>: 1.237ns
The critical path consists of the following:
	'getelementptr' operation 11 bit ('out_local_addr_1', swiglu.cpp:528->swiglu.cpp:627) [88]  (0.000 ns)
	'store' operation 0 bit ('store_ln528', swiglu.cpp:528->swiglu.cpp:627) of variable 'call_ret2', swiglu.cpp:528->swiglu.cpp:627 on array 'out_local', swiglu.cpp:510->swiglu.cpp:627 [90]  (1.237 ns)

 <State 8>: 2.009ns
The critical path consists of the following:
	'call' operation 0 bit ('call_ln519', swiglu.cpp:519->swiglu.cpp:627) to 'load_row_down_q4k' [116]  (2.009 ns)

 <State 9>: 0.000ns
The critical path consists of the following:

 <State 10>: 2.416ns
The critical path consists of the following:
	'call' operation 32 bit ('call_ret', swiglu.cpp:520->swiglu.cpp:627) to 'mac_blocks_down_q4k5' [118]  (2.416 ns)

 <State 11>: 2.262ns
The critical path consists of the following:
	'call' operation 32 bit ('call_ret', swiglu.cpp:520->swiglu.cpp:627) to 'mac_blocks_down_q4k5' [118]  (2.262 ns)

 <State 12>: 1.237ns
The critical path consists of the following:
	'getelementptr' operation 11 bit ('out_local_addr', swiglu.cpp:520->swiglu.cpp:627) [117]  (0.000 ns)
	'store' operation 0 bit ('store_ln520', swiglu.cpp:520->swiglu.cpp:627) of variable 'call_ret', swiglu.cpp:520->swiglu.cpp:627 on array 'out_local', swiglu.cpp:510->swiglu.cpp:627 [119]  (1.237 ns)

 <State 13>: 0.000ns
The critical path consists of the following:

 <State 14>: 0.000ns
The critical path consists of the following:

 <State 15>: 2.430ns
The critical path consists of the following:
	bus response operation ('empty_767', swiglu.cpp:533->swiglu.cpp:627) on port 'gmem_out' (swiglu.cpp:533->swiglu.cpp:627) [130]  (2.430 ns)

 <State 16>: 2.430ns
The critical path consists of the following:
	bus response operation ('empty_767', swiglu.cpp:533->swiglu.cpp:627) on port 'gmem_out' (swiglu.cpp:533->swiglu.cpp:627) [130]  (2.430 ns)

 <State 17>: 2.430ns
The critical path consists of the following:
	bus response operation ('empty_767', swiglu.cpp:533->swiglu.cpp:627) on port 'gmem_out' (swiglu.cpp:533->swiglu.cpp:627) [130]  (2.430 ns)

 <State 18>: 2.430ns
The critical path consists of the following:
	bus response operation ('empty_767', swiglu.cpp:533->swiglu.cpp:627) on port 'gmem_out' (swiglu.cpp:533->swiglu.cpp:627) [130]  (2.430 ns)

 <State 19>: 2.430ns
The critical path consists of the following:
	bus response operation ('empty_767', swiglu.cpp:533->swiglu.cpp:627) on port 'gmem_out' (swiglu.cpp:533->swiglu.cpp:627) [130]  (2.430 ns)

 <State 20>: 2.430ns
The critical path consists of the following:
	bus response operation ('empty_767', swiglu.cpp:533->swiglu.cpp:627) on port 'gmem_out' (swiglu.cpp:533->swiglu.cpp:627) [130]  (2.430 ns)

 <State 21>: 2.430ns
The critical path consists of the following:
	bus response operation ('empty_767', swiglu.cpp:533->swiglu.cpp:627) on port 'gmem_out' (swiglu.cpp:533->swiglu.cpp:627) [130]  (2.430 ns)

 <State 22>: 2.430ns
The critical path consists of the following:
	bus response operation ('empty_767', swiglu.cpp:533->swiglu.cpp:627) on port 'gmem_out' (swiglu.cpp:533->swiglu.cpp:627) [130]  (2.430 ns)

 <State 23>: 2.430ns
The critical path consists of the following:
	bus response operation ('empty_767', swiglu.cpp:533->swiglu.cpp:627) on port 'gmem_out' (swiglu.cpp:533->swiglu.cpp:627) [130]  (2.430 ns)

 <State 24>: 2.430ns
The critical path consists of the following:
	bus response operation ('empty_767', swiglu.cpp:533->swiglu.cpp:627) on port 'gmem_out' (swiglu.cpp:533->swiglu.cpp:627) [130]  (2.430 ns)

 <State 25>: 2.430ns
The critical path consists of the following:
	bus response operation ('empty_767', swiglu.cpp:533->swiglu.cpp:627) on port 'gmem_out' (swiglu.cpp:533->swiglu.cpp:627) [130]  (2.430 ns)

 <State 26>: 2.430ns
The critical path consists of the following:
	bus response operation ('empty_767', swiglu.cpp:533->swiglu.cpp:627) on port 'gmem_out' (swiglu.cpp:533->swiglu.cpp:627) [130]  (2.430 ns)

 <State 27>: 2.430ns
The critical path consists of the following:
	bus response operation ('empty_767', swiglu.cpp:533->swiglu.cpp:627) on port 'gmem_out' (swiglu.cpp:533->swiglu.cpp:627) [130]  (2.430 ns)

 <State 28>: 2.430ns
The critical path consists of the following:
	bus response operation ('empty_767', swiglu.cpp:533->swiglu.cpp:627) on port 'gmem_out' (swiglu.cpp:533->swiglu.cpp:627) [130]  (2.430 ns)

 <State 29>: 2.430ns
The critical path consists of the following:
	bus response operation ('empty_767', swiglu.cpp:533->swiglu.cpp:627) on port 'gmem_out' (swiglu.cpp:533->swiglu.cpp:627) [130]  (2.430 ns)

 <State 30>: 2.430ns
The critical path consists of the following:
	bus response operation ('empty_767', swiglu.cpp:533->swiglu.cpp:627) on port 'gmem_out' (swiglu.cpp:533->swiglu.cpp:627) [130]  (2.430 ns)

 <State 31>: 2.430ns
The critical path consists of the following:
	bus response operation ('empty_767', swiglu.cpp:533->swiglu.cpp:627) on port 'gmem_out' (swiglu.cpp:533->swiglu.cpp:627) [130]  (2.430 ns)

 <State 32>: 2.430ns
The critical path consists of the following:
	bus response operation ('empty_767', swiglu.cpp:533->swiglu.cpp:627) on port 'gmem_out' (swiglu.cpp:533->swiglu.cpp:627) [130]  (2.430 ns)

 <State 33>: 2.430ns
The critical path consists of the following:
	bus response operation ('empty_767', swiglu.cpp:533->swiglu.cpp:627) on port 'gmem_out' (swiglu.cpp:533->swiglu.cpp:627) [130]  (2.430 ns)

 <State 34>: 2.430ns
The critical path consists of the following:
	bus response operation ('empty_767', swiglu.cpp:533->swiglu.cpp:627) on port 'gmem_out' (swiglu.cpp:533->swiglu.cpp:627) [130]  (2.430 ns)

 <State 35>: 2.430ns
The critical path consists of the following:
	bus response operation ('empty_767', swiglu.cpp:533->swiglu.cpp:627) on port 'gmem_out' (swiglu.cpp:533->swiglu.cpp:627) [130]  (2.430 ns)

 <State 36>: 2.430ns
The critical path consists of the following:
	bus response operation ('empty_767', swiglu.cpp:533->swiglu.cpp:627) on port 'gmem_out' (swiglu.cpp:533->swiglu.cpp:627) [130]  (2.430 ns)

 <State 37>: 2.430ns
The critical path consists of the following:
	bus response operation ('empty_767', swiglu.cpp:533->swiglu.cpp:627) on port 'gmem_out' (swiglu.cpp:533->swiglu.cpp:627) [130]  (2.430 ns)

 <State 38>: 2.430ns
The critical path consists of the following:
	bus response operation ('empty_767', swiglu.cpp:533->swiglu.cpp:627) on port 'gmem_out' (swiglu.cpp:533->swiglu.cpp:627) [130]  (2.430 ns)

 <State 39>: 2.430ns
The critical path consists of the following:
	bus response operation ('empty_767', swiglu.cpp:533->swiglu.cpp:627) on port 'gmem_out' (swiglu.cpp:533->swiglu.cpp:627) [130]  (2.430 ns)

 <State 40>: 2.430ns
The critical path consists of the following:
	bus response operation ('empty_767', swiglu.cpp:533->swiglu.cpp:627) on port 'gmem_out' (swiglu.cpp:533->swiglu.cpp:627) [130]  (2.430 ns)

 <State 41>: 2.430ns
The critical path consists of the following:
	bus response operation ('empty_767', swiglu.cpp:533->swiglu.cpp:627) on port 'gmem_out' (swiglu.cpp:533->swiglu.cpp:627) [130]  (2.430 ns)

 <State 42>: 2.430ns
The critical path consists of the following:
	bus response operation ('empty_767', swiglu.cpp:533->swiglu.cpp:627) on port 'gmem_out' (swiglu.cpp:533->swiglu.cpp:627) [130]  (2.430 ns)

 <State 43>: 2.430ns
The critical path consists of the following:
	bus response operation ('empty_767', swiglu.cpp:533->swiglu.cpp:627) on port 'gmem_out' (swiglu.cpp:533->swiglu.cpp:627) [130]  (2.430 ns)

 <State 44>: 2.430ns
The critical path consists of the following:
	bus response operation ('empty_767', swiglu.cpp:533->swiglu.cpp:627) on port 'gmem_out' (swiglu.cpp:533->swiglu.cpp:627) [130]  (2.430 ns)

 <State 45>: 2.430ns
The critical path consists of the following:
	bus response operation ('empty_767', swiglu.cpp:533->swiglu.cpp:627) on port 'gmem_out' (swiglu.cpp:533->swiglu.cpp:627) [130]  (2.430 ns)

 <State 46>: 2.430ns
The critical path consists of the following:
	bus response operation ('empty_767', swiglu.cpp:533->swiglu.cpp:627) on port 'gmem_out' (swiglu.cpp:533->swiglu.cpp:627) [130]  (2.430 ns)

 <State 47>: 2.430ns
The critical path consists of the following:
	bus response operation ('empty_767', swiglu.cpp:533->swiglu.cpp:627) on port 'gmem_out' (swiglu.cpp:533->swiglu.cpp:627) [130]  (2.430 ns)

 <State 48>: 2.430ns
The critical path consists of the following:
	bus response operation ('empty_767', swiglu.cpp:533->swiglu.cpp:627) on port 'gmem_out' (swiglu.cpp:533->swiglu.cpp:627) [130]  (2.430 ns)

 <State 49>: 2.430ns
The critical path consists of the following:
	bus response operation ('empty_767', swiglu.cpp:533->swiglu.cpp:627) on port 'gmem_out' (swiglu.cpp:533->swiglu.cpp:627) [130]  (2.430 ns)

 <State 50>: 2.430ns
The critical path consists of the following:
	bus response operation ('empty_767', swiglu.cpp:533->swiglu.cpp:627) on port 'gmem_out' (swiglu.cpp:533->swiglu.cpp:627) [130]  (2.430 ns)

 <State 51>: 2.430ns
The critical path consists of the following:
	bus response operation ('empty_767', swiglu.cpp:533->swiglu.cpp:627) on port 'gmem_out' (swiglu.cpp:533->swiglu.cpp:627) [130]  (2.430 ns)

 <State 52>: 2.430ns
The critical path consists of the following:
	bus response operation ('empty_767', swiglu.cpp:533->swiglu.cpp:627) on port 'gmem_out' (swiglu.cpp:533->swiglu.cpp:627) [130]  (2.430 ns)

 <State 53>: 2.430ns
The critical path consists of the following:
	bus response operation ('empty_767', swiglu.cpp:533->swiglu.cpp:627) on port 'gmem_out' (swiglu.cpp:533->swiglu.cpp:627) [130]  (2.430 ns)

 <State 54>: 2.430ns
The critical path consists of the following:
	bus response operation ('empty_767', swiglu.cpp:533->swiglu.cpp:627) on port 'gmem_out' (swiglu.cpp:533->swiglu.cpp:627) [130]  (2.430 ns)

 <State 55>: 2.430ns
The critical path consists of the following:
	bus response operation ('empty_767', swiglu.cpp:533->swiglu.cpp:627) on port 'gmem_out' (swiglu.cpp:533->swiglu.cpp:627) [130]  (2.430 ns)

 <State 56>: 2.430ns
The critical path consists of the following:
	bus response operation ('empty_767', swiglu.cpp:533->swiglu.cpp:627) on port 'gmem_out' (swiglu.cpp:533->swiglu.cpp:627) [130]  (2.430 ns)

 <State 57>: 2.430ns
The critical path consists of the following:
	bus response operation ('empty_767', swiglu.cpp:533->swiglu.cpp:627) on port 'gmem_out' (swiglu.cpp:533->swiglu.cpp:627) [130]  (2.430 ns)

 <State 58>: 2.430ns
The critical path consists of the following:
	bus response operation ('empty_767', swiglu.cpp:533->swiglu.cpp:627) on port 'gmem_out' (swiglu.cpp:533->swiglu.cpp:627) [130]  (2.430 ns)

 <State 59>: 2.430ns
The critical path consists of the following:
	bus response operation ('empty_767', swiglu.cpp:533->swiglu.cpp:627) on port 'gmem_out' (swiglu.cpp:533->swiglu.cpp:627) [130]  (2.430 ns)

 <State 60>: 2.430ns
The critical path consists of the following:
	bus response operation ('empty_767', swiglu.cpp:533->swiglu.cpp:627) on port 'gmem_out' (swiglu.cpp:533->swiglu.cpp:627) [130]  (2.430 ns)

 <State 61>: 2.430ns
The critical path consists of the following:
	bus response operation ('empty_767', swiglu.cpp:533->swiglu.cpp:627) on port 'gmem_out' (swiglu.cpp:533->swiglu.cpp:627) [130]  (2.430 ns)

 <State 62>: 2.430ns
The critical path consists of the following:
	bus response operation ('empty_767', swiglu.cpp:533->swiglu.cpp:627) on port 'gmem_out' (swiglu.cpp:533->swiglu.cpp:627) [130]  (2.430 ns)

 <State 63>: 2.430ns
The critical path consists of the following:
	bus response operation ('empty_767', swiglu.cpp:533->swiglu.cpp:627) on port 'gmem_out' (swiglu.cpp:533->swiglu.cpp:627) [130]  (2.430 ns)

 <State 64>: 2.430ns
The critical path consists of the following:
	bus response operation ('empty_767', swiglu.cpp:533->swiglu.cpp:627) on port 'gmem_out' (swiglu.cpp:533->swiglu.cpp:627) [130]  (2.430 ns)

 <State 65>: 2.430ns
The critical path consists of the following:
	bus response operation ('empty_767', swiglu.cpp:533->swiglu.cpp:627) on port 'gmem_out' (swiglu.cpp:533->swiglu.cpp:627) [130]  (2.430 ns)

 <State 66>: 2.430ns
The critical path consists of the following:
	bus response operation ('empty_767', swiglu.cpp:533->swiglu.cpp:627) on port 'gmem_out' (swiglu.cpp:533->swiglu.cpp:627) [130]  (2.430 ns)

 <State 67>: 2.430ns
The critical path consists of the following:
	bus response operation ('empty_767', swiglu.cpp:533->swiglu.cpp:627) on port 'gmem_out' (swiglu.cpp:533->swiglu.cpp:627) [130]  (2.430 ns)

 <State 68>: 2.430ns
The critical path consists of the following:
	bus response operation ('empty_767', swiglu.cpp:533->swiglu.cpp:627) on port 'gmem_out' (swiglu.cpp:533->swiglu.cpp:627) [130]  (2.430 ns)

 <State 69>: 2.430ns
The critical path consists of the following:
	bus response operation ('empty_767', swiglu.cpp:533->swiglu.cpp:627) on port 'gmem_out' (swiglu.cpp:533->swiglu.cpp:627) [130]  (2.430 ns)

 <State 70>: 2.430ns
The critical path consists of the following:
	bus response operation ('empty_767', swiglu.cpp:533->swiglu.cpp:627) on port 'gmem_out' (swiglu.cpp:533->swiglu.cpp:627) [130]  (2.430 ns)

 <State 71>: 2.430ns
The critical path consists of the following:
	bus response operation ('empty_767', swiglu.cpp:533->swiglu.cpp:627) on port 'gmem_out' (swiglu.cpp:533->swiglu.cpp:627) [130]  (2.430 ns)

 <State 72>: 2.430ns
The critical path consists of the following:
	bus response operation ('empty_767', swiglu.cpp:533->swiglu.cpp:627) on port 'gmem_out' (swiglu.cpp:533->swiglu.cpp:627) [130]  (2.430 ns)

 <State 73>: 2.430ns
The critical path consists of the following:
	bus response operation ('empty_767', swiglu.cpp:533->swiglu.cpp:627) on port 'gmem_out' (swiglu.cpp:533->swiglu.cpp:627) [130]  (2.430 ns)

 <State 74>: 2.430ns
The critical path consists of the following:
	bus response operation ('empty_767', swiglu.cpp:533->swiglu.cpp:627) on port 'gmem_out' (swiglu.cpp:533->swiglu.cpp:627) [130]  (2.430 ns)

 <State 75>: 2.430ns
The critical path consists of the following:
	bus response operation ('empty_767', swiglu.cpp:533->swiglu.cpp:627) on port 'gmem_out' (swiglu.cpp:533->swiglu.cpp:627) [130]  (2.430 ns)

 <State 76>: 2.430ns
The critical path consists of the following:
	bus response operation ('empty_767', swiglu.cpp:533->swiglu.cpp:627) on port 'gmem_out' (swiglu.cpp:533->swiglu.cpp:627) [130]  (2.430 ns)

 <State 77>: 2.430ns
The critical path consists of the following:
	bus response operation ('empty_767', swiglu.cpp:533->swiglu.cpp:627) on port 'gmem_out' (swiglu.cpp:533->swiglu.cpp:627) [130]  (2.430 ns)

 <State 78>: 2.430ns
The critical path consists of the following:
	bus response operation ('empty_767', swiglu.cpp:533->swiglu.cpp:627) on port 'gmem_out' (swiglu.cpp:533->swiglu.cpp:627) [130]  (2.430 ns)

 <State 79>: 2.430ns
The critical path consists of the following:
	bus response operation ('empty_767', swiglu.cpp:533->swiglu.cpp:627) on port 'gmem_out' (swiglu.cpp:533->swiglu.cpp:627) [130]  (2.430 ns)

 <State 80>: 2.430ns
The critical path consists of the following:
	bus response operation ('empty_767', swiglu.cpp:533->swiglu.cpp:627) on port 'gmem_out' (swiglu.cpp:533->swiglu.cpp:627) [130]  (2.430 ns)

 <State 81>: 2.430ns
The critical path consists of the following:
	bus response operation ('empty_767', swiglu.cpp:533->swiglu.cpp:627) on port 'gmem_out' (swiglu.cpp:533->swiglu.cpp:627) [130]  (2.430 ns)

 <State 82>: 2.430ns
The critical path consists of the following:
	bus response operation ('empty_767', swiglu.cpp:533->swiglu.cpp:627) on port 'gmem_out' (swiglu.cpp:533->swiglu.cpp:627) [130]  (2.430 ns)


============================================================
+ Verbose Summary: Binding
============================================================
N/A
* FSMD analyzer results:
  - Output states:
 - Input state : 
  - Chain level:
	State 1
	State 2
	State 3
	State 4
	State 5
	State 6
	State 7
	State 8
	State 9
	State 10
	State 11
	State 12
	State 13
	State 14
	State 15
	State 16
	State 17
	State 18
	State 19
	State 20
	State 21
	State 22
	State 23
	State 24
	State 25
	State 26
	State 27
	State 28
	State 29
	State 30
	State 31
	State 32
	State 33
	State 34
	State 35
	State 36
	State 37
	State 38
	State 39
	State 40
	State 41
	State 42
	State 43
	State 44
	State 45
	State 46
	State 47
	State 48
	State 49
	State 50
	State 51
	State 52
	State 53
	State 54
	State 55
	State 56
	State 57
	State 58
	State 59
	State 60
	State 61
	State 62
	State 63
	State 64
	State 65
	State 66
	State 67
	State 68
	State 69
	State 70
	State 71
	State 72
	State 73
	State 74
	State 75
	State 76
	State 77
	State 78
	State 79
	State 80
	State 81
	State 82


============================================================
+ Verbose Summary: Datapath Resource usage 
============================================================
N/A
