

================================================================
== Vitis HLS Report for 'compute_X2'
================================================================
* Date:           Thu Apr  2 09:22:54 2026

* Version:        2025.1 (Build 6135595 on May 21 2025)
* Project:        swiglu
* Solution:       hls (Vivado IP Flow Target)
* Product family: zynquplus
* Target device:  xck26-sfvc784-2LV-c


================================================================
== Performance Estimates
================================================================
+ Timing: 
    * Summary: 
    +--------+---------+----------+------------+
    |  Clock |  Target | Estimated| Uncertainty|
    +--------+---------+----------+------------+
    |ap_clk  |  4.00 ns|  3.239 ns|     1.08 ns|
    +--------+---------+----------+------------+

+ Latency: 
    * Summary: 
    +---------+---------+----------+----------+---------+---------+---------+
    |  Latency (cycles) |  Latency (absolute) |      Interval     | Pipeline|
    |   min   |   max   |    min   |    max   |   min   |   max   |   Type  |
    +---------+---------+----------+----------+---------+---------+---------+
    |  2009089|  2009089|  8.036 ms|  8.036 ms|  2009089|  2009089|       no|
    +---------+---------+----------+----------+---------+---------+---------+

    + Detail: 
        * Instance: 
        N/A

        * Loop: 
        +--------------+---------+---------+----------+-----------+-----------+------+----------+
        |              |  Latency (cycles) | Iteration|  Initiation Interval  | Trip |          |
        |   Loop Name  |   min   |   max   |  Latency |  achieved |   target  | Count| Pipelined|
        +--------------+---------+---------+----------+-----------+-----------+------+----------+
        |- COMPUTE_X2  |  2009088|  2009088|       981|          -|          -|  2048|        no|
        +--------------+---------+---------+----------+-----------+-----------+------+----------+

============================================================
+ Verbose Summary: Synthesis Manager
============================================================
InlineROM: 1
ExposeGlobal: 0
============================================================
+ Verbose Summary: CDFG Model
============================================================
IsTopModel: 0
ResetActiveHigh: 1
IsCombinational: 2
IsDatapathOnly: 0
HasWiredReturn: 1
HasMFsm: 0
HasVarLatency: 1
IsPipeline: 0
IsRtlPipelined: 0
IsInstanceOverlapped: 0
IsDontTouch: 0
HasImplIP: 0
IsGatedGlobalClock: 0


============================================================
+ Verbose Summary: Schedule
============================================================
* Number of FSM states : 15
* Pipeline : 0
* Dataflow Pipeline: 0

* FSM state transitions: 
1 --> 2 
2 --> 3 
3 --> 4 
4 --> 5 
5 --> 6 
6 --> 7 
7 --> 8 
8 --> 9 
9 --> 10 
10 --> 11 
11 --> 12 
12 --> 13 
13 --> 14 
14 --> 15 
15 --> 2 

* FSM state operations: 

State 1 <SV = 0> <Delay = 0.42>
ST_1 : Operation 16 [1/1] (0.00ns)   --->   "%row = alloca i32 1" [swiglu.cpp:348]   --->   Operation 16 'alloca' 'row' <Predicate = true> <Delay = 0.00>
ST_1 : Operation 17 [1/1] (0.00ns)   --->   "%specmemcore_ln0 = specmemcore void @_ssdm_op_SpecMemCore, i32 %X2_cache, i64 666, i64 24, i64 18446744073709551615"   --->   Operation 17 'specmemcore' 'specmemcore_ln0' <Predicate = true> <Delay = 0.00>
ST_1 : Operation 18 [1/1] (0.00ns)   --->   "%specmemcore_ln0 = specmemcore void @_ssdm_op_SpecMemCore, i8 %x_local_2_0_0, i64 666, i64 19, i64 18446744073709551615"   --->   Operation 18 'specmemcore' 'specmemcore_ln0' <Predicate = true> <Delay = 0.00>
ST_1 : Operation 19 [1/1] (0.00ns)   --->   "%specmemcore_ln0 = specmemcore void @_ssdm_op_SpecMemCore, i8 %x_local_2_0_1, i64 666, i64 19, i64 18446744073709551615"   --->   Operation 19 'specmemcore' 'specmemcore_ln0' <Predicate = true> <Delay = 0.00>
ST_1 : Operation 20 [1/1] (0.00ns)   --->   "%specmemcore_ln0 = specmemcore void @_ssdm_op_SpecMemCore, i8 %x_local_2_0_2, i64 666, i64 19, i64 18446744073709551615"   --->   Operation 20 'specmemcore' 'specmemcore_ln0' <Predicate = true> <Delay = 0.00>
ST_1 : Operation 21 [1/1] (0.00ns)   --->   "%specmemcore_ln0 = specmemcore void @_ssdm_op_SpecMemCore, i8 %x_local_2_0_3, i64 666, i64 19, i64 18446744073709551615"   --->   Operation 21 'specmemcore' 'specmemcore_ln0' <Predicate = true> <Delay = 0.00>
ST_1 : Operation 22 [1/1] (0.00ns)   --->   "%specmemcore_ln0 = specmemcore void @_ssdm_op_SpecMemCore, i8 %x_local_2_0_4, i64 666, i64 19, i64 18446744073709551615"   --->   Operation 22 'specmemcore' 'specmemcore_ln0' <Predicate = true> <Delay = 0.00>
ST_1 : Operation 23 [1/1] (0.00ns)   --->   "%specmemcore_ln0 = specmemcore void @_ssdm_op_SpecMemCore, i8 %x_local_2_0_5, i64 666, i64 19, i64 18446744073709551615"   --->   Operation 23 'specmemcore' 'specmemcore_ln0' <Predicate = true> <Delay = 0.00>
ST_1 : Operation 24 [1/1] (0.00ns)   --->   "%specmemcore_ln0 = specmemcore void @_ssdm_op_SpecMemCore, i8 %x_local_2_0_6, i64 666, i64 19, i64 18446744073709551615"   --->   Operation 24 'specmemcore' 'specmemcore_ln0' <Predicate = true> <Delay = 0.00>
ST_1 : Operation 25 [1/1] (0.00ns)   --->   "%specmemcore_ln0 = specmemcore void @_ssdm_op_SpecMemCore, i8 %x_local_2_0_7, i64 666, i64 19, i64 18446744073709551615"   --->   Operation 25 'specmemcore' 'specmemcore_ln0' <Predicate = true> <Delay = 0.00>
ST_1 : Operation 26 [1/1] (0.00ns)   --->   "%specmemcore_ln0 = specmemcore void @_ssdm_op_SpecMemCore, i8 %x_local_2_0_8, i64 666, i64 19, i64 18446744073709551615"   --->   Operation 26 'specmemcore' 'specmemcore_ln0' <Predicate = true> <Delay = 0.00>
ST_1 : Operation 27 [1/1] (0.00ns)   --->   "%specmemcore_ln0 = specmemcore void @_ssdm_op_SpecMemCore, i8 %x_local_2_0_9, i64 666, i64 19, i64 18446744073709551615"   --->   Operation 27 'specmemcore' 'specmemcore_ln0' <Predicate = true> <Delay = 0.00>
ST_1 : Operation 28 [1/1] (0.00ns)   --->   "%specmemcore_ln0 = specmemcore void @_ssdm_op_SpecMemCore, i8 %x_local_2_0_10, i64 666, i64 19, i64 18446744073709551615"   --->   Operation 28 'specmemcore' 'specmemcore_ln0' <Predicate = true> <Delay = 0.00>
ST_1 : Operation 29 [1/1] (0.00ns)   --->   "%specmemcore_ln0 = specmemcore void @_ssdm_op_SpecMemCore, i8 %x_local_2_0_11, i64 666, i64 19, i64 18446744073709551615"   --->   Operation 29 'specmemcore' 'specmemcore_ln0' <Predicate = true> <Delay = 0.00>
ST_1 : Operation 30 [1/1] (0.00ns)   --->   "%specmemcore_ln0 = specmemcore void @_ssdm_op_SpecMemCore, i8 %x_local_2_0_12, i64 666, i64 19, i64 18446744073709551615"   --->   Operation 30 'specmemcore' 'specmemcore_ln0' <Predicate = true> <Delay = 0.00>
ST_1 : Operation 31 [1/1] (0.00ns)   --->   "%specmemcore_ln0 = specmemcore void @_ssdm_op_SpecMemCore, i8 %x_local_2_0_13, i64 666, i64 19, i64 18446744073709551615"   --->   Operation 31 'specmemcore' 'specmemcore_ln0' <Predicate = true> <Delay = 0.00>
ST_1 : Operation 32 [1/1] (0.00ns)   --->   "%specmemcore_ln0 = specmemcore void @_ssdm_op_SpecMemCore, i8 %x_local_2_0_14, i64 666, i64 19, i64 18446744073709551615"   --->   Operation 32 'specmemcore' 'specmemcore_ln0' <Predicate = true> <Delay = 0.00>
ST_1 : Operation 33 [1/1] (0.00ns)   --->   "%specmemcore_ln0 = specmemcore void @_ssdm_op_SpecMemCore, i8 %x_local_2_0_15, i64 666, i64 19, i64 18446744073709551615"   --->   Operation 33 'specmemcore' 'specmemcore_ln0' <Predicate = true> <Delay = 0.00>
ST_1 : Operation 34 [1/1] (0.00ns)   --->   "%specmemcore_ln0 = specmemcore void @_ssdm_op_SpecMemCore, i8 %x_local_2_1_0, i64 666, i64 19, i64 18446744073709551615"   --->   Operation 34 'specmemcore' 'specmemcore_ln0' <Predicate = true> <Delay = 0.00>
ST_1 : Operation 35 [1/1] (0.00ns)   --->   "%specmemcore_ln0 = specmemcore void @_ssdm_op_SpecMemCore, i8 %x_local_2_1_1, i64 666, i64 19, i64 18446744073709551615"   --->   Operation 35 'specmemcore' 'specmemcore_ln0' <Predicate = true> <Delay = 0.00>
ST_1 : Operation 36 [1/1] (0.00ns)   --->   "%specmemcore_ln0 = specmemcore void @_ssdm_op_SpecMemCore, i8 %x_local_2_1_2, i64 666, i64 19, i64 18446744073709551615"   --->   Operation 36 'specmemcore' 'specmemcore_ln0' <Predicate = true> <Delay = 0.00>
ST_1 : Operation 37 [1/1] (0.00ns)   --->   "%specmemcore_ln0 = specmemcore void @_ssdm_op_SpecMemCore, i8 %x_local_2_1_3, i64 666, i64 19, i64 18446744073709551615"   --->   Operation 37 'specmemcore' 'specmemcore_ln0' <Predicate = true> <Delay = 0.00>
ST_1 : Operation 38 [1/1] (0.00ns)   --->   "%specmemcore_ln0 = specmemcore void @_ssdm_op_SpecMemCore, i8 %x_local_2_1_4, i64 666, i64 19, i64 18446744073709551615"   --->   Operation 38 'specmemcore' 'specmemcore_ln0' <Predicate = true> <Delay = 0.00>
ST_1 : Operation 39 [1/1] (0.00ns)   --->   "%specmemcore_ln0 = specmemcore void @_ssdm_op_SpecMemCore, i8 %x_local_2_1_5, i64 666, i64 19, i64 18446744073709551615"   --->   Operation 39 'specmemcore' 'specmemcore_ln0' <Predicate = true> <Delay = 0.00>
ST_1 : Operation 40 [1/1] (0.00ns)   --->   "%specmemcore_ln0 = specmemcore void @_ssdm_op_SpecMemCore, i8 %x_local_2_1_6, i64 666, i64 19, i64 18446744073709551615"   --->   Operation 40 'specmemcore' 'specmemcore_ln0' <Predicate = true> <Delay = 0.00>
ST_1 : Operation 41 [1/1] (0.00ns)   --->   "%specmemcore_ln0 = specmemcore void @_ssdm_op_SpecMemCore, i8 %x_local_2_1_7, i64 666, i64 19, i64 18446744073709551615"   --->   Operation 41 'specmemcore' 'specmemcore_ln0' <Predicate = true> <Delay = 0.00>
ST_1 : Operation 42 [1/1] (0.00ns)   --->   "%specmemcore_ln0 = specmemcore void @_ssdm_op_SpecMemCore, i8 %x_local_2_1_8, i64 666, i64 19, i64 18446744073709551615"   --->   Operation 42 'specmemcore' 'specmemcore_ln0' <Predicate = true> <Delay = 0.00>
ST_1 : Operation 43 [1/1] (0.00ns)   --->   "%specmemcore_ln0 = specmemcore void @_ssdm_op_SpecMemCore, i8 %x_local_2_1_9, i64 666, i64 19, i64 18446744073709551615"   --->   Operation 43 'specmemcore' 'specmemcore_ln0' <Predicate = true> <Delay = 0.00>
ST_1 : Operation 44 [1/1] (0.00ns)   --->   "%specmemcore_ln0 = specmemcore void @_ssdm_op_SpecMemCore, i8 %x_local_2_1_10, i64 666, i64 19, i64 18446744073709551615"   --->   Operation 44 'specmemcore' 'specmemcore_ln0' <Predicate = true> <Delay = 0.00>
ST_1 : Operation 45 [1/1] (0.00ns)   --->   "%specmemcore_ln0 = specmemcore void @_ssdm_op_SpecMemCore, i8 %x_local_2_1_11, i64 666, i64 19, i64 18446744073709551615"   --->   Operation 45 'specmemcore' 'specmemcore_ln0' <Predicate = true> <Delay = 0.00>
ST_1 : Operation 46 [1/1] (0.00ns)   --->   "%specmemcore_ln0 = specmemcore void @_ssdm_op_SpecMemCore, i8 %x_local_2_1_12, i64 666, i64 19, i64 18446744073709551615"   --->   Operation 46 'specmemcore' 'specmemcore_ln0' <Predicate = true> <Delay = 0.00>
ST_1 : Operation 47 [1/1] (0.00ns)   --->   "%specmemcore_ln0 = specmemcore void @_ssdm_op_SpecMemCore, i8 %x_local_2_1_13, i64 666, i64 19, i64 18446744073709551615"   --->   Operation 47 'specmemcore' 'specmemcore_ln0' <Predicate = true> <Delay = 0.00>
ST_1 : Operation 48 [1/1] (0.00ns)   --->   "%specmemcore_ln0 = specmemcore void @_ssdm_op_SpecMemCore, i8 %x_local_2_1_14, i64 666, i64 19, i64 18446744073709551615"   --->   Operation 48 'specmemcore' 'specmemcore_ln0' <Predicate = true> <Delay = 0.00>
ST_1 : Operation 49 [1/1] (0.00ns)   --->   "%specmemcore_ln0 = specmemcore void @_ssdm_op_SpecMemCore, i8 %x_local_2_1_15, i64 666, i64 19, i64 18446744073709551615"   --->   Operation 49 'specmemcore' 'specmemcore_ln0' <Predicate = true> <Delay = 0.00>
ST_1 : Operation 50 [1/1] (0.00ns)   --->   "%specmemcore_ln0 = specmemcore void @_ssdm_op_SpecMemCore, i8 %x_local_2_2_0, i64 666, i64 19, i64 18446744073709551615"   --->   Operation 50 'specmemcore' 'specmemcore_ln0' <Predicate = true> <Delay = 0.00>
ST_1 : Operation 51 [1/1] (0.00ns)   --->   "%specmemcore_ln0 = specmemcore void @_ssdm_op_SpecMemCore, i8 %x_local_2_2_1, i64 666, i64 19, i64 18446744073709551615"   --->   Operation 51 'specmemcore' 'specmemcore_ln0' <Predicate = true> <Delay = 0.00>
ST_1 : Operation 52 [1/1] (0.00ns)   --->   "%specmemcore_ln0 = specmemcore void @_ssdm_op_SpecMemCore, i8 %x_local_2_2_2, i64 666, i64 19, i64 18446744073709551615"   --->   Operation 52 'specmemcore' 'specmemcore_ln0' <Predicate = true> <Delay = 0.00>
ST_1 : Operation 53 [1/1] (0.00ns)   --->   "%specmemcore_ln0 = specmemcore void @_ssdm_op_SpecMemCore, i8 %x_local_2_2_3, i64 666, i64 19, i64 18446744073709551615"   --->   Operation 53 'specmemcore' 'specmemcore_ln0' <Predicate = true> <Delay = 0.00>
ST_1 : Operation 54 [1/1] (0.00ns)   --->   "%specmemcore_ln0 = specmemcore void @_ssdm_op_SpecMemCore, i8 %x_local_2_2_4, i64 666, i64 19, i64 18446744073709551615"   --->   Operation 54 'specmemcore' 'specmemcore_ln0' <Predicate = true> <Delay = 0.00>
ST_1 : Operation 55 [1/1] (0.00ns)   --->   "%specmemcore_ln0 = specmemcore void @_ssdm_op_SpecMemCore, i8 %x_local_2_2_5, i64 666, i64 19, i64 18446744073709551615"   --->   Operation 55 'specmemcore' 'specmemcore_ln0' <Predicate = true> <Delay = 0.00>
ST_1 : Operation 56 [1/1] (0.00ns)   --->   "%specmemcore_ln0 = specmemcore void @_ssdm_op_SpecMemCore, i8 %x_local_2_2_6, i64 666, i64 19, i64 18446744073709551615"   --->   Operation 56 'specmemcore' 'specmemcore_ln0' <Predicate = true> <Delay = 0.00>
ST_1 : Operation 57 [1/1] (0.00ns)   --->   "%specmemcore_ln0 = specmemcore void @_ssdm_op_SpecMemCore, i8 %x_local_2_2_7, i64 666, i64 19, i64 18446744073709551615"   --->   Operation 57 'specmemcore' 'specmemcore_ln0' <Predicate = true> <Delay = 0.00>
ST_1 : Operation 58 [1/1] (0.00ns)   --->   "%specmemcore_ln0 = specmemcore void @_ssdm_op_SpecMemCore, i8 %x_local_2_2_8, i64 666, i64 19, i64 18446744073709551615"   --->   Operation 58 'specmemcore' 'specmemcore_ln0' <Predicate = true> <Delay = 0.00>
ST_1 : Operation 59 [1/1] (0.00ns)   --->   "%specmemcore_ln0 = specmemcore void @_ssdm_op_SpecMemCore, i8 %x_local_2_2_9, i64 666, i64 19, i64 18446744073709551615"   --->   Operation 59 'specmemcore' 'specmemcore_ln0' <Predicate = true> <Delay = 0.00>
ST_1 : Operation 60 [1/1] (0.00ns)   --->   "%specmemcore_ln0 = specmemcore void @_ssdm_op_SpecMemCore, i8 %x_local_2_2_10, i64 666, i64 19, i64 18446744073709551615"   --->   Operation 60 'specmemcore' 'specmemcore_ln0' <Predicate = true> <Delay = 0.00>
ST_1 : Operation 61 [1/1] (0.00ns)   --->   "%specmemcore_ln0 = specmemcore void @_ssdm_op_SpecMemCore, i8 %x_local_2_2_11, i64 666, i64 19, i64 18446744073709551615"   --->   Operation 61 'specmemcore' 'specmemcore_ln0' <Predicate = true> <Delay = 0.00>
ST_1 : Operation 62 [1/1] (0.00ns)   --->   "%specmemcore_ln0 = specmemcore void @_ssdm_op_SpecMemCore, i8 %x_local_2_2_12, i64 666, i64 19, i64 18446744073709551615"   --->   Operation 62 'specmemcore' 'specmemcore_ln0' <Predicate = true> <Delay = 0.00>
ST_1 : Operation 63 [1/1] (0.00ns)   --->   "%specmemcore_ln0 = specmemcore void @_ssdm_op_SpecMemCore, i8 %x_local_2_2_13, i64 666, i64 19, i64 18446744073709551615"   --->   Operation 63 'specmemcore' 'specmemcore_ln0' <Predicate = true> <Delay = 0.00>
ST_1 : Operation 64 [1/1] (0.00ns)   --->   "%specmemcore_ln0 = specmemcore void @_ssdm_op_SpecMemCore, i8 %x_local_2_2_14, i64 666, i64 19, i64 18446744073709551615"   --->   Operation 64 'specmemcore' 'specmemcore_ln0' <Predicate = true> <Delay = 0.00>
ST_1 : Operation 65 [1/1] (0.00ns)   --->   "%specmemcore_ln0 = specmemcore void @_ssdm_op_SpecMemCore, i8 %x_local_2_2_15, i64 666, i64 19, i64 18446744073709551615"   --->   Operation 65 'specmemcore' 'specmemcore_ln0' <Predicate = true> <Delay = 0.00>
ST_1 : Operation 66 [1/1] (0.00ns)   --->   "%specmemcore_ln0 = specmemcore void @_ssdm_op_SpecMemCore, i8 %x_local_2_3_0, i64 666, i64 19, i64 18446744073709551615"   --->   Operation 66 'specmemcore' 'specmemcore_ln0' <Predicate = true> <Delay = 0.00>
ST_1 : Operation 67 [1/1] (0.00ns)   --->   "%specmemcore_ln0 = specmemcore void @_ssdm_op_SpecMemCore, i8 %x_local_2_3_1, i64 666, i64 19, i64 18446744073709551615"   --->   Operation 67 'specmemcore' 'specmemcore_ln0' <Predicate = true> <Delay = 0.00>
ST_1 : Operation 68 [1/1] (0.00ns)   --->   "%specmemcore_ln0 = specmemcore void @_ssdm_op_SpecMemCore, i8 %x_local_2_3_2, i64 666, i64 19, i64 18446744073709551615"   --->   Operation 68 'specmemcore' 'specmemcore_ln0' <Predicate = true> <Delay = 0.00>
ST_1 : Operation 69 [1/1] (0.00ns)   --->   "%specmemcore_ln0 = specmemcore void @_ssdm_op_SpecMemCore, i8 %x_local_2_3_3, i64 666, i64 19, i64 18446744073709551615"   --->   Operation 69 'specmemcore' 'specmemcore_ln0' <Predicate = true> <Delay = 0.00>
ST_1 : Operation 70 [1/1] (0.00ns)   --->   "%specmemcore_ln0 = specmemcore void @_ssdm_op_SpecMemCore, i8 %x_local_2_3_4, i64 666, i64 19, i64 18446744073709551615"   --->   Operation 70 'specmemcore' 'specmemcore_ln0' <Predicate = true> <Delay = 0.00>
ST_1 : Operation 71 [1/1] (0.00ns)   --->   "%specmemcore_ln0 = specmemcore void @_ssdm_op_SpecMemCore, i8 %x_local_2_3_5, i64 666, i64 19, i64 18446744073709551615"   --->   Operation 71 'specmemcore' 'specmemcore_ln0' <Predicate = true> <Delay = 0.00>
ST_1 : Operation 72 [1/1] (0.00ns)   --->   "%specmemcore_ln0 = specmemcore void @_ssdm_op_SpecMemCore, i8 %x_local_2_3_6, i64 666, i64 19, i64 18446744073709551615"   --->   Operation 72 'specmemcore' 'specmemcore_ln0' <Predicate = true> <Delay = 0.00>
ST_1 : Operation 73 [1/1] (0.00ns)   --->   "%specmemcore_ln0 = specmemcore void @_ssdm_op_SpecMemCore, i8 %x_local_2_3_7, i64 666, i64 19, i64 18446744073709551615"   --->   Operation 73 'specmemcore' 'specmemcore_ln0' <Predicate = true> <Delay = 0.00>
ST_1 : Operation 74 [1/1] (0.00ns)   --->   "%specmemcore_ln0 = specmemcore void @_ssdm_op_SpecMemCore, i8 %x_local_2_3_8, i64 666, i64 19, i64 18446744073709551615"   --->   Operation 74 'specmemcore' 'specmemcore_ln0' <Predicate = true> <Delay = 0.00>
ST_1 : Operation 75 [1/1] (0.00ns)   --->   "%specmemcore_ln0 = specmemcore void @_ssdm_op_SpecMemCore, i8 %x_local_2_3_9, i64 666, i64 19, i64 18446744073709551615"   --->   Operation 75 'specmemcore' 'specmemcore_ln0' <Predicate = true> <Delay = 0.00>
ST_1 : Operation 76 [1/1] (0.00ns)   --->   "%specmemcore_ln0 = specmemcore void @_ssdm_op_SpecMemCore, i8 %x_local_2_3_10, i64 666, i64 19, i64 18446744073709551615"   --->   Operation 76 'specmemcore' 'specmemcore_ln0' <Predicate = true> <Delay = 0.00>
ST_1 : Operation 77 [1/1] (0.00ns)   --->   "%specmemcore_ln0 = specmemcore void @_ssdm_op_SpecMemCore, i8 %x_local_2_3_11, i64 666, i64 19, i64 18446744073709551615"   --->   Operation 77 'specmemcore' 'specmemcore_ln0' <Predicate = true> <Delay = 0.00>
ST_1 : Operation 78 [1/1] (0.00ns)   --->   "%specmemcore_ln0 = specmemcore void @_ssdm_op_SpecMemCore, i8 %x_local_2_3_12, i64 666, i64 19, i64 18446744073709551615"   --->   Operation 78 'specmemcore' 'specmemcore_ln0' <Predicate = true> <Delay = 0.00>
ST_1 : Operation 79 [1/1] (0.00ns)   --->   "%specmemcore_ln0 = specmemcore void @_ssdm_op_SpecMemCore, i8 %x_local_2_3_13, i64 666, i64 19, i64 18446744073709551615"   --->   Operation 79 'specmemcore' 'specmemcore_ln0' <Predicate = true> <Delay = 0.00>
ST_1 : Operation 80 [1/1] (0.00ns)   --->   "%specmemcore_ln0 = specmemcore void @_ssdm_op_SpecMemCore, i8 %x_local_2_3_14, i64 666, i64 19, i64 18446744073709551615"   --->   Operation 80 'specmemcore' 'specmemcore_ln0' <Predicate = true> <Delay = 0.00>
ST_1 : Operation 81 [1/1] (0.00ns)   --->   "%specmemcore_ln0 = specmemcore void @_ssdm_op_SpecMemCore, i8 %x_local_2_3_15, i64 666, i64 19, i64 18446744073709551615"   --->   Operation 81 'specmemcore' 'specmemcore_ln0' <Predicate = true> <Delay = 0.00>
ST_1 : Operation 82 [1/1] (0.00ns)   --->   "%specmemcore_ln0 = specmemcore void @_ssdm_op_SpecMemCore, i8 %x_local_2_4_0, i64 666, i64 19, i64 18446744073709551615"   --->   Operation 82 'specmemcore' 'specmemcore_ln0' <Predicate = true> <Delay = 0.00>
ST_1 : Operation 83 [1/1] (0.00ns)   --->   "%specmemcore_ln0 = specmemcore void @_ssdm_op_SpecMemCore, i8 %x_local_2_4_1, i64 666, i64 19, i64 18446744073709551615"   --->   Operation 83 'specmemcore' 'specmemcore_ln0' <Predicate = true> <Delay = 0.00>
ST_1 : Operation 84 [1/1] (0.00ns)   --->   "%specmemcore_ln0 = specmemcore void @_ssdm_op_SpecMemCore, i8 %x_local_2_4_2, i64 666, i64 19, i64 18446744073709551615"   --->   Operation 84 'specmemcore' 'specmemcore_ln0' <Predicate = true> <Delay = 0.00>
ST_1 : Operation 85 [1/1] (0.00ns)   --->   "%specmemcore_ln0 = specmemcore void @_ssdm_op_SpecMemCore, i8 %x_local_2_4_3, i64 666, i64 19, i64 18446744073709551615"   --->   Operation 85 'specmemcore' 'specmemcore_ln0' <Predicate = true> <Delay = 0.00>
ST_1 : Operation 86 [1/1] (0.00ns)   --->   "%specmemcore_ln0 = specmemcore void @_ssdm_op_SpecMemCore, i8 %x_local_2_4_4, i64 666, i64 19, i64 18446744073709551615"   --->   Operation 86 'specmemcore' 'specmemcore_ln0' <Predicate = true> <Delay = 0.00>
ST_1 : Operation 87 [1/1] (0.00ns)   --->   "%specmemcore_ln0 = specmemcore void @_ssdm_op_SpecMemCore, i8 %x_local_2_4_5, i64 666, i64 19, i64 18446744073709551615"   --->   Operation 87 'specmemcore' 'specmemcore_ln0' <Predicate = true> <Delay = 0.00>
ST_1 : Operation 88 [1/1] (0.00ns)   --->   "%specmemcore_ln0 = specmemcore void @_ssdm_op_SpecMemCore, i8 %x_local_2_4_6, i64 666, i64 19, i64 18446744073709551615"   --->   Operation 88 'specmemcore' 'specmemcore_ln0' <Predicate = true> <Delay = 0.00>
ST_1 : Operation 89 [1/1] (0.00ns)   --->   "%specmemcore_ln0 = specmemcore void @_ssdm_op_SpecMemCore, i8 %x_local_2_4_7, i64 666, i64 19, i64 18446744073709551615"   --->   Operation 89 'specmemcore' 'specmemcore_ln0' <Predicate = true> <Delay = 0.00>
ST_1 : Operation 90 [1/1] (0.00ns)   --->   "%specmemcore_ln0 = specmemcore void @_ssdm_op_SpecMemCore, i8 %x_local_2_4_8, i64 666, i64 19, i64 18446744073709551615"   --->   Operation 90 'specmemcore' 'specmemcore_ln0' <Predicate = true> <Delay = 0.00>
ST_1 : Operation 91 [1/1] (0.00ns)   --->   "%specmemcore_ln0 = specmemcore void @_ssdm_op_SpecMemCore, i8 %x_local_2_4_9, i64 666, i64 19, i64 18446744073709551615"   --->   Operation 91 'specmemcore' 'specmemcore_ln0' <Predicate = true> <Delay = 0.00>
ST_1 : Operation 92 [1/1] (0.00ns)   --->   "%specmemcore_ln0 = specmemcore void @_ssdm_op_SpecMemCore, i8 %x_local_2_4_10, i64 666, i64 19, i64 18446744073709551615"   --->   Operation 92 'specmemcore' 'specmemcore_ln0' <Predicate = true> <Delay = 0.00>
ST_1 : Operation 93 [1/1] (0.00ns)   --->   "%specmemcore_ln0 = specmemcore void @_ssdm_op_SpecMemCore, i8 %x_local_2_4_11, i64 666, i64 19, i64 18446744073709551615"   --->   Operation 93 'specmemcore' 'specmemcore_ln0' <Predicate = true> <Delay = 0.00>
ST_1 : Operation 94 [1/1] (0.00ns)   --->   "%specmemcore_ln0 = specmemcore void @_ssdm_op_SpecMemCore, i8 %x_local_2_4_12, i64 666, i64 19, i64 18446744073709551615"   --->   Operation 94 'specmemcore' 'specmemcore_ln0' <Predicate = true> <Delay = 0.00>
ST_1 : Operation 95 [1/1] (0.00ns)   --->   "%specmemcore_ln0 = specmemcore void @_ssdm_op_SpecMemCore, i8 %x_local_2_4_13, i64 666, i64 19, i64 18446744073709551615"   --->   Operation 95 'specmemcore' 'specmemcore_ln0' <Predicate = true> <Delay = 0.00>
ST_1 : Operation 96 [1/1] (0.00ns)   --->   "%specmemcore_ln0 = specmemcore void @_ssdm_op_SpecMemCore, i8 %x_local_2_4_14, i64 666, i64 19, i64 18446744073709551615"   --->   Operation 96 'specmemcore' 'specmemcore_ln0' <Predicate = true> <Delay = 0.00>
ST_1 : Operation 97 [1/1] (0.00ns)   --->   "%specmemcore_ln0 = specmemcore void @_ssdm_op_SpecMemCore, i8 %x_local_2_4_15, i64 666, i64 19, i64 18446744073709551615"   --->   Operation 97 'specmemcore' 'specmemcore_ln0' <Predicate = true> <Delay = 0.00>
ST_1 : Operation 98 [1/1] (0.00ns)   --->   "%specmemcore_ln0 = specmemcore void @_ssdm_op_SpecMemCore, i8 %x_local_2_5_0, i64 666, i64 19, i64 18446744073709551615"   --->   Operation 98 'specmemcore' 'specmemcore_ln0' <Predicate = true> <Delay = 0.00>
ST_1 : Operation 99 [1/1] (0.00ns)   --->   "%specmemcore_ln0 = specmemcore void @_ssdm_op_SpecMemCore, i8 %x_local_2_5_1, i64 666, i64 19, i64 18446744073709551615"   --->   Operation 99 'specmemcore' 'specmemcore_ln0' <Predicate = true> <Delay = 0.00>
ST_1 : Operation 100 [1/1] (0.00ns)   --->   "%specmemcore_ln0 = specmemcore void @_ssdm_op_SpecMemCore, i8 %x_local_2_5_2, i64 666, i64 19, i64 18446744073709551615"   --->   Operation 100 'specmemcore' 'specmemcore_ln0' <Predicate = true> <Delay = 0.00>
ST_1 : Operation 101 [1/1] (0.00ns)   --->   "%specmemcore_ln0 = specmemcore void @_ssdm_op_SpecMemCore, i8 %x_local_2_5_3, i64 666, i64 19, i64 18446744073709551615"   --->   Operation 101 'specmemcore' 'specmemcore_ln0' <Predicate = true> <Delay = 0.00>
ST_1 : Operation 102 [1/1] (0.00ns)   --->   "%specmemcore_ln0 = specmemcore void @_ssdm_op_SpecMemCore, i8 %x_local_2_5_4, i64 666, i64 19, i64 18446744073709551615"   --->   Operation 102 'specmemcore' 'specmemcore_ln0' <Predicate = true> <Delay = 0.00>
ST_1 : Operation 103 [1/1] (0.00ns)   --->   "%specmemcore_ln0 = specmemcore void @_ssdm_op_SpecMemCore, i8 %x_local_2_5_5, i64 666, i64 19, i64 18446744073709551615"   --->   Operation 103 'specmemcore' 'specmemcore_ln0' <Predicate = true> <Delay = 0.00>
ST_1 : Operation 104 [1/1] (0.00ns)   --->   "%specmemcore_ln0 = specmemcore void @_ssdm_op_SpecMemCore, i8 %x_local_2_5_6, i64 666, i64 19, i64 18446744073709551615"   --->   Operation 104 'specmemcore' 'specmemcore_ln0' <Predicate = true> <Delay = 0.00>
ST_1 : Operation 105 [1/1] (0.00ns)   --->   "%specmemcore_ln0 = specmemcore void @_ssdm_op_SpecMemCore, i8 %x_local_2_5_7, i64 666, i64 19, i64 18446744073709551615"   --->   Operation 105 'specmemcore' 'specmemcore_ln0' <Predicate = true> <Delay = 0.00>
ST_1 : Operation 106 [1/1] (0.00ns)   --->   "%specmemcore_ln0 = specmemcore void @_ssdm_op_SpecMemCore, i8 %x_local_2_5_8, i64 666, i64 19, i64 18446744073709551615"   --->   Operation 106 'specmemcore' 'specmemcore_ln0' <Predicate = true> <Delay = 0.00>
ST_1 : Operation 107 [1/1] (0.00ns)   --->   "%specmemcore_ln0 = specmemcore void @_ssdm_op_SpecMemCore, i8 %x_local_2_5_9, i64 666, i64 19, i64 18446744073709551615"   --->   Operation 107 'specmemcore' 'specmemcore_ln0' <Predicate = true> <Delay = 0.00>
ST_1 : Operation 108 [1/1] (0.00ns)   --->   "%specmemcore_ln0 = specmemcore void @_ssdm_op_SpecMemCore, i8 %x_local_2_5_10, i64 666, i64 19, i64 18446744073709551615"   --->   Operation 108 'specmemcore' 'specmemcore_ln0' <Predicate = true> <Delay = 0.00>
ST_1 : Operation 109 [1/1] (0.00ns)   --->   "%specmemcore_ln0 = specmemcore void @_ssdm_op_SpecMemCore, i8 %x_local_2_5_11, i64 666, i64 19, i64 18446744073709551615"   --->   Operation 109 'specmemcore' 'specmemcore_ln0' <Predicate = true> <Delay = 0.00>
ST_1 : Operation 110 [1/1] (0.00ns)   --->   "%specmemcore_ln0 = specmemcore void @_ssdm_op_SpecMemCore, i8 %x_local_2_5_12, i64 666, i64 19, i64 18446744073709551615"   --->   Operation 110 'specmemcore' 'specmemcore_ln0' <Predicate = true> <Delay = 0.00>
ST_1 : Operation 111 [1/1] (0.00ns)   --->   "%specmemcore_ln0 = specmemcore void @_ssdm_op_SpecMemCore, i8 %x_local_2_5_13, i64 666, i64 19, i64 18446744073709551615"   --->   Operation 111 'specmemcore' 'specmemcore_ln0' <Predicate = true> <Delay = 0.00>
ST_1 : Operation 112 [1/1] (0.00ns)   --->   "%specmemcore_ln0 = specmemcore void @_ssdm_op_SpecMemCore, i8 %x_local_2_5_14, i64 666, i64 19, i64 18446744073709551615"   --->   Operation 112 'specmemcore' 'specmemcore_ln0' <Predicate = true> <Delay = 0.00>
ST_1 : Operation 113 [1/1] (0.00ns)   --->   "%specmemcore_ln0 = specmemcore void @_ssdm_op_SpecMemCore, i8 %x_local_2_5_15, i64 666, i64 19, i64 18446744073709551615"   --->   Operation 113 'specmemcore' 'specmemcore_ln0' <Predicate = true> <Delay = 0.00>
ST_1 : Operation 114 [1/1] (0.00ns)   --->   "%specmemcore_ln0 = specmemcore void @_ssdm_op_SpecMemCore, i8 %x_local_2_6_0, i64 666, i64 19, i64 18446744073709551615"   --->   Operation 114 'specmemcore' 'specmemcore_ln0' <Predicate = true> <Delay = 0.00>
ST_1 : Operation 115 [1/1] (0.00ns)   --->   "%specmemcore_ln0 = specmemcore void @_ssdm_op_SpecMemCore, i8 %x_local_2_6_1, i64 666, i64 19, i64 18446744073709551615"   --->   Operation 115 'specmemcore' 'specmemcore_ln0' <Predicate = true> <Delay = 0.00>
ST_1 : Operation 116 [1/1] (0.00ns)   --->   "%specmemcore_ln0 = specmemcore void @_ssdm_op_SpecMemCore, i8 %x_local_2_6_2, i64 666, i64 19, i64 18446744073709551615"   --->   Operation 116 'specmemcore' 'specmemcore_ln0' <Predicate = true> <Delay = 0.00>
ST_1 : Operation 117 [1/1] (0.00ns)   --->   "%specmemcore_ln0 = specmemcore void @_ssdm_op_SpecMemCore, i8 %x_local_2_6_3, i64 666, i64 19, i64 18446744073709551615"   --->   Operation 117 'specmemcore' 'specmemcore_ln0' <Predicate = true> <Delay = 0.00>
ST_1 : Operation 118 [1/1] (0.00ns)   --->   "%specmemcore_ln0 = specmemcore void @_ssdm_op_SpecMemCore, i8 %x_local_2_6_4, i64 666, i64 19, i64 18446744073709551615"   --->   Operation 118 'specmemcore' 'specmemcore_ln0' <Predicate = true> <Delay = 0.00>
ST_1 : Operation 119 [1/1] (0.00ns)   --->   "%specmemcore_ln0 = specmemcore void @_ssdm_op_SpecMemCore, i8 %x_local_2_6_5, i64 666, i64 19, i64 18446744073709551615"   --->   Operation 119 'specmemcore' 'specmemcore_ln0' <Predicate = true> <Delay = 0.00>
ST_1 : Operation 120 [1/1] (0.00ns)   --->   "%specmemcore_ln0 = specmemcore void @_ssdm_op_SpecMemCore, i8 %x_local_2_6_6, i64 666, i64 19, i64 18446744073709551615"   --->   Operation 120 'specmemcore' 'specmemcore_ln0' <Predicate = true> <Delay = 0.00>
ST_1 : Operation 121 [1/1] (0.00ns)   --->   "%specmemcore_ln0 = specmemcore void @_ssdm_op_SpecMemCore, i8 %x_local_2_6_7, i64 666, i64 19, i64 18446744073709551615"   --->   Operation 121 'specmemcore' 'specmemcore_ln0' <Predicate = true> <Delay = 0.00>
ST_1 : Operation 122 [1/1] (0.00ns)   --->   "%specmemcore_ln0 = specmemcore void @_ssdm_op_SpecMemCore, i8 %x_local_2_6_8, i64 666, i64 19, i64 18446744073709551615"   --->   Operation 122 'specmemcore' 'specmemcore_ln0' <Predicate = true> <Delay = 0.00>
ST_1 : Operation 123 [1/1] (0.00ns)   --->   "%specmemcore_ln0 = specmemcore void @_ssdm_op_SpecMemCore, i8 %x_local_2_6_9, i64 666, i64 19, i64 18446744073709551615"   --->   Operation 123 'specmemcore' 'specmemcore_ln0' <Predicate = true> <Delay = 0.00>
ST_1 : Operation 124 [1/1] (0.00ns)   --->   "%specmemcore_ln0 = specmemcore void @_ssdm_op_SpecMemCore, i8 %x_local_2_6_10, i64 666, i64 19, i64 18446744073709551615"   --->   Operation 124 'specmemcore' 'specmemcore_ln0' <Predicate = true> <Delay = 0.00>
ST_1 : Operation 125 [1/1] (0.00ns)   --->   "%specmemcore_ln0 = specmemcore void @_ssdm_op_SpecMemCore, i8 %x_local_2_6_11, i64 666, i64 19, i64 18446744073709551615"   --->   Operation 125 'specmemcore' 'specmemcore_ln0' <Predicate = true> <Delay = 0.00>
ST_1 : Operation 126 [1/1] (0.00ns)   --->   "%specmemcore_ln0 = specmemcore void @_ssdm_op_SpecMemCore, i8 %x_local_2_6_12, i64 666, i64 19, i64 18446744073709551615"   --->   Operation 126 'specmemcore' 'specmemcore_ln0' <Predicate = true> <Delay = 0.00>
ST_1 : Operation 127 [1/1] (0.00ns)   --->   "%specmemcore_ln0 = specmemcore void @_ssdm_op_SpecMemCore, i8 %x_local_2_6_13, i64 666, i64 19, i64 18446744073709551615"   --->   Operation 127 'specmemcore' 'specmemcore_ln0' <Predicate = true> <Delay = 0.00>
ST_1 : Operation 128 [1/1] (0.00ns)   --->   "%specmemcore_ln0 = specmemcore void @_ssdm_op_SpecMemCore, i8 %x_local_2_6_14, i64 666, i64 19, i64 18446744073709551615"   --->   Operation 128 'specmemcore' 'specmemcore_ln0' <Predicate = true> <Delay = 0.00>
ST_1 : Operation 129 [1/1] (0.00ns)   --->   "%specmemcore_ln0 = specmemcore void @_ssdm_op_SpecMemCore, i8 %x_local_2_6_15, i64 666, i64 19, i64 18446744073709551615"   --->   Operation 129 'specmemcore' 'specmemcore_ln0' <Predicate = true> <Delay = 0.00>
ST_1 : Operation 130 [1/1] (0.00ns)   --->   "%specmemcore_ln0 = specmemcore void @_ssdm_op_SpecMemCore, i8 %x_local_2_7_0, i64 666, i64 19, i64 18446744073709551615"   --->   Operation 130 'specmemcore' 'specmemcore_ln0' <Predicate = true> <Delay = 0.00>
ST_1 : Operation 131 [1/1] (0.00ns)   --->   "%specmemcore_ln0 = specmemcore void @_ssdm_op_SpecMemCore, i8 %x_local_2_7_1, i64 666, i64 19, i64 18446744073709551615"   --->   Operation 131 'specmemcore' 'specmemcore_ln0' <Predicate = true> <Delay = 0.00>
ST_1 : Operation 132 [1/1] (0.00ns)   --->   "%specmemcore_ln0 = specmemcore void @_ssdm_op_SpecMemCore, i8 %x_local_2_7_2, i64 666, i64 19, i64 18446744073709551615"   --->   Operation 132 'specmemcore' 'specmemcore_ln0' <Predicate = true> <Delay = 0.00>
ST_1 : Operation 133 [1/1] (0.00ns)   --->   "%specmemcore_ln0 = specmemcore void @_ssdm_op_SpecMemCore, i8 %x_local_2_7_3, i64 666, i64 19, i64 18446744073709551615"   --->   Operation 133 'specmemcore' 'specmemcore_ln0' <Predicate = true> <Delay = 0.00>
ST_1 : Operation 134 [1/1] (0.00ns)   --->   "%specmemcore_ln0 = specmemcore void @_ssdm_op_SpecMemCore, i8 %x_local_2_7_4, i64 666, i64 19, i64 18446744073709551615"   --->   Operation 134 'specmemcore' 'specmemcore_ln0' <Predicate = true> <Delay = 0.00>
ST_1 : Operation 135 [1/1] (0.00ns)   --->   "%specmemcore_ln0 = specmemcore void @_ssdm_op_SpecMemCore, i8 %x_local_2_7_5, i64 666, i64 19, i64 18446744073709551615"   --->   Operation 135 'specmemcore' 'specmemcore_ln0' <Predicate = true> <Delay = 0.00>
ST_1 : Operation 136 [1/1] (0.00ns)   --->   "%specmemcore_ln0 = specmemcore void @_ssdm_op_SpecMemCore, i8 %x_local_2_7_6, i64 666, i64 19, i64 18446744073709551615"   --->   Operation 136 'specmemcore' 'specmemcore_ln0' <Predicate = true> <Delay = 0.00>
ST_1 : Operation 137 [1/1] (0.00ns)   --->   "%specmemcore_ln0 = specmemcore void @_ssdm_op_SpecMemCore, i8 %x_local_2_7_7, i64 666, i64 19, i64 18446744073709551615"   --->   Operation 137 'specmemcore' 'specmemcore_ln0' <Predicate = true> <Delay = 0.00>
ST_1 : Operation 138 [1/1] (0.00ns)   --->   "%specmemcore_ln0 = specmemcore void @_ssdm_op_SpecMemCore, i8 %x_local_2_7_8, i64 666, i64 19, i64 18446744073709551615"   --->   Operation 138 'specmemcore' 'specmemcore_ln0' <Predicate = true> <Delay = 0.00>
ST_1 : Operation 139 [1/1] (0.00ns)   --->   "%specmemcore_ln0 = specmemcore void @_ssdm_op_SpecMemCore, i8 %x_local_2_7_9, i64 666, i64 19, i64 18446744073709551615"   --->   Operation 139 'specmemcore' 'specmemcore_ln0' <Predicate = true> <Delay = 0.00>
ST_1 : Operation 140 [1/1] (0.00ns)   --->   "%specmemcore_ln0 = specmemcore void @_ssdm_op_SpecMemCore, i8 %x_local_2_7_10, i64 666, i64 19, i64 18446744073709551615"   --->   Operation 140 'specmemcore' 'specmemcore_ln0' <Predicate = true> <Delay = 0.00>
ST_1 : Operation 141 [1/1] (0.00ns)   --->   "%specmemcore_ln0 = specmemcore void @_ssdm_op_SpecMemCore, i8 %x_local_2_7_11, i64 666, i64 19, i64 18446744073709551615"   --->   Operation 141 'specmemcore' 'specmemcore_ln0' <Predicate = true> <Delay = 0.00>
ST_1 : Operation 142 [1/1] (0.00ns)   --->   "%specmemcore_ln0 = specmemcore void @_ssdm_op_SpecMemCore, i8 %x_local_2_7_12, i64 666, i64 19, i64 18446744073709551615"   --->   Operation 142 'specmemcore' 'specmemcore_ln0' <Predicate = true> <Delay = 0.00>
ST_1 : Operation 143 [1/1] (0.00ns)   --->   "%specmemcore_ln0 = specmemcore void @_ssdm_op_SpecMemCore, i8 %x_local_2_7_13, i64 666, i64 19, i64 18446744073709551615"   --->   Operation 143 'specmemcore' 'specmemcore_ln0' <Predicate = true> <Delay = 0.00>
ST_1 : Operation 144 [1/1] (0.00ns)   --->   "%specmemcore_ln0 = specmemcore void @_ssdm_op_SpecMemCore, i8 %x_local_2_7_14, i64 666, i64 19, i64 18446744073709551615"   --->   Operation 144 'specmemcore' 'specmemcore_ln0' <Predicate = true> <Delay = 0.00>
ST_1 : Operation 145 [1/1] (0.00ns)   --->   "%specmemcore_ln0 = specmemcore void @_ssdm_op_SpecMemCore, i8 %x_local_2_7_15, i64 666, i64 19, i64 18446744073709551615"   --->   Operation 145 'specmemcore' 'specmemcore_ln0' <Predicate = true> <Delay = 0.00>
ST_1 : Operation 146 [1/1] (0.00ns)   --->   "%specinterface_ln0 = specinterface void @_ssdm_op_SpecInterface, i128 %gmem_V, void @empty_34, i32 0, i32 0, void @empty_26, i32 64, i32 589824, void @empty_23, void @empty_36, void @empty_26, i32 2, i32 16, i32 256, i32 16, void @empty_26, void @empty_26, i32 4294967295, i32 0, i32 0"   --->   Operation 146 'specinterface' 'specinterface_ln0' <Predicate = true> <Delay = 0.00>
ST_1 : Operation 147 [1/1] (0.00ns)   --->   "%x_scale_read = read i32 @_ssdm_op_Read.ap_auto.float, i32 %x_scale"   --->   Operation 147 'read' 'x_scale_read' <Predicate = true> <Delay = 0.00>
ST_1 : Operation 148 [1/1] (0.00ns)   --->   "%V_read = read i64 @_ssdm_op_Read.ap_auto.i64, i64 %V"   --->   Operation 148 'read' 'V_read' <Predicate = true> <Delay = 0.00>
ST_1 : Operation 149 [1/1] (0.00ns)   --->   "%row_buf = alloca i64 1" [swiglu.cpp:349]   --->   Operation 149 'alloca' 'row_buf' <Predicate = true> <Delay = 0.00> <CoreInst = "RAM_1P_LUTRAM">   --->   Core 88 'RAM_1P_LUTRAM' <Latency = 1> <II = 1> <Delay = 0.67> <Storage> <Opcode : 'load' 'store'> <Ports = 1> <Width = 128> <Depth = 9> <RAM>
ST_1 : Operation 150 [1/1] (0.00ns)   --->   "%row_buf_8 = alloca i64 1" [swiglu.cpp:349]   --->   Operation 150 'alloca' 'row_buf_8' <Predicate = true> <Delay = 0.00> <CoreInst = "RAM_1P_LUTRAM">   --->   Core 88 'RAM_1P_LUTRAM' <Latency = 1> <II = 1> <Delay = 0.67> <Storage> <Opcode : 'load' 'store'> <Ports = 1> <Width = 128> <Depth = 9> <RAM>
ST_1 : Operation 151 [1/1] (0.00ns)   --->   "%row_buf_9 = alloca i64 1" [swiglu.cpp:349]   --->   Operation 151 'alloca' 'row_buf_9' <Predicate = true> <Delay = 0.00> <CoreInst = "RAM_1P_LUTRAM">   --->   Core 88 'RAM_1P_LUTRAM' <Latency = 1> <II = 1> <Delay = 0.67> <Storage> <Opcode : 'load' 'store'> <Ports = 1> <Width = 128> <Depth = 9> <RAM>
ST_1 : Operation 152 [1/1] (0.00ns)   --->   "%row_buf_10 = alloca i64 1" [swiglu.cpp:349]   --->   Operation 152 'alloca' 'row_buf_10' <Predicate = true> <Delay = 0.00> <CoreInst = "RAM_1P_LUTRAM">   --->   Core 88 'RAM_1P_LUTRAM' <Latency = 1> <II = 1> <Delay = 0.67> <Storage> <Opcode : 'load' 'store'> <Ports = 1> <Width = 128> <Depth = 9> <RAM>
ST_1 : Operation 153 [1/1] (0.00ns)   --->   "%row_buf_11 = alloca i64 1" [swiglu.cpp:349]   --->   Operation 153 'alloca' 'row_buf_11' <Predicate = true> <Delay = 0.00> <CoreInst = "RAM_1P_LUTRAM">   --->   Core 88 'RAM_1P_LUTRAM' <Latency = 1> <II = 1> <Delay = 0.67> <Storage> <Opcode : 'load' 'store'> <Ports = 1> <Width = 128> <Depth = 9> <RAM>
ST_1 : Operation 154 [1/1] (0.00ns)   --->   "%row_buf_12 = alloca i64 1" [swiglu.cpp:349]   --->   Operation 154 'alloca' 'row_buf_12' <Predicate = true> <Delay = 0.00> <CoreInst = "RAM_1P_LUTRAM">   --->   Core 88 'RAM_1P_LUTRAM' <Latency = 1> <II = 1> <Delay = 0.67> <Storage> <Opcode : 'load' 'store'> <Ports = 1> <Width = 128> <Depth = 9> <RAM>
ST_1 : Operation 155 [1/1] (0.00ns)   --->   "%row_buf_13 = alloca i64 1" [swiglu.cpp:349]   --->   Operation 155 'alloca' 'row_buf_13' <Predicate = true> <Delay = 0.00> <CoreInst = "RAM_1P_LUTRAM">   --->   Core 88 'RAM_1P_LUTRAM' <Latency = 1> <II = 1> <Delay = 0.67> <Storage> <Opcode : 'load' 'store'> <Ports = 1> <Width = 128> <Depth = 9> <RAM>
ST_1 : Operation 156 [1/1] (0.00ns)   --->   "%row_buf_14 = alloca i64 1" [swiglu.cpp:349]   --->   Operation 156 'alloca' 'row_buf_14' <Predicate = true> <Delay = 0.00> <CoreInst = "RAM_1P_LUTRAM">   --->   Core 88 'RAM_1P_LUTRAM' <Latency = 1> <II = 1> <Delay = 0.67> <Storage> <Opcode : 'load' 'store'> <Ports = 1> <Width = 128> <Depth = 9> <RAM>
ST_1 : Operation 157 [1/1] (0.00ns)   --->   "%row_buf_15 = alloca i64 1" [swiglu.cpp:349]   --->   Operation 157 'alloca' 'row_buf_15' <Predicate = true> <Delay = 0.00> <CoreInst = "RAM_1P_LUTRAM">   --->   Core 88 'RAM_1P_LUTRAM' <Latency = 1> <II = 1> <Delay = 0.67> <Storage> <Opcode : 'load' 'store'> <Ports = 1> <Width = 128> <Depth = 9> <RAM>
ST_1 : Operation 158 [1/1] (0.00ns)   --->   "%row_buf_16 = alloca i64 1" [swiglu.cpp:349]   --->   Operation 158 'alloca' 'row_buf_16' <Predicate = true> <Delay = 0.00> <CoreInst = "RAM_1P_LUTRAM">   --->   Core 88 'RAM_1P_LUTRAM' <Latency = 1> <II = 1> <Delay = 0.67> <Storage> <Opcode : 'load' 'store'> <Ports = 1> <Width = 128> <Depth = 9> <RAM>
ST_1 : Operation 159 [1/1] (0.00ns)   --->   "%row_buf_17 = alloca i64 1" [swiglu.cpp:349]   --->   Operation 159 'alloca' 'row_buf_17' <Predicate = true> <Delay = 0.00> <CoreInst = "RAM_1P_LUTRAM">   --->   Core 88 'RAM_1P_LUTRAM' <Latency = 1> <II = 1> <Delay = 0.67> <Storage> <Opcode : 'load' 'store'> <Ports = 1> <Width = 128> <Depth = 9> <RAM>
ST_1 : Operation 160 [1/1] (0.00ns)   --->   "%row_buf_18 = alloca i64 1" [swiglu.cpp:349]   --->   Operation 160 'alloca' 'row_buf_18' <Predicate = true> <Delay = 0.00> <CoreInst = "RAM_1P_LUTRAM">   --->   Core 88 'RAM_1P_LUTRAM' <Latency = 1> <II = 1> <Delay = 0.67> <Storage> <Opcode : 'load' 'store'> <Ports = 1> <Width = 128> <Depth = 9> <RAM>
ST_1 : Operation 161 [1/1] (0.00ns)   --->   "%row_buf_19 = alloca i64 1" [swiglu.cpp:349]   --->   Operation 161 'alloca' 'row_buf_19' <Predicate = true> <Delay = 0.00> <CoreInst = "RAM_1P_LUTRAM">   --->   Core 88 'RAM_1P_LUTRAM' <Latency = 1> <II = 1> <Delay = 0.67> <Storage> <Opcode : 'load' 'store'> <Ports = 1> <Width = 128> <Depth = 9> <RAM>
ST_1 : Operation 162 [1/1] (0.00ns)   --->   "%row_buf_20 = alloca i64 1" [swiglu.cpp:349]   --->   Operation 162 'alloca' 'row_buf_20' <Predicate = true> <Delay = 0.00> <CoreInst = "RAM_1P_LUTRAM">   --->   Core 88 'RAM_1P_LUTRAM' <Latency = 1> <II = 1> <Delay = 0.67> <Storage> <Opcode : 'load' 'store'> <Ports = 1> <Width = 128> <Depth = 9> <RAM>
ST_1 : Operation 163 [1/1] (0.00ns)   --->   "%row_buf_21 = alloca i64 1" [swiglu.cpp:349]   --->   Operation 163 'alloca' 'row_buf_21' <Predicate = true> <Delay = 0.00> <CoreInst = "RAM_1P_LUTRAM">   --->   Core 88 'RAM_1P_LUTRAM' <Latency = 1> <II = 1> <Delay = 0.67> <Storage> <Opcode : 'load' 'store'> <Ports = 1> <Width = 128> <Depth = 9> <RAM>
ST_1 : Operation 164 [1/1] (0.00ns)   --->   "%row_buf_22 = alloca i64 1" [swiglu.cpp:349]   --->   Operation 164 'alloca' 'row_buf_22' <Predicate = true> <Delay = 0.00> <CoreInst = "RAM_1P_LUTRAM">   --->   Core 88 'RAM_1P_LUTRAM' <Latency = 1> <II = 1> <Delay = 0.67> <Storage> <Opcode : 'load' 'store'> <Ports = 1> <Width = 128> <Depth = 9> <RAM>
ST_1 : Operation 165 [1/1] (0.00ns)   --->   "%row_buf_23 = alloca i64 1" [swiglu.cpp:349]   --->   Operation 165 'alloca' 'row_buf_23' <Predicate = true> <Delay = 0.00> <CoreInst = "RAM_1P_LUTRAM">   --->   Core 88 'RAM_1P_LUTRAM' <Latency = 1> <II = 1> <Delay = 0.67> <Storage> <Opcode : 'load' 'store'> <Ports = 1> <Width = 128> <Depth = 9> <RAM>
ST_1 : Operation 166 [1/1] (0.00ns)   --->   "%row_buf_24 = alloca i64 1" [swiglu.cpp:349]   --->   Operation 166 'alloca' 'row_buf_24' <Predicate = true> <Delay = 0.00> <CoreInst = "RAM_1P_LUTRAM">   --->   Core 88 'RAM_1P_LUTRAM' <Latency = 1> <II = 1> <Delay = 0.67> <Storage> <Opcode : 'load' 'store'> <Ports = 1> <Width = 128> <Depth = 9> <RAM>
ST_1 : Operation 167 [1/1] (0.00ns)   --->   "%row_buf_25 = alloca i64 1" [swiglu.cpp:349]   --->   Operation 167 'alloca' 'row_buf_25' <Predicate = true> <Delay = 0.00> <CoreInst = "RAM_1P_LUTRAM">   --->   Core 88 'RAM_1P_LUTRAM' <Latency = 1> <II = 1> <Delay = 0.67> <Storage> <Opcode : 'load' 'store'> <Ports = 1> <Width = 128> <Depth = 9> <RAM>
ST_1 : Operation 168 [1/1] (0.00ns)   --->   "%row_buf_26 = alloca i64 1" [swiglu.cpp:349]   --->   Operation 168 'alloca' 'row_buf_26' <Predicate = true> <Delay = 0.00> <CoreInst = "RAM_1P_LUTRAM">   --->   Core 88 'RAM_1P_LUTRAM' <Latency = 1> <II = 1> <Delay = 0.67> <Storage> <Opcode : 'load' 'store'> <Ports = 1> <Width = 128> <Depth = 9> <RAM>
ST_1 : Operation 169 [1/1] (0.00ns)   --->   "%row_buf_27 = alloca i64 1" [swiglu.cpp:349]   --->   Operation 169 'alloca' 'row_buf_27' <Predicate = true> <Delay = 0.00> <CoreInst = "RAM_1P_LUTRAM">   --->   Core 88 'RAM_1P_LUTRAM' <Latency = 1> <II = 1> <Delay = 0.67> <Storage> <Opcode : 'load' 'store'> <Ports = 1> <Width = 128> <Depth = 9> <RAM>
ST_1 : Operation 170 [1/1] (0.00ns)   --->   "%row_buf_28 = alloca i64 1" [swiglu.cpp:349]   --->   Operation 170 'alloca' 'row_buf_28' <Predicate = true> <Delay = 0.00> <CoreInst = "RAM_1P_LUTRAM">   --->   Core 88 'RAM_1P_LUTRAM' <Latency = 1> <II = 1> <Delay = 0.67> <Storage> <Opcode : 'load' 'store'> <Ports = 1> <Width = 128> <Depth = 9> <RAM>
ST_1 : Operation 171 [1/1] (0.00ns)   --->   "%row_buf_29 = alloca i64 1" [swiglu.cpp:349]   --->   Operation 171 'alloca' 'row_buf_29' <Predicate = true> <Delay = 0.00> <CoreInst = "RAM_1P_LUTRAM">   --->   Core 88 'RAM_1P_LUTRAM' <Latency = 1> <II = 1> <Delay = 0.67> <Storage> <Opcode : 'load' 'store'> <Ports = 1> <Width = 128> <Depth = 9> <RAM>
ST_1 : Operation 172 [1/1] (0.00ns)   --->   "%row_buf_30 = alloca i64 1" [swiglu.cpp:349]   --->   Operation 172 'alloca' 'row_buf_30' <Predicate = true> <Delay = 0.00> <CoreInst = "RAM_1P_LUTRAM">   --->   Core 88 'RAM_1P_LUTRAM' <Latency = 1> <II = 1> <Delay = 0.67> <Storage> <Opcode : 'load' 'store'> <Ports = 1> <Width = 128> <Depth = 9> <RAM>
ST_1 : Operation 173 [1/1] (0.00ns)   --->   "%row_buf_31 = alloca i64 1" [swiglu.cpp:349]   --->   Operation 173 'alloca' 'row_buf_31' <Predicate = true> <Delay = 0.00> <CoreInst = "RAM_1P_LUTRAM">   --->   Core 88 'RAM_1P_LUTRAM' <Latency = 1> <II = 1> <Delay = 0.67> <Storage> <Opcode : 'load' 'store'> <Ports = 1> <Width = 128> <Depth = 9> <RAM>
ST_1 : Operation 174 [1/1] (0.00ns)   --->   "%row_buf_32 = alloca i64 1" [swiglu.cpp:349]   --->   Operation 174 'alloca' 'row_buf_32' <Predicate = true> <Delay = 0.00> <CoreInst = "RAM_1P_LUTRAM">   --->   Core 88 'RAM_1P_LUTRAM' <Latency = 1> <II = 1> <Delay = 0.67> <Storage> <Opcode : 'load' 'store'> <Ports = 1> <Width = 128> <Depth = 9> <RAM>
ST_1 : Operation 175 [1/1] (0.00ns)   --->   "%row_buf_33 = alloca i64 1" [swiglu.cpp:349]   --->   Operation 175 'alloca' 'row_buf_33' <Predicate = true> <Delay = 0.00> <CoreInst = "RAM_1P_LUTRAM">   --->   Core 88 'RAM_1P_LUTRAM' <Latency = 1> <II = 1> <Delay = 0.67> <Storage> <Opcode : 'load' 'store'> <Ports = 1> <Width = 128> <Depth = 9> <RAM>
ST_1 : Operation 176 [1/1] (0.00ns)   --->   "%row_buf_34 = alloca i64 1" [swiglu.cpp:349]   --->   Operation 176 'alloca' 'row_buf_34' <Predicate = true> <Delay = 0.00> <CoreInst = "RAM_1P_LUTRAM">   --->   Core 88 'RAM_1P_LUTRAM' <Latency = 1> <II = 1> <Delay = 0.67> <Storage> <Opcode : 'load' 'store'> <Ports = 1> <Width = 128> <Depth = 9> <RAM>
ST_1 : Operation 177 [1/1] (0.00ns)   --->   "%row_buf_35 = alloca i64 1" [swiglu.cpp:349]   --->   Operation 177 'alloca' 'row_buf_35' <Predicate = true> <Delay = 0.00> <CoreInst = "RAM_1P_LUTRAM">   --->   Core 88 'RAM_1P_LUTRAM' <Latency = 1> <II = 1> <Delay = 0.67> <Storage> <Opcode : 'load' 'store'> <Ports = 1> <Width = 128> <Depth = 9> <RAM>
ST_1 : Operation 178 [1/1] (0.00ns)   --->   "%row_buf_36 = alloca i64 1" [swiglu.cpp:349]   --->   Operation 178 'alloca' 'row_buf_36' <Predicate = true> <Delay = 0.00> <CoreInst = "RAM_1P_LUTRAM">   --->   Core 88 'RAM_1P_LUTRAM' <Latency = 1> <II = 1> <Delay = 0.67> <Storage> <Opcode : 'load' 'store'> <Ports = 1> <Width = 128> <Depth = 9> <RAM>
ST_1 : Operation 179 [1/1] (0.00ns)   --->   "%row_buf_37 = alloca i64 1" [swiglu.cpp:349]   --->   Operation 179 'alloca' 'row_buf_37' <Predicate = true> <Delay = 0.00> <CoreInst = "RAM_1P_LUTRAM">   --->   Core 88 'RAM_1P_LUTRAM' <Latency = 1> <II = 1> <Delay = 0.67> <Storage> <Opcode : 'load' 'store'> <Ports = 1> <Width = 128> <Depth = 9> <RAM>
ST_1 : Operation 180 [1/1] (0.00ns)   --->   "%row_buf_38 = alloca i64 1" [swiglu.cpp:349]   --->   Operation 180 'alloca' 'row_buf_38' <Predicate = true> <Delay = 0.00> <CoreInst = "RAM_1P_LUTRAM">   --->   Core 88 'RAM_1P_LUTRAM' <Latency = 1> <II = 1> <Delay = 0.67> <Storage> <Opcode : 'load' 'store'> <Ports = 1> <Width = 128> <Depth = 9> <RAM>
ST_1 : Operation 181 [1/1] (0.00ns)   --->   "%specmemcore_ln352 = specmemcore void @_ssdm_op_SpecMemCore, i128 %row_buf_38, i64 666, i64 19, i64 18446744073709551615" [swiglu.cpp:352]   --->   Operation 181 'specmemcore' 'specmemcore_ln352' <Predicate = true> <Delay = 0.00>
ST_1 : Operation 182 [1/1] (0.00ns)   --->   "%specmemcore_ln352 = specmemcore void @_ssdm_op_SpecMemCore, i128 %row_buf_37, i64 666, i64 19, i64 18446744073709551615" [swiglu.cpp:352]   --->   Operation 182 'specmemcore' 'specmemcore_ln352' <Predicate = true> <Delay = 0.00>
ST_1 : Operation 183 [1/1] (0.00ns)   --->   "%specmemcore_ln352 = specmemcore void @_ssdm_op_SpecMemCore, i128 %row_buf_36, i64 666, i64 19, i64 18446744073709551615" [swiglu.cpp:352]   --->   Operation 183 'specmemcore' 'specmemcore_ln352' <Predicate = true> <Delay = 0.00>
ST_1 : Operation 184 [1/1] (0.00ns)   --->   "%specmemcore_ln352 = specmemcore void @_ssdm_op_SpecMemCore, i128 %row_buf_35, i64 666, i64 19, i64 18446744073709551615" [swiglu.cpp:352]   --->   Operation 184 'specmemcore' 'specmemcore_ln352' <Predicate = true> <Delay = 0.00>
ST_1 : Operation 185 [1/1] (0.00ns)   --->   "%specmemcore_ln352 = specmemcore void @_ssdm_op_SpecMemCore, i128 %row_buf_34, i64 666, i64 19, i64 18446744073709551615" [swiglu.cpp:352]   --->   Operation 185 'specmemcore' 'specmemcore_ln352' <Predicate = true> <Delay = 0.00>
ST_1 : Operation 186 [1/1] (0.00ns)   --->   "%specmemcore_ln352 = specmemcore void @_ssdm_op_SpecMemCore, i128 %row_buf_33, i64 666, i64 19, i64 18446744073709551615" [swiglu.cpp:352]   --->   Operation 186 'specmemcore' 'specmemcore_ln352' <Predicate = true> <Delay = 0.00>
ST_1 : Operation 187 [1/1] (0.00ns)   --->   "%specmemcore_ln352 = specmemcore void @_ssdm_op_SpecMemCore, i128 %row_buf_32, i64 666, i64 19, i64 18446744073709551615" [swiglu.cpp:352]   --->   Operation 187 'specmemcore' 'specmemcore_ln352' <Predicate = true> <Delay = 0.00>
ST_1 : Operation 188 [1/1] (0.00ns)   --->   "%specmemcore_ln352 = specmemcore void @_ssdm_op_SpecMemCore, i128 %row_buf_31, i64 666, i64 19, i64 18446744073709551615" [swiglu.cpp:352]   --->   Operation 188 'specmemcore' 'specmemcore_ln352' <Predicate = true> <Delay = 0.00>
ST_1 : Operation 189 [1/1] (0.00ns)   --->   "%specmemcore_ln352 = specmemcore void @_ssdm_op_SpecMemCore, i128 %row_buf_30, i64 666, i64 19, i64 18446744073709551615" [swiglu.cpp:352]   --->   Operation 189 'specmemcore' 'specmemcore_ln352' <Predicate = true> <Delay = 0.00>
ST_1 : Operation 190 [1/1] (0.00ns)   --->   "%specmemcore_ln352 = specmemcore void @_ssdm_op_SpecMemCore, i128 %row_buf_29, i64 666, i64 19, i64 18446744073709551615" [swiglu.cpp:352]   --->   Operation 190 'specmemcore' 'specmemcore_ln352' <Predicate = true> <Delay = 0.00>
ST_1 : Operation 191 [1/1] (0.00ns)   --->   "%specmemcore_ln352 = specmemcore void @_ssdm_op_SpecMemCore, i128 %row_buf_28, i64 666, i64 19, i64 18446744073709551615" [swiglu.cpp:352]   --->   Operation 191 'specmemcore' 'specmemcore_ln352' <Predicate = true> <Delay = 0.00>
ST_1 : Operation 192 [1/1] (0.00ns)   --->   "%specmemcore_ln352 = specmemcore void @_ssdm_op_SpecMemCore, i128 %row_buf_27, i64 666, i64 19, i64 18446744073709551615" [swiglu.cpp:352]   --->   Operation 192 'specmemcore' 'specmemcore_ln352' <Predicate = true> <Delay = 0.00>
ST_1 : Operation 193 [1/1] (0.00ns)   --->   "%specmemcore_ln352 = specmemcore void @_ssdm_op_SpecMemCore, i128 %row_buf_26, i64 666, i64 19, i64 18446744073709551615" [swiglu.cpp:352]   --->   Operation 193 'specmemcore' 'specmemcore_ln352' <Predicate = true> <Delay = 0.00>
ST_1 : Operation 194 [1/1] (0.00ns)   --->   "%specmemcore_ln352 = specmemcore void @_ssdm_op_SpecMemCore, i128 %row_buf_25, i64 666, i64 19, i64 18446744073709551615" [swiglu.cpp:352]   --->   Operation 194 'specmemcore' 'specmemcore_ln352' <Predicate = true> <Delay = 0.00>
ST_1 : Operation 195 [1/1] (0.00ns)   --->   "%specmemcore_ln352 = specmemcore void @_ssdm_op_SpecMemCore, i128 %row_buf_24, i64 666, i64 19, i64 18446744073709551615" [swiglu.cpp:352]   --->   Operation 195 'specmemcore' 'specmemcore_ln352' <Predicate = true> <Delay = 0.00>
ST_1 : Operation 196 [1/1] (0.00ns)   --->   "%specmemcore_ln352 = specmemcore void @_ssdm_op_SpecMemCore, i128 %row_buf_23, i64 666, i64 19, i64 18446744073709551615" [swiglu.cpp:352]   --->   Operation 196 'specmemcore' 'specmemcore_ln352' <Predicate = true> <Delay = 0.00>
ST_1 : Operation 197 [1/1] (0.00ns)   --->   "%specmemcore_ln352 = specmemcore void @_ssdm_op_SpecMemCore, i128 %row_buf_22, i64 666, i64 19, i64 18446744073709551615" [swiglu.cpp:352]   --->   Operation 197 'specmemcore' 'specmemcore_ln352' <Predicate = true> <Delay = 0.00>
ST_1 : Operation 198 [1/1] (0.00ns)   --->   "%specmemcore_ln352 = specmemcore void @_ssdm_op_SpecMemCore, i128 %row_buf_21, i64 666, i64 19, i64 18446744073709551615" [swiglu.cpp:352]   --->   Operation 198 'specmemcore' 'specmemcore_ln352' <Predicate = true> <Delay = 0.00>
ST_1 : Operation 199 [1/1] (0.00ns)   --->   "%specmemcore_ln352 = specmemcore void @_ssdm_op_SpecMemCore, i128 %row_buf_20, i64 666, i64 19, i64 18446744073709551615" [swiglu.cpp:352]   --->   Operation 199 'specmemcore' 'specmemcore_ln352' <Predicate = true> <Delay = 0.00>
ST_1 : Operation 200 [1/1] (0.00ns)   --->   "%specmemcore_ln352 = specmemcore void @_ssdm_op_SpecMemCore, i128 %row_buf_19, i64 666, i64 19, i64 18446744073709551615" [swiglu.cpp:352]   --->   Operation 200 'specmemcore' 'specmemcore_ln352' <Predicate = true> <Delay = 0.00>
ST_1 : Operation 201 [1/1] (0.00ns)   --->   "%specmemcore_ln352 = specmemcore void @_ssdm_op_SpecMemCore, i128 %row_buf_18, i64 666, i64 19, i64 18446744073709551615" [swiglu.cpp:352]   --->   Operation 201 'specmemcore' 'specmemcore_ln352' <Predicate = true> <Delay = 0.00>
ST_1 : Operation 202 [1/1] (0.00ns)   --->   "%specmemcore_ln352 = specmemcore void @_ssdm_op_SpecMemCore, i128 %row_buf_17, i64 666, i64 19, i64 18446744073709551615" [swiglu.cpp:352]   --->   Operation 202 'specmemcore' 'specmemcore_ln352' <Predicate = true> <Delay = 0.00>
ST_1 : Operation 203 [1/1] (0.00ns)   --->   "%specmemcore_ln352 = specmemcore void @_ssdm_op_SpecMemCore, i128 %row_buf_16, i64 666, i64 19, i64 18446744073709551615" [swiglu.cpp:352]   --->   Operation 203 'specmemcore' 'specmemcore_ln352' <Predicate = true> <Delay = 0.00>
ST_1 : Operation 204 [1/1] (0.00ns)   --->   "%specmemcore_ln352 = specmemcore void @_ssdm_op_SpecMemCore, i128 %row_buf_15, i64 666, i64 19, i64 18446744073709551615" [swiglu.cpp:352]   --->   Operation 204 'specmemcore' 'specmemcore_ln352' <Predicate = true> <Delay = 0.00>
ST_1 : Operation 205 [1/1] (0.00ns)   --->   "%specmemcore_ln352 = specmemcore void @_ssdm_op_SpecMemCore, i128 %row_buf_14, i64 666, i64 19, i64 18446744073709551615" [swiglu.cpp:352]   --->   Operation 205 'specmemcore' 'specmemcore_ln352' <Predicate = true> <Delay = 0.00>
ST_1 : Operation 206 [1/1] (0.00ns)   --->   "%specmemcore_ln352 = specmemcore void @_ssdm_op_SpecMemCore, i128 %row_buf_13, i64 666, i64 19, i64 18446744073709551615" [swiglu.cpp:352]   --->   Operation 206 'specmemcore' 'specmemcore_ln352' <Predicate = true> <Delay = 0.00>
ST_1 : Operation 207 [1/1] (0.00ns)   --->   "%specmemcore_ln352 = specmemcore void @_ssdm_op_SpecMemCore, i128 %row_buf_12, i64 666, i64 19, i64 18446744073709551615" [swiglu.cpp:352]   --->   Operation 207 'specmemcore' 'specmemcore_ln352' <Predicate = true> <Delay = 0.00>
ST_1 : Operation 208 [1/1] (0.00ns)   --->   "%specmemcore_ln352 = specmemcore void @_ssdm_op_SpecMemCore, i128 %row_buf_11, i64 666, i64 19, i64 18446744073709551615" [swiglu.cpp:352]   --->   Operation 208 'specmemcore' 'specmemcore_ln352' <Predicate = true> <Delay = 0.00>
ST_1 : Operation 209 [1/1] (0.00ns)   --->   "%specmemcore_ln352 = specmemcore void @_ssdm_op_SpecMemCore, i128 %row_buf_10, i64 666, i64 19, i64 18446744073709551615" [swiglu.cpp:352]   --->   Operation 209 'specmemcore' 'specmemcore_ln352' <Predicate = true> <Delay = 0.00>
ST_1 : Operation 210 [1/1] (0.00ns)   --->   "%specmemcore_ln352 = specmemcore void @_ssdm_op_SpecMemCore, i128 %row_buf_9, i64 666, i64 19, i64 18446744073709551615" [swiglu.cpp:352]   --->   Operation 210 'specmemcore' 'specmemcore_ln352' <Predicate = true> <Delay = 0.00>
ST_1 : Operation 211 [1/1] (0.00ns)   --->   "%specmemcore_ln352 = specmemcore void @_ssdm_op_SpecMemCore, i128 %row_buf_8, i64 666, i64 19, i64 18446744073709551615" [swiglu.cpp:352]   --->   Operation 211 'specmemcore' 'specmemcore_ln352' <Predicate = true> <Delay = 0.00>
ST_1 : Operation 212 [1/1] (0.00ns)   --->   "%specmemcore_ln352 = specmemcore void @_ssdm_op_SpecMemCore, i128 %row_buf, i64 666, i64 19, i64 18446744073709551615" [swiglu.cpp:352]   --->   Operation 212 'specmemcore' 'specmemcore_ln352' <Predicate = true> <Delay = 0.00>
ST_1 : Operation 213 [1/1] (0.42ns)   --->   "%store_ln348 = store i14 0, i14 %row" [swiglu.cpp:348]   --->   Operation 213 'store' 'store_ln348' <Predicate = true> <Delay = 0.42>
ST_1 : Operation 214 [1/1] (0.00ns)   --->   "%br_ln348 = br void %for.inc" [swiglu.cpp:348]   --->   Operation 214 'br' 'br_ln348' <Predicate = true> <Delay = 0.00>

State 2 <SV = 1> <Delay = 2.00>
ST_2 : Operation 215 [1/1] (0.00ns)   --->   "%row_1 = load i14 %row" [swiglu.cpp:348]   --->   Operation 215 'load' 'row_1' <Predicate = true> <Delay = 0.00>
ST_2 : Operation 216 [1/1] (0.00ns)   --->   "%tmp_553 = bitselect i1 @_ssdm_op_BitSelect.i1.i14.i32, i14 %row_1, i32 13" [swiglu.cpp:348]   --->   Operation 216 'bitselect' 'tmp_553' <Predicate = true> <Delay = 0.00>
ST_2 : Operation 217 [1/1] (0.00ns)   --->   "%br_ln348 = br i1 %tmp_553, void %for.inc.split, void %for.end" [swiglu.cpp:348]   --->   Operation 217 'br' 'br_ln348' <Predicate = true> <Delay = 0.00>
ST_2 : Operation 218 [1/1] (0.00ns)   --->   "%trunc_ln348 = trunc i14 %row_1" [swiglu.cpp:348]   --->   Operation 218 'trunc' 'trunc_ln348' <Predicate = (!tmp_553)> <Delay = 0.00>
ST_2 : Operation 219 [2/2] (2.00ns)   --->   "%call_ln353 = call void @load_row_wv, i128 %gmem_V, i64 %V_read, i13 %trunc_ln348, i128 %row_buf, i128 %row_buf_8, i128 %row_buf_9, i128 %row_buf_10, i128 %row_buf_11, i128 %row_buf_12, i128 %row_buf_13, i128 %row_buf_14" [swiglu.cpp:353]   --->   Operation 219 'call' 'call_ln353' <Predicate = (!tmp_553)> <Delay = 2.00> <CoreType = "Generic">   --->   Generic Core
ST_2 : Operation 220 [1/1] (0.83ns)   --->   "%add_ln348 = add i14 %row_1, i14 4" [swiglu.cpp:348]   --->   Operation 220 'add' 'add_ln348' <Predicate = (!tmp_553)> <Delay = 0.83> <CoreInst = "Adder">   --->   Core 1 'Adder' <Latency = 0> <II = 1> <Delay = 0.83> <FuncUnit> <Opcode : 'add' 'sub'> <InPorts = 2> <OutPorts = 1>
ST_2 : Operation 221 [1/1] (0.42ns)   --->   "%store_ln348 = store i14 %add_ln348, i14 %row" [swiglu.cpp:348]   --->   Operation 221 'store' 'store_ln348' <Predicate = (!tmp_553)> <Delay = 0.42>
ST_2 : Operation 222 [1/1] (0.00ns)   --->   "%ret_ln364 = ret" [swiglu.cpp:364]   --->   Operation 222 'ret' 'ret_ln364' <Predicate = (tmp_553)> <Delay = 0.00>

State 3 <SV = 2> <Delay = 0.00>
ST_3 : Operation 223 [1/2] (0.00ns)   --->   "%call_ln353 = call void @load_row_wv, i128 %gmem_V, i64 %V_read, i13 %trunc_ln348, i128 %row_buf, i128 %row_buf_8, i128 %row_buf_9, i128 %row_buf_10, i128 %row_buf_11, i128 %row_buf_12, i128 %row_buf_13, i128 %row_buf_14" [swiglu.cpp:353]   --->   Operation 223 'call' 'call_ln353' <Predicate = true> <Delay = 0.00> <CoreType = "Generic">   --->   Generic Core

State 4 <SV = 3> <Delay = 2.00>
ST_4 : Operation 224 [1/1] (0.00ns)   --->   "%tmp = partselect i12 @_ssdm_op_PartSelect.i12.i14.i32.i32, i14 %row_1, i32 1, i32 12" [swiglu.cpp:354]   --->   Operation 224 'partselect' 'tmp' <Predicate = true> <Delay = 0.00>
ST_4 : Operation 225 [1/1] (0.00ns)   --->   "%or_ln = bitconcatenate i13 @_ssdm_op_BitConcatenate.i13.i12.i1, i12 %tmp, i1 1" [swiglu.cpp:354]   --->   Operation 225 'bitconcatenate' 'or_ln' <Predicate = true> <Delay = 0.00>
ST_4 : Operation 226 [2/2] (2.00ns)   --->   "%call_ln354 = call void @load_row_wv, i128 %gmem_V, i64 %V_read, i13 %or_ln, i128 %row_buf_15, i128 %row_buf_16, i128 %row_buf_17, i128 %row_buf_18, i128 %row_buf_19, i128 %row_buf_20, i128 %row_buf_21, i128 %row_buf_22" [swiglu.cpp:354]   --->   Operation 226 'call' 'call_ln354' <Predicate = true> <Delay = 2.00> <CoreType = "Generic">   --->   Generic Core

State 5 <SV = 4> <Delay = 0.00>
ST_5 : Operation 227 [1/2] (0.00ns)   --->   "%call_ln354 = call void @load_row_wv, i128 %gmem_V, i64 %V_read, i13 %or_ln, i128 %row_buf_15, i128 %row_buf_16, i128 %row_buf_17, i128 %row_buf_18, i128 %row_buf_19, i128 %row_buf_20, i128 %row_buf_21, i128 %row_buf_22" [swiglu.cpp:354]   --->   Operation 227 'call' 'call_ln354' <Predicate = true> <Delay = 0.00> <CoreType = "Generic">   --->   Generic Core

State 6 <SV = 5> <Delay = 2.00>
ST_6 : Operation 228 [1/1] (0.00ns)   --->   "%tmp_s = partselect i11 @_ssdm_op_PartSelect.i11.i14.i32.i32, i14 %row_1, i32 2, i32 12" [swiglu.cpp:355]   --->   Operation 228 'partselect' 'tmp_s' <Predicate = true> <Delay = 0.00>
ST_6 : Operation 229 [1/1] (0.00ns)   --->   "%or_ln1 = bitconcatenate i13 @_ssdm_op_BitConcatenate.i13.i11.i2, i11 %tmp_s, i2 2" [swiglu.cpp:355]   --->   Operation 229 'bitconcatenate' 'or_ln1' <Predicate = true> <Delay = 0.00>
ST_6 : Operation 230 [2/2] (2.00ns)   --->   "%call_ln355 = call void @load_row_wv, i128 %gmem_V, i64 %V_read, i13 %or_ln1, i128 %row_buf_23, i128 %row_buf_24, i128 %row_buf_25, i128 %row_buf_26, i128 %row_buf_27, i128 %row_buf_28, i128 %row_buf_29, i128 %row_buf_30" [swiglu.cpp:355]   --->   Operation 230 'call' 'call_ln355' <Predicate = true> <Delay = 2.00> <CoreType = "Generic">   --->   Generic Core

State 7 <SV = 6> <Delay = 0.00>
ST_7 : Operation 231 [1/2] (0.00ns)   --->   "%call_ln355 = call void @load_row_wv, i128 %gmem_V, i64 %V_read, i13 %or_ln1, i128 %row_buf_23, i128 %row_buf_24, i128 %row_buf_25, i128 %row_buf_26, i128 %row_buf_27, i128 %row_buf_28, i128 %row_buf_29, i128 %row_buf_30" [swiglu.cpp:355]   --->   Operation 231 'call' 'call_ln355' <Predicate = true> <Delay = 0.00> <CoreType = "Generic">   --->   Generic Core

State 8 <SV = 7> <Delay = 2.00>
ST_8 : Operation 232 [1/1] (0.00ns)   --->   "%or_ln2 = bitconcatenate i13 @_ssdm_op_BitConcatenate.i13.i11.i2, i11 %tmp_s, i2 3" [swiglu.cpp:356]   --->   Operation 232 'bitconcatenate' 'or_ln2' <Predicate = true> <Delay = 0.00>
ST_8 : Operation 233 [2/2] (2.00ns)   --->   "%call_ln356 = call void @load_row_wv, i128 %gmem_V, i64 %V_read, i13 %or_ln2, i128 %row_buf_31, i128 %row_buf_32, i128 %row_buf_33, i128 %row_buf_34, i128 %row_buf_35, i128 %row_buf_36, i128 %row_buf_37, i128 %row_buf_38" [swiglu.cpp:356]   --->   Operation 233 'call' 'call_ln356' <Predicate = true> <Delay = 2.00> <CoreType = "Generic">   --->   Generic Core

State 9 <SV = 8> <Delay = 0.00>
ST_9 : Operation 234 [1/2] (0.00ns)   --->   "%call_ln356 = call void @load_row_wv, i128 %gmem_V, i64 %V_read, i13 %or_ln2, i128 %row_buf_31, i128 %row_buf_32, i128 %row_buf_33, i128 %row_buf_34, i128 %row_buf_35, i128 %row_buf_36, i128 %row_buf_37, i128 %row_buf_38" [swiglu.cpp:356]   --->   Operation 234 'call' 'call_ln356' <Predicate = true> <Delay = 0.00> <CoreType = "Generic">   --->   Generic Core

State 10 <SV = 9> <Delay = 2.56>
ST_10 : Operation 235 [2/2] (2.56ns)   --->   "%call_ret1 = call i128 @mac_blocks_wv_k4, i128 %row_buf, i128 %row_buf_8, i128 %row_buf_9, i128 %row_buf_10, i128 %row_buf_11, i128 %row_buf_12, i128 %row_buf_13, i128 %row_buf_14, i128 %row_buf_15, i128 %row_buf_16, i128 %row_buf_17, i128 %row_buf_18, i128 %row_buf_19, i128 %row_buf_20, i128 %row_buf_21, i128 %row_buf_22, i128 %row_buf_23, i128 %row_buf_24, i128 %row_buf_25, i128 %row_buf_26, i128 %row_buf_27, i128 %row_buf_28, i128 %row_buf_29, i128 %row_buf_30, i128 %row_buf_31, i128 %row_buf_32, i128 %row_buf_33, i128 %row_buf_34, i128 %row_buf_35, i128 %row_buf_36, i128 %row_buf_37, i128 %row_buf_38, i8 %x_local_2_0_0, i8 %x_local_2_0_1, i8 %x_local_2_0_2, i8 %x_local_2_0_3, i8 %x_local_2_0_4, i8 %x_local_2_0_5, i8 %x_local_2_0_6, i8 %x_local_2_0_7, i8 %x_local_2_0_8, i8 %x_local_2_0_9, i8 %x_local_2_0_10, i8 %x_local_2_0_11, i8 %x_local_2_0_12, i8 %x_local_2_0_13, i8 %x_local_2_0_14, i8 %x_local_2_0_15, i8 %x_local_2_1_0, i8 %x_local_2_1_1, i8 %x_local_2_1_2, i8 %x_local_2_1_3, i8 %x_local_2_1_4, i8 %x_local_2_1_5, i8 %x_local_2_1_6, i8 %x_local_2_1_7, i8 %x_local_2_1_8, i8 %x_local_2_1_9, i8 %x_local_2_1_10, i8 %x_local_2_1_11, i8 %x_local_2_1_12, i8 %x_local_2_1_13, i8 %x_local_2_1_14, i8 %x_local_2_1_15, i8 %x_local_2_2_0, i8 %x_local_2_2_1, i8 %x_local_2_2_2, i8 %x_local_2_2_3, i8 %x_local_2_2_4, i8 %x_local_2_2_5, i8 %x_local_2_2_6, i8 %x_local_2_2_7, i8 %x_local_2_2_8, i8 %x_local_2_2_9, i8 %x_local_2_2_10, i8 %x_local_2_2_11, i8 %x_local_2_2_12, i8 %x_local_2_2_13, i8 %x_local_2_2_14, i8 %x_local_2_2_15, i8 %x_local_2_3_0, i8 %x_local_2_3_1, i8 %x_local_2_3_2, i8 %x_local_2_3_3, i8 %x_local_2_3_4, i8 %x_local_2_3_5, i8 %x_local_2_3_6, i8 %x_local_2_3_7, i8 %x_local_2_3_8, i8 %x_local_2_3_9, i8 %x_local_2_3_10, i8 %x_local_2_3_11, i8 %x_local_2_3_12, i8 %x_local_2_3_13, i8 %x_local_2_3_14, i8 %x_local_2_3_15, i8 %x_local_2_4_0, i8 %x_local_2_4_1, i8 %x_local_2_4_2, i8 %x_local_2_4_3, i8 %x_local_2_4_4, i8 %x_local_2_4_5, i8 %x_local_2_4_6, i8 %x_local_2_4_7, i8 %x_local_2_4_8, i8 %x_local_2_4_9, i8 %x_local_2_4_10, i8 %x_local_2_4_11, i8 %x_local_2_4_12, i8 %x_local_2_4_13, i8 %x_local_2_4_14, i8 %x_local_2_4_15, i8 %x_local_2_5_0, i8 %x_local_2_5_1, i8 %x_local_2_5_2, i8 %x_local_2_5_3, i8 %x_local_2_5_4, i8 %x_local_2_5_5, i8 %x_local_2_5_6, i8 %x_local_2_5_7, i8 %x_local_2_5_8, i8 %x_local_2_5_9, i8 %x_local_2_5_10, i8 %x_local_2_5_11, i8 %x_local_2_5_12, i8 %x_local_2_5_13, i8 %x_local_2_5_14, i8 %x_local_2_5_15, i8 %x_local_2_6_0, i8 %x_local_2_6_1, i8 %x_local_2_6_2, i8 %x_local_2_6_3, i8 %x_local_2_6_4, i8 %x_local_2_6_5, i8 %x_local_2_6_6, i8 %x_local_2_6_7, i8 %x_local_2_6_8, i8 %x_local_2_6_9, i8 %x_local_2_6_10, i8 %x_local_2_6_11, i8 %x_local_2_6_12, i8 %x_local_2_6_13, i8 %x_local_2_6_14, i8 %x_local_2_6_15, i8 %x_local_2_7_0, i8 %x_local_2_7_1, i8 %x_local_2_7_2, i8 %x_local_2_7_3, i8 %x_local_2_7_4, i8 %x_local_2_7_5, i8 %x_local_2_7_6, i8 %x_local_2_7_7, i8 %x_local_2_7_8, i8 %x_local_2_7_9, i8 %x_local_2_7_10, i8 %x_local_2_7_11, i8 %x_local_2_7_12, i8 %x_local_2_7_13, i8 %x_local_2_7_14, i8 %x_local_2_7_15, i32 %x_scale_read" [swiglu.cpp:358]   --->   Operation 235 'call' 'call_ret1' <Predicate = true> <Delay = 2.56> <CoreType = "Generic">   --->   Generic Core

State 11 <SV = 10> <Delay = 2.46>
ST_11 : Operation 236 [1/2] (2.46ns)   --->   "%call_ret1 = call i128 @mac_blocks_wv_k4, i128 %row_buf, i128 %row_buf_8, i128 %row_buf_9, i128 %row_buf_10, i128 %row_buf_11, i128 %row_buf_12, i128 %row_buf_13, i128 %row_buf_14, i128 %row_buf_15, i128 %row_buf_16, i128 %row_buf_17, i128 %row_buf_18, i128 %row_buf_19, i128 %row_buf_20, i128 %row_buf_21, i128 %row_buf_22, i128 %row_buf_23, i128 %row_buf_24, i128 %row_buf_25, i128 %row_buf_26, i128 %row_buf_27, i128 %row_buf_28, i128 %row_buf_29, i128 %row_buf_30, i128 %row_buf_31, i128 %row_buf_32, i128 %row_buf_33, i128 %row_buf_34, i128 %row_buf_35, i128 %row_buf_36, i128 %row_buf_37, i128 %row_buf_38, i8 %x_local_2_0_0, i8 %x_local_2_0_1, i8 %x_local_2_0_2, i8 %x_local_2_0_3, i8 %x_local_2_0_4, i8 %x_local_2_0_5, i8 %x_local_2_0_6, i8 %x_local_2_0_7, i8 %x_local_2_0_8, i8 %x_local_2_0_9, i8 %x_local_2_0_10, i8 %x_local_2_0_11, i8 %x_local_2_0_12, i8 %x_local_2_0_13, i8 %x_local_2_0_14, i8 %x_local_2_0_15, i8 %x_local_2_1_0, i8 %x_local_2_1_1, i8 %x_local_2_1_2, i8 %x_local_2_1_3, i8 %x_local_2_1_4, i8 %x_local_2_1_5, i8 %x_local_2_1_6, i8 %x_local_2_1_7, i8 %x_local_2_1_8, i8 %x_local_2_1_9, i8 %x_local_2_1_10, i8 %x_local_2_1_11, i8 %x_local_2_1_12, i8 %x_local_2_1_13, i8 %x_local_2_1_14, i8 %x_local_2_1_15, i8 %x_local_2_2_0, i8 %x_local_2_2_1, i8 %x_local_2_2_2, i8 %x_local_2_2_3, i8 %x_local_2_2_4, i8 %x_local_2_2_5, i8 %x_local_2_2_6, i8 %x_local_2_2_7, i8 %x_local_2_2_8, i8 %x_local_2_2_9, i8 %x_local_2_2_10, i8 %x_local_2_2_11, i8 %x_local_2_2_12, i8 %x_local_2_2_13, i8 %x_local_2_2_14, i8 %x_local_2_2_15, i8 %x_local_2_3_0, i8 %x_local_2_3_1, i8 %x_local_2_3_2, i8 %x_local_2_3_3, i8 %x_local_2_3_4, i8 %x_local_2_3_5, i8 %x_local_2_3_6, i8 %x_local_2_3_7, i8 %x_local_2_3_8, i8 %x_local_2_3_9, i8 %x_local_2_3_10, i8 %x_local_2_3_11, i8 %x_local_2_3_12, i8 %x_local_2_3_13, i8 %x_local_2_3_14, i8 %x_local_2_3_15, i8 %x_local_2_4_0, i8 %x_local_2_4_1, i8 %x_local_2_4_2, i8 %x_local_2_4_3, i8 %x_local_2_4_4, i8 %x_local_2_4_5, i8 %x_local_2_4_6, i8 %x_local_2_4_7, i8 %x_local_2_4_8, i8 %x_local_2_4_9, i8 %x_local_2_4_10, i8 %x_local_2_4_11, i8 %x_local_2_4_12, i8 %x_local_2_4_13, i8 %x_local_2_4_14, i8 %x_local_2_4_15, i8 %x_local_2_5_0, i8 %x_local_2_5_1, i8 %x_local_2_5_2, i8 %x_local_2_5_3, i8 %x_local_2_5_4, i8 %x_local_2_5_5, i8 %x_local_2_5_6, i8 %x_local_2_5_7, i8 %x_local_2_5_8, i8 %x_local_2_5_9, i8 %x_local_2_5_10, i8 %x_local_2_5_11, i8 %x_local_2_5_12, i8 %x_local_2_5_13, i8 %x_local_2_5_14, i8 %x_local_2_5_15, i8 %x_local_2_6_0, i8 %x_local_2_6_1, i8 %x_local_2_6_2, i8 %x_local_2_6_3, i8 %x_local_2_6_4, i8 %x_local_2_6_5, i8 %x_local_2_6_6, i8 %x_local_2_6_7, i8 %x_local_2_6_8, i8 %x_local_2_6_9, i8 %x_local_2_6_10, i8 %x_local_2_6_11, i8 %x_local_2_6_12, i8 %x_local_2_6_13, i8 %x_local_2_6_14, i8 %x_local_2_6_15, i8 %x_local_2_7_0, i8 %x_local_2_7_1, i8 %x_local_2_7_2, i8 %x_local_2_7_3, i8 %x_local_2_7_4, i8 %x_local_2_7_5, i8 %x_local_2_7_6, i8 %x_local_2_7_7, i8 %x_local_2_7_8, i8 %x_local_2_7_9, i8 %x_local_2_7_10, i8 %x_local_2_7_11, i8 %x_local_2_7_12, i8 %x_local_2_7_13, i8 %x_local_2_7_14, i8 %x_local_2_7_15, i32 %x_scale_read" [swiglu.cpp:358]   --->   Operation 236 'call' 'call_ret1' <Predicate = true> <Delay = 2.46> <CoreType = "Generic">   --->   Generic Core
ST_11 : Operation 237 [1/1] (0.00ns)   --->   "%row_results = extractvalue i128 %call_ret1" [swiglu.cpp:358]   --->   Operation 237 'extractvalue' 'row_results' <Predicate = true> <Delay = 0.00>
ST_11 : Operation 238 [1/1] (0.00ns)   --->   "%row_results_1 = extractvalue i128 %call_ret1" [swiglu.cpp:358]   --->   Operation 238 'extractvalue' 'row_results_1' <Predicate = true> <Delay = 0.00>
ST_11 : Operation 239 [1/1] (0.00ns)   --->   "%row_results_2 = extractvalue i128 %call_ret1" [swiglu.cpp:358]   --->   Operation 239 'extractvalue' 'row_results_2' <Predicate = true> <Delay = 0.00>
ST_11 : Operation 240 [1/1] (0.00ns)   --->   "%row_results_3 = extractvalue i128 %call_ret1" [swiglu.cpp:358]   --->   Operation 240 'extractvalue' 'row_results_3' <Predicate = true> <Delay = 0.00>

State 12 <SV = 11> <Delay = 1.23>
ST_12 : Operation 241 [1/1] (0.00ns)   --->   "%zext_ln348 = zext i14 %row_1" [swiglu.cpp:348]   --->   Operation 241 'zext' 'zext_ln348' <Predicate = true> <Delay = 0.00>
ST_12 : Operation 242 [1/1] (0.00ns)   --->   "%X2_cache_addr = getelementptr i32 %X2_cache, i64 0, i64 %zext_ln348" [swiglu.cpp:359]   --->   Operation 242 'getelementptr' 'X2_cache_addr' <Predicate = true> <Delay = 0.00>
ST_12 : Operation 243 [1/1] ( I:1.23ns O:1.23ns )   --->   "%store_ln359 = store i32 %row_results, i15 %X2_cache_addr" [swiglu.cpp:359]   --->   Operation 243 'store' 'store_ln359' <Predicate = true> <Delay = 1.23> <CoreInst = "RAM_2P_URAM">   --->   Core 94 'RAM_2P_URAM' <Latency = 1> <II = 1> <Delay = 1.23> <Storage> <Opcode : 'load' 'store'> <Ports = 2> <Width = 32> <Depth = 32768> <RAM>

State 13 <SV = 12> <Delay = 1.23>
ST_13 : Operation 244 [1/1] (0.00ns)   --->   "%zext_ln354 = zext i13 %or_ln" [swiglu.cpp:354]   --->   Operation 244 'zext' 'zext_ln354' <Predicate = true> <Delay = 0.00>
ST_13 : Operation 245 [1/1] (0.00ns)   --->   "%X2_cache_addr_1 = getelementptr i32 %X2_cache, i64 0, i64 %zext_ln354" [swiglu.cpp:360]   --->   Operation 245 'getelementptr' 'X2_cache_addr_1' <Predicate = true> <Delay = 0.00>
ST_13 : Operation 246 [1/1] ( I:1.23ns O:1.23ns )   --->   "%store_ln360 = store i32 %row_results_1, i15 %X2_cache_addr_1" [swiglu.cpp:360]   --->   Operation 246 'store' 'store_ln360' <Predicate = true> <Delay = 1.23> <CoreInst = "RAM_2P_URAM">   --->   Core 94 'RAM_2P_URAM' <Latency = 1> <II = 1> <Delay = 1.23> <Storage> <Opcode : 'load' 'store'> <Ports = 2> <Width = 32> <Depth = 32768> <RAM>

State 14 <SV = 13> <Delay = 1.23>
ST_14 : Operation 247 [1/1] (0.00ns)   --->   "%zext_ln355 = zext i13 %or_ln1" [swiglu.cpp:355]   --->   Operation 247 'zext' 'zext_ln355' <Predicate = true> <Delay = 0.00>
ST_14 : Operation 248 [1/1] (0.00ns)   --->   "%X2_cache_addr_2 = getelementptr i32 %X2_cache, i64 0, i64 %zext_ln355" [swiglu.cpp:361]   --->   Operation 248 'getelementptr' 'X2_cache_addr_2' <Predicate = true> <Delay = 0.00>
ST_14 : Operation 249 [1/1] ( I:1.23ns O:1.23ns )   --->   "%store_ln361 = store i32 %row_results_2, i15 %X2_cache_addr_2" [swiglu.cpp:361]   --->   Operation 249 'store' 'store_ln361' <Predicate = true> <Delay = 1.23> <CoreInst = "RAM_2P_URAM">   --->   Core 94 'RAM_2P_URAM' <Latency = 1> <II = 1> <Delay = 1.23> <Storage> <Opcode : 'load' 'store'> <Ports = 2> <Width = 32> <Depth = 32768> <RAM>

State 15 <SV = 14> <Delay = 1.23>
ST_15 : Operation 250 [1/1] (0.00ns)   --->   "%speclooptripcount_ln349 = speclooptripcount void @_ssdm_op_SpecLoopTripCount, i64 2048, i64 2048, i64 2048" [swiglu.cpp:349]   --->   Operation 250 'speclooptripcount' 'speclooptripcount_ln349' <Predicate = true> <Delay = 0.00>
ST_15 : Operation 251 [1/1] (0.00ns)   --->   "%specloopname_ln348 = specloopname void @_ssdm_op_SpecLoopName, void @empty_22" [swiglu.cpp:348]   --->   Operation 251 'specloopname' 'specloopname_ln348' <Predicate = true> <Delay = 0.00>
ST_15 : Operation 252 [1/1] (0.00ns)   --->   "%zext_ln356 = zext i13 %or_ln2" [swiglu.cpp:356]   --->   Operation 252 'zext' 'zext_ln356' <Predicate = true> <Delay = 0.00>
ST_15 : Operation 253 [1/1] (0.00ns)   --->   "%X2_cache_addr_3 = getelementptr i32 %X2_cache, i64 0, i64 %zext_ln356" [swiglu.cpp:362]   --->   Operation 253 'getelementptr' 'X2_cache_addr_3' <Predicate = true> <Delay = 0.00>
ST_15 : Operation 254 [1/1] ( I:1.23ns O:1.23ns )   --->   "%store_ln362 = store i32 %row_results_3, i15 %X2_cache_addr_3" [swiglu.cpp:362]   --->   Operation 254 'store' 'store_ln362' <Predicate = true> <Delay = 1.23> <CoreInst = "RAM_2P_URAM">   --->   Core 94 'RAM_2P_URAM' <Latency = 1> <II = 1> <Delay = 1.23> <Storage> <Opcode : 'load' 'store'> <Ports = 2> <Width = 32> <Depth = 32768> <RAM>
ST_15 : Operation 255 [1/1] (0.00ns)   --->   "%br_ln348 = br void %for.inc" [swiglu.cpp:348]   --->   Operation 255 'br' 'br_ln348' <Predicate = true> <Delay = 0.00>


============================================================
+ Verbose Summary: Timing violations
============================================================
Target clock period: 4.000ns, clock uncertainty: 1.080ns.

 <State 1>: 0.427ns
The critical path consists of the following:
	'alloca' operation 14 bit ('row', swiglu.cpp:348) [133]  (0.000 ns)
	'store' operation 0 bit ('store_ln348', swiglu.cpp:348) of constant 0 on local variable 'row', swiglu.cpp:348 [330]  (0.427 ns)

 <State 2>: 2.009ns
The critical path consists of the following:
	'load' operation 14 bit ('row', swiglu.cpp:348) on local variable 'row', swiglu.cpp:348 [333]  (0.000 ns)
	'call' operation 0 bit ('call_ln353', swiglu.cpp:353) to 'load_row_wv' [342]  (2.009 ns)

 <State 3>: 0.000ns
The critical path consists of the following:

 <State 4>: 2.009ns
The critical path consists of the following:
	'call' operation 0 bit ('call_ln354', swiglu.cpp:354) to 'load_row_wv' [347]  (2.009 ns)

 <State 5>: 0.000ns
The critical path consists of the following:

 <State 6>: 2.009ns
The critical path consists of the following:
	'call' operation 0 bit ('call_ln355', swiglu.cpp:355) to 'load_row_wv' [352]  (2.009 ns)

 <State 7>: 0.000ns
The critical path consists of the following:

 <State 8>: 2.009ns
The critical path consists of the following:
	'call' operation 0 bit ('call_ln356', swiglu.cpp:356) to 'load_row_wv' [356]  (2.009 ns)

 <State 9>: 0.000ns
The critical path consists of the following:

 <State 10>: 2.563ns
The critical path consists of the following:
	'call' operation 128 bit ('call_ret1', swiglu.cpp:358) to 'mac_blocks_wv_k4' [357]  (2.563 ns)

 <State 11>: 2.464ns
The critical path consists of the following:
	'call' operation 128 bit ('call_ret1', swiglu.cpp:358) to 'mac_blocks_wv_k4' [357]  (2.464 ns)

 <State 12>: 1.237ns
The critical path consists of the following:
	'getelementptr' operation 15 bit ('X2_cache_addr', swiglu.cpp:359) [338]  (0.000 ns)
	'store' operation 0 bit ('store_ln359', swiglu.cpp:359) of variable 'row_results', swiglu.cpp:358 on array 'X2_cache' [362]  (1.237 ns)

 <State 13>: 1.237ns
The critical path consists of the following:
	'getelementptr' operation 15 bit ('X2_cache_addr_1', swiglu.cpp:360) [346]  (0.000 ns)
	'store' operation 0 bit ('store_ln360', swiglu.cpp:360) of variable 'row_results', swiglu.cpp:358 on array 'X2_cache' [363]  (1.237 ns)

 <State 14>: 1.237ns
The critical path consists of the following:
	'getelementptr' operation 15 bit ('X2_cache_addr_2', swiglu.cpp:361) [351]  (0.000 ns)
	'store' operation 0 bit ('store_ln361', swiglu.cpp:361) of variable 'row_results', swiglu.cpp:358 on array 'X2_cache' [364]  (1.237 ns)

 <State 15>: 1.237ns
The critical path consists of the following:
	'getelementptr' operation 15 bit ('X2_cache_addr_3', swiglu.cpp:362) [355]  (0.000 ns)
	'store' operation 0 bit ('store_ln362', swiglu.cpp:362) of variable 'row_results', swiglu.cpp:358 on array 'X2_cache' [365]  (1.237 ns)


============================================================
+ Verbose Summary: Binding
============================================================
N/A
* FSMD analyzer results:
  - Output states:
 - Input state : 
  - Chain level:
	State 1
	State 2
	State 3
	State 4
	State 5
	State 6
	State 7
	State 8
	State 9
	State 10
	State 11
	State 12
	State 13
	State 14
	State 15


============================================================
+ Verbose Summary: Datapath Resource usage 
============================================================
N/A
