

================================================================
== Vitis HLS Report for 'compute_output_Pipeline_1'
================================================================
* Date:           Sun Mar 29 14:22:35 2026

* Version:        2025.1 (Build 6135595 on May 21 2025)
* Project:        swiglu
* Solution:       hls (Vivado IP Flow Target)
* Product family: zynquplus
* Target device:  xck26-sfvc784-2LV-c


================================================================
== Performance Estimates
================================================================
+ Timing: 
    * Summary: 
    +--------+---------+----------+------------+
    |  Clock |  Target | Estimated| Uncertainty|
    +--------+---------+----------+------------+
    |ap_clk  |  3.33 ns|  2.430 ns|     0.90 ns|
    +--------+---------+----------+------------+

+ Latency: 
    * Summary: 
    +---------+---------+----------+----------+------+------+------------------------------------------------+
    |  Latency (cycles) |  Latency (absolute) |   Interval  |                    Pipeline                    |
    |   min   |   max   |    min   |    max   |  min |  max |                      Type                      |
    +---------+---------+----------+----------+------+------+------------------------------------------------+
    |     2051|     2051|  6.830 us|  6.830 us|  2049|  2049|  loop auto-rewind stp (delay=0 clock cycles(s))|
    +---------+---------+----------+----------+------+------+------------------------------------------------+

    + Detail: 
        * Instance: 
        N/A

        * Loop: 
        +----------+---------+---------+----------+-----------+-----------+------+----------+
        |          |  Latency (cycles) | Iteration|  Initiation Interval  | Trip |          |
        | Loop Name|   min   |   max   |  Latency |  achieved |   target  | Count| Pipelined|
        +----------+---------+---------+----------+-----------+-----------+------+----------+
        |- Loop 1  |     2049|     2049|         3|          1|          1|  2048|       yes|
        +----------+---------+---------+----------+-----------+-----------+------+----------+

============================================================
+ Verbose Summary: Synthesis Manager
============================================================
InlineROM: 1
ExposeGlobal: 0
============================================================
+ Verbose Summary: CDFG Model
============================================================
IsTopModel: 0
ResetActiveHigh: 1
IsCombinational: 0
IsDatapathOnly: 0
HasWiredReturn: 1
HasMFsm: 2
HasVarLatency: 1
IsPipeline: 0
IsRtlPipelined: 0
IsInstanceOverlapped: 0
IsDontTouch: 0
HasImplIP: 0
IsGatedGlobalClock: 0

+ Individual pipeline summary: 
  * Pipeline-0: initiation interval (II) = 1, depth = 3


============================================================
+ Verbose Summary: Schedule
============================================================
* Number of FSM states : 3
* Pipeline : 1
  Pipeline-0 : II = 1, D = 3, States = { 1 2 3 }
* Dataflow Pipeline: 0

* FSM state transitions: 
1 --> 2 
2 --> 3 
3 --> 

* FSM state operations: 

State 1 <SV = 0> <Delay = 1.66>
ST_1 : Operation 6 [1/1] (0.00ns)   --->   "%loop_index_i = alloca i32 1"   --->   Operation 6 'alloca' 'loop_index_i' <Predicate = true> <Delay = 0.00>
ST_1 : Operation 7 [1/1] (0.00ns)   --->   "%sext_ln513_read = read i62 @_ssdm_op_Read.ap_auto.i62, i62 %sext_ln513"   --->   Operation 7 'read' 'sext_ln513_read' <Predicate = true> <Delay = 0.00>
ST_1 : Operation 8 [1/1] (0.00ns)   --->   "%sext_ln513_cast = sext i62 %sext_ln513_read"   --->   Operation 8 'sext' 'sext_ln513_cast' <Predicate = true> <Delay = 0.00>
ST_1 : Operation 9 [1/1] (0.00ns)   --->   "%specinterface_ln0 = specinterface void @_ssdm_op_SpecInterface, i32 %gmem_out, void @empty_31, i32 0, i32 0, void @empty_32, i32 64, i32 2048, void @empty_2, void @empty_35, void @empty_32, i32 16, i32 2, i32 16, i32 256, void @empty_32, void @empty_32, i32 4294967295, i32 0, i32 0"   --->   Operation 9 'specinterface' 'specinterface_ln0' <Predicate = true> <Delay = 0.00>
ST_1 : Operation 10 [1/1] (0.42ns)   --->   "%store_ln0 = store i12 0, i12 %loop_index_i"   --->   Operation 10 'store' 'store_ln0' <Predicate = true> <Delay = 0.42>
ST_1 : Operation 11 [1/1] (0.00ns)   --->   "%br_ln0 = br void %load-store-loop.i"   --->   Operation 11 'br' 'br_ln0' <Predicate = true> <Delay = 0.00>
ST_1 : Operation 12 [1/1] (0.00ns)   --->   "%loop_index_i_load = load i12 %loop_index_i"   --->   Operation 12 'load' 'loop_index_i_load' <Predicate = true> <Delay = 0.00>
ST_1 : Operation 13 [1/1] (0.80ns)   --->   "%exitcond4_i = icmp_eq  i12 %loop_index_i_load, i12 2048"   --->   Operation 13 'icmp' 'exitcond4_i' <Predicate = true> <Delay = 0.80> <CoreInst = "Cmp">   --->   Core 9 'Cmp' <Latency = 0> <II = 1> <Delay = 0.80> <FuncUnit> <Opcode : 'seteq' 'setne' 'setle' 'setge' 'setlt' 'setgt'> <InPorts = 2> <OutPorts = 1>
ST_1 : Operation 14 [1/1] (0.80ns)   --->   "%empty = add i12 %loop_index_i_load, i12 1"   --->   Operation 14 'add' 'empty' <Predicate = true> <Delay = 0.80> <CoreInst = "Adder">   --->   Core 1 'Adder' <Latency = 0> <II = 1> <Delay = 0.80> <FuncUnit> <Opcode : 'add' 'sub'> <InPorts = 2> <OutPorts = 1>
ST_1 : Operation 15 [1/1] (0.00ns)   --->   "%br_ln0 = br i1 %exitcond4_i, void %load-store-loop.split.i, void %_ZL14compute_outputPKhPA32_A256_KaPKfPfj.1.1.exit.exitStub"   --->   Operation 15 'br' 'br_ln0' <Predicate = true> <Delay = 0.00>
ST_1 : Operation 16 [1/1] (0.00ns)   --->   "%loop_index_i_cast = zext i12 %loop_index_i_load"   --->   Operation 16 'zext' 'loop_index_i_cast' <Predicate = (!exitcond4_i)> <Delay = 0.00>
ST_1 : Operation 17 [1/1] (0.00ns)   --->   "%out_local_addr = getelementptr i32 %out_local, i64 0, i64 %loop_index_i_cast"   --->   Operation 17 'getelementptr' 'out_local_addr' <Predicate = (!exitcond4_i)> <Delay = 0.00>
ST_1 : Operation 18 [2/2] (1.23ns)   --->   "%out_local_load = load i11 %out_local_addr"   --->   Operation 18 'load' 'out_local_load' <Predicate = (!exitcond4_i)> <Delay = 1.23> <CoreInst = "RAM">   --->   Core 82 'RAM' <Latency = 1> <II = 1> <Delay = 1.23> <Storage> <Opcode : 'load' 'store'> <Ports = 2> <Width = 32> <Depth = 2048> <RAM>
ST_1 : Operation 19 [1/1] (0.42ns)   --->   "%store_ln0 = store i12 %empty, i12 %loop_index_i"   --->   Operation 19 'store' 'store_ln0' <Predicate = (!exitcond4_i)> <Delay = 0.42>

State 2 <SV = 1> <Delay = 1.23>
ST_2 : Operation 20 [1/2] ( I:1.23ns O:1.23ns )   --->   "%out_local_load = load i11 %out_local_addr"   --->   Operation 20 'load' 'out_local_load' <Predicate = true> <Delay = 1.23> <CoreInst = "RAM">   --->   Core 82 'RAM' <Latency = 1> <II = 1> <Delay = 1.23> <Storage> <Opcode : 'load' 'store'> <Ports = 2> <Width = 32> <Depth = 2048> <RAM>
ST_2 : Operation 27 [1/1] (0.42ns)   --->   "%ret_ln0 = ret"   --->   Operation 27 'ret' 'ret_ln0' <Predicate = (exitcond4_i)> <Delay = 0.42>

State 3 <SV = 2> <Delay = 2.43>
ST_3 : Operation 21 [1/1] (0.00ns)   --->   "%gmem_out_addr = getelementptr i32 %gmem_out, i64 %sext_ln513_cast" [swiglu.cpp:513->swiglu.cpp:611]   --->   Operation 21 'getelementptr' 'gmem_out_addr' <Predicate = true> <Delay = 0.00>
ST_3 : Operation 22 [1/1] (0.00ns)   --->   "%specpipeline_ln0 = specpipeline void @_ssdm_op_SpecPipeline, i32 4294967295, i32 0, i32 0, i32 0, void @empty_32"   --->   Operation 22 'specpipeline' 'specpipeline_ln0' <Predicate = true> <Delay = 0.00>
ST_3 : Operation 23 [1/1] (0.00ns)   --->   "%speclooptripcount_ln0 = speclooptripcount void @_ssdm_op_SpecLoopTripCount, i64 2048, i64 2048, i64 2048"   --->   Operation 23 'speclooptripcount' 'speclooptripcount_ln0' <Predicate = true> <Delay = 0.00>
ST_3 : Operation 24 [1/1] (0.00ns)   --->   "%empty_138 = bitcast i32 %out_local_load"   --->   Operation 24 'bitcast' 'empty_138' <Predicate = true> <Delay = 0.00>
ST_3 : Operation 25 [1/1] (2.43ns)   --->   "%write_ln513 = write void @_ssdm_op_Write.m_axi.p1i32, i32 %gmem_out_addr, i32 %empty_138, i4 15" [swiglu.cpp:513->swiglu.cpp:611]   --->   Operation 25 'write' 'write_ln513' <Predicate = true> <Delay = 2.43> <CoreInst = "m_axi">   --->   Core 119 'm_axi' <Latency = 5> <II = 1> <Delay = 1.00> <Adapter> <Opcode : 'read' 'write' 'readreq' 'writereq' 'writeresp'>
ST_3 : Operation 26 [1/1] (0.00ns)   --->   "%br_ln0 = br void %load-store-loop.i"   --->   Operation 26 'br' 'br_ln0' <Predicate = true> <Delay = 0.00>


============================================================
+ Verbose Summary: Timing violations
============================================================
Target clock period: 3.330ns, clock uncertainty: 0.900ns.

 <State 1>: 1.664ns
The critical path consists of the following:
	'store' operation 0 bit ('store_ln0') of constant 0 on local variable 'loop_index_i' [8]  (0.427 ns)
	'load' operation 12 bit ('loop_index_i_load') on local variable 'loop_index_i' [11]  (0.000 ns)
	'getelementptr' operation 11 bit ('out_local_addr') [20]  (0.000 ns)
	'load' operation 32 bit ('out_local_load') on array 'out_local' [21]  (1.237 ns)

 <State 2>: 1.237ns
The critical path consists of the following:
	'load' operation 32 bit ('out_local_load') on array 'out_local' [21]  (1.237 ns)

 <State 3>: 2.430ns
The critical path consists of the following:
	'getelementptr' operation 32 bit ('gmem_out_addr', swiglu.cpp:513->swiglu.cpp:611) [16]  (0.000 ns)
	bus write operation ('write_ln513', swiglu.cpp:513->swiglu.cpp:611) on port 'gmem_out' (swiglu.cpp:513->swiglu.cpp:611) [23]  (2.430 ns)


============================================================
+ Verbose Summary: Binding
============================================================
N/A
* FSMD analyzer results:
  - Output states:
 - Input state : 
  - Chain level:
	State 1
	State 2
	State 3


============================================================
+ Verbose Summary: Datapath Resource usage 
============================================================
N/A
