

================================================================
== Vitis HLS Report for 'compute_gate_Pipeline_GATE_PASS2'
================================================================
* Date:           Sun Mar 29 14:52:57 2026

* Version:        2025.1 (Build 6135595 on May 21 2025)
* Project:        swiglu
* Solution:       hls (Vivado IP Flow Target)
* Product family: zynquplus
* Target device:  xck26-sfvc784-2LV-c


================================================================
== Performance Estimates
================================================================
+ Timing: 
    * Summary: 
    +--------+---------+----------+------------+
    |  Clock |  Target | Estimated| Uncertainty|
    +--------+---------+----------+------------+
    |ap_clk  |  3.33 ns|  2.416 ns|     0.90 ns|
    +--------+---------+----------+------------+

+ Latency: 
    * Summary: 
    +---------+---------+-----------+-----------+------+------+------------------------------------------------+
    |  Latency (cycles) |   Latency (absolute)  |   Interval  |                    Pipeline                    |
    |   min   |   max   |    min    |    max    |  min |  max |                      Type                      |
    +---------+---------+-----------+-----------+------+------+------------------------------------------------+
    |     8206|     8206|  27.326 us|  27.326 us|  8193|  8193|  loop auto-rewind stp (delay=0 clock cycles(s))|
    +---------+---------+-----------+-----------+------+------+------------------------------------------------+

    + Detail: 
        * Instance: 
        N/A

        * Loop: 
        +--------------+---------+---------+----------+-----------+-----------+------+----------+
        |              |  Latency (cycles) | Iteration|  Initiation Interval  | Trip |          |
        |   Loop Name  |   min   |   max   |  Latency |  achieved |   target  | Count| Pipelined|
        +--------------+---------+---------+----------+-----------+-----------+------+----------+
        |- GATE_PASS2  |     8204|     8204|        14|          1|          1|  8192|       yes|
        +--------------+---------+---------+----------+-----------+-----------+------+----------+

============================================================
+ Verbose Summary: Synthesis Manager
============================================================
InlineROM: 1
ExposeGlobal: 0
============================================================
+ Verbose Summary: CDFG Model
============================================================
IsTopModel: 0
ResetActiveHigh: 1
IsCombinational: 0
IsDatapathOnly: 0
HasWiredReturn: 1
HasMFsm: 2
HasVarLatency: 1
IsPipeline: 0
IsRtlPipelined: 0
IsInstanceOverlapped: 0
IsDontTouch: 0
HasImplIP: 0
IsGatedGlobalClock: 0

+ Individual pipeline summary: 
  * Pipeline-0: initiation interval (II) = 1, depth = 14


============================================================
+ Verbose Summary: Schedule
============================================================
* Number of FSM states : 14
* Pipeline : 1
  Pipeline-0 : II = 1, D = 14, States = { 1 2 3 4 5 6 7 8 9 10 11 12 13 14 }
* Dataflow Pipeline: 0

* FSM state transitions: 
1 --> 2 
2 --> 3 
3 --> 4 
4 --> 5 
5 --> 6 
6 --> 7 
7 --> 8 
8 --> 9 
9 --> 10 
10 --> 11 
11 --> 12 
12 --> 13 
13 --> 14 
14 --> 

* FSM state operations: 

State 1 <SV = 0> <Delay = 1.68>
ST_1 : Operation 17 [1/1] (0.00ns)   --->   "%j = alloca i32 1" [swiglu.cpp:296]   --->   Operation 17 'alloca' 'j' <Predicate = true> <Delay = 0.00>
ST_1 : Operation 18 [1/1] (0.00ns)   --->   "%specmemcore_ln0 = specmemcore void @_ssdm_op_SpecMemCore, i32 %gate_fp, i64 666, i64 24, i64 18446744073709551615"   --->   Operation 18 'specmemcore' 'specmemcore_ln0' <Predicate = true> <Delay = 0.00>
ST_1 : Operation 19 [1/1] (0.00ns)   --->   "%specmemcore_ln0 = specmemcore void @_ssdm_op_SpecMemCore, i8 %gate_cache_7, i64 666, i64 22, i64 18446744073709551615"   --->   Operation 19 'specmemcore' 'specmemcore_ln0' <Predicate = true> <Delay = 0.00>
ST_1 : Operation 20 [1/1] (0.00ns)   --->   "%specmemcore_ln0 = specmemcore void @_ssdm_op_SpecMemCore, i8 %gate_cache_6, i64 666, i64 22, i64 18446744073709551615"   --->   Operation 20 'specmemcore' 'specmemcore_ln0' <Predicate = true> <Delay = 0.00>
ST_1 : Operation 21 [1/1] (0.00ns)   --->   "%specmemcore_ln0 = specmemcore void @_ssdm_op_SpecMemCore, i8 %gate_cache_5, i64 666, i64 22, i64 18446744073709551615"   --->   Operation 21 'specmemcore' 'specmemcore_ln0' <Predicate = true> <Delay = 0.00>
ST_1 : Operation 22 [1/1] (0.00ns)   --->   "%specmemcore_ln0 = specmemcore void @_ssdm_op_SpecMemCore, i8 %gate_cache_4, i64 666, i64 22, i64 18446744073709551615"   --->   Operation 22 'specmemcore' 'specmemcore_ln0' <Predicate = true> <Delay = 0.00>
ST_1 : Operation 23 [1/1] (0.00ns)   --->   "%specmemcore_ln0 = specmemcore void @_ssdm_op_SpecMemCore, i8 %gate_cache_3, i64 666, i64 22, i64 18446744073709551615"   --->   Operation 23 'specmemcore' 'specmemcore_ln0' <Predicate = true> <Delay = 0.00>
ST_1 : Operation 24 [1/1] (0.00ns)   --->   "%specmemcore_ln0 = specmemcore void @_ssdm_op_SpecMemCore, i8 %gate_cache_2, i64 666, i64 22, i64 18446744073709551615"   --->   Operation 24 'specmemcore' 'specmemcore_ln0' <Predicate = true> <Delay = 0.00>
ST_1 : Operation 25 [1/1] (0.00ns)   --->   "%specmemcore_ln0 = specmemcore void @_ssdm_op_SpecMemCore, i8 %gate_cache_1, i64 666, i64 22, i64 18446744073709551615"   --->   Operation 25 'specmemcore' 'specmemcore_ln0' <Predicate = true> <Delay = 0.00>
ST_1 : Operation 26 [1/1] (0.00ns)   --->   "%specmemcore_ln0 = specmemcore void @_ssdm_op_SpecMemCore, i8 %gate_cache_0, i64 666, i64 22, i64 18446744073709551615"   --->   Operation 26 'specmemcore' 'specmemcore_ln0' <Predicate = true> <Delay = 0.00>
ST_1 : Operation 27 [1/1] (0.00ns)   --->   "%inv_gs_read = read i32 @_ssdm_op_Read.ap_auto.float, i32 %inv_gs"   --->   Operation 27 'read' 'inv_gs_read' <Predicate = true> <Delay = 0.00>
ST_1 : Operation 28 [1/1] (0.42ns)   --->   "%store_ln296 = store i14 0, i14 %j" [swiglu.cpp:296]   --->   Operation 28 'store' 'store_ln296' <Predicate = true> <Delay = 0.42>
ST_1 : Operation 29 [1/1] (0.00ns)   --->   "%br_ln0 = br void %for.body56"   --->   Operation 29 'br' 'br_ln0' <Predicate = true> <Delay = 0.00>
ST_1 : Operation 30 [1/1] (0.00ns)   --->   "%j_1 = load i14 %j" [swiglu.cpp:296]   --->   Operation 30 'load' 'j_1' <Predicate = true> <Delay = 0.00>
ST_1 : Operation 31 [1/1] (0.83ns)   --->   "%icmp_ln296 = icmp_eq  i14 %j_1, i14 8192" [swiglu.cpp:296]   --->   Operation 31 'icmp' 'icmp_ln296' <Predicate = true> <Delay = 0.83> <CoreInst = "Cmp">   --->   Core 9 'Cmp' <Latency = 0> <II = 1> <Delay = 0.83> <FuncUnit> <Opcode : 'seteq' 'setne' 'setle' 'setge' 'setlt' 'setgt'> <InPorts = 2> <OutPorts = 1>
ST_1 : Operation 32 [1/1] (0.83ns)   --->   "%add_ln296 = add i14 %j_1, i14 1" [swiglu.cpp:296]   --->   Operation 32 'add' 'add_ln296' <Predicate = true> <Delay = 0.83> <CoreInst = "Adder">   --->   Core 1 'Adder' <Latency = 0> <II = 1> <Delay = 0.83> <FuncUnit> <Opcode : 'add' 'sub'> <InPorts = 2> <OutPorts = 1>
ST_1 : Operation 33 [1/1] (0.00ns)   --->   "%br_ln296 = br i1 %icmp_ln296, void %for.body56.split, void %for.inc78.exitStub" [swiglu.cpp:296]   --->   Operation 33 'br' 'br_ln296' <Predicate = true> <Delay = 0.00>
ST_1 : Operation 34 [1/1] (0.00ns)   --->   "%zext_ln296 = zext i14 %j_1" [swiglu.cpp:296]   --->   Operation 34 'zext' 'zext_ln296' <Predicate = (!icmp_ln296)> <Delay = 0.00>
ST_1 : Operation 35 [1/1] (0.00ns)   --->   "%gate_fp_addr = getelementptr i32 %gate_fp, i64 0, i64 %zext_ln296" [swiglu.cpp:298]   --->   Operation 35 'getelementptr' 'gate_fp_addr' <Predicate = (!icmp_ln296)> <Delay = 0.00>
ST_1 : Operation 36 [2/2] (1.23ns)   --->   "%gate_fp_load = load i13 %gate_fp_addr" [swiglu.cpp:298]   --->   Operation 36 'load' 'gate_fp_load' <Predicate = (!icmp_ln296)> <Delay = 1.23> <CoreInst = "RAM_2P_URAM">   --->   Core 94 'RAM_2P_URAM' <Latency = 1> <II = 1> <Delay = 1.23> <Storage> <Opcode : 'load' 'store'> <Ports = 2> <Width = 32> <Depth = 8192> <RAM>
ST_1 : Operation 37 [1/1] (0.00ns)   --->   "%trunc_ln302_1 = trunc i14 %j_1" [swiglu.cpp:302]   --->   Operation 37 'trunc' 'trunc_ln302_1' <Predicate = (!icmp_ln296)> <Delay = 0.00>
ST_1 : Operation 38 [1/1] (0.00ns)   --->   "%trunc_ln302_4 = partselect i3 @_ssdm_op_PartSelect.i3.i14.i32.i32, i14 %j_1, i32 8, i32 10" [swiglu.cpp:302]   --->   Operation 38 'partselect' 'trunc_ln302_4' <Predicate = (!icmp_ln296)> <Delay = 0.00>
ST_1 : Operation 39 [1/1] (0.00ns)   --->   "%lshr_ln302_1 = partselect i2 @_ssdm_op_PartSelect.i2.i14.i32.i32, i14 %j_1, i32 11, i32 12" [swiglu.cpp:302]   --->   Operation 39 'partselect' 'lshr_ln302_1' <Predicate = (!icmp_ln296)> <Delay = 0.00>
ST_1 : Operation 40 [1/1] (0.67ns)   --->   "%switch_ln302 = switch i3 %trunc_ln302_4, void %arrayidx7423.case.7, i3 0, void %arrayidx7423.case.0, i3 1, void %arrayidx7423.case.1, i3 2, void %arrayidx7423.case.2, i3 3, void %arrayidx7423.case.3, i3 4, void %arrayidx7423.case.4, i3 5, void %arrayidx7423.case.5, i3 6, void %arrayidx7423.case.6" [swiglu.cpp:302]   --->   Operation 40 'switch' 'switch_ln302' <Predicate = (!icmp_ln296)> <Delay = 0.67>
ST_1 : Operation 41 [1/1] (0.42ns)   --->   "%store_ln296 = store i14 %add_ln296, i14 %j" [swiglu.cpp:296]   --->   Operation 41 'store' 'store_ln296' <Predicate = (!icmp_ln296)> <Delay = 0.42>
ST_1 : Operation 42 [1/1] (0.00ns)   --->   "%br_ln296 = br void %for.body56" [swiglu.cpp:296]   --->   Operation 42 'br' 'br_ln296' <Predicate = (!icmp_ln296)> <Delay = 0.00>

State 2 <SV = 1> <Delay = 1.23>
ST_2 : Operation 43 [1/2] ( I:1.23ns O:1.23ns )   --->   "%gate_fp_load = load i13 %gate_fp_addr" [swiglu.cpp:298]   --->   Operation 43 'load' 'gate_fp_load' <Predicate = true> <Delay = 1.23> <CoreInst = "RAM_2P_URAM">   --->   Core 94 'RAM_2P_URAM' <Latency = 1> <II = 1> <Delay = 1.23> <Storage> <Opcode : 'load' 'store'> <Ports = 2> <Width = 32> <Depth = 8192> <RAM>

State 3 <SV = 2> <Delay = 2.41>
ST_3 : Operation 44 [7/7] (2.41ns)   --->   "%fq = fmul i32 %gate_fp_load, i32 %inv_gs_read" [swiglu.cpp:298]   --->   Operation 44 'fmul' 'fq' <Predicate = true> <Delay = 2.41> <CoreInst = "FMul_maxdsp">   --->   Core 30 'FMul_maxdsp' <Latency = 6> <II = 1> <Delay = 2.41> <FuncUnit> <Opcode : 'fmul'> <InPorts = 2> <OutPorts = 1>

State 4 <SV = 3> <Delay = 2.41>
ST_4 : Operation 45 [6/7] (2.41ns)   --->   "%fq = fmul i32 %gate_fp_load, i32 %inv_gs_read" [swiglu.cpp:298]   --->   Operation 45 'fmul' 'fq' <Predicate = true> <Delay = 2.41> <CoreInst = "FMul_maxdsp">   --->   Core 30 'FMul_maxdsp' <Latency = 6> <II = 1> <Delay = 2.41> <FuncUnit> <Opcode : 'fmul'> <InPorts = 2> <OutPorts = 1>

State 5 <SV = 4> <Delay = 2.41>
ST_5 : Operation 46 [5/7] (2.41ns)   --->   "%fq = fmul i32 %gate_fp_load, i32 %inv_gs_read" [swiglu.cpp:298]   --->   Operation 46 'fmul' 'fq' <Predicate = true> <Delay = 2.41> <CoreInst = "FMul_maxdsp">   --->   Core 30 'FMul_maxdsp' <Latency = 6> <II = 1> <Delay = 2.41> <FuncUnit> <Opcode : 'fmul'> <InPorts = 2> <OutPorts = 1>

State 6 <SV = 5> <Delay = 2.41>
ST_6 : Operation 47 [4/7] (2.41ns)   --->   "%fq = fmul i32 %gate_fp_load, i32 %inv_gs_read" [swiglu.cpp:298]   --->   Operation 47 'fmul' 'fq' <Predicate = true> <Delay = 2.41> <CoreInst = "FMul_maxdsp">   --->   Core 30 'FMul_maxdsp' <Latency = 6> <II = 1> <Delay = 2.41> <FuncUnit> <Opcode : 'fmul'> <InPorts = 2> <OutPorts = 1>

State 7 <SV = 6> <Delay = 2.41>
ST_7 : Operation 48 [3/7] (2.41ns)   --->   "%fq = fmul i32 %gate_fp_load, i32 %inv_gs_read" [swiglu.cpp:298]   --->   Operation 48 'fmul' 'fq' <Predicate = true> <Delay = 2.41> <CoreInst = "FMul_maxdsp">   --->   Core 30 'FMul_maxdsp' <Latency = 6> <II = 1> <Delay = 2.41> <FuncUnit> <Opcode : 'fmul'> <InPorts = 2> <OutPorts = 1>

State 8 <SV = 7> <Delay = 2.41>
ST_8 : Operation 49 [2/7] (2.41ns)   --->   "%fq = fmul i32 %gate_fp_load, i32 %inv_gs_read" [swiglu.cpp:298]   --->   Operation 49 'fmul' 'fq' <Predicate = true> <Delay = 2.41> <CoreInst = "FMul_maxdsp">   --->   Core 30 'FMul_maxdsp' <Latency = 6> <II = 1> <Delay = 2.41> <FuncUnit> <Opcode : 'fmul'> <InPorts = 2> <OutPorts = 1>

State 9 <SV = 8> <Delay = 2.41>
ST_9 : Operation 50 [1/7] (2.41ns)   --->   "%fq = fmul i32 %gate_fp_load, i32 %inv_gs_read" [swiglu.cpp:298]   --->   Operation 50 'fmul' 'fq' <Predicate = true> <Delay = 2.41> <CoreInst = "FMul_maxdsp">   --->   Core 30 'FMul_maxdsp' <Latency = 6> <II = 1> <Delay = 2.41> <FuncUnit> <Opcode : 'fmul'> <InPorts = 2> <OutPorts = 1>

State 10 <SV = 9> <Delay = 1.16>
ST_10 : Operation 51 [1/1] (0.00ns)   --->   "%data = bitcast i32 %fq" [C:\scratch\2025.1\hls_product\640\2025.1\src\shared\hls\clib/src/hls\utils/x_hls_utils.h:288->C:\scratch\2025.1\hls_product\640\2025.1\src\shared\hls\clib/hlsmath/include/FloatingPoint\hls_case_IEEE754.h:13->C:\scratch\2025.1\hls_product\640\2025.1\src\shared\hls\clib/hlsmath/include/FloatingPoint\hls_case_IEEE754.h:117->C:\scratch\2025.1\hls_product\640\2025.1\src\shared\hls\clib\hlsmath\src\lib_floatconversion.cpp:51->swiglu.cpp:299]   --->   Operation 51 'bitcast' 'data' <Predicate = true> <Delay = 0.00>
ST_10 : Operation 52 [1/1] (0.00ns)   --->   "%xs_sign = bitselect i1 @_ssdm_op_BitSelect.i1.i32.i32, i32 %data, i32 31" [C:\scratch\2025.1\hls_product\640\2025.1\src\shared\hls\clib/src/hls\utils/x_hls_utils.h:294->C:\scratch\2025.1\hls_product\640\2025.1\src\shared\hls\clib/hlsmath/include/FloatingPoint\hls_case_IEEE754.h:13->C:\scratch\2025.1\hls_product\640\2025.1\src\shared\hls\clib/hlsmath/include/FloatingPoint\hls_case_IEEE754.h:117->C:\scratch\2025.1\hls_product\640\2025.1\src\shared\hls\clib\hlsmath\src\lib_floatconversion.cpp:51->swiglu.cpp:299]   --->   Operation 52 'bitselect' 'xs_sign' <Predicate = true> <Delay = 0.00>
ST_10 : Operation 53 [1/1] (0.00ns)   --->   "%xs_exp = partselect i8 @_ssdm_op_PartSelect.i8.i32.i32, i32 %data, i32 23" [C:\scratch\2025.1\hls_product\640\2025.1\src\shared\hls\clib/src/hls\utils/x_hls_utils.h:295->C:\scratch\2025.1\hls_product\640\2025.1\src\shared\hls\clib/hlsmath/include/FloatingPoint\hls_case_IEEE754.h:13->C:\scratch\2025.1\hls_product\640\2025.1\src\shared\hls\clib/hlsmath/include/FloatingPoint\hls_case_IEEE754.h:117->C:\scratch\2025.1\hls_product\640\2025.1\src\shared\hls\clib\hlsmath\src\lib_floatconversion.cpp:51->swiglu.cpp:299]   --->   Operation 53 'partselect' 'xs_exp' <Predicate = true> <Delay = 0.00>
ST_10 : Operation 54 [1/1] (0.00ns)   --->   "%trunc_ln342 = trunc i32 %data" [C:\scratch\2025.1\hls_product\640\2025.1\src\shared\hls\clib/src/hls\utils/x_hls_utils.h:342->C:\scratch\2025.1\hls_product\640\2025.1\src\shared\hls\clib/hlsmath/include/FloatingPoint\hls_case_IEEE754.h:15->C:\scratch\2025.1\hls_product\640\2025.1\src\shared\hls\clib/hlsmath/include/FloatingPoint\hls_case_IEEE754.h:117->C:\scratch\2025.1\hls_product\640\2025.1\src\shared\hls\clib\hlsmath\src\lib_floatconversion.cpp:51->swiglu.cpp:299]   --->   Operation 54 'trunc' 'trunc_ln342' <Predicate = true> <Delay = 0.00>
ST_10 : Operation 55 [1/1] (0.00ns)   --->   "%zext_ln317 = zext i8 %xs_exp" [C:\scratch\2025.1\hls_product\640\2025.1\src\shared\hls\clib/src/hls\utils/x_hls_utils.h:317->C:\scratch\2025.1\hls_product\640\2025.1\src\shared\hls\clib/hlsmath/include/FloatingPoint\hls_case_IEEE754.h:18->C:\scratch\2025.1\hls_product\640\2025.1\src\shared\hls\clib/hlsmath/include/FloatingPoint\hls_case_IEEE754.h:117->C:\scratch\2025.1\hls_product\640\2025.1\src\shared\hls\clib\hlsmath\src\lib_floatconversion.cpp:51->swiglu.cpp:299]   --->   Operation 55 'zext' 'zext_ln317' <Predicate = true> <Delay = 0.00>
ST_10 : Operation 56 [1/1] (0.76ns)   --->   "%add_ln317 = add i9 %zext_ln317, i9 385" [C:\scratch\2025.1\hls_product\640\2025.1\src\shared\hls\clib/src/hls\utils/x_hls_utils.h:317->C:\scratch\2025.1\hls_product\640\2025.1\src\shared\hls\clib/hlsmath/include/FloatingPoint\hls_case_IEEE754.h:18->C:\scratch\2025.1\hls_product\640\2025.1\src\shared\hls\clib/hlsmath/include/FloatingPoint\hls_case_IEEE754.h:117->C:\scratch\2025.1\hls_product\640\2025.1\src\shared\hls\clib\hlsmath\src\lib_floatconversion.cpp:51->swiglu.cpp:299]   --->   Operation 56 'add' 'add_ln317' <Predicate = true> <Delay = 0.76> <CoreInst = "Adder">   --->   Core 1 'Adder' <Latency = 0> <II = 1> <Delay = 0.76> <FuncUnit> <Opcode : 'add' 'sub'> <InPorts = 2> <OutPorts = 1>
ST_10 : Operation 57 [1/1] (0.00ns)   --->   "%tmp = bitselect i1 @_ssdm_op_BitSelect.i1.i9.i32, i9 %add_ln317, i32 8" [C:\scratch\2025.1\hls_product\640\2025.1\src\shared\hls\clib/hlsmath/include/FloatingPoint\hls_case_IEEE754.h:18->C:\scratch\2025.1\hls_product\640\2025.1\src\shared\hls\clib/hlsmath/include/FloatingPoint\hls_case_IEEE754.h:117->C:\scratch\2025.1\hls_product\640\2025.1\src\shared\hls\clib\hlsmath\src\lib_floatconversion.cpp:51->swiglu.cpp:299]   --->   Operation 57 'bitselect' 'tmp' <Predicate = true> <Delay = 0.00>
ST_10 : Operation 58 [1/1] (0.76ns)   --->   "%sub_ln18 = sub i8 127, i8 %xs_exp" [C:\scratch\2025.1\hls_product\640\2025.1\src\shared\hls\clib/hlsmath/include/FloatingPoint\hls_case_IEEE754.h:18->C:\scratch\2025.1\hls_product\640\2025.1\src\shared\hls\clib/hlsmath/include/FloatingPoint\hls_case_IEEE754.h:117->C:\scratch\2025.1\hls_product\640\2025.1\src\shared\hls\clib\hlsmath\src\lib_floatconversion.cpp:51->swiglu.cpp:299]   --->   Operation 58 'sub' 'sub_ln18' <Predicate = true> <Delay = 0.76> <CoreInst = "Adder">   --->   Core 1 'Adder' <Latency = 0> <II = 1> <Delay = 0.76> <FuncUnit> <Opcode : 'add' 'sub'> <InPorts = 2> <OutPorts = 1>
ST_10 : Operation 59 [1/1] (0.00ns)   --->   "%sext_ln18 = sext i8 %sub_ln18" [C:\scratch\2025.1\hls_product\640\2025.1\src\shared\hls\clib/hlsmath/include/FloatingPoint\hls_case_IEEE754.h:18->C:\scratch\2025.1\hls_product\640\2025.1\src\shared\hls\clib/hlsmath/include/FloatingPoint\hls_case_IEEE754.h:117->C:\scratch\2025.1\hls_product\640\2025.1\src\shared\hls\clib\hlsmath\src\lib_floatconversion.cpp:51->swiglu.cpp:299]   --->   Operation 59 'sext' 'sext_ln18' <Predicate = true> <Delay = 0.00>
ST_10 : Operation 60 [1/1] (0.39ns)   --->   "%select_ln18 = select i1 %tmp, i9 %sext_ln18, i9 %add_ln317" [C:\scratch\2025.1\hls_product\640\2025.1\src\shared\hls\clib/hlsmath/include/FloatingPoint\hls_case_IEEE754.h:18->C:\scratch\2025.1\hls_product\640\2025.1\src\shared\hls\clib/hlsmath/include/FloatingPoint\hls_case_IEEE754.h:117->C:\scratch\2025.1\hls_product\640\2025.1\src\shared\hls\clib\hlsmath\src\lib_floatconversion.cpp:51->swiglu.cpp:299]   --->   Operation 60 'select' 'select_ln18' <Predicate = true> <Delay = 0.39> <CoreInst = "Sel">   --->   Core 73 'Sel' <Latency = 0> <II = 1> <Delay = 0.39> <FuncUnit> <Opcode : 'select'> <InPorts = 3> <OutPorts = 1>

State 11 <SV = 10> <Delay = 1.83>
ST_11 : Operation 61 [1/1] (0.00ns)   --->   "%mantissa = bitconcatenate i25 @_ssdm_op_BitConcatenate.i25.i1.i23.i1, i1 1, i23 %trunc_ln342, i1 0" [C:\scratch\2025.1\hls_product\640\2025.1\src\shared\hls\clib/hlsmath/include/FloatingPoint\hls_case_IEEE754.h:15->C:\scratch\2025.1\hls_product\640\2025.1\src\shared\hls\clib/hlsmath/include/FloatingPoint\hls_case_IEEE754.h:117->C:\scratch\2025.1\hls_product\640\2025.1\src\shared\hls\clib\hlsmath\src\lib_floatconversion.cpp:51->swiglu.cpp:299]   --->   Operation 61 'bitconcatenate' 'mantissa' <Predicate = true> <Delay = 0.00>
ST_11 : Operation 62 [1/1] (0.00ns)   --->   "%zext_ln15 = zext i25 %mantissa" [C:\scratch\2025.1\hls_product\640\2025.1\src\shared\hls\clib/hlsmath/include/FloatingPoint\hls_case_IEEE754.h:15->C:\scratch\2025.1\hls_product\640\2025.1\src\shared\hls\clib/hlsmath/include/FloatingPoint\hls_case_IEEE754.h:117->C:\scratch\2025.1\hls_product\640\2025.1\src\shared\hls\clib\hlsmath\src\lib_floatconversion.cpp:51->swiglu.cpp:299]   --->   Operation 62 'zext' 'zext_ln15' <Predicate = true> <Delay = 0.00>
ST_11 : Operation 63 [1/1] (0.00ns)   --->   "%sext_ln18_1 = sext i9 %select_ln18" [C:\scratch\2025.1\hls_product\640\2025.1\src\shared\hls\clib/hlsmath/include/FloatingPoint\hls_case_IEEE754.h:18->C:\scratch\2025.1\hls_product\640\2025.1\src\shared\hls\clib/hlsmath/include/FloatingPoint\hls_case_IEEE754.h:117->C:\scratch\2025.1\hls_product\640\2025.1\src\shared\hls\clib\hlsmath\src\lib_floatconversion.cpp:51->swiglu.cpp:299]   --->   Operation 63 'sext' 'sext_ln18_1' <Predicate = true> <Delay = 0.00>
ST_11 : Operation 64 [1/1] (0.00ns)   --->   "%zext_ln18 = zext i32 %sext_ln18_1" [C:\scratch\2025.1\hls_product\640\2025.1\src\shared\hls\clib/hlsmath/include/FloatingPoint\hls_case_IEEE754.h:18->C:\scratch\2025.1\hls_product\640\2025.1\src\shared\hls\clib/hlsmath/include/FloatingPoint\hls_case_IEEE754.h:117->C:\scratch\2025.1\hls_product\640\2025.1\src\shared\hls\clib\hlsmath\src\lib_floatconversion.cpp:51->swiglu.cpp:299]   --->   Operation 64 'zext' 'zext_ln18' <Predicate = true> <Delay = 0.00>
ST_11 : Operation 65 [1/1] (1.38ns)   --->   "%lshr_ln18 = lshr i79 %zext_ln15, i79 %zext_ln18" [C:\scratch\2025.1\hls_product\640\2025.1\src\shared\hls\clib/hlsmath/include/FloatingPoint\hls_case_IEEE754.h:18->C:\scratch\2025.1\hls_product\640\2025.1\src\shared\hls\clib/hlsmath/include/FloatingPoint\hls_case_IEEE754.h:117->C:\scratch\2025.1\hls_product\640\2025.1\src\shared\hls\clib\hlsmath\src\lib_floatconversion.cpp:51->swiglu.cpp:299]   --->   Operation 65 'lshr' 'lshr_ln18' <Predicate = (tmp)> <Delay = 1.38> <CoreInst = "Shifter">   --->   Core 75 'Shifter' <Latency = 0> <II = 1> <Delay = 1.38> <FuncUnit> <Opcode : 'shl' 'lshr' 'ashr'> <InPorts = 2> <OutPorts = 1>
ST_11 : Operation 66 [1/1] (1.38ns)   --->   "%shl_ln18 = shl i79 %zext_ln15, i79 %zext_ln18" [C:\scratch\2025.1\hls_product\640\2025.1\src\shared\hls\clib/hlsmath/include/FloatingPoint\hls_case_IEEE754.h:18->C:\scratch\2025.1\hls_product\640\2025.1\src\shared\hls\clib/hlsmath/include/FloatingPoint\hls_case_IEEE754.h:117->C:\scratch\2025.1\hls_product\640\2025.1\src\shared\hls\clib\hlsmath\src\lib_floatconversion.cpp:51->swiglu.cpp:299]   --->   Operation 66 'shl' 'shl_ln18' <Predicate = (!tmp)> <Delay = 1.38> <CoreInst = "Shifter">   --->   Core 75 'Shifter' <Latency = 0> <II = 1> <Delay = 1.38> <FuncUnit> <Opcode : 'shl' 'lshr' 'ashr'> <InPorts = 2> <OutPorts = 1>
ST_11 : Operation 67 [1/1] (0.00ns)   --->   "%tmp_s = partselect i32 @_ssdm_op_PartSelect.i32.i79.i32.i32, i79 %lshr_ln18, i32 24, i32 55" [C:\scratch\2025.1\hls_product\640\2025.1\src\shared\hls\clib/hlsmath/include/FloatingPoint\hls_case_IEEE754.h:21->C:\scratch\2025.1\hls_product\640\2025.1\src\shared\hls\clib/hlsmath/include/FloatingPoint\hls_case_IEEE754.h:117->C:\scratch\2025.1\hls_product\640\2025.1\src\shared\hls\clib\hlsmath\src\lib_floatconversion.cpp:51->swiglu.cpp:299]   --->   Operation 67 'partselect' 'tmp_s' <Predicate = (tmp)> <Delay = 0.00>
ST_11 : Operation 68 [1/1] (0.00ns)   --->   "%tmp_209 = partselect i32 @_ssdm_op_PartSelect.i32.i79.i32.i32, i79 %shl_ln18, i32 24, i32 55" [C:\scratch\2025.1\hls_product\640\2025.1\src\shared\hls\clib/hlsmath/include/FloatingPoint\hls_case_IEEE754.h:21->C:\scratch\2025.1\hls_product\640\2025.1\src\shared\hls\clib/hlsmath/include/FloatingPoint\hls_case_IEEE754.h:117->C:\scratch\2025.1\hls_product\640\2025.1\src\shared\hls\clib\hlsmath\src\lib_floatconversion.cpp:51->swiglu.cpp:299]   --->   Operation 68 'partselect' 'tmp_209' <Predicate = (!tmp)> <Delay = 0.00>
ST_11 : Operation 69 [1/1] (0.44ns)   --->   "%val = select i1 %tmp, i32 %tmp_s, i32 %tmp_209" [C:\scratch\2025.1\hls_product\640\2025.1\src\shared\hls\clib/hlsmath/include/FloatingPoint\hls_case_IEEE754.h:18->C:\scratch\2025.1\hls_product\640\2025.1\src\shared\hls\clib/hlsmath/include/FloatingPoint\hls_case_IEEE754.h:117->C:\scratch\2025.1\hls_product\640\2025.1\src\shared\hls\clib\hlsmath\src\lib_floatconversion.cpp:51->swiglu.cpp:299]   --->   Operation 69 'select' 'val' <Predicate = true> <Delay = 0.44> <CoreInst = "Sel">   --->   Core 73 'Sel' <Latency = 0> <II = 1> <Delay = 0.44> <FuncUnit> <Opcode : 'select'> <InPorts = 3> <OutPorts = 1>

State 12 <SV = 11> <Delay = 2.40>
ST_12 : Operation 70 [1/1] (1.01ns)   --->   "%result_2 = sub i32 0, i32 %val" [C:\scratch\2025.1\hls_product\640\2025.1\src\shared\hls\clib/hlsmath/include/FloatingPoint\hls_case_IEEE754.h:59->C:\scratch\2025.1\hls_product\640\2025.1\src\shared\hls\clib/hlsmath/include/FloatingPoint\hls_case_IEEE754.h:117->C:\scratch\2025.1\hls_product\640\2025.1\src\shared\hls\clib\hlsmath\src\lib_floatconversion.cpp:51->swiglu.cpp:299]   --->   Operation 70 'sub' 'result_2' <Predicate = (xs_sign)> <Delay = 1.01> <CoreInst = "Adder">   --->   Core 1 'Adder' <Latency = 0> <II = 1> <Delay = 1.01> <FuncUnit> <Opcode : 'add' 'sub'> <InPorts = 2> <OutPorts = 1>
ST_12 : Operation 71 [1/1] (0.44ns)   --->   "%result = select i1 %xs_sign, i32 %result_2, i32 %val" [C:\scratch\2025.1\hls_product\640\2025.1\src\shared\hls\clib/hlsmath/include/FloatingPoint\hls_case_IEEE754.h:59->C:\scratch\2025.1\hls_product\640\2025.1\src\shared\hls\clib/hlsmath/include/FloatingPoint\hls_case_IEEE754.h:117->C:\scratch\2025.1\hls_product\640\2025.1\src\shared\hls\clib\hlsmath\src\lib_floatconversion.cpp:51->swiglu.cpp:299]   --->   Operation 71 'select' 'result' <Predicate = true> <Delay = 0.44> <CoreInst = "Sel">   --->   Core 73 'Sel' <Latency = 0> <II = 1> <Delay = 0.44> <FuncUnit> <Opcode : 'select'> <InPorts = 3> <OutPorts = 1>
ST_12 : Operation 72 [1/1] (0.00ns)   --->   "%tmp_20 = partselect i25 @_ssdm_op_PartSelect.i25.i32.i32.i32, i32 %result, i32 7, i32 31" [swiglu.cpp:300]   --->   Operation 72 'partselect' 'tmp_20' <Predicate = true> <Delay = 0.00>
ST_12 : Operation 73 [1/1] (0.94ns)   --->   "%icmp_ln300 = icmp_sgt  i25 %tmp_20, i25 0" [swiglu.cpp:300]   --->   Operation 73 'icmp' 'icmp_ln300' <Predicate = true> <Delay = 0.94> <CoreInst = "Cmp">   --->   Core 9 'Cmp' <Latency = 0> <II = 1> <Delay = 0.94> <FuncUnit> <Opcode : 'seteq' 'setne' 'setle' 'setge' 'setlt' 'setgt'> <InPorts = 2> <OutPorts = 1>

State 13 <SV = 12> <Delay = 1.85>
ST_13 : Operation 74 [1/1] (0.44ns)   --->   "%iq_1 = select i1 %icmp_ln300, i32 127, i32 %result" [swiglu.cpp:300]   --->   Operation 74 'select' 'iq_1' <Predicate = true> <Delay = 0.44> <CoreInst = "Sel">   --->   Core 73 'Sel' <Latency = 0> <II = 1> <Delay = 0.44> <FuncUnit> <Opcode : 'select'> <InPorts = 3> <OutPorts = 1>
ST_13 : Operation 75 [1/1] (1.01ns)   --->   "%icmp_ln301 = icmp_slt  i32 %iq_1, i32 4294967168" [swiglu.cpp:301]   --->   Operation 75 'icmp' 'icmp_ln301' <Predicate = true> <Delay = 1.01> <CoreInst = "Cmp">   --->   Core 9 'Cmp' <Latency = 0> <II = 1> <Delay = 1.01> <FuncUnit> <Opcode : 'seteq' 'setne' 'setle' 'setge' 'setlt' 'setgt'> <InPorts = 2> <OutPorts = 1>
ST_13 : Operation 76 [1/1] (0.00ns)   --->   "%trunc_ln302 = trunc i32 %iq_1" [swiglu.cpp:302]   --->   Operation 76 'trunc' 'trunc_ln302' <Predicate = true> <Delay = 0.00>
ST_13 : Operation 77 [1/1] (0.39ns)   --->   "%select_ln302 = select i1 %icmp_ln301, i8 128, i8 %trunc_ln302" [swiglu.cpp:302]   --->   Operation 77 'select' 'select_ln302' <Predicate = true> <Delay = 0.39> <CoreInst = "Sel">   --->   Core 73 'Sel' <Latency = 0> <II = 1> <Delay = 0.39> <FuncUnit> <Opcode : 'select'> <InPorts = 3> <OutPorts = 1>
ST_13 : Operation 107 [1/1] (0.42ns)   --->   "%ret_ln0 = ret"   --->   Operation 107 'ret' 'ret_ln0' <Predicate = (icmp_ln296)> <Delay = 0.42>

State 14 <SV = 13> <Delay = 1.23>
ST_14 : Operation 78 [1/1] (0.00ns)   --->   "%specpipeline_ln297 = specpipeline void @_ssdm_op_SpecPipeline, i32 1, i32 0, i32 0, i32 0, void @empty_32" [swiglu.cpp:297]   --->   Operation 78 'specpipeline' 'specpipeline_ln297' <Predicate = true> <Delay = 0.00>
ST_14 : Operation 79 [1/1] (0.00ns)   --->   "%speclooptripcount_ln296 = speclooptripcount void @_ssdm_op_SpecLoopTripCount, i64 8192, i64 8192, i64 8192" [swiglu.cpp:296]   --->   Operation 79 'speclooptripcount' 'speclooptripcount_ln296' <Predicate = true> <Delay = 0.00>
ST_14 : Operation 80 [1/1] (0.00ns)   --->   "%specloopname_ln296 = specloopname void @_ssdm_op_SpecLoopName, void @empty_23" [swiglu.cpp:296]   --->   Operation 80 'specloopname' 'specloopname_ln296' <Predicate = true> <Delay = 0.00>
ST_14 : Operation 81 [1/1] (0.00ns)   --->   "%tmp_210 = bitconcatenate i10 @_ssdm_op_BitConcatenate.i10.i2.i8, i2 %lshr_ln302_1, i8 %trunc_ln302_1" [swiglu.cpp:302]   --->   Operation 81 'bitconcatenate' 'tmp_210' <Predicate = true> <Delay = 0.00>
ST_14 : Operation 82 [1/1] (0.00ns)   --->   "%zext_ln302 = zext i10 %tmp_210" [swiglu.cpp:302]   --->   Operation 82 'zext' 'zext_ln302' <Predicate = true> <Delay = 0.00>
ST_14 : Operation 83 [1/1] (0.00ns)   --->   "%gate_cache_0_addr = getelementptr i8 %gate_cache_0, i64 0, i64 %zext_ln302" [swiglu.cpp:302]   --->   Operation 83 'getelementptr' 'gate_cache_0_addr' <Predicate = true> <Delay = 0.00>
ST_14 : Operation 84 [1/1] (0.00ns)   --->   "%gate_cache_1_addr = getelementptr i8 %gate_cache_1, i64 0, i64 %zext_ln302" [swiglu.cpp:302]   --->   Operation 84 'getelementptr' 'gate_cache_1_addr' <Predicate = true> <Delay = 0.00>
ST_14 : Operation 85 [1/1] (0.00ns)   --->   "%gate_cache_2_addr = getelementptr i8 %gate_cache_2, i64 0, i64 %zext_ln302" [swiglu.cpp:302]   --->   Operation 85 'getelementptr' 'gate_cache_2_addr' <Predicate = true> <Delay = 0.00>
ST_14 : Operation 86 [1/1] (0.00ns)   --->   "%gate_cache_3_addr = getelementptr i8 %gate_cache_3, i64 0, i64 %zext_ln302" [swiglu.cpp:302]   --->   Operation 86 'getelementptr' 'gate_cache_3_addr' <Predicate = true> <Delay = 0.00>
ST_14 : Operation 87 [1/1] (0.00ns)   --->   "%gate_cache_4_addr = getelementptr i8 %gate_cache_4, i64 0, i64 %zext_ln302" [swiglu.cpp:302]   --->   Operation 87 'getelementptr' 'gate_cache_4_addr' <Predicate = true> <Delay = 0.00>
ST_14 : Operation 88 [1/1] (0.00ns)   --->   "%gate_cache_5_addr = getelementptr i8 %gate_cache_5, i64 0, i64 %zext_ln302" [swiglu.cpp:302]   --->   Operation 88 'getelementptr' 'gate_cache_5_addr' <Predicate = true> <Delay = 0.00>
ST_14 : Operation 89 [1/1] (0.00ns)   --->   "%gate_cache_6_addr = getelementptr i8 %gate_cache_6, i64 0, i64 %zext_ln302" [swiglu.cpp:302]   --->   Operation 89 'getelementptr' 'gate_cache_6_addr' <Predicate = true> <Delay = 0.00>
ST_14 : Operation 90 [1/1] (0.00ns)   --->   "%gate_cache_7_addr = getelementptr i8 %gate_cache_7, i64 0, i64 %zext_ln302" [swiglu.cpp:302]   --->   Operation 90 'getelementptr' 'gate_cache_7_addr' <Predicate = true> <Delay = 0.00>
ST_14 : Operation 91 [1/1] ( I:1.23ns O:1.23ns )   --->   "%store_ln302 = store i8 %select_ln302, i10 %gate_cache_6_addr" [swiglu.cpp:302]   --->   Operation 91 'store' 'store_ln302' <Predicate = (trunc_ln302_4 == 6)> <Delay = 1.23> <CoreInst = "RAM_2P_BRAM">   --->   Core 93 'RAM_2P_BRAM' <Latency = 1> <II = 1> <Delay = 1.23> <Storage> <Opcode : 'load' 'store'> <Ports = 2> <Width = 8> <Depth = 1024> <RAM>
ST_14 : Operation 92 [1/1] (0.00ns)   --->   "%br_ln302 = br void %arrayidx7423.exit" [swiglu.cpp:302]   --->   Operation 92 'br' 'br_ln302' <Predicate = (trunc_ln302_4 == 6)> <Delay = 0.00>
ST_14 : Operation 93 [1/1] ( I:1.23ns O:1.23ns )   --->   "%store_ln302 = store i8 %select_ln302, i10 %gate_cache_5_addr" [swiglu.cpp:302]   --->   Operation 93 'store' 'store_ln302' <Predicate = (trunc_ln302_4 == 5)> <Delay = 1.23> <CoreInst = "RAM_2P_BRAM">   --->   Core 93 'RAM_2P_BRAM' <Latency = 1> <II = 1> <Delay = 1.23> <Storage> <Opcode : 'load' 'store'> <Ports = 2> <Width = 8> <Depth = 1024> <RAM>
ST_14 : Operation 94 [1/1] (0.00ns)   --->   "%br_ln302 = br void %arrayidx7423.exit" [swiglu.cpp:302]   --->   Operation 94 'br' 'br_ln302' <Predicate = (trunc_ln302_4 == 5)> <Delay = 0.00>
ST_14 : Operation 95 [1/1] ( I:1.23ns O:1.23ns )   --->   "%store_ln302 = store i8 %select_ln302, i10 %gate_cache_4_addr" [swiglu.cpp:302]   --->   Operation 95 'store' 'store_ln302' <Predicate = (trunc_ln302_4 == 4)> <Delay = 1.23> <CoreInst = "RAM_2P_BRAM">   --->   Core 93 'RAM_2P_BRAM' <Latency = 1> <II = 1> <Delay = 1.23> <Storage> <Opcode : 'load' 'store'> <Ports = 2> <Width = 8> <Depth = 1024> <RAM>
ST_14 : Operation 96 [1/1] (0.00ns)   --->   "%br_ln302 = br void %arrayidx7423.exit" [swiglu.cpp:302]   --->   Operation 96 'br' 'br_ln302' <Predicate = (trunc_ln302_4 == 4)> <Delay = 0.00>
ST_14 : Operation 97 [1/1] ( I:1.23ns O:1.23ns )   --->   "%store_ln302 = store i8 %select_ln302, i10 %gate_cache_3_addr" [swiglu.cpp:302]   --->   Operation 97 'store' 'store_ln302' <Predicate = (trunc_ln302_4 == 3)> <Delay = 1.23> <CoreInst = "RAM_2P_BRAM">   --->   Core 93 'RAM_2P_BRAM' <Latency = 1> <II = 1> <Delay = 1.23> <Storage> <Opcode : 'load' 'store'> <Ports = 2> <Width = 8> <Depth = 1024> <RAM>
ST_14 : Operation 98 [1/1] (0.00ns)   --->   "%br_ln302 = br void %arrayidx7423.exit" [swiglu.cpp:302]   --->   Operation 98 'br' 'br_ln302' <Predicate = (trunc_ln302_4 == 3)> <Delay = 0.00>
ST_14 : Operation 99 [1/1] ( I:1.23ns O:1.23ns )   --->   "%store_ln302 = store i8 %select_ln302, i10 %gate_cache_2_addr" [swiglu.cpp:302]   --->   Operation 99 'store' 'store_ln302' <Predicate = (trunc_ln302_4 == 2)> <Delay = 1.23> <CoreInst = "RAM_2P_BRAM">   --->   Core 93 'RAM_2P_BRAM' <Latency = 1> <II = 1> <Delay = 1.23> <Storage> <Opcode : 'load' 'store'> <Ports = 2> <Width = 8> <Depth = 1024> <RAM>
ST_14 : Operation 100 [1/1] (0.00ns)   --->   "%br_ln302 = br void %arrayidx7423.exit" [swiglu.cpp:302]   --->   Operation 100 'br' 'br_ln302' <Predicate = (trunc_ln302_4 == 2)> <Delay = 0.00>
ST_14 : Operation 101 [1/1] ( I:1.23ns O:1.23ns )   --->   "%store_ln302 = store i8 %select_ln302, i10 %gate_cache_1_addr" [swiglu.cpp:302]   --->   Operation 101 'store' 'store_ln302' <Predicate = (trunc_ln302_4 == 1)> <Delay = 1.23> <CoreInst = "RAM_2P_BRAM">   --->   Core 93 'RAM_2P_BRAM' <Latency = 1> <II = 1> <Delay = 1.23> <Storage> <Opcode : 'load' 'store'> <Ports = 2> <Width = 8> <Depth = 1024> <RAM>
ST_14 : Operation 102 [1/1] (0.00ns)   --->   "%br_ln302 = br void %arrayidx7423.exit" [swiglu.cpp:302]   --->   Operation 102 'br' 'br_ln302' <Predicate = (trunc_ln302_4 == 1)> <Delay = 0.00>
ST_14 : Operation 103 [1/1] ( I:1.23ns O:1.23ns )   --->   "%store_ln302 = store i8 %select_ln302, i10 %gate_cache_0_addr" [swiglu.cpp:302]   --->   Operation 103 'store' 'store_ln302' <Predicate = (trunc_ln302_4 == 0)> <Delay = 1.23> <CoreInst = "RAM_2P_BRAM">   --->   Core 93 'RAM_2P_BRAM' <Latency = 1> <II = 1> <Delay = 1.23> <Storage> <Opcode : 'load' 'store'> <Ports = 2> <Width = 8> <Depth = 1024> <RAM>
ST_14 : Operation 104 [1/1] (0.00ns)   --->   "%br_ln302 = br void %arrayidx7423.exit" [swiglu.cpp:302]   --->   Operation 104 'br' 'br_ln302' <Predicate = (trunc_ln302_4 == 0)> <Delay = 0.00>
ST_14 : Operation 105 [1/1] ( I:1.23ns O:1.23ns )   --->   "%store_ln302 = store i8 %select_ln302, i10 %gate_cache_7_addr" [swiglu.cpp:302]   --->   Operation 105 'store' 'store_ln302' <Predicate = (trunc_ln302_4 == 7)> <Delay = 1.23> <CoreInst = "RAM_2P_BRAM">   --->   Core 93 'RAM_2P_BRAM' <Latency = 1> <II = 1> <Delay = 1.23> <Storage> <Opcode : 'load' 'store'> <Ports = 2> <Width = 8> <Depth = 1024> <RAM>
ST_14 : Operation 106 [1/1] (0.00ns)   --->   "%br_ln302 = br void %arrayidx7423.exit" [swiglu.cpp:302]   --->   Operation 106 'br' 'br_ln302' <Predicate = (trunc_ln302_4 == 7)> <Delay = 0.00>


============================================================
+ Verbose Summary: Timing violations
============================================================
Target clock period: 3.330ns, clock uncertainty: 0.900ns.

 <State 1>: 1.685ns
The critical path consists of the following:
	'store' operation 0 bit ('store_ln296', swiglu.cpp:296) of constant 0 on local variable 'j', swiglu.cpp:296 [22]  (0.427 ns)
	'load' operation 14 bit ('j', swiglu.cpp:296) on local variable 'j', swiglu.cpp:296 [25]  (0.000 ns)
	'icmp' operation 1 bit ('icmp_ln296', swiglu.cpp:296) [26]  (0.831 ns)
	'store' operation 0 bit ('store_ln296', swiglu.cpp:296) of variable 'add_ln296', swiglu.cpp:296 on local variable 'j', swiglu.cpp:296 [103]  (0.427 ns)

 <State 2>: 1.237ns
The critical path consists of the following:
	'load' operation 32 bit ('gate_fp_load', swiglu.cpp:298) on array 'gate_fp' [35]  (1.237 ns)

 <State 3>: 2.416ns
The critical path consists of the following:
	'fmul' operation 32 bit ('fq', swiglu.cpp:298) [36]  (2.416 ns)

 <State 4>: 2.416ns
The critical path consists of the following:
	'fmul' operation 32 bit ('fq', swiglu.cpp:298) [36]  (2.416 ns)

 <State 5>: 2.416ns
The critical path consists of the following:
	'fmul' operation 32 bit ('fq', swiglu.cpp:298) [36]  (2.416 ns)

 <State 6>: 2.416ns
The critical path consists of the following:
	'fmul' operation 32 bit ('fq', swiglu.cpp:298) [36]  (2.416 ns)

 <State 7>: 2.416ns
The critical path consists of the following:
	'fmul' operation 32 bit ('fq', swiglu.cpp:298) [36]  (2.416 ns)

 <State 8>: 2.416ns
The critical path consists of the following:
	'fmul' operation 32 bit ('fq', swiglu.cpp:298) [36]  (2.416 ns)

 <State 9>: 2.416ns
The critical path consists of the following:
	'fmul' operation 32 bit ('fq', swiglu.cpp:298) [36]  (2.416 ns)

 <State 10>: 1.163ns
The critical path consists of the following:
	'sub' operation 8 bit ('sub_ln18', C:\scratch\2025.1\hls_product\640\2025.1\src\shared\hls\clib/hlsmath/include/FloatingPoint\hls_case_IEEE754.h:18->C:\scratch\2025.1\hls_product\640\2025.1\src\shared\hls\clib/hlsmath/include/FloatingPoint\hls_case_IEEE754.h:117->C:\scratch\2025.1\hls_product\640\2025.1\src\shared\hls\clib\hlsmath\src\lib_floatconversion.cpp:51->swiglu.cpp:299) [46]  (0.765 ns)
	'select' operation 9 bit ('select_ln18', C:\scratch\2025.1\hls_product\640\2025.1\src\shared\hls\clib/hlsmath/include/FloatingPoint\hls_case_IEEE754.h:18->C:\scratch\2025.1\hls_product\640\2025.1\src\shared\hls\clib/hlsmath/include/FloatingPoint\hls_case_IEEE754.h:117->C:\scratch\2025.1\hls_product\640\2025.1\src\shared\hls\clib\hlsmath\src\lib_floatconversion.cpp:51->swiglu.cpp:299) [48]  (0.398 ns)

 <State 11>: 1.837ns
The critical path consists of the following:
	'lshr' operation 79 bit ('lshr_ln18', C:\scratch\2025.1\hls_product\640\2025.1\src\shared\hls\clib/hlsmath/include/FloatingPoint\hls_case_IEEE754.h:18->C:\scratch\2025.1\hls_product\640\2025.1\src\shared\hls\clib/hlsmath/include/FloatingPoint\hls_case_IEEE754.h:117->C:\scratch\2025.1\hls_product\640\2025.1\src\shared\hls\clib\hlsmath\src\lib_floatconversion.cpp:51->swiglu.cpp:299) [51]  (1.388 ns)
	'select' operation 32 bit ('val', C:\scratch\2025.1\hls_product\640\2025.1\src\shared\hls\clib/hlsmath/include/FloatingPoint\hls_case_IEEE754.h:18->C:\scratch\2025.1\hls_product\640\2025.1\src\shared\hls\clib/hlsmath/include/FloatingPoint\hls_case_IEEE754.h:117->C:\scratch\2025.1\hls_product\640\2025.1\src\shared\hls\clib\hlsmath\src\lib_floatconversion.cpp:51->swiglu.cpp:299) [55]  (0.449 ns)

 <State 12>: 2.410ns
The critical path consists of the following:
	'sub' operation 32 bit ('result', C:\scratch\2025.1\hls_product\640\2025.1\src\shared\hls\clib/hlsmath/include/FloatingPoint\hls_case_IEEE754.h:59->C:\scratch\2025.1\hls_product\640\2025.1\src\shared\hls\clib/hlsmath/include/FloatingPoint\hls_case_IEEE754.h:117->C:\scratch\2025.1\hls_product\640\2025.1\src\shared\hls\clib\hlsmath\src\lib_floatconversion.cpp:51->swiglu.cpp:299) [56]  (1.016 ns)
	'select' operation 32 bit ('result', C:\scratch\2025.1\hls_product\640\2025.1\src\shared\hls\clib/hlsmath/include/FloatingPoint\hls_case_IEEE754.h:59->C:\scratch\2025.1\hls_product\640\2025.1\src\shared\hls\clib/hlsmath/include/FloatingPoint\hls_case_IEEE754.h:117->C:\scratch\2025.1\hls_product\640\2025.1\src\shared\hls\clib\hlsmath\src\lib_floatconversion.cpp:51->swiglu.cpp:299) [57]  (0.449 ns)
	'icmp' operation 1 bit ('icmp_ln300', swiglu.cpp:300) [59]  (0.945 ns)

 <State 13>: 1.858ns
The critical path consists of the following:
	'select' operation 32 bit ('iq', swiglu.cpp:300) [60]  (0.449 ns)
	'icmp' operation 1 bit ('icmp_ln301', swiglu.cpp:301) [61]  (1.016 ns)
	'select' operation 8 bit ('select_ln302', swiglu.cpp:302) [63]  (0.393 ns)

 <State 14>: 1.237ns
The critical path consists of the following:
	'getelementptr' operation 10 bit ('gate_cache_1_addr', swiglu.cpp:302) [70]  (0.000 ns)
	'store' operation 0 bit ('store_ln302', swiglu.cpp:302) of variable 'select_ln302', swiglu.cpp:302 on array 'gate_cache_1' [94]  (1.237 ns)


============================================================
+ Verbose Summary: Binding
============================================================
N/A
* FSMD analyzer results:
  - Output states:
 - Input state : 
  - Chain level:
	State 1
	State 2
	State 3
	State 4
	State 5
	State 6
	State 7
	State 8
	State 9
	State 10
	State 11
	State 12
	State 13
	State 14


============================================================
+ Verbose Summary: Datapath Resource usage 
============================================================
N/A
