

================================================================
== Vitis HLS Report for 'compute_gate'
================================================================
* Date:           Mon Mar 30 09:36:45 2026

* Version:        2025.1 (Build 6135595 on May 21 2025)
* Project:        swiglu
* Solution:       hls (Vivado IP Flow Target)
* Product family: zynquplus
* Target device:  xck26-sfvc784-2LV-c


================================================================
== Performance Estimates
================================================================
+ Timing: 
    * Summary: 
    +--------+---------+----------+------------+
    |  Clock |  Target | Estimated| Uncertainty|
    +--------+---------+----------+------------+
    |ap_clk  |  3.33 ns|  2.416 ns|     0.90 ns|
    +--------+---------+----------+------------+

+ Latency: 
    * Summary: 
    +---------+---------+-----------+-----------+-------+-------+---------+
    |  Latency (cycles) |   Latency (absolute)  |    Interval   | Pipeline|
    |   min   |   max   |    min    |    max    |  min  |  max  |   Type  |
    +---------+---------+-----------+-----------+-------+-------+---------+
    |    16579|    16579|  55.208 us|  55.208 us|  16579|  16579|       no|
    +---------+---------+-----------+-----------+-------+-------+---------+

    + Detail: 
        * Instance: 
        N/A

        * Loop: 
        N/A

============================================================
+ Verbose Summary: Synthesis Manager
============================================================
InlineROM: 1
ExposeGlobal: 0
============================================================
+ Verbose Summary: CDFG Model
============================================================
IsTopModel: 0
ResetActiveHigh: 1
IsCombinational: 2
IsDatapathOnly: 0
HasWiredReturn: 1
HasMFsm: 0
HasVarLatency: 1
IsPipeline: 0
IsRtlPipelined: 0
IsInstanceOverlapped: 0
IsDontTouch: 0
HasImplIP: 0
IsGatedGlobalClock: 0


============================================================
+ Verbose Summary: Schedule
============================================================
* Number of FSM states : 96
* Pipeline : 0
* Dataflow Pipeline: 0

* FSM state transitions: 
1 --> 2 
2 --> 3 
3 --> 4 
4 --> 5 
5 --> 6 
6 --> 7 
7 --> 8 
8 --> 9 
9 --> 10 
10 --> 11 
11 --> 12 
12 --> 13 
13 --> 14 
14 --> 15 
15 --> 16 
16 --> 17 
17 --> 18 
18 --> 19 
19 --> 20 
20 --> 21 
21 --> 22 
22 --> 23 
23 --> 24 
24 --> 25 
25 --> 26 
26 --> 27 
27 --> 28 
28 --> 29 
29 --> 30 
30 --> 31 
31 --> 32 
32 --> 33 
33 --> 34 
34 --> 35 
35 --> 36 
36 --> 37 
37 --> 38 
38 --> 39 
39 --> 40 
40 --> 41 
41 --> 42 
42 --> 43 
43 --> 44 
44 --> 45 
45 --> 46 
46 --> 47 
47 --> 48 
48 --> 49 
49 --> 50 
50 --> 51 
51 --> 52 
52 --> 53 
53 --> 54 
54 --> 55 
55 --> 56 
56 --> 57 
57 --> 58 
58 --> 59 
59 --> 60 
60 --> 61 
61 --> 62 
62 --> 63 
63 --> 64 
64 --> 65 
65 --> 66 
66 --> 67 
67 --> 68 
68 --> 69 
69 --> 70 
70 --> 71 
71 --> 72 
72 --> 73 
73 --> 74 
74 --> 75 
75 --> 76 
76 --> 77 
77 --> 78 
78 --> 79 
79 --> 80 
80 --> 81 
81 --> 82 
82 --> 83 
83 --> 84 
84 --> 85 
85 --> 86 
86 --> 87 
87 --> 88 
88 --> 89 
89 --> 90 
90 --> 91 
91 --> 92 
92 --> 93 
93 --> 94 
94 --> 95 
95 --> 96 
96 --> 

* FSM state operations: 

State 1 <SV = 0> <Delay = 0.00>
ST_1 : Operation 97 [1/1] (0.00ns)   --->   "%max_abs_14_loc = alloca i64 1"   --->   Operation 97 'alloca' 'max_abs_14_loc' <Predicate = true> <Delay = 0.00>
ST_1 : Operation 98 [1/1] (0.00ns)   --->   "%max_abs_12_loc = alloca i64 1"   --->   Operation 98 'alloca' 'max_abs_12_loc' <Predicate = true> <Delay = 0.00>
ST_1 : Operation 99 [1/1] (0.00ns)   --->   "%max_abs_10_loc = alloca i64 1"   --->   Operation 99 'alloca' 'max_abs_10_loc' <Predicate = true> <Delay = 0.00>
ST_1 : Operation 100 [1/1] (0.00ns)   --->   "%max_abs_8_loc = alloca i64 1"   --->   Operation 100 'alloca' 'max_abs_8_loc' <Predicate = true> <Delay = 0.00>
ST_1 : Operation 101 [1/1] (0.00ns)   --->   "%max_abs_6_loc = alloca i64 1"   --->   Operation 101 'alloca' 'max_abs_6_loc' <Predicate = true> <Delay = 0.00>
ST_1 : Operation 102 [1/1] (0.00ns)   --->   "%max_abs_4_loc = alloca i64 1"   --->   Operation 102 'alloca' 'max_abs_4_loc' <Predicate = true> <Delay = 0.00>
ST_1 : Operation 103 [1/1] (0.00ns)   --->   "%max_abs_2_loc = alloca i64 1"   --->   Operation 103 'alloca' 'max_abs_2_loc' <Predicate = true> <Delay = 0.00>
ST_1 : Operation 104 [1/1] (0.00ns)   --->   "%max_abs_loc = alloca i64 1"   --->   Operation 104 'alloca' 'max_abs_loc' <Predicate = true> <Delay = 0.00>
ST_1 : Operation 105 [2/2] (0.00ns)   --->   "%call_ln0 = call void @compute_gate_Pipeline_GATE_PASS1, i32 %X1_cache, i32 %X2_cache, i32 %max_abs_loc, i32 %max_abs_2_loc, i32 %max_abs_4_loc, i32 %max_abs_6_loc, i32 %max_abs_8_loc, i32 %max_abs_10_loc, i32 %max_abs_12_loc, i32 %max_abs_14_loc, i32 %sigmoid_lut"   --->   Operation 105 'call' 'call_ln0' <Predicate = true> <Delay = 0.00> <CoreType = "Generic">   --->   Generic Core

State 2 <SV = 1> <Delay = 0.00>
ST_2 : Operation 106 [1/2] (0.00ns)   --->   "%call_ln0 = call void @compute_gate_Pipeline_GATE_PASS1, i32 %X1_cache, i32 %X2_cache, i32 %max_abs_loc, i32 %max_abs_2_loc, i32 %max_abs_4_loc, i32 %max_abs_6_loc, i32 %max_abs_8_loc, i32 %max_abs_10_loc, i32 %max_abs_12_loc, i32 %max_abs_14_loc, i32 %sigmoid_lut"   --->   Operation 106 'call' 'call_ln0' <Predicate = true> <Delay = 0.00> <CoreType = "Generic">   --->   Generic Core

State 3 <SV = 2> <Delay = 2.31>
ST_3 : Operation 107 [1/1] (0.00ns)   --->   "%max_abs_loc_load = load i32 %max_abs_loc"   --->   Operation 107 'load' 'max_abs_loc_load' <Predicate = true> <Delay = 0.00>
ST_3 : Operation 108 [3/3] (2.31ns)   --->   "%tmp_46 = fcmp_ogt  i32 %max_abs_loc_load, i32 0" [swiglu.cpp:292]   --->   Operation 108 'fcmp' 'tmp_46' <Predicate = true> <Delay = 2.31> <CoreInst = "FCompare">   --->   Core 19 'FCompare' <Latency = 2> <II = 1> <Delay = 2.31> <FuncUnit> <Opcode : 'fcmp'> <InPorts = 2> <OutPorts = 1>

State 4 <SV = 3> <Delay = 2.31>
ST_4 : Operation 109 [2/3] (2.31ns)   --->   "%tmp_46 = fcmp_ogt  i32 %max_abs_loc_load, i32 0" [swiglu.cpp:292]   --->   Operation 109 'fcmp' 'tmp_46' <Predicate = true> <Delay = 2.31> <CoreInst = "FCompare">   --->   Core 19 'FCompare' <Latency = 2> <II = 1> <Delay = 2.31> <FuncUnit> <Opcode : 'fcmp'> <InPorts = 2> <OutPorts = 1>

State 5 <SV = 4> <Delay = 2.31>
ST_5 : Operation 110 [1/3] (2.31ns)   --->   "%tmp_46 = fcmp_ogt  i32 %max_abs_loc_load, i32 0" [swiglu.cpp:292]   --->   Operation 110 'fcmp' 'tmp_46' <Predicate = true> <Delay = 2.31> <CoreInst = "FCompare">   --->   Core 19 'FCompare' <Latency = 2> <II = 1> <Delay = 2.31> <FuncUnit> <Opcode : 'fcmp'> <InPorts = 2> <OutPorts = 1>

State 6 <SV = 5> <Delay = 1.37>
ST_6 : Operation 111 [1/1] (0.00ns)   --->   "%bitcast_ln292 = bitcast i32 %max_abs_loc_load" [swiglu.cpp:292]   --->   Operation 111 'bitcast' 'bitcast_ln292' <Predicate = true> <Delay = 0.00>
ST_6 : Operation 112 [1/1] (0.00ns)   --->   "%tmp_45 = partselect i8 @_ssdm_op_PartSelect.i8.i32.i32.i32, i32 %bitcast_ln292, i32 23, i32 30" [swiglu.cpp:292]   --->   Operation 112 'partselect' 'tmp_45' <Predicate = true> <Delay = 0.00>
ST_6 : Operation 113 [1/1] (0.00ns)   --->   "%trunc_ln292 = trunc i32 %bitcast_ln292" [swiglu.cpp:292]   --->   Operation 113 'trunc' 'trunc_ln292' <Predicate = true> <Delay = 0.00>
ST_6 : Operation 114 [1/1] (0.76ns)   --->   "%icmp_ln292 = icmp_ne  i8 %tmp_45, i8 255" [swiglu.cpp:292]   --->   Operation 114 'icmp' 'icmp_ln292' <Predicate = true> <Delay = 0.76> <CoreInst = "Cmp">   --->   Core 9 'Cmp' <Latency = 0> <II = 1> <Delay = 0.76> <FuncUnit> <Opcode : 'seteq' 'setne' 'setle' 'setge' 'setlt' 'setgt'> <InPorts = 2> <OutPorts = 1>
ST_6 : Operation 115 [1/1] (0.92ns)   --->   "%icmp_ln292_1 = icmp_eq  i23 %trunc_ln292, i23 0" [swiglu.cpp:292]   --->   Operation 115 'icmp' 'icmp_ln292_1' <Predicate = true> <Delay = 0.92> <CoreInst = "Cmp">   --->   Core 9 'Cmp' <Latency = 0> <II = 1> <Delay = 0.92> <FuncUnit> <Opcode : 'seteq' 'setne' 'setle' 'setge' 'setlt' 'setgt'> <InPorts = 2> <OutPorts = 1>
ST_6 : Operation 116 [1/1] (0.00ns) (grouped into LUT with out node max_abs)   --->   "%or_ln292 = or i1 %icmp_ln292_1, i1 %icmp_ln292" [swiglu.cpp:292]   --->   Operation 116 'or' 'or_ln292' <Predicate = true> <Delay = 0.00> <CoreInst = "LogicGate">   --->   Core 74 'LogicGate' <Latency = 0> <II = 1> <Delay = 0.28> <FuncUnit> <Opcode : 'and' 'or' 'xor'> <InPorts = 2> <OutPorts = 1>
ST_6 : Operation 117 [1/1] (0.00ns) (grouped into LUT with out node max_abs)   --->   "%and_ln292 = and i1 %or_ln292, i1 %tmp_46" [swiglu.cpp:292]   --->   Operation 117 'and' 'and_ln292' <Predicate = true> <Delay = 0.00> <CoreInst = "LogicGate">   --->   Core 74 'LogicGate' <Latency = 0> <II = 1> <Delay = 0.28> <FuncUnit> <Opcode : 'and' 'or' 'xor'> <InPorts = 2> <OutPorts = 1>
ST_6 : Operation 118 [1/1] (0.44ns) (out node of the LUT)   --->   "%max_abs = select i1 %and_ln292, i32 %max_abs_loc_load, i32 0" [swiglu.cpp:292]   --->   Operation 118 'select' 'max_abs' <Predicate = true> <Delay = 0.44> <CoreInst = "Sel">   --->   Core 73 'Sel' <Latency = 0> <II = 1> <Delay = 0.44> <FuncUnit> <Opcode : 'select'> <InPorts = 3> <OutPorts = 1>

State 7 <SV = 6> <Delay = 2.31>
ST_7 : Operation 119 [1/1] (0.00ns)   --->   "%max_abs_2_loc_load = load i32 %max_abs_2_loc"   --->   Operation 119 'load' 'max_abs_2_loc_load' <Predicate = true> <Delay = 0.00>
ST_7 : Operation 120 [3/3] (2.31ns)   --->   "%tmp_49 = fcmp_ogt  i32 %max_abs_2_loc_load, i32 %max_abs" [swiglu.cpp:292]   --->   Operation 120 'fcmp' 'tmp_49' <Predicate = true> <Delay = 2.31> <CoreInst = "FCompare">   --->   Core 19 'FCompare' <Latency = 2> <II = 1> <Delay = 2.31> <FuncUnit> <Opcode : 'fcmp'> <InPorts = 2> <OutPorts = 1>

State 8 <SV = 7> <Delay = 2.31>
ST_8 : Operation 121 [2/3] (2.31ns)   --->   "%tmp_49 = fcmp_ogt  i32 %max_abs_2_loc_load, i32 %max_abs" [swiglu.cpp:292]   --->   Operation 121 'fcmp' 'tmp_49' <Predicate = true> <Delay = 2.31> <CoreInst = "FCompare">   --->   Core 19 'FCompare' <Latency = 2> <II = 1> <Delay = 2.31> <FuncUnit> <Opcode : 'fcmp'> <InPorts = 2> <OutPorts = 1>

State 9 <SV = 8> <Delay = 2.31>
ST_9 : Operation 122 [1/3] (2.31ns)   --->   "%tmp_49 = fcmp_ogt  i32 %max_abs_2_loc_load, i32 %max_abs" [swiglu.cpp:292]   --->   Operation 122 'fcmp' 'tmp_49' <Predicate = true> <Delay = 2.31> <CoreInst = "FCompare">   --->   Core 19 'FCompare' <Latency = 2> <II = 1> <Delay = 2.31> <FuncUnit> <Opcode : 'fcmp'> <InPorts = 2> <OutPorts = 1>

State 10 <SV = 9> <Delay = 1.66>
ST_10 : Operation 123 [1/1] (0.00ns)   --->   "%bitcast_ln292_1 = bitcast i32 %max_abs_2_loc_load" [swiglu.cpp:292]   --->   Operation 123 'bitcast' 'bitcast_ln292_1' <Predicate = true> <Delay = 0.00>
ST_10 : Operation 124 [1/1] (0.00ns)   --->   "%tmp_47 = partselect i8 @_ssdm_op_PartSelect.i8.i32.i32.i32, i32 %bitcast_ln292_1, i32 23, i32 30" [swiglu.cpp:292]   --->   Operation 124 'partselect' 'tmp_47' <Predicate = true> <Delay = 0.00>
ST_10 : Operation 125 [1/1] (0.00ns)   --->   "%trunc_ln292_1 = trunc i32 %bitcast_ln292_1" [swiglu.cpp:292]   --->   Operation 125 'trunc' 'trunc_ln292_1' <Predicate = true> <Delay = 0.00>
ST_10 : Operation 126 [1/1] (0.00ns)   --->   "%bitcast_ln292_2 = bitcast i32 %max_abs" [swiglu.cpp:292]   --->   Operation 126 'bitcast' 'bitcast_ln292_2' <Predicate = true> <Delay = 0.00>
ST_10 : Operation 127 [1/1] (0.00ns)   --->   "%tmp_48 = partselect i8 @_ssdm_op_PartSelect.i8.i32.i32.i32, i32 %bitcast_ln292_2, i32 23, i32 30" [swiglu.cpp:292]   --->   Operation 127 'partselect' 'tmp_48' <Predicate = true> <Delay = 0.00>
ST_10 : Operation 128 [1/1] (0.00ns)   --->   "%trunc_ln292_2 = trunc i32 %bitcast_ln292_2" [swiglu.cpp:292]   --->   Operation 128 'trunc' 'trunc_ln292_2' <Predicate = true> <Delay = 0.00>
ST_10 : Operation 129 [1/1] (0.76ns)   --->   "%icmp_ln292_2 = icmp_ne  i8 %tmp_47, i8 255" [swiglu.cpp:292]   --->   Operation 129 'icmp' 'icmp_ln292_2' <Predicate = true> <Delay = 0.76> <CoreInst = "Cmp">   --->   Core 9 'Cmp' <Latency = 0> <II = 1> <Delay = 0.76> <FuncUnit> <Opcode : 'seteq' 'setne' 'setle' 'setge' 'setlt' 'setgt'> <InPorts = 2> <OutPorts = 1>
ST_10 : Operation 130 [1/1] (0.92ns)   --->   "%icmp_ln292_3 = icmp_eq  i23 %trunc_ln292_1, i23 0" [swiglu.cpp:292]   --->   Operation 130 'icmp' 'icmp_ln292_3' <Predicate = true> <Delay = 0.92> <CoreInst = "Cmp">   --->   Core 9 'Cmp' <Latency = 0> <II = 1> <Delay = 0.92> <FuncUnit> <Opcode : 'seteq' 'setne' 'setle' 'setge' 'setlt' 'setgt'> <InPorts = 2> <OutPorts = 1>
ST_10 : Operation 131 [1/1] (0.00ns) (grouped into LUT with out node and_ln292_2)   --->   "%or_ln292_1 = or i1 %icmp_ln292_3, i1 %icmp_ln292_2" [swiglu.cpp:292]   --->   Operation 131 'or' 'or_ln292_1' <Predicate = true> <Delay = 0.00> <CoreInst = "LogicGate">   --->   Core 74 'LogicGate' <Latency = 0> <II = 1> <Delay = 0.28> <FuncUnit> <Opcode : 'and' 'or' 'xor'> <InPorts = 2> <OutPorts = 1>
ST_10 : Operation 132 [1/1] (0.76ns)   --->   "%icmp_ln292_4 = icmp_ne  i8 %tmp_48, i8 255" [swiglu.cpp:292]   --->   Operation 132 'icmp' 'icmp_ln292_4' <Predicate = true> <Delay = 0.76> <CoreInst = "Cmp">   --->   Core 9 'Cmp' <Latency = 0> <II = 1> <Delay = 0.76> <FuncUnit> <Opcode : 'seteq' 'setne' 'setle' 'setge' 'setlt' 'setgt'> <InPorts = 2> <OutPorts = 1>
ST_10 : Operation 133 [1/1] (0.92ns)   --->   "%icmp_ln292_5 = icmp_eq  i23 %trunc_ln292_2, i23 0" [swiglu.cpp:292]   --->   Operation 133 'icmp' 'icmp_ln292_5' <Predicate = true> <Delay = 0.92> <CoreInst = "Cmp">   --->   Core 9 'Cmp' <Latency = 0> <II = 1> <Delay = 0.92> <FuncUnit> <Opcode : 'seteq' 'setne' 'setle' 'setge' 'setlt' 'setgt'> <InPorts = 2> <OutPorts = 1>
ST_10 : Operation 134 [1/1] (0.00ns) (grouped into LUT with out node and_ln292_2)   --->   "%or_ln292_2 = or i1 %icmp_ln292_5, i1 %icmp_ln292_4" [swiglu.cpp:292]   --->   Operation 134 'or' 'or_ln292_2' <Predicate = true> <Delay = 0.00> <CoreInst = "LogicGate">   --->   Core 74 'LogicGate' <Latency = 0> <II = 1> <Delay = 0.28> <FuncUnit> <Opcode : 'and' 'or' 'xor'> <InPorts = 2> <OutPorts = 1>
ST_10 : Operation 135 [1/1] (0.00ns) (grouped into LUT with out node and_ln292_2)   --->   "%and_ln292_1 = and i1 %or_ln292_1, i1 %or_ln292_2" [swiglu.cpp:292]   --->   Operation 135 'and' 'and_ln292_1' <Predicate = true> <Delay = 0.00> <CoreInst = "LogicGate">   --->   Core 74 'LogicGate' <Latency = 0> <II = 1> <Delay = 0.28> <FuncUnit> <Opcode : 'and' 'or' 'xor'> <InPorts = 2> <OutPorts = 1>
ST_10 : Operation 136 [1/1] (0.28ns) (out node of the LUT)   --->   "%and_ln292_2 = and i1 %and_ln292_1, i1 %tmp_49" [swiglu.cpp:292]   --->   Operation 136 'and' 'and_ln292_2' <Predicate = true> <Delay = 0.28> <CoreInst = "LogicGate">   --->   Core 74 'LogicGate' <Latency = 0> <II = 1> <Delay = 0.28> <FuncUnit> <Opcode : 'and' 'or' 'xor'> <InPorts = 2> <OutPorts = 1>
ST_10 : Operation 137 [1/1] (0.44ns) (out node of the LUT)   --->   "%max_abs_1 = select i1 %and_ln292_2, i32 %max_abs_2_loc_load, i32 %max_abs" [swiglu.cpp:292]   --->   Operation 137 'select' 'max_abs_1' <Predicate = true> <Delay = 0.44> <CoreInst = "Sel">   --->   Core 73 'Sel' <Latency = 0> <II = 1> <Delay = 0.44> <FuncUnit> <Opcode : 'select'> <InPorts = 3> <OutPorts = 1>

State 11 <SV = 10> <Delay = 2.31>
ST_11 : Operation 138 [1/1] (0.00ns)   --->   "%max_abs_4_loc_load = load i32 %max_abs_4_loc"   --->   Operation 138 'load' 'max_abs_4_loc_load' <Predicate = true> <Delay = 0.00>
ST_11 : Operation 139 [3/3] (2.31ns)   --->   "%tmp_52 = fcmp_ogt  i32 %max_abs_4_loc_load, i32 %max_abs_1" [swiglu.cpp:292]   --->   Operation 139 'fcmp' 'tmp_52' <Predicate = true> <Delay = 2.31> <CoreInst = "FCompare">   --->   Core 19 'FCompare' <Latency = 2> <II = 1> <Delay = 2.31> <FuncUnit> <Opcode : 'fcmp'> <InPorts = 2> <OutPorts = 1>

State 12 <SV = 11> <Delay = 2.31>
ST_12 : Operation 140 [2/3] (2.31ns)   --->   "%tmp_52 = fcmp_ogt  i32 %max_abs_4_loc_load, i32 %max_abs_1" [swiglu.cpp:292]   --->   Operation 140 'fcmp' 'tmp_52' <Predicate = true> <Delay = 2.31> <CoreInst = "FCompare">   --->   Core 19 'FCompare' <Latency = 2> <II = 1> <Delay = 2.31> <FuncUnit> <Opcode : 'fcmp'> <InPorts = 2> <OutPorts = 1>

State 13 <SV = 12> <Delay = 2.31>
ST_13 : Operation 141 [1/3] (2.31ns)   --->   "%tmp_52 = fcmp_ogt  i32 %max_abs_4_loc_load, i32 %max_abs_1" [swiglu.cpp:292]   --->   Operation 141 'fcmp' 'tmp_52' <Predicate = true> <Delay = 2.31> <CoreInst = "FCompare">   --->   Core 19 'FCompare' <Latency = 2> <II = 1> <Delay = 2.31> <FuncUnit> <Opcode : 'fcmp'> <InPorts = 2> <OutPorts = 1>

State 14 <SV = 13> <Delay = 1.66>
ST_14 : Operation 142 [1/1] (0.00ns)   --->   "%bitcast_ln292_3 = bitcast i32 %max_abs_4_loc_load" [swiglu.cpp:292]   --->   Operation 142 'bitcast' 'bitcast_ln292_3' <Predicate = true> <Delay = 0.00>
ST_14 : Operation 143 [1/1] (0.00ns)   --->   "%tmp_50 = partselect i8 @_ssdm_op_PartSelect.i8.i32.i32.i32, i32 %bitcast_ln292_3, i32 23, i32 30" [swiglu.cpp:292]   --->   Operation 143 'partselect' 'tmp_50' <Predicate = true> <Delay = 0.00>
ST_14 : Operation 144 [1/1] (0.00ns)   --->   "%trunc_ln292_3 = trunc i32 %bitcast_ln292_3" [swiglu.cpp:292]   --->   Operation 144 'trunc' 'trunc_ln292_3' <Predicate = true> <Delay = 0.00>
ST_14 : Operation 145 [1/1] (0.00ns)   --->   "%bitcast_ln292_4 = bitcast i32 %max_abs_1" [swiglu.cpp:292]   --->   Operation 145 'bitcast' 'bitcast_ln292_4' <Predicate = true> <Delay = 0.00>
ST_14 : Operation 146 [1/1] (0.00ns)   --->   "%tmp_51 = partselect i8 @_ssdm_op_PartSelect.i8.i32.i32.i32, i32 %bitcast_ln292_4, i32 23, i32 30" [swiglu.cpp:292]   --->   Operation 146 'partselect' 'tmp_51' <Predicate = true> <Delay = 0.00>
ST_14 : Operation 147 [1/1] (0.00ns)   --->   "%trunc_ln292_4 = trunc i32 %bitcast_ln292_4" [swiglu.cpp:292]   --->   Operation 147 'trunc' 'trunc_ln292_4' <Predicate = true> <Delay = 0.00>
ST_14 : Operation 148 [1/1] (0.76ns)   --->   "%icmp_ln292_6 = icmp_ne  i8 %tmp_50, i8 255" [swiglu.cpp:292]   --->   Operation 148 'icmp' 'icmp_ln292_6' <Predicate = true> <Delay = 0.76> <CoreInst = "Cmp">   --->   Core 9 'Cmp' <Latency = 0> <II = 1> <Delay = 0.76> <FuncUnit> <Opcode : 'seteq' 'setne' 'setle' 'setge' 'setlt' 'setgt'> <InPorts = 2> <OutPorts = 1>
ST_14 : Operation 149 [1/1] (0.92ns)   --->   "%icmp_ln292_7 = icmp_eq  i23 %trunc_ln292_3, i23 0" [swiglu.cpp:292]   --->   Operation 149 'icmp' 'icmp_ln292_7' <Predicate = true> <Delay = 0.92> <CoreInst = "Cmp">   --->   Core 9 'Cmp' <Latency = 0> <II = 1> <Delay = 0.92> <FuncUnit> <Opcode : 'seteq' 'setne' 'setle' 'setge' 'setlt' 'setgt'> <InPorts = 2> <OutPorts = 1>
ST_14 : Operation 150 [1/1] (0.00ns) (grouped into LUT with out node and_ln292_4)   --->   "%or_ln292_3 = or i1 %icmp_ln292_7, i1 %icmp_ln292_6" [swiglu.cpp:292]   --->   Operation 150 'or' 'or_ln292_3' <Predicate = true> <Delay = 0.00> <CoreInst = "LogicGate">   --->   Core 74 'LogicGate' <Latency = 0> <II = 1> <Delay = 0.28> <FuncUnit> <Opcode : 'and' 'or' 'xor'> <InPorts = 2> <OutPorts = 1>
ST_14 : Operation 151 [1/1] (0.76ns)   --->   "%icmp_ln292_8 = icmp_ne  i8 %tmp_51, i8 255" [swiglu.cpp:292]   --->   Operation 151 'icmp' 'icmp_ln292_8' <Predicate = true> <Delay = 0.76> <CoreInst = "Cmp">   --->   Core 9 'Cmp' <Latency = 0> <II = 1> <Delay = 0.76> <FuncUnit> <Opcode : 'seteq' 'setne' 'setle' 'setge' 'setlt' 'setgt'> <InPorts = 2> <OutPorts = 1>
ST_14 : Operation 152 [1/1] (0.92ns)   --->   "%icmp_ln292_9 = icmp_eq  i23 %trunc_ln292_4, i23 0" [swiglu.cpp:292]   --->   Operation 152 'icmp' 'icmp_ln292_9' <Predicate = true> <Delay = 0.92> <CoreInst = "Cmp">   --->   Core 9 'Cmp' <Latency = 0> <II = 1> <Delay = 0.92> <FuncUnit> <Opcode : 'seteq' 'setne' 'setle' 'setge' 'setlt' 'setgt'> <InPorts = 2> <OutPorts = 1>
ST_14 : Operation 153 [1/1] (0.00ns) (grouped into LUT with out node and_ln292_4)   --->   "%or_ln292_4 = or i1 %icmp_ln292_9, i1 %icmp_ln292_8" [swiglu.cpp:292]   --->   Operation 153 'or' 'or_ln292_4' <Predicate = true> <Delay = 0.00> <CoreInst = "LogicGate">   --->   Core 74 'LogicGate' <Latency = 0> <II = 1> <Delay = 0.28> <FuncUnit> <Opcode : 'and' 'or' 'xor'> <InPorts = 2> <OutPorts = 1>
ST_14 : Operation 154 [1/1] (0.00ns) (grouped into LUT with out node and_ln292_4)   --->   "%and_ln292_3 = and i1 %or_ln292_3, i1 %or_ln292_4" [swiglu.cpp:292]   --->   Operation 154 'and' 'and_ln292_3' <Predicate = true> <Delay = 0.00> <CoreInst = "LogicGate">   --->   Core 74 'LogicGate' <Latency = 0> <II = 1> <Delay = 0.28> <FuncUnit> <Opcode : 'and' 'or' 'xor'> <InPorts = 2> <OutPorts = 1>
ST_14 : Operation 155 [1/1] (0.28ns) (out node of the LUT)   --->   "%and_ln292_4 = and i1 %and_ln292_3, i1 %tmp_52" [swiglu.cpp:292]   --->   Operation 155 'and' 'and_ln292_4' <Predicate = true> <Delay = 0.28> <CoreInst = "LogicGate">   --->   Core 74 'LogicGate' <Latency = 0> <II = 1> <Delay = 0.28> <FuncUnit> <Opcode : 'and' 'or' 'xor'> <InPorts = 2> <OutPorts = 1>
ST_14 : Operation 156 [1/1] (0.44ns) (out node of the LUT)   --->   "%max_abs_2 = select i1 %and_ln292_4, i32 %max_abs_4_loc_load, i32 %max_abs_1" [swiglu.cpp:292]   --->   Operation 156 'select' 'max_abs_2' <Predicate = true> <Delay = 0.44> <CoreInst = "Sel">   --->   Core 73 'Sel' <Latency = 0> <II = 1> <Delay = 0.44> <FuncUnit> <Opcode : 'select'> <InPorts = 3> <OutPorts = 1>

State 15 <SV = 14> <Delay = 2.31>
ST_15 : Operation 157 [1/1] (0.00ns)   --->   "%max_abs_6_loc_load = load i32 %max_abs_6_loc"   --->   Operation 157 'load' 'max_abs_6_loc_load' <Predicate = true> <Delay = 0.00>
ST_15 : Operation 158 [3/3] (2.31ns)   --->   "%tmp_55 = fcmp_ogt  i32 %max_abs_6_loc_load, i32 %max_abs_2" [swiglu.cpp:292]   --->   Operation 158 'fcmp' 'tmp_55' <Predicate = true> <Delay = 2.31> <CoreInst = "FCompare">   --->   Core 19 'FCompare' <Latency = 2> <II = 1> <Delay = 2.31> <FuncUnit> <Opcode : 'fcmp'> <InPorts = 2> <OutPorts = 1>

State 16 <SV = 15> <Delay = 2.31>
ST_16 : Operation 159 [2/3] (2.31ns)   --->   "%tmp_55 = fcmp_ogt  i32 %max_abs_6_loc_load, i32 %max_abs_2" [swiglu.cpp:292]   --->   Operation 159 'fcmp' 'tmp_55' <Predicate = true> <Delay = 2.31> <CoreInst = "FCompare">   --->   Core 19 'FCompare' <Latency = 2> <II = 1> <Delay = 2.31> <FuncUnit> <Opcode : 'fcmp'> <InPorts = 2> <OutPorts = 1>

State 17 <SV = 16> <Delay = 2.31>
ST_17 : Operation 160 [1/3] (2.31ns)   --->   "%tmp_55 = fcmp_ogt  i32 %max_abs_6_loc_load, i32 %max_abs_2" [swiglu.cpp:292]   --->   Operation 160 'fcmp' 'tmp_55' <Predicate = true> <Delay = 2.31> <CoreInst = "FCompare">   --->   Core 19 'FCompare' <Latency = 2> <II = 1> <Delay = 2.31> <FuncUnit> <Opcode : 'fcmp'> <InPorts = 2> <OutPorts = 1>

State 18 <SV = 17> <Delay = 1.66>
ST_18 : Operation 161 [1/1] (0.00ns)   --->   "%bitcast_ln292_5 = bitcast i32 %max_abs_6_loc_load" [swiglu.cpp:292]   --->   Operation 161 'bitcast' 'bitcast_ln292_5' <Predicate = true> <Delay = 0.00>
ST_18 : Operation 162 [1/1] (0.00ns)   --->   "%tmp_53 = partselect i8 @_ssdm_op_PartSelect.i8.i32.i32.i32, i32 %bitcast_ln292_5, i32 23, i32 30" [swiglu.cpp:292]   --->   Operation 162 'partselect' 'tmp_53' <Predicate = true> <Delay = 0.00>
ST_18 : Operation 163 [1/1] (0.00ns)   --->   "%trunc_ln292_5 = trunc i32 %bitcast_ln292_5" [swiglu.cpp:292]   --->   Operation 163 'trunc' 'trunc_ln292_5' <Predicate = true> <Delay = 0.00>
ST_18 : Operation 164 [1/1] (0.00ns)   --->   "%bitcast_ln292_6 = bitcast i32 %max_abs_2" [swiglu.cpp:292]   --->   Operation 164 'bitcast' 'bitcast_ln292_6' <Predicate = true> <Delay = 0.00>
ST_18 : Operation 165 [1/1] (0.00ns)   --->   "%tmp_54 = partselect i8 @_ssdm_op_PartSelect.i8.i32.i32.i32, i32 %bitcast_ln292_6, i32 23, i32 30" [swiglu.cpp:292]   --->   Operation 165 'partselect' 'tmp_54' <Predicate = true> <Delay = 0.00>
ST_18 : Operation 166 [1/1] (0.00ns)   --->   "%trunc_ln292_6 = trunc i32 %bitcast_ln292_6" [swiglu.cpp:292]   --->   Operation 166 'trunc' 'trunc_ln292_6' <Predicate = true> <Delay = 0.00>
ST_18 : Operation 167 [1/1] (0.76ns)   --->   "%icmp_ln292_10 = icmp_ne  i8 %tmp_53, i8 255" [swiglu.cpp:292]   --->   Operation 167 'icmp' 'icmp_ln292_10' <Predicate = true> <Delay = 0.76> <CoreInst = "Cmp">   --->   Core 9 'Cmp' <Latency = 0> <II = 1> <Delay = 0.76> <FuncUnit> <Opcode : 'seteq' 'setne' 'setle' 'setge' 'setlt' 'setgt'> <InPorts = 2> <OutPorts = 1>
ST_18 : Operation 168 [1/1] (0.92ns)   --->   "%icmp_ln292_11 = icmp_eq  i23 %trunc_ln292_5, i23 0" [swiglu.cpp:292]   --->   Operation 168 'icmp' 'icmp_ln292_11' <Predicate = true> <Delay = 0.92> <CoreInst = "Cmp">   --->   Core 9 'Cmp' <Latency = 0> <II = 1> <Delay = 0.92> <FuncUnit> <Opcode : 'seteq' 'setne' 'setle' 'setge' 'setlt' 'setgt'> <InPorts = 2> <OutPorts = 1>
ST_18 : Operation 169 [1/1] (0.00ns) (grouped into LUT with out node and_ln292_6)   --->   "%or_ln292_5 = or i1 %icmp_ln292_11, i1 %icmp_ln292_10" [swiglu.cpp:292]   --->   Operation 169 'or' 'or_ln292_5' <Predicate = true> <Delay = 0.00> <CoreInst = "LogicGate">   --->   Core 74 'LogicGate' <Latency = 0> <II = 1> <Delay = 0.28> <FuncUnit> <Opcode : 'and' 'or' 'xor'> <InPorts = 2> <OutPorts = 1>
ST_18 : Operation 170 [1/1] (0.76ns)   --->   "%icmp_ln292_12 = icmp_ne  i8 %tmp_54, i8 255" [swiglu.cpp:292]   --->   Operation 170 'icmp' 'icmp_ln292_12' <Predicate = true> <Delay = 0.76> <CoreInst = "Cmp">   --->   Core 9 'Cmp' <Latency = 0> <II = 1> <Delay = 0.76> <FuncUnit> <Opcode : 'seteq' 'setne' 'setle' 'setge' 'setlt' 'setgt'> <InPorts = 2> <OutPorts = 1>
ST_18 : Operation 171 [1/1] (0.92ns)   --->   "%icmp_ln292_13 = icmp_eq  i23 %trunc_ln292_6, i23 0" [swiglu.cpp:292]   --->   Operation 171 'icmp' 'icmp_ln292_13' <Predicate = true> <Delay = 0.92> <CoreInst = "Cmp">   --->   Core 9 'Cmp' <Latency = 0> <II = 1> <Delay = 0.92> <FuncUnit> <Opcode : 'seteq' 'setne' 'setle' 'setge' 'setlt' 'setgt'> <InPorts = 2> <OutPorts = 1>
ST_18 : Operation 172 [1/1] (0.00ns) (grouped into LUT with out node and_ln292_6)   --->   "%or_ln292_6 = or i1 %icmp_ln292_13, i1 %icmp_ln292_12" [swiglu.cpp:292]   --->   Operation 172 'or' 'or_ln292_6' <Predicate = true> <Delay = 0.00> <CoreInst = "LogicGate">   --->   Core 74 'LogicGate' <Latency = 0> <II = 1> <Delay = 0.28> <FuncUnit> <Opcode : 'and' 'or' 'xor'> <InPorts = 2> <OutPorts = 1>
ST_18 : Operation 173 [1/1] (0.00ns) (grouped into LUT with out node and_ln292_6)   --->   "%and_ln292_5 = and i1 %or_ln292_5, i1 %or_ln292_6" [swiglu.cpp:292]   --->   Operation 173 'and' 'and_ln292_5' <Predicate = true> <Delay = 0.00> <CoreInst = "LogicGate">   --->   Core 74 'LogicGate' <Latency = 0> <II = 1> <Delay = 0.28> <FuncUnit> <Opcode : 'and' 'or' 'xor'> <InPorts = 2> <OutPorts = 1>
ST_18 : Operation 174 [1/1] (0.28ns) (out node of the LUT)   --->   "%and_ln292_6 = and i1 %and_ln292_5, i1 %tmp_55" [swiglu.cpp:292]   --->   Operation 174 'and' 'and_ln292_6' <Predicate = true> <Delay = 0.28> <CoreInst = "LogicGate">   --->   Core 74 'LogicGate' <Latency = 0> <II = 1> <Delay = 0.28> <FuncUnit> <Opcode : 'and' 'or' 'xor'> <InPorts = 2> <OutPorts = 1>
ST_18 : Operation 175 [1/1] (0.44ns) (out node of the LUT)   --->   "%max_abs_3 = select i1 %and_ln292_6, i32 %max_abs_6_loc_load, i32 %max_abs_2" [swiglu.cpp:292]   --->   Operation 175 'select' 'max_abs_3' <Predicate = true> <Delay = 0.44> <CoreInst = "Sel">   --->   Core 73 'Sel' <Latency = 0> <II = 1> <Delay = 0.44> <FuncUnit> <Opcode : 'select'> <InPorts = 3> <OutPorts = 1>

State 19 <SV = 18> <Delay = 2.31>
ST_19 : Operation 176 [1/1] (0.00ns)   --->   "%max_abs_8_loc_load = load i32 %max_abs_8_loc"   --->   Operation 176 'load' 'max_abs_8_loc_load' <Predicate = true> <Delay = 0.00>
ST_19 : Operation 177 [3/3] (2.31ns)   --->   "%tmp_58 = fcmp_ogt  i32 %max_abs_8_loc_load, i32 %max_abs_3" [swiglu.cpp:292]   --->   Operation 177 'fcmp' 'tmp_58' <Predicate = true> <Delay = 2.31> <CoreInst = "FCompare">   --->   Core 19 'FCompare' <Latency = 2> <II = 1> <Delay = 2.31> <FuncUnit> <Opcode : 'fcmp'> <InPorts = 2> <OutPorts = 1>

State 20 <SV = 19> <Delay = 2.31>
ST_20 : Operation 178 [2/3] (2.31ns)   --->   "%tmp_58 = fcmp_ogt  i32 %max_abs_8_loc_load, i32 %max_abs_3" [swiglu.cpp:292]   --->   Operation 178 'fcmp' 'tmp_58' <Predicate = true> <Delay = 2.31> <CoreInst = "FCompare">   --->   Core 19 'FCompare' <Latency = 2> <II = 1> <Delay = 2.31> <FuncUnit> <Opcode : 'fcmp'> <InPorts = 2> <OutPorts = 1>

State 21 <SV = 20> <Delay = 2.31>
ST_21 : Operation 179 [1/3] (2.31ns)   --->   "%tmp_58 = fcmp_ogt  i32 %max_abs_8_loc_load, i32 %max_abs_3" [swiglu.cpp:292]   --->   Operation 179 'fcmp' 'tmp_58' <Predicate = true> <Delay = 2.31> <CoreInst = "FCompare">   --->   Core 19 'FCompare' <Latency = 2> <II = 1> <Delay = 2.31> <FuncUnit> <Opcode : 'fcmp'> <InPorts = 2> <OutPorts = 1>

State 22 <SV = 21> <Delay = 1.66>
ST_22 : Operation 180 [1/1] (0.00ns)   --->   "%bitcast_ln292_7 = bitcast i32 %max_abs_8_loc_load" [swiglu.cpp:292]   --->   Operation 180 'bitcast' 'bitcast_ln292_7' <Predicate = true> <Delay = 0.00>
ST_22 : Operation 181 [1/1] (0.00ns)   --->   "%tmp_56 = partselect i8 @_ssdm_op_PartSelect.i8.i32.i32.i32, i32 %bitcast_ln292_7, i32 23, i32 30" [swiglu.cpp:292]   --->   Operation 181 'partselect' 'tmp_56' <Predicate = true> <Delay = 0.00>
ST_22 : Operation 182 [1/1] (0.00ns)   --->   "%trunc_ln292_7 = trunc i32 %bitcast_ln292_7" [swiglu.cpp:292]   --->   Operation 182 'trunc' 'trunc_ln292_7' <Predicate = true> <Delay = 0.00>
ST_22 : Operation 183 [1/1] (0.00ns)   --->   "%bitcast_ln292_8 = bitcast i32 %max_abs_3" [swiglu.cpp:292]   --->   Operation 183 'bitcast' 'bitcast_ln292_8' <Predicate = true> <Delay = 0.00>
ST_22 : Operation 184 [1/1] (0.00ns)   --->   "%tmp_57 = partselect i8 @_ssdm_op_PartSelect.i8.i32.i32.i32, i32 %bitcast_ln292_8, i32 23, i32 30" [swiglu.cpp:292]   --->   Operation 184 'partselect' 'tmp_57' <Predicate = true> <Delay = 0.00>
ST_22 : Operation 185 [1/1] (0.00ns)   --->   "%trunc_ln292_8 = trunc i32 %bitcast_ln292_8" [swiglu.cpp:292]   --->   Operation 185 'trunc' 'trunc_ln292_8' <Predicate = true> <Delay = 0.00>
ST_22 : Operation 186 [1/1] (0.76ns)   --->   "%icmp_ln292_14 = icmp_ne  i8 %tmp_56, i8 255" [swiglu.cpp:292]   --->   Operation 186 'icmp' 'icmp_ln292_14' <Predicate = true> <Delay = 0.76> <CoreInst = "Cmp">   --->   Core 9 'Cmp' <Latency = 0> <II = 1> <Delay = 0.76> <FuncUnit> <Opcode : 'seteq' 'setne' 'setle' 'setge' 'setlt' 'setgt'> <InPorts = 2> <OutPorts = 1>
ST_22 : Operation 187 [1/1] (0.92ns)   --->   "%icmp_ln292_15 = icmp_eq  i23 %trunc_ln292_7, i23 0" [swiglu.cpp:292]   --->   Operation 187 'icmp' 'icmp_ln292_15' <Predicate = true> <Delay = 0.92> <CoreInst = "Cmp">   --->   Core 9 'Cmp' <Latency = 0> <II = 1> <Delay = 0.92> <FuncUnit> <Opcode : 'seteq' 'setne' 'setle' 'setge' 'setlt' 'setgt'> <InPorts = 2> <OutPorts = 1>
ST_22 : Operation 188 [1/1] (0.00ns) (grouped into LUT with out node and_ln292_8)   --->   "%or_ln292_7 = or i1 %icmp_ln292_15, i1 %icmp_ln292_14" [swiglu.cpp:292]   --->   Operation 188 'or' 'or_ln292_7' <Predicate = true> <Delay = 0.00> <CoreInst = "LogicGate">   --->   Core 74 'LogicGate' <Latency = 0> <II = 1> <Delay = 0.28> <FuncUnit> <Opcode : 'and' 'or' 'xor'> <InPorts = 2> <OutPorts = 1>
ST_22 : Operation 189 [1/1] (0.76ns)   --->   "%icmp_ln292_16 = icmp_ne  i8 %tmp_57, i8 255" [swiglu.cpp:292]   --->   Operation 189 'icmp' 'icmp_ln292_16' <Predicate = true> <Delay = 0.76> <CoreInst = "Cmp">   --->   Core 9 'Cmp' <Latency = 0> <II = 1> <Delay = 0.76> <FuncUnit> <Opcode : 'seteq' 'setne' 'setle' 'setge' 'setlt' 'setgt'> <InPorts = 2> <OutPorts = 1>
ST_22 : Operation 190 [1/1] (0.92ns)   --->   "%icmp_ln292_17 = icmp_eq  i23 %trunc_ln292_8, i23 0" [swiglu.cpp:292]   --->   Operation 190 'icmp' 'icmp_ln292_17' <Predicate = true> <Delay = 0.92> <CoreInst = "Cmp">   --->   Core 9 'Cmp' <Latency = 0> <II = 1> <Delay = 0.92> <FuncUnit> <Opcode : 'seteq' 'setne' 'setle' 'setge' 'setlt' 'setgt'> <InPorts = 2> <OutPorts = 1>
ST_22 : Operation 191 [1/1] (0.00ns) (grouped into LUT with out node and_ln292_8)   --->   "%or_ln292_8 = or i1 %icmp_ln292_17, i1 %icmp_ln292_16" [swiglu.cpp:292]   --->   Operation 191 'or' 'or_ln292_8' <Predicate = true> <Delay = 0.00> <CoreInst = "LogicGate">   --->   Core 74 'LogicGate' <Latency = 0> <II = 1> <Delay = 0.28> <FuncUnit> <Opcode : 'and' 'or' 'xor'> <InPorts = 2> <OutPorts = 1>
ST_22 : Operation 192 [1/1] (0.00ns) (grouped into LUT with out node and_ln292_8)   --->   "%and_ln292_7 = and i1 %or_ln292_7, i1 %or_ln292_8" [swiglu.cpp:292]   --->   Operation 192 'and' 'and_ln292_7' <Predicate = true> <Delay = 0.00> <CoreInst = "LogicGate">   --->   Core 74 'LogicGate' <Latency = 0> <II = 1> <Delay = 0.28> <FuncUnit> <Opcode : 'and' 'or' 'xor'> <InPorts = 2> <OutPorts = 1>
ST_22 : Operation 193 [1/1] (0.28ns) (out node of the LUT)   --->   "%and_ln292_8 = and i1 %and_ln292_7, i1 %tmp_58" [swiglu.cpp:292]   --->   Operation 193 'and' 'and_ln292_8' <Predicate = true> <Delay = 0.28> <CoreInst = "LogicGate">   --->   Core 74 'LogicGate' <Latency = 0> <II = 1> <Delay = 0.28> <FuncUnit> <Opcode : 'and' 'or' 'xor'> <InPorts = 2> <OutPorts = 1>
ST_22 : Operation 194 [1/1] (0.44ns) (out node of the LUT)   --->   "%max_abs_4 = select i1 %and_ln292_8, i32 %max_abs_8_loc_load, i32 %max_abs_3" [swiglu.cpp:292]   --->   Operation 194 'select' 'max_abs_4' <Predicate = true> <Delay = 0.44> <CoreInst = "Sel">   --->   Core 73 'Sel' <Latency = 0> <II = 1> <Delay = 0.44> <FuncUnit> <Opcode : 'select'> <InPorts = 3> <OutPorts = 1>

State 23 <SV = 22> <Delay = 2.31>
ST_23 : Operation 195 [1/1] (0.00ns)   --->   "%max_abs_10_loc_load = load i32 %max_abs_10_loc"   --->   Operation 195 'load' 'max_abs_10_loc_load' <Predicate = true> <Delay = 0.00>
ST_23 : Operation 196 [3/3] (2.31ns)   --->   "%tmp_61 = fcmp_ogt  i32 %max_abs_10_loc_load, i32 %max_abs_4" [swiglu.cpp:292]   --->   Operation 196 'fcmp' 'tmp_61' <Predicate = true> <Delay = 2.31> <CoreInst = "FCompare">   --->   Core 19 'FCompare' <Latency = 2> <II = 1> <Delay = 2.31> <FuncUnit> <Opcode : 'fcmp'> <InPorts = 2> <OutPorts = 1>

State 24 <SV = 23> <Delay = 2.31>
ST_24 : Operation 197 [2/3] (2.31ns)   --->   "%tmp_61 = fcmp_ogt  i32 %max_abs_10_loc_load, i32 %max_abs_4" [swiglu.cpp:292]   --->   Operation 197 'fcmp' 'tmp_61' <Predicate = true> <Delay = 2.31> <CoreInst = "FCompare">   --->   Core 19 'FCompare' <Latency = 2> <II = 1> <Delay = 2.31> <FuncUnit> <Opcode : 'fcmp'> <InPorts = 2> <OutPorts = 1>

State 25 <SV = 24> <Delay = 2.31>
ST_25 : Operation 198 [1/3] (2.31ns)   --->   "%tmp_61 = fcmp_ogt  i32 %max_abs_10_loc_load, i32 %max_abs_4" [swiglu.cpp:292]   --->   Operation 198 'fcmp' 'tmp_61' <Predicate = true> <Delay = 2.31> <CoreInst = "FCompare">   --->   Core 19 'FCompare' <Latency = 2> <II = 1> <Delay = 2.31> <FuncUnit> <Opcode : 'fcmp'> <InPorts = 2> <OutPorts = 1>

State 26 <SV = 25> <Delay = 1.66>
ST_26 : Operation 199 [1/1] (0.00ns)   --->   "%bitcast_ln292_9 = bitcast i32 %max_abs_10_loc_load" [swiglu.cpp:292]   --->   Operation 199 'bitcast' 'bitcast_ln292_9' <Predicate = true> <Delay = 0.00>
ST_26 : Operation 200 [1/1] (0.00ns)   --->   "%tmp_59 = partselect i8 @_ssdm_op_PartSelect.i8.i32.i32.i32, i32 %bitcast_ln292_9, i32 23, i32 30" [swiglu.cpp:292]   --->   Operation 200 'partselect' 'tmp_59' <Predicate = true> <Delay = 0.00>
ST_26 : Operation 201 [1/1] (0.00ns)   --->   "%trunc_ln292_9 = trunc i32 %bitcast_ln292_9" [swiglu.cpp:292]   --->   Operation 201 'trunc' 'trunc_ln292_9' <Predicate = true> <Delay = 0.00>
ST_26 : Operation 202 [1/1] (0.00ns)   --->   "%bitcast_ln292_10 = bitcast i32 %max_abs_4" [swiglu.cpp:292]   --->   Operation 202 'bitcast' 'bitcast_ln292_10' <Predicate = true> <Delay = 0.00>
ST_26 : Operation 203 [1/1] (0.00ns)   --->   "%tmp_60 = partselect i8 @_ssdm_op_PartSelect.i8.i32.i32.i32, i32 %bitcast_ln292_10, i32 23, i32 30" [swiglu.cpp:292]   --->   Operation 203 'partselect' 'tmp_60' <Predicate = true> <Delay = 0.00>
ST_26 : Operation 204 [1/1] (0.00ns)   --->   "%trunc_ln292_10 = trunc i32 %bitcast_ln292_10" [swiglu.cpp:292]   --->   Operation 204 'trunc' 'trunc_ln292_10' <Predicate = true> <Delay = 0.00>
ST_26 : Operation 205 [1/1] (0.76ns)   --->   "%icmp_ln292_18 = icmp_ne  i8 %tmp_59, i8 255" [swiglu.cpp:292]   --->   Operation 205 'icmp' 'icmp_ln292_18' <Predicate = true> <Delay = 0.76> <CoreInst = "Cmp">   --->   Core 9 'Cmp' <Latency = 0> <II = 1> <Delay = 0.76> <FuncUnit> <Opcode : 'seteq' 'setne' 'setle' 'setge' 'setlt' 'setgt'> <InPorts = 2> <OutPorts = 1>
ST_26 : Operation 206 [1/1] (0.92ns)   --->   "%icmp_ln292_19 = icmp_eq  i23 %trunc_ln292_9, i23 0" [swiglu.cpp:292]   --->   Operation 206 'icmp' 'icmp_ln292_19' <Predicate = true> <Delay = 0.92> <CoreInst = "Cmp">   --->   Core 9 'Cmp' <Latency = 0> <II = 1> <Delay = 0.92> <FuncUnit> <Opcode : 'seteq' 'setne' 'setle' 'setge' 'setlt' 'setgt'> <InPorts = 2> <OutPorts = 1>
ST_26 : Operation 207 [1/1] (0.00ns) (grouped into LUT with out node and_ln292_10)   --->   "%or_ln292_9 = or i1 %icmp_ln292_19, i1 %icmp_ln292_18" [swiglu.cpp:292]   --->   Operation 207 'or' 'or_ln292_9' <Predicate = true> <Delay = 0.00> <CoreInst = "LogicGate">   --->   Core 74 'LogicGate' <Latency = 0> <II = 1> <Delay = 0.28> <FuncUnit> <Opcode : 'and' 'or' 'xor'> <InPorts = 2> <OutPorts = 1>
ST_26 : Operation 208 [1/1] (0.76ns)   --->   "%icmp_ln292_20 = icmp_ne  i8 %tmp_60, i8 255" [swiglu.cpp:292]   --->   Operation 208 'icmp' 'icmp_ln292_20' <Predicate = true> <Delay = 0.76> <CoreInst = "Cmp">   --->   Core 9 'Cmp' <Latency = 0> <II = 1> <Delay = 0.76> <FuncUnit> <Opcode : 'seteq' 'setne' 'setle' 'setge' 'setlt' 'setgt'> <InPorts = 2> <OutPorts = 1>
ST_26 : Operation 209 [1/1] (0.92ns)   --->   "%icmp_ln292_21 = icmp_eq  i23 %trunc_ln292_10, i23 0" [swiglu.cpp:292]   --->   Operation 209 'icmp' 'icmp_ln292_21' <Predicate = true> <Delay = 0.92> <CoreInst = "Cmp">   --->   Core 9 'Cmp' <Latency = 0> <II = 1> <Delay = 0.92> <FuncUnit> <Opcode : 'seteq' 'setne' 'setle' 'setge' 'setlt' 'setgt'> <InPorts = 2> <OutPorts = 1>
ST_26 : Operation 210 [1/1] (0.00ns) (grouped into LUT with out node and_ln292_10)   --->   "%or_ln292_10 = or i1 %icmp_ln292_21, i1 %icmp_ln292_20" [swiglu.cpp:292]   --->   Operation 210 'or' 'or_ln292_10' <Predicate = true> <Delay = 0.00> <CoreInst = "LogicGate">   --->   Core 74 'LogicGate' <Latency = 0> <II = 1> <Delay = 0.28> <FuncUnit> <Opcode : 'and' 'or' 'xor'> <InPorts = 2> <OutPorts = 1>
ST_26 : Operation 211 [1/1] (0.00ns) (grouped into LUT with out node and_ln292_10)   --->   "%and_ln292_9 = and i1 %or_ln292_9, i1 %or_ln292_10" [swiglu.cpp:292]   --->   Operation 211 'and' 'and_ln292_9' <Predicate = true> <Delay = 0.00> <CoreInst = "LogicGate">   --->   Core 74 'LogicGate' <Latency = 0> <II = 1> <Delay = 0.28> <FuncUnit> <Opcode : 'and' 'or' 'xor'> <InPorts = 2> <OutPorts = 1>
ST_26 : Operation 212 [1/1] (0.28ns) (out node of the LUT)   --->   "%and_ln292_10 = and i1 %and_ln292_9, i1 %tmp_61" [swiglu.cpp:292]   --->   Operation 212 'and' 'and_ln292_10' <Predicate = true> <Delay = 0.28> <CoreInst = "LogicGate">   --->   Core 74 'LogicGate' <Latency = 0> <II = 1> <Delay = 0.28> <FuncUnit> <Opcode : 'and' 'or' 'xor'> <InPorts = 2> <OutPorts = 1>
ST_26 : Operation 213 [1/1] (0.44ns) (out node of the LUT)   --->   "%max_abs_5 = select i1 %and_ln292_10, i32 %max_abs_10_loc_load, i32 %max_abs_4" [swiglu.cpp:292]   --->   Operation 213 'select' 'max_abs_5' <Predicate = true> <Delay = 0.44> <CoreInst = "Sel">   --->   Core 73 'Sel' <Latency = 0> <II = 1> <Delay = 0.44> <FuncUnit> <Opcode : 'select'> <InPorts = 3> <OutPorts = 1>

State 27 <SV = 26> <Delay = 2.31>
ST_27 : Operation 214 [1/1] (0.00ns)   --->   "%max_abs_12_loc_load = load i32 %max_abs_12_loc"   --->   Operation 214 'load' 'max_abs_12_loc_load' <Predicate = true> <Delay = 0.00>
ST_27 : Operation 215 [3/3] (2.31ns)   --->   "%tmp_64 = fcmp_ogt  i32 %max_abs_12_loc_load, i32 %max_abs_5" [swiglu.cpp:292]   --->   Operation 215 'fcmp' 'tmp_64' <Predicate = true> <Delay = 2.31> <CoreInst = "FCompare">   --->   Core 19 'FCompare' <Latency = 2> <II = 1> <Delay = 2.31> <FuncUnit> <Opcode : 'fcmp'> <InPorts = 2> <OutPorts = 1>

State 28 <SV = 27> <Delay = 2.31>
ST_28 : Operation 216 [2/3] (2.31ns)   --->   "%tmp_64 = fcmp_ogt  i32 %max_abs_12_loc_load, i32 %max_abs_5" [swiglu.cpp:292]   --->   Operation 216 'fcmp' 'tmp_64' <Predicate = true> <Delay = 2.31> <CoreInst = "FCompare">   --->   Core 19 'FCompare' <Latency = 2> <II = 1> <Delay = 2.31> <FuncUnit> <Opcode : 'fcmp'> <InPorts = 2> <OutPorts = 1>

State 29 <SV = 28> <Delay = 2.31>
ST_29 : Operation 217 [1/3] (2.31ns)   --->   "%tmp_64 = fcmp_ogt  i32 %max_abs_12_loc_load, i32 %max_abs_5" [swiglu.cpp:292]   --->   Operation 217 'fcmp' 'tmp_64' <Predicate = true> <Delay = 2.31> <CoreInst = "FCompare">   --->   Core 19 'FCompare' <Latency = 2> <II = 1> <Delay = 2.31> <FuncUnit> <Opcode : 'fcmp'> <InPorts = 2> <OutPorts = 1>

State 30 <SV = 29> <Delay = 1.66>
ST_30 : Operation 218 [1/1] (0.00ns)   --->   "%bitcast_ln292_11 = bitcast i32 %max_abs_12_loc_load" [swiglu.cpp:292]   --->   Operation 218 'bitcast' 'bitcast_ln292_11' <Predicate = true> <Delay = 0.00>
ST_30 : Operation 219 [1/1] (0.00ns)   --->   "%tmp_62 = partselect i8 @_ssdm_op_PartSelect.i8.i32.i32.i32, i32 %bitcast_ln292_11, i32 23, i32 30" [swiglu.cpp:292]   --->   Operation 219 'partselect' 'tmp_62' <Predicate = true> <Delay = 0.00>
ST_30 : Operation 220 [1/1] (0.00ns)   --->   "%trunc_ln292_11 = trunc i32 %bitcast_ln292_11" [swiglu.cpp:292]   --->   Operation 220 'trunc' 'trunc_ln292_11' <Predicate = true> <Delay = 0.00>
ST_30 : Operation 221 [1/1] (0.00ns)   --->   "%bitcast_ln292_12 = bitcast i32 %max_abs_5" [swiglu.cpp:292]   --->   Operation 221 'bitcast' 'bitcast_ln292_12' <Predicate = true> <Delay = 0.00>
ST_30 : Operation 222 [1/1] (0.00ns)   --->   "%tmp_63 = partselect i8 @_ssdm_op_PartSelect.i8.i32.i32.i32, i32 %bitcast_ln292_12, i32 23, i32 30" [swiglu.cpp:292]   --->   Operation 222 'partselect' 'tmp_63' <Predicate = true> <Delay = 0.00>
ST_30 : Operation 223 [1/1] (0.00ns)   --->   "%trunc_ln292_12 = trunc i32 %bitcast_ln292_12" [swiglu.cpp:292]   --->   Operation 223 'trunc' 'trunc_ln292_12' <Predicate = true> <Delay = 0.00>
ST_30 : Operation 224 [1/1] (0.76ns)   --->   "%icmp_ln292_22 = icmp_ne  i8 %tmp_62, i8 255" [swiglu.cpp:292]   --->   Operation 224 'icmp' 'icmp_ln292_22' <Predicate = true> <Delay = 0.76> <CoreInst = "Cmp">   --->   Core 9 'Cmp' <Latency = 0> <II = 1> <Delay = 0.76> <FuncUnit> <Opcode : 'seteq' 'setne' 'setle' 'setge' 'setlt' 'setgt'> <InPorts = 2> <OutPorts = 1>
ST_30 : Operation 225 [1/1] (0.92ns)   --->   "%icmp_ln292_23 = icmp_eq  i23 %trunc_ln292_11, i23 0" [swiglu.cpp:292]   --->   Operation 225 'icmp' 'icmp_ln292_23' <Predicate = true> <Delay = 0.92> <CoreInst = "Cmp">   --->   Core 9 'Cmp' <Latency = 0> <II = 1> <Delay = 0.92> <FuncUnit> <Opcode : 'seteq' 'setne' 'setle' 'setge' 'setlt' 'setgt'> <InPorts = 2> <OutPorts = 1>
ST_30 : Operation 226 [1/1] (0.00ns) (grouped into LUT with out node and_ln292_12)   --->   "%or_ln292_11 = or i1 %icmp_ln292_23, i1 %icmp_ln292_22" [swiglu.cpp:292]   --->   Operation 226 'or' 'or_ln292_11' <Predicate = true> <Delay = 0.00> <CoreInst = "LogicGate">   --->   Core 74 'LogicGate' <Latency = 0> <II = 1> <Delay = 0.28> <FuncUnit> <Opcode : 'and' 'or' 'xor'> <InPorts = 2> <OutPorts = 1>
ST_30 : Operation 227 [1/1] (0.76ns)   --->   "%icmp_ln292_24 = icmp_ne  i8 %tmp_63, i8 255" [swiglu.cpp:292]   --->   Operation 227 'icmp' 'icmp_ln292_24' <Predicate = true> <Delay = 0.76> <CoreInst = "Cmp">   --->   Core 9 'Cmp' <Latency = 0> <II = 1> <Delay = 0.76> <FuncUnit> <Opcode : 'seteq' 'setne' 'setle' 'setge' 'setlt' 'setgt'> <InPorts = 2> <OutPorts = 1>
ST_30 : Operation 228 [1/1] (0.92ns)   --->   "%icmp_ln292_25 = icmp_eq  i23 %trunc_ln292_12, i23 0" [swiglu.cpp:292]   --->   Operation 228 'icmp' 'icmp_ln292_25' <Predicate = true> <Delay = 0.92> <CoreInst = "Cmp">   --->   Core 9 'Cmp' <Latency = 0> <II = 1> <Delay = 0.92> <FuncUnit> <Opcode : 'seteq' 'setne' 'setle' 'setge' 'setlt' 'setgt'> <InPorts = 2> <OutPorts = 1>
ST_30 : Operation 229 [1/1] (0.00ns) (grouped into LUT with out node and_ln292_12)   --->   "%or_ln292_12 = or i1 %icmp_ln292_25, i1 %icmp_ln292_24" [swiglu.cpp:292]   --->   Operation 229 'or' 'or_ln292_12' <Predicate = true> <Delay = 0.00> <CoreInst = "LogicGate">   --->   Core 74 'LogicGate' <Latency = 0> <II = 1> <Delay = 0.28> <FuncUnit> <Opcode : 'and' 'or' 'xor'> <InPorts = 2> <OutPorts = 1>
ST_30 : Operation 230 [1/1] (0.00ns) (grouped into LUT with out node and_ln292_12)   --->   "%and_ln292_11 = and i1 %or_ln292_11, i1 %or_ln292_12" [swiglu.cpp:292]   --->   Operation 230 'and' 'and_ln292_11' <Predicate = true> <Delay = 0.00> <CoreInst = "LogicGate">   --->   Core 74 'LogicGate' <Latency = 0> <II = 1> <Delay = 0.28> <FuncUnit> <Opcode : 'and' 'or' 'xor'> <InPorts = 2> <OutPorts = 1>
ST_30 : Operation 231 [1/1] (0.28ns) (out node of the LUT)   --->   "%and_ln292_12 = and i1 %and_ln292_11, i1 %tmp_64" [swiglu.cpp:292]   --->   Operation 231 'and' 'and_ln292_12' <Predicate = true> <Delay = 0.28> <CoreInst = "LogicGate">   --->   Core 74 'LogicGate' <Latency = 0> <II = 1> <Delay = 0.28> <FuncUnit> <Opcode : 'and' 'or' 'xor'> <InPorts = 2> <OutPorts = 1>
ST_30 : Operation 232 [1/1] (0.44ns) (out node of the LUT)   --->   "%max_abs_6 = select i1 %and_ln292_12, i32 %max_abs_12_loc_load, i32 %max_abs_5" [swiglu.cpp:292]   --->   Operation 232 'select' 'max_abs_6' <Predicate = true> <Delay = 0.44> <CoreInst = "Sel">   --->   Core 73 'Sel' <Latency = 0> <II = 1> <Delay = 0.44> <FuncUnit> <Opcode : 'select'> <InPorts = 3> <OutPorts = 1>

State 31 <SV = 30> <Delay = 2.31>
ST_31 : Operation 233 [1/1] (0.00ns)   --->   "%max_abs_14_loc_load = load i32 %max_abs_14_loc"   --->   Operation 233 'load' 'max_abs_14_loc_load' <Predicate = true> <Delay = 0.00>
ST_31 : Operation 234 [3/3] (2.31ns)   --->   "%tmp_67 = fcmp_ogt  i32 %max_abs_14_loc_load, i32 %max_abs_6" [swiglu.cpp:292]   --->   Operation 234 'fcmp' 'tmp_67' <Predicate = true> <Delay = 2.31> <CoreInst = "FCompare">   --->   Core 19 'FCompare' <Latency = 2> <II = 1> <Delay = 2.31> <FuncUnit> <Opcode : 'fcmp'> <InPorts = 2> <OutPorts = 1>

State 32 <SV = 31> <Delay = 2.31>
ST_32 : Operation 235 [2/3] (2.31ns)   --->   "%tmp_67 = fcmp_ogt  i32 %max_abs_14_loc_load, i32 %max_abs_6" [swiglu.cpp:292]   --->   Operation 235 'fcmp' 'tmp_67' <Predicate = true> <Delay = 2.31> <CoreInst = "FCompare">   --->   Core 19 'FCompare' <Latency = 2> <II = 1> <Delay = 2.31> <FuncUnit> <Opcode : 'fcmp'> <InPorts = 2> <OutPorts = 1>

State 33 <SV = 32> <Delay = 2.31>
ST_33 : Operation 236 [1/3] (2.31ns)   --->   "%tmp_67 = fcmp_ogt  i32 %max_abs_14_loc_load, i32 %max_abs_6" [swiglu.cpp:292]   --->   Operation 236 'fcmp' 'tmp_67' <Predicate = true> <Delay = 2.31> <CoreInst = "FCompare">   --->   Core 19 'FCompare' <Latency = 2> <II = 1> <Delay = 2.31> <FuncUnit> <Opcode : 'fcmp'> <InPorts = 2> <OutPorts = 1>

State 34 <SV = 33> <Delay = 1.66>
ST_34 : Operation 237 [1/1] (0.00ns)   --->   "%bitcast_ln292_13 = bitcast i32 %max_abs_14_loc_load" [swiglu.cpp:292]   --->   Operation 237 'bitcast' 'bitcast_ln292_13' <Predicate = true> <Delay = 0.00>
ST_34 : Operation 238 [1/1] (0.00ns)   --->   "%tmp_65 = partselect i8 @_ssdm_op_PartSelect.i8.i32.i32.i32, i32 %bitcast_ln292_13, i32 23, i32 30" [swiglu.cpp:292]   --->   Operation 238 'partselect' 'tmp_65' <Predicate = true> <Delay = 0.00>
ST_34 : Operation 239 [1/1] (0.00ns)   --->   "%trunc_ln292_13 = trunc i32 %bitcast_ln292_13" [swiglu.cpp:292]   --->   Operation 239 'trunc' 'trunc_ln292_13' <Predicate = true> <Delay = 0.00>
ST_34 : Operation 240 [1/1] (0.00ns)   --->   "%bitcast_ln292_14 = bitcast i32 %max_abs_6" [swiglu.cpp:292]   --->   Operation 240 'bitcast' 'bitcast_ln292_14' <Predicate = true> <Delay = 0.00>
ST_34 : Operation 241 [1/1] (0.00ns)   --->   "%tmp_66 = partselect i8 @_ssdm_op_PartSelect.i8.i32.i32.i32, i32 %bitcast_ln292_14, i32 23, i32 30" [swiglu.cpp:292]   --->   Operation 241 'partselect' 'tmp_66' <Predicate = true> <Delay = 0.00>
ST_34 : Operation 242 [1/1] (0.00ns)   --->   "%trunc_ln292_14 = trunc i32 %bitcast_ln292_14" [swiglu.cpp:292]   --->   Operation 242 'trunc' 'trunc_ln292_14' <Predicate = true> <Delay = 0.00>
ST_34 : Operation 243 [1/1] (0.76ns)   --->   "%icmp_ln292_26 = icmp_ne  i8 %tmp_65, i8 255" [swiglu.cpp:292]   --->   Operation 243 'icmp' 'icmp_ln292_26' <Predicate = true> <Delay = 0.76> <CoreInst = "Cmp">   --->   Core 9 'Cmp' <Latency = 0> <II = 1> <Delay = 0.76> <FuncUnit> <Opcode : 'seteq' 'setne' 'setle' 'setge' 'setlt' 'setgt'> <InPorts = 2> <OutPorts = 1>
ST_34 : Operation 244 [1/1] (0.92ns)   --->   "%icmp_ln292_27 = icmp_eq  i23 %trunc_ln292_13, i23 0" [swiglu.cpp:292]   --->   Operation 244 'icmp' 'icmp_ln292_27' <Predicate = true> <Delay = 0.92> <CoreInst = "Cmp">   --->   Core 9 'Cmp' <Latency = 0> <II = 1> <Delay = 0.92> <FuncUnit> <Opcode : 'seteq' 'setne' 'setle' 'setge' 'setlt' 'setgt'> <InPorts = 2> <OutPorts = 1>
ST_34 : Operation 245 [1/1] (0.00ns) (grouped into LUT with out node and_ln292_14)   --->   "%or_ln292_13 = or i1 %icmp_ln292_27, i1 %icmp_ln292_26" [swiglu.cpp:292]   --->   Operation 245 'or' 'or_ln292_13' <Predicate = true> <Delay = 0.00> <CoreInst = "LogicGate">   --->   Core 74 'LogicGate' <Latency = 0> <II = 1> <Delay = 0.28> <FuncUnit> <Opcode : 'and' 'or' 'xor'> <InPorts = 2> <OutPorts = 1>
ST_34 : Operation 246 [1/1] (0.76ns)   --->   "%icmp_ln292_28 = icmp_ne  i8 %tmp_66, i8 255" [swiglu.cpp:292]   --->   Operation 246 'icmp' 'icmp_ln292_28' <Predicate = true> <Delay = 0.76> <CoreInst = "Cmp">   --->   Core 9 'Cmp' <Latency = 0> <II = 1> <Delay = 0.76> <FuncUnit> <Opcode : 'seteq' 'setne' 'setle' 'setge' 'setlt' 'setgt'> <InPorts = 2> <OutPorts = 1>
ST_34 : Operation 247 [1/1] (0.92ns)   --->   "%icmp_ln292_29 = icmp_eq  i23 %trunc_ln292_14, i23 0" [swiglu.cpp:292]   --->   Operation 247 'icmp' 'icmp_ln292_29' <Predicate = true> <Delay = 0.92> <CoreInst = "Cmp">   --->   Core 9 'Cmp' <Latency = 0> <II = 1> <Delay = 0.92> <FuncUnit> <Opcode : 'seteq' 'setne' 'setle' 'setge' 'setlt' 'setgt'> <InPorts = 2> <OutPorts = 1>
ST_34 : Operation 248 [1/1] (0.00ns) (grouped into LUT with out node and_ln292_14)   --->   "%or_ln292_14 = or i1 %icmp_ln292_29, i1 %icmp_ln292_28" [swiglu.cpp:292]   --->   Operation 248 'or' 'or_ln292_14' <Predicate = true> <Delay = 0.00> <CoreInst = "LogicGate">   --->   Core 74 'LogicGate' <Latency = 0> <II = 1> <Delay = 0.28> <FuncUnit> <Opcode : 'and' 'or' 'xor'> <InPorts = 2> <OutPorts = 1>
ST_34 : Operation 249 [1/1] (0.00ns) (grouped into LUT with out node and_ln292_14)   --->   "%and_ln292_13 = and i1 %or_ln292_13, i1 %or_ln292_14" [swiglu.cpp:292]   --->   Operation 249 'and' 'and_ln292_13' <Predicate = true> <Delay = 0.00> <CoreInst = "LogicGate">   --->   Core 74 'LogicGate' <Latency = 0> <II = 1> <Delay = 0.28> <FuncUnit> <Opcode : 'and' 'or' 'xor'> <InPorts = 2> <OutPorts = 1>
ST_34 : Operation 250 [1/1] (0.28ns) (out node of the LUT)   --->   "%and_ln292_14 = and i1 %and_ln292_13, i1 %tmp_67" [swiglu.cpp:292]   --->   Operation 250 'and' 'and_ln292_14' <Predicate = true> <Delay = 0.28> <CoreInst = "LogicGate">   --->   Core 74 'LogicGate' <Latency = 0> <II = 1> <Delay = 0.28> <FuncUnit> <Opcode : 'and' 'or' 'xor'> <InPorts = 2> <OutPorts = 1>
ST_34 : Operation 251 [1/1] (0.44ns) (out node of the LUT)   --->   "%max_abs_7 = select i1 %and_ln292_14, i32 %max_abs_14_loc_load, i32 %max_abs_6" [swiglu.cpp:292]   --->   Operation 251 'select' 'max_abs_7' <Predicate = true> <Delay = 0.44> <CoreInst = "Sel">   --->   Core 73 'Sel' <Latency = 0> <II = 1> <Delay = 0.44> <FuncUnit> <Opcode : 'select'> <InPorts = 3> <OutPorts = 1>

State 35 <SV = 34> <Delay = 2.31>
ST_35 : Operation 252 [1/1] (0.00ns)   --->   "%bitcast_ln294 = bitcast i32 %max_abs_7" [swiglu.cpp:294]   --->   Operation 252 'bitcast' 'bitcast_ln294' <Predicate = true> <Delay = 0.00>
ST_35 : Operation 253 [1/1] (0.00ns)   --->   "%tmp_68 = partselect i8 @_ssdm_op_PartSelect.i8.i32.i32.i32, i32 %bitcast_ln294, i32 23, i32 30" [swiglu.cpp:294]   --->   Operation 253 'partselect' 'tmp_68' <Predicate = true> <Delay = 0.00>
ST_35 : Operation 254 [1/1] (0.00ns)   --->   "%trunc_ln294 = trunc i32 %bitcast_ln294" [swiglu.cpp:294]   --->   Operation 254 'trunc' 'trunc_ln294' <Predicate = true> <Delay = 0.00>
ST_35 : Operation 255 [1/1] (0.76ns)   --->   "%icmp_ln294 = icmp_ne  i8 %tmp_68, i8 255" [swiglu.cpp:294]   --->   Operation 255 'icmp' 'icmp_ln294' <Predicate = true> <Delay = 0.76> <CoreInst = "Cmp">   --->   Core 9 'Cmp' <Latency = 0> <II = 1> <Delay = 0.76> <FuncUnit> <Opcode : 'seteq' 'setne' 'setle' 'setge' 'setlt' 'setgt'> <InPorts = 2> <OutPorts = 1>
ST_35 : Operation 256 [1/1] (0.92ns)   --->   "%icmp_ln294_1 = icmp_eq  i23 %trunc_ln294, i23 0" [swiglu.cpp:294]   --->   Operation 256 'icmp' 'icmp_ln294_1' <Predicate = true> <Delay = 0.92> <CoreInst = "Cmp">   --->   Core 9 'Cmp' <Latency = 0> <II = 1> <Delay = 0.92> <FuncUnit> <Opcode : 'seteq' 'setne' 'setle' 'setge' 'setlt' 'setgt'> <InPorts = 2> <OutPorts = 1>
ST_35 : Operation 257 [3/3] (2.31ns)   --->   "%tmp_69 = fcmp_ogt  i32 %max_abs_7, i32 0" [swiglu.cpp:294]   --->   Operation 257 'fcmp' 'tmp_69' <Predicate = true> <Delay = 2.31> <CoreInst = "FCompare">   --->   Core 19 'FCompare' <Latency = 2> <II = 1> <Delay = 2.31> <FuncUnit> <Opcode : 'fcmp'> <InPorts = 2> <OutPorts = 1>
ST_35 : Operation 258 [30/30] (2.23ns)   --->   "%div = fdiv i32 %max_abs_7, i32 127" [swiglu.cpp:294]   --->   Operation 258 'fdiv' 'div' <Predicate = true> <Delay = 2.23> <CoreInst = "FDiv">   --->   Core 20 'FDiv' <Latency = 29> <II = 1> <Delay = 2.23> <FuncUnit> <Opcode : 'fdiv' 'frem'> <InPorts = 2> <OutPorts = 1>

State 36 <SV = 35> <Delay = 2.31>
ST_36 : Operation 259 [2/3] (2.31ns)   --->   "%tmp_69 = fcmp_ogt  i32 %max_abs_7, i32 0" [swiglu.cpp:294]   --->   Operation 259 'fcmp' 'tmp_69' <Predicate = true> <Delay = 2.31> <CoreInst = "FCompare">   --->   Core 19 'FCompare' <Latency = 2> <II = 1> <Delay = 2.31> <FuncUnit> <Opcode : 'fcmp'> <InPorts = 2> <OutPorts = 1>
ST_36 : Operation 260 [29/30] (2.23ns)   --->   "%div = fdiv i32 %max_abs_7, i32 127" [swiglu.cpp:294]   --->   Operation 260 'fdiv' 'div' <Predicate = true> <Delay = 2.23> <CoreInst = "FDiv">   --->   Core 20 'FDiv' <Latency = 29> <II = 1> <Delay = 2.23> <FuncUnit> <Opcode : 'fdiv' 'frem'> <InPorts = 2> <OutPorts = 1>

State 37 <SV = 36> <Delay = 2.31>
ST_37 : Operation 261 [1/3] (2.31ns)   --->   "%tmp_69 = fcmp_ogt  i32 %max_abs_7, i32 0" [swiglu.cpp:294]   --->   Operation 261 'fcmp' 'tmp_69' <Predicate = true> <Delay = 2.31> <CoreInst = "FCompare">   --->   Core 19 'FCompare' <Latency = 2> <II = 1> <Delay = 2.31> <FuncUnit> <Opcode : 'fcmp'> <InPorts = 2> <OutPorts = 1>
ST_37 : Operation 262 [28/30] (2.23ns)   --->   "%div = fdiv i32 %max_abs_7, i32 127" [swiglu.cpp:294]   --->   Operation 262 'fdiv' 'div' <Predicate = true> <Delay = 2.23> <CoreInst = "FDiv">   --->   Core 20 'FDiv' <Latency = 29> <II = 1> <Delay = 2.23> <FuncUnit> <Opcode : 'fdiv' 'frem'> <InPorts = 2> <OutPorts = 1>

State 38 <SV = 37> <Delay = 2.23>
ST_38 : Operation 263 [27/30] (2.23ns)   --->   "%div = fdiv i32 %max_abs_7, i32 127" [swiglu.cpp:294]   --->   Operation 263 'fdiv' 'div' <Predicate = true> <Delay = 2.23> <CoreInst = "FDiv">   --->   Core 20 'FDiv' <Latency = 29> <II = 1> <Delay = 2.23> <FuncUnit> <Opcode : 'fdiv' 'frem'> <InPorts = 2> <OutPorts = 1>

State 39 <SV = 38> <Delay = 2.23>
ST_39 : Operation 264 [26/30] (2.23ns)   --->   "%div = fdiv i32 %max_abs_7, i32 127" [swiglu.cpp:294]   --->   Operation 264 'fdiv' 'div' <Predicate = true> <Delay = 2.23> <CoreInst = "FDiv">   --->   Core 20 'FDiv' <Latency = 29> <II = 1> <Delay = 2.23> <FuncUnit> <Opcode : 'fdiv' 'frem'> <InPorts = 2> <OutPorts = 1>

State 40 <SV = 39> <Delay = 2.23>
ST_40 : Operation 265 [25/30] (2.23ns)   --->   "%div = fdiv i32 %max_abs_7, i32 127" [swiglu.cpp:294]   --->   Operation 265 'fdiv' 'div' <Predicate = true> <Delay = 2.23> <CoreInst = "FDiv">   --->   Core 20 'FDiv' <Latency = 29> <II = 1> <Delay = 2.23> <FuncUnit> <Opcode : 'fdiv' 'frem'> <InPorts = 2> <OutPorts = 1>

State 41 <SV = 40> <Delay = 2.23>
ST_41 : Operation 266 [24/30] (2.23ns)   --->   "%div = fdiv i32 %max_abs_7, i32 127" [swiglu.cpp:294]   --->   Operation 266 'fdiv' 'div' <Predicate = true> <Delay = 2.23> <CoreInst = "FDiv">   --->   Core 20 'FDiv' <Latency = 29> <II = 1> <Delay = 2.23> <FuncUnit> <Opcode : 'fdiv' 'frem'> <InPorts = 2> <OutPorts = 1>

State 42 <SV = 41> <Delay = 2.23>
ST_42 : Operation 267 [23/30] (2.23ns)   --->   "%div = fdiv i32 %max_abs_7, i32 127" [swiglu.cpp:294]   --->   Operation 267 'fdiv' 'div' <Predicate = true> <Delay = 2.23> <CoreInst = "FDiv">   --->   Core 20 'FDiv' <Latency = 29> <II = 1> <Delay = 2.23> <FuncUnit> <Opcode : 'fdiv' 'frem'> <InPorts = 2> <OutPorts = 1>

State 43 <SV = 42> <Delay = 2.23>
ST_43 : Operation 268 [22/30] (2.23ns)   --->   "%div = fdiv i32 %max_abs_7, i32 127" [swiglu.cpp:294]   --->   Operation 268 'fdiv' 'div' <Predicate = true> <Delay = 2.23> <CoreInst = "FDiv">   --->   Core 20 'FDiv' <Latency = 29> <II = 1> <Delay = 2.23> <FuncUnit> <Opcode : 'fdiv' 'frem'> <InPorts = 2> <OutPorts = 1>

State 44 <SV = 43> <Delay = 2.23>
ST_44 : Operation 269 [21/30] (2.23ns)   --->   "%div = fdiv i32 %max_abs_7, i32 127" [swiglu.cpp:294]   --->   Operation 269 'fdiv' 'div' <Predicate = true> <Delay = 2.23> <CoreInst = "FDiv">   --->   Core 20 'FDiv' <Latency = 29> <II = 1> <Delay = 2.23> <FuncUnit> <Opcode : 'fdiv' 'frem'> <InPorts = 2> <OutPorts = 1>

State 45 <SV = 44> <Delay = 2.23>
ST_45 : Operation 270 [20/30] (2.23ns)   --->   "%div = fdiv i32 %max_abs_7, i32 127" [swiglu.cpp:294]   --->   Operation 270 'fdiv' 'div' <Predicate = true> <Delay = 2.23> <CoreInst = "FDiv">   --->   Core 20 'FDiv' <Latency = 29> <II = 1> <Delay = 2.23> <FuncUnit> <Opcode : 'fdiv' 'frem'> <InPorts = 2> <OutPorts = 1>

State 46 <SV = 45> <Delay = 2.23>
ST_46 : Operation 271 [19/30] (2.23ns)   --->   "%div = fdiv i32 %max_abs_7, i32 127" [swiglu.cpp:294]   --->   Operation 271 'fdiv' 'div' <Predicate = true> <Delay = 2.23> <CoreInst = "FDiv">   --->   Core 20 'FDiv' <Latency = 29> <II = 1> <Delay = 2.23> <FuncUnit> <Opcode : 'fdiv' 'frem'> <InPorts = 2> <OutPorts = 1>

State 47 <SV = 46> <Delay = 2.23>
ST_47 : Operation 272 [18/30] (2.23ns)   --->   "%div = fdiv i32 %max_abs_7, i32 127" [swiglu.cpp:294]   --->   Operation 272 'fdiv' 'div' <Predicate = true> <Delay = 2.23> <CoreInst = "FDiv">   --->   Core 20 'FDiv' <Latency = 29> <II = 1> <Delay = 2.23> <FuncUnit> <Opcode : 'fdiv' 'frem'> <InPorts = 2> <OutPorts = 1>

State 48 <SV = 47> <Delay = 2.23>
ST_48 : Operation 273 [17/30] (2.23ns)   --->   "%div = fdiv i32 %max_abs_7, i32 127" [swiglu.cpp:294]   --->   Operation 273 'fdiv' 'div' <Predicate = true> <Delay = 2.23> <CoreInst = "FDiv">   --->   Core 20 'FDiv' <Latency = 29> <II = 1> <Delay = 2.23> <FuncUnit> <Opcode : 'fdiv' 'frem'> <InPorts = 2> <OutPorts = 1>

State 49 <SV = 48> <Delay = 2.23>
ST_49 : Operation 274 [16/30] (2.23ns)   --->   "%div = fdiv i32 %max_abs_7, i32 127" [swiglu.cpp:294]   --->   Operation 274 'fdiv' 'div' <Predicate = true> <Delay = 2.23> <CoreInst = "FDiv">   --->   Core 20 'FDiv' <Latency = 29> <II = 1> <Delay = 2.23> <FuncUnit> <Opcode : 'fdiv' 'frem'> <InPorts = 2> <OutPorts = 1>

State 50 <SV = 49> <Delay = 2.23>
ST_50 : Operation 275 [15/30] (2.23ns)   --->   "%div = fdiv i32 %max_abs_7, i32 127" [swiglu.cpp:294]   --->   Operation 275 'fdiv' 'div' <Predicate = true> <Delay = 2.23> <CoreInst = "FDiv">   --->   Core 20 'FDiv' <Latency = 29> <II = 1> <Delay = 2.23> <FuncUnit> <Opcode : 'fdiv' 'frem'> <InPorts = 2> <OutPorts = 1>

State 51 <SV = 50> <Delay = 2.23>
ST_51 : Operation 276 [14/30] (2.23ns)   --->   "%div = fdiv i32 %max_abs_7, i32 127" [swiglu.cpp:294]   --->   Operation 276 'fdiv' 'div' <Predicate = true> <Delay = 2.23> <CoreInst = "FDiv">   --->   Core 20 'FDiv' <Latency = 29> <II = 1> <Delay = 2.23> <FuncUnit> <Opcode : 'fdiv' 'frem'> <InPorts = 2> <OutPorts = 1>

State 52 <SV = 51> <Delay = 2.23>
ST_52 : Operation 277 [13/30] (2.23ns)   --->   "%div = fdiv i32 %max_abs_7, i32 127" [swiglu.cpp:294]   --->   Operation 277 'fdiv' 'div' <Predicate = true> <Delay = 2.23> <CoreInst = "FDiv">   --->   Core 20 'FDiv' <Latency = 29> <II = 1> <Delay = 2.23> <FuncUnit> <Opcode : 'fdiv' 'frem'> <InPorts = 2> <OutPorts = 1>

State 53 <SV = 52> <Delay = 2.23>
ST_53 : Operation 278 [12/30] (2.23ns)   --->   "%div = fdiv i32 %max_abs_7, i32 127" [swiglu.cpp:294]   --->   Operation 278 'fdiv' 'div' <Predicate = true> <Delay = 2.23> <CoreInst = "FDiv">   --->   Core 20 'FDiv' <Latency = 29> <II = 1> <Delay = 2.23> <FuncUnit> <Opcode : 'fdiv' 'frem'> <InPorts = 2> <OutPorts = 1>

State 54 <SV = 53> <Delay = 2.23>
ST_54 : Operation 279 [11/30] (2.23ns)   --->   "%div = fdiv i32 %max_abs_7, i32 127" [swiglu.cpp:294]   --->   Operation 279 'fdiv' 'div' <Predicate = true> <Delay = 2.23> <CoreInst = "FDiv">   --->   Core 20 'FDiv' <Latency = 29> <II = 1> <Delay = 2.23> <FuncUnit> <Opcode : 'fdiv' 'frem'> <InPorts = 2> <OutPorts = 1>

State 55 <SV = 54> <Delay = 2.23>
ST_55 : Operation 280 [10/30] (2.23ns)   --->   "%div = fdiv i32 %max_abs_7, i32 127" [swiglu.cpp:294]   --->   Operation 280 'fdiv' 'div' <Predicate = true> <Delay = 2.23> <CoreInst = "FDiv">   --->   Core 20 'FDiv' <Latency = 29> <II = 1> <Delay = 2.23> <FuncUnit> <Opcode : 'fdiv' 'frem'> <InPorts = 2> <OutPorts = 1>

State 56 <SV = 55> <Delay = 2.23>
ST_56 : Operation 281 [9/30] (2.23ns)   --->   "%div = fdiv i32 %max_abs_7, i32 127" [swiglu.cpp:294]   --->   Operation 281 'fdiv' 'div' <Predicate = true> <Delay = 2.23> <CoreInst = "FDiv">   --->   Core 20 'FDiv' <Latency = 29> <II = 1> <Delay = 2.23> <FuncUnit> <Opcode : 'fdiv' 'frem'> <InPorts = 2> <OutPorts = 1>

State 57 <SV = 56> <Delay = 2.23>
ST_57 : Operation 282 [8/30] (2.23ns)   --->   "%div = fdiv i32 %max_abs_7, i32 127" [swiglu.cpp:294]   --->   Operation 282 'fdiv' 'div' <Predicate = true> <Delay = 2.23> <CoreInst = "FDiv">   --->   Core 20 'FDiv' <Latency = 29> <II = 1> <Delay = 2.23> <FuncUnit> <Opcode : 'fdiv' 'frem'> <InPorts = 2> <OutPorts = 1>

State 58 <SV = 57> <Delay = 2.23>
ST_58 : Operation 283 [7/30] (2.23ns)   --->   "%div = fdiv i32 %max_abs_7, i32 127" [swiglu.cpp:294]   --->   Operation 283 'fdiv' 'div' <Predicate = true> <Delay = 2.23> <CoreInst = "FDiv">   --->   Core 20 'FDiv' <Latency = 29> <II = 1> <Delay = 2.23> <FuncUnit> <Opcode : 'fdiv' 'frem'> <InPorts = 2> <OutPorts = 1>

State 59 <SV = 58> <Delay = 2.23>
ST_59 : Operation 284 [6/30] (2.23ns)   --->   "%div = fdiv i32 %max_abs_7, i32 127" [swiglu.cpp:294]   --->   Operation 284 'fdiv' 'div' <Predicate = true> <Delay = 2.23> <CoreInst = "FDiv">   --->   Core 20 'FDiv' <Latency = 29> <II = 1> <Delay = 2.23> <FuncUnit> <Opcode : 'fdiv' 'frem'> <InPorts = 2> <OutPorts = 1>

State 60 <SV = 59> <Delay = 2.23>
ST_60 : Operation 285 [5/30] (2.23ns)   --->   "%div = fdiv i32 %max_abs_7, i32 127" [swiglu.cpp:294]   --->   Operation 285 'fdiv' 'div' <Predicate = true> <Delay = 2.23> <CoreInst = "FDiv">   --->   Core 20 'FDiv' <Latency = 29> <II = 1> <Delay = 2.23> <FuncUnit> <Opcode : 'fdiv' 'frem'> <InPorts = 2> <OutPorts = 1>

State 61 <SV = 60> <Delay = 2.23>
ST_61 : Operation 286 [4/30] (2.23ns)   --->   "%div = fdiv i32 %max_abs_7, i32 127" [swiglu.cpp:294]   --->   Operation 286 'fdiv' 'div' <Predicate = true> <Delay = 2.23> <CoreInst = "FDiv">   --->   Core 20 'FDiv' <Latency = 29> <II = 1> <Delay = 2.23> <FuncUnit> <Opcode : 'fdiv' 'frem'> <InPorts = 2> <OutPorts = 1>

State 62 <SV = 61> <Delay = 2.23>
ST_62 : Operation 287 [3/30] (2.23ns)   --->   "%div = fdiv i32 %max_abs_7, i32 127" [swiglu.cpp:294]   --->   Operation 287 'fdiv' 'div' <Predicate = true> <Delay = 2.23> <CoreInst = "FDiv">   --->   Core 20 'FDiv' <Latency = 29> <II = 1> <Delay = 2.23> <FuncUnit> <Opcode : 'fdiv' 'frem'> <InPorts = 2> <OutPorts = 1>

State 63 <SV = 62> <Delay = 2.23>
ST_63 : Operation 288 [2/30] (2.23ns)   --->   "%div = fdiv i32 %max_abs_7, i32 127" [swiglu.cpp:294]   --->   Operation 288 'fdiv' 'div' <Predicate = true> <Delay = 2.23> <CoreInst = "FDiv">   --->   Core 20 'FDiv' <Latency = 29> <II = 1> <Delay = 2.23> <FuncUnit> <Opcode : 'fdiv' 'frem'> <InPorts = 2> <OutPorts = 1>

State 64 <SV = 63> <Delay = 2.23>
ST_64 : Operation 289 [1/30] (2.23ns)   --->   "%div = fdiv i32 %max_abs_7, i32 127" [swiglu.cpp:294]   --->   Operation 289 'fdiv' 'div' <Predicate = true> <Delay = 2.23> <CoreInst = "FDiv">   --->   Core 20 'FDiv' <Latency = 29> <II = 1> <Delay = 2.23> <FuncUnit> <Opcode : 'fdiv' 'frem'> <InPorts = 2> <OutPorts = 1>

State 65 <SV = 64> <Delay = 0.44>
ST_65 : Operation 290 [1/1] (0.00ns) (grouped into LUT with out node gs)   --->   "%or_ln294 = or i1 %icmp_ln294_1, i1 %icmp_ln294" [swiglu.cpp:294]   --->   Operation 290 'or' 'or_ln294' <Predicate = true> <Delay = 0.00> <CoreInst = "LogicGate">   --->   Core 74 'LogicGate' <Latency = 0> <II = 1> <Delay = 0.28> <FuncUnit> <Opcode : 'and' 'or' 'xor'> <InPorts = 2> <OutPorts = 1>
ST_65 : Operation 291 [1/1] (0.00ns) (grouped into LUT with out node gs)   --->   "%and_ln294 = and i1 %or_ln294, i1 %tmp_69" [swiglu.cpp:294]   --->   Operation 291 'and' 'and_ln294' <Predicate = true> <Delay = 0.00> <CoreInst = "LogicGate">   --->   Core 74 'LogicGate' <Latency = 0> <II = 1> <Delay = 0.28> <FuncUnit> <Opcode : 'and' 'or' 'xor'> <InPorts = 2> <OutPorts = 1>
ST_65 : Operation 292 [1/1] (0.44ns) (out node of the LUT)   --->   "%gs = select i1 %and_ln294, i32 %div, i32 1" [swiglu.cpp:294]   --->   Operation 292 'select' 'gs' <Predicate = true> <Delay = 0.44> <CoreInst = "Sel">   --->   Core 73 'Sel' <Latency = 0> <II = 1> <Delay = 0.44> <FuncUnit> <Opcode : 'select'> <InPorts = 3> <OutPorts = 1>

State 66 <SV = 65> <Delay = 2.23>
ST_66 : Operation 293 [30/30] (2.23ns)   --->   "%inv_gs = fdiv i32 1, i32 %gs" [swiglu.cpp:295]   --->   Operation 293 'fdiv' 'inv_gs' <Predicate = true> <Delay = 2.23> <CoreInst = "FDiv">   --->   Core 20 'FDiv' <Latency = 29> <II = 1> <Delay = 2.23> <FuncUnit> <Opcode : 'fdiv' 'frem'> <InPorts = 2> <OutPorts = 1>

State 67 <SV = 66> <Delay = 2.23>
ST_67 : Operation 294 [29/30] (2.23ns)   --->   "%inv_gs = fdiv i32 1, i32 %gs" [swiglu.cpp:295]   --->   Operation 294 'fdiv' 'inv_gs' <Predicate = true> <Delay = 2.23> <CoreInst = "FDiv">   --->   Core 20 'FDiv' <Latency = 29> <II = 1> <Delay = 2.23> <FuncUnit> <Opcode : 'fdiv' 'frem'> <InPorts = 2> <OutPorts = 1>

State 68 <SV = 67> <Delay = 2.23>
ST_68 : Operation 295 [28/30] (2.23ns)   --->   "%inv_gs = fdiv i32 1, i32 %gs" [swiglu.cpp:295]   --->   Operation 295 'fdiv' 'inv_gs' <Predicate = true> <Delay = 2.23> <CoreInst = "FDiv">   --->   Core 20 'FDiv' <Latency = 29> <II = 1> <Delay = 2.23> <FuncUnit> <Opcode : 'fdiv' 'frem'> <InPorts = 2> <OutPorts = 1>

State 69 <SV = 68> <Delay = 2.23>
ST_69 : Operation 296 [27/30] (2.23ns)   --->   "%inv_gs = fdiv i32 1, i32 %gs" [swiglu.cpp:295]   --->   Operation 296 'fdiv' 'inv_gs' <Predicate = true> <Delay = 2.23> <CoreInst = "FDiv">   --->   Core 20 'FDiv' <Latency = 29> <II = 1> <Delay = 2.23> <FuncUnit> <Opcode : 'fdiv' 'frem'> <InPorts = 2> <OutPorts = 1>

State 70 <SV = 69> <Delay = 2.23>
ST_70 : Operation 297 [26/30] (2.23ns)   --->   "%inv_gs = fdiv i32 1, i32 %gs" [swiglu.cpp:295]   --->   Operation 297 'fdiv' 'inv_gs' <Predicate = true> <Delay = 2.23> <CoreInst = "FDiv">   --->   Core 20 'FDiv' <Latency = 29> <II = 1> <Delay = 2.23> <FuncUnit> <Opcode : 'fdiv' 'frem'> <InPorts = 2> <OutPorts = 1>

State 71 <SV = 70> <Delay = 2.23>
ST_71 : Operation 298 [25/30] (2.23ns)   --->   "%inv_gs = fdiv i32 1, i32 %gs" [swiglu.cpp:295]   --->   Operation 298 'fdiv' 'inv_gs' <Predicate = true> <Delay = 2.23> <CoreInst = "FDiv">   --->   Core 20 'FDiv' <Latency = 29> <II = 1> <Delay = 2.23> <FuncUnit> <Opcode : 'fdiv' 'frem'> <InPorts = 2> <OutPorts = 1>

State 72 <SV = 71> <Delay = 2.23>
ST_72 : Operation 299 [24/30] (2.23ns)   --->   "%inv_gs = fdiv i32 1, i32 %gs" [swiglu.cpp:295]   --->   Operation 299 'fdiv' 'inv_gs' <Predicate = true> <Delay = 2.23> <CoreInst = "FDiv">   --->   Core 20 'FDiv' <Latency = 29> <II = 1> <Delay = 2.23> <FuncUnit> <Opcode : 'fdiv' 'frem'> <InPorts = 2> <OutPorts = 1>

State 73 <SV = 72> <Delay = 2.23>
ST_73 : Operation 300 [23/30] (2.23ns)   --->   "%inv_gs = fdiv i32 1, i32 %gs" [swiglu.cpp:295]   --->   Operation 300 'fdiv' 'inv_gs' <Predicate = true> <Delay = 2.23> <CoreInst = "FDiv">   --->   Core 20 'FDiv' <Latency = 29> <II = 1> <Delay = 2.23> <FuncUnit> <Opcode : 'fdiv' 'frem'> <InPorts = 2> <OutPorts = 1>

State 74 <SV = 73> <Delay = 2.23>
ST_74 : Operation 301 [22/30] (2.23ns)   --->   "%inv_gs = fdiv i32 1, i32 %gs" [swiglu.cpp:295]   --->   Operation 301 'fdiv' 'inv_gs' <Predicate = true> <Delay = 2.23> <CoreInst = "FDiv">   --->   Core 20 'FDiv' <Latency = 29> <II = 1> <Delay = 2.23> <FuncUnit> <Opcode : 'fdiv' 'frem'> <InPorts = 2> <OutPorts = 1>

State 75 <SV = 74> <Delay = 2.23>
ST_75 : Operation 302 [21/30] (2.23ns)   --->   "%inv_gs = fdiv i32 1, i32 %gs" [swiglu.cpp:295]   --->   Operation 302 'fdiv' 'inv_gs' <Predicate = true> <Delay = 2.23> <CoreInst = "FDiv">   --->   Core 20 'FDiv' <Latency = 29> <II = 1> <Delay = 2.23> <FuncUnit> <Opcode : 'fdiv' 'frem'> <InPorts = 2> <OutPorts = 1>

State 76 <SV = 75> <Delay = 2.23>
ST_76 : Operation 303 [20/30] (2.23ns)   --->   "%inv_gs = fdiv i32 1, i32 %gs" [swiglu.cpp:295]   --->   Operation 303 'fdiv' 'inv_gs' <Predicate = true> <Delay = 2.23> <CoreInst = "FDiv">   --->   Core 20 'FDiv' <Latency = 29> <II = 1> <Delay = 2.23> <FuncUnit> <Opcode : 'fdiv' 'frem'> <InPorts = 2> <OutPorts = 1>

State 77 <SV = 76> <Delay = 2.23>
ST_77 : Operation 304 [19/30] (2.23ns)   --->   "%inv_gs = fdiv i32 1, i32 %gs" [swiglu.cpp:295]   --->   Operation 304 'fdiv' 'inv_gs' <Predicate = true> <Delay = 2.23> <CoreInst = "FDiv">   --->   Core 20 'FDiv' <Latency = 29> <II = 1> <Delay = 2.23> <FuncUnit> <Opcode : 'fdiv' 'frem'> <InPorts = 2> <OutPorts = 1>

State 78 <SV = 77> <Delay = 2.23>
ST_78 : Operation 305 [18/30] (2.23ns)   --->   "%inv_gs = fdiv i32 1, i32 %gs" [swiglu.cpp:295]   --->   Operation 305 'fdiv' 'inv_gs' <Predicate = true> <Delay = 2.23> <CoreInst = "FDiv">   --->   Core 20 'FDiv' <Latency = 29> <II = 1> <Delay = 2.23> <FuncUnit> <Opcode : 'fdiv' 'frem'> <InPorts = 2> <OutPorts = 1>

State 79 <SV = 78> <Delay = 2.23>
ST_79 : Operation 306 [17/30] (2.23ns)   --->   "%inv_gs = fdiv i32 1, i32 %gs" [swiglu.cpp:295]   --->   Operation 306 'fdiv' 'inv_gs' <Predicate = true> <Delay = 2.23> <CoreInst = "FDiv">   --->   Core 20 'FDiv' <Latency = 29> <II = 1> <Delay = 2.23> <FuncUnit> <Opcode : 'fdiv' 'frem'> <InPorts = 2> <OutPorts = 1>

State 80 <SV = 79> <Delay = 2.23>
ST_80 : Operation 307 [16/30] (2.23ns)   --->   "%inv_gs = fdiv i32 1, i32 %gs" [swiglu.cpp:295]   --->   Operation 307 'fdiv' 'inv_gs' <Predicate = true> <Delay = 2.23> <CoreInst = "FDiv">   --->   Core 20 'FDiv' <Latency = 29> <II = 1> <Delay = 2.23> <FuncUnit> <Opcode : 'fdiv' 'frem'> <InPorts = 2> <OutPorts = 1>

State 81 <SV = 80> <Delay = 2.23>
ST_81 : Operation 308 [15/30] (2.23ns)   --->   "%inv_gs = fdiv i32 1, i32 %gs" [swiglu.cpp:295]   --->   Operation 308 'fdiv' 'inv_gs' <Predicate = true> <Delay = 2.23> <CoreInst = "FDiv">   --->   Core 20 'FDiv' <Latency = 29> <II = 1> <Delay = 2.23> <FuncUnit> <Opcode : 'fdiv' 'frem'> <InPorts = 2> <OutPorts = 1>

State 82 <SV = 81> <Delay = 2.23>
ST_82 : Operation 309 [14/30] (2.23ns)   --->   "%inv_gs = fdiv i32 1, i32 %gs" [swiglu.cpp:295]   --->   Operation 309 'fdiv' 'inv_gs' <Predicate = true> <Delay = 2.23> <CoreInst = "FDiv">   --->   Core 20 'FDiv' <Latency = 29> <II = 1> <Delay = 2.23> <FuncUnit> <Opcode : 'fdiv' 'frem'> <InPorts = 2> <OutPorts = 1>

State 83 <SV = 82> <Delay = 2.23>
ST_83 : Operation 310 [13/30] (2.23ns)   --->   "%inv_gs = fdiv i32 1, i32 %gs" [swiglu.cpp:295]   --->   Operation 310 'fdiv' 'inv_gs' <Predicate = true> <Delay = 2.23> <CoreInst = "FDiv">   --->   Core 20 'FDiv' <Latency = 29> <II = 1> <Delay = 2.23> <FuncUnit> <Opcode : 'fdiv' 'frem'> <InPorts = 2> <OutPorts = 1>

State 84 <SV = 83> <Delay = 2.23>
ST_84 : Operation 311 [12/30] (2.23ns)   --->   "%inv_gs = fdiv i32 1, i32 %gs" [swiglu.cpp:295]   --->   Operation 311 'fdiv' 'inv_gs' <Predicate = true> <Delay = 2.23> <CoreInst = "FDiv">   --->   Core 20 'FDiv' <Latency = 29> <II = 1> <Delay = 2.23> <FuncUnit> <Opcode : 'fdiv' 'frem'> <InPorts = 2> <OutPorts = 1>

State 85 <SV = 84> <Delay = 2.23>
ST_85 : Operation 312 [11/30] (2.23ns)   --->   "%inv_gs = fdiv i32 1, i32 %gs" [swiglu.cpp:295]   --->   Operation 312 'fdiv' 'inv_gs' <Predicate = true> <Delay = 2.23> <CoreInst = "FDiv">   --->   Core 20 'FDiv' <Latency = 29> <II = 1> <Delay = 2.23> <FuncUnit> <Opcode : 'fdiv' 'frem'> <InPorts = 2> <OutPorts = 1>

State 86 <SV = 85> <Delay = 2.23>
ST_86 : Operation 313 [10/30] (2.23ns)   --->   "%inv_gs = fdiv i32 1, i32 %gs" [swiglu.cpp:295]   --->   Operation 313 'fdiv' 'inv_gs' <Predicate = true> <Delay = 2.23> <CoreInst = "FDiv">   --->   Core 20 'FDiv' <Latency = 29> <II = 1> <Delay = 2.23> <FuncUnit> <Opcode : 'fdiv' 'frem'> <InPorts = 2> <OutPorts = 1>

State 87 <SV = 86> <Delay = 2.23>
ST_87 : Operation 314 [9/30] (2.23ns)   --->   "%inv_gs = fdiv i32 1, i32 %gs" [swiglu.cpp:295]   --->   Operation 314 'fdiv' 'inv_gs' <Predicate = true> <Delay = 2.23> <CoreInst = "FDiv">   --->   Core 20 'FDiv' <Latency = 29> <II = 1> <Delay = 2.23> <FuncUnit> <Opcode : 'fdiv' 'frem'> <InPorts = 2> <OutPorts = 1>

State 88 <SV = 87> <Delay = 2.23>
ST_88 : Operation 315 [8/30] (2.23ns)   --->   "%inv_gs = fdiv i32 1, i32 %gs" [swiglu.cpp:295]   --->   Operation 315 'fdiv' 'inv_gs' <Predicate = true> <Delay = 2.23> <CoreInst = "FDiv">   --->   Core 20 'FDiv' <Latency = 29> <II = 1> <Delay = 2.23> <FuncUnit> <Opcode : 'fdiv' 'frem'> <InPorts = 2> <OutPorts = 1>

State 89 <SV = 88> <Delay = 2.23>
ST_89 : Operation 316 [7/30] (2.23ns)   --->   "%inv_gs = fdiv i32 1, i32 %gs" [swiglu.cpp:295]   --->   Operation 316 'fdiv' 'inv_gs' <Predicate = true> <Delay = 2.23> <CoreInst = "FDiv">   --->   Core 20 'FDiv' <Latency = 29> <II = 1> <Delay = 2.23> <FuncUnit> <Opcode : 'fdiv' 'frem'> <InPorts = 2> <OutPorts = 1>

State 90 <SV = 89> <Delay = 2.23>
ST_90 : Operation 317 [6/30] (2.23ns)   --->   "%inv_gs = fdiv i32 1, i32 %gs" [swiglu.cpp:295]   --->   Operation 317 'fdiv' 'inv_gs' <Predicate = true> <Delay = 2.23> <CoreInst = "FDiv">   --->   Core 20 'FDiv' <Latency = 29> <II = 1> <Delay = 2.23> <FuncUnit> <Opcode : 'fdiv' 'frem'> <InPorts = 2> <OutPorts = 1>

State 91 <SV = 90> <Delay = 2.23>
ST_91 : Operation 318 [5/30] (2.23ns)   --->   "%inv_gs = fdiv i32 1, i32 %gs" [swiglu.cpp:295]   --->   Operation 318 'fdiv' 'inv_gs' <Predicate = true> <Delay = 2.23> <CoreInst = "FDiv">   --->   Core 20 'FDiv' <Latency = 29> <II = 1> <Delay = 2.23> <FuncUnit> <Opcode : 'fdiv' 'frem'> <InPorts = 2> <OutPorts = 1>

State 92 <SV = 91> <Delay = 2.23>
ST_92 : Operation 319 [4/30] (2.23ns)   --->   "%inv_gs = fdiv i32 1, i32 %gs" [swiglu.cpp:295]   --->   Operation 319 'fdiv' 'inv_gs' <Predicate = true> <Delay = 2.23> <CoreInst = "FDiv">   --->   Core 20 'FDiv' <Latency = 29> <II = 1> <Delay = 2.23> <FuncUnit> <Opcode : 'fdiv' 'frem'> <InPorts = 2> <OutPorts = 1>

State 93 <SV = 92> <Delay = 2.23>
ST_93 : Operation 320 [3/30] (2.23ns)   --->   "%inv_gs = fdiv i32 1, i32 %gs" [swiglu.cpp:295]   --->   Operation 320 'fdiv' 'inv_gs' <Predicate = true> <Delay = 2.23> <CoreInst = "FDiv">   --->   Core 20 'FDiv' <Latency = 29> <II = 1> <Delay = 2.23> <FuncUnit> <Opcode : 'fdiv' 'frem'> <InPorts = 2> <OutPorts = 1>

State 94 <SV = 93> <Delay = 2.23>
ST_94 : Operation 321 [2/30] (2.23ns)   --->   "%inv_gs = fdiv i32 1, i32 %gs" [swiglu.cpp:295]   --->   Operation 321 'fdiv' 'inv_gs' <Predicate = true> <Delay = 2.23> <CoreInst = "FDiv">   --->   Core 20 'FDiv' <Latency = 29> <II = 1> <Delay = 2.23> <FuncUnit> <Opcode : 'fdiv' 'frem'> <InPorts = 2> <OutPorts = 1>

State 95 <SV = 94> <Delay = 2.23>
ST_95 : Operation 322 [1/30] (2.23ns)   --->   "%inv_gs = fdiv i32 1, i32 %gs" [swiglu.cpp:295]   --->   Operation 322 'fdiv' 'inv_gs' <Predicate = true> <Delay = 2.23> <CoreInst = "FDiv">   --->   Core 20 'FDiv' <Latency = 29> <II = 1> <Delay = 2.23> <FuncUnit> <Opcode : 'fdiv' 'frem'> <InPorts = 2> <OutPorts = 1>
ST_95 : Operation 323 [2/2] (0.00ns)   --->   "%call_ln295 = call void @compute_gate_Pipeline_GATE_PASS2, i32 %X1_cache, i32 %X2_cache, i8 %gate_cache_7, i8 %gate_cache_6, i8 %gate_cache_5, i8 %gate_cache_4, i8 %gate_cache_3, i8 %gate_cache_2, i8 %gate_cache_1, i8 %gate_cache_0, i32 %inv_gs, i32 %sigmoid_lut" [swiglu.cpp:295]   --->   Operation 323 'call' 'call_ln295' <Predicate = true> <Delay = 0.00> <CoreType = "Generic">   --->   Generic Core

State 96 <SV = 95> <Delay = 0.00>
ST_96 : Operation 324 [1/1] (0.00ns)   --->   "%specmemcore_ln0 = specmemcore void @_ssdm_op_SpecMemCore, i32 %sigmoid_lut, i64 666, i64 33, i64 18446744073709551615"   --->   Operation 324 'specmemcore' 'specmemcore_ln0' <Predicate = true> <Delay = 0.00>
ST_96 : Operation 325 [1/1] (0.00ns)   --->   "%specmemcore_ln0 = specmemcore void @_ssdm_op_SpecMemCore, i8 %gate_cache_0, i64 666, i64 24, i64 18446744073709551615"   --->   Operation 325 'specmemcore' 'specmemcore_ln0' <Predicate = true> <Delay = 0.00>
ST_96 : Operation 326 [1/1] (0.00ns)   --->   "%specmemcore_ln0 = specmemcore void @_ssdm_op_SpecMemCore, i8 %gate_cache_1, i64 666, i64 24, i64 18446744073709551615"   --->   Operation 326 'specmemcore' 'specmemcore_ln0' <Predicate = true> <Delay = 0.00>
ST_96 : Operation 327 [1/1] (0.00ns)   --->   "%specmemcore_ln0 = specmemcore void @_ssdm_op_SpecMemCore, i8 %gate_cache_2, i64 666, i64 24, i64 18446744073709551615"   --->   Operation 327 'specmemcore' 'specmemcore_ln0' <Predicate = true> <Delay = 0.00>
ST_96 : Operation 328 [1/1] (0.00ns)   --->   "%specmemcore_ln0 = specmemcore void @_ssdm_op_SpecMemCore, i8 %gate_cache_3, i64 666, i64 24, i64 18446744073709551615"   --->   Operation 328 'specmemcore' 'specmemcore_ln0' <Predicate = true> <Delay = 0.00>
ST_96 : Operation 329 [1/1] (0.00ns)   --->   "%specmemcore_ln0 = specmemcore void @_ssdm_op_SpecMemCore, i8 %gate_cache_4, i64 666, i64 24, i64 18446744073709551615"   --->   Operation 329 'specmemcore' 'specmemcore_ln0' <Predicate = true> <Delay = 0.00>
ST_96 : Operation 330 [1/1] (0.00ns)   --->   "%specmemcore_ln0 = specmemcore void @_ssdm_op_SpecMemCore, i8 %gate_cache_5, i64 666, i64 24, i64 18446744073709551615"   --->   Operation 330 'specmemcore' 'specmemcore_ln0' <Predicate = true> <Delay = 0.00>
ST_96 : Operation 331 [1/1] (0.00ns)   --->   "%specmemcore_ln0 = specmemcore void @_ssdm_op_SpecMemCore, i8 %gate_cache_6, i64 666, i64 24, i64 18446744073709551615"   --->   Operation 331 'specmemcore' 'specmemcore_ln0' <Predicate = true> <Delay = 0.00>
ST_96 : Operation 332 [1/1] (0.00ns)   --->   "%specmemcore_ln0 = specmemcore void @_ssdm_op_SpecMemCore, i8 %gate_cache_7, i64 666, i64 24, i64 18446744073709551615"   --->   Operation 332 'specmemcore' 'specmemcore_ln0' <Predicate = true> <Delay = 0.00>
ST_96 : Operation 333 [1/1] (0.00ns)   --->   "%specmemcore_ln0 = specmemcore void @_ssdm_op_SpecMemCore, i32 %X2_cache, i64 666, i64 24, i64 18446744073709551615"   --->   Operation 333 'specmemcore' 'specmemcore_ln0' <Predicate = true> <Delay = 0.00>
ST_96 : Operation 334 [1/1] (0.00ns)   --->   "%specmemcore_ln0 = specmemcore void @_ssdm_op_SpecMemCore, i32 %X1_cache, i64 666, i64 24, i64 18446744073709551615"   --->   Operation 334 'specmemcore' 'specmemcore_ln0' <Predicate = true> <Delay = 0.00>
ST_96 : Operation 335 [1/2] (0.00ns)   --->   "%call_ln295 = call void @compute_gate_Pipeline_GATE_PASS2, i32 %X1_cache, i32 %X2_cache, i8 %gate_cache_7, i8 %gate_cache_6, i8 %gate_cache_5, i8 %gate_cache_4, i8 %gate_cache_3, i8 %gate_cache_2, i8 %gate_cache_1, i8 %gate_cache_0, i32 %inv_gs, i32 %sigmoid_lut" [swiglu.cpp:295]   --->   Operation 335 'call' 'call_ln295' <Predicate = true> <Delay = 0.00> <CoreType = "Generic">   --->   Generic Core
ST_96 : Operation 336 [1/1] (0.00ns)   --->   "%ret_ln315 = ret i32 %gs" [swiglu.cpp:315]   --->   Operation 336 'ret' 'ret_ln315' <Predicate = true> <Delay = 0.00>


============================================================
+ Verbose Summary: Timing violations
============================================================
Target clock period: 3.330ns, clock uncertainty: 0.900ns.

 <State 1>: 0.000ns
The critical path consists of the following:

 <State 2>: 0.000ns
The critical path consists of the following:

 <State 3>: 2.318ns
The critical path consists of the following:
	'load' operation 32 bit ('max_abs_loc_load') on local variable 'max_abs_loc' [32]  (0.000 ns)
	'fcmp' operation 1 bit ('tmp_46', swiglu.cpp:292) [46]  (2.318 ns)

 <State 4>: 2.318ns
The critical path consists of the following:
	'fcmp' operation 1 bit ('tmp_46', swiglu.cpp:292) [46]  (2.318 ns)

 <State 5>: 2.318ns
The critical path consists of the following:
	'fcmp' operation 1 bit ('tmp_46', swiglu.cpp:292) [46]  (2.318 ns)

 <State 6>: 1.373ns
The critical path consists of the following:
	'icmp' operation 1 bit ('icmp_ln292_1', swiglu.cpp:292) [44]  (0.924 ns)
	'or' operation 1 bit ('or_ln292', swiglu.cpp:292) [45]  (0.000 ns)
	'and' operation 1 bit ('and_ln292', swiglu.cpp:292) [47]  (0.000 ns)
	'select' operation 32 bit ('max_abs', swiglu.cpp:292) [48]  (0.449 ns)

 <State 7>: 2.318ns
The critical path consists of the following:
	'load' operation 32 bit ('max_abs_2_loc_load') on local variable 'max_abs_2_loc' [33]  (0.000 ns)
	'fcmp' operation 1 bit ('tmp_49', swiglu.cpp:292) [62]  (2.318 ns)

 <State 8>: 2.318ns
The critical path consists of the following:
	'fcmp' operation 1 bit ('tmp_49', swiglu.cpp:292) [62]  (2.318 ns)

 <State 9>: 2.318ns
The critical path consists of the following:
	'fcmp' operation 1 bit ('tmp_49', swiglu.cpp:292) [62]  (2.318 ns)

 <State 10>: 1.660ns
The critical path consists of the following:
	'icmp' operation 1 bit ('icmp_ln292_3', swiglu.cpp:292) [56]  (0.924 ns)
	'or' operation 1 bit ('or_ln292_1', swiglu.cpp:292) [57]  (0.000 ns)
	'and' operation 1 bit ('and_ln292_1', swiglu.cpp:292) [61]  (0.000 ns)
	'and' operation 1 bit ('and_ln292_2', swiglu.cpp:292) [63]  (0.287 ns)
	'select' operation 32 bit ('max_abs', swiglu.cpp:292) [64]  (0.449 ns)

 <State 11>: 2.318ns
The critical path consists of the following:
	'load' operation 32 bit ('max_abs_4_loc_load') on local variable 'max_abs_4_loc' [34]  (0.000 ns)
	'fcmp' operation 1 bit ('tmp_52', swiglu.cpp:292) [78]  (2.318 ns)

 <State 12>: 2.318ns
The critical path consists of the following:
	'fcmp' operation 1 bit ('tmp_52', swiglu.cpp:292) [78]  (2.318 ns)

 <State 13>: 2.318ns
The critical path consists of the following:
	'fcmp' operation 1 bit ('tmp_52', swiglu.cpp:292) [78]  (2.318 ns)

 <State 14>: 1.660ns
The critical path consists of the following:
	'icmp' operation 1 bit ('icmp_ln292_7', swiglu.cpp:292) [72]  (0.924 ns)
	'or' operation 1 bit ('or_ln292_3', swiglu.cpp:292) [73]  (0.000 ns)
	'and' operation 1 bit ('and_ln292_3', swiglu.cpp:292) [77]  (0.000 ns)
	'and' operation 1 bit ('and_ln292_4', swiglu.cpp:292) [79]  (0.287 ns)
	'select' operation 32 bit ('max_abs', swiglu.cpp:292) [80]  (0.449 ns)

 <State 15>: 2.318ns
The critical path consists of the following:
	'load' operation 32 bit ('max_abs_6_loc_load') on local variable 'max_abs_6_loc' [35]  (0.000 ns)
	'fcmp' operation 1 bit ('tmp_55', swiglu.cpp:292) [94]  (2.318 ns)

 <State 16>: 2.318ns
The critical path consists of the following:
	'fcmp' operation 1 bit ('tmp_55', swiglu.cpp:292) [94]  (2.318 ns)

 <State 17>: 2.318ns
The critical path consists of the following:
	'fcmp' operation 1 bit ('tmp_55', swiglu.cpp:292) [94]  (2.318 ns)

 <State 18>: 1.660ns
The critical path consists of the following:
	'icmp' operation 1 bit ('icmp_ln292_11', swiglu.cpp:292) [88]  (0.924 ns)
	'or' operation 1 bit ('or_ln292_5', swiglu.cpp:292) [89]  (0.000 ns)
	'and' operation 1 bit ('and_ln292_5', swiglu.cpp:292) [93]  (0.000 ns)
	'and' operation 1 bit ('and_ln292_6', swiglu.cpp:292) [95]  (0.287 ns)
	'select' operation 32 bit ('max_abs', swiglu.cpp:292) [96]  (0.449 ns)

 <State 19>: 2.318ns
The critical path consists of the following:
	'load' operation 32 bit ('max_abs_8_loc_load') on local variable 'max_abs_8_loc' [36]  (0.000 ns)
	'fcmp' operation 1 bit ('tmp_58', swiglu.cpp:292) [110]  (2.318 ns)

 <State 20>: 2.318ns
The critical path consists of the following:
	'fcmp' operation 1 bit ('tmp_58', swiglu.cpp:292) [110]  (2.318 ns)

 <State 21>: 2.318ns
The critical path consists of the following:
	'fcmp' operation 1 bit ('tmp_58', swiglu.cpp:292) [110]  (2.318 ns)

 <State 22>: 1.660ns
The critical path consists of the following:
	'icmp' operation 1 bit ('icmp_ln292_15', swiglu.cpp:292) [104]  (0.924 ns)
	'or' operation 1 bit ('or_ln292_7', swiglu.cpp:292) [105]  (0.000 ns)
	'and' operation 1 bit ('and_ln292_7', swiglu.cpp:292) [109]  (0.000 ns)
	'and' operation 1 bit ('and_ln292_8', swiglu.cpp:292) [111]  (0.287 ns)
	'select' operation 32 bit ('max_abs', swiglu.cpp:292) [112]  (0.449 ns)

 <State 23>: 2.318ns
The critical path consists of the following:
	'load' operation 32 bit ('max_abs_10_loc_load') on local variable 'max_abs_10_loc' [37]  (0.000 ns)
	'fcmp' operation 1 bit ('tmp_61', swiglu.cpp:292) [126]  (2.318 ns)

 <State 24>: 2.318ns
The critical path consists of the following:
	'fcmp' operation 1 bit ('tmp_61', swiglu.cpp:292) [126]  (2.318 ns)

 <State 25>: 2.318ns
The critical path consists of the following:
	'fcmp' operation 1 bit ('tmp_61', swiglu.cpp:292) [126]  (2.318 ns)

 <State 26>: 1.660ns
The critical path consists of the following:
	'icmp' operation 1 bit ('icmp_ln292_19', swiglu.cpp:292) [120]  (0.924 ns)
	'or' operation 1 bit ('or_ln292_9', swiglu.cpp:292) [121]  (0.000 ns)
	'and' operation 1 bit ('and_ln292_9', swiglu.cpp:292) [125]  (0.000 ns)
	'and' operation 1 bit ('and_ln292_10', swiglu.cpp:292) [127]  (0.287 ns)
	'select' operation 32 bit ('max_abs', swiglu.cpp:292) [128]  (0.449 ns)

 <State 27>: 2.318ns
The critical path consists of the following:
	'load' operation 32 bit ('max_abs_12_loc_load') on local variable 'max_abs_12_loc' [38]  (0.000 ns)
	'fcmp' operation 1 bit ('tmp_64', swiglu.cpp:292) [142]  (2.318 ns)

 <State 28>: 2.318ns
The critical path consists of the following:
	'fcmp' operation 1 bit ('tmp_64', swiglu.cpp:292) [142]  (2.318 ns)

 <State 29>: 2.318ns
The critical path consists of the following:
	'fcmp' operation 1 bit ('tmp_64', swiglu.cpp:292) [142]  (2.318 ns)

 <State 30>: 1.660ns
The critical path consists of the following:
	'icmp' operation 1 bit ('icmp_ln292_23', swiglu.cpp:292) [136]  (0.924 ns)
	'or' operation 1 bit ('or_ln292_11', swiglu.cpp:292) [137]  (0.000 ns)
	'and' operation 1 bit ('and_ln292_11', swiglu.cpp:292) [141]  (0.000 ns)
	'and' operation 1 bit ('and_ln292_12', swiglu.cpp:292) [143]  (0.287 ns)
	'select' operation 32 bit ('max_abs', swiglu.cpp:292) [144]  (0.449 ns)

 <State 31>: 2.318ns
The critical path consists of the following:
	'load' operation 32 bit ('max_abs_14_loc_load') on local variable 'max_abs_14_loc' [39]  (0.000 ns)
	'fcmp' operation 1 bit ('tmp_67', swiglu.cpp:292) [158]  (2.318 ns)

 <State 32>: 2.318ns
The critical path consists of the following:
	'fcmp' operation 1 bit ('tmp_67', swiglu.cpp:292) [158]  (2.318 ns)

 <State 33>: 2.318ns
The critical path consists of the following:
	'fcmp' operation 1 bit ('tmp_67', swiglu.cpp:292) [158]  (2.318 ns)

 <State 34>: 1.660ns
The critical path consists of the following:
	'icmp' operation 1 bit ('icmp_ln292_27', swiglu.cpp:292) [152]  (0.924 ns)
	'or' operation 1 bit ('or_ln292_13', swiglu.cpp:292) [153]  (0.000 ns)
	'and' operation 1 bit ('and_ln292_13', swiglu.cpp:292) [157]  (0.000 ns)
	'and' operation 1 bit ('and_ln292_14', swiglu.cpp:292) [159]  (0.287 ns)
	'select' operation 32 bit ('max_abs', swiglu.cpp:292) [160]  (0.449 ns)

 <State 35>: 2.318ns
The critical path consists of the following:
	'fcmp' operation 1 bit ('tmp_69', swiglu.cpp:294) [167]  (2.318 ns)

 <State 36>: 2.318ns
The critical path consists of the following:
	'fcmp' operation 1 bit ('tmp_69', swiglu.cpp:294) [167]  (2.318 ns)

 <State 37>: 2.318ns
The critical path consists of the following:
	'fcmp' operation 1 bit ('tmp_69', swiglu.cpp:294) [167]  (2.318 ns)

 <State 38>: 2.236ns
The critical path consists of the following:
	'fdiv' operation 32 bit ('div', swiglu.cpp:294) [169]  (2.236 ns)

 <State 39>: 2.236ns
The critical path consists of the following:
	'fdiv' operation 32 bit ('div', swiglu.cpp:294) [169]  (2.236 ns)

 <State 40>: 2.236ns
The critical path consists of the following:
	'fdiv' operation 32 bit ('div', swiglu.cpp:294) [169]  (2.236 ns)

 <State 41>: 2.236ns
The critical path consists of the following:
	'fdiv' operation 32 bit ('div', swiglu.cpp:294) [169]  (2.236 ns)

 <State 42>: 2.236ns
The critical path consists of the following:
	'fdiv' operation 32 bit ('div', swiglu.cpp:294) [169]  (2.236 ns)

 <State 43>: 2.236ns
The critical path consists of the following:
	'fdiv' operation 32 bit ('div', swiglu.cpp:294) [169]  (2.236 ns)

 <State 44>: 2.236ns
The critical path consists of the following:
	'fdiv' operation 32 bit ('div', swiglu.cpp:294) [169]  (2.236 ns)

 <State 45>: 2.236ns
The critical path consists of the following:
	'fdiv' operation 32 bit ('div', swiglu.cpp:294) [169]  (2.236 ns)

 <State 46>: 2.236ns
The critical path consists of the following:
	'fdiv' operation 32 bit ('div', swiglu.cpp:294) [169]  (2.236 ns)

 <State 47>: 2.236ns
The critical path consists of the following:
	'fdiv' operation 32 bit ('div', swiglu.cpp:294) [169]  (2.236 ns)

 <State 48>: 2.236ns
The critical path consists of the following:
	'fdiv' operation 32 bit ('div', swiglu.cpp:294) [169]  (2.236 ns)

 <State 49>: 2.236ns
The critical path consists of the following:
	'fdiv' operation 32 bit ('div', swiglu.cpp:294) [169]  (2.236 ns)

 <State 50>: 2.236ns
The critical path consists of the following:
	'fdiv' operation 32 bit ('div', swiglu.cpp:294) [169]  (2.236 ns)

 <State 51>: 2.236ns
The critical path consists of the following:
	'fdiv' operation 32 bit ('div', swiglu.cpp:294) [169]  (2.236 ns)

 <State 52>: 2.236ns
The critical path consists of the following:
	'fdiv' operation 32 bit ('div', swiglu.cpp:294) [169]  (2.236 ns)

 <State 53>: 2.236ns
The critical path consists of the following:
	'fdiv' operation 32 bit ('div', swiglu.cpp:294) [169]  (2.236 ns)

 <State 54>: 2.236ns
The critical path consists of the following:
	'fdiv' operation 32 bit ('div', swiglu.cpp:294) [169]  (2.236 ns)

 <State 55>: 2.236ns
The critical path consists of the following:
	'fdiv' operation 32 bit ('div', swiglu.cpp:294) [169]  (2.236 ns)

 <State 56>: 2.236ns
The critical path consists of the following:
	'fdiv' operation 32 bit ('div', swiglu.cpp:294) [169]  (2.236 ns)

 <State 57>: 2.236ns
The critical path consists of the following:
	'fdiv' operation 32 bit ('div', swiglu.cpp:294) [169]  (2.236 ns)

 <State 58>: 2.236ns
The critical path consists of the following:
	'fdiv' operation 32 bit ('div', swiglu.cpp:294) [169]  (2.236 ns)

 <State 59>: 2.236ns
The critical path consists of the following:
	'fdiv' operation 32 bit ('div', swiglu.cpp:294) [169]  (2.236 ns)

 <State 60>: 2.236ns
The critical path consists of the following:
	'fdiv' operation 32 bit ('div', swiglu.cpp:294) [169]  (2.236 ns)

 <State 61>: 2.236ns
The critical path consists of the following:
	'fdiv' operation 32 bit ('div', swiglu.cpp:294) [169]  (2.236 ns)

 <State 62>: 2.236ns
The critical path consists of the following:
	'fdiv' operation 32 bit ('div', swiglu.cpp:294) [169]  (2.236 ns)

 <State 63>: 2.236ns
The critical path consists of the following:
	'fdiv' operation 32 bit ('div', swiglu.cpp:294) [169]  (2.236 ns)

 <State 64>: 2.236ns
The critical path consists of the following:
	'fdiv' operation 32 bit ('div', swiglu.cpp:294) [169]  (2.236 ns)

 <State 65>: 0.449ns
The critical path consists of the following:
	'or' operation 1 bit ('or_ln294', swiglu.cpp:294) [166]  (0.000 ns)
	'and' operation 1 bit ('and_ln294', swiglu.cpp:294) [168]  (0.000 ns)
	'select' operation 32 bit ('gs', swiglu.cpp:294) [170]  (0.449 ns)

 <State 66>: 2.236ns
The critical path consists of the following:
	'fdiv' operation 32 bit ('inv_gs', swiglu.cpp:295) [171]  (2.236 ns)

 <State 67>: 2.236ns
The critical path consists of the following:
	'fdiv' operation 32 bit ('inv_gs', swiglu.cpp:295) [171]  (2.236 ns)

 <State 68>: 2.236ns
The critical path consists of the following:
	'fdiv' operation 32 bit ('inv_gs', swiglu.cpp:295) [171]  (2.236 ns)

 <State 69>: 2.236ns
The critical path consists of the following:
	'fdiv' operation 32 bit ('inv_gs', swiglu.cpp:295) [171]  (2.236 ns)

 <State 70>: 2.236ns
The critical path consists of the following:
	'fdiv' operation 32 bit ('inv_gs', swiglu.cpp:295) [171]  (2.236 ns)

 <State 71>: 2.236ns
The critical path consists of the following:
	'fdiv' operation 32 bit ('inv_gs', swiglu.cpp:295) [171]  (2.236 ns)

 <State 72>: 2.236ns
The critical path consists of the following:
	'fdiv' operation 32 bit ('inv_gs', swiglu.cpp:295) [171]  (2.236 ns)

 <State 73>: 2.236ns
The critical path consists of the following:
	'fdiv' operation 32 bit ('inv_gs', swiglu.cpp:295) [171]  (2.236 ns)

 <State 74>: 2.236ns
The critical path consists of the following:
	'fdiv' operation 32 bit ('inv_gs', swiglu.cpp:295) [171]  (2.236 ns)

 <State 75>: 2.236ns
The critical path consists of the following:
	'fdiv' operation 32 bit ('inv_gs', swiglu.cpp:295) [171]  (2.236 ns)

 <State 76>: 2.236ns
The critical path consists of the following:
	'fdiv' operation 32 bit ('inv_gs', swiglu.cpp:295) [171]  (2.236 ns)

 <State 77>: 2.236ns
The critical path consists of the following:
	'fdiv' operation 32 bit ('inv_gs', swiglu.cpp:295) [171]  (2.236 ns)

 <State 78>: 2.236ns
The critical path consists of the following:
	'fdiv' operation 32 bit ('inv_gs', swiglu.cpp:295) [171]  (2.236 ns)

 <State 79>: 2.236ns
The critical path consists of the following:
	'fdiv' operation 32 bit ('inv_gs', swiglu.cpp:295) [171]  (2.236 ns)

 <State 80>: 2.236ns
The critical path consists of the following:
	'fdiv' operation 32 bit ('inv_gs', swiglu.cpp:295) [171]  (2.236 ns)

 <State 81>: 2.236ns
The critical path consists of the following:
	'fdiv' operation 32 bit ('inv_gs', swiglu.cpp:295) [171]  (2.236 ns)

 <State 82>: 2.236ns
The critical path consists of the following:
	'fdiv' operation 32 bit ('inv_gs', swiglu.cpp:295) [171]  (2.236 ns)

 <State 83>: 2.236ns
The critical path consists of the following:
	'fdiv' operation 32 bit ('inv_gs', swiglu.cpp:295) [171]  (2.236 ns)

 <State 84>: 2.236ns
The critical path consists of the following:
	'fdiv' operation 32 bit ('inv_gs', swiglu.cpp:295) [171]  (2.236 ns)

 <State 85>: 2.236ns
The critical path consists of the following:
	'fdiv' operation 32 bit ('inv_gs', swiglu.cpp:295) [171]  (2.236 ns)

 <State 86>: 2.236ns
The critical path consists of the following:
	'fdiv' operation 32 bit ('inv_gs', swiglu.cpp:295) [171]  (2.236 ns)

 <State 87>: 2.236ns
The critical path consists of the following:
	'fdiv' operation 32 bit ('inv_gs', swiglu.cpp:295) [171]  (2.236 ns)

 <State 88>: 2.236ns
The critical path consists of the following:
	'fdiv' operation 32 bit ('inv_gs', swiglu.cpp:295) [171]  (2.236 ns)

 <State 89>: 2.236ns
The critical path consists of the following:
	'fdiv' operation 32 bit ('inv_gs', swiglu.cpp:295) [171]  (2.236 ns)

 <State 90>: 2.236ns
The critical path consists of the following:
	'fdiv' operation 32 bit ('inv_gs', swiglu.cpp:295) [171]  (2.236 ns)

 <State 91>: 2.236ns
The critical path consists of the following:
	'fdiv' operation 32 bit ('inv_gs', swiglu.cpp:295) [171]  (2.236 ns)

 <State 92>: 2.236ns
The critical path consists of the following:
	'fdiv' operation 32 bit ('inv_gs', swiglu.cpp:295) [171]  (2.236 ns)

 <State 93>: 2.236ns
The critical path consists of the following:
	'fdiv' operation 32 bit ('inv_gs', swiglu.cpp:295) [171]  (2.236 ns)

 <State 94>: 2.236ns
The critical path consists of the following:
	'fdiv' operation 32 bit ('inv_gs', swiglu.cpp:295) [171]  (2.236 ns)

 <State 95>: 2.236ns
The critical path consists of the following:
	'fdiv' operation 32 bit ('inv_gs', swiglu.cpp:295) [171]  (2.236 ns)

 <State 96>: 0.000ns
The critical path consists of the following:


============================================================
+ Verbose Summary: Binding
============================================================
N/A
* FSMD analyzer results:
  - Output states:
 - Input state : 
  - Chain level:
	State 1
	State 2
	State 3
	State 4
	State 5
	State 6
	State 7
	State 8
	State 9
	State 10
	State 11
	State 12
	State 13
	State 14
	State 15
	State 16
	State 17
	State 18
	State 19
	State 20
	State 21
	State 22
	State 23
	State 24
	State 25
	State 26
	State 27
	State 28
	State 29
	State 30
	State 31
	State 32
	State 33
	State 34
	State 35
	State 36
	State 37
	State 38
	State 39
	State 40
	State 41
	State 42
	State 43
	State 44
	State 45
	State 46
	State 47
	State 48
	State 49
	State 50
	State 51
	State 52
	State 53
	State 54
	State 55
	State 56
	State 57
	State 58
	State 59
	State 60
	State 61
	State 62
	State 63
	State 64
	State 65
	State 66
	State 67
	State 68
	State 69
	State 70
	State 71
	State 72
	State 73
	State 74
	State 75
	State 76
	State 77
	State 78
	State 79
	State 80
	State 81
	State 82
	State 83
	State 84
	State 85
	State 86
	State 87
	State 88
	State 89
	State 90
	State 91
	State 92
	State 93
	State 94
	State 95
	State 96


============================================================
+ Verbose Summary: Datapath Resource usage 
============================================================
N/A
