

================================================================
== Vitis HLS Report for 'compute_X1'
================================================================
* Date:           Sun Apr  5 16:06:27 2026

* Version:        2025.1 (Build 6135595 on May 21 2025)
* Project:        swiglu
* Solution:       hls (Vivado IP Flow Target)
* Product family: zynquplus
* Target device:  xck26-sfvc784-2LV-c


================================================================
== Performance Estimates
================================================================
+ Timing: 
    * Summary: 
    +--------+---------+----------+------------+
    |  Clock |  Target | Estimated| Uncertainty|
    +--------+---------+----------+------------+
    |ap_clk  |  3.33 ns|  2.433 ns|     0.90 ns|
    +--------+---------+----------+------------+

+ Latency: 
    * Summary: 
    +---------+---------+-----------+-----------+---------+---------+---------+
    |  Latency (cycles) |   Latency (absolute)  |      Interval     | Pipeline|
    |   min   |   max   |    min    |    max    |   min   |   max   |   Type  |
    +---------+---------+-----------+-----------+---------+---------+---------+
    |  4055042|  4055042|  13.515 ms|  13.515 ms|  4055042|  4055042|       no|
    +---------+---------+-----------+-----------+---------+---------+---------+

    + Detail: 
        * Instance: 
        N/A

        * Loop: 
        +--------------+---------+---------+----------+-----------+-----------+------+----------+
        |              |  Latency (cycles) | Iteration|  Initiation Interval  | Trip |          |
        |   Loop Name  |   min   |   max   |  Latency |  achieved |   target  | Count| Pipelined|
        +--------------+---------+---------+----------+-----------+-----------+------+----------+
        |- COMPUTE_X1  |  4055041|  4055041|       495|          -|          -|  8192|        no|
        +--------------+---------+---------+----------+-----------+-----------+------+----------+

============================================================
+ Verbose Summary: Synthesis Manager
============================================================
InlineROM: 1
ExposeGlobal: 0
============================================================
+ Verbose Summary: CDFG Model
============================================================
IsTopModel: 0
ResetActiveHigh: 1
IsCombinational: 2
IsDatapathOnly: 0
HasWiredReturn: 1
HasMFsm: 0
HasVarLatency: 1
IsPipeline: 0
IsRtlPipelined: 0
IsInstanceOverlapped: 0
IsDontTouch: 0
HasImplIP: 0
IsGatedGlobalClock: 0


============================================================
+ Verbose Summary: Schedule
============================================================
* Number of FSM states : 33
* Pipeline : 0
* Dataflow Pipeline: 0

* FSM state transitions: 
1 --> 2 
2 --> 3 
3 --> 4 
4 --> 5 
5 --> 6 
6 --> 7 
7 --> 8 
8 --> 9 
9 --> 10 
10 --> 11 
11 --> 12 
12 --> 13 
13 --> 14 
14 --> 15 
15 --> 16 
16 --> 17 
17 --> 18 
18 --> 19 
19 --> 20 
20 --> 21 
21 --> 22 
22 --> 23 
23 --> 24 
24 --> 25 
25 --> 26 
26 --> 27 
27 --> 28 
28 --> 29 
29 --> 30 
30 --> 31 
31 --> 32 
32 --> 33 
33 --> 2 

* FSM state operations: 

State 1 <SV = 0> <Delay = 0.42>
ST_1 : Operation 34 [1/1] (0.00ns)   --->   "%row = alloca i32 1" [swiglu.cpp:224]   --->   Operation 34 'alloca' 'row' <Predicate = true> <Delay = 0.00>
ST_1 : Operation 35 [1/1] (0.00ns)   --->   "%specmemcore_ln0 = specmemcore void @_ssdm_op_SpecMemCore, i8 %X1_cache, i64 666, i64 22, i64 18446744073709551615"   --->   Operation 35 'specmemcore' 'specmemcore_ln0' <Predicate = true> <Delay = 0.00>
ST_1 : Operation 36 [1/1] (0.00ns)   --->   "%specmemcore_ln0 = specmemcore void @_ssdm_op_SpecMemCore, i8 %x_local_1_0_0, i64 666, i64 19, i64 18446744073709551615"   --->   Operation 36 'specmemcore' 'specmemcore_ln0' <Predicate = true> <Delay = 0.00>
ST_1 : Operation 37 [1/1] (0.00ns)   --->   "%specmemcore_ln0 = specmemcore void @_ssdm_op_SpecMemCore, i8 %x_local_1_0_1, i64 666, i64 19, i64 18446744073709551615"   --->   Operation 37 'specmemcore' 'specmemcore_ln0' <Predicate = true> <Delay = 0.00>
ST_1 : Operation 38 [1/1] (0.00ns)   --->   "%specmemcore_ln0 = specmemcore void @_ssdm_op_SpecMemCore, i8 %x_local_1_0_2, i64 666, i64 19, i64 18446744073709551615"   --->   Operation 38 'specmemcore' 'specmemcore_ln0' <Predicate = true> <Delay = 0.00>
ST_1 : Operation 39 [1/1] (0.00ns)   --->   "%specmemcore_ln0 = specmemcore void @_ssdm_op_SpecMemCore, i8 %x_local_1_0_3, i64 666, i64 19, i64 18446744073709551615"   --->   Operation 39 'specmemcore' 'specmemcore_ln0' <Predicate = true> <Delay = 0.00>
ST_1 : Operation 40 [1/1] (0.00ns)   --->   "%specmemcore_ln0 = specmemcore void @_ssdm_op_SpecMemCore, i8 %x_local_1_0_4, i64 666, i64 19, i64 18446744073709551615"   --->   Operation 40 'specmemcore' 'specmemcore_ln0' <Predicate = true> <Delay = 0.00>
ST_1 : Operation 41 [1/1] (0.00ns)   --->   "%specmemcore_ln0 = specmemcore void @_ssdm_op_SpecMemCore, i8 %x_local_1_0_5, i64 666, i64 19, i64 18446744073709551615"   --->   Operation 41 'specmemcore' 'specmemcore_ln0' <Predicate = true> <Delay = 0.00>
ST_1 : Operation 42 [1/1] (0.00ns)   --->   "%specmemcore_ln0 = specmemcore void @_ssdm_op_SpecMemCore, i8 %x_local_1_0_6, i64 666, i64 19, i64 18446744073709551615"   --->   Operation 42 'specmemcore' 'specmemcore_ln0' <Predicate = true> <Delay = 0.00>
ST_1 : Operation 43 [1/1] (0.00ns)   --->   "%specmemcore_ln0 = specmemcore void @_ssdm_op_SpecMemCore, i8 %x_local_1_0_7, i64 666, i64 19, i64 18446744073709551615"   --->   Operation 43 'specmemcore' 'specmemcore_ln0' <Predicate = true> <Delay = 0.00>
ST_1 : Operation 44 [1/1] (0.00ns)   --->   "%specmemcore_ln0 = specmemcore void @_ssdm_op_SpecMemCore, i8 %x_local_1_0_8, i64 666, i64 19, i64 18446744073709551615"   --->   Operation 44 'specmemcore' 'specmemcore_ln0' <Predicate = true> <Delay = 0.00>
ST_1 : Operation 45 [1/1] (0.00ns)   --->   "%specmemcore_ln0 = specmemcore void @_ssdm_op_SpecMemCore, i8 %x_local_1_0_9, i64 666, i64 19, i64 18446744073709551615"   --->   Operation 45 'specmemcore' 'specmemcore_ln0' <Predicate = true> <Delay = 0.00>
ST_1 : Operation 46 [1/1] (0.00ns)   --->   "%specmemcore_ln0 = specmemcore void @_ssdm_op_SpecMemCore, i8 %x_local_1_0_10, i64 666, i64 19, i64 18446744073709551615"   --->   Operation 46 'specmemcore' 'specmemcore_ln0' <Predicate = true> <Delay = 0.00>
ST_1 : Operation 47 [1/1] (0.00ns)   --->   "%specmemcore_ln0 = specmemcore void @_ssdm_op_SpecMemCore, i8 %x_local_1_0_11, i64 666, i64 19, i64 18446744073709551615"   --->   Operation 47 'specmemcore' 'specmemcore_ln0' <Predicate = true> <Delay = 0.00>
ST_1 : Operation 48 [1/1] (0.00ns)   --->   "%specmemcore_ln0 = specmemcore void @_ssdm_op_SpecMemCore, i8 %x_local_1_0_12, i64 666, i64 19, i64 18446744073709551615"   --->   Operation 48 'specmemcore' 'specmemcore_ln0' <Predicate = true> <Delay = 0.00>
ST_1 : Operation 49 [1/1] (0.00ns)   --->   "%specmemcore_ln0 = specmemcore void @_ssdm_op_SpecMemCore, i8 %x_local_1_0_13, i64 666, i64 19, i64 18446744073709551615"   --->   Operation 49 'specmemcore' 'specmemcore_ln0' <Predicate = true> <Delay = 0.00>
ST_1 : Operation 50 [1/1] (0.00ns)   --->   "%specmemcore_ln0 = specmemcore void @_ssdm_op_SpecMemCore, i8 %x_local_1_0_14, i64 666, i64 19, i64 18446744073709551615"   --->   Operation 50 'specmemcore' 'specmemcore_ln0' <Predicate = true> <Delay = 0.00>
ST_1 : Operation 51 [1/1] (0.00ns)   --->   "%specmemcore_ln0 = specmemcore void @_ssdm_op_SpecMemCore, i8 %x_local_1_0_15, i64 666, i64 19, i64 18446744073709551615"   --->   Operation 51 'specmemcore' 'specmemcore_ln0' <Predicate = true> <Delay = 0.00>
ST_1 : Operation 52 [1/1] (0.00ns)   --->   "%specmemcore_ln0 = specmemcore void @_ssdm_op_SpecMemCore, i8 %x_local_1_1_0, i64 666, i64 19, i64 18446744073709551615"   --->   Operation 52 'specmemcore' 'specmemcore_ln0' <Predicate = true> <Delay = 0.00>
ST_1 : Operation 53 [1/1] (0.00ns)   --->   "%specmemcore_ln0 = specmemcore void @_ssdm_op_SpecMemCore, i8 %x_local_1_1_1, i64 666, i64 19, i64 18446744073709551615"   --->   Operation 53 'specmemcore' 'specmemcore_ln0' <Predicate = true> <Delay = 0.00>
ST_1 : Operation 54 [1/1] (0.00ns)   --->   "%specmemcore_ln0 = specmemcore void @_ssdm_op_SpecMemCore, i8 %x_local_1_1_2, i64 666, i64 19, i64 18446744073709551615"   --->   Operation 54 'specmemcore' 'specmemcore_ln0' <Predicate = true> <Delay = 0.00>
ST_1 : Operation 55 [1/1] (0.00ns)   --->   "%specmemcore_ln0 = specmemcore void @_ssdm_op_SpecMemCore, i8 %x_local_1_1_3, i64 666, i64 19, i64 18446744073709551615"   --->   Operation 55 'specmemcore' 'specmemcore_ln0' <Predicate = true> <Delay = 0.00>
ST_1 : Operation 56 [1/1] (0.00ns)   --->   "%specmemcore_ln0 = specmemcore void @_ssdm_op_SpecMemCore, i8 %x_local_1_1_4, i64 666, i64 19, i64 18446744073709551615"   --->   Operation 56 'specmemcore' 'specmemcore_ln0' <Predicate = true> <Delay = 0.00>
ST_1 : Operation 57 [1/1] (0.00ns)   --->   "%specmemcore_ln0 = specmemcore void @_ssdm_op_SpecMemCore, i8 %x_local_1_1_5, i64 666, i64 19, i64 18446744073709551615"   --->   Operation 57 'specmemcore' 'specmemcore_ln0' <Predicate = true> <Delay = 0.00>
ST_1 : Operation 58 [1/1] (0.00ns)   --->   "%specmemcore_ln0 = specmemcore void @_ssdm_op_SpecMemCore, i8 %x_local_1_1_6, i64 666, i64 19, i64 18446744073709551615"   --->   Operation 58 'specmemcore' 'specmemcore_ln0' <Predicate = true> <Delay = 0.00>
ST_1 : Operation 59 [1/1] (0.00ns)   --->   "%specmemcore_ln0 = specmemcore void @_ssdm_op_SpecMemCore, i8 %x_local_1_1_7, i64 666, i64 19, i64 18446744073709551615"   --->   Operation 59 'specmemcore' 'specmemcore_ln0' <Predicate = true> <Delay = 0.00>
ST_1 : Operation 60 [1/1] (0.00ns)   --->   "%specmemcore_ln0 = specmemcore void @_ssdm_op_SpecMemCore, i8 %x_local_1_1_8, i64 666, i64 19, i64 18446744073709551615"   --->   Operation 60 'specmemcore' 'specmemcore_ln0' <Predicate = true> <Delay = 0.00>
ST_1 : Operation 61 [1/1] (0.00ns)   --->   "%specmemcore_ln0 = specmemcore void @_ssdm_op_SpecMemCore, i8 %x_local_1_1_9, i64 666, i64 19, i64 18446744073709551615"   --->   Operation 61 'specmemcore' 'specmemcore_ln0' <Predicate = true> <Delay = 0.00>
ST_1 : Operation 62 [1/1] (0.00ns)   --->   "%specmemcore_ln0 = specmemcore void @_ssdm_op_SpecMemCore, i8 %x_local_1_1_10, i64 666, i64 19, i64 18446744073709551615"   --->   Operation 62 'specmemcore' 'specmemcore_ln0' <Predicate = true> <Delay = 0.00>
ST_1 : Operation 63 [1/1] (0.00ns)   --->   "%specmemcore_ln0 = specmemcore void @_ssdm_op_SpecMemCore, i8 %x_local_1_1_11, i64 666, i64 19, i64 18446744073709551615"   --->   Operation 63 'specmemcore' 'specmemcore_ln0' <Predicate = true> <Delay = 0.00>
ST_1 : Operation 64 [1/1] (0.00ns)   --->   "%specmemcore_ln0 = specmemcore void @_ssdm_op_SpecMemCore, i8 %x_local_1_1_12, i64 666, i64 19, i64 18446744073709551615"   --->   Operation 64 'specmemcore' 'specmemcore_ln0' <Predicate = true> <Delay = 0.00>
ST_1 : Operation 65 [1/1] (0.00ns)   --->   "%specmemcore_ln0 = specmemcore void @_ssdm_op_SpecMemCore, i8 %x_local_1_1_13, i64 666, i64 19, i64 18446744073709551615"   --->   Operation 65 'specmemcore' 'specmemcore_ln0' <Predicate = true> <Delay = 0.00>
ST_1 : Operation 66 [1/1] (0.00ns)   --->   "%specmemcore_ln0 = specmemcore void @_ssdm_op_SpecMemCore, i8 %x_local_1_1_14, i64 666, i64 19, i64 18446744073709551615"   --->   Operation 66 'specmemcore' 'specmemcore_ln0' <Predicate = true> <Delay = 0.00>
ST_1 : Operation 67 [1/1] (0.00ns)   --->   "%specmemcore_ln0 = specmemcore void @_ssdm_op_SpecMemCore, i8 %x_local_1_1_15, i64 666, i64 19, i64 18446744073709551615"   --->   Operation 67 'specmemcore' 'specmemcore_ln0' <Predicate = true> <Delay = 0.00>
ST_1 : Operation 68 [1/1] (0.00ns)   --->   "%specmemcore_ln0 = specmemcore void @_ssdm_op_SpecMemCore, i8 %x_local_1_2_0, i64 666, i64 19, i64 18446744073709551615"   --->   Operation 68 'specmemcore' 'specmemcore_ln0' <Predicate = true> <Delay = 0.00>
ST_1 : Operation 69 [1/1] (0.00ns)   --->   "%specmemcore_ln0 = specmemcore void @_ssdm_op_SpecMemCore, i8 %x_local_1_2_1, i64 666, i64 19, i64 18446744073709551615"   --->   Operation 69 'specmemcore' 'specmemcore_ln0' <Predicate = true> <Delay = 0.00>
ST_1 : Operation 70 [1/1] (0.00ns)   --->   "%specmemcore_ln0 = specmemcore void @_ssdm_op_SpecMemCore, i8 %x_local_1_2_2, i64 666, i64 19, i64 18446744073709551615"   --->   Operation 70 'specmemcore' 'specmemcore_ln0' <Predicate = true> <Delay = 0.00>
ST_1 : Operation 71 [1/1] (0.00ns)   --->   "%specmemcore_ln0 = specmemcore void @_ssdm_op_SpecMemCore, i8 %x_local_1_2_3, i64 666, i64 19, i64 18446744073709551615"   --->   Operation 71 'specmemcore' 'specmemcore_ln0' <Predicate = true> <Delay = 0.00>
ST_1 : Operation 72 [1/1] (0.00ns)   --->   "%specmemcore_ln0 = specmemcore void @_ssdm_op_SpecMemCore, i8 %x_local_1_2_4, i64 666, i64 19, i64 18446744073709551615"   --->   Operation 72 'specmemcore' 'specmemcore_ln0' <Predicate = true> <Delay = 0.00>
ST_1 : Operation 73 [1/1] (0.00ns)   --->   "%specmemcore_ln0 = specmemcore void @_ssdm_op_SpecMemCore, i8 %x_local_1_2_5, i64 666, i64 19, i64 18446744073709551615"   --->   Operation 73 'specmemcore' 'specmemcore_ln0' <Predicate = true> <Delay = 0.00>
ST_1 : Operation 74 [1/1] (0.00ns)   --->   "%specmemcore_ln0 = specmemcore void @_ssdm_op_SpecMemCore, i8 %x_local_1_2_6, i64 666, i64 19, i64 18446744073709551615"   --->   Operation 74 'specmemcore' 'specmemcore_ln0' <Predicate = true> <Delay = 0.00>
ST_1 : Operation 75 [1/1] (0.00ns)   --->   "%specmemcore_ln0 = specmemcore void @_ssdm_op_SpecMemCore, i8 %x_local_1_2_7, i64 666, i64 19, i64 18446744073709551615"   --->   Operation 75 'specmemcore' 'specmemcore_ln0' <Predicate = true> <Delay = 0.00>
ST_1 : Operation 76 [1/1] (0.00ns)   --->   "%specmemcore_ln0 = specmemcore void @_ssdm_op_SpecMemCore, i8 %x_local_1_2_8, i64 666, i64 19, i64 18446744073709551615"   --->   Operation 76 'specmemcore' 'specmemcore_ln0' <Predicate = true> <Delay = 0.00>
ST_1 : Operation 77 [1/1] (0.00ns)   --->   "%specmemcore_ln0 = specmemcore void @_ssdm_op_SpecMemCore, i8 %x_local_1_2_9, i64 666, i64 19, i64 18446744073709551615"   --->   Operation 77 'specmemcore' 'specmemcore_ln0' <Predicate = true> <Delay = 0.00>
ST_1 : Operation 78 [1/1] (0.00ns)   --->   "%specmemcore_ln0 = specmemcore void @_ssdm_op_SpecMemCore, i8 %x_local_1_2_10, i64 666, i64 19, i64 18446744073709551615"   --->   Operation 78 'specmemcore' 'specmemcore_ln0' <Predicate = true> <Delay = 0.00>
ST_1 : Operation 79 [1/1] (0.00ns)   --->   "%specmemcore_ln0 = specmemcore void @_ssdm_op_SpecMemCore, i8 %x_local_1_2_11, i64 666, i64 19, i64 18446744073709551615"   --->   Operation 79 'specmemcore' 'specmemcore_ln0' <Predicate = true> <Delay = 0.00>
ST_1 : Operation 80 [1/1] (0.00ns)   --->   "%specmemcore_ln0 = specmemcore void @_ssdm_op_SpecMemCore, i8 %x_local_1_2_12, i64 666, i64 19, i64 18446744073709551615"   --->   Operation 80 'specmemcore' 'specmemcore_ln0' <Predicate = true> <Delay = 0.00>
ST_1 : Operation 81 [1/1] (0.00ns)   --->   "%specmemcore_ln0 = specmemcore void @_ssdm_op_SpecMemCore, i8 %x_local_1_2_13, i64 666, i64 19, i64 18446744073709551615"   --->   Operation 81 'specmemcore' 'specmemcore_ln0' <Predicate = true> <Delay = 0.00>
ST_1 : Operation 82 [1/1] (0.00ns)   --->   "%specmemcore_ln0 = specmemcore void @_ssdm_op_SpecMemCore, i8 %x_local_1_2_14, i64 666, i64 19, i64 18446744073709551615"   --->   Operation 82 'specmemcore' 'specmemcore_ln0' <Predicate = true> <Delay = 0.00>
ST_1 : Operation 83 [1/1] (0.00ns)   --->   "%specmemcore_ln0 = specmemcore void @_ssdm_op_SpecMemCore, i8 %x_local_1_2_15, i64 666, i64 19, i64 18446744073709551615"   --->   Operation 83 'specmemcore' 'specmemcore_ln0' <Predicate = true> <Delay = 0.00>
ST_1 : Operation 84 [1/1] (0.00ns)   --->   "%specmemcore_ln0 = specmemcore void @_ssdm_op_SpecMemCore, i8 %x_local_1_3_0, i64 666, i64 19, i64 18446744073709551615"   --->   Operation 84 'specmemcore' 'specmemcore_ln0' <Predicate = true> <Delay = 0.00>
ST_1 : Operation 85 [1/1] (0.00ns)   --->   "%specmemcore_ln0 = specmemcore void @_ssdm_op_SpecMemCore, i8 %x_local_1_3_1, i64 666, i64 19, i64 18446744073709551615"   --->   Operation 85 'specmemcore' 'specmemcore_ln0' <Predicate = true> <Delay = 0.00>
ST_1 : Operation 86 [1/1] (0.00ns)   --->   "%specmemcore_ln0 = specmemcore void @_ssdm_op_SpecMemCore, i8 %x_local_1_3_2, i64 666, i64 19, i64 18446744073709551615"   --->   Operation 86 'specmemcore' 'specmemcore_ln0' <Predicate = true> <Delay = 0.00>
ST_1 : Operation 87 [1/1] (0.00ns)   --->   "%specmemcore_ln0 = specmemcore void @_ssdm_op_SpecMemCore, i8 %x_local_1_3_3, i64 666, i64 19, i64 18446744073709551615"   --->   Operation 87 'specmemcore' 'specmemcore_ln0' <Predicate = true> <Delay = 0.00>
ST_1 : Operation 88 [1/1] (0.00ns)   --->   "%specmemcore_ln0 = specmemcore void @_ssdm_op_SpecMemCore, i8 %x_local_1_3_4, i64 666, i64 19, i64 18446744073709551615"   --->   Operation 88 'specmemcore' 'specmemcore_ln0' <Predicate = true> <Delay = 0.00>
ST_1 : Operation 89 [1/1] (0.00ns)   --->   "%specmemcore_ln0 = specmemcore void @_ssdm_op_SpecMemCore, i8 %x_local_1_3_5, i64 666, i64 19, i64 18446744073709551615"   --->   Operation 89 'specmemcore' 'specmemcore_ln0' <Predicate = true> <Delay = 0.00>
ST_1 : Operation 90 [1/1] (0.00ns)   --->   "%specmemcore_ln0 = specmemcore void @_ssdm_op_SpecMemCore, i8 %x_local_1_3_6, i64 666, i64 19, i64 18446744073709551615"   --->   Operation 90 'specmemcore' 'specmemcore_ln0' <Predicate = true> <Delay = 0.00>
ST_1 : Operation 91 [1/1] (0.00ns)   --->   "%specmemcore_ln0 = specmemcore void @_ssdm_op_SpecMemCore, i8 %x_local_1_3_7, i64 666, i64 19, i64 18446744073709551615"   --->   Operation 91 'specmemcore' 'specmemcore_ln0' <Predicate = true> <Delay = 0.00>
ST_1 : Operation 92 [1/1] (0.00ns)   --->   "%specmemcore_ln0 = specmemcore void @_ssdm_op_SpecMemCore, i8 %x_local_1_3_8, i64 666, i64 19, i64 18446744073709551615"   --->   Operation 92 'specmemcore' 'specmemcore_ln0' <Predicate = true> <Delay = 0.00>
ST_1 : Operation 93 [1/1] (0.00ns)   --->   "%specmemcore_ln0 = specmemcore void @_ssdm_op_SpecMemCore, i8 %x_local_1_3_9, i64 666, i64 19, i64 18446744073709551615"   --->   Operation 93 'specmemcore' 'specmemcore_ln0' <Predicate = true> <Delay = 0.00>
ST_1 : Operation 94 [1/1] (0.00ns)   --->   "%specmemcore_ln0 = specmemcore void @_ssdm_op_SpecMemCore, i8 %x_local_1_3_10, i64 666, i64 19, i64 18446744073709551615"   --->   Operation 94 'specmemcore' 'specmemcore_ln0' <Predicate = true> <Delay = 0.00>
ST_1 : Operation 95 [1/1] (0.00ns)   --->   "%specmemcore_ln0 = specmemcore void @_ssdm_op_SpecMemCore, i8 %x_local_1_3_11, i64 666, i64 19, i64 18446744073709551615"   --->   Operation 95 'specmemcore' 'specmemcore_ln0' <Predicate = true> <Delay = 0.00>
ST_1 : Operation 96 [1/1] (0.00ns)   --->   "%specmemcore_ln0 = specmemcore void @_ssdm_op_SpecMemCore, i8 %x_local_1_3_12, i64 666, i64 19, i64 18446744073709551615"   --->   Operation 96 'specmemcore' 'specmemcore_ln0' <Predicate = true> <Delay = 0.00>
ST_1 : Operation 97 [1/1] (0.00ns)   --->   "%specmemcore_ln0 = specmemcore void @_ssdm_op_SpecMemCore, i8 %x_local_1_3_13, i64 666, i64 19, i64 18446744073709551615"   --->   Operation 97 'specmemcore' 'specmemcore_ln0' <Predicate = true> <Delay = 0.00>
ST_1 : Operation 98 [1/1] (0.00ns)   --->   "%specmemcore_ln0 = specmemcore void @_ssdm_op_SpecMemCore, i8 %x_local_1_3_14, i64 666, i64 19, i64 18446744073709551615"   --->   Operation 98 'specmemcore' 'specmemcore_ln0' <Predicate = true> <Delay = 0.00>
ST_1 : Operation 99 [1/1] (0.00ns)   --->   "%specmemcore_ln0 = specmemcore void @_ssdm_op_SpecMemCore, i8 %x_local_1_3_15, i64 666, i64 19, i64 18446744073709551615"   --->   Operation 99 'specmemcore' 'specmemcore_ln0' <Predicate = true> <Delay = 0.00>
ST_1 : Operation 100 [1/1] (0.00ns)   --->   "%specmemcore_ln0 = specmemcore void @_ssdm_op_SpecMemCore, i8 %x_local_1_4_0, i64 666, i64 19, i64 18446744073709551615"   --->   Operation 100 'specmemcore' 'specmemcore_ln0' <Predicate = true> <Delay = 0.00>
ST_1 : Operation 101 [1/1] (0.00ns)   --->   "%specmemcore_ln0 = specmemcore void @_ssdm_op_SpecMemCore, i8 %x_local_1_4_1, i64 666, i64 19, i64 18446744073709551615"   --->   Operation 101 'specmemcore' 'specmemcore_ln0' <Predicate = true> <Delay = 0.00>
ST_1 : Operation 102 [1/1] (0.00ns)   --->   "%specmemcore_ln0 = specmemcore void @_ssdm_op_SpecMemCore, i8 %x_local_1_4_2, i64 666, i64 19, i64 18446744073709551615"   --->   Operation 102 'specmemcore' 'specmemcore_ln0' <Predicate = true> <Delay = 0.00>
ST_1 : Operation 103 [1/1] (0.00ns)   --->   "%specmemcore_ln0 = specmemcore void @_ssdm_op_SpecMemCore, i8 %x_local_1_4_3, i64 666, i64 19, i64 18446744073709551615"   --->   Operation 103 'specmemcore' 'specmemcore_ln0' <Predicate = true> <Delay = 0.00>
ST_1 : Operation 104 [1/1] (0.00ns)   --->   "%specmemcore_ln0 = specmemcore void @_ssdm_op_SpecMemCore, i8 %x_local_1_4_4, i64 666, i64 19, i64 18446744073709551615"   --->   Operation 104 'specmemcore' 'specmemcore_ln0' <Predicate = true> <Delay = 0.00>
ST_1 : Operation 105 [1/1] (0.00ns)   --->   "%specmemcore_ln0 = specmemcore void @_ssdm_op_SpecMemCore, i8 %x_local_1_4_5, i64 666, i64 19, i64 18446744073709551615"   --->   Operation 105 'specmemcore' 'specmemcore_ln0' <Predicate = true> <Delay = 0.00>
ST_1 : Operation 106 [1/1] (0.00ns)   --->   "%specmemcore_ln0 = specmemcore void @_ssdm_op_SpecMemCore, i8 %x_local_1_4_6, i64 666, i64 19, i64 18446744073709551615"   --->   Operation 106 'specmemcore' 'specmemcore_ln0' <Predicate = true> <Delay = 0.00>
ST_1 : Operation 107 [1/1] (0.00ns)   --->   "%specmemcore_ln0 = specmemcore void @_ssdm_op_SpecMemCore, i8 %x_local_1_4_7, i64 666, i64 19, i64 18446744073709551615"   --->   Operation 107 'specmemcore' 'specmemcore_ln0' <Predicate = true> <Delay = 0.00>
ST_1 : Operation 108 [1/1] (0.00ns)   --->   "%specmemcore_ln0 = specmemcore void @_ssdm_op_SpecMemCore, i8 %x_local_1_4_8, i64 666, i64 19, i64 18446744073709551615"   --->   Operation 108 'specmemcore' 'specmemcore_ln0' <Predicate = true> <Delay = 0.00>
ST_1 : Operation 109 [1/1] (0.00ns)   --->   "%specmemcore_ln0 = specmemcore void @_ssdm_op_SpecMemCore, i8 %x_local_1_4_9, i64 666, i64 19, i64 18446744073709551615"   --->   Operation 109 'specmemcore' 'specmemcore_ln0' <Predicate = true> <Delay = 0.00>
ST_1 : Operation 110 [1/1] (0.00ns)   --->   "%specmemcore_ln0 = specmemcore void @_ssdm_op_SpecMemCore, i8 %x_local_1_4_10, i64 666, i64 19, i64 18446744073709551615"   --->   Operation 110 'specmemcore' 'specmemcore_ln0' <Predicate = true> <Delay = 0.00>
ST_1 : Operation 111 [1/1] (0.00ns)   --->   "%specmemcore_ln0 = specmemcore void @_ssdm_op_SpecMemCore, i8 %x_local_1_4_11, i64 666, i64 19, i64 18446744073709551615"   --->   Operation 111 'specmemcore' 'specmemcore_ln0' <Predicate = true> <Delay = 0.00>
ST_1 : Operation 112 [1/1] (0.00ns)   --->   "%specmemcore_ln0 = specmemcore void @_ssdm_op_SpecMemCore, i8 %x_local_1_4_12, i64 666, i64 19, i64 18446744073709551615"   --->   Operation 112 'specmemcore' 'specmemcore_ln0' <Predicate = true> <Delay = 0.00>
ST_1 : Operation 113 [1/1] (0.00ns)   --->   "%specmemcore_ln0 = specmemcore void @_ssdm_op_SpecMemCore, i8 %x_local_1_4_13, i64 666, i64 19, i64 18446744073709551615"   --->   Operation 113 'specmemcore' 'specmemcore_ln0' <Predicate = true> <Delay = 0.00>
ST_1 : Operation 114 [1/1] (0.00ns)   --->   "%specmemcore_ln0 = specmemcore void @_ssdm_op_SpecMemCore, i8 %x_local_1_4_14, i64 666, i64 19, i64 18446744073709551615"   --->   Operation 114 'specmemcore' 'specmemcore_ln0' <Predicate = true> <Delay = 0.00>
ST_1 : Operation 115 [1/1] (0.00ns)   --->   "%specmemcore_ln0 = specmemcore void @_ssdm_op_SpecMemCore, i8 %x_local_1_4_15, i64 666, i64 19, i64 18446744073709551615"   --->   Operation 115 'specmemcore' 'specmemcore_ln0' <Predicate = true> <Delay = 0.00>
ST_1 : Operation 116 [1/1] (0.00ns)   --->   "%specmemcore_ln0 = specmemcore void @_ssdm_op_SpecMemCore, i8 %x_local_1_5_0, i64 666, i64 19, i64 18446744073709551615"   --->   Operation 116 'specmemcore' 'specmemcore_ln0' <Predicate = true> <Delay = 0.00>
ST_1 : Operation 117 [1/1] (0.00ns)   --->   "%specmemcore_ln0 = specmemcore void @_ssdm_op_SpecMemCore, i8 %x_local_1_5_1, i64 666, i64 19, i64 18446744073709551615"   --->   Operation 117 'specmemcore' 'specmemcore_ln0' <Predicate = true> <Delay = 0.00>
ST_1 : Operation 118 [1/1] (0.00ns)   --->   "%specmemcore_ln0 = specmemcore void @_ssdm_op_SpecMemCore, i8 %x_local_1_5_2, i64 666, i64 19, i64 18446744073709551615"   --->   Operation 118 'specmemcore' 'specmemcore_ln0' <Predicate = true> <Delay = 0.00>
ST_1 : Operation 119 [1/1] (0.00ns)   --->   "%specmemcore_ln0 = specmemcore void @_ssdm_op_SpecMemCore, i8 %x_local_1_5_3, i64 666, i64 19, i64 18446744073709551615"   --->   Operation 119 'specmemcore' 'specmemcore_ln0' <Predicate = true> <Delay = 0.00>
ST_1 : Operation 120 [1/1] (0.00ns)   --->   "%specmemcore_ln0 = specmemcore void @_ssdm_op_SpecMemCore, i8 %x_local_1_5_4, i64 666, i64 19, i64 18446744073709551615"   --->   Operation 120 'specmemcore' 'specmemcore_ln0' <Predicate = true> <Delay = 0.00>
ST_1 : Operation 121 [1/1] (0.00ns)   --->   "%specmemcore_ln0 = specmemcore void @_ssdm_op_SpecMemCore, i8 %x_local_1_5_5, i64 666, i64 19, i64 18446744073709551615"   --->   Operation 121 'specmemcore' 'specmemcore_ln0' <Predicate = true> <Delay = 0.00>
ST_1 : Operation 122 [1/1] (0.00ns)   --->   "%specmemcore_ln0 = specmemcore void @_ssdm_op_SpecMemCore, i8 %x_local_1_5_6, i64 666, i64 19, i64 18446744073709551615"   --->   Operation 122 'specmemcore' 'specmemcore_ln0' <Predicate = true> <Delay = 0.00>
ST_1 : Operation 123 [1/1] (0.00ns)   --->   "%specmemcore_ln0 = specmemcore void @_ssdm_op_SpecMemCore, i8 %x_local_1_5_7, i64 666, i64 19, i64 18446744073709551615"   --->   Operation 123 'specmemcore' 'specmemcore_ln0' <Predicate = true> <Delay = 0.00>
ST_1 : Operation 124 [1/1] (0.00ns)   --->   "%specmemcore_ln0 = specmemcore void @_ssdm_op_SpecMemCore, i8 %x_local_1_5_8, i64 666, i64 19, i64 18446744073709551615"   --->   Operation 124 'specmemcore' 'specmemcore_ln0' <Predicate = true> <Delay = 0.00>
ST_1 : Operation 125 [1/1] (0.00ns)   --->   "%specmemcore_ln0 = specmemcore void @_ssdm_op_SpecMemCore, i8 %x_local_1_5_9, i64 666, i64 19, i64 18446744073709551615"   --->   Operation 125 'specmemcore' 'specmemcore_ln0' <Predicate = true> <Delay = 0.00>
ST_1 : Operation 126 [1/1] (0.00ns)   --->   "%specmemcore_ln0 = specmemcore void @_ssdm_op_SpecMemCore, i8 %x_local_1_5_10, i64 666, i64 19, i64 18446744073709551615"   --->   Operation 126 'specmemcore' 'specmemcore_ln0' <Predicate = true> <Delay = 0.00>
ST_1 : Operation 127 [1/1] (0.00ns)   --->   "%specmemcore_ln0 = specmemcore void @_ssdm_op_SpecMemCore, i8 %x_local_1_5_11, i64 666, i64 19, i64 18446744073709551615"   --->   Operation 127 'specmemcore' 'specmemcore_ln0' <Predicate = true> <Delay = 0.00>
ST_1 : Operation 128 [1/1] (0.00ns)   --->   "%specmemcore_ln0 = specmemcore void @_ssdm_op_SpecMemCore, i8 %x_local_1_5_12, i64 666, i64 19, i64 18446744073709551615"   --->   Operation 128 'specmemcore' 'specmemcore_ln0' <Predicate = true> <Delay = 0.00>
ST_1 : Operation 129 [1/1] (0.00ns)   --->   "%specmemcore_ln0 = specmemcore void @_ssdm_op_SpecMemCore, i8 %x_local_1_5_13, i64 666, i64 19, i64 18446744073709551615"   --->   Operation 129 'specmemcore' 'specmemcore_ln0' <Predicate = true> <Delay = 0.00>
ST_1 : Operation 130 [1/1] (0.00ns)   --->   "%specmemcore_ln0 = specmemcore void @_ssdm_op_SpecMemCore, i8 %x_local_1_5_14, i64 666, i64 19, i64 18446744073709551615"   --->   Operation 130 'specmemcore' 'specmemcore_ln0' <Predicate = true> <Delay = 0.00>
ST_1 : Operation 131 [1/1] (0.00ns)   --->   "%specmemcore_ln0 = specmemcore void @_ssdm_op_SpecMemCore, i8 %x_local_1_5_15, i64 666, i64 19, i64 18446744073709551615"   --->   Operation 131 'specmemcore' 'specmemcore_ln0' <Predicate = true> <Delay = 0.00>
ST_1 : Operation 132 [1/1] (0.00ns)   --->   "%specmemcore_ln0 = specmemcore void @_ssdm_op_SpecMemCore, i8 %x_local_1_6_0, i64 666, i64 19, i64 18446744073709551615"   --->   Operation 132 'specmemcore' 'specmemcore_ln0' <Predicate = true> <Delay = 0.00>
ST_1 : Operation 133 [1/1] (0.00ns)   --->   "%specmemcore_ln0 = specmemcore void @_ssdm_op_SpecMemCore, i8 %x_local_1_6_1, i64 666, i64 19, i64 18446744073709551615"   --->   Operation 133 'specmemcore' 'specmemcore_ln0' <Predicate = true> <Delay = 0.00>
ST_1 : Operation 134 [1/1] (0.00ns)   --->   "%specmemcore_ln0 = specmemcore void @_ssdm_op_SpecMemCore, i8 %x_local_1_6_2, i64 666, i64 19, i64 18446744073709551615"   --->   Operation 134 'specmemcore' 'specmemcore_ln0' <Predicate = true> <Delay = 0.00>
ST_1 : Operation 135 [1/1] (0.00ns)   --->   "%specmemcore_ln0 = specmemcore void @_ssdm_op_SpecMemCore, i8 %x_local_1_6_3, i64 666, i64 19, i64 18446744073709551615"   --->   Operation 135 'specmemcore' 'specmemcore_ln0' <Predicate = true> <Delay = 0.00>
ST_1 : Operation 136 [1/1] (0.00ns)   --->   "%specmemcore_ln0 = specmemcore void @_ssdm_op_SpecMemCore, i8 %x_local_1_6_4, i64 666, i64 19, i64 18446744073709551615"   --->   Operation 136 'specmemcore' 'specmemcore_ln0' <Predicate = true> <Delay = 0.00>
ST_1 : Operation 137 [1/1] (0.00ns)   --->   "%specmemcore_ln0 = specmemcore void @_ssdm_op_SpecMemCore, i8 %x_local_1_6_5, i64 666, i64 19, i64 18446744073709551615"   --->   Operation 137 'specmemcore' 'specmemcore_ln0' <Predicate = true> <Delay = 0.00>
ST_1 : Operation 138 [1/1] (0.00ns)   --->   "%specmemcore_ln0 = specmemcore void @_ssdm_op_SpecMemCore, i8 %x_local_1_6_6, i64 666, i64 19, i64 18446744073709551615"   --->   Operation 138 'specmemcore' 'specmemcore_ln0' <Predicate = true> <Delay = 0.00>
ST_1 : Operation 139 [1/1] (0.00ns)   --->   "%specmemcore_ln0 = specmemcore void @_ssdm_op_SpecMemCore, i8 %x_local_1_6_7, i64 666, i64 19, i64 18446744073709551615"   --->   Operation 139 'specmemcore' 'specmemcore_ln0' <Predicate = true> <Delay = 0.00>
ST_1 : Operation 140 [1/1] (0.00ns)   --->   "%specmemcore_ln0 = specmemcore void @_ssdm_op_SpecMemCore, i8 %x_local_1_6_8, i64 666, i64 19, i64 18446744073709551615"   --->   Operation 140 'specmemcore' 'specmemcore_ln0' <Predicate = true> <Delay = 0.00>
ST_1 : Operation 141 [1/1] (0.00ns)   --->   "%specmemcore_ln0 = specmemcore void @_ssdm_op_SpecMemCore, i8 %x_local_1_6_9, i64 666, i64 19, i64 18446744073709551615"   --->   Operation 141 'specmemcore' 'specmemcore_ln0' <Predicate = true> <Delay = 0.00>
ST_1 : Operation 142 [1/1] (0.00ns)   --->   "%specmemcore_ln0 = specmemcore void @_ssdm_op_SpecMemCore, i8 %x_local_1_6_10, i64 666, i64 19, i64 18446744073709551615"   --->   Operation 142 'specmemcore' 'specmemcore_ln0' <Predicate = true> <Delay = 0.00>
ST_1 : Operation 143 [1/1] (0.00ns)   --->   "%specmemcore_ln0 = specmemcore void @_ssdm_op_SpecMemCore, i8 %x_local_1_6_11, i64 666, i64 19, i64 18446744073709551615"   --->   Operation 143 'specmemcore' 'specmemcore_ln0' <Predicate = true> <Delay = 0.00>
ST_1 : Operation 144 [1/1] (0.00ns)   --->   "%specmemcore_ln0 = specmemcore void @_ssdm_op_SpecMemCore, i8 %x_local_1_6_12, i64 666, i64 19, i64 18446744073709551615"   --->   Operation 144 'specmemcore' 'specmemcore_ln0' <Predicate = true> <Delay = 0.00>
ST_1 : Operation 145 [1/1] (0.00ns)   --->   "%specmemcore_ln0 = specmemcore void @_ssdm_op_SpecMemCore, i8 %x_local_1_6_13, i64 666, i64 19, i64 18446744073709551615"   --->   Operation 145 'specmemcore' 'specmemcore_ln0' <Predicate = true> <Delay = 0.00>
ST_1 : Operation 146 [1/1] (0.00ns)   --->   "%specmemcore_ln0 = specmemcore void @_ssdm_op_SpecMemCore, i8 %x_local_1_6_14, i64 666, i64 19, i64 18446744073709551615"   --->   Operation 146 'specmemcore' 'specmemcore_ln0' <Predicate = true> <Delay = 0.00>
ST_1 : Operation 147 [1/1] (0.00ns)   --->   "%specmemcore_ln0 = specmemcore void @_ssdm_op_SpecMemCore, i8 %x_local_1_6_15, i64 666, i64 19, i64 18446744073709551615"   --->   Operation 147 'specmemcore' 'specmemcore_ln0' <Predicate = true> <Delay = 0.00>
ST_1 : Operation 148 [1/1] (0.00ns)   --->   "%specmemcore_ln0 = specmemcore void @_ssdm_op_SpecMemCore, i8 %x_local_1_7_0, i64 666, i64 19, i64 18446744073709551615"   --->   Operation 148 'specmemcore' 'specmemcore_ln0' <Predicate = true> <Delay = 0.00>
ST_1 : Operation 149 [1/1] (0.00ns)   --->   "%specmemcore_ln0 = specmemcore void @_ssdm_op_SpecMemCore, i8 %x_local_1_7_1, i64 666, i64 19, i64 18446744073709551615"   --->   Operation 149 'specmemcore' 'specmemcore_ln0' <Predicate = true> <Delay = 0.00>
ST_1 : Operation 150 [1/1] (0.00ns)   --->   "%specmemcore_ln0 = specmemcore void @_ssdm_op_SpecMemCore, i8 %x_local_1_7_2, i64 666, i64 19, i64 18446744073709551615"   --->   Operation 150 'specmemcore' 'specmemcore_ln0' <Predicate = true> <Delay = 0.00>
ST_1 : Operation 151 [1/1] (0.00ns)   --->   "%specmemcore_ln0 = specmemcore void @_ssdm_op_SpecMemCore, i8 %x_local_1_7_3, i64 666, i64 19, i64 18446744073709551615"   --->   Operation 151 'specmemcore' 'specmemcore_ln0' <Predicate = true> <Delay = 0.00>
ST_1 : Operation 152 [1/1] (0.00ns)   --->   "%specmemcore_ln0 = specmemcore void @_ssdm_op_SpecMemCore, i8 %x_local_1_7_4, i64 666, i64 19, i64 18446744073709551615"   --->   Operation 152 'specmemcore' 'specmemcore_ln0' <Predicate = true> <Delay = 0.00>
ST_1 : Operation 153 [1/1] (0.00ns)   --->   "%specmemcore_ln0 = specmemcore void @_ssdm_op_SpecMemCore, i8 %x_local_1_7_5, i64 666, i64 19, i64 18446744073709551615"   --->   Operation 153 'specmemcore' 'specmemcore_ln0' <Predicate = true> <Delay = 0.00>
ST_1 : Operation 154 [1/1] (0.00ns)   --->   "%specmemcore_ln0 = specmemcore void @_ssdm_op_SpecMemCore, i8 %x_local_1_7_6, i64 666, i64 19, i64 18446744073709551615"   --->   Operation 154 'specmemcore' 'specmemcore_ln0' <Predicate = true> <Delay = 0.00>
ST_1 : Operation 155 [1/1] (0.00ns)   --->   "%specmemcore_ln0 = specmemcore void @_ssdm_op_SpecMemCore, i8 %x_local_1_7_7, i64 666, i64 19, i64 18446744073709551615"   --->   Operation 155 'specmemcore' 'specmemcore_ln0' <Predicate = true> <Delay = 0.00>
ST_1 : Operation 156 [1/1] (0.00ns)   --->   "%specmemcore_ln0 = specmemcore void @_ssdm_op_SpecMemCore, i8 %x_local_1_7_8, i64 666, i64 19, i64 18446744073709551615"   --->   Operation 156 'specmemcore' 'specmemcore_ln0' <Predicate = true> <Delay = 0.00>
ST_1 : Operation 157 [1/1] (0.00ns)   --->   "%specmemcore_ln0 = specmemcore void @_ssdm_op_SpecMemCore, i8 %x_local_1_7_9, i64 666, i64 19, i64 18446744073709551615"   --->   Operation 157 'specmemcore' 'specmemcore_ln0' <Predicate = true> <Delay = 0.00>
ST_1 : Operation 158 [1/1] (0.00ns)   --->   "%specmemcore_ln0 = specmemcore void @_ssdm_op_SpecMemCore, i8 %x_local_1_7_10, i64 666, i64 19, i64 18446744073709551615"   --->   Operation 158 'specmemcore' 'specmemcore_ln0' <Predicate = true> <Delay = 0.00>
ST_1 : Operation 159 [1/1] (0.00ns)   --->   "%specmemcore_ln0 = specmemcore void @_ssdm_op_SpecMemCore, i8 %x_local_1_7_11, i64 666, i64 19, i64 18446744073709551615"   --->   Operation 159 'specmemcore' 'specmemcore_ln0' <Predicate = true> <Delay = 0.00>
ST_1 : Operation 160 [1/1] (0.00ns)   --->   "%specmemcore_ln0 = specmemcore void @_ssdm_op_SpecMemCore, i8 %x_local_1_7_12, i64 666, i64 19, i64 18446744073709551615"   --->   Operation 160 'specmemcore' 'specmemcore_ln0' <Predicate = true> <Delay = 0.00>
ST_1 : Operation 161 [1/1] (0.00ns)   --->   "%specmemcore_ln0 = specmemcore void @_ssdm_op_SpecMemCore, i8 %x_local_1_7_13, i64 666, i64 19, i64 18446744073709551615"   --->   Operation 161 'specmemcore' 'specmemcore_ln0' <Predicate = true> <Delay = 0.00>
ST_1 : Operation 162 [1/1] (0.00ns)   --->   "%specmemcore_ln0 = specmemcore void @_ssdm_op_SpecMemCore, i8 %x_local_1_7_14, i64 666, i64 19, i64 18446744073709551615"   --->   Operation 162 'specmemcore' 'specmemcore_ln0' <Predicate = true> <Delay = 0.00>
ST_1 : Operation 163 [1/1] (0.00ns)   --->   "%specmemcore_ln0 = specmemcore void @_ssdm_op_SpecMemCore, i8 %x_local_1_7_15, i64 666, i64 19, i64 18446744073709551615"   --->   Operation 163 'specmemcore' 'specmemcore_ln0' <Predicate = true> <Delay = 0.00>
ST_1 : Operation 164 [1/1] (0.00ns)   --->   "%specinterface_ln0 = specinterface void @_ssdm_op_SpecInterface, i128 %gmem_W, void @empty_38, i32 0, i32 0, void @empty_39, i32 64, i32 589824, void @empty_1, void @empty_40, void @empty_39, i32 2, i32 16, i32 256, i32 16, void @empty_39, void @empty_39, i32 4294967295, i32 0, i32 0"   --->   Operation 164 'specinterface' 'specinterface_ln0' <Predicate = true> <Delay = 0.00>
ST_1 : Operation 165 [1/1] (0.00ns)   --->   "%x_scale_read = read i32 @_ssdm_op_Read.ap_auto.float, i32 %x_scale"   --->   Operation 165 'read' 'x_scale_read' <Predicate = true> <Delay = 0.00>
ST_1 : Operation 166 [1/1] (0.00ns)   --->   "%W_read = read i64 @_ssdm_op_Read.ap_auto.i64, i64 %W"   --->   Operation 166 'read' 'W_read' <Predicate = true> <Delay = 0.00>
ST_1 : Operation 167 [1/1] (0.00ns)   --->   "%row_buf = alloca i64 1" [swiglu.cpp:225]   --->   Operation 167 'alloca' 'row_buf' <Predicate = true> <Delay = 0.00> <CoreInst = "RAM_1P_BRAM">   --->   Core 89 'RAM_1P_BRAM' <Latency = 1> <II = 1> <Delay = 1.23> <Storage> <Opcode : 'load' 'store'> <Ports = 1> <Width = 128> <Depth = 9> <RAM>
ST_1 : Operation 168 [1/1] (0.00ns)   --->   "%row_buf_1 = alloca i64 1" [swiglu.cpp:225]   --->   Operation 168 'alloca' 'row_buf_1' <Predicate = true> <Delay = 0.00> <CoreInst = "RAM_1P_BRAM">   --->   Core 89 'RAM_1P_BRAM' <Latency = 1> <II = 1> <Delay = 1.23> <Storage> <Opcode : 'load' 'store'> <Ports = 1> <Width = 128> <Depth = 9> <RAM>
ST_1 : Operation 169 [1/1] (0.00ns)   --->   "%row_buf_2 = alloca i64 1" [swiglu.cpp:225]   --->   Operation 169 'alloca' 'row_buf_2' <Predicate = true> <Delay = 0.00> <CoreInst = "RAM_1P_BRAM">   --->   Core 89 'RAM_1P_BRAM' <Latency = 1> <II = 1> <Delay = 1.23> <Storage> <Opcode : 'load' 'store'> <Ports = 1> <Width = 128> <Depth = 9> <RAM>
ST_1 : Operation 170 [1/1] (0.00ns)   --->   "%row_buf_3 = alloca i64 1" [swiglu.cpp:225]   --->   Operation 170 'alloca' 'row_buf_3' <Predicate = true> <Delay = 0.00> <CoreInst = "RAM_1P_BRAM">   --->   Core 89 'RAM_1P_BRAM' <Latency = 1> <II = 1> <Delay = 1.23> <Storage> <Opcode : 'load' 'store'> <Ports = 1> <Width = 128> <Depth = 9> <RAM>
ST_1 : Operation 171 [1/1] (0.00ns)   --->   "%row_buf_4 = alloca i64 1" [swiglu.cpp:225]   --->   Operation 171 'alloca' 'row_buf_4' <Predicate = true> <Delay = 0.00> <CoreInst = "RAM_1P_BRAM">   --->   Core 89 'RAM_1P_BRAM' <Latency = 1> <II = 1> <Delay = 1.23> <Storage> <Opcode : 'load' 'store'> <Ports = 1> <Width = 128> <Depth = 9> <RAM>
ST_1 : Operation 172 [1/1] (0.00ns)   --->   "%row_buf_5 = alloca i64 1" [swiglu.cpp:225]   --->   Operation 172 'alloca' 'row_buf_5' <Predicate = true> <Delay = 0.00> <CoreInst = "RAM_1P_BRAM">   --->   Core 89 'RAM_1P_BRAM' <Latency = 1> <II = 1> <Delay = 1.23> <Storage> <Opcode : 'load' 'store'> <Ports = 1> <Width = 128> <Depth = 9> <RAM>
ST_1 : Operation 173 [1/1] (0.00ns)   --->   "%row_buf_6 = alloca i64 1" [swiglu.cpp:225]   --->   Operation 173 'alloca' 'row_buf_6' <Predicate = true> <Delay = 0.00> <CoreInst = "RAM_1P_BRAM">   --->   Core 89 'RAM_1P_BRAM' <Latency = 1> <II = 1> <Delay = 1.23> <Storage> <Opcode : 'load' 'store'> <Ports = 1> <Width = 128> <Depth = 9> <RAM>
ST_1 : Operation 174 [1/1] (0.00ns)   --->   "%row_buf_7 = alloca i64 1" [swiglu.cpp:225]   --->   Operation 174 'alloca' 'row_buf_7' <Predicate = true> <Delay = 0.00> <CoreInst = "RAM_1P_BRAM">   --->   Core 89 'RAM_1P_BRAM' <Latency = 1> <II = 1> <Delay = 1.23> <Storage> <Opcode : 'load' 'store'> <Ports = 1> <Width = 128> <Depth = 9> <RAM>
ST_1 : Operation 175 [1/1] (0.00ns)   --->   "%specmemcore_ln229 = specmemcore void @_ssdm_op_SpecMemCore, i128 %row_buf_7, i64 666, i64 18, i64 18446744073709551615" [swiglu.cpp:229]   --->   Operation 175 'specmemcore' 'specmemcore_ln229' <Predicate = true> <Delay = 0.00>
ST_1 : Operation 176 [1/1] (0.00ns)   --->   "%specmemcore_ln229 = specmemcore void @_ssdm_op_SpecMemCore, i128 %row_buf_6, i64 666, i64 18, i64 18446744073709551615" [swiglu.cpp:229]   --->   Operation 176 'specmemcore' 'specmemcore_ln229' <Predicate = true> <Delay = 0.00>
ST_1 : Operation 177 [1/1] (0.00ns)   --->   "%specmemcore_ln229 = specmemcore void @_ssdm_op_SpecMemCore, i128 %row_buf_5, i64 666, i64 18, i64 18446744073709551615" [swiglu.cpp:229]   --->   Operation 177 'specmemcore' 'specmemcore_ln229' <Predicate = true> <Delay = 0.00>
ST_1 : Operation 178 [1/1] (0.00ns)   --->   "%specmemcore_ln229 = specmemcore void @_ssdm_op_SpecMemCore, i128 %row_buf_4, i64 666, i64 18, i64 18446744073709551615" [swiglu.cpp:229]   --->   Operation 178 'specmemcore' 'specmemcore_ln229' <Predicate = true> <Delay = 0.00>
ST_1 : Operation 179 [1/1] (0.00ns)   --->   "%specmemcore_ln229 = specmemcore void @_ssdm_op_SpecMemCore, i128 %row_buf_3, i64 666, i64 18, i64 18446744073709551615" [swiglu.cpp:229]   --->   Operation 179 'specmemcore' 'specmemcore_ln229' <Predicate = true> <Delay = 0.00>
ST_1 : Operation 180 [1/1] (0.00ns)   --->   "%specmemcore_ln229 = specmemcore void @_ssdm_op_SpecMemCore, i128 %row_buf_2, i64 666, i64 18, i64 18446744073709551615" [swiglu.cpp:229]   --->   Operation 180 'specmemcore' 'specmemcore_ln229' <Predicate = true> <Delay = 0.00>
ST_1 : Operation 181 [1/1] (0.00ns)   --->   "%specmemcore_ln229 = specmemcore void @_ssdm_op_SpecMemCore, i128 %row_buf_1, i64 666, i64 18, i64 18446744073709551615" [swiglu.cpp:229]   --->   Operation 181 'specmemcore' 'specmemcore_ln229' <Predicate = true> <Delay = 0.00>
ST_1 : Operation 182 [1/1] (0.00ns)   --->   "%specmemcore_ln229 = specmemcore void @_ssdm_op_SpecMemCore, i128 %row_buf, i64 666, i64 18, i64 18446744073709551615" [swiglu.cpp:229]   --->   Operation 182 'specmemcore' 'specmemcore_ln229' <Predicate = true> <Delay = 0.00>
ST_1 : Operation 183 [1/1] (0.42ns)   --->   "%store_ln224 = store i14 0, i14 %row" [swiglu.cpp:224]   --->   Operation 183 'store' 'store_ln224' <Predicate = true> <Delay = 0.42>
ST_1 : Operation 184 [1/1] (0.00ns)   --->   "%br_ln224 = br void %for.body" [swiglu.cpp:224]   --->   Operation 184 'br' 'br_ln224' <Predicate = true> <Delay = 0.00>

State 2 <SV = 1> <Delay = 0.83>
ST_2 : Operation 185 [1/1] (0.00ns)   --->   "%row_2 = load i14 %row" [swiglu.cpp:224]   --->   Operation 185 'load' 'row_2' <Predicate = true> <Delay = 0.00>
ST_2 : Operation 186 [1/1] (0.83ns)   --->   "%icmp_ln224 = icmp_eq  i14 %row_2, i14 8192" [swiglu.cpp:224]   --->   Operation 186 'icmp' 'icmp_ln224' <Predicate = true> <Delay = 0.83> <CoreInst = "Cmp">   --->   Core 9 'Cmp' <Latency = 0> <II = 1> <Delay = 0.83> <FuncUnit> <Opcode : 'seteq' 'setne' 'setle' 'setge' 'setlt' 'setgt'> <InPorts = 2> <OutPorts = 1>

State 3 <SV = 2> <Delay = 2.00>
ST_3 : Operation 187 [1/1] (0.83ns)   --->   "%add_ln224 = add i14 %row_2, i14 1" [swiglu.cpp:224]   --->   Operation 187 'add' 'add_ln224' <Predicate = true> <Delay = 0.83> <CoreInst = "Adder">   --->   Core 1 'Adder' <Latency = 0> <II = 1> <Delay = 0.83> <FuncUnit> <Opcode : 'add' 'sub'> <InPorts = 2> <OutPorts = 1>
ST_3 : Operation 188 [1/1] (0.00ns)   --->   "%br_ln224 = br i1 %icmp_ln224, void %for.body.split, void %for.end" [swiglu.cpp:224]   --->   Operation 188 'br' 'br_ln224' <Predicate = true> <Delay = 0.00>
ST_3 : Operation 189 [1/1] (0.00ns)   --->   "%trunc_ln230 = trunc i14 %row_2" [swiglu.cpp:230]   --->   Operation 189 'trunc' 'trunc_ln230' <Predicate = (!icmp_ln224)> <Delay = 0.00>
ST_3 : Operation 190 [2/2] (2.00ns)   --->   "%call_ln230 = call void @load_row_wv, i128 %gmem_W, i64 %W_read, i13 %trunc_ln230, i128 %row_buf, i128 %row_buf_1, i128 %row_buf_2, i128 %row_buf_3, i128 %row_buf_4, i128 %row_buf_5, i128 %row_buf_6, i128 %row_buf_7" [swiglu.cpp:230]   --->   Operation 190 'call' 'call_ln230' <Predicate = (!icmp_ln224)> <Delay = 2.00> <CoreType = "Generic">   --->   Generic Core
ST_3 : Operation 191 [1/1] (0.00ns)   --->   "%ret_ln239 = ret" [swiglu.cpp:239]   --->   Operation 191 'ret' 'ret_ln239' <Predicate = (icmp_ln224)> <Delay = 0.00>

State 4 <SV = 3> <Delay = 0.00>
ST_4 : Operation 192 [1/2] (0.00ns)   --->   "%call_ln230 = call void @load_row_wv, i128 %gmem_W, i64 %W_read, i13 %trunc_ln230, i128 %row_buf, i128 %row_buf_1, i128 %row_buf_2, i128 %row_buf_3, i128 %row_buf_4, i128 %row_buf_5, i128 %row_buf_6, i128 %row_buf_7" [swiglu.cpp:230]   --->   Operation 192 'call' 'call_ln230' <Predicate = true> <Delay = 0.00> <CoreType = "Generic">   --->   Generic Core

State 5 <SV = 4> <Delay = 2.41>
ST_5 : Operation 193 [2/2] (2.41ns)   --->   "%row_result = call i32 @mac_blocks_wv_k1, i128 %row_buf, i128 %row_buf_1, i128 %row_buf_2, i128 %row_buf_3, i128 %row_buf_4, i128 %row_buf_5, i128 %row_buf_6, i128 %row_buf_7, i8 %x_local_1_0_0, i8 %x_local_1_0_1, i8 %x_local_1_0_2, i8 %x_local_1_0_3, i8 %x_local_1_0_4, i8 %x_local_1_0_5, i8 %x_local_1_0_6, i8 %x_local_1_0_7, i8 %x_local_1_0_8, i8 %x_local_1_0_9, i8 %x_local_1_0_10, i8 %x_local_1_0_11, i8 %x_local_1_0_12, i8 %x_local_1_0_13, i8 %x_local_1_0_14, i8 %x_local_1_0_15, i8 %x_local_1_1_0, i8 %x_local_1_1_1, i8 %x_local_1_1_2, i8 %x_local_1_1_3, i8 %x_local_1_1_4, i8 %x_local_1_1_5, i8 %x_local_1_1_6, i8 %x_local_1_1_7, i8 %x_local_1_1_8, i8 %x_local_1_1_9, i8 %x_local_1_1_10, i8 %x_local_1_1_11, i8 %x_local_1_1_12, i8 %x_local_1_1_13, i8 %x_local_1_1_14, i8 %x_local_1_1_15, i8 %x_local_1_2_0, i8 %x_local_1_2_1, i8 %x_local_1_2_2, i8 %x_local_1_2_3, i8 %x_local_1_2_4, i8 %x_local_1_2_5, i8 %x_local_1_2_6, i8 %x_local_1_2_7, i8 %x_local_1_2_8, i8 %x_local_1_2_9, i8 %x_local_1_2_10, i8 %x_local_1_2_11, i8 %x_local_1_2_12, i8 %x_local_1_2_13, i8 %x_local_1_2_14, i8 %x_local_1_2_15, i8 %x_local_1_3_0, i8 %x_local_1_3_1, i8 %x_local_1_3_2, i8 %x_local_1_3_3, i8 %x_local_1_3_4, i8 %x_local_1_3_5, i8 %x_local_1_3_6, i8 %x_local_1_3_7, i8 %x_local_1_3_8, i8 %x_local_1_3_9, i8 %x_local_1_3_10, i8 %x_local_1_3_11, i8 %x_local_1_3_12, i8 %x_local_1_3_13, i8 %x_local_1_3_14, i8 %x_local_1_3_15, i8 %x_local_1_4_0, i8 %x_local_1_4_1, i8 %x_local_1_4_2, i8 %x_local_1_4_3, i8 %x_local_1_4_4, i8 %x_local_1_4_5, i8 %x_local_1_4_6, i8 %x_local_1_4_7, i8 %x_local_1_4_8, i8 %x_local_1_4_9, i8 %x_local_1_4_10, i8 %x_local_1_4_11, i8 %x_local_1_4_12, i8 %x_local_1_4_13, i8 %x_local_1_4_14, i8 %x_local_1_4_15, i8 %x_local_1_5_0, i8 %x_local_1_5_1, i8 %x_local_1_5_2, i8 %x_local_1_5_3, i8 %x_local_1_5_4, i8 %x_local_1_5_5, i8 %x_local_1_5_6, i8 %x_local_1_5_7, i8 %x_local_1_5_8, i8 %x_local_1_5_9, i8 %x_local_1_5_10, i8 %x_local_1_5_11, i8 %x_local_1_5_12, i8 %x_local_1_5_13, i8 %x_local_1_5_14, i8 %x_local_1_5_15, i8 %x_local_1_6_0, i8 %x_local_1_6_1, i8 %x_local_1_6_2, i8 %x_local_1_6_3, i8 %x_local_1_6_4, i8 %x_local_1_6_5, i8 %x_local_1_6_6, i8 %x_local_1_6_7, i8 %x_local_1_6_8, i8 %x_local_1_6_9, i8 %x_local_1_6_10, i8 %x_local_1_6_11, i8 %x_local_1_6_12, i8 %x_local_1_6_13, i8 %x_local_1_6_14, i8 %x_local_1_6_15, i8 %x_local_1_7_0, i8 %x_local_1_7_1, i8 %x_local_1_7_2, i8 %x_local_1_7_3, i8 %x_local_1_7_4, i8 %x_local_1_7_5, i8 %x_local_1_7_6, i8 %x_local_1_7_7, i8 %x_local_1_7_8, i8 %x_local_1_7_9, i8 %x_local_1_7_10, i8 %x_local_1_7_11, i8 %x_local_1_7_12, i8 %x_local_1_7_13, i8 %x_local_1_7_14, i8 %x_local_1_7_15, i32 %x_scale_read" [swiglu.cpp:232]   --->   Operation 193 'call' 'row_result' <Predicate = true> <Delay = 2.41> <CoreType = "Generic">   --->   Generic Core

State 6 <SV = 5> <Delay = 2.41>
ST_6 : Operation 194 [1/2] (2.41ns)   --->   "%row_result = call i32 @mac_blocks_wv_k1, i128 %row_buf, i128 %row_buf_1, i128 %row_buf_2, i128 %row_buf_3, i128 %row_buf_4, i128 %row_buf_5, i128 %row_buf_6, i128 %row_buf_7, i8 %x_local_1_0_0, i8 %x_local_1_0_1, i8 %x_local_1_0_2, i8 %x_local_1_0_3, i8 %x_local_1_0_4, i8 %x_local_1_0_5, i8 %x_local_1_0_6, i8 %x_local_1_0_7, i8 %x_local_1_0_8, i8 %x_local_1_0_9, i8 %x_local_1_0_10, i8 %x_local_1_0_11, i8 %x_local_1_0_12, i8 %x_local_1_0_13, i8 %x_local_1_0_14, i8 %x_local_1_0_15, i8 %x_local_1_1_0, i8 %x_local_1_1_1, i8 %x_local_1_1_2, i8 %x_local_1_1_3, i8 %x_local_1_1_4, i8 %x_local_1_1_5, i8 %x_local_1_1_6, i8 %x_local_1_1_7, i8 %x_local_1_1_8, i8 %x_local_1_1_9, i8 %x_local_1_1_10, i8 %x_local_1_1_11, i8 %x_local_1_1_12, i8 %x_local_1_1_13, i8 %x_local_1_1_14, i8 %x_local_1_1_15, i8 %x_local_1_2_0, i8 %x_local_1_2_1, i8 %x_local_1_2_2, i8 %x_local_1_2_3, i8 %x_local_1_2_4, i8 %x_local_1_2_5, i8 %x_local_1_2_6, i8 %x_local_1_2_7, i8 %x_local_1_2_8, i8 %x_local_1_2_9, i8 %x_local_1_2_10, i8 %x_local_1_2_11, i8 %x_local_1_2_12, i8 %x_local_1_2_13, i8 %x_local_1_2_14, i8 %x_local_1_2_15, i8 %x_local_1_3_0, i8 %x_local_1_3_1, i8 %x_local_1_3_2, i8 %x_local_1_3_3, i8 %x_local_1_3_4, i8 %x_local_1_3_5, i8 %x_local_1_3_6, i8 %x_local_1_3_7, i8 %x_local_1_3_8, i8 %x_local_1_3_9, i8 %x_local_1_3_10, i8 %x_local_1_3_11, i8 %x_local_1_3_12, i8 %x_local_1_3_13, i8 %x_local_1_3_14, i8 %x_local_1_3_15, i8 %x_local_1_4_0, i8 %x_local_1_4_1, i8 %x_local_1_4_2, i8 %x_local_1_4_3, i8 %x_local_1_4_4, i8 %x_local_1_4_5, i8 %x_local_1_4_6, i8 %x_local_1_4_7, i8 %x_local_1_4_8, i8 %x_local_1_4_9, i8 %x_local_1_4_10, i8 %x_local_1_4_11, i8 %x_local_1_4_12, i8 %x_local_1_4_13, i8 %x_local_1_4_14, i8 %x_local_1_4_15, i8 %x_local_1_5_0, i8 %x_local_1_5_1, i8 %x_local_1_5_2, i8 %x_local_1_5_3, i8 %x_local_1_5_4, i8 %x_local_1_5_5, i8 %x_local_1_5_6, i8 %x_local_1_5_7, i8 %x_local_1_5_8, i8 %x_local_1_5_9, i8 %x_local_1_5_10, i8 %x_local_1_5_11, i8 %x_local_1_5_12, i8 %x_local_1_5_13, i8 %x_local_1_5_14, i8 %x_local_1_5_15, i8 %x_local_1_6_0, i8 %x_local_1_6_1, i8 %x_local_1_6_2, i8 %x_local_1_6_3, i8 %x_local_1_6_4, i8 %x_local_1_6_5, i8 %x_local_1_6_6, i8 %x_local_1_6_7, i8 %x_local_1_6_8, i8 %x_local_1_6_9, i8 %x_local_1_6_10, i8 %x_local_1_6_11, i8 %x_local_1_6_12, i8 %x_local_1_6_13, i8 %x_local_1_6_14, i8 %x_local_1_6_15, i8 %x_local_1_7_0, i8 %x_local_1_7_1, i8 %x_local_1_7_2, i8 %x_local_1_7_3, i8 %x_local_1_7_4, i8 %x_local_1_7_5, i8 %x_local_1_7_6, i8 %x_local_1_7_7, i8 %x_local_1_7_8, i8 %x_local_1_7_9, i8 %x_local_1_7_10, i8 %x_local_1_7_11, i8 %x_local_1_7_12, i8 %x_local_1_7_13, i8 %x_local_1_7_14, i8 %x_local_1_7_15, i32 %x_scale_read" [swiglu.cpp:232]   --->   Operation 194 'call' 'row_result' <Predicate = true> <Delay = 2.41> <CoreType = "Generic">   --->   Generic Core

State 7 <SV = 6> <Delay = 2.41>
ST_7 : Operation 195 [7/7] (2.41ns)   --->   "%fq = fmul i32 %row_result, i32 12.7" [swiglu.cpp:233]   --->   Operation 195 'fmul' 'fq' <Predicate = true> <Delay = 2.41> <CoreInst = "FMul_maxdsp">   --->   Core 30 'FMul_maxdsp' <Latency = 6> <II = 1> <Delay = 2.41> <FuncUnit> <Opcode : 'fmul'> <InPorts = 2> <OutPorts = 1>
ST_7 : Operation 196 [1/1] (0.42ns)   --->   "%store_ln224 = store i14 %add_ln224, i14 %row" [swiglu.cpp:224]   --->   Operation 196 'store' 'store_ln224' <Predicate = true> <Delay = 0.42>

State 8 <SV = 7> <Delay = 2.41>
ST_8 : Operation 197 [6/7] (2.41ns)   --->   "%fq = fmul i32 %row_result, i32 12.7" [swiglu.cpp:233]   --->   Operation 197 'fmul' 'fq' <Predicate = true> <Delay = 2.41> <CoreInst = "FMul_maxdsp">   --->   Core 30 'FMul_maxdsp' <Latency = 6> <II = 1> <Delay = 2.41> <FuncUnit> <Opcode : 'fmul'> <InPorts = 2> <OutPorts = 1>

State 9 <SV = 8> <Delay = 2.41>
ST_9 : Operation 198 [5/7] (2.41ns)   --->   "%fq = fmul i32 %row_result, i32 12.7" [swiglu.cpp:233]   --->   Operation 198 'fmul' 'fq' <Predicate = true> <Delay = 2.41> <CoreInst = "FMul_maxdsp">   --->   Core 30 'FMul_maxdsp' <Latency = 6> <II = 1> <Delay = 2.41> <FuncUnit> <Opcode : 'fmul'> <InPorts = 2> <OutPorts = 1>

State 10 <SV = 9> <Delay = 2.41>
ST_10 : Operation 199 [4/7] (2.41ns)   --->   "%fq = fmul i32 %row_result, i32 12.7" [swiglu.cpp:233]   --->   Operation 199 'fmul' 'fq' <Predicate = true> <Delay = 2.41> <CoreInst = "FMul_maxdsp">   --->   Core 30 'FMul_maxdsp' <Latency = 6> <II = 1> <Delay = 2.41> <FuncUnit> <Opcode : 'fmul'> <InPorts = 2> <OutPorts = 1>

State 11 <SV = 10> <Delay = 2.41>
ST_11 : Operation 200 [3/7] (2.41ns)   --->   "%fq = fmul i32 %row_result, i32 12.7" [swiglu.cpp:233]   --->   Operation 200 'fmul' 'fq' <Predicate = true> <Delay = 2.41> <CoreInst = "FMul_maxdsp">   --->   Core 30 'FMul_maxdsp' <Latency = 6> <II = 1> <Delay = 2.41> <FuncUnit> <Opcode : 'fmul'> <InPorts = 2> <OutPorts = 1>

State 12 <SV = 11> <Delay = 2.41>
ST_12 : Operation 201 [2/7] (2.41ns)   --->   "%fq = fmul i32 %row_result, i32 12.7" [swiglu.cpp:233]   --->   Operation 201 'fmul' 'fq' <Predicate = true> <Delay = 2.41> <CoreInst = "FMul_maxdsp">   --->   Core 30 'FMul_maxdsp' <Latency = 6> <II = 1> <Delay = 2.41> <FuncUnit> <Opcode : 'fmul'> <InPorts = 2> <OutPorts = 1>

State 13 <SV = 12> <Delay = 2.41>
ST_13 : Operation 202 [1/7] (2.41ns)   --->   "%fq = fmul i32 %row_result, i32 12.7" [swiglu.cpp:233]   --->   Operation 202 'fmul' 'fq' <Predicate = true> <Delay = 2.41> <CoreInst = "FMul_maxdsp">   --->   Core 30 'FMul_maxdsp' <Latency = 6> <II = 1> <Delay = 2.41> <FuncUnit> <Opcode : 'fmul'> <InPorts = 2> <OutPorts = 1>

State 14 <SV = 13> <Delay = 2.31>
ST_14 : Operation 203 [3/3] (2.31ns)   --->   "%tmp_108 = fcmp_oge  i32 %fq, i32 0" [swiglu.cpp:234]   --->   Operation 203 'fcmp' 'tmp_108' <Predicate = true> <Delay = 2.31> <CoreInst = "FCompare">   --->   Core 19 'FCompare' <Latency = 2> <II = 1> <Delay = 2.31> <FuncUnit> <Opcode : 'fcmp'> <InPorts = 2> <OutPorts = 1>

State 15 <SV = 14> <Delay = 2.31>
ST_15 : Operation 204 [2/3] (2.31ns)   --->   "%tmp_108 = fcmp_oge  i32 %fq, i32 0" [swiglu.cpp:234]   --->   Operation 204 'fcmp' 'tmp_108' <Predicate = true> <Delay = 2.31> <CoreInst = "FCompare">   --->   Core 19 'FCompare' <Latency = 2> <II = 1> <Delay = 2.31> <FuncUnit> <Opcode : 'fcmp'> <InPorts = 2> <OutPorts = 1>

State 16 <SV = 15> <Delay = 2.31>
ST_16 : Operation 205 [1/3] (2.31ns)   --->   "%tmp_108 = fcmp_oge  i32 %fq, i32 0" [swiglu.cpp:234]   --->   Operation 205 'fcmp' 'tmp_108' <Predicate = true> <Delay = 2.31> <CoreInst = "FCompare">   --->   Core 19 'FCompare' <Latency = 2> <II = 1> <Delay = 2.31> <FuncUnit> <Opcode : 'fcmp'> <InPorts = 2> <OutPorts = 1>

State 17 <SV = 16> <Delay = 1.37>
ST_17 : Operation 206 [1/1] (0.00ns)   --->   "%bitcast_ln234 = bitcast i32 %fq" [swiglu.cpp:234]   --->   Operation 206 'bitcast' 'bitcast_ln234' <Predicate = true> <Delay = 0.00>
ST_17 : Operation 207 [1/1] (0.00ns)   --->   "%tmp_107 = partselect i8 @_ssdm_op_PartSelect.i8.i32.i32.i32, i32 %bitcast_ln234, i32 23, i32 30" [swiglu.cpp:234]   --->   Operation 207 'partselect' 'tmp_107' <Predicate = true> <Delay = 0.00>
ST_17 : Operation 208 [1/1] (0.00ns)   --->   "%trunc_ln234 = trunc i32 %bitcast_ln234" [swiglu.cpp:234]   --->   Operation 208 'trunc' 'trunc_ln234' <Predicate = true> <Delay = 0.00>
ST_17 : Operation 209 [1/1] (0.76ns)   --->   "%icmp_ln234 = icmp_ne  i8 %tmp_107, i8 255" [swiglu.cpp:234]   --->   Operation 209 'icmp' 'icmp_ln234' <Predicate = true> <Delay = 0.76> <CoreInst = "Cmp">   --->   Core 9 'Cmp' <Latency = 0> <II = 1> <Delay = 0.76> <FuncUnit> <Opcode : 'seteq' 'setne' 'setle' 'setge' 'setlt' 'setgt'> <InPorts = 2> <OutPorts = 1>
ST_17 : Operation 210 [1/1] (0.92ns)   --->   "%icmp_ln234_1 = icmp_eq  i23 %trunc_ln234, i23 0" [swiglu.cpp:234]   --->   Operation 210 'icmp' 'icmp_ln234_1' <Predicate = true> <Delay = 0.92> <CoreInst = "Cmp">   --->   Core 9 'Cmp' <Latency = 0> <II = 1> <Delay = 0.92> <FuncUnit> <Opcode : 'seteq' 'setne' 'setle' 'setge' 'setlt' 'setgt'> <InPorts = 2> <OutPorts = 1>
ST_17 : Operation 211 [1/1] (0.00ns) (grouped into LUT with out node select_ln234)   --->   "%or_ln234 = or i1 %icmp_ln234_1, i1 %icmp_ln234" [swiglu.cpp:234]   --->   Operation 211 'or' 'or_ln234' <Predicate = true> <Delay = 0.00> <CoreInst = "LogicGate">   --->   Core 74 'LogicGate' <Latency = 0> <II = 1> <Delay = 0.28> <FuncUnit> <Opcode : 'and' 'or' 'xor'> <InPorts = 2> <OutPorts = 1>
ST_17 : Operation 212 [1/1] (0.00ns) (grouped into LUT with out node select_ln234)   --->   "%and_ln234 = and i1 %or_ln234, i1 %tmp_108" [swiglu.cpp:234]   --->   Operation 212 'and' 'and_ln234' <Predicate = true> <Delay = 0.00> <CoreInst = "LogicGate">   --->   Core 74 'LogicGate' <Latency = 0> <II = 1> <Delay = 0.28> <FuncUnit> <Opcode : 'and' 'or' 'xor'> <InPorts = 2> <OutPorts = 1>
ST_17 : Operation 213 [1/1] (0.44ns) (out node of the LUT)   --->   "%select_ln234 = select i1 %and_ln234, i32 0.5, i32 -0.5" [swiglu.cpp:234]   --->   Operation 213 'select' 'select_ln234' <Predicate = true> <Delay = 0.44> <CoreInst = "Sel">   --->   Core 73 'Sel' <Latency = 0> <II = 1> <Delay = 0.44> <FuncUnit> <Opcode : 'select'> <InPorts = 3> <OutPorts = 1>

State 18 <SV = 17> <Delay = 2.26>
ST_18 : Operation 214 [11/11] (2.26ns)   --->   "%dc = fadd i32 %fq, i32 %select_ln234" [swiglu.cpp:234]   --->   Operation 214 'fadd' 'dc' <Predicate = true> <Delay = 2.26> <CoreInst = "FAddSub_fulldsp">   --->   Core 18 'FAddSub_fulldsp' <Latency = 10> <II = 1> <Delay = 2.26> <FuncUnit> <Opcode : 'fadd' 'fsub'> <InPorts = 2> <OutPorts = 1>

State 19 <SV = 18> <Delay = 2.26>
ST_19 : Operation 215 [10/11] (2.26ns)   --->   "%dc = fadd i32 %fq, i32 %select_ln234" [swiglu.cpp:234]   --->   Operation 215 'fadd' 'dc' <Predicate = true> <Delay = 2.26> <CoreInst = "FAddSub_fulldsp">   --->   Core 18 'FAddSub_fulldsp' <Latency = 10> <II = 1> <Delay = 2.26> <FuncUnit> <Opcode : 'fadd' 'fsub'> <InPorts = 2> <OutPorts = 1>

State 20 <SV = 19> <Delay = 2.26>
ST_20 : Operation 216 [9/11] (2.26ns)   --->   "%dc = fadd i32 %fq, i32 %select_ln234" [swiglu.cpp:234]   --->   Operation 216 'fadd' 'dc' <Predicate = true> <Delay = 2.26> <CoreInst = "FAddSub_fulldsp">   --->   Core 18 'FAddSub_fulldsp' <Latency = 10> <II = 1> <Delay = 2.26> <FuncUnit> <Opcode : 'fadd' 'fsub'> <InPorts = 2> <OutPorts = 1>

State 21 <SV = 20> <Delay = 2.26>
ST_21 : Operation 217 [8/11] (2.26ns)   --->   "%dc = fadd i32 %fq, i32 %select_ln234" [swiglu.cpp:234]   --->   Operation 217 'fadd' 'dc' <Predicate = true> <Delay = 2.26> <CoreInst = "FAddSub_fulldsp">   --->   Core 18 'FAddSub_fulldsp' <Latency = 10> <II = 1> <Delay = 2.26> <FuncUnit> <Opcode : 'fadd' 'fsub'> <InPorts = 2> <OutPorts = 1>

State 22 <SV = 21> <Delay = 2.26>
ST_22 : Operation 218 [7/11] (2.26ns)   --->   "%dc = fadd i32 %fq, i32 %select_ln234" [swiglu.cpp:234]   --->   Operation 218 'fadd' 'dc' <Predicate = true> <Delay = 2.26> <CoreInst = "FAddSub_fulldsp">   --->   Core 18 'FAddSub_fulldsp' <Latency = 10> <II = 1> <Delay = 2.26> <FuncUnit> <Opcode : 'fadd' 'fsub'> <InPorts = 2> <OutPorts = 1>

State 23 <SV = 22> <Delay = 2.26>
ST_23 : Operation 219 [6/11] (2.26ns)   --->   "%dc = fadd i32 %fq, i32 %select_ln234" [swiglu.cpp:234]   --->   Operation 219 'fadd' 'dc' <Predicate = true> <Delay = 2.26> <CoreInst = "FAddSub_fulldsp">   --->   Core 18 'FAddSub_fulldsp' <Latency = 10> <II = 1> <Delay = 2.26> <FuncUnit> <Opcode : 'fadd' 'fsub'> <InPorts = 2> <OutPorts = 1>

State 24 <SV = 23> <Delay = 2.26>
ST_24 : Operation 220 [5/11] (2.26ns)   --->   "%dc = fadd i32 %fq, i32 %select_ln234" [swiglu.cpp:234]   --->   Operation 220 'fadd' 'dc' <Predicate = true> <Delay = 2.26> <CoreInst = "FAddSub_fulldsp">   --->   Core 18 'FAddSub_fulldsp' <Latency = 10> <II = 1> <Delay = 2.26> <FuncUnit> <Opcode : 'fadd' 'fsub'> <InPorts = 2> <OutPorts = 1>

State 25 <SV = 24> <Delay = 2.26>
ST_25 : Operation 221 [4/11] (2.26ns)   --->   "%dc = fadd i32 %fq, i32 %select_ln234" [swiglu.cpp:234]   --->   Operation 221 'fadd' 'dc' <Predicate = true> <Delay = 2.26> <CoreInst = "FAddSub_fulldsp">   --->   Core 18 'FAddSub_fulldsp' <Latency = 10> <II = 1> <Delay = 2.26> <FuncUnit> <Opcode : 'fadd' 'fsub'> <InPorts = 2> <OutPorts = 1>

State 26 <SV = 25> <Delay = 2.26>
ST_26 : Operation 222 [3/11] (2.26ns)   --->   "%dc = fadd i32 %fq, i32 %select_ln234" [swiglu.cpp:234]   --->   Operation 222 'fadd' 'dc' <Predicate = true> <Delay = 2.26> <CoreInst = "FAddSub_fulldsp">   --->   Core 18 'FAddSub_fulldsp' <Latency = 10> <II = 1> <Delay = 2.26> <FuncUnit> <Opcode : 'fadd' 'fsub'> <InPorts = 2> <OutPorts = 1>

State 27 <SV = 26> <Delay = 2.26>
ST_27 : Operation 223 [2/11] (2.26ns)   --->   "%dc = fadd i32 %fq, i32 %select_ln234" [swiglu.cpp:234]   --->   Operation 223 'fadd' 'dc' <Predicate = true> <Delay = 2.26> <CoreInst = "FAddSub_fulldsp">   --->   Core 18 'FAddSub_fulldsp' <Latency = 10> <II = 1> <Delay = 2.26> <FuncUnit> <Opcode : 'fadd' 'fsub'> <InPorts = 2> <OutPorts = 1>

State 28 <SV = 27> <Delay = 2.26>
ST_28 : Operation 224 [1/11] (2.26ns)   --->   "%dc = fadd i32 %fq, i32 %select_ln234" [swiglu.cpp:234]   --->   Operation 224 'fadd' 'dc' <Predicate = true> <Delay = 2.26> <CoreInst = "FAddSub_fulldsp">   --->   Core 18 'FAddSub_fulldsp' <Latency = 10> <II = 1> <Delay = 2.26> <FuncUnit> <Opcode : 'fadd' 'fsub'> <InPorts = 2> <OutPorts = 1>

State 29 <SV = 28> <Delay = 1.16>
ST_29 : Operation 225 [1/1] (0.00ns)   --->   "%data = bitcast i32 %dc" [C:\scratch\2025.1\hls_product\640\2025.1\src\shared\hls\clib/src/hls\utils/x_hls_utils.h:288->C:\scratch\2025.1\hls_product\640\2025.1\src\shared\hls\clib/hlsmath/include/FloatingPoint\hls_case_IEEE754.h:13->C:\scratch\2025.1\hls_product\640\2025.1\src\shared\hls\clib/hlsmath/include/FloatingPoint\hls_case_IEEE754.h:117->C:\scratch\2025.1\hls_product\640\2025.1\src\shared\hls\clib\hlsmath\src\lib_floatconversion.cpp:51->swiglu.cpp:234]   --->   Operation 225 'bitcast' 'data' <Predicate = true> <Delay = 0.00>
ST_29 : Operation 226 [1/1] (0.00ns)   --->   "%xs_sign = bitselect i1 @_ssdm_op_BitSelect.i1.i32.i32, i32 %data, i32 31" [C:\scratch\2025.1\hls_product\640\2025.1\src\shared\hls\clib/src/hls\utils/x_hls_utils.h:294->C:\scratch\2025.1\hls_product\640\2025.1\src\shared\hls\clib/hlsmath/include/FloatingPoint\hls_case_IEEE754.h:13->C:\scratch\2025.1\hls_product\640\2025.1\src\shared\hls\clib/hlsmath/include/FloatingPoint\hls_case_IEEE754.h:117->C:\scratch\2025.1\hls_product\640\2025.1\src\shared\hls\clib\hlsmath\src\lib_floatconversion.cpp:51->swiglu.cpp:234]   --->   Operation 226 'bitselect' 'xs_sign' <Predicate = true> <Delay = 0.00>
ST_29 : Operation 227 [1/1] (0.00ns)   --->   "%xs_exp = partselect i8 @_ssdm_op_PartSelect.i8.i32.i32, i32 %data, i32 23" [C:\scratch\2025.1\hls_product\640\2025.1\src\shared\hls\clib/src/hls\utils/x_hls_utils.h:295->C:\scratch\2025.1\hls_product\640\2025.1\src\shared\hls\clib/hlsmath/include/FloatingPoint\hls_case_IEEE754.h:13->C:\scratch\2025.1\hls_product\640\2025.1\src\shared\hls\clib/hlsmath/include/FloatingPoint\hls_case_IEEE754.h:117->C:\scratch\2025.1\hls_product\640\2025.1\src\shared\hls\clib\hlsmath\src\lib_floatconversion.cpp:51->swiglu.cpp:234]   --->   Operation 227 'partselect' 'xs_exp' <Predicate = true> <Delay = 0.00>
ST_29 : Operation 228 [1/1] (0.00ns)   --->   "%trunc_ln342 = trunc i32 %data" [C:\scratch\2025.1\hls_product\640\2025.1\src\shared\hls\clib/src/hls\utils/x_hls_utils.h:342->C:\scratch\2025.1\hls_product\640\2025.1\src\shared\hls\clib/hlsmath/include/FloatingPoint\hls_case_IEEE754.h:15->C:\scratch\2025.1\hls_product\640\2025.1\src\shared\hls\clib/hlsmath/include/FloatingPoint\hls_case_IEEE754.h:117->C:\scratch\2025.1\hls_product\640\2025.1\src\shared\hls\clib\hlsmath\src\lib_floatconversion.cpp:51->swiglu.cpp:234]   --->   Operation 228 'trunc' 'trunc_ln342' <Predicate = true> <Delay = 0.00>
ST_29 : Operation 229 [1/1] (0.00ns)   --->   "%zext_ln317 = zext i8 %xs_exp" [C:\scratch\2025.1\hls_product\640\2025.1\src\shared\hls\clib/src/hls\utils/x_hls_utils.h:317->C:\scratch\2025.1\hls_product\640\2025.1\src\shared\hls\clib/hlsmath/include/FloatingPoint\hls_case_IEEE754.h:18->C:\scratch\2025.1\hls_product\640\2025.1\src\shared\hls\clib/hlsmath/include/FloatingPoint\hls_case_IEEE754.h:117->C:\scratch\2025.1\hls_product\640\2025.1\src\shared\hls\clib\hlsmath\src\lib_floatconversion.cpp:51->swiglu.cpp:234]   --->   Operation 229 'zext' 'zext_ln317' <Predicate = true> <Delay = 0.00>
ST_29 : Operation 230 [1/1] (0.76ns)   --->   "%add_ln317 = add i9 %zext_ln317, i9 385" [C:\scratch\2025.1\hls_product\640\2025.1\src\shared\hls\clib/src/hls\utils/x_hls_utils.h:317->C:\scratch\2025.1\hls_product\640\2025.1\src\shared\hls\clib/hlsmath/include/FloatingPoint\hls_case_IEEE754.h:18->C:\scratch\2025.1\hls_product\640\2025.1\src\shared\hls\clib/hlsmath/include/FloatingPoint\hls_case_IEEE754.h:117->C:\scratch\2025.1\hls_product\640\2025.1\src\shared\hls\clib\hlsmath\src\lib_floatconversion.cpp:51->swiglu.cpp:234]   --->   Operation 230 'add' 'add_ln317' <Predicate = true> <Delay = 0.76> <CoreInst = "Adder">   --->   Core 1 'Adder' <Latency = 0> <II = 1> <Delay = 0.76> <FuncUnit> <Opcode : 'add' 'sub'> <InPorts = 2> <OutPorts = 1>
ST_29 : Operation 231 [1/1] (0.00ns)   --->   "%tmp = bitselect i1 @_ssdm_op_BitSelect.i1.i9.i32, i9 %add_ln317, i32 8" [C:\scratch\2025.1\hls_product\640\2025.1\src\shared\hls\clib/hlsmath/include/FloatingPoint\hls_case_IEEE754.h:18->C:\scratch\2025.1\hls_product\640\2025.1\src\shared\hls\clib/hlsmath/include/FloatingPoint\hls_case_IEEE754.h:117->C:\scratch\2025.1\hls_product\640\2025.1\src\shared\hls\clib\hlsmath\src\lib_floatconversion.cpp:51->swiglu.cpp:234]   --->   Operation 231 'bitselect' 'tmp' <Predicate = true> <Delay = 0.00>
ST_29 : Operation 232 [1/1] (0.76ns)   --->   "%sub_ln18 = sub i8 127, i8 %xs_exp" [C:\scratch\2025.1\hls_product\640\2025.1\src\shared\hls\clib/hlsmath/include/FloatingPoint\hls_case_IEEE754.h:18->C:\scratch\2025.1\hls_product\640\2025.1\src\shared\hls\clib/hlsmath/include/FloatingPoint\hls_case_IEEE754.h:117->C:\scratch\2025.1\hls_product\640\2025.1\src\shared\hls\clib\hlsmath\src\lib_floatconversion.cpp:51->swiglu.cpp:234]   --->   Operation 232 'sub' 'sub_ln18' <Predicate = true> <Delay = 0.76> <CoreInst = "Adder">   --->   Core 1 'Adder' <Latency = 0> <II = 1> <Delay = 0.76> <FuncUnit> <Opcode : 'add' 'sub'> <InPorts = 2> <OutPorts = 1>
ST_29 : Operation 233 [1/1] (0.00ns)   --->   "%sext_ln18 = sext i8 %sub_ln18" [C:\scratch\2025.1\hls_product\640\2025.1\src\shared\hls\clib/hlsmath/include/FloatingPoint\hls_case_IEEE754.h:18->C:\scratch\2025.1\hls_product\640\2025.1\src\shared\hls\clib/hlsmath/include/FloatingPoint\hls_case_IEEE754.h:117->C:\scratch\2025.1\hls_product\640\2025.1\src\shared\hls\clib\hlsmath\src\lib_floatconversion.cpp:51->swiglu.cpp:234]   --->   Operation 233 'sext' 'sext_ln18' <Predicate = true> <Delay = 0.00>
ST_29 : Operation 234 [1/1] (0.39ns)   --->   "%select_ln18 = select i1 %tmp, i9 %sext_ln18, i9 %add_ln317" [C:\scratch\2025.1\hls_product\640\2025.1\src\shared\hls\clib/hlsmath/include/FloatingPoint\hls_case_IEEE754.h:18->C:\scratch\2025.1\hls_product\640\2025.1\src\shared\hls\clib/hlsmath/include/FloatingPoint\hls_case_IEEE754.h:117->C:\scratch\2025.1\hls_product\640\2025.1\src\shared\hls\clib\hlsmath\src\lib_floatconversion.cpp:51->swiglu.cpp:234]   --->   Operation 234 'select' 'select_ln18' <Predicate = true> <Delay = 0.39> <CoreInst = "Sel">   --->   Core 73 'Sel' <Latency = 0> <II = 1> <Delay = 0.39> <FuncUnit> <Opcode : 'select'> <InPorts = 3> <OutPorts = 1>

State 30 <SV = 29> <Delay = 1.83>
ST_30 : Operation 235 [1/1] (0.00ns)   --->   "%mantissa = bitconcatenate i25 @_ssdm_op_BitConcatenate.i25.i1.i23.i1, i1 1, i23 %trunc_ln342, i1 0" [C:\scratch\2025.1\hls_product\640\2025.1\src\shared\hls\clib/hlsmath/include/FloatingPoint\hls_case_IEEE754.h:15->C:\scratch\2025.1\hls_product\640\2025.1\src\shared\hls\clib/hlsmath/include/FloatingPoint\hls_case_IEEE754.h:117->C:\scratch\2025.1\hls_product\640\2025.1\src\shared\hls\clib\hlsmath\src\lib_floatconversion.cpp:51->swiglu.cpp:234]   --->   Operation 235 'bitconcatenate' 'mantissa' <Predicate = true> <Delay = 0.00>
ST_30 : Operation 236 [1/1] (0.00ns)   --->   "%zext_ln15 = zext i25 %mantissa" [C:\scratch\2025.1\hls_product\640\2025.1\src\shared\hls\clib/hlsmath/include/FloatingPoint\hls_case_IEEE754.h:15->C:\scratch\2025.1\hls_product\640\2025.1\src\shared\hls\clib/hlsmath/include/FloatingPoint\hls_case_IEEE754.h:117->C:\scratch\2025.1\hls_product\640\2025.1\src\shared\hls\clib\hlsmath\src\lib_floatconversion.cpp:51->swiglu.cpp:234]   --->   Operation 236 'zext' 'zext_ln15' <Predicate = true> <Delay = 0.00>
ST_30 : Operation 237 [1/1] (0.00ns)   --->   "%sext_ln18_6 = sext i9 %select_ln18" [C:\scratch\2025.1\hls_product\640\2025.1\src\shared\hls\clib/hlsmath/include/FloatingPoint\hls_case_IEEE754.h:18->C:\scratch\2025.1\hls_product\640\2025.1\src\shared\hls\clib/hlsmath/include/FloatingPoint\hls_case_IEEE754.h:117->C:\scratch\2025.1\hls_product\640\2025.1\src\shared\hls\clib\hlsmath\src\lib_floatconversion.cpp:51->swiglu.cpp:234]   --->   Operation 237 'sext' 'sext_ln18_6' <Predicate = true> <Delay = 0.00>
ST_30 : Operation 238 [1/1] (0.00ns)   --->   "%zext_ln18 = zext i32 %sext_ln18_6" [C:\scratch\2025.1\hls_product\640\2025.1\src\shared\hls\clib/hlsmath/include/FloatingPoint\hls_case_IEEE754.h:18->C:\scratch\2025.1\hls_product\640\2025.1\src\shared\hls\clib/hlsmath/include/FloatingPoint\hls_case_IEEE754.h:117->C:\scratch\2025.1\hls_product\640\2025.1\src\shared\hls\clib\hlsmath\src\lib_floatconversion.cpp:51->swiglu.cpp:234]   --->   Operation 238 'zext' 'zext_ln18' <Predicate = true> <Delay = 0.00>
ST_30 : Operation 239 [1/1] (1.38ns)   --->   "%lshr_ln18 = lshr i79 %zext_ln15, i79 %zext_ln18" [C:\scratch\2025.1\hls_product\640\2025.1\src\shared\hls\clib/hlsmath/include/FloatingPoint\hls_case_IEEE754.h:18->C:\scratch\2025.1\hls_product\640\2025.1\src\shared\hls\clib/hlsmath/include/FloatingPoint\hls_case_IEEE754.h:117->C:\scratch\2025.1\hls_product\640\2025.1\src\shared\hls\clib\hlsmath\src\lib_floatconversion.cpp:51->swiglu.cpp:234]   --->   Operation 239 'lshr' 'lshr_ln18' <Predicate = (tmp)> <Delay = 1.38> <CoreInst = "Shifter">   --->   Core 75 'Shifter' <Latency = 0> <II = 1> <Delay = 1.38> <FuncUnit> <Opcode : 'shl' 'lshr' 'ashr'> <InPorts = 2> <OutPorts = 1>
ST_30 : Operation 240 [1/1] (1.38ns)   --->   "%shl_ln18 = shl i79 %zext_ln15, i79 %zext_ln18" [C:\scratch\2025.1\hls_product\640\2025.1\src\shared\hls\clib/hlsmath/include/FloatingPoint\hls_case_IEEE754.h:18->C:\scratch\2025.1\hls_product\640\2025.1\src\shared\hls\clib/hlsmath/include/FloatingPoint\hls_case_IEEE754.h:117->C:\scratch\2025.1\hls_product\640\2025.1\src\shared\hls\clib\hlsmath\src\lib_floatconversion.cpp:51->swiglu.cpp:234]   --->   Operation 240 'shl' 'shl_ln18' <Predicate = (!tmp)> <Delay = 1.38> <CoreInst = "Shifter">   --->   Core 75 'Shifter' <Latency = 0> <II = 1> <Delay = 1.38> <FuncUnit> <Opcode : 'shl' 'lshr' 'ashr'> <InPorts = 2> <OutPorts = 1>
ST_30 : Operation 241 [1/1] (0.00ns)   --->   "%tmp_s = partselect i32 @_ssdm_op_PartSelect.i32.i79.i32.i32, i79 %lshr_ln18, i32 24, i32 55" [C:\scratch\2025.1\hls_product\640\2025.1\src\shared\hls\clib/hlsmath/include/FloatingPoint\hls_case_IEEE754.h:21->C:\scratch\2025.1\hls_product\640\2025.1\src\shared\hls\clib/hlsmath/include/FloatingPoint\hls_case_IEEE754.h:117->C:\scratch\2025.1\hls_product\640\2025.1\src\shared\hls\clib\hlsmath\src\lib_floatconversion.cpp:51->swiglu.cpp:234]   --->   Operation 241 'partselect' 'tmp_s' <Predicate = (tmp)> <Delay = 0.00>
ST_30 : Operation 242 [1/1] (0.00ns)   --->   "%tmp_252 = partselect i32 @_ssdm_op_PartSelect.i32.i79.i32.i32, i79 %shl_ln18, i32 24, i32 55" [C:\scratch\2025.1\hls_product\640\2025.1\src\shared\hls\clib/hlsmath/include/FloatingPoint\hls_case_IEEE754.h:21->C:\scratch\2025.1\hls_product\640\2025.1\src\shared\hls\clib/hlsmath/include/FloatingPoint\hls_case_IEEE754.h:117->C:\scratch\2025.1\hls_product\640\2025.1\src\shared\hls\clib\hlsmath\src\lib_floatconversion.cpp:51->swiglu.cpp:234]   --->   Operation 242 'partselect' 'tmp_252' <Predicate = (!tmp)> <Delay = 0.00>
ST_30 : Operation 243 [1/1] (0.44ns)   --->   "%val = select i1 %tmp, i32 %tmp_s, i32 %tmp_252" [C:\scratch\2025.1\hls_product\640\2025.1\src\shared\hls\clib/hlsmath/include/FloatingPoint\hls_case_IEEE754.h:18->C:\scratch\2025.1\hls_product\640\2025.1\src\shared\hls\clib/hlsmath/include/FloatingPoint\hls_case_IEEE754.h:117->C:\scratch\2025.1\hls_product\640\2025.1\src\shared\hls\clib\hlsmath\src\lib_floatconversion.cpp:51->swiglu.cpp:234]   --->   Operation 243 'select' 'val' <Predicate = true> <Delay = 0.44> <CoreInst = "Sel">   --->   Core 73 'Sel' <Latency = 0> <II = 1> <Delay = 0.44> <FuncUnit> <Opcode : 'select'> <InPorts = 3> <OutPorts = 1>

State 31 <SV = 30> <Delay = 2.40>
ST_31 : Operation 244 [1/1] (1.01ns)   --->   "%result_12 = sub i32 0, i32 %val" [C:\scratch\2025.1\hls_product\640\2025.1\src\shared\hls\clib/hlsmath/include/FloatingPoint\hls_case_IEEE754.h:59->C:\scratch\2025.1\hls_product\640\2025.1\src\shared\hls\clib/hlsmath/include/FloatingPoint\hls_case_IEEE754.h:117->C:\scratch\2025.1\hls_product\640\2025.1\src\shared\hls\clib\hlsmath\src\lib_floatconversion.cpp:51->swiglu.cpp:234]   --->   Operation 244 'sub' 'result_12' <Predicate = (xs_sign)> <Delay = 1.01> <CoreInst = "Adder">   --->   Core 1 'Adder' <Latency = 0> <II = 1> <Delay = 1.01> <FuncUnit> <Opcode : 'add' 'sub'> <InPorts = 2> <OutPorts = 1>
ST_31 : Operation 245 [1/1] (0.44ns)   --->   "%result = select i1 %xs_sign, i32 %result_12, i32 %val" [C:\scratch\2025.1\hls_product\640\2025.1\src\shared\hls\clib/hlsmath/include/FloatingPoint\hls_case_IEEE754.h:59->C:\scratch\2025.1\hls_product\640\2025.1\src\shared\hls\clib/hlsmath/include/FloatingPoint\hls_case_IEEE754.h:117->C:\scratch\2025.1\hls_product\640\2025.1\src\shared\hls\clib\hlsmath\src\lib_floatconversion.cpp:51->swiglu.cpp:234]   --->   Operation 245 'select' 'result' <Predicate = true> <Delay = 0.44> <CoreInst = "Sel">   --->   Core 73 'Sel' <Latency = 0> <II = 1> <Delay = 0.44> <FuncUnit> <Opcode : 'select'> <InPorts = 3> <OutPorts = 1>
ST_31 : Operation 246 [1/1] (0.00ns)   --->   "%tmp_732 = partselect i25 @_ssdm_op_PartSelect.i25.i32.i32.i32, i32 %result, i32 7, i32 31" [swiglu.cpp:235]   --->   Operation 246 'partselect' 'tmp_732' <Predicate = true> <Delay = 0.00>
ST_31 : Operation 247 [1/1] (0.94ns)   --->   "%icmp_ln235 = icmp_sgt  i25 %tmp_732, i25 0" [swiglu.cpp:235]   --->   Operation 247 'icmp' 'icmp_ln235' <Predicate = true> <Delay = 0.94> <CoreInst = "Cmp">   --->   Core 9 'Cmp' <Latency = 0> <II = 1> <Delay = 0.94> <FuncUnit> <Opcode : 'seteq' 'setne' 'setle' 'setge' 'setlt' 'setgt'> <InPorts = 2> <OutPorts = 1>

State 32 <SV = 31> <Delay = 1.85>
ST_32 : Operation 248 [1/1] (0.44ns)   --->   "%iq_3 = select i1 %icmp_ln235, i32 127, i32 %result" [swiglu.cpp:235]   --->   Operation 248 'select' 'iq_3' <Predicate = true> <Delay = 0.44> <CoreInst = "Sel">   --->   Core 73 'Sel' <Latency = 0> <II = 1> <Delay = 0.44> <FuncUnit> <Opcode : 'select'> <InPorts = 3> <OutPorts = 1>
ST_32 : Operation 249 [1/1] (1.01ns)   --->   "%icmp_ln236 = icmp_slt  i32 %iq_3, i32 4294967168" [swiglu.cpp:236]   --->   Operation 249 'icmp' 'icmp_ln236' <Predicate = true> <Delay = 1.01> <CoreInst = "Cmp">   --->   Core 9 'Cmp' <Latency = 0> <II = 1> <Delay = 1.01> <FuncUnit> <Opcode : 'seteq' 'setne' 'setle' 'setge' 'setlt' 'setgt'> <InPorts = 2> <OutPorts = 1>
ST_32 : Operation 250 [1/1] (0.00ns)   --->   "%trunc_ln237 = trunc i32 %iq_3" [swiglu.cpp:237]   --->   Operation 250 'trunc' 'trunc_ln237' <Predicate = true> <Delay = 0.00>
ST_32 : Operation 251 [1/1] (0.39ns)   --->   "%select_ln237 = select i1 %icmp_ln236, i8 128, i8 %trunc_ln237" [swiglu.cpp:237]   --->   Operation 251 'select' 'select_ln237' <Predicate = true> <Delay = 0.39> <CoreInst = "Sel">   --->   Core 73 'Sel' <Latency = 0> <II = 1> <Delay = 0.39> <FuncUnit> <Opcode : 'select'> <InPorts = 3> <OutPorts = 1>

State 33 <SV = 32> <Delay = 1.23>
ST_33 : Operation 252 [1/1] (0.00ns)   --->   "%zext_ln224 = zext i14 %row_2" [swiglu.cpp:224]   --->   Operation 252 'zext' 'zext_ln224' <Predicate = true> <Delay = 0.00>
ST_33 : Operation 253 [1/1] (0.00ns)   --->   "%X1_cache_addr = getelementptr i8 %X1_cache, i64 0, i64 %zext_ln224" [swiglu.cpp:237]   --->   Operation 253 'getelementptr' 'X1_cache_addr' <Predicate = true> <Delay = 0.00>
ST_33 : Operation 254 [1/1] (0.00ns)   --->   "%speclooptripcount_ln225 = speclooptripcount void @_ssdm_op_SpecLoopTripCount, i64 8192, i64 8192, i64 8192" [swiglu.cpp:225]   --->   Operation 254 'speclooptripcount' 'speclooptripcount_ln225' <Predicate = true> <Delay = 0.00>
ST_33 : Operation 255 [1/1] (0.00ns)   --->   "%specloopname_ln224 = specloopname void @_ssdm_op_SpecLoopName, void @empty_42" [swiglu.cpp:224]   --->   Operation 255 'specloopname' 'specloopname_ln224' <Predicate = true> <Delay = 0.00>
ST_33 : Operation 256 [1/1] ( I:1.23ns O:1.23ns )   --->   "%store_ln237 = store i8 %select_ln237, i13 %X1_cache_addr" [swiglu.cpp:237]   --->   Operation 256 'store' 'store_ln237' <Predicate = true> <Delay = 1.23> <CoreInst = "RAM_2P_BRAM">   --->   Core 93 'RAM_2P_BRAM' <Latency = 1> <II = 1> <Delay = 1.23> <Storage> <Opcode : 'load' 'store'> <Ports = 2> <Width = 8> <Depth = 8192> <RAM>
ST_33 : Operation 257 [1/1] (0.00ns)   --->   "%br_ln224 = br void %for.body" [swiglu.cpp:224]   --->   Operation 257 'br' 'br_ln224' <Predicate = true> <Delay = 0.00>


============================================================
+ Verbose Summary: Timing violations
============================================================
Target clock period: 3.333ns, clock uncertainty: 0.900ns.

 <State 1>: 0.427ns
The critical path consists of the following:
	'alloca' operation 14 bit ('row', swiglu.cpp:224) [133]  (0.000 ns)
	'store' operation 0 bit ('store_ln224', swiglu.cpp:224) of constant 0 on local variable 'row', swiglu.cpp:224 [282]  (0.427 ns)

 <State 2>: 0.831ns
The critical path consists of the following:
	'load' operation 14 bit ('row', swiglu.cpp:224) on local variable 'row', swiglu.cpp:224 [285]  (0.000 ns)
	'icmp' operation 1 bit ('icmp_ln224', swiglu.cpp:224) [286]  (0.831 ns)

 <State 3>: 2.009ns
The critical path consists of the following:
	'call' operation 0 bit ('call_ln230', swiglu.cpp:230) to 'load_row_wv' [295]  (2.009 ns)

 <State 4>: 0.000ns
The critical path consists of the following:

 <State 5>: 2.416ns
The critical path consists of the following:
	'call' operation 32 bit ('row_result', swiglu.cpp:232) to 'mac_blocks_wv_k1' [296]  (2.416 ns)

 <State 6>: 2.416ns
The critical path consists of the following:
	'call' operation 32 bit ('row_result', swiglu.cpp:232) to 'mac_blocks_wv_k1' [296]  (2.416 ns)

 <State 7>: 2.416ns
The critical path consists of the following:
	'fmul' operation 32 bit ('fq', swiglu.cpp:233) [297]  (2.416 ns)

 <State 8>: 2.416ns
The critical path consists of the following:
	'fmul' operation 32 bit ('fq', swiglu.cpp:233) [297]  (2.416 ns)

 <State 9>: 2.416ns
The critical path consists of the following:
	'fmul' operation 32 bit ('fq', swiglu.cpp:233) [297]  (2.416 ns)

 <State 10>: 2.416ns
The critical path consists of the following:
	'fmul' operation 32 bit ('fq', swiglu.cpp:233) [297]  (2.416 ns)

 <State 11>: 2.416ns
The critical path consists of the following:
	'fmul' operation 32 bit ('fq', swiglu.cpp:233) [297]  (2.416 ns)

 <State 12>: 2.416ns
The critical path consists of the following:
	'fmul' operation 32 bit ('fq', swiglu.cpp:233) [297]  (2.416 ns)

 <State 13>: 2.416ns
The critical path consists of the following:
	'fmul' operation 32 bit ('fq', swiglu.cpp:233) [297]  (2.416 ns)

 <State 14>: 2.318ns
The critical path consists of the following:
	'fcmp' operation 1 bit ('tmp_108', swiglu.cpp:234) [304]  (2.318 ns)

 <State 15>: 2.318ns
The critical path consists of the following:
	'fcmp' operation 1 bit ('tmp_108', swiglu.cpp:234) [304]  (2.318 ns)

 <State 16>: 2.318ns
The critical path consists of the following:
	'fcmp' operation 1 bit ('tmp_108', swiglu.cpp:234) [304]  (2.318 ns)

 <State 17>: 1.373ns
The critical path consists of the following:
	'icmp' operation 1 bit ('icmp_ln234_1', swiglu.cpp:234) [302]  (0.924 ns)
	'or' operation 1 bit ('or_ln234', swiglu.cpp:234) [303]  (0.000 ns)
	'and' operation 1 bit ('and_ln234', swiglu.cpp:234) [305]  (0.000 ns)
	'select' operation 32 bit ('select_ln234', swiglu.cpp:234) [306]  (0.449 ns)

 <State 18>: 2.262ns
The critical path consists of the following:
	'fadd' operation 32 bit ('x', swiglu.cpp:234) [307]  (2.262 ns)

 <State 19>: 2.262ns
The critical path consists of the following:
	'fadd' operation 32 bit ('x', swiglu.cpp:234) [307]  (2.262 ns)

 <State 20>: 2.262ns
The critical path consists of the following:
	'fadd' operation 32 bit ('x', swiglu.cpp:234) [307]  (2.262 ns)

 <State 21>: 2.262ns
The critical path consists of the following:
	'fadd' operation 32 bit ('x', swiglu.cpp:234) [307]  (2.262 ns)

 <State 22>: 2.262ns
The critical path consists of the following:
	'fadd' operation 32 bit ('x', swiglu.cpp:234) [307]  (2.262 ns)

 <State 23>: 2.262ns
The critical path consists of the following:
	'fadd' operation 32 bit ('x', swiglu.cpp:234) [307]  (2.262 ns)

 <State 24>: 2.262ns
The critical path consists of the following:
	'fadd' operation 32 bit ('x', swiglu.cpp:234) [307]  (2.262 ns)

 <State 25>: 2.262ns
The critical path consists of the following:
	'fadd' operation 32 bit ('x', swiglu.cpp:234) [307]  (2.262 ns)

 <State 26>: 2.262ns
The critical path consists of the following:
	'fadd' operation 32 bit ('x', swiglu.cpp:234) [307]  (2.262 ns)

 <State 27>: 2.262ns
The critical path consists of the following:
	'fadd' operation 32 bit ('x', swiglu.cpp:234) [307]  (2.262 ns)

 <State 28>: 2.262ns
The critical path consists of the following:
	'fadd' operation 32 bit ('x', swiglu.cpp:234) [307]  (2.262 ns)

 <State 29>: 1.163ns
The critical path consists of the following:
	'add' operation 9 bit ('add_ln317', C:\scratch\2025.1\hls_product\640\2025.1\src\shared\hls\clib/src/hls\utils/x_hls_utils.h:317->C:\scratch\2025.1\hls_product\640\2025.1\src\shared\hls\clib/hlsmath/include/FloatingPoint\hls_case_IEEE754.h:18->C:\scratch\2025.1\hls_product\640\2025.1\src\shared\hls\clib/hlsmath/include/FloatingPoint\hls_case_IEEE754.h:117->C:\scratch\2025.1\hls_product\640\2025.1\src\shared\hls\clib\hlsmath\src\lib_floatconversion.cpp:51->swiglu.cpp:234) [315]  (0.765 ns)
	'select' operation 9 bit ('select_ln18', C:\scratch\2025.1\hls_product\640\2025.1\src\shared\hls\clib/hlsmath/include/FloatingPoint\hls_case_IEEE754.h:18->C:\scratch\2025.1\hls_product\640\2025.1\src\shared\hls\clib/hlsmath/include/FloatingPoint\hls_case_IEEE754.h:117->C:\scratch\2025.1\hls_product\640\2025.1\src\shared\hls\clib\hlsmath\src\lib_floatconversion.cpp:51->swiglu.cpp:234) [319]  (0.398 ns)

 <State 30>: 1.837ns
The critical path consists of the following:
	'lshr' operation 79 bit ('lshr_ln18', C:\scratch\2025.1\hls_product\640\2025.1\src\shared\hls\clib/hlsmath/include/FloatingPoint\hls_case_IEEE754.h:18->C:\scratch\2025.1\hls_product\640\2025.1\src\shared\hls\clib/hlsmath/include/FloatingPoint\hls_case_IEEE754.h:117->C:\scratch\2025.1\hls_product\640\2025.1\src\shared\hls\clib\hlsmath\src\lib_floatconversion.cpp:51->swiglu.cpp:234) [322]  (1.388 ns)
	'select' operation 32 bit ('val', C:\scratch\2025.1\hls_product\640\2025.1\src\shared\hls\clib/hlsmath/include/FloatingPoint\hls_case_IEEE754.h:18->C:\scratch\2025.1\hls_product\640\2025.1\src\shared\hls\clib/hlsmath/include/FloatingPoint\hls_case_IEEE754.h:117->C:\scratch\2025.1\hls_product\640\2025.1\src\shared\hls\clib\hlsmath\src\lib_floatconversion.cpp:51->swiglu.cpp:234) [326]  (0.449 ns)

 <State 31>: 2.410ns
The critical path consists of the following:
	'sub' operation 32 bit ('result', C:\scratch\2025.1\hls_product\640\2025.1\src\shared\hls\clib/hlsmath/include/FloatingPoint\hls_case_IEEE754.h:59->C:\scratch\2025.1\hls_product\640\2025.1\src\shared\hls\clib/hlsmath/include/FloatingPoint\hls_case_IEEE754.h:117->C:\scratch\2025.1\hls_product\640\2025.1\src\shared\hls\clib\hlsmath\src\lib_floatconversion.cpp:51->swiglu.cpp:234) [327]  (1.016 ns)
	'select' operation 32 bit ('result', C:\scratch\2025.1\hls_product\640\2025.1\src\shared\hls\clib/hlsmath/include/FloatingPoint\hls_case_IEEE754.h:59->C:\scratch\2025.1\hls_product\640\2025.1\src\shared\hls\clib/hlsmath/include/FloatingPoint\hls_case_IEEE754.h:117->C:\scratch\2025.1\hls_product\640\2025.1\src\shared\hls\clib\hlsmath\src\lib_floatconversion.cpp:51->swiglu.cpp:234) [328]  (0.449 ns)
	'icmp' operation 1 bit ('icmp_ln235', swiglu.cpp:235) [330]  (0.945 ns)

 <State 32>: 1.858ns
The critical path consists of the following:
	'select' operation 32 bit ('iq', swiglu.cpp:235) [331]  (0.449 ns)
	'icmp' operation 1 bit ('icmp_ln236', swiglu.cpp:236) [332]  (1.016 ns)
	'select' operation 8 bit ('select_ln237', swiglu.cpp:237) [334]  (0.393 ns)

 <State 33>: 1.237ns
The critical path consists of the following:
	'getelementptr' operation 13 bit ('X1_cache_addr', swiglu.cpp:237) [291]  (0.000 ns)
	'store' operation 0 bit ('store_ln237', swiglu.cpp:237) of variable 'select_ln237', swiglu.cpp:237 on array 'X1_cache' [335]  (1.237 ns)


============================================================
+ Verbose Summary: Binding
============================================================
N/A
* FSMD analyzer results:
  - Output states:
 - Input state : 
  - Chain level:
	State 1
	State 2
	State 3
	State 4
	State 5
	State 6
	State 7
	State 8
	State 9
	State 10
	State 11
	State 12
	State 13
	State 14
	State 15
	State 16
	State 17
	State 18
	State 19
	State 20
	State 21
	State 22
	State 23
	State 24
	State 25
	State 26
	State 27
	State 28
	State 29
	State 30
	State 31
	State 32
	State 33


============================================================
+ Verbose Summary: Datapath Resource usage 
============================================================
N/A
