

================================================================
== Vitis HLS Report for 'fp16_to_fp32'
================================================================
* Date:           Tue Mar 31 15:59:59 2026

* Version:        2025.1 (Build 6135595 on May 21 2025)
* Project:        swiglu
* Solution:       hls (Vivado IP Flow Target)
* Product family: zynquplus
* Target device:  xck26-sfvc784-2LV-c


================================================================
== Performance Estimates
================================================================
+ Timing: 
    * Summary: 
    +--------+----------+----------+------------+
    |  Clock |  Target  | Estimated| Uncertainty|
    +--------+----------+----------+------------+
    |ap_clk  |  10.00 ns|  7.466 ns|     2.00 ns|
    +--------+----------+----------+------------+

+ Latency: 
    * Summary: 
    +---------+---------+-----------+-----------+-----+-----+---------+
    |  Latency (cycles) |   Latency (absolute)  |  Interval | Pipeline|
    |   min   |   max   |    min    |    max    | min | max |   Type  |
    +---------+---------+-----------+-----------+-----+-----+---------+
    |        1|        1|  10.000 ns|  10.000 ns|    1|    1|      yes|
    +---------+---------+-----------+-----------+-----+-----+---------+

    + Detail: 
        * Instance: 
        N/A

        * Loop: 
        N/A

============================================================
+ Verbose Summary: Synthesis Manager
============================================================
InlineROM: 1
ExposeGlobal: 0
============================================================
+ Verbose Summary: CDFG Model
============================================================
IsTopModel: 0
ResetActiveHigh: 1
IsCombinational: 0
IsDatapathOnly: 0
HasWiredReturn: 1
HasMFsm: 2
HasVarLatency: 0
IsPipeline: 1
IsRtlPipelined: 1
IsInstanceOverlapped: 0
IsDontTouch: 0
HasImplIP: 0
IsGatedGlobalClock: 0

+ Individual pipeline summary: 
  * Pipeline-0: initiation interval (II) = 1, depth = 2


============================================================
+ Verbose Summary: Schedule
============================================================
* Number of FSM states : 2
* Pipeline : 1
  Pipeline-0 : II = 1, D = 2, States = { 1 2 }
* Dataflow Pipeline: 0

* FSM state transitions: 
1 --> 2 
2 --> 

* FSM state operations: 

State 1 <SV = 0> <Delay = 3.11>
ST_1 : Operation 3 [1/1] (0.00ns)   --->   "%h_read = read i16 @_ssdm_op_Read.ap_auto.i16, i16 %h" [swiglu.cpp:29]   --->   Operation 3 'read' 'h_read' <Predicate = true> <Delay = 0.00>
ST_1 : Operation 4 [1/1] (0.00ns)   --->   "%mant = trunc i16 %h_read" [swiglu.cpp:29]   --->   Operation 4 'trunc' 'mant' <Predicate = true> <Delay = 0.00>
ST_1 : Operation 5 [1/1] (0.00ns)   --->   "%tmp_843 = bitselect i1 @_ssdm_op_BitSelect.i1.i16.i32, i16 %h_read, i32 15" [swiglu.cpp:30]   --->   Operation 5 'bitselect' 'tmp_843' <Predicate = true> <Delay = 0.00>
ST_1 : Operation 6 [1/1] (0.00ns)   --->   "%exp = partselect i5 @_ssdm_op_PartSelect.i5.i16.i32.i32, i16 %h_read, i32 10, i32 14" [swiglu.cpp:31]   --->   Operation 6 'partselect' 'exp' <Predicate = true> <Delay = 0.00>
ST_1 : Operation 7 [1/1] (0.00ns) (grouped into LUT with out node icmp_ln34)   --->   "%trunc_ln34 = trunc i16 %h_read" [swiglu.cpp:34]   --->   Operation 7 'trunc' 'trunc_ln34' <Predicate = true> <Delay = 0.00>
ST_1 : Operation 8 [1/1] (0.00ns) (grouped into LUT with out node icmp_ln34)   --->   "%or_ln34 = or i5 %trunc_ln34, i5 %exp" [swiglu.cpp:34]   --->   Operation 8 'or' 'or_ln34' <Predicate = true> <Delay = 0.00> <CoreInst = "LogicGate">   --->   Core 74 'LogicGate' <Latency = 0> <II = 1> <Delay = 0.19> <FuncUnit> <Opcode : 'and' 'or' 'xor'> <InPorts = 2> <OutPorts = 1>
ST_1 : Operation 9 [1/1] (0.00ns) (grouped into LUT with out node icmp_ln34)   --->   "%tmp = partselect i5 @_ssdm_op_PartSelect.i5.i16.i32.i32, i16 %h_read, i32 5, i32 9" [swiglu.cpp:34]   --->   Operation 9 'partselect' 'tmp' <Predicate = true> <Delay = 0.00>
ST_1 : Operation 10 [1/1] (0.00ns) (grouped into LUT with out node icmp_ln34)   --->   "%or_ln = bitconcatenate i10 @_ssdm_op_BitConcatenate.i10.i5.i5, i5 %tmp, i5 %or_ln34" [swiglu.cpp:34]   --->   Operation 10 'bitconcatenate' 'or_ln' <Predicate = true> <Delay = 0.00>
ST_1 : Operation 11 [1/1] (0.78ns) (out node of the LUT)   --->   "%icmp_ln34 = icmp_eq  i10 %or_ln, i10 0" [swiglu.cpp:34]   --->   Operation 11 'icmp' 'icmp_ln34' <Predicate = true> <Delay = 0.78> <CoreInst = "Cmp">   --->   Core 9 'Cmp' <Latency = 0> <II = 1> <Delay = 0.78> <FuncUnit> <Opcode : 'seteq' 'setne' 'setle' 'setge' 'setlt' 'setgt'> <InPorts = 2> <OutPorts = 1>
ST_1 : Operation 12 [1/1] (0.00ns)   --->   "%tmp_844 = bitselect i1 @_ssdm_op_BitSelect.i1.i16.i32, i16 %h_read, i32 9" [swiglu.cpp:40]   --->   Operation 12 'bitselect' 'tmp_844' <Predicate = true> <Delay = 0.00>
ST_1 : Operation 13 [1/1] (0.00ns)   --->   "%trunc_ln40 = trunc i16 %h_read" [swiglu.cpp:40]   --->   Operation 13 'trunc' 'trunc_ln40' <Predicate = true> <Delay = 0.00>
ST_1 : Operation 14 [1/1] (0.00ns)   --->   "%shl_ln = bitconcatenate i10 @_ssdm_op_BitConcatenate.i10.i9.i1, i9 %trunc_ln40, i1 0" [swiglu.cpp:40]   --->   Operation 14 'bitconcatenate' 'shl_ln' <Predicate = true> <Delay = 0.00>
ST_1 : Operation 15 [1/1] (0.40ns)   --->   "%m_1 = select i1 %tmp_844, i10 %mant, i10 %shl_ln" [swiglu.cpp:40]   --->   Operation 15 'select' 'm_1' <Predicate = true> <Delay = 0.40> <CoreInst = "Sel">   --->   Core 73 'Sel' <Latency = 0> <II = 1> <Delay = 0.40> <FuncUnit> <Opcode : 'select'> <InPorts = 3> <OutPorts = 1>
ST_1 : Operation 16 [1/1] (0.00ns) (grouped into LUT with out node e_2)   --->   "%e = select i1 %tmp_844, i6 48, i6 47" [swiglu.cpp:40]   --->   Operation 16 'select' 'e' <Predicate = true> <Delay = 0.00> <CoreInst = "Sel">   --->   Core 73 'Sel' <Latency = 0> <II = 1> <Delay = 0.38> <FuncUnit> <Opcode : 'select'> <InPorts = 3> <OutPorts = 1>
ST_1 : Operation 17 [1/1] (0.00ns)   --->   "%tmp_845 = bitselect i1 @_ssdm_op_BitSelect.i1.i10.i32, i10 %m_1, i32 9" [swiglu.cpp:40]   --->   Operation 17 'bitselect' 'tmp_845' <Predicate = true> <Delay = 0.00>
ST_1 : Operation 18 [1/1] (0.00ns) (grouped into LUT with out node m_3)   --->   "%m_2 = shl i10 %m_1, i10 1" [swiglu.cpp:40]   --->   Operation 18 'shl' 'm_2' <Predicate = true> <Delay = 0.00>
ST_1 : Operation 19 [1/1] (0.00ns) (grouped into LUT with out node e_2)   --->   "%e_1 = select i1 %tmp_844, i6 47, i6 46" [swiglu.cpp:40]   --->   Operation 19 'select' 'e_1' <Predicate = true> <Delay = 0.00> <CoreInst = "Sel">   --->   Core 73 'Sel' <Latency = 0> <II = 1> <Delay = 0.38> <FuncUnit> <Opcode : 'select'> <InPorts = 3> <OutPorts = 1>
ST_1 : Operation 20 [1/1] (0.40ns) (out node of the LUT)   --->   "%m_3 = select i1 %tmp_845, i10 %m_1, i10 %m_2" [swiglu.cpp:40]   --->   Operation 20 'select' 'm_3' <Predicate = true> <Delay = 0.40> <CoreInst = "Sel">   --->   Core 73 'Sel' <Latency = 0> <II = 1> <Delay = 0.40> <FuncUnit> <Opcode : 'select'> <InPorts = 3> <OutPorts = 1>
ST_1 : Operation 21 [1/1] (0.38ns) (out node of the LUT)   --->   "%e_2 = select i1 %tmp_845, i6 %e, i6 %e_1" [swiglu.cpp:40]   --->   Operation 21 'select' 'e_2' <Predicate = true> <Delay = 0.38> <CoreInst = "Sel">   --->   Core 73 'Sel' <Latency = 0> <II = 1> <Delay = 0.38> <FuncUnit> <Opcode : 'select'> <InPorts = 3> <OutPorts = 1>
ST_1 : Operation 22 [1/1] (0.00ns)   --->   "%tmp_846 = bitselect i1 @_ssdm_op_BitSelect.i1.i10.i32, i10 %m_3, i32 9" [swiglu.cpp:40]   --->   Operation 22 'bitselect' 'tmp_846' <Predicate = true> <Delay = 0.00>
ST_1 : Operation 23 [1/1] (0.00ns) (grouped into LUT with out node m_5)   --->   "%m_4 = shl i10 %m_3, i10 1" [swiglu.cpp:40]   --->   Operation 23 'shl' 'm_4' <Predicate = true> <Delay = 0.00>
ST_1 : Operation 24 [1/1] (0.78ns)   --->   "%e_3 = add i6 %e_2, i6 63" [swiglu.cpp:40]   --->   Operation 24 'add' 'e_3' <Predicate = true> <Delay = 0.78> <CoreInst = "Adder">   --->   Core 1 'Adder' <Latency = 0> <II = 1> <Delay = 0.78> <FuncUnit> <Opcode : 'add' 'sub'> <InPorts = 2> <OutPorts = 1>
ST_1 : Operation 25 [1/1] (0.40ns) (out node of the LUT)   --->   "%m_5 = select i1 %tmp_846, i10 %m_3, i10 %m_4" [swiglu.cpp:40]   --->   Operation 25 'select' 'm_5' <Predicate = true> <Delay = 0.40> <CoreInst = "Sel">   --->   Core 73 'Sel' <Latency = 0> <II = 1> <Delay = 0.40> <FuncUnit> <Opcode : 'select'> <InPorts = 3> <OutPorts = 1>
ST_1 : Operation 26 [1/1] (0.38ns)   --->   "%e_4 = select i1 %tmp_846, i6 %e_2, i6 %e_3" [swiglu.cpp:40]   --->   Operation 26 'select' 'e_4' <Predicate = true> <Delay = 0.38> <CoreInst = "Sel">   --->   Core 73 'Sel' <Latency = 0> <II = 1> <Delay = 0.38> <FuncUnit> <Opcode : 'select'> <InPorts = 3> <OutPorts = 1>
ST_1 : Operation 27 [1/1] (0.00ns)   --->   "%tmp_847 = bitselect i1 @_ssdm_op_BitSelect.i1.i10.i32, i10 %m_5, i32 9" [swiglu.cpp:40]   --->   Operation 27 'bitselect' 'tmp_847' <Predicate = true> <Delay = 0.00>
ST_1 : Operation 28 [1/1] (0.78ns)   --->   "%e_5 = add i6 %e_4, i6 63" [swiglu.cpp:40]   --->   Operation 28 'add' 'e_5' <Predicate = true> <Delay = 0.78> <CoreInst = "Adder">   --->   Core 1 'Adder' <Latency = 0> <II = 1> <Delay = 0.78> <FuncUnit> <Opcode : 'add' 'sub'> <InPorts = 2> <OutPorts = 1>
ST_1 : Operation 29 [1/1] (0.38ns)   --->   "%e_6 = select i1 %tmp_847, i6 %e_4, i6 %e_5" [swiglu.cpp:40]   --->   Operation 29 'select' 'e_6' <Predicate = true> <Delay = 0.38> <CoreInst = "Sel">   --->   Core 73 'Sel' <Latency = 0> <II = 1> <Delay = 0.38> <FuncUnit> <Opcode : 'select'> <InPorts = 3> <OutPorts = 1>

State 2 <SV = 1> <Delay = 7.46>
ST_2 : Operation 30 [1/1] (0.00ns)   --->   "%sign = bitconcatenate i32 @_ssdm_op_BitConcatenate.i32.i1.i31, i1 %tmp_843, i31 0" [swiglu.cpp:30]   --->   Operation 30 'bitconcatenate' 'sign' <Predicate = true> <Delay = 0.00>
ST_2 : Operation 31 [1/1] (0.00ns)   --->   "%shl_ln46_1 = bitconcatenate i28 @_ssdm_op_BitConcatenate.i28.i5.i23, i5 %exp, i23 0" [swiglu.cpp:46]   --->   Operation 31 'bitconcatenate' 'shl_ln46_1' <Predicate = true> <Delay = 0.00>
ST_2 : Operation 32 [1/1] (0.00ns)   --->   "%zext_ln46 = zext i28 %shl_ln46_1" [swiglu.cpp:46]   --->   Operation 32 'zext' 'zext_ln46' <Predicate = true> <Delay = 0.00>
ST_2 : Operation 33 [1/1] (1.00ns)   --->   "%add_ln46 = add i31 %zext_ln46, i31 939524096" [swiglu.cpp:46]   --->   Operation 33 'add' 'add_ln46' <Predicate = true> <Delay = 1.00> <CoreInst = "Adder">   --->   Core 1 'Adder' <Latency = 0> <II = 1> <Delay = 1.00> <FuncUnit> <Opcode : 'add' 'sub'> <InPorts = 2> <OutPorts = 1>
ST_2 : Operation 34 [1/1] (0.00ns)   --->   "%tmp_44 = partselect i8 @_ssdm_op_PartSelect.i8.i31.i32.i32, i31 %add_ln46, i32 23, i32 30" [swiglu.cpp:46]   --->   Operation 34 'partselect' 'tmp_44' <Predicate = true> <Delay = 0.00>
ST_2 : Operation 35 [1/1] (0.00ns)   --->   "%f32 = bitconcatenate i32 @_ssdm_op_BitConcatenate.i32.i1.i8.i10.i13, i1 %tmp_843, i8 %tmp_44, i10 %mant, i13 0" [swiglu.cpp:46]   --->   Operation 35 'bitconcatenate' 'f32' <Predicate = true> <Delay = 0.00>
ST_2 : Operation 36 [1/1] (0.00ns) (grouped into LUT with out node m_7)   --->   "%m_6 = shl i10 %m_5, i10 1" [swiglu.cpp:40]   --->   Operation 36 'shl' 'm_6' <Predicate = (!tmp_847)> <Delay = 0.00>
ST_2 : Operation 37 [1/1] (0.40ns) (out node of the LUT)   --->   "%m_7 = select i1 %tmp_847, i10 %m_5, i10 %m_6" [swiglu.cpp:40]   --->   Operation 37 'select' 'm_7' <Predicate = true> <Delay = 0.40> <CoreInst = "Sel">   --->   Core 73 'Sel' <Latency = 0> <II = 1> <Delay = 0.40> <FuncUnit> <Opcode : 'select'> <InPorts = 3> <OutPorts = 1>
ST_2 : Operation 38 [1/1] (0.00ns)   --->   "%tmp_848 = bitselect i1 @_ssdm_op_BitSelect.i1.i10.i32, i10 %m_7, i32 9" [swiglu.cpp:40]   --->   Operation 38 'bitselect' 'tmp_848' <Predicate = true> <Delay = 0.00>
ST_2 : Operation 39 [1/1] (0.00ns) (grouped into LUT with out node m_9)   --->   "%m_8 = shl i10 %m_7, i10 1" [swiglu.cpp:40]   --->   Operation 39 'shl' 'm_8' <Predicate = true> <Delay = 0.00>
ST_2 : Operation 40 [1/1] (0.78ns)   --->   "%e_7 = add i6 %e_6, i6 63" [swiglu.cpp:40]   --->   Operation 40 'add' 'e_7' <Predicate = true> <Delay = 0.78> <CoreInst = "Adder">   --->   Core 1 'Adder' <Latency = 0> <II = 1> <Delay = 0.78> <FuncUnit> <Opcode : 'add' 'sub'> <InPorts = 2> <OutPorts = 1>
ST_2 : Operation 41 [1/1] (0.40ns) (out node of the LUT)   --->   "%m_9 = select i1 %tmp_848, i10 %m_7, i10 %m_8" [swiglu.cpp:40]   --->   Operation 41 'select' 'm_9' <Predicate = true> <Delay = 0.40> <CoreInst = "Sel">   --->   Core 73 'Sel' <Latency = 0> <II = 1> <Delay = 0.40> <FuncUnit> <Opcode : 'select'> <InPorts = 3> <OutPorts = 1>
ST_2 : Operation 42 [1/1] (0.38ns)   --->   "%e_8 = select i1 %tmp_848, i6 %e_6, i6 %e_7" [swiglu.cpp:40]   --->   Operation 42 'select' 'e_8' <Predicate = true> <Delay = 0.38> <CoreInst = "Sel">   --->   Core 73 'Sel' <Latency = 0> <II = 1> <Delay = 0.38> <FuncUnit> <Opcode : 'select'> <InPorts = 3> <OutPorts = 1>
ST_2 : Operation 43 [1/1] (0.00ns)   --->   "%tmp_849 = bitselect i1 @_ssdm_op_BitSelect.i1.i10.i32, i10 %m_9, i32 9" [swiglu.cpp:40]   --->   Operation 43 'bitselect' 'tmp_849' <Predicate = true> <Delay = 0.00>
ST_2 : Operation 44 [1/1] (0.00ns) (grouped into LUT with out node m_11)   --->   "%m_10 = shl i10 %m_9, i10 1" [swiglu.cpp:40]   --->   Operation 44 'shl' 'm_10' <Predicate = true> <Delay = 0.00>
ST_2 : Operation 45 [1/1] (0.78ns)   --->   "%e_9 = add i6 %e_8, i6 63" [swiglu.cpp:40]   --->   Operation 45 'add' 'e_9' <Predicate = true> <Delay = 0.78> <CoreInst = "Adder">   --->   Core 1 'Adder' <Latency = 0> <II = 1> <Delay = 0.78> <FuncUnit> <Opcode : 'add' 'sub'> <InPorts = 2> <OutPorts = 1>
ST_2 : Operation 46 [1/1] (0.40ns) (out node of the LUT)   --->   "%m_11 = select i1 %tmp_849, i10 %m_9, i10 %m_10" [swiglu.cpp:40]   --->   Operation 46 'select' 'm_11' <Predicate = true> <Delay = 0.40> <CoreInst = "Sel">   --->   Core 73 'Sel' <Latency = 0> <II = 1> <Delay = 0.40> <FuncUnit> <Opcode : 'select'> <InPorts = 3> <OutPorts = 1>
ST_2 : Operation 47 [1/1] (0.38ns)   --->   "%e_10 = select i1 %tmp_849, i6 %e_8, i6 %e_9" [swiglu.cpp:40]   --->   Operation 47 'select' 'e_10' <Predicate = true> <Delay = 0.38> <CoreInst = "Sel">   --->   Core 73 'Sel' <Latency = 0> <II = 1> <Delay = 0.38> <FuncUnit> <Opcode : 'select'> <InPorts = 3> <OutPorts = 1>
ST_2 : Operation 48 [1/1] (0.00ns)   --->   "%tmp_850 = bitselect i1 @_ssdm_op_BitSelect.i1.i10.i32, i10 %m_11, i32 9" [swiglu.cpp:40]   --->   Operation 48 'bitselect' 'tmp_850' <Predicate = true> <Delay = 0.00>
ST_2 : Operation 49 [1/1] (0.00ns) (grouped into LUT with out node m_13)   --->   "%m_12 = shl i10 %m_11, i10 1" [swiglu.cpp:40]   --->   Operation 49 'shl' 'm_12' <Predicate = true> <Delay = 0.00>
ST_2 : Operation 50 [1/1] (0.78ns)   --->   "%e_11 = add i6 %e_10, i6 63" [swiglu.cpp:40]   --->   Operation 50 'add' 'e_11' <Predicate = true> <Delay = 0.78> <CoreInst = "Adder">   --->   Core 1 'Adder' <Latency = 0> <II = 1> <Delay = 0.78> <FuncUnit> <Opcode : 'add' 'sub'> <InPorts = 2> <OutPorts = 1>
ST_2 : Operation 51 [1/1] (0.40ns) (out node of the LUT)   --->   "%m_13 = select i1 %tmp_850, i10 %m_11, i10 %m_12" [swiglu.cpp:40]   --->   Operation 51 'select' 'm_13' <Predicate = true> <Delay = 0.40> <CoreInst = "Sel">   --->   Core 73 'Sel' <Latency = 0> <II = 1> <Delay = 0.40> <FuncUnit> <Opcode : 'select'> <InPorts = 3> <OutPorts = 1>
ST_2 : Operation 52 [1/1] (0.38ns)   --->   "%e_12 = select i1 %tmp_850, i6 %e_10, i6 %e_11" [swiglu.cpp:40]   --->   Operation 52 'select' 'e_12' <Predicate = true> <Delay = 0.38> <CoreInst = "Sel">   --->   Core 73 'Sel' <Latency = 0> <II = 1> <Delay = 0.38> <FuncUnit> <Opcode : 'select'> <InPorts = 3> <OutPorts = 1>
ST_2 : Operation 53 [1/1] (0.00ns)   --->   "%tmp_851 = bitselect i1 @_ssdm_op_BitSelect.i1.i10.i32, i10 %m_13, i32 9" [swiglu.cpp:40]   --->   Operation 53 'bitselect' 'tmp_851' <Predicate = true> <Delay = 0.00>
ST_2 : Operation 54 [1/1] (0.00ns) (grouped into LUT with out node m_15)   --->   "%m_14 = shl i10 %m_13, i10 1" [swiglu.cpp:40]   --->   Operation 54 'shl' 'm_14' <Predicate = true> <Delay = 0.00>
ST_2 : Operation 55 [1/1] (0.78ns)   --->   "%e_13 = add i6 %e_12, i6 63" [swiglu.cpp:40]   --->   Operation 55 'add' 'e_13' <Predicate = true> <Delay = 0.78> <CoreInst = "Adder">   --->   Core 1 'Adder' <Latency = 0> <II = 1> <Delay = 0.78> <FuncUnit> <Opcode : 'add' 'sub'> <InPorts = 2> <OutPorts = 1>
ST_2 : Operation 56 [1/1] (0.40ns) (out node of the LUT)   --->   "%m_15 = select i1 %tmp_851, i10 %m_13, i10 %m_14" [swiglu.cpp:40]   --->   Operation 56 'select' 'm_15' <Predicate = true> <Delay = 0.40> <CoreInst = "Sel">   --->   Core 73 'Sel' <Latency = 0> <II = 1> <Delay = 0.40> <FuncUnit> <Opcode : 'select'> <InPorts = 3> <OutPorts = 1>
ST_2 : Operation 57 [1/1] (0.38ns)   --->   "%e_14 = select i1 %tmp_851, i6 %e_12, i6 %e_13" [swiglu.cpp:40]   --->   Operation 57 'select' 'e_14' <Predicate = true> <Delay = 0.38> <CoreInst = "Sel">   --->   Core 73 'Sel' <Latency = 0> <II = 1> <Delay = 0.38> <FuncUnit> <Opcode : 'select'> <InPorts = 3> <OutPorts = 1>
ST_2 : Operation 58 [1/1] (0.00ns)   --->   "%tmp_852 = bitselect i1 @_ssdm_op_BitSelect.i1.i10.i32, i10 %m_15, i32 9" [swiglu.cpp:40]   --->   Operation 58 'bitselect' 'tmp_852' <Predicate = true> <Delay = 0.00>
ST_2 : Operation 59 [1/1] (0.00ns) (grouped into LUT with out node m_17)   --->   "%m_16 = shl i10 %m_15, i10 1" [swiglu.cpp:40]   --->   Operation 59 'shl' 'm_16' <Predicate = true> <Delay = 0.00>
ST_2 : Operation 60 [1/1] (0.78ns)   --->   "%e_15 = add i6 %e_14, i6 63" [swiglu.cpp:40]   --->   Operation 60 'add' 'e_15' <Predicate = true> <Delay = 0.78> <CoreInst = "Adder">   --->   Core 1 'Adder' <Latency = 0> <II = 1> <Delay = 0.78> <FuncUnit> <Opcode : 'add' 'sub'> <InPorts = 2> <OutPorts = 1>
ST_2 : Operation 61 [1/1] (0.40ns) (out node of the LUT)   --->   "%m_17 = select i1 %tmp_852, i10 %m_15, i10 %m_16" [swiglu.cpp:40]   --->   Operation 61 'select' 'm_17' <Predicate = true> <Delay = 0.40> <CoreInst = "Sel">   --->   Core 73 'Sel' <Latency = 0> <II = 1> <Delay = 0.40> <FuncUnit> <Opcode : 'select'> <InPorts = 3> <OutPorts = 1>
ST_2 : Operation 62 [1/1] (0.38ns)   --->   "%e_16 = select i1 %tmp_852, i6 %e_14, i6 %e_15" [swiglu.cpp:40]   --->   Operation 62 'select' 'e_16' <Predicate = true> <Delay = 0.38> <CoreInst = "Sel">   --->   Core 73 'Sel' <Latency = 0> <II = 1> <Delay = 0.38> <FuncUnit> <Opcode : 'select'> <InPorts = 3> <OutPorts = 1>
ST_2 : Operation 63 [1/1] (0.00ns)   --->   "%tmp_853 = bitselect i1 @_ssdm_op_BitSelect.i1.i10.i32, i10 %m_17, i32 9" [swiglu.cpp:40]   --->   Operation 63 'bitselect' 'tmp_853' <Predicate = true> <Delay = 0.00>
ST_2 : Operation 64 [1/1] (0.00ns)   --->   "%trunc_ln40_1 = trunc i10 %m_17" [swiglu.cpp:40]   --->   Operation 64 'trunc' 'trunc_ln40_1' <Predicate = true> <Delay = 0.00>
ST_2 : Operation 65 [1/1] (0.00ns)   --->   "%m_18 = bitconcatenate i9 @_ssdm_op_BitConcatenate.i9.i8.i1, i8 %trunc_ln40_1, i1 0" [swiglu.cpp:40]   --->   Operation 65 'bitconcatenate' 'm_18' <Predicate = true> <Delay = 0.00>
ST_2 : Operation 66 [1/1] (0.78ns)   --->   "%e_17 = add i6 %e_16, i6 63" [swiglu.cpp:40]   --->   Operation 66 'add' 'e_17' <Predicate = true> <Delay = 0.78> <CoreInst = "Adder">   --->   Core 1 'Adder' <Latency = 0> <II = 1> <Delay = 0.78> <FuncUnit> <Opcode : 'add' 'sub'> <InPorts = 2> <OutPorts = 1>
ST_2 : Operation 67 [1/1] (0.00ns)   --->   "%trunc_ln42 = trunc i10 %m_17" [swiglu.cpp:42]   --->   Operation 67 'trunc' 'trunc_ln42' <Predicate = true> <Delay = 0.00>
ST_2 : Operation 68 [1/1] (0.39ns)   --->   "%select_ln40 = select i1 %tmp_853, i9 %trunc_ln42, i9 %m_18" [swiglu.cpp:40]   --->   Operation 68 'select' 'select_ln40' <Predicate = true> <Delay = 0.39> <CoreInst = "Sel">   --->   Core 73 'Sel' <Latency = 0> <II = 1> <Delay = 0.39> <FuncUnit> <Opcode : 'select'> <InPorts = 3> <OutPorts = 1>
ST_2 : Operation 69 [1/1] (0.38ns)   --->   "%select_ln37 = select i1 %tmp_853, i6 %e_16, i6 %e_17" [swiglu.cpp:37]   --->   Operation 69 'select' 'select_ln37' <Predicate = true> <Delay = 0.38> <CoreInst = "Sel">   --->   Core 73 'Sel' <Latency = 0> <II = 1> <Delay = 0.38> <FuncUnit> <Opcode : 'select'> <InPorts = 3> <OutPorts = 1>
ST_2 : Operation 70 [1/1] (0.00ns)   --->   "%sext_ln42 = sext i6 %select_ln37" [swiglu.cpp:42]   --->   Operation 70 'sext' 'sext_ln42' <Predicate = true> <Delay = 0.00>
ST_2 : Operation 71 [1/1] (0.00ns)   --->   "%f32_1 = bitconcatenate i32 @_ssdm_op_BitConcatenate.i32.i1.i1.i7.i9.i14, i1 %tmp_843, i1 0, i7 %sext_ln42, i9 %select_ln40, i14 0" [swiglu.cpp:42]   --->   Operation 71 'bitconcatenate' 'f32_1' <Predicate = true> <Delay = 0.00>
ST_2 : Operation 72 [1/1] (0.00ns)   --->   "%f32_2 = bitconcatenate i32 @_ssdm_op_BitConcatenate.i32.i1.i8.i10.i13, i1 %tmp_843, i8 255, i10 %mant, i13 0" [swiglu.cpp:44]   --->   Operation 72 'bitconcatenate' 'f32_2' <Predicate = true> <Delay = 0.00>
ST_2 : Operation 73 [1/1] (0.78ns)   --->   "%icmp_ln36 = icmp_eq  i5 %exp, i5 0" [swiglu.cpp:36]   --->   Operation 73 'icmp' 'icmp_ln36' <Predicate = true> <Delay = 0.78> <CoreInst = "Cmp">   --->   Core 9 'Cmp' <Latency = 0> <II = 1> <Delay = 0.78> <FuncUnit> <Opcode : 'seteq' 'setne' 'setle' 'setge' 'setlt' 'setgt'> <InPorts = 2> <OutPorts = 1>
ST_2 : Operation 74 [1/1] (0.28ns)   --->   "%xor_ln34 = xor i1 %icmp_ln34, i1 1" [swiglu.cpp:34]   --->   Operation 74 'xor' 'xor_ln34' <Predicate = true> <Delay = 0.28> <CoreInst = "LogicGate">   --->   Core 74 'LogicGate' <Latency = 0> <II = 1> <Delay = 0.28> <FuncUnit> <Opcode : 'and' 'or' 'xor'> <InPorts = 2> <OutPorts = 1>
ST_2 : Operation 75 [1/1] (0.28ns)   --->   "%and_ln36 = and i1 %icmp_ln36, i1 %xor_ln34" [swiglu.cpp:36]   --->   Operation 75 'and' 'and_ln36' <Predicate = true> <Delay = 0.28> <CoreInst = "LogicGate">   --->   Core 74 'LogicGate' <Latency = 0> <II = 1> <Delay = 0.28> <FuncUnit> <Opcode : 'and' 'or' 'xor'> <InPorts = 2> <OutPorts = 1>
ST_2 : Operation 76 [1/1] (0.78ns)   --->   "%icmp_ln36_1 = icmp_eq  i5 %exp, i5 31" [swiglu.cpp:36]   --->   Operation 76 'icmp' 'icmp_ln36_1' <Predicate = true> <Delay = 0.78> <CoreInst = "Cmp">   --->   Core 9 'Cmp' <Latency = 0> <II = 1> <Delay = 0.78> <FuncUnit> <Opcode : 'seteq' 'setne' 'setle' 'setge' 'setlt' 'setgt'> <InPorts = 2> <OutPorts = 1>
ST_2 : Operation 77 [1/1] (0.28ns)   --->   "%and_ln36_1 = and i1 %icmp_ln36_1, i1 %xor_ln34" [swiglu.cpp:36]   --->   Operation 77 'and' 'and_ln36_1' <Predicate = true> <Delay = 0.28> <CoreInst = "LogicGate">   --->   Core 74 'LogicGate' <Latency = 0> <II = 1> <Delay = 0.28> <FuncUnit> <Opcode : 'and' 'or' 'xor'> <InPorts = 2> <OutPorts = 1>
ST_2 : Operation 78 [1/1] (0.00ns)   --->   "%sel_tmp8 = bitconcatenate i3 @_ssdm_op_BitConcatenate.i3.i1.i1.i1, i1 %icmp_ln34, i1 %and_ln36, i1 %and_ln36_1" [swiglu.cpp:34]   --->   Operation 78 'bitconcatenate' 'sel_tmp8' <Predicate = true> <Delay = 0.00>
ST_2 : Operation 79 [1/1] (0.47ns)   --->   "%f32_4 = sparsemux i32 @_ssdm_op_SparseMux.ap_auto.4i32.i32.i3, i3 4, i32 %sign, i3 2, i32 %f32_1, i3 1, i32 %f32_2, i3 0, i32 %f32, i32 0, i3 %sel_tmp8" [swiglu.cpp:30]   --->   Operation 79 'sparsemux' 'f32_4' <Predicate = true> <Delay = 0.47> <CoreInst = "OneHotSparseMux_HasDef">   --->   Core 152 'OneHotSparseMux_HasDef' <Latency = 0> <II = 1> <Delay = 0.47> <FuncUnit> <Opcode : 'sparsemux'> <InPorts = 2> <OutPorts = 1>
ST_2 : Operation 80 [1/1] (0.00ns)   --->   "%bitcast_ln48 = bitcast i32 %f32_4" [swiglu.cpp:48]   --->   Operation 80 'bitcast' 'bitcast_ln48' <Predicate = true> <Delay = 0.00>
ST_2 : Operation 81 [1/1] (0.00ns)   --->   "%ret_ln48 = ret i32 %bitcast_ln48" [swiglu.cpp:48]   --->   Operation 81 'ret' 'ret_ln48' <Predicate = true> <Delay = 0.00>


============================================================
+ Verbose Summary: Binding
============================================================
STG Binding: 
---------------- STG Properties BEGIN ----------------
- Is combinational: 0
- Is one-state seq: 0
- Is datapath-only: 0
- Is pipelined: 1
- Is top level: 0
Port [ Return ] is wired: 1; IO mode=ap_ctrl_hs:ce=0
Port [ h]:  wired=1; compound=0; hidden=0; nouse=0; global=0; static=0; extern=0; dir=0; type=0; pingpong=0; private_global=0; IO mode=ap_none:ce=0
---------------- STG Properties END ------------------

---------------- Datapath Model BEGIN ----------------

<LifeTime>
<method=bitvector/>
h_read       (read          ) [ 000]
mant         (trunc         ) [ 011]
tmp_843      (bitselect     ) [ 011]
exp          (partselect    ) [ 011]
trunc_ln34   (trunc         ) [ 000]
or_ln34      (or            ) [ 000]
tmp          (partselect    ) [ 000]
or_ln        (bitconcatenate) [ 000]
icmp_ln34    (icmp          ) [ 011]
tmp_844      (bitselect     ) [ 000]
trunc_ln40   (trunc         ) [ 000]
shl_ln       (bitconcatenate) [ 000]
m_1          (select        ) [ 000]
e            (select        ) [ 000]
tmp_845      (bitselect     ) [ 000]
m_2          (shl           ) [ 000]
e_1          (select        ) [ 000]
m_3          (select        ) [ 000]
e_2          (select        ) [ 000]
tmp_846      (bitselect     ) [ 000]
m_4          (shl           ) [ 000]
e_3          (add           ) [ 000]
m_5          (select        ) [ 011]
e_4          (select        ) [ 000]
tmp_847      (bitselect     ) [ 011]
e_5          (add           ) [ 000]
e_6          (select        ) [ 011]
sign         (bitconcatenate) [ 000]
shl_ln46_1   (bitconcatenate) [ 000]
zext_ln46    (zext          ) [ 000]
add_ln46     (add           ) [ 000]
tmp_44       (partselect    ) [ 000]
f32          (bitconcatenate) [ 000]
m_6          (shl           ) [ 000]
m_7          (select        ) [ 000]
tmp_848      (bitselect     ) [ 000]
m_8          (shl           ) [ 000]
e_7          (add           ) [ 000]
m_9          (select        ) [ 000]
e_8          (select        ) [ 000]
tmp_849      (bitselect     ) [ 000]
m_10         (shl           ) [ 000]
e_9          (add           ) [ 000]
m_11         (select        ) [ 000]
e_10         (select        ) [ 000]
tmp_850      (bitselect     ) [ 000]
m_12         (shl           ) [ 000]
e_11         (add           ) [ 000]
m_13         (select        ) [ 000]
e_12         (select        ) [ 000]
tmp_851      (bitselect     ) [ 000]
m_14         (shl           ) [ 000]
e_13         (add           ) [ 000]
m_15         (select        ) [ 000]
e_14         (select        ) [ 000]
tmp_852      (bitselect     ) [ 000]
m_16         (shl           ) [ 000]
e_15         (add           ) [ 000]
m_17         (select        ) [ 000]
e_16         (select        ) [ 000]
tmp_853      (bitselect     ) [ 000]
trunc_ln40_1 (trunc         ) [ 000]
m_18         (bitconcatenate) [ 000]
e_17         (add           ) [ 000]
trunc_ln42   (trunc         ) [ 000]
select_ln40  (select        ) [ 000]
select_ln37  (select        ) [ 000]
sext_ln42    (sext          ) [ 000]
f32_1        (bitconcatenate) [ 000]
f32_2        (bitconcatenate) [ 000]
icmp_ln36    (icmp          ) [ 000]
xor_ln34     (xor           ) [ 000]
and_ln36     (and           ) [ 000]
icmp_ln36_1  (icmp          ) [ 000]
and_ln36_1   (and           ) [ 000]
sel_tmp8     (bitconcatenate) [ 000]
f32_4        (sparsemux     ) [ 000]
bitcast_ln48 (bitcast       ) [ 000]
ret_ln48     (ret           ) [ 000]
</LifeTime>

<model>

<comp_list>
<comp id="0" class="1000" name="h">
<pin_list>
<pin id="1" dir="1" index="0" bw="1" slack="0"/>
</pin_list>
<bind>
<StgValue><ssdm name="h"/></StgValue>
</bind>
</comp>

<comp id="2" class="1001" name="const_2">
<pin_list>
<pin id="3" dir="1" index="0" bw="1" slack="0"/>
</pin_list>
<bind>
<StgValue><ssdm name="_ssdm_op_Read.ap_auto.i16"/></StgValue>
</bind>
</comp>

<comp id="4" class="1001" name="const_4">
<pin_list>
<pin id="5" dir="1" index="0" bw="1" slack="0"/>
</pin_list>
<bind>
<StgValue><ssdm name="_ssdm_op_BitSelect.i1.i16.i32"/></StgValue>
</bind>
</comp>

<comp id="6" class="1001" name="const_6">
<pin_list>
<pin id="7" dir="1" index="0" bw="1" slack="0"/>
</pin_list>
<bind>
<StgValue><ssdm name=""/></StgValue>
</bind>
</comp>

<comp id="8" class="1001" name="const_8">
<pin_list>
<pin id="9" dir="1" index="0" bw="1" slack="0"/>
</pin_list>
<bind>
<StgValue><ssdm name="_ssdm_op_PartSelect.i5.i16.i32.i32"/></StgValue>
</bind>
</comp>

<comp id="10" class="1001" name="const_10">
<pin_list>
<pin id="11" dir="1" index="0" bw="1" slack="0"/>
</pin_list>
<bind>
<StgValue><ssdm name=""/></StgValue>
</bind>
</comp>

<comp id="12" class="1001" name="const_12">
<pin_list>
<pin id="13" dir="1" index="0" bw="1" slack="0"/>
</pin_list>
<bind>
<StgValue><ssdm name=""/></StgValue>
</bind>
</comp>

<comp id="14" class="1001" name="const_14">
<pin_list>
<pin id="15" dir="1" index="0" bw="1" slack="0"/>
</pin_list>
<bind>
<StgValue><ssdm name=""/></StgValue>
</bind>
</comp>

<comp id="16" class="1001" name="const_16">
<pin_list>
<pin id="17" dir="1" index="0" bw="1" slack="0"/>
</pin_list>
<bind>
<StgValue><ssdm name=""/></StgValue>
</bind>
</comp>

<comp id="18" class="1001" name="const_18">
<pin_list>
<pin id="19" dir="1" index="0" bw="1" slack="0"/>
</pin_list>
<bind>
<StgValue><ssdm name="_ssdm_op_BitConcatenate.i10.i5.i5"/></StgValue>
</bind>
</comp>

<comp id="20" class="1001" name="const_20">
<pin_list>
<pin id="21" dir="1" index="0" bw="1" slack="0"/>
</pin_list>
<bind>
<StgValue><ssdm name=""/></StgValue>
</bind>
</comp>

<comp id="22" class="1001" name="const_22">
<pin_list>
<pin id="23" dir="1" index="0" bw="1" slack="0"/>
</pin_list>
<bind>
<StgValue><ssdm name="_ssdm_op_BitConcatenate.i10.i9.i1"/></StgValue>
</bind>
</comp>

<comp id="24" class="1001" name="const_24">
<pin_list>
<pin id="25" dir="1" index="0" bw="1" slack="0"/>
</pin_list>
<bind>
<StgValue><ssdm name=""/></StgValue>
</bind>
</comp>

<comp id="26" class="1001" name="const_26">
<pin_list>
<pin id="27" dir="1" index="0" bw="1" slack="0"/>
</pin_list>
<bind>
<StgValue><ssdm name=""/></StgValue>
</bind>
</comp>

<comp id="28" class="1001" name="const_28">
<pin_list>
<pin id="29" dir="1" index="0" bw="1" slack="0"/>
</pin_list>
<bind>
<StgValue><ssdm name=""/></StgValue>
</bind>
</comp>

<comp id="30" class="1001" name="const_30">
<pin_list>
<pin id="31" dir="1" index="0" bw="1" slack="0"/>
</pin_list>
<bind>
<StgValue><ssdm name="_ssdm_op_BitSelect.i1.i10.i32"/></StgValue>
</bind>
</comp>

<comp id="32" class="1001" name="const_32">
<pin_list>
<pin id="33" dir="1" index="0" bw="1" slack="0"/>
</pin_list>
<bind>
<StgValue><ssdm name=""/></StgValue>
</bind>
</comp>

<comp id="34" class="1001" name="const_34">
<pin_list>
<pin id="35" dir="1" index="0" bw="1" slack="0"/>
</pin_list>
<bind>
<StgValue><ssdm name=""/></StgValue>
</bind>
</comp>

<comp id="36" class="1001" name="const_36">
<pin_list>
<pin id="37" dir="1" index="0" bw="1" slack="0"/>
</pin_list>
<bind>
<StgValue><ssdm name=""/></StgValue>
</bind>
</comp>

<comp id="38" class="1001" name="const_38">
<pin_list>
<pin id="39" dir="1" index="0" bw="1" slack="0"/>
</pin_list>
<bind>
<StgValue><ssdm name="_ssdm_op_BitConcatenate.i32.i1.i31"/></StgValue>
</bind>
</comp>

<comp id="40" class="1001" name="const_40">
<pin_list>
<pin id="41" dir="1" index="0" bw="1" slack="0"/>
</pin_list>
<bind>
<StgValue><ssdm name=""/></StgValue>
</bind>
</comp>

<comp id="42" class="1001" name="const_42">
<pin_list>
<pin id="43" dir="1" index="0" bw="1" slack="0"/>
</pin_list>
<bind>
<StgValue><ssdm name="_ssdm_op_BitConcatenate.i28.i5.i23"/></StgValue>
</bind>
</comp>

<comp id="44" class="1001" name="const_44">
<pin_list>
<pin id="45" dir="1" index="0" bw="1" slack="0"/>
</pin_list>
<bind>
<StgValue><ssdm name=""/></StgValue>
</bind>
</comp>

<comp id="46" class="1001" name="const_46">
<pin_list>
<pin id="47" dir="1" index="0" bw="1" slack="0"/>
</pin_list>
<bind>
<StgValue><ssdm name=""/></StgValue>
</bind>
</comp>

<comp id="48" class="1001" name="const_48">
<pin_list>
<pin id="49" dir="1" index="0" bw="1" slack="0"/>
</pin_list>
<bind>
<StgValue><ssdm name="_ssdm_op_PartSelect.i8.i31.i32.i32"/></StgValue>
</bind>
</comp>

<comp id="50" class="1001" name="const_50">
<pin_list>
<pin id="51" dir="1" index="0" bw="1" slack="0"/>
</pin_list>
<bind>
<StgValue><ssdm name=""/></StgValue>
</bind>
</comp>

<comp id="52" class="1001" name="const_52">
<pin_list>
<pin id="53" dir="1" index="0" bw="1" slack="0"/>
</pin_list>
<bind>
<StgValue><ssdm name=""/></StgValue>
</bind>
</comp>

<comp id="54" class="1001" name="const_54">
<pin_list>
<pin id="55" dir="1" index="0" bw="1" slack="0"/>
</pin_list>
<bind>
<StgValue><ssdm name="_ssdm_op_BitConcatenate.i32.i1.i8.i10.i13"/></StgValue>
</bind>
</comp>

<comp id="56" class="1001" name="const_56">
<pin_list>
<pin id="57" dir="1" index="0" bw="1" slack="0"/>
</pin_list>
<bind>
<StgValue><ssdm name=""/></StgValue>
</bind>
</comp>

<comp id="58" class="1001" name="const_58">
<pin_list>
<pin id="59" dir="1" index="0" bw="1" slack="0"/>
</pin_list>
<bind>
<StgValue><ssdm name="_ssdm_op_BitConcatenate.i9.i8.i1"/></StgValue>
</bind>
</comp>

<comp id="60" class="1001" name="const_60">
<pin_list>
<pin id="61" dir="1" index="0" bw="1" slack="0"/>
</pin_list>
<bind>
<StgValue><ssdm name="_ssdm_op_BitConcatenate.i32.i1.i1.i7.i9.i14"/></StgValue>
</bind>
</comp>

<comp id="62" class="1001" name="const_62">
<pin_list>
<pin id="63" dir="1" index="0" bw="1" slack="0"/>
</pin_list>
<bind>
<StgValue><ssdm name=""/></StgValue>
</bind>
</comp>

<comp id="64" class="1001" name="const_64">
<pin_list>
<pin id="65" dir="1" index="0" bw="1" slack="0"/>
</pin_list>
<bind>
<StgValue><ssdm name=""/></StgValue>
</bind>
</comp>

<comp id="66" class="1001" name="const_66">
<pin_list>
<pin id="67" dir="1" index="0" bw="1" slack="0"/>
</pin_list>
<bind>
<StgValue><ssdm name=""/></StgValue>
</bind>
</comp>

<comp id="68" class="1001" name="const_68">
<pin_list>
<pin id="69" dir="1" index="0" bw="1" slack="0"/>
</pin_list>
<bind>
<StgValue><ssdm name=""/></StgValue>
</bind>
</comp>

<comp id="70" class="1001" name="const_70">
<pin_list>
<pin id="71" dir="1" index="0" bw="1" slack="0"/>
</pin_list>
<bind>
<StgValue><ssdm name=""/></StgValue>
</bind>
</comp>

<comp id="72" class="1001" name="const_72">
<pin_list>
<pin id="73" dir="1" index="0" bw="1" slack="0"/>
</pin_list>
<bind>
<StgValue><ssdm name="_ssdm_op_BitConcatenate.i3.i1.i1.i1"/></StgValue>
</bind>
</comp>

<comp id="74" class="1001" name="const_74">
<pin_list>
<pin id="75" dir="1" index="0" bw="1" slack="0"/>
</pin_list>
<bind>
<StgValue><ssdm name="_ssdm_op_SparseMux.ap_auto.4i32.i32.i3"/></StgValue>
</bind>
</comp>

<comp id="76" class="1001" name="const_76">
<pin_list>
<pin id="77" dir="1" index="0" bw="1" slack="0"/>
</pin_list>
<bind>
<StgValue><ssdm name=""/></StgValue>
</bind>
</comp>

<comp id="78" class="1001" name="const_78">
<pin_list>
<pin id="79" dir="1" index="0" bw="1" slack="0"/>
</pin_list>
<bind>
<StgValue><ssdm name=""/></StgValue>
</bind>
</comp>

<comp id="80" class="1001" name="const_80">
<pin_list>
<pin id="81" dir="1" index="0" bw="1" slack="0"/>
</pin_list>
<bind>
<StgValue><ssdm name=""/></StgValue>
</bind>
</comp>

<comp id="82" class="1001" name="const_82">
<pin_list>
<pin id="83" dir="1" index="0" bw="1" slack="0"/>
</pin_list>
<bind>
<StgValue><ssdm name=""/></StgValue>
</bind>
</comp>

<comp id="84" class="1001" name="const_84">
<pin_list>
<pin id="85" dir="1" index="0" bw="1" slack="0"/>
</pin_list>
<bind>
<StgValue><ssdm name=""/></StgValue>
</bind>
</comp>

<comp id="86" class="1004" name="h_read_read_fu_86">
<pin_list>
<pin id="87" dir="0" index="0" bw="16" slack="0"/>
<pin id="88" dir="0" index="1" bw="16" slack="0"/>
<pin id="89" dir="1" index="2" bw="16" slack="0"/>
</pin_list>
<bind>
<opcode="read(1150) " fcode="read"/>
<opset="h_read/1 "/>
</bind>
</comp>

<comp id="92" class="1004" name="mant_fu_92">
<pin_list>
<pin id="93" dir="0" index="0" bw="16" slack="0"/>
<pin id="94" dir="1" index="1" bw="10" slack="0"/>
</pin_list>
<bind>
<opcode="trunc(33) " fcode="trunc"/>
<opset="mant/1 "/>
</bind>
</comp>

<comp id="96" class="1004" name="tmp_843_fu_96">
<pin_list>
<pin id="97" dir="0" index="0" bw="1" slack="0"/>
<pin id="98" dir="0" index="1" bw="16" slack="0"/>
<pin id="99" dir="0" index="2" bw="5" slack="0"/>
<pin id="100" dir="1" index="3" bw="1" slack="1"/>
</pin_list>
<bind>
<opcode="bitselect(1000) " fcode="bitselect"/>
<opset="tmp_843/1 "/>
</bind>
</comp>

<comp id="104" class="1004" name="exp_fu_104">
<pin_list>
<pin id="105" dir="0" index="0" bw="5" slack="0"/>
<pin id="106" dir="0" index="1" bw="16" slack="0"/>
<pin id="107" dir="0" index="2" bw="5" slack="0"/>
<pin id="108" dir="0" index="3" bw="5" slack="0"/>
<pin id="109" dir="1" index="4" bw="5" slack="0"/>
</pin_list>
<bind>
<opcode="partselect(1002) " fcode="partselect"/>
<opset="exp/1 "/>
</bind>
</comp>

<comp id="114" class="1004" name="trunc_ln34_fu_114">
<pin_list>
<pin id="115" dir="0" index="0" bw="16" slack="0"/>
<pin id="116" dir="1" index="1" bw="5" slack="0"/>
</pin_list>
<bind>
<opcode="trunc(33) " fcode="trunc"/>
<opset="trunc_ln34/1 "/>
</bind>
</comp>

<comp id="118" class="1004" name="or_ln34_fu_118">
<pin_list>
<pin id="119" dir="0" index="0" bw="5" slack="0"/>
<pin id="120" dir="0" index="1" bw="5" slack="0"/>
<pin id="121" dir="1" index="2" bw="5" slack="0"/>
</pin_list>
<bind>
<opcode="or(24) " fcode="or"/>
<opset="or_ln34/1 "/>
</bind>
</comp>

<comp id="124" class="1004" name="tmp_fu_124">
<pin_list>
<pin id="125" dir="0" index="0" bw="5" slack="0"/>
<pin id="126" dir="0" index="1" bw="16" slack="0"/>
<pin id="127" dir="0" index="2" bw="4" slack="0"/>
<pin id="128" dir="0" index="3" bw="5" slack="0"/>
<pin id="129" dir="1" index="4" bw="5" slack="0"/>
</pin_list>
<bind>
<opcode="partselect(1002) " fcode="partselect"/>
<opset="tmp/1 "/>
</bind>
</comp>

<comp id="134" class="1004" name="or_ln_fu_134">
<pin_list>
<pin id="135" dir="0" index="0" bw="10" slack="0"/>
<pin id="136" dir="0" index="1" bw="5" slack="0"/>
<pin id="137" dir="0" index="2" bw="5" slack="0"/>
<pin id="138" dir="1" index="3" bw="10" slack="0"/>
</pin_list>
<bind>
<opcode="bitconcatenate(1004) " fcode="bitconcatenate"/>
<opset="or_ln/1 "/>
</bind>
</comp>

<comp id="142" class="1004" name="icmp_ln34_fu_142">
<pin_list>
<pin id="143" dir="0" index="0" bw="10" slack="0"/>
<pin id="144" dir="0" index="1" bw="1" slack="0"/>
<pin id="145" dir="1" index="2" bw="1" slack="1"/>
</pin_list>
<bind>
<opcode="icmp(45) " fcode="icmp"/>
<opset="icmp_ln34/1 "/>
</bind>
</comp>

<comp id="148" class="1004" name="tmp_844_fu_148">
<pin_list>
<pin id="149" dir="0" index="0" bw="1" slack="0"/>
<pin id="150" dir="0" index="1" bw="16" slack="0"/>
<pin id="151" dir="0" index="2" bw="5" slack="0"/>
<pin id="152" dir="1" index="3" bw="1" slack="0"/>
</pin_list>
<bind>
<opcode="bitselect(1000) " fcode="bitselect"/>
<opset="tmp_844/1 "/>
</bind>
</comp>

<comp id="156" class="1004" name="trunc_ln40_fu_156">
<pin_list>
<pin id="157" dir="0" index="0" bw="16" slack="0"/>
<pin id="158" dir="1" index="1" bw="9" slack="0"/>
</pin_list>
<bind>
<opcode="trunc(33) " fcode="trunc"/>
<opset="trunc_ln40/1 "/>
</bind>
</comp>

<comp id="160" class="1004" name="shl_ln_fu_160">
<pin_list>
<pin id="161" dir="0" index="0" bw="10" slack="0"/>
<pin id="162" dir="0" index="1" bw="9" slack="0"/>
<pin id="163" dir="0" index="2" bw="1" slack="0"/>
<pin id="164" dir="1" index="3" bw="10" slack="0"/>
</pin_list>
<bind>
<opcode="bitconcatenate(1004) " fcode="bitconcatenate"/>
<opset="shl_ln/1 "/>
</bind>
</comp>

<comp id="168" class="1004" name="m_1_fu_168">
<pin_list>
<pin id="169" dir="0" index="0" bw="1" slack="0"/>
<pin id="170" dir="0" index="1" bw="10" slack="0"/>
<pin id="171" dir="0" index="2" bw="10" slack="0"/>
<pin id="172" dir="1" index="3" bw="10" slack="0"/>
</pin_list>
<bind>
<opcode="select(49) " fcode="select"/>
<opset="m_1/1 "/>
</bind>
</comp>

<comp id="176" class="1004" name="e_fu_176">
<pin_list>
<pin id="177" dir="0" index="0" bw="1" slack="0"/>
<pin id="178" dir="0" index="1" bw="5" slack="0"/>
<pin id="179" dir="0" index="2" bw="6" slack="0"/>
<pin id="180" dir="1" index="3" bw="6" slack="0"/>
</pin_list>
<bind>
<opcode="select(49) " fcode="select"/>
<opset="e/1 "/>
</bind>
</comp>

<comp id="184" class="1004" name="tmp_845_fu_184">
<pin_list>
<pin id="185" dir="0" index="0" bw="1" slack="0"/>
<pin id="186" dir="0" index="1" bw="10" slack="0"/>
<pin id="187" dir="0" index="2" bw="5" slack="0"/>
<pin id="188" dir="1" index="3" bw="1" slack="0"/>
</pin_list>
<bind>
<opcode="bitselect(1000) " fcode="bitselect"/>
<opset="tmp_845/1 "/>
</bind>
</comp>

<comp id="192" class="1004" name="m_2_fu_192">
<pin_list>
<pin id="193" dir="0" index="0" bw="10" slack="0"/>
<pin id="194" dir="0" index="1" bw="1" slack="0"/>
<pin id="195" dir="1" index="2" bw="10" slack="0"/>
</pin_list>
<bind>
<opcode="shl(20) " fcode="shl"/>
<opset="m_2/1 "/>
</bind>
</comp>

<comp id="198" class="1004" name="e_1_fu_198">
<pin_list>
<pin id="199" dir="0" index="0" bw="1" slack="0"/>
<pin id="200" dir="0" index="1" bw="6" slack="0"/>
<pin id="201" dir="0" index="2" bw="6" slack="0"/>
<pin id="202" dir="1" index="3" bw="6" slack="0"/>
</pin_list>
<bind>
<opcode="select(49) " fcode="select"/>
<opset="e_1/1 "/>
</bind>
</comp>

<comp id="206" class="1004" name="m_3_fu_206">
<pin_list>
<pin id="207" dir="0" index="0" bw="1" slack="0"/>
<pin id="208" dir="0" index="1" bw="10" slack="0"/>
<pin id="209" dir="0" index="2" bw="10" slack="0"/>
<pin id="210" dir="1" index="3" bw="10" slack="0"/>
</pin_list>
<bind>
<opcode="select(49) " fcode="select"/>
<opset="m_3/1 "/>
</bind>
</comp>

<comp id="214" class="1004" name="e_2_fu_214">
<pin_list>
<pin id="215" dir="0" index="0" bw="1" slack="0"/>
<pin id="216" dir="0" index="1" bw="6" slack="0"/>
<pin id="217" dir="0" index="2" bw="6" slack="0"/>
<pin id="218" dir="1" index="3" bw="6" slack="0"/>
</pin_list>
<bind>
<opcode="select(49) " fcode="select"/>
<opset="e_2/1 "/>
</bind>
</comp>

<comp id="222" class="1004" name="tmp_846_fu_222">
<pin_list>
<pin id="223" dir="0" index="0" bw="1" slack="0"/>
<pin id="224" dir="0" index="1" bw="10" slack="0"/>
<pin id="225" dir="0" index="2" bw="5" slack="0"/>
<pin id="226" dir="1" index="3" bw="1" slack="0"/>
</pin_list>
<bind>
<opcode="bitselect(1000) " fcode="bitselect"/>
<opset="tmp_846/1 "/>
</bind>
</comp>

<comp id="230" class="1004" name="m_4_fu_230">
<pin_list>
<pin id="231" dir="0" index="0" bw="10" slack="0"/>
<pin id="232" dir="0" index="1" bw="1" slack="0"/>
<pin id="233" dir="1" index="2" bw="10" slack="0"/>
</pin_list>
<bind>
<opcode="shl(20) " fcode="shl"/>
<opset="m_4/1 "/>
</bind>
</comp>

<comp id="236" class="1004" name="e_3_fu_236">
<pin_list>
<pin id="237" dir="0" index="0" bw="6" slack="0"/>
<pin id="238" dir="0" index="1" bw="1" slack="0"/>
<pin id="239" dir="1" index="2" bw="6" slack="0"/>
</pin_list>
<bind>
<opcode="add(8) " fcode="add"/>
<opset="e_3/1 "/>
</bind>
</comp>

<comp id="242" class="1004" name="m_5_fu_242">
<pin_list>
<pin id="243" dir="0" index="0" bw="1" slack="0"/>
<pin id="244" dir="0" index="1" bw="10" slack="0"/>
<pin id="245" dir="0" index="2" bw="10" slack="0"/>
<pin id="246" dir="1" index="3" bw="10" slack="0"/>
</pin_list>
<bind>
<opcode="select(49) " fcode="select"/>
<opset="m_5/1 "/>
</bind>
</comp>

<comp id="250" class="1004" name="e_4_fu_250">
<pin_list>
<pin id="251" dir="0" index="0" bw="1" slack="0"/>
<pin id="252" dir="0" index="1" bw="6" slack="0"/>
<pin id="253" dir="0" index="2" bw="6" slack="0"/>
<pin id="254" dir="1" index="3" bw="6" slack="0"/>
</pin_list>
<bind>
<opcode="select(49) " fcode="select"/>
<opset="e_4/1 "/>
</bind>
</comp>

<comp id="258" class="1004" name="tmp_847_fu_258">
<pin_list>
<pin id="259" dir="0" index="0" bw="1" slack="0"/>
<pin id="260" dir="0" index="1" bw="10" slack="0"/>
<pin id="261" dir="0" index="2" bw="5" slack="0"/>
<pin id="262" dir="1" index="3" bw="1" slack="0"/>
</pin_list>
<bind>
<opcode="bitselect(1000) " fcode="bitselect"/>
<opset="tmp_847/1 "/>
</bind>
</comp>

<comp id="266" class="1004" name="e_5_fu_266">
<pin_list>
<pin id="267" dir="0" index="0" bw="6" slack="0"/>
<pin id="268" dir="0" index="1" bw="1" slack="0"/>
<pin id="269" dir="1" index="2" bw="6" slack="0"/>
</pin_list>
<bind>
<opcode="add(8) " fcode="add"/>
<opset="e_5/1 "/>
</bind>
</comp>

<comp id="272" class="1004" name="e_6_fu_272">
<pin_list>
<pin id="273" dir="0" index="0" bw="1" slack="0"/>
<pin id="274" dir="0" index="1" bw="6" slack="0"/>
<pin id="275" dir="0" index="2" bw="6" slack="0"/>
<pin id="276" dir="1" index="3" bw="6" slack="1"/>
</pin_list>
<bind>
<opcode="select(49) " fcode="select"/>
<opset="e_6/1 "/>
</bind>
</comp>

<comp id="280" class="1004" name="sign_fu_280">
<pin_list>
<pin id="281" dir="0" index="0" bw="32" slack="0"/>
<pin id="282" dir="0" index="1" bw="1" slack="1"/>
<pin id="283" dir="0" index="2" bw="1" slack="0"/>
<pin id="284" dir="1" index="3" bw="32" slack="0"/>
</pin_list>
<bind>
<opcode="bitconcatenate(1004) " fcode="bitconcatenate"/>
<opset="sign/2 "/>
</bind>
</comp>

<comp id="287" class="1004" name="shl_ln46_1_fu_287">
<pin_list>
<pin id="288" dir="0" index="0" bw="28" slack="0"/>
<pin id="289" dir="0" index="1" bw="5" slack="1"/>
<pin id="290" dir="0" index="2" bw="1" slack="0"/>
<pin id="291" dir="1" index="3" bw="28" slack="0"/>
</pin_list>
<bind>
<opcode="bitconcatenate(1004) " fcode="bitconcatenate"/>
<opset="shl_ln46_1/2 "/>
</bind>
</comp>

<comp id="294" class="1004" name="zext_ln46_fu_294">
<pin_list>
<pin id="295" dir="0" index="0" bw="28" slack="0"/>
<pin id="296" dir="1" index="1" bw="31" slack="0"/>
</pin_list>
<bind>
<opcode="zext(34) " fcode="zext"/>
<opset="zext_ln46/2 "/>
</bind>
</comp>

<comp id="298" class="1004" name="add_ln46_fu_298">
<pin_list>
<pin id="299" dir="0" index="0" bw="28" slack="0"/>
<pin id="300" dir="0" index="1" bw="31" slack="0"/>
<pin id="301" dir="1" index="2" bw="31" slack="0"/>
</pin_list>
<bind>
<opcode="add(8) " fcode="add"/>
<opset="add_ln46/2 "/>
</bind>
</comp>

<comp id="304" class="1004" name="tmp_44_fu_304">
<pin_list>
<pin id="305" dir="0" index="0" bw="8" slack="0"/>
<pin id="306" dir="0" index="1" bw="31" slack="0"/>
<pin id="307" dir="0" index="2" bw="6" slack="0"/>
<pin id="308" dir="0" index="3" bw="6" slack="0"/>
<pin id="309" dir="1" index="4" bw="8" slack="0"/>
</pin_list>
<bind>
<opcode="partselect(1002) " fcode="partselect"/>
<opset="tmp_44/2 "/>
</bind>
</comp>

<comp id="314" class="1004" name="f32_fu_314">
<pin_list>
<pin id="315" dir="0" index="0" bw="32" slack="0"/>
<pin id="316" dir="0" index="1" bw="1" slack="1"/>
<pin id="317" dir="0" index="2" bw="8" slack="0"/>
<pin id="318" dir="0" index="3" bw="10" slack="1"/>
<pin id="319" dir="0" index="4" bw="1" slack="0"/>
<pin id="320" dir="1" index="5" bw="32" slack="0"/>
</pin_list>
<bind>
<opcode="bitconcatenate(1004) " fcode="bitconcatenate"/>
<opset="f32/2 "/>
</bind>
</comp>

<comp id="324" class="1004" name="m_6_fu_324">
<pin_list>
<pin id="325" dir="0" index="0" bw="10" slack="1"/>
<pin id="326" dir="0" index="1" bw="1" slack="0"/>
<pin id="327" dir="1" index="2" bw="10" slack="0"/>
</pin_list>
<bind>
<opcode="shl(20) " fcode="shl"/>
<opset="m_6/2 "/>
</bind>
</comp>

<comp id="329" class="1004" name="m_7_fu_329">
<pin_list>
<pin id="330" dir="0" index="0" bw="1" slack="1"/>
<pin id="331" dir="0" index="1" bw="10" slack="1"/>
<pin id="332" dir="0" index="2" bw="10" slack="0"/>
<pin id="333" dir="1" index="3" bw="10" slack="0"/>
</pin_list>
<bind>
<opcode="select(49) " fcode="select"/>
<opset="m_7/2 "/>
</bind>
</comp>

<comp id="335" class="1004" name="tmp_848_fu_335">
<pin_list>
<pin id="336" dir="0" index="0" bw="1" slack="0"/>
<pin id="337" dir="0" index="1" bw="10" slack="0"/>
<pin id="338" dir="0" index="2" bw="5" slack="0"/>
<pin id="339" dir="1" index="3" bw="1" slack="0"/>
</pin_list>
<bind>
<opcode="bitselect(1000) " fcode="bitselect"/>
<opset="tmp_848/2 "/>
</bind>
</comp>

<comp id="343" class="1004" name="m_8_fu_343">
<pin_list>
<pin id="344" dir="0" index="0" bw="10" slack="0"/>
<pin id="345" dir="0" index="1" bw="1" slack="0"/>
<pin id="346" dir="1" index="2" bw="10" slack="0"/>
</pin_list>
<bind>
<opcode="shl(20) " fcode="shl"/>
<opset="m_8/2 "/>
</bind>
</comp>

<comp id="349" class="1004" name="e_7_fu_349">
<pin_list>
<pin id="350" dir="0" index="0" bw="6" slack="1"/>
<pin id="351" dir="0" index="1" bw="1" slack="0"/>
<pin id="352" dir="1" index="2" bw="6" slack="0"/>
</pin_list>
<bind>
<opcode="add(8) " fcode="add"/>
<opset="e_7/2 "/>
</bind>
</comp>

<comp id="354" class="1004" name="m_9_fu_354">
<pin_list>
<pin id="355" dir="0" index="0" bw="1" slack="0"/>
<pin id="356" dir="0" index="1" bw="10" slack="0"/>
<pin id="357" dir="0" index="2" bw="10" slack="0"/>
<pin id="358" dir="1" index="3" bw="10" slack="0"/>
</pin_list>
<bind>
<opcode="select(49) " fcode="select"/>
<opset="m_9/2 "/>
</bind>
</comp>

<comp id="362" class="1004" name="e_8_fu_362">
<pin_list>
<pin id="363" dir="0" index="0" bw="1" slack="0"/>
<pin id="364" dir="0" index="1" bw="6" slack="1"/>
<pin id="365" dir="0" index="2" bw="6" slack="0"/>
<pin id="366" dir="1" index="3" bw="6" slack="0"/>
</pin_list>
<bind>
<opcode="select(49) " fcode="select"/>
<opset="e_8/2 "/>
</bind>
</comp>

<comp id="369" class="1004" name="tmp_849_fu_369">
<pin_list>
<pin id="370" dir="0" index="0" bw="1" slack="0"/>
<pin id="371" dir="0" index="1" bw="10" slack="0"/>
<pin id="372" dir="0" index="2" bw="5" slack="0"/>
<pin id="373" dir="1" index="3" bw="1" slack="0"/>
</pin_list>
<bind>
<opcode="bitselect(1000) " fcode="bitselect"/>
<opset="tmp_849/2 "/>
</bind>
</comp>

<comp id="377" class="1004" name="m_10_fu_377">
<pin_list>
<pin id="378" dir="0" index="0" bw="10" slack="0"/>
<pin id="379" dir="0" index="1" bw="1" slack="0"/>
<pin id="380" dir="1" index="2" bw="10" slack="0"/>
</pin_list>
<bind>
<opcode="shl(20) " fcode="shl"/>
<opset="m_10/2 "/>
</bind>
</comp>

<comp id="383" class="1004" name="e_9_fu_383">
<pin_list>
<pin id="384" dir="0" index="0" bw="6" slack="0"/>
<pin id="385" dir="0" index="1" bw="1" slack="0"/>
<pin id="386" dir="1" index="2" bw="6" slack="0"/>
</pin_list>
<bind>
<opcode="add(8) " fcode="add"/>
<opset="e_9/2 "/>
</bind>
</comp>

<comp id="389" class="1004" name="m_11_fu_389">
<pin_list>
<pin id="390" dir="0" index="0" bw="1" slack="0"/>
<pin id="391" dir="0" index="1" bw="10" slack="0"/>
<pin id="392" dir="0" index="2" bw="10" slack="0"/>
<pin id="393" dir="1" index="3" bw="10" slack="0"/>
</pin_list>
<bind>
<opcode="select(49) " fcode="select"/>
<opset="m_11/2 "/>
</bind>
</comp>

<comp id="397" class="1004" name="e_10_fu_397">
<pin_list>
<pin id="398" dir="0" index="0" bw="1" slack="0"/>
<pin id="399" dir="0" index="1" bw="6" slack="0"/>
<pin id="400" dir="0" index="2" bw="6" slack="0"/>
<pin id="401" dir="1" index="3" bw="6" slack="0"/>
</pin_list>
<bind>
<opcode="select(49) " fcode="select"/>
<opset="e_10/2 "/>
</bind>
</comp>

<comp id="405" class="1004" name="tmp_850_fu_405">
<pin_list>
<pin id="406" dir="0" index="0" bw="1" slack="0"/>
<pin id="407" dir="0" index="1" bw="10" slack="0"/>
<pin id="408" dir="0" index="2" bw="5" slack="0"/>
<pin id="409" dir="1" index="3" bw="1" slack="0"/>
</pin_list>
<bind>
<opcode="bitselect(1000) " fcode="bitselect"/>
<opset="tmp_850/2 "/>
</bind>
</comp>

<comp id="413" class="1004" name="m_12_fu_413">
<pin_list>
<pin id="414" dir="0" index="0" bw="10" slack="0"/>
<pin id="415" dir="0" index="1" bw="1" slack="0"/>
<pin id="416" dir="1" index="2" bw="10" slack="0"/>
</pin_list>
<bind>
<opcode="shl(20) " fcode="shl"/>
<opset="m_12/2 "/>
</bind>
</comp>

<comp id="419" class="1004" name="e_11_fu_419">
<pin_list>
<pin id="420" dir="0" index="0" bw="6" slack="0"/>
<pin id="421" dir="0" index="1" bw="1" slack="0"/>
<pin id="422" dir="1" index="2" bw="6" slack="0"/>
</pin_list>
<bind>
<opcode="add(8) " fcode="add"/>
<opset="e_11/2 "/>
</bind>
</comp>

<comp id="425" class="1004" name="m_13_fu_425">
<pin_list>
<pin id="426" dir="0" index="0" bw="1" slack="0"/>
<pin id="427" dir="0" index="1" bw="10" slack="0"/>
<pin id="428" dir="0" index="2" bw="10" slack="0"/>
<pin id="429" dir="1" index="3" bw="10" slack="0"/>
</pin_list>
<bind>
<opcode="select(49) " fcode="select"/>
<opset="m_13/2 "/>
</bind>
</comp>

<comp id="433" class="1004" name="e_12_fu_433">
<pin_list>
<pin id="434" dir="0" index="0" bw="1" slack="0"/>
<pin id="435" dir="0" index="1" bw="6" slack="0"/>
<pin id="436" dir="0" index="2" bw="6" slack="0"/>
<pin id="437" dir="1" index="3" bw="6" slack="0"/>
</pin_list>
<bind>
<opcode="select(49) " fcode="select"/>
<opset="e_12/2 "/>
</bind>
</comp>

<comp id="441" class="1004" name="tmp_851_fu_441">
<pin_list>
<pin id="442" dir="0" index="0" bw="1" slack="0"/>
<pin id="443" dir="0" index="1" bw="10" slack="0"/>
<pin id="444" dir="0" index="2" bw="5" slack="0"/>
<pin id="445" dir="1" index="3" bw="1" slack="0"/>
</pin_list>
<bind>
<opcode="bitselect(1000) " fcode="bitselect"/>
<opset="tmp_851/2 "/>
</bind>
</comp>

<comp id="449" class="1004" name="m_14_fu_449">
<pin_list>
<pin id="450" dir="0" index="0" bw="10" slack="0"/>
<pin id="451" dir="0" index="1" bw="1" slack="0"/>
<pin id="452" dir="1" index="2" bw="10" slack="0"/>
</pin_list>
<bind>
<opcode="shl(20) " fcode="shl"/>
<opset="m_14/2 "/>
</bind>
</comp>

<comp id="455" class="1004" name="e_13_fu_455">
<pin_list>
<pin id="456" dir="0" index="0" bw="6" slack="0"/>
<pin id="457" dir="0" index="1" bw="1" slack="0"/>
<pin id="458" dir="1" index="2" bw="6" slack="0"/>
</pin_list>
<bind>
<opcode="add(8) " fcode="add"/>
<opset="e_13/2 "/>
</bind>
</comp>

<comp id="461" class="1004" name="m_15_fu_461">
<pin_list>
<pin id="462" dir="0" index="0" bw="1" slack="0"/>
<pin id="463" dir="0" index="1" bw="10" slack="0"/>
<pin id="464" dir="0" index="2" bw="10" slack="0"/>
<pin id="465" dir="1" index="3" bw="10" slack="0"/>
</pin_list>
<bind>
<opcode="select(49) " fcode="select"/>
<opset="m_15/2 "/>
</bind>
</comp>

<comp id="469" class="1004" name="e_14_fu_469">
<pin_list>
<pin id="470" dir="0" index="0" bw="1" slack="0"/>
<pin id="471" dir="0" index="1" bw="6" slack="0"/>
<pin id="472" dir="0" index="2" bw="6" slack="0"/>
<pin id="473" dir="1" index="3" bw="6" slack="0"/>
</pin_list>
<bind>
<opcode="select(49) " fcode="select"/>
<opset="e_14/2 "/>
</bind>
</comp>

<comp id="477" class="1004" name="tmp_852_fu_477">
<pin_list>
<pin id="478" dir="0" index="0" bw="1" slack="0"/>
<pin id="479" dir="0" index="1" bw="10" slack="0"/>
<pin id="480" dir="0" index="2" bw="5" slack="0"/>
<pin id="481" dir="1" index="3" bw="1" slack="0"/>
</pin_list>
<bind>
<opcode="bitselect(1000) " fcode="bitselect"/>
<opset="tmp_852/2 "/>
</bind>
</comp>

<comp id="485" class="1004" name="m_16_fu_485">
<pin_list>
<pin id="486" dir="0" index="0" bw="10" slack="0"/>
<pin id="487" dir="0" index="1" bw="1" slack="0"/>
<pin id="488" dir="1" index="2" bw="10" slack="0"/>
</pin_list>
<bind>
<opcode="shl(20) " fcode="shl"/>
<opset="m_16/2 "/>
</bind>
</comp>

<comp id="491" class="1004" name="e_15_fu_491">
<pin_list>
<pin id="492" dir="0" index="0" bw="6" slack="0"/>
<pin id="493" dir="0" index="1" bw="1" slack="0"/>
<pin id="494" dir="1" index="2" bw="6" slack="0"/>
</pin_list>
<bind>
<opcode="add(8) " fcode="add"/>
<opset="e_15/2 "/>
</bind>
</comp>

<comp id="497" class="1004" name="m_17_fu_497">
<pin_list>
<pin id="498" dir="0" index="0" bw="1" slack="0"/>
<pin id="499" dir="0" index="1" bw="10" slack="0"/>
<pin id="500" dir="0" index="2" bw="10" slack="0"/>
<pin id="501" dir="1" index="3" bw="10" slack="0"/>
</pin_list>
<bind>
<opcode="select(49) " fcode="select"/>
<opset="m_17/2 "/>
</bind>
</comp>

<comp id="505" class="1004" name="e_16_fu_505">
<pin_list>
<pin id="506" dir="0" index="0" bw="1" slack="0"/>
<pin id="507" dir="0" index="1" bw="6" slack="0"/>
<pin id="508" dir="0" index="2" bw="6" slack="0"/>
<pin id="509" dir="1" index="3" bw="6" slack="0"/>
</pin_list>
<bind>
<opcode="select(49) " fcode="select"/>
<opset="e_16/2 "/>
</bind>
</comp>

<comp id="513" class="1004" name="tmp_853_fu_513">
<pin_list>
<pin id="514" dir="0" index="0" bw="1" slack="0"/>
<pin id="515" dir="0" index="1" bw="10" slack="0"/>
<pin id="516" dir="0" index="2" bw="5" slack="0"/>
<pin id="517" dir="1" index="3" bw="1" slack="0"/>
</pin_list>
<bind>
<opcode="bitselect(1000) " fcode="bitselect"/>
<opset="tmp_853/2 "/>
</bind>
</comp>

<comp id="521" class="1004" name="trunc_ln40_1_fu_521">
<pin_list>
<pin id="522" dir="0" index="0" bw="10" slack="0"/>
<pin id="523" dir="1" index="1" bw="8" slack="0"/>
</pin_list>
<bind>
<opcode="trunc(33) " fcode="trunc"/>
<opset="trunc_ln40_1/2 "/>
</bind>
</comp>

<comp id="525" class="1004" name="m_18_fu_525">
<pin_list>
<pin id="526" dir="0" index="0" bw="9" slack="0"/>
<pin id="527" dir="0" index="1" bw="8" slack="0"/>
<pin id="528" dir="0" index="2" bw="1" slack="0"/>
<pin id="529" dir="1" index="3" bw="9" slack="0"/>
</pin_list>
<bind>
<opcode="bitconcatenate(1004) " fcode="bitconcatenate"/>
<opset="m_18/2 "/>
</bind>
</comp>

<comp id="533" class="1004" name="e_17_fu_533">
<pin_list>
<pin id="534" dir="0" index="0" bw="6" slack="0"/>
<pin id="535" dir="0" index="1" bw="1" slack="0"/>
<pin id="536" dir="1" index="2" bw="6" slack="0"/>
</pin_list>
<bind>
<opcode="add(8) " fcode="add"/>
<opset="e_17/2 "/>
</bind>
</comp>

<comp id="539" class="1004" name="trunc_ln42_fu_539">
<pin_list>
<pin id="540" dir="0" index="0" bw="10" slack="0"/>
<pin id="541" dir="1" index="1" bw="9" slack="0"/>
</pin_list>
<bind>
<opcode="trunc(33) " fcode="trunc"/>
<opset="trunc_ln42/2 "/>
</bind>
</comp>

<comp id="543" class="1004" name="select_ln40_fu_543">
<pin_list>
<pin id="544" dir="0" index="0" bw="1" slack="0"/>
<pin id="545" dir="0" index="1" bw="9" slack="0"/>
<pin id="546" dir="0" index="2" bw="9" slack="0"/>
<pin id="547" dir="1" index="3" bw="9" slack="0"/>
</pin_list>
<bind>
<opcode="select(49) " fcode="select"/>
<opset="select_ln40/2 "/>
</bind>
</comp>

<comp id="551" class="1004" name="select_ln37_fu_551">
<pin_list>
<pin id="552" dir="0" index="0" bw="1" slack="0"/>
<pin id="553" dir="0" index="1" bw="6" slack="0"/>
<pin id="554" dir="0" index="2" bw="6" slack="0"/>
<pin id="555" dir="1" index="3" bw="6" slack="0"/>
</pin_list>
<bind>
<opcode="select(49) " fcode="select"/>
<opset="select_ln37/2 "/>
</bind>
</comp>

<comp id="559" class="1004" name="sext_ln42_fu_559">
<pin_list>
<pin id="560" dir="0" index="0" bw="6" slack="0"/>
<pin id="561" dir="1" index="1" bw="7" slack="0"/>
</pin_list>
<bind>
<opcode="sext(35) " fcode="sext"/>
<opset="sext_ln42/2 "/>
</bind>
</comp>

<comp id="563" class="1004" name="f32_1_fu_563">
<pin_list>
<pin id="564" dir="0" index="0" bw="32" slack="0"/>
<pin id="565" dir="0" index="1" bw="1" slack="1"/>
<pin id="566" dir="0" index="2" bw="1" slack="0"/>
<pin id="567" dir="0" index="3" bw="6" slack="0"/>
<pin id="568" dir="0" index="4" bw="9" slack="0"/>
<pin id="569" dir="0" index="5" bw="1" slack="0"/>
<pin id="570" dir="1" index="6" bw="32" slack="0"/>
</pin_list>
<bind>
<opcode="bitconcatenate(1004) " fcode="bitconcatenate"/>
<opset="f32_1/2 "/>
</bind>
</comp>

<comp id="576" class="1004" name="f32_2_fu_576">
<pin_list>
<pin id="577" dir="0" index="0" bw="32" slack="0"/>
<pin id="578" dir="0" index="1" bw="1" slack="1"/>
<pin id="579" dir="0" index="2" bw="1" slack="0"/>
<pin id="580" dir="0" index="3" bw="10" slack="1"/>
<pin id="581" dir="0" index="4" bw="1" slack="0"/>
<pin id="582" dir="1" index="5" bw="32" slack="0"/>
</pin_list>
<bind>
<opcode="bitconcatenate(1004) " fcode="bitconcatenate"/>
<opset="f32_2/2 "/>
</bind>
</comp>

<comp id="586" class="1004" name="icmp_ln36_fu_586">
<pin_list>
<pin id="587" dir="0" index="0" bw="5" slack="1"/>
<pin id="588" dir="0" index="1" bw="1" slack="0"/>
<pin id="589" dir="1" index="2" bw="1" slack="0"/>
</pin_list>
<bind>
<opcode="icmp(45) " fcode="icmp"/>
<opset="icmp_ln36/2 "/>
</bind>
</comp>

<comp id="591" class="1004" name="xor_ln34_fu_591">
<pin_list>
<pin id="592" dir="0" index="0" bw="1" slack="1"/>
<pin id="593" dir="0" index="1" bw="1" slack="0"/>
<pin id="594" dir="1" index="2" bw="1" slack="0"/>
</pin_list>
<bind>
<opcode="xor(25) " fcode="xor"/>
<opset="xor_ln34/2 "/>
</bind>
</comp>

<comp id="596" class="1004" name="and_ln36_fu_596">
<pin_list>
<pin id="597" dir="0" index="0" bw="1" slack="0"/>
<pin id="598" dir="0" index="1" bw="1" slack="0"/>
<pin id="599" dir="1" index="2" bw="1" slack="0"/>
</pin_list>
<bind>
<opcode="and(23) " fcode="and"/>
<opset="and_ln36/2 "/>
</bind>
</comp>

<comp id="602" class="1004" name="icmp_ln36_1_fu_602">
<pin_list>
<pin id="603" dir="0" index="0" bw="5" slack="1"/>
<pin id="604" dir="0" index="1" bw="1" slack="0"/>
<pin id="605" dir="1" index="2" bw="1" slack="0"/>
</pin_list>
<bind>
<opcode="icmp(45) " fcode="icmp"/>
<opset="icmp_ln36_1/2 "/>
</bind>
</comp>

<comp id="607" class="1004" name="and_ln36_1_fu_607">
<pin_list>
<pin id="608" dir="0" index="0" bw="1" slack="0"/>
<pin id="609" dir="0" index="1" bw="1" slack="0"/>
<pin id="610" dir="1" index="2" bw="1" slack="0"/>
</pin_list>
<bind>
<opcode="and(23) " fcode="and"/>
<opset="and_ln36_1/2 "/>
</bind>
</comp>

<comp id="613" class="1004" name="sel_tmp8_fu_613">
<pin_list>
<pin id="614" dir="0" index="0" bw="3" slack="0"/>
<pin id="615" dir="0" index="1" bw="1" slack="1"/>
<pin id="616" dir="0" index="2" bw="1" slack="0"/>
<pin id="617" dir="0" index="3" bw="1" slack="0"/>
<pin id="618" dir="1" index="4" bw="3" slack="0"/>
</pin_list>
<bind>
<opcode="bitconcatenate(1004) " fcode="bitconcatenate"/>
<opset="sel_tmp8/2 "/>
</bind>
</comp>

<comp id="622" class="1004" name="f32_4_fu_622">
<pin_list>
<pin id="623" dir="0" index="0" bw="32" slack="0"/>
<pin id="624" dir="0" index="1" bw="3" slack="0"/>
<pin id="625" dir="0" index="2" bw="32" slack="0"/>
<pin id="626" dir="0" index="3" bw="3" slack="0"/>
<pin id="627" dir="0" index="4" bw="32" slack="0"/>
<pin id="628" dir="0" index="5" bw="3" slack="0"/>
<pin id="629" dir="0" index="6" bw="32" slack="0"/>
<pin id="630" dir="0" index="7" bw="3" slack="0"/>
<pin id="631" dir="0" index="8" bw="32" slack="0"/>
<pin id="632" dir="0" index="9" bw="32" slack="0"/>
<pin id="633" dir="0" index="10" bw="3" slack="0"/>
<pin id="634" dir="1" index="11" bw="32" slack="0"/>
</pin_list>
<bind>
<opcode="sparsemux(1197) " fcode="sparsemux"/>
<opset="f32_4/2 "/>
</bind>
</comp>

<comp id="646" class="1004" name="bitcast_ln48_fu_646">
<pin_list>
<pin id="647" dir="0" index="0" bw="32" slack="0"/>
<pin id="648" dir="1" index="1" bw="32" slack="2147483647"/>
</pin_list>
<bind>
<opcode="bitcast(44) " fcode="bitcast"/>
<opset="bitcast_ln48/2 "/>
</bind>
</comp>

<comp id="650" class="1005" name="mant_reg_650">
<pin_list>
<pin id="651" dir="0" index="0" bw="10" slack="1"/>
<pin id="652" dir="1" index="1" bw="10" slack="1"/>
</pin_list>
<bind>
<opset="mant "/>
</bind>
</comp>

<comp id="656" class="1005" name="tmp_843_reg_656">
<pin_list>
<pin id="657" dir="0" index="0" bw="1" slack="1"/>
<pin id="658" dir="1" index="1" bw="1" slack="1"/>
</pin_list>
<bind>
<opset="tmp_843 "/>
</bind>
</comp>

<comp id="664" class="1005" name="exp_reg_664">
<pin_list>
<pin id="665" dir="0" index="0" bw="5" slack="1"/>
<pin id="666" dir="1" index="1" bw="5" slack="1"/>
</pin_list>
<bind>
<opset="exp "/>
</bind>
</comp>

<comp id="671" class="1005" name="icmp_ln34_reg_671">
<pin_list>
<pin id="672" dir="0" index="0" bw="1" slack="1"/>
<pin id="673" dir="1" index="1" bw="1" slack="1"/>
</pin_list>
<bind>
<opset="icmp_ln34 "/>
</bind>
</comp>

<comp id="677" class="1005" name="m_5_reg_677">
<pin_list>
<pin id="678" dir="0" index="0" bw="10" slack="1"/>
<pin id="679" dir="1" index="1" bw="10" slack="1"/>
</pin_list>
<bind>
<opset="m_5 "/>
</bind>
</comp>

<comp id="683" class="1005" name="tmp_847_reg_683">
<pin_list>
<pin id="684" dir="0" index="0" bw="1" slack="1"/>
<pin id="685" dir="1" index="1" bw="1" slack="1"/>
</pin_list>
<bind>
<opset="tmp_847 "/>
</bind>
</comp>

<comp id="688" class="1005" name="e_6_reg_688">
<pin_list>
<pin id="689" dir="0" index="0" bw="6" slack="1"/>
<pin id="690" dir="1" index="1" bw="6" slack="1"/>
</pin_list>
<bind>
<opset="e_6 "/>
</bind>
</comp>

</comp_list>

<net_list>
<net id="90"><net_src comp="2" pin="0"/><net_sink comp="86" pin=0"/></net>

<net id="91"><net_src comp="0" pin="0"/><net_sink comp="86" pin=1"/></net>

<net id="95"><net_src comp="86" pin="2"/><net_sink comp="92" pin=0"/></net>

<net id="101"><net_src comp="4" pin="0"/><net_sink comp="96" pin=0"/></net>

<net id="102"><net_src comp="86" pin="2"/><net_sink comp="96" pin=1"/></net>

<net id="103"><net_src comp="6" pin="0"/><net_sink comp="96" pin=2"/></net>

<net id="110"><net_src comp="8" pin="0"/><net_sink comp="104" pin=0"/></net>

<net id="111"><net_src comp="86" pin="2"/><net_sink comp="104" pin=1"/></net>

<net id="112"><net_src comp="10" pin="0"/><net_sink comp="104" pin=2"/></net>

<net id="113"><net_src comp="12" pin="0"/><net_sink comp="104" pin=3"/></net>

<net id="117"><net_src comp="86" pin="2"/><net_sink comp="114" pin=0"/></net>

<net id="122"><net_src comp="114" pin="1"/><net_sink comp="118" pin=0"/></net>

<net id="123"><net_src comp="104" pin="4"/><net_sink comp="118" pin=1"/></net>

<net id="130"><net_src comp="8" pin="0"/><net_sink comp="124" pin=0"/></net>

<net id="131"><net_src comp="86" pin="2"/><net_sink comp="124" pin=1"/></net>

<net id="132"><net_src comp="14" pin="0"/><net_sink comp="124" pin=2"/></net>

<net id="133"><net_src comp="16" pin="0"/><net_sink comp="124" pin=3"/></net>

<net id="139"><net_src comp="18" pin="0"/><net_sink comp="134" pin=0"/></net>

<net id="140"><net_src comp="124" pin="4"/><net_sink comp="134" pin=1"/></net>

<net id="141"><net_src comp="118" pin="2"/><net_sink comp="134" pin=2"/></net>

<net id="146"><net_src comp="134" pin="3"/><net_sink comp="142" pin=0"/></net>

<net id="147"><net_src comp="20" pin="0"/><net_sink comp="142" pin=1"/></net>

<net id="153"><net_src comp="4" pin="0"/><net_sink comp="148" pin=0"/></net>

<net id="154"><net_src comp="86" pin="2"/><net_sink comp="148" pin=1"/></net>

<net id="155"><net_src comp="16" pin="0"/><net_sink comp="148" pin=2"/></net>

<net id="159"><net_src comp="86" pin="2"/><net_sink comp="156" pin=0"/></net>

<net id="165"><net_src comp="22" pin="0"/><net_sink comp="160" pin=0"/></net>

<net id="166"><net_src comp="156" pin="1"/><net_sink comp="160" pin=1"/></net>

<net id="167"><net_src comp="24" pin="0"/><net_sink comp="160" pin=2"/></net>

<net id="173"><net_src comp="148" pin="3"/><net_sink comp="168" pin=0"/></net>

<net id="174"><net_src comp="92" pin="1"/><net_sink comp="168" pin=1"/></net>

<net id="175"><net_src comp="160" pin="3"/><net_sink comp="168" pin=2"/></net>

<net id="181"><net_src comp="148" pin="3"/><net_sink comp="176" pin=0"/></net>

<net id="182"><net_src comp="26" pin="0"/><net_sink comp="176" pin=1"/></net>

<net id="183"><net_src comp="28" pin="0"/><net_sink comp="176" pin=2"/></net>

<net id="189"><net_src comp="30" pin="0"/><net_sink comp="184" pin=0"/></net>

<net id="190"><net_src comp="168" pin="3"/><net_sink comp="184" pin=1"/></net>

<net id="191"><net_src comp="16" pin="0"/><net_sink comp="184" pin=2"/></net>

<net id="196"><net_src comp="168" pin="3"/><net_sink comp="192" pin=0"/></net>

<net id="197"><net_src comp="32" pin="0"/><net_sink comp="192" pin=1"/></net>

<net id="203"><net_src comp="148" pin="3"/><net_sink comp="198" pin=0"/></net>

<net id="204"><net_src comp="28" pin="0"/><net_sink comp="198" pin=1"/></net>

<net id="205"><net_src comp="34" pin="0"/><net_sink comp="198" pin=2"/></net>

<net id="211"><net_src comp="184" pin="3"/><net_sink comp="206" pin=0"/></net>

<net id="212"><net_src comp="168" pin="3"/><net_sink comp="206" pin=1"/></net>

<net id="213"><net_src comp="192" pin="2"/><net_sink comp="206" pin=2"/></net>

<net id="219"><net_src comp="184" pin="3"/><net_sink comp="214" pin=0"/></net>

<net id="220"><net_src comp="176" pin="3"/><net_sink comp="214" pin=1"/></net>

<net id="221"><net_src comp="198" pin="3"/><net_sink comp="214" pin=2"/></net>

<net id="227"><net_src comp="30" pin="0"/><net_sink comp="222" pin=0"/></net>

<net id="228"><net_src comp="206" pin="3"/><net_sink comp="222" pin=1"/></net>

<net id="229"><net_src comp="16" pin="0"/><net_sink comp="222" pin=2"/></net>

<net id="234"><net_src comp="206" pin="3"/><net_sink comp="230" pin=0"/></net>

<net id="235"><net_src comp="32" pin="0"/><net_sink comp="230" pin=1"/></net>

<net id="240"><net_src comp="214" pin="3"/><net_sink comp="236" pin=0"/></net>

<net id="241"><net_src comp="36" pin="0"/><net_sink comp="236" pin=1"/></net>

<net id="247"><net_src comp="222" pin="3"/><net_sink comp="242" pin=0"/></net>

<net id="248"><net_src comp="206" pin="3"/><net_sink comp="242" pin=1"/></net>

<net id="249"><net_src comp="230" pin="2"/><net_sink comp="242" pin=2"/></net>

<net id="255"><net_src comp="222" pin="3"/><net_sink comp="250" pin=0"/></net>

<net id="256"><net_src comp="214" pin="3"/><net_sink comp="250" pin=1"/></net>

<net id="257"><net_src comp="236" pin="2"/><net_sink comp="250" pin=2"/></net>

<net id="263"><net_src comp="30" pin="0"/><net_sink comp="258" pin=0"/></net>

<net id="264"><net_src comp="242" pin="3"/><net_sink comp="258" pin=1"/></net>

<net id="265"><net_src comp="16" pin="0"/><net_sink comp="258" pin=2"/></net>

<net id="270"><net_src comp="250" pin="3"/><net_sink comp="266" pin=0"/></net>

<net id="271"><net_src comp="36" pin="0"/><net_sink comp="266" pin=1"/></net>

<net id="277"><net_src comp="258" pin="3"/><net_sink comp="272" pin=0"/></net>

<net id="278"><net_src comp="250" pin="3"/><net_sink comp="272" pin=1"/></net>

<net id="279"><net_src comp="266" pin="2"/><net_sink comp="272" pin=2"/></net>

<net id="285"><net_src comp="38" pin="0"/><net_sink comp="280" pin=0"/></net>

<net id="286"><net_src comp="40" pin="0"/><net_sink comp="280" pin=2"/></net>

<net id="292"><net_src comp="42" pin="0"/><net_sink comp="287" pin=0"/></net>

<net id="293"><net_src comp="44" pin="0"/><net_sink comp="287" pin=2"/></net>

<net id="297"><net_src comp="287" pin="3"/><net_sink comp="294" pin=0"/></net>

<net id="302"><net_src comp="294" pin="1"/><net_sink comp="298" pin=0"/></net>

<net id="303"><net_src comp="46" pin="0"/><net_sink comp="298" pin=1"/></net>

<net id="310"><net_src comp="48" pin="0"/><net_sink comp="304" pin=0"/></net>

<net id="311"><net_src comp="298" pin="2"/><net_sink comp="304" pin=1"/></net>

<net id="312"><net_src comp="50" pin="0"/><net_sink comp="304" pin=2"/></net>

<net id="313"><net_src comp="52" pin="0"/><net_sink comp="304" pin=3"/></net>

<net id="321"><net_src comp="54" pin="0"/><net_sink comp="314" pin=0"/></net>

<net id="322"><net_src comp="304" pin="4"/><net_sink comp="314" pin=2"/></net>

<net id="323"><net_src comp="56" pin="0"/><net_sink comp="314" pin=4"/></net>

<net id="328"><net_src comp="32" pin="0"/><net_sink comp="324" pin=1"/></net>

<net id="334"><net_src comp="324" pin="2"/><net_sink comp="329" pin=2"/></net>

<net id="340"><net_src comp="30" pin="0"/><net_sink comp="335" pin=0"/></net>

<net id="341"><net_src comp="329" pin="3"/><net_sink comp="335" pin=1"/></net>

<net id="342"><net_src comp="16" pin="0"/><net_sink comp="335" pin=2"/></net>

<net id="347"><net_src comp="329" pin="3"/><net_sink comp="343" pin=0"/></net>

<net id="348"><net_src comp="32" pin="0"/><net_sink comp="343" pin=1"/></net>

<net id="353"><net_src comp="36" pin="0"/><net_sink comp="349" pin=1"/></net>

<net id="359"><net_src comp="335" pin="3"/><net_sink comp="354" pin=0"/></net>

<net id="360"><net_src comp="329" pin="3"/><net_sink comp="354" pin=1"/></net>

<net id="361"><net_src comp="343" pin="2"/><net_sink comp="354" pin=2"/></net>

<net id="367"><net_src comp="335" pin="3"/><net_sink comp="362" pin=0"/></net>

<net id="368"><net_src comp="349" pin="2"/><net_sink comp="362" pin=2"/></net>

<net id="374"><net_src comp="30" pin="0"/><net_sink comp="369" pin=0"/></net>

<net id="375"><net_src comp="354" pin="3"/><net_sink comp="369" pin=1"/></net>

<net id="376"><net_src comp="16" pin="0"/><net_sink comp="369" pin=2"/></net>

<net id="381"><net_src comp="354" pin="3"/><net_sink comp="377" pin=0"/></net>

<net id="382"><net_src comp="32" pin="0"/><net_sink comp="377" pin=1"/></net>

<net id="387"><net_src comp="362" pin="3"/><net_sink comp="383" pin=0"/></net>

<net id="388"><net_src comp="36" pin="0"/><net_sink comp="383" pin=1"/></net>

<net id="394"><net_src comp="369" pin="3"/><net_sink comp="389" pin=0"/></net>

<net id="395"><net_src comp="354" pin="3"/><net_sink comp="389" pin=1"/></net>

<net id="396"><net_src comp="377" pin="2"/><net_sink comp="389" pin=2"/></net>

<net id="402"><net_src comp="369" pin="3"/><net_sink comp="397" pin=0"/></net>

<net id="403"><net_src comp="362" pin="3"/><net_sink comp="397" pin=1"/></net>

<net id="404"><net_src comp="383" pin="2"/><net_sink comp="397" pin=2"/></net>

<net id="410"><net_src comp="30" pin="0"/><net_sink comp="405" pin=0"/></net>

<net id="411"><net_src comp="389" pin="3"/><net_sink comp="405" pin=1"/></net>

<net id="412"><net_src comp="16" pin="0"/><net_sink comp="405" pin=2"/></net>

<net id="417"><net_src comp="389" pin="3"/><net_sink comp="413" pin=0"/></net>

<net id="418"><net_src comp="32" pin="0"/><net_sink comp="413" pin=1"/></net>

<net id="423"><net_src comp="397" pin="3"/><net_sink comp="419" pin=0"/></net>

<net id="424"><net_src comp="36" pin="0"/><net_sink comp="419" pin=1"/></net>

<net id="430"><net_src comp="405" pin="3"/><net_sink comp="425" pin=0"/></net>

<net id="431"><net_src comp="389" pin="3"/><net_sink comp="425" pin=1"/></net>

<net id="432"><net_src comp="413" pin="2"/><net_sink comp="425" pin=2"/></net>

<net id="438"><net_src comp="405" pin="3"/><net_sink comp="433" pin=0"/></net>

<net id="439"><net_src comp="397" pin="3"/><net_sink comp="433" pin=1"/></net>

<net id="440"><net_src comp="419" pin="2"/><net_sink comp="433" pin=2"/></net>

<net id="446"><net_src comp="30" pin="0"/><net_sink comp="441" pin=0"/></net>

<net id="447"><net_src comp="425" pin="3"/><net_sink comp="441" pin=1"/></net>

<net id="448"><net_src comp="16" pin="0"/><net_sink comp="441" pin=2"/></net>

<net id="453"><net_src comp="425" pin="3"/><net_sink comp="449" pin=0"/></net>

<net id="454"><net_src comp="32" pin="0"/><net_sink comp="449" pin=1"/></net>

<net id="459"><net_src comp="433" pin="3"/><net_sink comp="455" pin=0"/></net>

<net id="460"><net_src comp="36" pin="0"/><net_sink comp="455" pin=1"/></net>

<net id="466"><net_src comp="441" pin="3"/><net_sink comp="461" pin=0"/></net>

<net id="467"><net_src comp="425" pin="3"/><net_sink comp="461" pin=1"/></net>

<net id="468"><net_src comp="449" pin="2"/><net_sink comp="461" pin=2"/></net>

<net id="474"><net_src comp="441" pin="3"/><net_sink comp="469" pin=0"/></net>

<net id="475"><net_src comp="433" pin="3"/><net_sink comp="469" pin=1"/></net>

<net id="476"><net_src comp="455" pin="2"/><net_sink comp="469" pin=2"/></net>

<net id="482"><net_src comp="30" pin="0"/><net_sink comp="477" pin=0"/></net>

<net id="483"><net_src comp="461" pin="3"/><net_sink comp="477" pin=1"/></net>

<net id="484"><net_src comp="16" pin="0"/><net_sink comp="477" pin=2"/></net>

<net id="489"><net_src comp="461" pin="3"/><net_sink comp="485" pin=0"/></net>

<net id="490"><net_src comp="32" pin="0"/><net_sink comp="485" pin=1"/></net>

<net id="495"><net_src comp="469" pin="3"/><net_sink comp="491" pin=0"/></net>

<net id="496"><net_src comp="36" pin="0"/><net_sink comp="491" pin=1"/></net>

<net id="502"><net_src comp="477" pin="3"/><net_sink comp="497" pin=0"/></net>

<net id="503"><net_src comp="461" pin="3"/><net_sink comp="497" pin=1"/></net>

<net id="504"><net_src comp="485" pin="2"/><net_sink comp="497" pin=2"/></net>

<net id="510"><net_src comp="477" pin="3"/><net_sink comp="505" pin=0"/></net>

<net id="511"><net_src comp="469" pin="3"/><net_sink comp="505" pin=1"/></net>

<net id="512"><net_src comp="491" pin="2"/><net_sink comp="505" pin=2"/></net>

<net id="518"><net_src comp="30" pin="0"/><net_sink comp="513" pin=0"/></net>

<net id="519"><net_src comp="497" pin="3"/><net_sink comp="513" pin=1"/></net>

<net id="520"><net_src comp="16" pin="0"/><net_sink comp="513" pin=2"/></net>

<net id="524"><net_src comp="497" pin="3"/><net_sink comp="521" pin=0"/></net>

<net id="530"><net_src comp="58" pin="0"/><net_sink comp="525" pin=0"/></net>

<net id="531"><net_src comp="521" pin="1"/><net_sink comp="525" pin=1"/></net>

<net id="532"><net_src comp="24" pin="0"/><net_sink comp="525" pin=2"/></net>

<net id="537"><net_src comp="505" pin="3"/><net_sink comp="533" pin=0"/></net>

<net id="538"><net_src comp="36" pin="0"/><net_sink comp="533" pin=1"/></net>

<net id="542"><net_src comp="497" pin="3"/><net_sink comp="539" pin=0"/></net>

<net id="548"><net_src comp="513" pin="3"/><net_sink comp="543" pin=0"/></net>

<net id="549"><net_src comp="539" pin="1"/><net_sink comp="543" pin=1"/></net>

<net id="550"><net_src comp="525" pin="3"/><net_sink comp="543" pin=2"/></net>

<net id="556"><net_src comp="513" pin="3"/><net_sink comp="551" pin=0"/></net>

<net id="557"><net_src comp="505" pin="3"/><net_sink comp="551" pin=1"/></net>

<net id="558"><net_src comp="533" pin="2"/><net_sink comp="551" pin=2"/></net>

<net id="562"><net_src comp="551" pin="3"/><net_sink comp="559" pin=0"/></net>

<net id="571"><net_src comp="60" pin="0"/><net_sink comp="563" pin=0"/></net>

<net id="572"><net_src comp="24" pin="0"/><net_sink comp="563" pin=2"/></net>

<net id="573"><net_src comp="559" pin="1"/><net_sink comp="563" pin=3"/></net>

<net id="574"><net_src comp="543" pin="3"/><net_sink comp="563" pin=4"/></net>

<net id="575"><net_src comp="62" pin="0"/><net_sink comp="563" pin=5"/></net>

<net id="583"><net_src comp="54" pin="0"/><net_sink comp="576" pin=0"/></net>

<net id="584"><net_src comp="64" pin="0"/><net_sink comp="576" pin=2"/></net>

<net id="585"><net_src comp="56" pin="0"/><net_sink comp="576" pin=4"/></net>

<net id="590"><net_src comp="66" pin="0"/><net_sink comp="586" pin=1"/></net>

<net id="595"><net_src comp="68" pin="0"/><net_sink comp="591" pin=1"/></net>

<net id="600"><net_src comp="586" pin="2"/><net_sink comp="596" pin=0"/></net>

<net id="601"><net_src comp="591" pin="2"/><net_sink comp="596" pin=1"/></net>

<net id="606"><net_src comp="70" pin="0"/><net_sink comp="602" pin=1"/></net>

<net id="611"><net_src comp="602" pin="2"/><net_sink comp="607" pin=0"/></net>

<net id="612"><net_src comp="591" pin="2"/><net_sink comp="607" pin=1"/></net>

<net id="619"><net_src comp="72" pin="0"/><net_sink comp="613" pin=0"/></net>

<net id="620"><net_src comp="596" pin="2"/><net_sink comp="613" pin=2"/></net>

<net id="621"><net_src comp="607" pin="2"/><net_sink comp="613" pin=3"/></net>

<net id="635"><net_src comp="74" pin="0"/><net_sink comp="622" pin=0"/></net>

<net id="636"><net_src comp="76" pin="0"/><net_sink comp="622" pin=1"/></net>

<net id="637"><net_src comp="280" pin="3"/><net_sink comp="622" pin=2"/></net>

<net id="638"><net_src comp="78" pin="0"/><net_sink comp="622" pin=3"/></net>

<net id="639"><net_src comp="563" pin="6"/><net_sink comp="622" pin=4"/></net>

<net id="640"><net_src comp="80" pin="0"/><net_sink comp="622" pin=5"/></net>

<net id="641"><net_src comp="576" pin="5"/><net_sink comp="622" pin=6"/></net>

<net id="642"><net_src comp="82" pin="0"/><net_sink comp="622" pin=7"/></net>

<net id="643"><net_src comp="314" pin="5"/><net_sink comp="622" pin=8"/></net>

<net id="644"><net_src comp="84" pin="0"/><net_sink comp="622" pin=9"/></net>

<net id="645"><net_src comp="613" pin="4"/><net_sink comp="622" pin=10"/></net>

<net id="649"><net_src comp="622" pin="11"/><net_sink comp="646" pin=0"/></net>

<net id="653"><net_src comp="92" pin="1"/><net_sink comp="650" pin=0"/></net>

<net id="654"><net_src comp="650" pin="1"/><net_sink comp="314" pin=3"/></net>

<net id="655"><net_src comp="650" pin="1"/><net_sink comp="576" pin=3"/></net>

<net id="659"><net_src comp="96" pin="3"/><net_sink comp="656" pin=0"/></net>

<net id="660"><net_src comp="656" pin="1"/><net_sink comp="280" pin=1"/></net>

<net id="661"><net_src comp="656" pin="1"/><net_sink comp="314" pin=1"/></net>

<net id="662"><net_src comp="656" pin="1"/><net_sink comp="563" pin=1"/></net>

<net id="663"><net_src comp="656" pin="1"/><net_sink comp="576" pin=1"/></net>

<net id="667"><net_src comp="104" pin="4"/><net_sink comp="664" pin=0"/></net>

<net id="668"><net_src comp="664" pin="1"/><net_sink comp="287" pin=1"/></net>

<net id="669"><net_src comp="664" pin="1"/><net_sink comp="586" pin=0"/></net>

<net id="670"><net_src comp="664" pin="1"/><net_sink comp="602" pin=0"/></net>

<net id="674"><net_src comp="142" pin="2"/><net_sink comp="671" pin=0"/></net>

<net id="675"><net_src comp="671" pin="1"/><net_sink comp="591" pin=0"/></net>

<net id="676"><net_src comp="671" pin="1"/><net_sink comp="613" pin=1"/></net>

<net id="680"><net_src comp="242" pin="3"/><net_sink comp="677" pin=0"/></net>

<net id="681"><net_src comp="677" pin="1"/><net_sink comp="324" pin=0"/></net>

<net id="682"><net_src comp="677" pin="1"/><net_sink comp="329" pin=1"/></net>

<net id="686"><net_src comp="258" pin="3"/><net_sink comp="683" pin=0"/></net>

<net id="687"><net_src comp="683" pin="1"/><net_sink comp="329" pin=0"/></net>

<net id="691"><net_src comp="272" pin="3"/><net_sink comp="688" pin=0"/></net>

<net id="692"><net_src comp="688" pin="1"/><net_sink comp="349" pin=0"/></net>

<net id="693"><net_src comp="688" pin="1"/><net_sink comp="362" pin=1"/></net>

</net_list>

</model> 
---------------- Datapath Model END ------------------

* FSMD analyzer results:
  - Output states:
 - Input state : 
	Port: fp16_to_fp32 : h | {1 }
  - Chain level:
	State 1
		or_ln34 : 1
		or_ln : 1
		icmp_ln34 : 2
		shl_ln : 1
		m_1 : 2
		e : 1
		tmp_845 : 3
		m_2 : 3
		e_1 : 1
		m_3 : 3
		e_2 : 4
		tmp_846 : 4
		m_4 : 4
		e_3 : 5
		m_5 : 4
		e_4 : 5
		tmp_847 : 5
		e_5 : 6
		e_6 : 6
	State 2
		zext_ln46 : 1
		add_ln46 : 2
		tmp_44 : 3
		f32 : 4
		tmp_848 : 1
		m_8 : 1
		m_9 : 1
		e_8 : 2
		tmp_849 : 2
		m_10 : 2
		e_9 : 3
		m_11 : 2
		e_10 : 3
		tmp_850 : 3
		m_12 : 3
		e_11 : 4
		m_13 : 3
		e_12 : 4
		tmp_851 : 4
		m_14 : 4
		e_13 : 5
		m_15 : 4
		e_14 : 5
		tmp_852 : 5
		m_16 : 5
		e_15 : 6
		m_17 : 5
		e_16 : 6
		tmp_853 : 6
		trunc_ln40_1 : 6
		m_18 : 7
		e_17 : 7
		trunc_ln42 : 6
		select_ln40 : 8
		select_ln37 : 7
		sext_ln42 : 8
		f32_1 : 9
		and_ln36_1 : 1
		sel_tmp8 : 1
		f32_4 : 10
		bitcast_ln48 : 11
		ret_ln48 : 12


============================================================
+ Verbose Summary: Datapath Resource usage 
============================================================

* Functional unit list:
|----------|---------------------|---------|---------|
| Operation|   Functional Unit   |    FF   |   LUT   |
|----------|---------------------|---------|---------|
|          |      m_1_fu_168     |    0    |    10   |
|          |       e_fu_176      |    0    |    6    |
|          |      e_1_fu_198     |    0    |    6    |
|          |      m_3_fu_206     |    0    |    10   |
|          |      e_2_fu_214     |    0    |    6    |
|          |      m_5_fu_242     |    0    |    10   |
|          |      e_4_fu_250     |    0    |    6    |
|          |      e_6_fu_272     |    0    |    6    |
|          |      m_7_fu_329     |    0    |    10   |
|          |      m_9_fu_354     |    0    |    10   |
|  select  |      e_8_fu_362     |    0    |    6    |
|          |     m_11_fu_389     |    0    |    10   |
|          |     e_10_fu_397     |    0    |    6    |
|          |     m_13_fu_425     |    0    |    10   |
|          |     e_12_fu_433     |    0    |    6    |
|          |     m_15_fu_461     |    0    |    10   |
|          |     e_14_fu_469     |    0    |    6    |
|          |     m_17_fu_497     |    0    |    10   |
|          |     e_16_fu_505     |    0    |    6    |
|          |  select_ln40_fu_543 |    0    |    9    |
|          |  select_ln37_fu_551 |    0    |    6    |
|----------|---------------------|---------|---------|
|          |      e_3_fu_236     |    0    |    13   |
|          |      e_5_fu_266     |    0    |    13   |
|          |   add_ln46_fu_298   |    0    |    38   |
|          |      e_7_fu_349     |    0    |    13   |
|    add   |      e_9_fu_383     |    0    |    13   |
|          |     e_11_fu_419     |    0    |    13   |
|          |     e_13_fu_455     |    0    |    13   |
|          |     e_15_fu_491     |    0    |    13   |
|          |     e_17_fu_533     |    0    |    13   |
|----------|---------------------|---------|---------|
|          |   icmp_ln34_fu_142  |    0    |    17   |
|   icmp   |   icmp_ln36_fu_586  |    0    |    12   |
|          |  icmp_ln36_1_fu_602 |    0    |    12   |
|----------|---------------------|---------|---------|
| sparsemux|     f32_4_fu_622    |    0    |    14   |
|----------|---------------------|---------|---------|
|    or    |    or_ln34_fu_118   |    0    |    5    |
|----------|---------------------|---------|---------|
|    and   |   and_ln36_fu_596   |    0    |    2    |
|          |  and_ln36_1_fu_607  |    0    |    2    |
|----------|---------------------|---------|---------|
|    xor   |   xor_ln34_fu_591   |    0    |    2    |
|----------|---------------------|---------|---------|
|   read   |  h_read_read_fu_86  |    0    |    0    |
|----------|---------------------|---------|---------|
|          |      mant_fu_92     |    0    |    0    |
|          |  trunc_ln34_fu_114  |    0    |    0    |
|   trunc  |  trunc_ln40_fu_156  |    0    |    0    |
|          | trunc_ln40_1_fu_521 |    0    |    0    |
|          |  trunc_ln42_fu_539  |    0    |    0    |
|----------|---------------------|---------|---------|
|          |    tmp_843_fu_96    |    0    |    0    |
|          |    tmp_844_fu_148   |    0    |    0    |
|          |    tmp_845_fu_184   |    0    |    0    |
|          |    tmp_846_fu_222   |    0    |    0    |
|          |    tmp_847_fu_258   |    0    |    0    |
| bitselect|    tmp_848_fu_335   |    0    |    0    |
|          |    tmp_849_fu_369   |    0    |    0    |
|          |    tmp_850_fu_405   |    0    |    0    |
|          |    tmp_851_fu_441   |    0    |    0    |
|          |    tmp_852_fu_477   |    0    |    0    |
|          |    tmp_853_fu_513   |    0    |    0    |
|----------|---------------------|---------|---------|
|          |      exp_fu_104     |    0    |    0    |
|partselect|      tmp_fu_124     |    0    |    0    |
|          |    tmp_44_fu_304    |    0    |    0    |
|----------|---------------------|---------|---------|
|          |     or_ln_fu_134    |    0    |    0    |
|          |    shl_ln_fu_160    |    0    |    0    |
|          |     sign_fu_280     |    0    |    0    |
|          |  shl_ln46_1_fu_287  |    0    |    0    |
|bitconcatenate|      f32_fu_314     |    0    |    0    |
|          |     m_18_fu_525     |    0    |    0    |
|          |     f32_1_fu_563    |    0    |    0    |
|          |     f32_2_fu_576    |    0    |    0    |
|          |   sel_tmp8_fu_613   |    0    |    0    |
|----------|---------------------|---------|---------|
|          |      m_2_fu_192     |    0    |    0    |
|          |      m_4_fu_230     |    0    |    0    |
|          |      m_6_fu_324     |    0    |    0    |
|    shl   |      m_8_fu_343     |    0    |    0    |
|          |     m_10_fu_377     |    0    |    0    |
|          |     m_12_fu_413     |    0    |    0    |
|          |     m_14_fu_449     |    0    |    0    |
|          |     m_16_fu_485     |    0    |    0    |
|----------|---------------------|---------|---------|
|   zext   |   zext_ln46_fu_294  |    0    |    0    |
|----------|---------------------|---------|---------|
|   sext   |   sext_ln42_fu_559  |    0    |    0    |
|----------|---------------------|---------|---------|
|   Total  |                     |    0    |   373   |
|----------|---------------------|---------|---------|

Memories:
N/A

* Register list:
+-----------------+--------+
|                 |   FF   |
+-----------------+--------+
|   e_6_reg_688   |    6   |
|   exp_reg_664   |    5   |
|icmp_ln34_reg_671|    1   |
|   m_5_reg_677   |   10   |
|   mant_reg_650  |   10   |
| tmp_843_reg_656 |    1   |
| tmp_847_reg_683 |    1   |
+-----------------+--------+
|      Total      |   34   |
+-----------------+--------+

* Multiplexer (MUX) list: 
|--------|------|------|------|--------|
|  Comp  |  Pin | Size |  BW  | S x BW |
|--------|------|------|------|--------|
|  Total |      |      |      |    0   |
|--------|------|------|------|--------|



* Summary:
+-----------+--------+--------+
|           |   FF   |   LUT  |
+-----------+--------+--------+
|  Function |    0   |   373  |
|   Memory  |    -   |    -   |
|Multiplexer|    -   |    -   |
|  Register |   34   |    -   |
+-----------+--------+--------+
|   Total   |   34   |   373  |
+-----------+--------+--------+
