

================================================================
== Vitis HLS Report for 'fp16_to_fp32'
================================================================
* Date:           Sat Mar 28 22:37:31 2026

* Version:        2025.1 (Build 6135595 on May 21 2025)
* Project:        swiglu
* Solution:       hls (Vivado IP Flow Target)
* Product family: zynquplus
* Target device:  xck26-sfvc784-2LV-c


================================================================
== Performance Estimates
================================================================
+ Timing: 
    * Summary: 
    +--------+---------+----------+------------+
    |  Clock |  Target | Estimated| Uncertainty|
    +--------+---------+----------+------------+
    |ap_clk  |  3.33 ns|  2.344 ns|     0.90 ns|
    +--------+---------+----------+------------+

+ Latency: 
    * Summary: 
    +---------+---------+----------+----------+-----+-----+---------+
    |  Latency (cycles) |  Latency (absolute) |  Interval | Pipeline|
    |   min   |   max   |    min   |    max   | min | max |   Type  |
    +---------+---------+----------+----------+-----+-----+---------+
    |        3|        3|  9.990 ns|  9.990 ns|    3|    3|       no|
    +---------+---------+----------+----------+-----+-----+---------+

    + Detail: 
        * Instance: 
        N/A

        * Loop: 
        N/A



================================================================
== Utilization Estimates
================================================================
* Summary: 
+-----------------+---------+------+--------+--------+-----+
|       Name      | BRAM_18K|  DSP |   FF   |   LUT  | URAM|
+-----------------+---------+------+--------+--------+-----+
|DSP              |        -|     -|       -|       -|    -|
|Expression       |        -|     -|       0|     255|    -|
|FIFO             |        -|     -|       -|       -|    -|
|Instance         |        -|     -|       -|       -|    -|
|Memory           |        -|     -|       -|       -|    -|
|Multiplexer      |        -|     -|       0|      26|    -|
|Register         |        -|     -|      50|       -|    -|
+-----------------+---------+------+--------+--------+-----+
|Total            |        0|     0|      50|     281|    0|
+-----------------+---------+------+--------+--------+-----+
|Available        |      288|  1248|  234240|  117120|   64|
+-----------------+---------+------+--------+--------+-----+
|Utilization (%)  |        0|     0|      ~0|      ~0|    0|
+-----------------+---------+------+--------+--------+-----+

+ Detail: 
    * Instance: 
    N/A

    * DSP: 
    N/A

    * Memory: 
    N/A

    * FIFO: 
    N/A

    * Expression: 
    +-----------------------+----------+----+---+----+------------+------------+
    |     Variable Name     | Operation| DSP| FF| LUT| Bitwidth P0| Bitwidth P1|
    +-----------------------+----------+----+---+----+------------+------------+
    |e_17_fu_147_p2         |         +|   0|  0|  13|           6|           2|
    |e_19_fu_181_p2         |         +|   0|  0|  13|           6|           2|
    |e_21_fu_216_p2         |         +|   0|  0|  13|           6|           2|
    |e_23_fu_241_p2         |         +|   0|  0|  13|           6|           2|
    |e_25_fu_280_p2         |         +|   0|  0|  13|           6|           2|
    |e_27_fu_320_p2         |         +|   0|  0|  13|           6|           2|
    |icmp_ln33_fu_48_p2     |      icmp|   0|  0|  15|           8|           1|
    |e_15_fu_106_p3         |    select|   0|  0|   6|           1|           6|
    |e_16_fu_114_p3         |    select|   0|  0|   6|           1|           6|
    |e_18_fu_160_p3         |    select|   0|  0|   6|           1|           6|
    |e_20_fu_195_p3         |    select|   0|  0|   6|           1|           6|
    |e_22_fu_227_p3         |    select|   0|  0|   6|           1|           6|
    |e_24_fu_247_p3         |    select|   0|  0|   6|           1|           6|
    |e_26_fu_293_p3         |    select|   0|  0|   6|           1|           6|
    |e_28_fu_326_p3         |    select|   0|  0|   6|           1|           6|
    |e_fu_90_p3             |    select|   0|  0|   6|           1|           6|
    |f32_4_fu_356_p3        |    select|   0|  0|  29|           1|           1|
    |m_16_fu_127_p3         |    select|   0|  0|  10|           1|          10|
    |m_18_fu_152_p3         |    select|   0|  0|  10|           1|          10|
    |m_20_fu_187_p3         |    select|   0|  0|  10|           1|          10|
    |m_22_fu_221_p3         |    select|   0|  0|  10|           1|          10|
    |m_24_fu_260_p3         |    select|   0|  0|  10|           1|          10|
    |m_26_fu_285_p3         |    select|   0|  0|  10|           1|          10|
    |m_fu_82_p3             |    select|   0|  0|  10|           1|          10|
    |select_ln39_fu_338_p3  |    select|   0|  0|   9|           1|           9|
    +-----------------------+----------+----+---+----+------------+------------+
    |Total                  |          |   0|  0| 255|          62|         147|
    +-----------------------+----------+----+---+----+------------+------------+

    * Multiplexer: 
    +-----------+----+-----------+-----+-----------+
    |    Name   | LUT| Input Size| Bits| Total Bits|
    +-----------+----+-----------+-----+-----------+
    |ap_NS_fsm  |  26|          5|    1|          5|
    +-----------+----+-----------+-----+-----------+
    |Total      |  26|          5|    1|          5|
    +-----------+----+-----------+-----+-----------+

    * Register: 
    +-------------------+----+----+-----+-----------+
    |        Name       | FF | LUT| Bits| Const Bits|
    +-------------------+----+----+-----+-----------+
    |ap_CS_fsm          |   4|   0|    4|          0|
    |e_16_reg_391       |   2|   0|    6|          4|
    |e_20_reg_403       |   6|   0|    6|          0|
    |e_24_reg_426       |   6|   0|    6|          0|
    |icmp_ln33_reg_375  |   1|   0|    1|          0|
    |m_20_reg_397       |  10|   0|   10|          0|
    |m_22_reg_415       |  10|   0|   10|          0|
    |m_reg_380          |   8|   0|   10|          2|
    |tmp_146_reg_386    |   1|   0|    1|          0|
    |tmp_149_reg_409    |   1|   0|    1|          0|
    |tmp_150_reg_421    |   1|   0|    1|          0|
    +-------------------+----+----+-----+-----------+
    |Total              |  50|   0|   56|          6|
    +-------------------+----+----+-----+-----------+



================================================================
== Interface
================================================================
* Summary: 
+-----------+-----+-----+------------+--------------+--------------+
| RTL Ports | Dir | Bits|  Protocol  | Source Object|    C Type    |
+-----------+-----+-----+------------+--------------+--------------+
|ap_clk     |   in|    1|  ap_ctrl_hs|  fp16_to_fp32|  return value|
|ap_rst     |   in|    1|  ap_ctrl_hs|  fp16_to_fp32|  return value|
|ap_start   |   in|    1|  ap_ctrl_hs|  fp16_to_fp32|  return value|
|ap_done    |  out|    1|  ap_ctrl_hs|  fp16_to_fp32|  return value|
|ap_idle    |  out|    1|  ap_ctrl_hs|  fp16_to_fp32|  return value|
|ap_ready   |  out|    1|  ap_ctrl_hs|  fp16_to_fp32|  return value|
|ap_return  |  out|   32|  ap_ctrl_hs|  fp16_to_fp32|  return value|
|h          |   in|    8|     ap_none|             h|        scalar|
+-----------+-----+-----+------------+--------------+--------------+

============================================================
+ Verbose Summary: Synthesis Manager
============================================================
InlineROM: 1
ExposeGlobal: 0
============================================================
+ Verbose Summary: CDFG Model
============================================================
IsTopModel: 0
ResetActiveHigh: 1
IsCombinational: 2
IsDatapathOnly: 2
HasWiredReturn: 1
HasMFsm: 0
HasVarLatency: 1
IsPipeline: 0
IsRtlPipelined: 0
IsInstanceOverlapped: 0
IsDontTouch: 0
HasImplIP: 0
IsGatedGlobalClock: 0


============================================================
+ Verbose Summary: Schedule
============================================================
* Number of FSM states : 4
* Pipeline : 0
* Dataflow Pipeline: 0

* FSM state transitions: 
1 --> 2 
2 --> 3 
3 --> 4 
4 --> 

* FSM state operations: 

State 1 <SV = 0> <Delay = 0.78>
ST_1 : Operation 5 [1/1] (0.00ns)   --->   "%h_read = read i8 @_ssdm_op_Read.ap_auto.i8, i8 %h" [swiglu.cpp:28]   --->   Operation 5 'read' 'h_read' <Predicate = true> <Delay = 0.00>
ST_1 : Operation 6 [1/1] (0.76ns)   --->   "%icmp_ln33 = icmp_eq  i8 %h_read, i8 0" [swiglu.cpp:33]   --->   Operation 6 'icmp' 'icmp_ln33' <Predicate = true> <Delay = 0.76> <CoreInst = "Cmp">   --->   Core 9 'Cmp' <Latency = 0> <II = 1> <Delay = 0.76> <FuncUnit> <Opcode : 'seteq' 'setne' 'setle' 'setge' 'setlt' 'setgt'> <InPorts = 2> <OutPorts = 1>
ST_1 : Operation 7 [1/1] (0.00ns)   --->   "%tmp = bitselect i1 @_ssdm_op_BitSelect.i1.i8.i32, i8 %h_read, i32 7" [swiglu.cpp:39]   --->   Operation 7 'bitselect' 'tmp' <Predicate = true> <Delay = 0.00>
ST_1 : Operation 8 [1/1] (0.00ns)   --->   "%st = bitconcatenate i10 @_ssdm_op_BitConcatenate.i10.i8.i2, i8 %h_read, i2 0" [swiglu.cpp:39]   --->   Operation 8 'bitconcatenate' 'st' <Predicate = true> <Delay = 0.00>
ST_1 : Operation 9 [1/1] (0.00ns)   --->   "%trunc_ln39 = trunc i8 %h_read" [swiglu.cpp:39]   --->   Operation 9 'trunc' 'trunc_ln39' <Predicate = true> <Delay = 0.00>
ST_1 : Operation 10 [1/1] (0.00ns)   --->   "%sf = bitconcatenate i10 @_ssdm_op_BitConcatenate.i10.i7.i3, i7 %trunc_ln39, i3 0" [swiglu.cpp:39]   --->   Operation 10 'bitconcatenate' 'sf' <Predicate = true> <Delay = 0.00>
ST_1 : Operation 11 [1/1] (0.40ns)   --->   "%m = select i1 %tmp, i10 %st, i10 %sf" [swiglu.cpp:39]   --->   Operation 11 'select' 'm' <Predicate = true> <Delay = 0.40> <CoreInst = "Sel">   --->   Core 73 'Sel' <Latency = 0> <II = 1> <Delay = 0.40> <FuncUnit> <Opcode : 'select'> <InPorts = 3> <OutPorts = 1>
ST_1 : Operation 12 [1/1] (0.00ns) (grouped into LUT with out node e_16)   --->   "%e = select i1 %tmp, i6 46, i6 45" [swiglu.cpp:39]   --->   Operation 12 'select' 'e' <Predicate = true> <Delay = 0.00> <CoreInst = "Sel">   --->   Core 73 'Sel' <Latency = 0> <II = 1> <Delay = 0.38> <FuncUnit> <Opcode : 'select'> <InPorts = 3> <OutPorts = 1>
ST_1 : Operation 13 [1/1] (0.00ns)   --->   "%tmp_146 = bitselect i1 @_ssdm_op_BitSelect.i1.i10.i32, i10 %m, i32 9" [swiglu.cpp:39]   --->   Operation 13 'bitselect' 'tmp_146' <Predicate = true> <Delay = 0.00>
ST_1 : Operation 14 [1/1] (0.00ns) (grouped into LUT with out node e_16)   --->   "%e_15 = select i1 %tmp, i6 45, i6 44" [swiglu.cpp:39]   --->   Operation 14 'select' 'e_15' <Predicate = true> <Delay = 0.00> <CoreInst = "Sel">   --->   Core 73 'Sel' <Latency = 0> <II = 1> <Delay = 0.38> <FuncUnit> <Opcode : 'select'> <InPorts = 3> <OutPorts = 1>
ST_1 : Operation 15 [1/1] (0.38ns) (out node of the LUT)   --->   "%e_16 = select i1 %tmp_146, i6 %e, i6 %e_15" [swiglu.cpp:39]   --->   Operation 15 'select' 'e_16' <Predicate = true> <Delay = 0.38> <CoreInst = "Sel">   --->   Core 73 'Sel' <Latency = 0> <II = 1> <Delay = 0.38> <FuncUnit> <Opcode : 'select'> <InPorts = 3> <OutPorts = 1>

State 2 <SV = 1> <Delay = 2.33>
ST_2 : Operation 16 [1/1] (0.00ns) (grouped into LUT with out node m_16)   --->   "%m_15 = shl i10 %m, i10 1" [swiglu.cpp:39]   --->   Operation 16 'shl' 'm_15' <Predicate = (!tmp_146 & !icmp_ln33)> <Delay = 0.00>
ST_2 : Operation 17 [1/1] (0.40ns) (out node of the LUT)   --->   "%m_16 = select i1 %tmp_146, i10 %m, i10 %m_15" [swiglu.cpp:39]   --->   Operation 17 'select' 'm_16' <Predicate = (!icmp_ln33)> <Delay = 0.40> <CoreInst = "Sel">   --->   Core 73 'Sel' <Latency = 0> <II = 1> <Delay = 0.40> <FuncUnit> <Opcode : 'select'> <InPorts = 3> <OutPorts = 1>
ST_2 : Operation 18 [1/1] (0.00ns)   --->   "%tmp_147 = bitselect i1 @_ssdm_op_BitSelect.i1.i10.i32, i10 %m_16, i32 9" [swiglu.cpp:39]   --->   Operation 18 'bitselect' 'tmp_147' <Predicate = (!icmp_ln33)> <Delay = 0.00>
ST_2 : Operation 19 [1/1] (0.00ns) (grouped into LUT with out node m_18)   --->   "%m_17 = shl i10 %m_16, i10 1" [swiglu.cpp:39]   --->   Operation 19 'shl' 'm_17' <Predicate = (!icmp_ln33)> <Delay = 0.00>
ST_2 : Operation 20 [1/1] (0.78ns)   --->   "%e_17 = add i6 %e_16, i6 63" [swiglu.cpp:39]   --->   Operation 20 'add' 'e_17' <Predicate = (!icmp_ln33)> <Delay = 0.78> <CoreInst = "Adder">   --->   Core 1 'Adder' <Latency = 0> <II = 1> <Delay = 0.78> <FuncUnit> <Opcode : 'add' 'sub'> <InPorts = 2> <OutPorts = 1>
ST_2 : Operation 21 [1/1] (0.40ns) (out node of the LUT)   --->   "%m_18 = select i1 %tmp_147, i10 %m_16, i10 %m_17" [swiglu.cpp:39]   --->   Operation 21 'select' 'm_18' <Predicate = (!icmp_ln33)> <Delay = 0.40> <CoreInst = "Sel">   --->   Core 73 'Sel' <Latency = 0> <II = 1> <Delay = 0.40> <FuncUnit> <Opcode : 'select'> <InPorts = 3> <OutPorts = 1>
ST_2 : Operation 22 [1/1] (0.38ns)   --->   "%e_18 = select i1 %tmp_147, i6 %e_16, i6 %e_17" [swiglu.cpp:39]   --->   Operation 22 'select' 'e_18' <Predicate = (!icmp_ln33)> <Delay = 0.38> <CoreInst = "Sel">   --->   Core 73 'Sel' <Latency = 0> <II = 1> <Delay = 0.38> <FuncUnit> <Opcode : 'select'> <InPorts = 3> <OutPorts = 1>
ST_2 : Operation 23 [1/1] (0.00ns)   --->   "%tmp_148 = bitselect i1 @_ssdm_op_BitSelect.i1.i10.i32, i10 %m_18, i32 9" [swiglu.cpp:39]   --->   Operation 23 'bitselect' 'tmp_148' <Predicate = (!icmp_ln33)> <Delay = 0.00>
ST_2 : Operation 24 [1/1] (0.00ns) (grouped into LUT with out node m_20)   --->   "%m_19 = shl i10 %m_18, i10 1" [swiglu.cpp:39]   --->   Operation 24 'shl' 'm_19' <Predicate = (!icmp_ln33)> <Delay = 0.00>
ST_2 : Operation 25 [1/1] (0.78ns)   --->   "%e_19 = add i6 %e_18, i6 63" [swiglu.cpp:39]   --->   Operation 25 'add' 'e_19' <Predicate = (!icmp_ln33)> <Delay = 0.78> <CoreInst = "Adder">   --->   Core 1 'Adder' <Latency = 0> <II = 1> <Delay = 0.78> <FuncUnit> <Opcode : 'add' 'sub'> <InPorts = 2> <OutPorts = 1>
ST_2 : Operation 26 [1/1] (0.40ns) (out node of the LUT)   --->   "%m_20 = select i1 %tmp_148, i10 %m_18, i10 %m_19" [swiglu.cpp:39]   --->   Operation 26 'select' 'm_20' <Predicate = (!icmp_ln33)> <Delay = 0.40> <CoreInst = "Sel">   --->   Core 73 'Sel' <Latency = 0> <II = 1> <Delay = 0.40> <FuncUnit> <Opcode : 'select'> <InPorts = 3> <OutPorts = 1>
ST_2 : Operation 27 [1/1] (0.38ns)   --->   "%e_20 = select i1 %tmp_148, i6 %e_18, i6 %e_19" [swiglu.cpp:39]   --->   Operation 27 'select' 'e_20' <Predicate = (!icmp_ln33)> <Delay = 0.38> <CoreInst = "Sel">   --->   Core 73 'Sel' <Latency = 0> <II = 1> <Delay = 0.38> <FuncUnit> <Opcode : 'select'> <InPorts = 3> <OutPorts = 1>
ST_2 : Operation 28 [1/1] (0.00ns)   --->   "%tmp_149 = bitselect i1 @_ssdm_op_BitSelect.i1.i10.i32, i10 %m_20, i32 9" [swiglu.cpp:39]   --->   Operation 28 'bitselect' 'tmp_149' <Predicate = (!icmp_ln33)> <Delay = 0.00>

State 3 <SV = 2> <Delay = 2.33>
ST_3 : Operation 29 [1/1] (0.00ns) (grouped into LUT with out node m_22)   --->   "%m_21 = shl i10 %m_20, i10 1" [swiglu.cpp:39]   --->   Operation 29 'shl' 'm_21' <Predicate = (!tmp_149 & !icmp_ln33)> <Delay = 0.00>
ST_3 : Operation 30 [1/1] (0.78ns)   --->   "%e_21 = add i6 %e_20, i6 63" [swiglu.cpp:39]   --->   Operation 30 'add' 'e_21' <Predicate = (!tmp_149 & !icmp_ln33)> <Delay = 0.78> <CoreInst = "Adder">   --->   Core 1 'Adder' <Latency = 0> <II = 1> <Delay = 0.78> <FuncUnit> <Opcode : 'add' 'sub'> <InPorts = 2> <OutPorts = 1>
ST_3 : Operation 31 [1/1] (0.40ns) (out node of the LUT)   --->   "%m_22 = select i1 %tmp_149, i10 %m_20, i10 %m_21" [swiglu.cpp:39]   --->   Operation 31 'select' 'm_22' <Predicate = (!icmp_ln33)> <Delay = 0.40> <CoreInst = "Sel">   --->   Core 73 'Sel' <Latency = 0> <II = 1> <Delay = 0.40> <FuncUnit> <Opcode : 'select'> <InPorts = 3> <OutPorts = 1>
ST_3 : Operation 32 [1/1] (0.38ns)   --->   "%e_22 = select i1 %tmp_149, i6 %e_20, i6 %e_21" [swiglu.cpp:39]   --->   Operation 32 'select' 'e_22' <Predicate = (!icmp_ln33)> <Delay = 0.38> <CoreInst = "Sel">   --->   Core 73 'Sel' <Latency = 0> <II = 1> <Delay = 0.38> <FuncUnit> <Opcode : 'select'> <InPorts = 3> <OutPorts = 1>
ST_3 : Operation 33 [1/1] (0.00ns)   --->   "%tmp_150 = bitselect i1 @_ssdm_op_BitSelect.i1.i10.i32, i10 %m_22, i32 9" [swiglu.cpp:39]   --->   Operation 33 'bitselect' 'tmp_150' <Predicate = (!icmp_ln33)> <Delay = 0.00>
ST_3 : Operation 34 [1/1] (0.78ns)   --->   "%e_23 = add i6 %e_22, i6 63" [swiglu.cpp:39]   --->   Operation 34 'add' 'e_23' <Predicate = (!icmp_ln33)> <Delay = 0.78> <CoreInst = "Adder">   --->   Core 1 'Adder' <Latency = 0> <II = 1> <Delay = 0.78> <FuncUnit> <Opcode : 'add' 'sub'> <InPorts = 2> <OutPorts = 1>
ST_3 : Operation 35 [1/1] (0.38ns)   --->   "%e_24 = select i1 %tmp_150, i6 %e_22, i6 %e_23" [swiglu.cpp:39]   --->   Operation 35 'select' 'e_24' <Predicate = (!icmp_ln33)> <Delay = 0.38> <CoreInst = "Sel">   --->   Core 73 'Sel' <Latency = 0> <II = 1> <Delay = 0.38> <FuncUnit> <Opcode : 'select'> <InPorts = 3> <OutPorts = 1>

State 4 <SV = 3> <Delay = 2.34>
ST_4 : Operation 36 [1/1] (0.00ns) (grouped into LUT with out node m_24)   --->   "%m_23 = shl i10 %m_22, i10 1" [swiglu.cpp:39]   --->   Operation 36 'shl' 'm_23' <Predicate = (!tmp_150 & !icmp_ln33)> <Delay = 0.00>
ST_4 : Operation 37 [1/1] (0.40ns) (out node of the LUT)   --->   "%m_24 = select i1 %tmp_150, i10 %m_22, i10 %m_23" [swiglu.cpp:39]   --->   Operation 37 'select' 'm_24' <Predicate = (!icmp_ln33)> <Delay = 0.40> <CoreInst = "Sel">   --->   Core 73 'Sel' <Latency = 0> <II = 1> <Delay = 0.40> <FuncUnit> <Opcode : 'select'> <InPorts = 3> <OutPorts = 1>
ST_4 : Operation 38 [1/1] (0.00ns)   --->   "%tmp_151 = bitselect i1 @_ssdm_op_BitSelect.i1.i10.i32, i10 %m_24, i32 9" [swiglu.cpp:39]   --->   Operation 38 'bitselect' 'tmp_151' <Predicate = (!icmp_ln33)> <Delay = 0.00>
ST_4 : Operation 39 [1/1] (0.00ns) (grouped into LUT with out node m_26)   --->   "%m_25 = shl i10 %m_24, i10 1" [swiglu.cpp:39]   --->   Operation 39 'shl' 'm_25' <Predicate = (!icmp_ln33)> <Delay = 0.00>
ST_4 : Operation 40 [1/1] (0.78ns)   --->   "%e_25 = add i6 %e_24, i6 63" [swiglu.cpp:39]   --->   Operation 40 'add' 'e_25' <Predicate = (!icmp_ln33)> <Delay = 0.78> <CoreInst = "Adder">   --->   Core 1 'Adder' <Latency = 0> <II = 1> <Delay = 0.78> <FuncUnit> <Opcode : 'add' 'sub'> <InPorts = 2> <OutPorts = 1>
ST_4 : Operation 41 [1/1] (0.40ns) (out node of the LUT)   --->   "%m_26 = select i1 %tmp_151, i10 %m_24, i10 %m_25" [swiglu.cpp:39]   --->   Operation 41 'select' 'm_26' <Predicate = (!icmp_ln33)> <Delay = 0.40> <CoreInst = "Sel">   --->   Core 73 'Sel' <Latency = 0> <II = 1> <Delay = 0.40> <FuncUnit> <Opcode : 'select'> <InPorts = 3> <OutPorts = 1>
ST_4 : Operation 42 [1/1] (0.38ns)   --->   "%e_26 = select i1 %tmp_151, i6 %e_24, i6 %e_25" [swiglu.cpp:39]   --->   Operation 42 'select' 'e_26' <Predicate = (!icmp_ln33)> <Delay = 0.38> <CoreInst = "Sel">   --->   Core 73 'Sel' <Latency = 0> <II = 1> <Delay = 0.38> <FuncUnit> <Opcode : 'select'> <InPorts = 3> <OutPorts = 1>
ST_4 : Operation 43 [1/1] (0.00ns)   --->   "%tmp_152 = bitselect i1 @_ssdm_op_BitSelect.i1.i10.i32, i10 %m_26, i32 9" [swiglu.cpp:39]   --->   Operation 43 'bitselect' 'tmp_152' <Predicate = (!icmp_ln33)> <Delay = 0.00>
ST_4 : Operation 44 [1/1] (0.00ns) (grouped into LUT with out node f32_4)   --->   "%trunc_ln39_2 = trunc i10 %m_26" [swiglu.cpp:39]   --->   Operation 44 'trunc' 'trunc_ln39_2' <Predicate = (!icmp_ln33)> <Delay = 0.00>
ST_4 : Operation 45 [1/1] (0.00ns) (grouped into LUT with out node f32_4)   --->   "%m_27 = bitconcatenate i9 @_ssdm_op_BitConcatenate.i9.i8.i1, i8 %trunc_ln39_2, i1 0" [swiglu.cpp:39]   --->   Operation 45 'bitconcatenate' 'm_27' <Predicate = (!icmp_ln33)> <Delay = 0.00>
ST_4 : Operation 46 [1/1] (0.78ns)   --->   "%e_27 = add i6 %e_26, i6 63" [swiglu.cpp:39]   --->   Operation 46 'add' 'e_27' <Predicate = (!icmp_ln33)> <Delay = 0.78> <CoreInst = "Adder">   --->   Core 1 'Adder' <Latency = 0> <II = 1> <Delay = 0.78> <FuncUnit> <Opcode : 'add' 'sub'> <InPorts = 2> <OutPorts = 1>
ST_4 : Operation 47 [1/1] (0.00ns) (grouped into LUT with out node f32_4)   --->   "%e_28 = select i1 %tmp_152, i6 %e_26, i6 %e_27" [swiglu.cpp:36]   --->   Operation 47 'select' 'e_28' <Predicate = (!icmp_ln33)> <Delay = 0.00> <CoreInst = "Sel">   --->   Core 73 'Sel' <Latency = 0> <II = 1> <Delay = 0.38> <FuncUnit> <Opcode : 'select'> <InPorts = 3> <OutPorts = 1>
ST_4 : Operation 48 [1/1] (0.00ns) (grouped into LUT with out node f32_4)   --->   "%trunc_ln41 = trunc i10 %m_26" [swiglu.cpp:41]   --->   Operation 48 'trunc' 'trunc_ln41' <Predicate = (!icmp_ln33)> <Delay = 0.00>
ST_4 : Operation 49 [1/1] (0.00ns) (grouped into LUT with out node f32_4)   --->   "%select_ln39 = select i1 %tmp_152, i9 %trunc_ln41, i9 %m_27" [swiglu.cpp:39]   --->   Operation 49 'select' 'select_ln39' <Predicate = (!icmp_ln33)> <Delay = 0.00> <CoreInst = "Sel">   --->   Core 73 'Sel' <Latency = 0> <II = 1> <Delay = 0.39> <FuncUnit> <Opcode : 'select'> <InPorts = 3> <OutPorts = 1>
ST_4 : Operation 50 [1/1] (0.00ns) (grouped into LUT with out node f32_4)   --->   "%f32 = bitconcatenate i29 @_ssdm_op_BitConcatenate.i29.i6.i9.i14, i6 %e_28, i9 %select_ln39, i14 0" [swiglu.cpp:41]   --->   Operation 50 'bitconcatenate' 'f32' <Predicate = (!icmp_ln33)> <Delay = 0.00>
ST_4 : Operation 51 [1/1] (0.39ns) (out node of the LUT)   --->   "%f32_4 = select i1 %icmp_ln33, i29 0, i29 %f32" [swiglu.cpp:33]   --->   Operation 51 'select' 'f32_4' <Predicate = true> <Delay = 0.39> <CoreInst = "Sel">   --->   Core 73 'Sel' <Latency = 0> <II = 1> <Delay = 0.35> <FuncUnit> <Opcode : 'select'> <InPorts = 3> <OutPorts = 1>
ST_4 : Operation 52 [1/1] (0.00ns)   --->   "%sext_ln32 = sext i29 %f32_4" [swiglu.cpp:32]   --->   Operation 52 'sext' 'sext_ln32' <Predicate = true> <Delay = 0.00>
ST_4 : Operation 53 [1/1] (0.00ns)   --->   "%zext_ln32 = zext i30 %sext_ln32" [swiglu.cpp:32]   --->   Operation 53 'zext' 'zext_ln32' <Predicate = true> <Delay = 0.00>
ST_4 : Operation 54 [1/1] (0.00ns)   --->   "%bitcast_ln47 = bitcast i32 %zext_ln32" [swiglu.cpp:47]   --->   Operation 54 'bitcast' 'bitcast_ln47' <Predicate = true> <Delay = 0.00>
ST_4 : Operation 55 [1/1] (0.00ns)   --->   "%ret_ln47 = ret i32 %bitcast_ln47" [swiglu.cpp:47]   --->   Operation 55 'ret' 'ret_ln47' <Predicate = true> <Delay = 0.00>


============================================================
+ Verbose Summary: Binding
============================================================
STG Binding: 
---------------- STG Properties BEGIN ----------------
- Is combinational: 0
- Is one-state seq: 0
- Is datapath-only: 0
- Is pipelined: 0
- Is top level: 0
Port [ Return ] is wired: 1; IO mode=ap_ctrl_hs:ce=0
Port [ h]:  wired=1; compound=0; hidden=0; nouse=0; global=0; static=0; extern=0; dir=0; type=0; pingpong=0; private_global=0; IO mode=ap_none:ce=0
---------------- STG Properties END ------------------

---------------- Datapath Model BEGIN ----------------

<LifeTime>
<method=bitvector/>
h_read       (read          ) [ 00000]
icmp_ln33    (icmp          ) [ 00111]
tmp          (bitselect     ) [ 00000]
st           (bitconcatenate) [ 00000]
trunc_ln39   (trunc         ) [ 00000]
sf           (bitconcatenate) [ 00000]
m            (select        ) [ 00100]
e            (select        ) [ 00000]
tmp_146      (bitselect     ) [ 00100]
e_15         (select        ) [ 00000]
e_16         (select        ) [ 00100]
m_15         (shl           ) [ 00000]
m_16         (select        ) [ 00000]
tmp_147      (bitselect     ) [ 00000]
m_17         (shl           ) [ 00000]
e_17         (add           ) [ 00000]
m_18         (select        ) [ 00000]
e_18         (select        ) [ 00000]
tmp_148      (bitselect     ) [ 00000]
m_19         (shl           ) [ 00000]
e_19         (add           ) [ 00000]
m_20         (select        ) [ 00010]
e_20         (select        ) [ 00010]
tmp_149      (bitselect     ) [ 00010]
m_21         (shl           ) [ 00000]
e_21         (add           ) [ 00000]
m_22         (select        ) [ 00001]
e_22         (select        ) [ 00000]
tmp_150      (bitselect     ) [ 00001]
e_23         (add           ) [ 00000]
e_24         (select        ) [ 00001]
m_23         (shl           ) [ 00000]
m_24         (select        ) [ 00000]
tmp_151      (bitselect     ) [ 00000]
m_25         (shl           ) [ 00000]
e_25         (add           ) [ 00000]
m_26         (select        ) [ 00000]
e_26         (select        ) [ 00000]
tmp_152      (bitselect     ) [ 00000]
trunc_ln39_2 (trunc         ) [ 00000]
m_27         (bitconcatenate) [ 00000]
e_27         (add           ) [ 00000]
e_28         (select        ) [ 00000]
trunc_ln41   (trunc         ) [ 00000]
select_ln39  (select        ) [ 00000]
f32          (bitconcatenate) [ 00000]
f32_4        (select        ) [ 00000]
sext_ln32    (sext          ) [ 00000]
zext_ln32    (zext          ) [ 00000]
bitcast_ln47 (bitcast       ) [ 00000]
ret_ln47     (ret           ) [ 00000]
</LifeTime>

<model>

<comp_list>
<comp id="0" class="1000" name="h">
<pin_list>
<pin id="1" dir="1" index="0" bw="1" slack="0"/>
</pin_list>
<bind>
<StgValue><ssdm name="h"/></StgValue>
</bind>
</comp>

<comp id="2" class="1001" name="const_2">
<pin_list>
<pin id="3" dir="1" index="0" bw="1" slack="0"/>
</pin_list>
<bind>
<StgValue><ssdm name="_ssdm_op_Read.ap_auto.i8"/></StgValue>
</bind>
</comp>

<comp id="4" class="1001" name="const_4">
<pin_list>
<pin id="5" dir="1" index="0" bw="1" slack="0"/>
</pin_list>
<bind>
<StgValue><ssdm name=""/></StgValue>
</bind>
</comp>

<comp id="6" class="1001" name="const_6">
<pin_list>
<pin id="7" dir="1" index="0" bw="1" slack="0"/>
</pin_list>
<bind>
<StgValue><ssdm name="_ssdm_op_BitSelect.i1.i8.i32"/></StgValue>
</bind>
</comp>

<comp id="8" class="1001" name="const_8">
<pin_list>
<pin id="9" dir="1" index="0" bw="1" slack="0"/>
</pin_list>
<bind>
<StgValue><ssdm name=""/></StgValue>
</bind>
</comp>

<comp id="10" class="1001" name="const_10">
<pin_list>
<pin id="11" dir="1" index="0" bw="1" slack="0"/>
</pin_list>
<bind>
<StgValue><ssdm name="_ssdm_op_BitConcatenate.i10.i8.i2"/></StgValue>
</bind>
</comp>

<comp id="12" class="1001" name="const_12">
<pin_list>
<pin id="13" dir="1" index="0" bw="1" slack="0"/>
</pin_list>
<bind>
<StgValue><ssdm name=""/></StgValue>
</bind>
</comp>

<comp id="14" class="1001" name="const_14">
<pin_list>
<pin id="15" dir="1" index="0" bw="1" slack="0"/>
</pin_list>
<bind>
<StgValue><ssdm name="_ssdm_op_BitConcatenate.i10.i7.i3"/></StgValue>
</bind>
</comp>

<comp id="16" class="1001" name="const_16">
<pin_list>
<pin id="17" dir="1" index="0" bw="1" slack="0"/>
</pin_list>
<bind>
<StgValue><ssdm name=""/></StgValue>
</bind>
</comp>

<comp id="18" class="1001" name="const_18">
<pin_list>
<pin id="19" dir="1" index="0" bw="1" slack="0"/>
</pin_list>
<bind>
<StgValue><ssdm name=""/></StgValue>
</bind>
</comp>

<comp id="20" class="1001" name="const_20">
<pin_list>
<pin id="21" dir="1" index="0" bw="1" slack="0"/>
</pin_list>
<bind>
<StgValue><ssdm name=""/></StgValue>
</bind>
</comp>

<comp id="22" class="1001" name="const_22">
<pin_list>
<pin id="23" dir="1" index="0" bw="1" slack="0"/>
</pin_list>
<bind>
<StgValue><ssdm name="_ssdm_op_BitSelect.i1.i10.i32"/></StgValue>
</bind>
</comp>

<comp id="24" class="1001" name="const_24">
<pin_list>
<pin id="25" dir="1" index="0" bw="1" slack="0"/>
</pin_list>
<bind>
<StgValue><ssdm name=""/></StgValue>
</bind>
</comp>

<comp id="26" class="1001" name="const_26">
<pin_list>
<pin id="27" dir="1" index="0" bw="1" slack="0"/>
</pin_list>
<bind>
<StgValue><ssdm name=""/></StgValue>
</bind>
</comp>

<comp id="28" class="1001" name="const_28">
<pin_list>
<pin id="29" dir="1" index="0" bw="1" slack="0"/>
</pin_list>
<bind>
<StgValue><ssdm name=""/></StgValue>
</bind>
</comp>

<comp id="30" class="1001" name="const_30">
<pin_list>
<pin id="31" dir="1" index="0" bw="1" slack="0"/>
</pin_list>
<bind>
<StgValue><ssdm name=""/></StgValue>
</bind>
</comp>

<comp id="32" class="1001" name="const_32">
<pin_list>
<pin id="33" dir="1" index="0" bw="1" slack="0"/>
</pin_list>
<bind>
<StgValue><ssdm name="_ssdm_op_BitConcatenate.i9.i8.i1"/></StgValue>
</bind>
</comp>

<comp id="34" class="1001" name="const_34">
<pin_list>
<pin id="35" dir="1" index="0" bw="1" slack="0"/>
</pin_list>
<bind>
<StgValue><ssdm name=""/></StgValue>
</bind>
</comp>

<comp id="36" class="1001" name="const_36">
<pin_list>
<pin id="37" dir="1" index="0" bw="1" slack="0"/>
</pin_list>
<bind>
<StgValue><ssdm name="_ssdm_op_BitConcatenate.i29.i6.i9.i14"/></StgValue>
</bind>
</comp>

<comp id="38" class="1001" name="const_38">
<pin_list>
<pin id="39" dir="1" index="0" bw="1" slack="0"/>
</pin_list>
<bind>
<StgValue><ssdm name=""/></StgValue>
</bind>
</comp>

<comp id="40" class="1001" name="const_40">
<pin_list>
<pin id="41" dir="1" index="0" bw="1" slack="0"/>
</pin_list>
<bind>
<StgValue><ssdm name=""/></StgValue>
</bind>
</comp>

<comp id="42" class="1004" name="h_read_read_fu_42">
<pin_list>
<pin id="43" dir="0" index="0" bw="8" slack="0"/>
<pin id="44" dir="0" index="1" bw="8" slack="0"/>
<pin id="45" dir="1" index="2" bw="8" slack="0"/>
</pin_list>
<bind>
<opcode="read(1150) " fcode="read"/>
<opset="h_read/1 "/>
</bind>
</comp>

<comp id="48" class="1004" name="icmp_ln33_fu_48">
<pin_list>
<pin id="49" dir="0" index="0" bw="8" slack="0"/>
<pin id="50" dir="0" index="1" bw="8" slack="0"/>
<pin id="51" dir="1" index="2" bw="1" slack="1"/>
</pin_list>
<bind>
<opcode="icmp(45) " fcode="icmp"/>
<opset="icmp_ln33/1 "/>
</bind>
</comp>

<comp id="54" class="1004" name="tmp_fu_54">
<pin_list>
<pin id="55" dir="0" index="0" bw="1" slack="0"/>
<pin id="56" dir="0" index="1" bw="8" slack="0"/>
<pin id="57" dir="0" index="2" bw="4" slack="0"/>
<pin id="58" dir="1" index="3" bw="1" slack="0"/>
</pin_list>
<bind>
<opcode="bitselect(1000) " fcode="bitselect"/>
<opset="tmp/1 "/>
</bind>
</comp>

<comp id="62" class="1004" name="st_fu_62">
<pin_list>
<pin id="63" dir="0" index="0" bw="10" slack="0"/>
<pin id="64" dir="0" index="1" bw="8" slack="0"/>
<pin id="65" dir="0" index="2" bw="1" slack="0"/>
<pin id="66" dir="1" index="3" bw="10" slack="0"/>
</pin_list>
<bind>
<opcode="bitconcatenate(1004) " fcode="bitconcatenate"/>
<opset="st/1 "/>
</bind>
</comp>

<comp id="70" class="1004" name="trunc_ln39_fu_70">
<pin_list>
<pin id="71" dir="0" index="0" bw="8" slack="0"/>
<pin id="72" dir="1" index="1" bw="7" slack="0"/>
</pin_list>
<bind>
<opcode="trunc(33) " fcode="trunc"/>
<opset="trunc_ln39/1 "/>
</bind>
</comp>

<comp id="74" class="1004" name="sf_fu_74">
<pin_list>
<pin id="75" dir="0" index="0" bw="10" slack="0"/>
<pin id="76" dir="0" index="1" bw="7" slack="0"/>
<pin id="77" dir="0" index="2" bw="1" slack="0"/>
<pin id="78" dir="1" index="3" bw="10" slack="0"/>
</pin_list>
<bind>
<opcode="bitconcatenate(1004) " fcode="bitconcatenate"/>
<opset="sf/1 "/>
</bind>
</comp>

<comp id="82" class="1004" name="m_fu_82">
<pin_list>
<pin id="83" dir="0" index="0" bw="1" slack="0"/>
<pin id="84" dir="0" index="1" bw="10" slack="0"/>
<pin id="85" dir="0" index="2" bw="10" slack="0"/>
<pin id="86" dir="1" index="3" bw="10" slack="0"/>
</pin_list>
<bind>
<opcode="select(49) " fcode="select"/>
<opset="m/1 "/>
</bind>
</comp>

<comp id="90" class="1004" name="e_fu_90">
<pin_list>
<pin id="91" dir="0" index="0" bw="1" slack="0"/>
<pin id="92" dir="0" index="1" bw="6" slack="0"/>
<pin id="93" dir="0" index="2" bw="6" slack="0"/>
<pin id="94" dir="1" index="3" bw="6" slack="0"/>
</pin_list>
<bind>
<opcode="select(49) " fcode="select"/>
<opset="e/1 "/>
</bind>
</comp>

<comp id="98" class="1004" name="tmp_146_fu_98">
<pin_list>
<pin id="99" dir="0" index="0" bw="1" slack="0"/>
<pin id="100" dir="0" index="1" bw="10" slack="0"/>
<pin id="101" dir="0" index="2" bw="5" slack="0"/>
<pin id="102" dir="1" index="3" bw="1" slack="0"/>
</pin_list>
<bind>
<opcode="bitselect(1000) " fcode="bitselect"/>
<opset="tmp_146/1 "/>
</bind>
</comp>

<comp id="106" class="1004" name="e_15_fu_106">
<pin_list>
<pin id="107" dir="0" index="0" bw="1" slack="0"/>
<pin id="108" dir="0" index="1" bw="6" slack="0"/>
<pin id="109" dir="0" index="2" bw="6" slack="0"/>
<pin id="110" dir="1" index="3" bw="6" slack="0"/>
</pin_list>
<bind>
<opcode="select(49) " fcode="select"/>
<opset="e_15/1 "/>
</bind>
</comp>

<comp id="114" class="1004" name="e_16_fu_114">
<pin_list>
<pin id="115" dir="0" index="0" bw="1" slack="0"/>
<pin id="116" dir="0" index="1" bw="6" slack="0"/>
<pin id="117" dir="0" index="2" bw="6" slack="0"/>
<pin id="118" dir="1" index="3" bw="6" slack="1"/>
</pin_list>
<bind>
<opcode="select(49) " fcode="select"/>
<opset="e_16/1 "/>
</bind>
</comp>

<comp id="122" class="1004" name="m_15_fu_122">
<pin_list>
<pin id="123" dir="0" index="0" bw="10" slack="1"/>
<pin id="124" dir="0" index="1" bw="1" slack="0"/>
<pin id="125" dir="1" index="2" bw="10" slack="0"/>
</pin_list>
<bind>
<opcode="shl(20) " fcode="shl"/>
<opset="m_15/2 "/>
</bind>
</comp>

<comp id="127" class="1004" name="m_16_fu_127">
<pin_list>
<pin id="128" dir="0" index="0" bw="1" slack="1"/>
<pin id="129" dir="0" index="1" bw="10" slack="1"/>
<pin id="130" dir="0" index="2" bw="10" slack="0"/>
<pin id="131" dir="1" index="3" bw="10" slack="0"/>
</pin_list>
<bind>
<opcode="select(49) " fcode="select"/>
<opset="m_16/2 "/>
</bind>
</comp>

<comp id="133" class="1004" name="tmp_147_fu_133">
<pin_list>
<pin id="134" dir="0" index="0" bw="1" slack="0"/>
<pin id="135" dir="0" index="1" bw="10" slack="0"/>
<pin id="136" dir="0" index="2" bw="5" slack="0"/>
<pin id="137" dir="1" index="3" bw="1" slack="0"/>
</pin_list>
<bind>
<opcode="bitselect(1000) " fcode="bitselect"/>
<opset="tmp_147/2 "/>
</bind>
</comp>

<comp id="141" class="1004" name="m_17_fu_141">
<pin_list>
<pin id="142" dir="0" index="0" bw="10" slack="0"/>
<pin id="143" dir="0" index="1" bw="1" slack="0"/>
<pin id="144" dir="1" index="2" bw="10" slack="0"/>
</pin_list>
<bind>
<opcode="shl(20) " fcode="shl"/>
<opset="m_17/2 "/>
</bind>
</comp>

<comp id="147" class="1004" name="e_17_fu_147">
<pin_list>
<pin id="148" dir="0" index="0" bw="6" slack="1"/>
<pin id="149" dir="0" index="1" bw="1" slack="0"/>
<pin id="150" dir="1" index="2" bw="6" slack="0"/>
</pin_list>
<bind>
<opcode="add(8) " fcode="add"/>
<opset="e_17/2 "/>
</bind>
</comp>

<comp id="152" class="1004" name="m_18_fu_152">
<pin_list>
<pin id="153" dir="0" index="0" bw="1" slack="0"/>
<pin id="154" dir="0" index="1" bw="10" slack="0"/>
<pin id="155" dir="0" index="2" bw="10" slack="0"/>
<pin id="156" dir="1" index="3" bw="10" slack="0"/>
</pin_list>
<bind>
<opcode="select(49) " fcode="select"/>
<opset="m_18/2 "/>
</bind>
</comp>

<comp id="160" class="1004" name="e_18_fu_160">
<pin_list>
<pin id="161" dir="0" index="0" bw="1" slack="0"/>
<pin id="162" dir="0" index="1" bw="6" slack="1"/>
<pin id="163" dir="0" index="2" bw="6" slack="0"/>
<pin id="164" dir="1" index="3" bw="6" slack="0"/>
</pin_list>
<bind>
<opcode="select(49) " fcode="select"/>
<opset="e_18/2 "/>
</bind>
</comp>

<comp id="167" class="1004" name="tmp_148_fu_167">
<pin_list>
<pin id="168" dir="0" index="0" bw="1" slack="0"/>
<pin id="169" dir="0" index="1" bw="10" slack="0"/>
<pin id="170" dir="0" index="2" bw="5" slack="0"/>
<pin id="171" dir="1" index="3" bw="1" slack="0"/>
</pin_list>
<bind>
<opcode="bitselect(1000) " fcode="bitselect"/>
<opset="tmp_148/2 "/>
</bind>
</comp>

<comp id="175" class="1004" name="m_19_fu_175">
<pin_list>
<pin id="176" dir="0" index="0" bw="10" slack="0"/>
<pin id="177" dir="0" index="1" bw="1" slack="0"/>
<pin id="178" dir="1" index="2" bw="10" slack="0"/>
</pin_list>
<bind>
<opcode="shl(20) " fcode="shl"/>
<opset="m_19/2 "/>
</bind>
</comp>

<comp id="181" class="1004" name="e_19_fu_181">
<pin_list>
<pin id="182" dir="0" index="0" bw="6" slack="0"/>
<pin id="183" dir="0" index="1" bw="1" slack="0"/>
<pin id="184" dir="1" index="2" bw="6" slack="0"/>
</pin_list>
<bind>
<opcode="add(8) " fcode="add"/>
<opset="e_19/2 "/>
</bind>
</comp>

<comp id="187" class="1004" name="m_20_fu_187">
<pin_list>
<pin id="188" dir="0" index="0" bw="1" slack="0"/>
<pin id="189" dir="0" index="1" bw="10" slack="0"/>
<pin id="190" dir="0" index="2" bw="10" slack="0"/>
<pin id="191" dir="1" index="3" bw="10" slack="0"/>
</pin_list>
<bind>
<opcode="select(49) " fcode="select"/>
<opset="m_20/2 "/>
</bind>
</comp>

<comp id="195" class="1004" name="e_20_fu_195">
<pin_list>
<pin id="196" dir="0" index="0" bw="1" slack="0"/>
<pin id="197" dir="0" index="1" bw="6" slack="0"/>
<pin id="198" dir="0" index="2" bw="6" slack="0"/>
<pin id="199" dir="1" index="3" bw="6" slack="1"/>
</pin_list>
<bind>
<opcode="select(49) " fcode="select"/>
<opset="e_20/2 "/>
</bind>
</comp>

<comp id="203" class="1004" name="tmp_149_fu_203">
<pin_list>
<pin id="204" dir="0" index="0" bw="1" slack="0"/>
<pin id="205" dir="0" index="1" bw="10" slack="0"/>
<pin id="206" dir="0" index="2" bw="5" slack="0"/>
<pin id="207" dir="1" index="3" bw="1" slack="1"/>
</pin_list>
<bind>
<opcode="bitselect(1000) " fcode="bitselect"/>
<opset="tmp_149/2 "/>
</bind>
</comp>

<comp id="211" class="1004" name="m_21_fu_211">
<pin_list>
<pin id="212" dir="0" index="0" bw="10" slack="1"/>
<pin id="213" dir="0" index="1" bw="1" slack="0"/>
<pin id="214" dir="1" index="2" bw="10" slack="0"/>
</pin_list>
<bind>
<opcode="shl(20) " fcode="shl"/>
<opset="m_21/3 "/>
</bind>
</comp>

<comp id="216" class="1004" name="e_21_fu_216">
<pin_list>
<pin id="217" dir="0" index="0" bw="6" slack="1"/>
<pin id="218" dir="0" index="1" bw="1" slack="0"/>
<pin id="219" dir="1" index="2" bw="6" slack="0"/>
</pin_list>
<bind>
<opcode="add(8) " fcode="add"/>
<opset="e_21/3 "/>
</bind>
</comp>

<comp id="221" class="1004" name="m_22_fu_221">
<pin_list>
<pin id="222" dir="0" index="0" bw="1" slack="1"/>
<pin id="223" dir="0" index="1" bw="10" slack="1"/>
<pin id="224" dir="0" index="2" bw="10" slack="0"/>
<pin id="225" dir="1" index="3" bw="10" slack="0"/>
</pin_list>
<bind>
<opcode="select(49) " fcode="select"/>
<opset="m_22/3 "/>
</bind>
</comp>

<comp id="227" class="1004" name="e_22_fu_227">
<pin_list>
<pin id="228" dir="0" index="0" bw="1" slack="1"/>
<pin id="229" dir="0" index="1" bw="6" slack="1"/>
<pin id="230" dir="0" index="2" bw="6" slack="0"/>
<pin id="231" dir="1" index="3" bw="6" slack="0"/>
</pin_list>
<bind>
<opcode="select(49) " fcode="select"/>
<opset="e_22/3 "/>
</bind>
</comp>

<comp id="233" class="1004" name="tmp_150_fu_233">
<pin_list>
<pin id="234" dir="0" index="0" bw="1" slack="0"/>
<pin id="235" dir="0" index="1" bw="10" slack="0"/>
<pin id="236" dir="0" index="2" bw="5" slack="0"/>
<pin id="237" dir="1" index="3" bw="1" slack="0"/>
</pin_list>
<bind>
<opcode="bitselect(1000) " fcode="bitselect"/>
<opset="tmp_150/3 "/>
</bind>
</comp>

<comp id="241" class="1004" name="e_23_fu_241">
<pin_list>
<pin id="242" dir="0" index="0" bw="6" slack="0"/>
<pin id="243" dir="0" index="1" bw="1" slack="0"/>
<pin id="244" dir="1" index="2" bw="6" slack="0"/>
</pin_list>
<bind>
<opcode="add(8) " fcode="add"/>
<opset="e_23/3 "/>
</bind>
</comp>

<comp id="247" class="1004" name="e_24_fu_247">
<pin_list>
<pin id="248" dir="0" index="0" bw="1" slack="0"/>
<pin id="249" dir="0" index="1" bw="6" slack="0"/>
<pin id="250" dir="0" index="2" bw="6" slack="0"/>
<pin id="251" dir="1" index="3" bw="6" slack="1"/>
</pin_list>
<bind>
<opcode="select(49) " fcode="select"/>
<opset="e_24/3 "/>
</bind>
</comp>

<comp id="255" class="1004" name="m_23_fu_255">
<pin_list>
<pin id="256" dir="0" index="0" bw="10" slack="1"/>
<pin id="257" dir="0" index="1" bw="1" slack="0"/>
<pin id="258" dir="1" index="2" bw="10" slack="0"/>
</pin_list>
<bind>
<opcode="shl(20) " fcode="shl"/>
<opset="m_23/4 "/>
</bind>
</comp>

<comp id="260" class="1004" name="m_24_fu_260">
<pin_list>
<pin id="261" dir="0" index="0" bw="1" slack="1"/>
<pin id="262" dir="0" index="1" bw="10" slack="1"/>
<pin id="263" dir="0" index="2" bw="10" slack="0"/>
<pin id="264" dir="1" index="3" bw="10" slack="0"/>
</pin_list>
<bind>
<opcode="select(49) " fcode="select"/>
<opset="m_24/4 "/>
</bind>
</comp>

<comp id="266" class="1004" name="tmp_151_fu_266">
<pin_list>
<pin id="267" dir="0" index="0" bw="1" slack="0"/>
<pin id="268" dir="0" index="1" bw="10" slack="0"/>
<pin id="269" dir="0" index="2" bw="5" slack="0"/>
<pin id="270" dir="1" index="3" bw="1" slack="0"/>
</pin_list>
<bind>
<opcode="bitselect(1000) " fcode="bitselect"/>
<opset="tmp_151/4 "/>
</bind>
</comp>

<comp id="274" class="1004" name="m_25_fu_274">
<pin_list>
<pin id="275" dir="0" index="0" bw="10" slack="0"/>
<pin id="276" dir="0" index="1" bw="1" slack="0"/>
<pin id="277" dir="1" index="2" bw="10" slack="0"/>
</pin_list>
<bind>
<opcode="shl(20) " fcode="shl"/>
<opset="m_25/4 "/>
</bind>
</comp>

<comp id="280" class="1004" name="e_25_fu_280">
<pin_list>
<pin id="281" dir="0" index="0" bw="6" slack="1"/>
<pin id="282" dir="0" index="1" bw="1" slack="0"/>
<pin id="283" dir="1" index="2" bw="6" slack="0"/>
</pin_list>
<bind>
<opcode="add(8) " fcode="add"/>
<opset="e_25/4 "/>
</bind>
</comp>

<comp id="285" class="1004" name="m_26_fu_285">
<pin_list>
<pin id="286" dir="0" index="0" bw="1" slack="0"/>
<pin id="287" dir="0" index="1" bw="10" slack="0"/>
<pin id="288" dir="0" index="2" bw="10" slack="0"/>
<pin id="289" dir="1" index="3" bw="10" slack="0"/>
</pin_list>
<bind>
<opcode="select(49) " fcode="select"/>
<opset="m_26/4 "/>
</bind>
</comp>

<comp id="293" class="1004" name="e_26_fu_293">
<pin_list>
<pin id="294" dir="0" index="0" bw="1" slack="0"/>
<pin id="295" dir="0" index="1" bw="6" slack="1"/>
<pin id="296" dir="0" index="2" bw="6" slack="0"/>
<pin id="297" dir="1" index="3" bw="6" slack="0"/>
</pin_list>
<bind>
<opcode="select(49) " fcode="select"/>
<opset="e_26/4 "/>
</bind>
</comp>

<comp id="300" class="1004" name="tmp_152_fu_300">
<pin_list>
<pin id="301" dir="0" index="0" bw="1" slack="0"/>
<pin id="302" dir="0" index="1" bw="10" slack="0"/>
<pin id="303" dir="0" index="2" bw="5" slack="0"/>
<pin id="304" dir="1" index="3" bw="1" slack="0"/>
</pin_list>
<bind>
<opcode="bitselect(1000) " fcode="bitselect"/>
<opset="tmp_152/4 "/>
</bind>
</comp>

<comp id="308" class="1004" name="trunc_ln39_2_fu_308">
<pin_list>
<pin id="309" dir="0" index="0" bw="10" slack="0"/>
<pin id="310" dir="1" index="1" bw="8" slack="0"/>
</pin_list>
<bind>
<opcode="trunc(33) " fcode="trunc"/>
<opset="trunc_ln39_2/4 "/>
</bind>
</comp>

<comp id="312" class="1004" name="m_27_fu_312">
<pin_list>
<pin id="313" dir="0" index="0" bw="9" slack="0"/>
<pin id="314" dir="0" index="1" bw="8" slack="0"/>
<pin id="315" dir="0" index="2" bw="1" slack="0"/>
<pin id="316" dir="1" index="3" bw="9" slack="0"/>
</pin_list>
<bind>
<opcode="bitconcatenate(1004) " fcode="bitconcatenate"/>
<opset="m_27/4 "/>
</bind>
</comp>

<comp id="320" class="1004" name="e_27_fu_320">
<pin_list>
<pin id="321" dir="0" index="0" bw="6" slack="0"/>
<pin id="322" dir="0" index="1" bw="1" slack="0"/>
<pin id="323" dir="1" index="2" bw="6" slack="0"/>
</pin_list>
<bind>
<opcode="add(8) " fcode="add"/>
<opset="e_27/4 "/>
</bind>
</comp>

<comp id="326" class="1004" name="e_28_fu_326">
<pin_list>
<pin id="327" dir="0" index="0" bw="1" slack="0"/>
<pin id="328" dir="0" index="1" bw="6" slack="0"/>
<pin id="329" dir="0" index="2" bw="6" slack="0"/>
<pin id="330" dir="1" index="3" bw="6" slack="0"/>
</pin_list>
<bind>
<opcode="select(49) " fcode="select"/>
<opset="e_28/4 "/>
</bind>
</comp>

<comp id="334" class="1004" name="trunc_ln41_fu_334">
<pin_list>
<pin id="335" dir="0" index="0" bw="10" slack="0"/>
<pin id="336" dir="1" index="1" bw="9" slack="0"/>
</pin_list>
<bind>
<opcode="trunc(33) " fcode="trunc"/>
<opset="trunc_ln41/4 "/>
</bind>
</comp>

<comp id="338" class="1004" name="select_ln39_fu_338">
<pin_list>
<pin id="339" dir="0" index="0" bw="1" slack="0"/>
<pin id="340" dir="0" index="1" bw="9" slack="0"/>
<pin id="341" dir="0" index="2" bw="9" slack="0"/>
<pin id="342" dir="1" index="3" bw="9" slack="0"/>
</pin_list>
<bind>
<opcode="select(49) " fcode="select"/>
<opset="select_ln39/4 "/>
</bind>
</comp>

<comp id="346" class="1004" name="f32_fu_346">
<pin_list>
<pin id="347" dir="0" index="0" bw="29" slack="0"/>
<pin id="348" dir="0" index="1" bw="6" slack="0"/>
<pin id="349" dir="0" index="2" bw="9" slack="0"/>
<pin id="350" dir="0" index="3" bw="1" slack="0"/>
<pin id="351" dir="1" index="4" bw="29" slack="0"/>
</pin_list>
<bind>
<opcode="bitconcatenate(1004) " fcode="bitconcatenate"/>
<opset="f32/4 "/>
</bind>
</comp>

<comp id="356" class="1004" name="f32_4_fu_356">
<pin_list>
<pin id="357" dir="0" index="0" bw="1" slack="3"/>
<pin id="358" dir="0" index="1" bw="29" slack="0"/>
<pin id="359" dir="0" index="2" bw="29" slack="0"/>
<pin id="360" dir="1" index="3" bw="29" slack="0"/>
</pin_list>
<bind>
<opcode="select(49) " fcode="select"/>
<opset="f32_4/4 "/>
</bind>
</comp>

<comp id="363" class="1004" name="sext_ln32_fu_363">
<pin_list>
<pin id="364" dir="0" index="0" bw="29" slack="0"/>
<pin id="365" dir="1" index="1" bw="30" slack="0"/>
</pin_list>
<bind>
<opcode="sext(35) " fcode="sext"/>
<opset="sext_ln32/4 "/>
</bind>
</comp>

<comp id="367" class="1004" name="zext_ln32_fu_367">
<pin_list>
<pin id="368" dir="0" index="0" bw="29" slack="0"/>
<pin id="369" dir="1" index="1" bw="32" slack="0"/>
</pin_list>
<bind>
<opcode="zext(34) " fcode="zext"/>
<opset="zext_ln32/4 "/>
</bind>
</comp>

<comp id="371" class="1004" name="bitcast_ln47_fu_371">
<pin_list>
<pin id="372" dir="0" index="0" bw="30" slack="0"/>
<pin id="373" dir="1" index="1" bw="32" slack="2147483647"/>
</pin_list>
<bind>
<opcode="bitcast(44) " fcode="bitcast"/>
<opset="bitcast_ln47/4 "/>
</bind>
</comp>

<comp id="375" class="1005" name="icmp_ln33_reg_375">
<pin_list>
<pin id="376" dir="0" index="0" bw="1" slack="1"/>
<pin id="377" dir="1" index="1" bw="1" slack="3"/>
</pin_list>
<bind>
<opset="icmp_ln33 "/>
</bind>
</comp>

<comp id="380" class="1005" name="m_reg_380">
<pin_list>
<pin id="381" dir="0" index="0" bw="10" slack="1"/>
<pin id="382" dir="1" index="1" bw="10" slack="1"/>
</pin_list>
<bind>
<opset="m "/>
</bind>
</comp>

<comp id="386" class="1005" name="tmp_146_reg_386">
<pin_list>
<pin id="387" dir="0" index="0" bw="1" slack="1"/>
<pin id="388" dir="1" index="1" bw="1" slack="1"/>
</pin_list>
<bind>
<opset="tmp_146 "/>
</bind>
</comp>

<comp id="391" class="1005" name="e_16_reg_391">
<pin_list>
<pin id="392" dir="0" index="0" bw="6" slack="1"/>
<pin id="393" dir="1" index="1" bw="6" slack="1"/>
</pin_list>
<bind>
<opset="e_16 "/>
</bind>
</comp>

<comp id="397" class="1005" name="m_20_reg_397">
<pin_list>
<pin id="398" dir="0" index="0" bw="10" slack="1"/>
<pin id="399" dir="1" index="1" bw="10" slack="1"/>
</pin_list>
<bind>
<opset="m_20 "/>
</bind>
</comp>

<comp id="403" class="1005" name="e_20_reg_403">
<pin_list>
<pin id="404" dir="0" index="0" bw="6" slack="1"/>
<pin id="405" dir="1" index="1" bw="6" slack="1"/>
</pin_list>
<bind>
<opset="e_20 "/>
</bind>
</comp>

<comp id="409" class="1005" name="tmp_149_reg_409">
<pin_list>
<pin id="410" dir="0" index="0" bw="1" slack="1"/>
<pin id="411" dir="1" index="1" bw="1" slack="1"/>
</pin_list>
<bind>
<opset="tmp_149 "/>
</bind>
</comp>

<comp id="415" class="1005" name="m_22_reg_415">
<pin_list>
<pin id="416" dir="0" index="0" bw="10" slack="1"/>
<pin id="417" dir="1" index="1" bw="10" slack="1"/>
</pin_list>
<bind>
<opset="m_22 "/>
</bind>
</comp>

<comp id="421" class="1005" name="tmp_150_reg_421">
<pin_list>
<pin id="422" dir="0" index="0" bw="1" slack="1"/>
<pin id="423" dir="1" index="1" bw="1" slack="1"/>
</pin_list>
<bind>
<opset="tmp_150 "/>
</bind>
</comp>

<comp id="426" class="1005" name="e_24_reg_426">
<pin_list>
<pin id="427" dir="0" index="0" bw="6" slack="1"/>
<pin id="428" dir="1" index="1" bw="6" slack="1"/>
</pin_list>
<bind>
<opset="e_24 "/>
</bind>
</comp>

</comp_list>

<net_list>
<net id="46"><net_src comp="2" pin="0"/><net_sink comp="42" pin=0"/></net>

<net id="47"><net_src comp="0" pin="0"/><net_sink comp="42" pin=1"/></net>

<net id="52"><net_src comp="42" pin="2"/><net_sink comp="48" pin=0"/></net>

<net id="53"><net_src comp="4" pin="0"/><net_sink comp="48" pin=1"/></net>

<net id="59"><net_src comp="6" pin="0"/><net_sink comp="54" pin=0"/></net>

<net id="60"><net_src comp="42" pin="2"/><net_sink comp="54" pin=1"/></net>

<net id="61"><net_src comp="8" pin="0"/><net_sink comp="54" pin=2"/></net>

<net id="67"><net_src comp="10" pin="0"/><net_sink comp="62" pin=0"/></net>

<net id="68"><net_src comp="42" pin="2"/><net_sink comp="62" pin=1"/></net>

<net id="69"><net_src comp="12" pin="0"/><net_sink comp="62" pin=2"/></net>

<net id="73"><net_src comp="42" pin="2"/><net_sink comp="70" pin=0"/></net>

<net id="79"><net_src comp="14" pin="0"/><net_sink comp="74" pin=0"/></net>

<net id="80"><net_src comp="70" pin="1"/><net_sink comp="74" pin=1"/></net>

<net id="81"><net_src comp="16" pin="0"/><net_sink comp="74" pin=2"/></net>

<net id="87"><net_src comp="54" pin="3"/><net_sink comp="82" pin=0"/></net>

<net id="88"><net_src comp="62" pin="3"/><net_sink comp="82" pin=1"/></net>

<net id="89"><net_src comp="74" pin="3"/><net_sink comp="82" pin=2"/></net>

<net id="95"><net_src comp="54" pin="3"/><net_sink comp="90" pin=0"/></net>

<net id="96"><net_src comp="18" pin="0"/><net_sink comp="90" pin=1"/></net>

<net id="97"><net_src comp="20" pin="0"/><net_sink comp="90" pin=2"/></net>

<net id="103"><net_src comp="22" pin="0"/><net_sink comp="98" pin=0"/></net>

<net id="104"><net_src comp="82" pin="3"/><net_sink comp="98" pin=1"/></net>

<net id="105"><net_src comp="24" pin="0"/><net_sink comp="98" pin=2"/></net>

<net id="111"><net_src comp="54" pin="3"/><net_sink comp="106" pin=0"/></net>

<net id="112"><net_src comp="20" pin="0"/><net_sink comp="106" pin=1"/></net>

<net id="113"><net_src comp="26" pin="0"/><net_sink comp="106" pin=2"/></net>

<net id="119"><net_src comp="98" pin="3"/><net_sink comp="114" pin=0"/></net>

<net id="120"><net_src comp="90" pin="3"/><net_sink comp="114" pin=1"/></net>

<net id="121"><net_src comp="106" pin="3"/><net_sink comp="114" pin=2"/></net>

<net id="126"><net_src comp="28" pin="0"/><net_sink comp="122" pin=1"/></net>

<net id="132"><net_src comp="122" pin="2"/><net_sink comp="127" pin=2"/></net>

<net id="138"><net_src comp="22" pin="0"/><net_sink comp="133" pin=0"/></net>

<net id="139"><net_src comp="127" pin="3"/><net_sink comp="133" pin=1"/></net>

<net id="140"><net_src comp="24" pin="0"/><net_sink comp="133" pin=2"/></net>

<net id="145"><net_src comp="127" pin="3"/><net_sink comp="141" pin=0"/></net>

<net id="146"><net_src comp="28" pin="0"/><net_sink comp="141" pin=1"/></net>

<net id="151"><net_src comp="30" pin="0"/><net_sink comp="147" pin=1"/></net>

<net id="157"><net_src comp="133" pin="3"/><net_sink comp="152" pin=0"/></net>

<net id="158"><net_src comp="127" pin="3"/><net_sink comp="152" pin=1"/></net>

<net id="159"><net_src comp="141" pin="2"/><net_sink comp="152" pin=2"/></net>

<net id="165"><net_src comp="133" pin="3"/><net_sink comp="160" pin=0"/></net>

<net id="166"><net_src comp="147" pin="2"/><net_sink comp="160" pin=2"/></net>

<net id="172"><net_src comp="22" pin="0"/><net_sink comp="167" pin=0"/></net>

<net id="173"><net_src comp="152" pin="3"/><net_sink comp="167" pin=1"/></net>

<net id="174"><net_src comp="24" pin="0"/><net_sink comp="167" pin=2"/></net>

<net id="179"><net_src comp="152" pin="3"/><net_sink comp="175" pin=0"/></net>

<net id="180"><net_src comp="28" pin="0"/><net_sink comp="175" pin=1"/></net>

<net id="185"><net_src comp="160" pin="3"/><net_sink comp="181" pin=0"/></net>

<net id="186"><net_src comp="30" pin="0"/><net_sink comp="181" pin=1"/></net>

<net id="192"><net_src comp="167" pin="3"/><net_sink comp="187" pin=0"/></net>

<net id="193"><net_src comp="152" pin="3"/><net_sink comp="187" pin=1"/></net>

<net id="194"><net_src comp="175" pin="2"/><net_sink comp="187" pin=2"/></net>

<net id="200"><net_src comp="167" pin="3"/><net_sink comp="195" pin=0"/></net>

<net id="201"><net_src comp="160" pin="3"/><net_sink comp="195" pin=1"/></net>

<net id="202"><net_src comp="181" pin="2"/><net_sink comp="195" pin=2"/></net>

<net id="208"><net_src comp="22" pin="0"/><net_sink comp="203" pin=0"/></net>

<net id="209"><net_src comp="187" pin="3"/><net_sink comp="203" pin=1"/></net>

<net id="210"><net_src comp="24" pin="0"/><net_sink comp="203" pin=2"/></net>

<net id="215"><net_src comp="28" pin="0"/><net_sink comp="211" pin=1"/></net>

<net id="220"><net_src comp="30" pin="0"/><net_sink comp="216" pin=1"/></net>

<net id="226"><net_src comp="211" pin="2"/><net_sink comp="221" pin=2"/></net>

<net id="232"><net_src comp="216" pin="2"/><net_sink comp="227" pin=2"/></net>

<net id="238"><net_src comp="22" pin="0"/><net_sink comp="233" pin=0"/></net>

<net id="239"><net_src comp="221" pin="3"/><net_sink comp="233" pin=1"/></net>

<net id="240"><net_src comp="24" pin="0"/><net_sink comp="233" pin=2"/></net>

<net id="245"><net_src comp="227" pin="3"/><net_sink comp="241" pin=0"/></net>

<net id="246"><net_src comp="30" pin="0"/><net_sink comp="241" pin=1"/></net>

<net id="252"><net_src comp="233" pin="3"/><net_sink comp="247" pin=0"/></net>

<net id="253"><net_src comp="227" pin="3"/><net_sink comp="247" pin=1"/></net>

<net id="254"><net_src comp="241" pin="2"/><net_sink comp="247" pin=2"/></net>

<net id="259"><net_src comp="28" pin="0"/><net_sink comp="255" pin=1"/></net>

<net id="265"><net_src comp="255" pin="2"/><net_sink comp="260" pin=2"/></net>

<net id="271"><net_src comp="22" pin="0"/><net_sink comp="266" pin=0"/></net>

<net id="272"><net_src comp="260" pin="3"/><net_sink comp="266" pin=1"/></net>

<net id="273"><net_src comp="24" pin="0"/><net_sink comp="266" pin=2"/></net>

<net id="278"><net_src comp="260" pin="3"/><net_sink comp="274" pin=0"/></net>

<net id="279"><net_src comp="28" pin="0"/><net_sink comp="274" pin=1"/></net>

<net id="284"><net_src comp="30" pin="0"/><net_sink comp="280" pin=1"/></net>

<net id="290"><net_src comp="266" pin="3"/><net_sink comp="285" pin=0"/></net>

<net id="291"><net_src comp="260" pin="3"/><net_sink comp="285" pin=1"/></net>

<net id="292"><net_src comp="274" pin="2"/><net_sink comp="285" pin=2"/></net>

<net id="298"><net_src comp="266" pin="3"/><net_sink comp="293" pin=0"/></net>

<net id="299"><net_src comp="280" pin="2"/><net_sink comp="293" pin=2"/></net>

<net id="305"><net_src comp="22" pin="0"/><net_sink comp="300" pin=0"/></net>

<net id="306"><net_src comp="285" pin="3"/><net_sink comp="300" pin=1"/></net>

<net id="307"><net_src comp="24" pin="0"/><net_sink comp="300" pin=2"/></net>

<net id="311"><net_src comp="285" pin="3"/><net_sink comp="308" pin=0"/></net>

<net id="317"><net_src comp="32" pin="0"/><net_sink comp="312" pin=0"/></net>

<net id="318"><net_src comp="308" pin="1"/><net_sink comp="312" pin=1"/></net>

<net id="319"><net_src comp="34" pin="0"/><net_sink comp="312" pin=2"/></net>

<net id="324"><net_src comp="293" pin="3"/><net_sink comp="320" pin=0"/></net>

<net id="325"><net_src comp="30" pin="0"/><net_sink comp="320" pin=1"/></net>

<net id="331"><net_src comp="300" pin="3"/><net_sink comp="326" pin=0"/></net>

<net id="332"><net_src comp="293" pin="3"/><net_sink comp="326" pin=1"/></net>

<net id="333"><net_src comp="320" pin="2"/><net_sink comp="326" pin=2"/></net>

<net id="337"><net_src comp="285" pin="3"/><net_sink comp="334" pin=0"/></net>

<net id="343"><net_src comp="300" pin="3"/><net_sink comp="338" pin=0"/></net>

<net id="344"><net_src comp="334" pin="1"/><net_sink comp="338" pin=1"/></net>

<net id="345"><net_src comp="312" pin="3"/><net_sink comp="338" pin=2"/></net>

<net id="352"><net_src comp="36" pin="0"/><net_sink comp="346" pin=0"/></net>

<net id="353"><net_src comp="326" pin="3"/><net_sink comp="346" pin=1"/></net>

<net id="354"><net_src comp="338" pin="3"/><net_sink comp="346" pin=2"/></net>

<net id="355"><net_src comp="38" pin="0"/><net_sink comp="346" pin=3"/></net>

<net id="361"><net_src comp="40" pin="0"/><net_sink comp="356" pin=1"/></net>

<net id="362"><net_src comp="346" pin="4"/><net_sink comp="356" pin=2"/></net>

<net id="366"><net_src comp="356" pin="3"/><net_sink comp="363" pin=0"/></net>

<net id="370"><net_src comp="363" pin="1"/><net_sink comp="367" pin=0"/></net>

<net id="374"><net_src comp="367" pin="1"/><net_sink comp="371" pin=0"/></net>

<net id="378"><net_src comp="48" pin="2"/><net_sink comp="375" pin=0"/></net>

<net id="379"><net_src comp="375" pin="1"/><net_sink comp="356" pin=0"/></net>

<net id="383"><net_src comp="82" pin="3"/><net_sink comp="380" pin=0"/></net>

<net id="384"><net_src comp="380" pin="1"/><net_sink comp="122" pin=0"/></net>

<net id="385"><net_src comp="380" pin="1"/><net_sink comp="127" pin=1"/></net>

<net id="389"><net_src comp="98" pin="3"/><net_sink comp="386" pin=0"/></net>

<net id="390"><net_src comp="386" pin="1"/><net_sink comp="127" pin=0"/></net>

<net id="394"><net_src comp="114" pin="3"/><net_sink comp="391" pin=0"/></net>

<net id="395"><net_src comp="391" pin="1"/><net_sink comp="147" pin=0"/></net>

<net id="396"><net_src comp="391" pin="1"/><net_sink comp="160" pin=1"/></net>

<net id="400"><net_src comp="187" pin="3"/><net_sink comp="397" pin=0"/></net>

<net id="401"><net_src comp="397" pin="1"/><net_sink comp="211" pin=0"/></net>

<net id="402"><net_src comp="397" pin="1"/><net_sink comp="221" pin=1"/></net>

<net id="406"><net_src comp="195" pin="3"/><net_sink comp="403" pin=0"/></net>

<net id="407"><net_src comp="403" pin="1"/><net_sink comp="216" pin=0"/></net>

<net id="408"><net_src comp="403" pin="1"/><net_sink comp="227" pin=1"/></net>

<net id="412"><net_src comp="203" pin="3"/><net_sink comp="409" pin=0"/></net>

<net id="413"><net_src comp="409" pin="1"/><net_sink comp="221" pin=0"/></net>

<net id="414"><net_src comp="409" pin="1"/><net_sink comp="227" pin=0"/></net>

<net id="418"><net_src comp="221" pin="3"/><net_sink comp="415" pin=0"/></net>

<net id="419"><net_src comp="415" pin="1"/><net_sink comp="255" pin=0"/></net>

<net id="420"><net_src comp="415" pin="1"/><net_sink comp="260" pin=1"/></net>

<net id="424"><net_src comp="233" pin="3"/><net_sink comp="421" pin=0"/></net>

<net id="425"><net_src comp="421" pin="1"/><net_sink comp="260" pin=0"/></net>

<net id="429"><net_src comp="247" pin="3"/><net_sink comp="426" pin=0"/></net>

<net id="430"><net_src comp="426" pin="1"/><net_sink comp="280" pin=0"/></net>

<net id="431"><net_src comp="426" pin="1"/><net_sink comp="293" pin=1"/></net>

</net_list>

</model> 
---------------- Datapath Model END ------------------

* FSMD analyzer results:
  - Output states:
 - Input state : 
	Port: fp16_to_fp32 : h | {1 }
  - Chain level:
	State 1
		sf : 1
		m : 2
		e : 1
		tmp_146 : 3
		e_15 : 1
		e_16 : 4
	State 2
		tmp_147 : 1
		m_17 : 1
		m_18 : 1
		e_18 : 2
		tmp_148 : 2
		m_19 : 2
		e_19 : 3
		m_20 : 2
		e_20 : 3
		tmp_149 : 3
	State 3
		e_22 : 1
		tmp_150 : 1
		e_23 : 2
		e_24 : 3
	State 4
		tmp_151 : 1
		m_25 : 1
		m_26 : 1
		e_26 : 2
		tmp_152 : 2
		trunc_ln39_2 : 2
		m_27 : 3
		e_27 : 3
		e_28 : 3
		trunc_ln41 : 2
		select_ln39 : 4
		f32 : 5
		f32_4 : 6
		sext_ln32 : 7
		zext_ln32 : 8
		bitcast_ln47 : 9
		ret_ln47 : 10


============================================================
+ Verbose Summary: Datapath Resource usage 
============================================================

* Functional unit list:
|----------|---------------------|---------|---------|
| Operation|   Functional Unit   |    FF   |   LUT   |
|----------|---------------------|---------|---------|
|          |       m_fu_82       |    0    |    10   |
|          |       e_fu_90       |    0    |    6    |
|          |     e_15_fu_106     |    0    |    6    |
|          |     e_16_fu_114     |    0    |    6    |
|          |     m_16_fu_127     |    0    |    10   |
|          |     m_18_fu_152     |    0    |    10   |
|          |     e_18_fu_160     |    0    |    6    |
|          |     m_20_fu_187     |    0    |    10   |
|  select  |     e_20_fu_195     |    0    |    6    |
|          |     m_22_fu_221     |    0    |    10   |
|          |     e_22_fu_227     |    0    |    6    |
|          |     e_24_fu_247     |    0    |    6    |
|          |     m_24_fu_260     |    0    |    10   |
|          |     m_26_fu_285     |    0    |    10   |
|          |     e_26_fu_293     |    0    |    6    |
|          |     e_28_fu_326     |    0    |    6    |
|          |  select_ln39_fu_338 |    0    |    9    |
|          |     f32_4_fu_356    |    0    |    29   |
|----------|---------------------|---------|---------|
|          |     e_17_fu_147     |    0    |    13   |
|          |     e_19_fu_181     |    0    |    13   |
|    add   |     e_21_fu_216     |    0    |    13   |
|          |     e_23_fu_241     |    0    |    13   |
|          |     e_25_fu_280     |    0    |    13   |
|          |     e_27_fu_320     |    0    |    13   |
|----------|---------------------|---------|---------|
|   icmp   |   icmp_ln33_fu_48   |    0    |    15   |
|----------|---------------------|---------|---------|
|   read   |  h_read_read_fu_42  |    0    |    0    |
|----------|---------------------|---------|---------|
|          |      tmp_fu_54      |    0    |    0    |
|          |    tmp_146_fu_98    |    0    |    0    |
|          |    tmp_147_fu_133   |    0    |    0    |
| bitselect|    tmp_148_fu_167   |    0    |    0    |
|          |    tmp_149_fu_203   |    0    |    0    |
|          |    tmp_150_fu_233   |    0    |    0    |
|          |    tmp_151_fu_266   |    0    |    0    |
|          |    tmp_152_fu_300   |    0    |    0    |
|----------|---------------------|---------|---------|
|          |       st_fu_62      |    0    |    0    |
|bitconcatenate|       sf_fu_74      |    0    |    0    |
|          |     m_27_fu_312     |    0    |    0    |
|          |      f32_fu_346     |    0    |    0    |
|----------|---------------------|---------|---------|
|          |   trunc_ln39_fu_70  |    0    |    0    |
|   trunc  | trunc_ln39_2_fu_308 |    0    |    0    |
|          |  trunc_ln41_fu_334  |    0    |    0    |
|----------|---------------------|---------|---------|
|          |     m_15_fu_122     |    0    |    0    |
|          |     m_17_fu_141     |    0    |    0    |
|    shl   |     m_19_fu_175     |    0    |    0    |
|          |     m_21_fu_211     |    0    |    0    |
|          |     m_23_fu_255     |    0    |    0    |
|          |     m_25_fu_274     |    0    |    0    |
|----------|---------------------|---------|---------|
|   sext   |   sext_ln32_fu_363  |    0    |    0    |
|----------|---------------------|---------|---------|
|   zext   |   zext_ln32_fu_367  |    0    |    0    |
|----------|---------------------|---------|---------|
|   Total  |                     |    0    |   255   |
|----------|---------------------|---------|---------|

Memories:
N/A

* Register list:
+-----------------+--------+
|                 |   FF   |
+-----------------+--------+
|   e_16_reg_391  |    6   |
|   e_20_reg_403  |    6   |
|   e_24_reg_426  |    6   |
|icmp_ln33_reg_375|    1   |
|   m_20_reg_397  |   10   |
|   m_22_reg_415  |   10   |
|    m_reg_380    |   10   |
| tmp_146_reg_386 |    1   |
| tmp_149_reg_409 |    1   |
| tmp_150_reg_421 |    1   |
+-----------------+--------+
|      Total      |   52   |
+-----------------+--------+

* Multiplexer (MUX) list: 
|--------|------|------|------|--------|
|  Comp  |  Pin | Size |  BW  | S x BW |
|--------|------|------|------|--------|
|  Total |      |      |      |    0   |
|--------|------|------|------|--------|



* Summary:
+-----------+--------+--------+
|           |   FF   |   LUT  |
+-----------+--------+--------+
|  Function |    0   |   255  |
|   Memory  |    -   |    -   |
|Multiplexer|    -   |    -   |
|  Register |   52   |    -   |
+-----------+--------+--------+
|   Total   |   52   |   255  |
+-----------+--------+--------+
