

================================================================
== Vitis HLS Report for 'load_row_down_q6k_Pipeline_LOAD_SC'
================================================================
* Date:           Sun Apr  5 16:06:32 2026

* Version:        2025.1 (Build 6135595 on May 21 2025)
* Project:        swiglu
* Solution:       hls (Vivado IP Flow Target)
* Product family: zynquplus
* Target device:  xck26-sfvc784-2LV-c


================================================================
== Performance Estimates
================================================================
+ Timing: 
    * Summary: 
    +--------+---------+----------+------------+
    |  Clock |  Target | Estimated| Uncertainty|
    +--------+---------+----------+------------+
    |ap_clk  |  3.33 ns|  2.433 ns|     0.90 ns|
    +--------+---------+----------+------------+

+ Latency: 
    * Summary: 
    +---------+---------+----------+----------+-----+-----+------------------------------------------------+
    |  Latency (cycles) |  Latency (absolute) |  Interval |                    Pipeline                    |
    |   min   |   max   |    min   |    max   | min | max |                      Type                      |
    +---------+---------+----------+----------+-----+-----+------------------------------------------------+
    |       34|       34|  0.113 us|  0.113 us|   33|   33|  loop auto-rewind stp (delay=0 clock cycles(s))|
    +---------+---------+----------+----------+-----+-----+------------------------------------------------+

    + Detail: 
        * Instance: 
        N/A

        * Loop: 
        +-----------+---------+---------+----------+-----------+-----------+------+----------+
        |           |  Latency (cycles) | Iteration|  Initiation Interval  | Trip |          |
        | Loop Name |   min   |   max   |  Latency |  achieved |   target  | Count| Pipelined|
        +-----------+---------+---------+----------+-----------+-----------+------+----------+
        |- LOAD_SC  |       32|       32|         2|          1|          1|    32|       yes|
        +-----------+---------+---------+----------+-----------+-----------+------+----------+

============================================================
+ Verbose Summary: Synthesis Manager
============================================================
InlineROM: 1
ExposeGlobal: 0
============================================================
+ Verbose Summary: CDFG Model
============================================================
IsTopModel: 0
ResetActiveHigh: 1
IsCombinational: 0
IsDatapathOnly: 0
HasWiredReturn: 1
HasMFsm: 2
HasVarLatency: 1
IsPipeline: 0
IsRtlPipelined: 0
IsInstanceOverlapped: 0
IsDontTouch: 0
HasImplIP: 0
IsGatedGlobalClock: 0

+ Individual pipeline summary: 
  * Pipeline-0: initiation interval (II) = 1, depth = 2


============================================================
+ Verbose Summary: Schedule
============================================================
* Number of FSM states : 2
* Pipeline : 1
  Pipeline-0 : II = 1, D = 2, States = { 1 2 }
* Dataflow Pipeline: 0

* FSM state transitions: 
1 --> 2 
2 --> 

* FSM state operations: 

State 1 <SV = 0> <Delay = 1.63>
ST_1 : Operation 5 [1/1] (0.00ns)   --->   "%w = alloca i32 1" [swiglu.cpp:504]   --->   Operation 5 'alloca' 'w' <Predicate = true> <Delay = 0.00>
ST_1 : Operation 6 [1/1] (0.00ns)   --->   "%sext_ln504_read = read i60 @_ssdm_op_Read.ap_auto.i60, i60 %sext_ln504"   --->   Operation 6 'read' 'sext_ln504_read' <Predicate = true> <Delay = 0.00>
ST_1 : Operation 7 [1/1] (0.00ns)   --->   "%sext_ln504_cast = sext i60 %sext_ln504_read"   --->   Operation 7 'sext' 'sext_ln504_cast' <Predicate = true> <Delay = 0.00>
ST_1 : Operation 8 [1/1] (0.00ns)   --->   "%specstablecontent_ln0 = specstablecontent void @_ssdm_op_SpecStableContent, i128 %gmem_Wd, i1 1, void @p_str"   --->   Operation 8 'specstablecontent' 'specstablecontent_ln0' <Predicate = true> <Delay = 0.00>
ST_1 : Operation 9 [1/1] (0.00ns)   --->   "%specinterface_ln0 = specinterface void @_ssdm_op_SpecInterface, i128 %gmem_Wd, void @empty_38, i32 0, i32 0, void @empty_39, i32 64, i32 860160, void @empty_5, void @empty_40, void @empty_39, i32 2, i32 16, i32 256, i32 16, void @empty_39, void @empty_39, i32 4294967295, i32 0, i32 0"   --->   Operation 9 'specinterface' 'specinterface_ln0' <Predicate = true> <Delay = 0.00>
ST_1 : Operation 10 [1/1] (0.42ns)   --->   "%store_ln504 = store i6 0, i6 %w" [swiglu.cpp:504]   --->   Operation 10 'store' 'store_ln504' <Predicate = true> <Delay = 0.42>
ST_1 : Operation 11 [1/1] (0.00ns)   --->   "%br_ln0 = br void %for.inc32"   --->   Operation 11 'br' 'br_ln0' <Predicate = true> <Delay = 0.00>
ST_1 : Operation 12 [1/1] (0.00ns)   --->   "%w_1 = load i6 %w" [swiglu.cpp:504]   --->   Operation 12 'load' 'w_1' <Predicate = true> <Delay = 0.00>
ST_1 : Operation 13 [1/1] (0.78ns)   --->   "%icmp_ln504 = icmp_eq  i6 %w_1, i6 32" [swiglu.cpp:504]   --->   Operation 13 'icmp' 'icmp_ln504' <Predicate = true> <Delay = 0.78> <CoreInst = "Cmp">   --->   Core 9 'Cmp' <Latency = 0> <II = 1> <Delay = 0.78> <FuncUnit> <Opcode : 'seteq' 'setne' 'setle' 'setge' 'setlt' 'setgt'> <InPorts = 2> <OutPorts = 1>
ST_1 : Operation 14 [1/1] (0.78ns)   --->   "%add_ln504 = add i6 %w_1, i6 1" [swiglu.cpp:504]   --->   Operation 14 'add' 'add_ln504' <Predicate = true> <Delay = 0.78> <CoreInst = "Adder">   --->   Core 1 'Adder' <Latency = 0> <II = 1> <Delay = 0.78> <FuncUnit> <Opcode : 'add' 'sub'> <InPorts = 2> <OutPorts = 1>
ST_1 : Operation 15 [1/1] (0.00ns)   --->   "%br_ln504 = br i1 %icmp_ln504, void %for.inc32.split, void %LOAD_D.exitStub" [swiglu.cpp:504]   --->   Operation 15 'br' 'br_ln504' <Predicate = true> <Delay = 0.00>
ST_1 : Operation 16 [1/1] (0.00ns)   --->   "%trunc_ln504 = trunc i6 %w_1" [swiglu.cpp:504]   --->   Operation 16 'trunc' 'trunc_ln504' <Predicate = (!icmp_ln504)> <Delay = 0.00>
ST_1 : Operation 17 [1/1] (0.78ns)   --->   "%switch_ln506 = switch i5 %trunc_ln504, void %arrayidx313.case.31, i5 0, void %arrayidx313.case.0, i5 1, void %arrayidx313.case.1, i5 2, void %arrayidx313.case.2, i5 3, void %arrayidx313.case.3, i5 4, void %arrayidx313.case.4, i5 5, void %arrayidx313.case.5, i5 6, void %arrayidx313.case.6, i5 7, void %arrayidx313.case.7, i5 8, void %arrayidx313.case.8, i5 9, void %arrayidx313.case.9, i5 10, void %arrayidx313.case.10, i5 11, void %arrayidx313.case.11, i5 12, void %arrayidx313.case.12, i5 13, void %arrayidx313.case.13, i5 14, void %arrayidx313.case.14, i5 15, void %arrayidx313.case.15, i5 16, void %arrayidx313.case.16, i5 17, void %arrayidx313.case.17, i5 18, void %arrayidx313.case.18, i5 19, void %arrayidx313.case.19, i5 20, void %arrayidx313.case.20, i5 21, void %arrayidx313.case.21, i5 22, void %arrayidx313.case.22, i5 23, void %arrayidx313.case.23, i5 24, void %arrayidx313.case.24, i5 25, void %arrayidx313.case.25, i5 26, void %arrayidx313.case.26, i5 27, void %arrayidx313.case.27, i5 28, void %arrayidx313.case.28, i5 29, void %arrayidx313.case.29, i5 30, void %arrayidx313.case.30" [swiglu.cpp:506]   --->   Operation 17 'switch' 'switch_ln506' <Predicate = (!icmp_ln504)> <Delay = 0.78>
ST_1 : Operation 18 [1/1] (0.42ns)   --->   "%store_ln504 = store i6 %add_ln504, i6 %w" [swiglu.cpp:504]   --->   Operation 18 'store' 'store_ln504' <Predicate = (!icmp_ln504)> <Delay = 0.42>
ST_1 : Operation 19 [1/1] (0.00ns)   --->   "%br_ln504 = br void %for.inc32" [swiglu.cpp:504]   --->   Operation 19 'br' 'br_ln504' <Predicate = (!icmp_ln504)> <Delay = 0.00>
ST_1 : Operation 89 [1/1] (0.42ns)   --->   "%ret_ln0 = ret"   --->   Operation 89 'ret' 'ret_ln0' <Predicate = (icmp_ln504)> <Delay = 0.42>

State 2 <SV = 1> <Delay = 2.43>
ST_2 : Operation 20 [1/1] (0.00ns)   --->   "%gmem_Wd_addr = getelementptr i128 %gmem_Wd, i64 %sext_ln504_cast" [swiglu.cpp:504]   --->   Operation 20 'getelementptr' 'gmem_Wd_addr' <Predicate = true> <Delay = 0.00>
ST_2 : Operation 21 [1/1] (0.00ns)   --->   "%specpipeline_ln505 = specpipeline void @_ssdm_op_SpecPipeline, i32 1, i32 0, i32 0, i32 0, void @empty_39" [swiglu.cpp:505]   --->   Operation 21 'specpipeline' 'specpipeline_ln505' <Predicate = true> <Delay = 0.00>
ST_2 : Operation 22 [1/1] (0.00ns)   --->   "%speclooptripcount_ln504 = speclooptripcount void @_ssdm_op_SpecLoopTripCount, i64 32, i64 32, i64 32" [swiglu.cpp:504]   --->   Operation 22 'speclooptripcount' 'speclooptripcount_ln504' <Predicate = true> <Delay = 0.00>
ST_2 : Operation 23 [1/1] (0.00ns)   --->   "%specloopname_ln504 = specloopname void @_ssdm_op_SpecLoopName, void @empty_35" [swiglu.cpp:504]   --->   Operation 23 'specloopname' 'specloopname_ln504' <Predicate = true> <Delay = 0.00>
ST_2 : Operation 24 [1/1] (2.43ns)   --->   "%gmem_Wd_addr_read = read i128 @_ssdm_op_Read.m_axi.p1i128, i128 %gmem_Wd_addr" [swiglu.cpp:506]   --->   Operation 24 'read' 'gmem_Wd_addr_read' <Predicate = true> <Delay = 2.43> <CoreInst = "m_axi">   --->   Core 119 'm_axi' <Latency = 3> <II = 1> <Delay = 1.00> <Adapter> <Opcode : 'read' 'write' 'readreq' 'writereq' 'writeresp'>
ST_2 : Operation 25 [1/1] (0.00ns)   --->   "%write_ln506 = write void @_ssdm_op_Write.ap_auto.i128P0A, i128 %sc_buf_30, i128 %gmem_Wd_addr_read" [swiglu.cpp:506]   --->   Operation 25 'write' 'write_ln506' <Predicate = (trunc_ln504 == 30)> <Delay = 0.00>
ST_2 : Operation 26 [1/1] (0.00ns)   --->   "%br_ln506 = br void %arrayidx313.exit" [swiglu.cpp:506]   --->   Operation 26 'br' 'br_ln506' <Predicate = (trunc_ln504 == 30)> <Delay = 0.00>
ST_2 : Operation 27 [1/1] (0.00ns)   --->   "%write_ln506 = write void @_ssdm_op_Write.ap_auto.i128P0A, i128 %sc_buf_29, i128 %gmem_Wd_addr_read" [swiglu.cpp:506]   --->   Operation 27 'write' 'write_ln506' <Predicate = (trunc_ln504 == 29)> <Delay = 0.00>
ST_2 : Operation 28 [1/1] (0.00ns)   --->   "%br_ln506 = br void %arrayidx313.exit" [swiglu.cpp:506]   --->   Operation 28 'br' 'br_ln506' <Predicate = (trunc_ln504 == 29)> <Delay = 0.00>
ST_2 : Operation 29 [1/1] (0.00ns)   --->   "%write_ln506 = write void @_ssdm_op_Write.ap_auto.i128P0A, i128 %sc_buf_28, i128 %gmem_Wd_addr_read" [swiglu.cpp:506]   --->   Operation 29 'write' 'write_ln506' <Predicate = (trunc_ln504 == 28)> <Delay = 0.00>
ST_2 : Operation 30 [1/1] (0.00ns)   --->   "%br_ln506 = br void %arrayidx313.exit" [swiglu.cpp:506]   --->   Operation 30 'br' 'br_ln506' <Predicate = (trunc_ln504 == 28)> <Delay = 0.00>
ST_2 : Operation 31 [1/1] (0.00ns)   --->   "%write_ln506 = write void @_ssdm_op_Write.ap_auto.i128P0A, i128 %sc_buf_27, i128 %gmem_Wd_addr_read" [swiglu.cpp:506]   --->   Operation 31 'write' 'write_ln506' <Predicate = (trunc_ln504 == 27)> <Delay = 0.00>
ST_2 : Operation 32 [1/1] (0.00ns)   --->   "%br_ln506 = br void %arrayidx313.exit" [swiglu.cpp:506]   --->   Operation 32 'br' 'br_ln506' <Predicate = (trunc_ln504 == 27)> <Delay = 0.00>
ST_2 : Operation 33 [1/1] (0.00ns)   --->   "%write_ln506 = write void @_ssdm_op_Write.ap_auto.i128P0A, i128 %sc_buf_26, i128 %gmem_Wd_addr_read" [swiglu.cpp:506]   --->   Operation 33 'write' 'write_ln506' <Predicate = (trunc_ln504 == 26)> <Delay = 0.00>
ST_2 : Operation 34 [1/1] (0.00ns)   --->   "%br_ln506 = br void %arrayidx313.exit" [swiglu.cpp:506]   --->   Operation 34 'br' 'br_ln506' <Predicate = (trunc_ln504 == 26)> <Delay = 0.00>
ST_2 : Operation 35 [1/1] (0.00ns)   --->   "%write_ln506 = write void @_ssdm_op_Write.ap_auto.i128P0A, i128 %sc_buf_25, i128 %gmem_Wd_addr_read" [swiglu.cpp:506]   --->   Operation 35 'write' 'write_ln506' <Predicate = (trunc_ln504 == 25)> <Delay = 0.00>
ST_2 : Operation 36 [1/1] (0.00ns)   --->   "%br_ln506 = br void %arrayidx313.exit" [swiglu.cpp:506]   --->   Operation 36 'br' 'br_ln506' <Predicate = (trunc_ln504 == 25)> <Delay = 0.00>
ST_2 : Operation 37 [1/1] (0.00ns)   --->   "%write_ln506 = write void @_ssdm_op_Write.ap_auto.i128P0A, i128 %sc_buf_24, i128 %gmem_Wd_addr_read" [swiglu.cpp:506]   --->   Operation 37 'write' 'write_ln506' <Predicate = (trunc_ln504 == 24)> <Delay = 0.00>
ST_2 : Operation 38 [1/1] (0.00ns)   --->   "%br_ln506 = br void %arrayidx313.exit" [swiglu.cpp:506]   --->   Operation 38 'br' 'br_ln506' <Predicate = (trunc_ln504 == 24)> <Delay = 0.00>
ST_2 : Operation 39 [1/1] (0.00ns)   --->   "%write_ln506 = write void @_ssdm_op_Write.ap_auto.i128P0A, i128 %sc_buf_23, i128 %gmem_Wd_addr_read" [swiglu.cpp:506]   --->   Operation 39 'write' 'write_ln506' <Predicate = (trunc_ln504 == 23)> <Delay = 0.00>
ST_2 : Operation 40 [1/1] (0.00ns)   --->   "%br_ln506 = br void %arrayidx313.exit" [swiglu.cpp:506]   --->   Operation 40 'br' 'br_ln506' <Predicate = (trunc_ln504 == 23)> <Delay = 0.00>
ST_2 : Operation 41 [1/1] (0.00ns)   --->   "%write_ln506 = write void @_ssdm_op_Write.ap_auto.i128P0A, i128 %sc_buf_22, i128 %gmem_Wd_addr_read" [swiglu.cpp:506]   --->   Operation 41 'write' 'write_ln506' <Predicate = (trunc_ln504 == 22)> <Delay = 0.00>
ST_2 : Operation 42 [1/1] (0.00ns)   --->   "%br_ln506 = br void %arrayidx313.exit" [swiglu.cpp:506]   --->   Operation 42 'br' 'br_ln506' <Predicate = (trunc_ln504 == 22)> <Delay = 0.00>
ST_2 : Operation 43 [1/1] (0.00ns)   --->   "%write_ln506 = write void @_ssdm_op_Write.ap_auto.i128P0A, i128 %sc_buf_21, i128 %gmem_Wd_addr_read" [swiglu.cpp:506]   --->   Operation 43 'write' 'write_ln506' <Predicate = (trunc_ln504 == 21)> <Delay = 0.00>
ST_2 : Operation 44 [1/1] (0.00ns)   --->   "%br_ln506 = br void %arrayidx313.exit" [swiglu.cpp:506]   --->   Operation 44 'br' 'br_ln506' <Predicate = (trunc_ln504 == 21)> <Delay = 0.00>
ST_2 : Operation 45 [1/1] (0.00ns)   --->   "%write_ln506 = write void @_ssdm_op_Write.ap_auto.i128P0A, i128 %sc_buf_20, i128 %gmem_Wd_addr_read" [swiglu.cpp:506]   --->   Operation 45 'write' 'write_ln506' <Predicate = (trunc_ln504 == 20)> <Delay = 0.00>
ST_2 : Operation 46 [1/1] (0.00ns)   --->   "%br_ln506 = br void %arrayidx313.exit" [swiglu.cpp:506]   --->   Operation 46 'br' 'br_ln506' <Predicate = (trunc_ln504 == 20)> <Delay = 0.00>
ST_2 : Operation 47 [1/1] (0.00ns)   --->   "%write_ln506 = write void @_ssdm_op_Write.ap_auto.i128P0A, i128 %sc_buf_19, i128 %gmem_Wd_addr_read" [swiglu.cpp:506]   --->   Operation 47 'write' 'write_ln506' <Predicate = (trunc_ln504 == 19)> <Delay = 0.00>
ST_2 : Operation 48 [1/1] (0.00ns)   --->   "%br_ln506 = br void %arrayidx313.exit" [swiglu.cpp:506]   --->   Operation 48 'br' 'br_ln506' <Predicate = (trunc_ln504 == 19)> <Delay = 0.00>
ST_2 : Operation 49 [1/1] (0.00ns)   --->   "%write_ln506 = write void @_ssdm_op_Write.ap_auto.i128P0A, i128 %sc_buf_18, i128 %gmem_Wd_addr_read" [swiglu.cpp:506]   --->   Operation 49 'write' 'write_ln506' <Predicate = (trunc_ln504 == 18)> <Delay = 0.00>
ST_2 : Operation 50 [1/1] (0.00ns)   --->   "%br_ln506 = br void %arrayidx313.exit" [swiglu.cpp:506]   --->   Operation 50 'br' 'br_ln506' <Predicate = (trunc_ln504 == 18)> <Delay = 0.00>
ST_2 : Operation 51 [1/1] (0.00ns)   --->   "%write_ln506 = write void @_ssdm_op_Write.ap_auto.i128P0A, i128 %sc_buf_17, i128 %gmem_Wd_addr_read" [swiglu.cpp:506]   --->   Operation 51 'write' 'write_ln506' <Predicate = (trunc_ln504 == 17)> <Delay = 0.00>
ST_2 : Operation 52 [1/1] (0.00ns)   --->   "%br_ln506 = br void %arrayidx313.exit" [swiglu.cpp:506]   --->   Operation 52 'br' 'br_ln506' <Predicate = (trunc_ln504 == 17)> <Delay = 0.00>
ST_2 : Operation 53 [1/1] (0.00ns)   --->   "%write_ln506 = write void @_ssdm_op_Write.ap_auto.i128P0A, i128 %sc_buf_16, i128 %gmem_Wd_addr_read" [swiglu.cpp:506]   --->   Operation 53 'write' 'write_ln506' <Predicate = (trunc_ln504 == 16)> <Delay = 0.00>
ST_2 : Operation 54 [1/1] (0.00ns)   --->   "%br_ln506 = br void %arrayidx313.exit" [swiglu.cpp:506]   --->   Operation 54 'br' 'br_ln506' <Predicate = (trunc_ln504 == 16)> <Delay = 0.00>
ST_2 : Operation 55 [1/1] (0.00ns)   --->   "%write_ln506 = write void @_ssdm_op_Write.ap_auto.i128P0A, i128 %sc_buf_15, i128 %gmem_Wd_addr_read" [swiglu.cpp:506]   --->   Operation 55 'write' 'write_ln506' <Predicate = (trunc_ln504 == 15)> <Delay = 0.00>
ST_2 : Operation 56 [1/1] (0.00ns)   --->   "%br_ln506 = br void %arrayidx313.exit" [swiglu.cpp:506]   --->   Operation 56 'br' 'br_ln506' <Predicate = (trunc_ln504 == 15)> <Delay = 0.00>
ST_2 : Operation 57 [1/1] (0.00ns)   --->   "%write_ln506 = write void @_ssdm_op_Write.ap_auto.i128P0A, i128 %sc_buf_14, i128 %gmem_Wd_addr_read" [swiglu.cpp:506]   --->   Operation 57 'write' 'write_ln506' <Predicate = (trunc_ln504 == 14)> <Delay = 0.00>
ST_2 : Operation 58 [1/1] (0.00ns)   --->   "%br_ln506 = br void %arrayidx313.exit" [swiglu.cpp:506]   --->   Operation 58 'br' 'br_ln506' <Predicate = (trunc_ln504 == 14)> <Delay = 0.00>
ST_2 : Operation 59 [1/1] (0.00ns)   --->   "%write_ln506 = write void @_ssdm_op_Write.ap_auto.i128P0A, i128 %sc_buf_13, i128 %gmem_Wd_addr_read" [swiglu.cpp:506]   --->   Operation 59 'write' 'write_ln506' <Predicate = (trunc_ln504 == 13)> <Delay = 0.00>
ST_2 : Operation 60 [1/1] (0.00ns)   --->   "%br_ln506 = br void %arrayidx313.exit" [swiglu.cpp:506]   --->   Operation 60 'br' 'br_ln506' <Predicate = (trunc_ln504 == 13)> <Delay = 0.00>
ST_2 : Operation 61 [1/1] (0.00ns)   --->   "%write_ln506 = write void @_ssdm_op_Write.ap_auto.i128P0A, i128 %sc_buf_12, i128 %gmem_Wd_addr_read" [swiglu.cpp:506]   --->   Operation 61 'write' 'write_ln506' <Predicate = (trunc_ln504 == 12)> <Delay = 0.00>
ST_2 : Operation 62 [1/1] (0.00ns)   --->   "%br_ln506 = br void %arrayidx313.exit" [swiglu.cpp:506]   --->   Operation 62 'br' 'br_ln506' <Predicate = (trunc_ln504 == 12)> <Delay = 0.00>
ST_2 : Operation 63 [1/1] (0.00ns)   --->   "%write_ln506 = write void @_ssdm_op_Write.ap_auto.i128P0A, i128 %sc_buf_11, i128 %gmem_Wd_addr_read" [swiglu.cpp:506]   --->   Operation 63 'write' 'write_ln506' <Predicate = (trunc_ln504 == 11)> <Delay = 0.00>
ST_2 : Operation 64 [1/1] (0.00ns)   --->   "%br_ln506 = br void %arrayidx313.exit" [swiglu.cpp:506]   --->   Operation 64 'br' 'br_ln506' <Predicate = (trunc_ln504 == 11)> <Delay = 0.00>
ST_2 : Operation 65 [1/1] (0.00ns)   --->   "%write_ln506 = write void @_ssdm_op_Write.ap_auto.i128P0A, i128 %sc_buf_10, i128 %gmem_Wd_addr_read" [swiglu.cpp:506]   --->   Operation 65 'write' 'write_ln506' <Predicate = (trunc_ln504 == 10)> <Delay = 0.00>
ST_2 : Operation 66 [1/1] (0.00ns)   --->   "%br_ln506 = br void %arrayidx313.exit" [swiglu.cpp:506]   --->   Operation 66 'br' 'br_ln506' <Predicate = (trunc_ln504 == 10)> <Delay = 0.00>
ST_2 : Operation 67 [1/1] (0.00ns)   --->   "%write_ln506 = write void @_ssdm_op_Write.ap_auto.i128P0A, i128 %sc_buf_9, i128 %gmem_Wd_addr_read" [swiglu.cpp:506]   --->   Operation 67 'write' 'write_ln506' <Predicate = (trunc_ln504 == 9)> <Delay = 0.00>
ST_2 : Operation 68 [1/1] (0.00ns)   --->   "%br_ln506 = br void %arrayidx313.exit" [swiglu.cpp:506]   --->   Operation 68 'br' 'br_ln506' <Predicate = (trunc_ln504 == 9)> <Delay = 0.00>
ST_2 : Operation 69 [1/1] (0.00ns)   --->   "%write_ln506 = write void @_ssdm_op_Write.ap_auto.i128P0A, i128 %sc_buf_8, i128 %gmem_Wd_addr_read" [swiglu.cpp:506]   --->   Operation 69 'write' 'write_ln506' <Predicate = (trunc_ln504 == 8)> <Delay = 0.00>
ST_2 : Operation 70 [1/1] (0.00ns)   --->   "%br_ln506 = br void %arrayidx313.exit" [swiglu.cpp:506]   --->   Operation 70 'br' 'br_ln506' <Predicate = (trunc_ln504 == 8)> <Delay = 0.00>
ST_2 : Operation 71 [1/1] (0.00ns)   --->   "%write_ln506 = write void @_ssdm_op_Write.ap_auto.i128P0A, i128 %sc_buf_7, i128 %gmem_Wd_addr_read" [swiglu.cpp:506]   --->   Operation 71 'write' 'write_ln506' <Predicate = (trunc_ln504 == 7)> <Delay = 0.00>
ST_2 : Operation 72 [1/1] (0.00ns)   --->   "%br_ln506 = br void %arrayidx313.exit" [swiglu.cpp:506]   --->   Operation 72 'br' 'br_ln506' <Predicate = (trunc_ln504 == 7)> <Delay = 0.00>
ST_2 : Operation 73 [1/1] (0.00ns)   --->   "%write_ln506 = write void @_ssdm_op_Write.ap_auto.i128P0A, i128 %sc_buf_6, i128 %gmem_Wd_addr_read" [swiglu.cpp:506]   --->   Operation 73 'write' 'write_ln506' <Predicate = (trunc_ln504 == 6)> <Delay = 0.00>
ST_2 : Operation 74 [1/1] (0.00ns)   --->   "%br_ln506 = br void %arrayidx313.exit" [swiglu.cpp:506]   --->   Operation 74 'br' 'br_ln506' <Predicate = (trunc_ln504 == 6)> <Delay = 0.00>
ST_2 : Operation 75 [1/1] (0.00ns)   --->   "%write_ln506 = write void @_ssdm_op_Write.ap_auto.i128P0A, i128 %sc_buf_5, i128 %gmem_Wd_addr_read" [swiglu.cpp:506]   --->   Operation 75 'write' 'write_ln506' <Predicate = (trunc_ln504 == 5)> <Delay = 0.00>
ST_2 : Operation 76 [1/1] (0.00ns)   --->   "%br_ln506 = br void %arrayidx313.exit" [swiglu.cpp:506]   --->   Operation 76 'br' 'br_ln506' <Predicate = (trunc_ln504 == 5)> <Delay = 0.00>
ST_2 : Operation 77 [1/1] (0.00ns)   --->   "%write_ln506 = write void @_ssdm_op_Write.ap_auto.i128P0A, i128 %sc_buf_4, i128 %gmem_Wd_addr_read" [swiglu.cpp:506]   --->   Operation 77 'write' 'write_ln506' <Predicate = (trunc_ln504 == 4)> <Delay = 0.00>
ST_2 : Operation 78 [1/1] (0.00ns)   --->   "%br_ln506 = br void %arrayidx313.exit" [swiglu.cpp:506]   --->   Operation 78 'br' 'br_ln506' <Predicate = (trunc_ln504 == 4)> <Delay = 0.00>
ST_2 : Operation 79 [1/1] (0.00ns)   --->   "%write_ln506 = write void @_ssdm_op_Write.ap_auto.i128P0A, i128 %sc_buf_3, i128 %gmem_Wd_addr_read" [swiglu.cpp:506]   --->   Operation 79 'write' 'write_ln506' <Predicate = (trunc_ln504 == 3)> <Delay = 0.00>
ST_2 : Operation 80 [1/1] (0.00ns)   --->   "%br_ln506 = br void %arrayidx313.exit" [swiglu.cpp:506]   --->   Operation 80 'br' 'br_ln506' <Predicate = (trunc_ln504 == 3)> <Delay = 0.00>
ST_2 : Operation 81 [1/1] (0.00ns)   --->   "%write_ln506 = write void @_ssdm_op_Write.ap_auto.i128P0A, i128 %sc_buf_2, i128 %gmem_Wd_addr_read" [swiglu.cpp:506]   --->   Operation 81 'write' 'write_ln506' <Predicate = (trunc_ln504 == 2)> <Delay = 0.00>
ST_2 : Operation 82 [1/1] (0.00ns)   --->   "%br_ln506 = br void %arrayidx313.exit" [swiglu.cpp:506]   --->   Operation 82 'br' 'br_ln506' <Predicate = (trunc_ln504 == 2)> <Delay = 0.00>
ST_2 : Operation 83 [1/1] (0.00ns)   --->   "%write_ln506 = write void @_ssdm_op_Write.ap_auto.i128P0A, i128 %sc_buf_1, i128 %gmem_Wd_addr_read" [swiglu.cpp:506]   --->   Operation 83 'write' 'write_ln506' <Predicate = (trunc_ln504 == 1)> <Delay = 0.00>
ST_2 : Operation 84 [1/1] (0.00ns)   --->   "%br_ln506 = br void %arrayidx313.exit" [swiglu.cpp:506]   --->   Operation 84 'br' 'br_ln506' <Predicate = (trunc_ln504 == 1)> <Delay = 0.00>
ST_2 : Operation 85 [1/1] (0.00ns)   --->   "%write_ln506 = write void @_ssdm_op_Write.ap_auto.i128P0A, i128 %sc_buf_0, i128 %gmem_Wd_addr_read" [swiglu.cpp:506]   --->   Operation 85 'write' 'write_ln506' <Predicate = (trunc_ln504 == 0)> <Delay = 0.00>
ST_2 : Operation 86 [1/1] (0.00ns)   --->   "%br_ln506 = br void %arrayidx313.exit" [swiglu.cpp:506]   --->   Operation 86 'br' 'br_ln506' <Predicate = (trunc_ln504 == 0)> <Delay = 0.00>
ST_2 : Operation 87 [1/1] (0.00ns)   --->   "%write_ln506 = write void @_ssdm_op_Write.ap_auto.i128P0A, i128 %sc_buf_31, i128 %gmem_Wd_addr_read" [swiglu.cpp:506]   --->   Operation 87 'write' 'write_ln506' <Predicate = (trunc_ln504 == 31)> <Delay = 0.00>
ST_2 : Operation 88 [1/1] (0.00ns)   --->   "%br_ln506 = br void %arrayidx313.exit" [swiglu.cpp:506]   --->   Operation 88 'br' 'br_ln506' <Predicate = (trunc_ln504 == 31)> <Delay = 0.00>


============================================================
+ Verbose Summary: Timing violations
============================================================
Target clock period: 3.333ns, clock uncertainty: 0.900ns.

 <State 1>: 1.635ns
The critical path consists of the following:
	'store' operation 0 bit ('store_ln504', swiglu.cpp:504) of constant 0 on local variable 'w', swiglu.cpp:504 [40]  (0.427 ns)
	'load' operation 6 bit ('w', swiglu.cpp:504) on local variable 'w', swiglu.cpp:504 [43]  (0.000 ns)
	'icmp' operation 1 bit ('icmp_ln504', swiglu.cpp:504) [44]  (0.781 ns)
	'store' operation 0 bit ('store_ln504', swiglu.cpp:504) of variable 'add_ln504', swiglu.cpp:504 on local variable 'w', swiglu.cpp:504 [152]  (0.427 ns)

 <State 2>: 2.433ns
The critical path consists of the following:
	'getelementptr' operation 128 bit ('gmem_Wd_addr', swiglu.cpp:504) [48]  (0.000 ns)
	bus read operation ('gmem_Wd_addr_read', swiglu.cpp:506) on port 'gmem_Wd' (swiglu.cpp:506) [53]  (2.433 ns)
	wire write operation ('write_ln506', swiglu.cpp:506) on port 'sc_buf_30' (swiglu.cpp:506) [56]  (0.000 ns)


============================================================
+ Verbose Summary: Binding
============================================================
N/A
* FSMD analyzer results:
  - Output states:
 - Input state : 
  - Chain level:
	State 1
	State 2


============================================================
+ Verbose Summary: Datapath Resource usage 
============================================================
N/A
