

================================================================
== Vitis HLS Report for 'load_row_down_q6k_Pipeline_LOAD_QL'
================================================================
* Date:           Sun Apr  5 16:06:30 2026

* Version:        2025.1 (Build 6135595 on May 21 2025)
* Project:        swiglu
* Solution:       hls (Vivado IP Flow Target)
* Product family: zynquplus
* Target device:  xck26-sfvc784-2LV-c


================================================================
== Performance Estimates
================================================================
+ Timing: 
    * Summary: 
    +--------+---------+----------+------------+
    |  Clock |  Target | Estimated| Uncertainty|
    +--------+---------+----------+------------+
    |ap_clk  |  3.33 ns|  2.433 ns|     0.90 ns|
    +--------+---------+----------+------------+

+ Latency: 
    * Summary: 
    +---------+---------+----------+----------+-----+-----+------------------------------------------------+
    |  Latency (cycles) |  Latency (absolute) |  Interval |                    Pipeline                    |
    |   min   |   max   |    min   |    max   | min | max |                      Type                      |
    +---------+---------+----------+----------+-----+-----+------------------------------------------------+
    |      259|      259|  0.863 us|  0.863 us|  257|  257|  loop auto-rewind stp (delay=0 clock cycles(s))|
    +---------+---------+----------+----------+-----+-----+------------------------------------------------+

    + Detail: 
        * Instance: 
        N/A

        * Loop: 
        +-----------+---------+---------+----------+-----------+-----------+------+----------+
        |           |  Latency (cycles) | Iteration|  Initiation Interval  | Trip |          |
        | Loop Name |   min   |   max   |  Latency |  achieved |   target  | Count| Pipelined|
        +-----------+---------+---------+----------+-----------+-----------+------+----------+
        |- LOAD_QL  |      257|      257|         3|          1|          1|   256|       yes|
        +-----------+---------+---------+----------+-----------+-----------+------+----------+

============================================================
+ Verbose Summary: Synthesis Manager
============================================================
InlineROM: 1
ExposeGlobal: 0
============================================================
+ Verbose Summary: CDFG Model
============================================================
IsTopModel: 0
ResetActiveHigh: 1
IsCombinational: 0
IsDatapathOnly: 0
HasWiredReturn: 1
HasMFsm: 2
HasVarLatency: 1
IsPipeline: 0
IsRtlPipelined: 0
IsInstanceOverlapped: 0
IsDontTouch: 0
HasImplIP: 0
IsGatedGlobalClock: 0

+ Individual pipeline summary: 
  * Pipeline-0: initiation interval (II) = 1, depth = 3


============================================================
+ Verbose Summary: Schedule
============================================================
* Number of FSM states : 3
* Pipeline : 1
  Pipeline-0 : II = 1, D = 3, States = { 1 2 3 }
* Dataflow Pipeline: 0

* FSM state transitions: 
1 --> 2 
2 --> 3 
3 --> 

* FSM state operations: 

State 1 <SV = 0> <Delay = 1.63>
ST_1 : Operation 6 [1/1] (0.00ns)   --->   "%w = alloca i32 1" [swiglu.cpp:492]   --->   Operation 6 'alloca' 'w' <Predicate = true> <Delay = 0.00>
ST_1 : Operation 7 [1/1] (0.00ns)   --->   "%sext_ln492_read = read i60 @_ssdm_op_Read.ap_auto.i60, i60 %sext_ln492"   --->   Operation 7 'read' 'sext_ln492_read' <Predicate = true> <Delay = 0.00>
ST_1 : Operation 8 [1/1] (0.00ns)   --->   "%sext_ln492_cast = sext i60 %sext_ln492_read"   --->   Operation 8 'sext' 'sext_ln492_cast' <Predicate = true> <Delay = 0.00>
ST_1 : Operation 9 [1/1] (0.00ns)   --->   "%specstablecontent_ln0 = specstablecontent void @_ssdm_op_SpecStableContent, i128 %gmem_Wd, i1 1, void @p_str"   --->   Operation 9 'specstablecontent' 'specstablecontent_ln0' <Predicate = true> <Delay = 0.00>
ST_1 : Operation 10 [1/1] (0.00ns)   --->   "%specmemcore_ln0 = specmemcore void @_ssdm_op_SpecMemCore, i128 %ql_buf_0, i64 666, i64 20, i64 18446744073709551615"   --->   Operation 10 'specmemcore' 'specmemcore_ln0' <Predicate = true> <Delay = 0.00>
ST_1 : Operation 11 [1/1] (0.00ns)   --->   "%specmemcore_ln0 = specmemcore void @_ssdm_op_SpecMemCore, i128 %ql_buf_1, i64 666, i64 20, i64 18446744073709551615"   --->   Operation 11 'specmemcore' 'specmemcore_ln0' <Predicate = true> <Delay = 0.00>
ST_1 : Operation 12 [1/1] (0.00ns)   --->   "%specmemcore_ln0 = specmemcore void @_ssdm_op_SpecMemCore, i128 %ql_buf_2, i64 666, i64 20, i64 18446744073709551615"   --->   Operation 12 'specmemcore' 'specmemcore_ln0' <Predicate = true> <Delay = 0.00>
ST_1 : Operation 13 [1/1] (0.00ns)   --->   "%specmemcore_ln0 = specmemcore void @_ssdm_op_SpecMemCore, i128 %ql_buf_3, i64 666, i64 20, i64 18446744073709551615"   --->   Operation 13 'specmemcore' 'specmemcore_ln0' <Predicate = true> <Delay = 0.00>
ST_1 : Operation 14 [1/1] (0.00ns)   --->   "%specmemcore_ln0 = specmemcore void @_ssdm_op_SpecMemCore, i128 %ql_buf_4, i64 666, i64 20, i64 18446744073709551615"   --->   Operation 14 'specmemcore' 'specmemcore_ln0' <Predicate = true> <Delay = 0.00>
ST_1 : Operation 15 [1/1] (0.00ns)   --->   "%specmemcore_ln0 = specmemcore void @_ssdm_op_SpecMemCore, i128 %ql_buf_5, i64 666, i64 20, i64 18446744073709551615"   --->   Operation 15 'specmemcore' 'specmemcore_ln0' <Predicate = true> <Delay = 0.00>
ST_1 : Operation 16 [1/1] (0.00ns)   --->   "%specmemcore_ln0 = specmemcore void @_ssdm_op_SpecMemCore, i128 %ql_buf_6, i64 666, i64 20, i64 18446744073709551615"   --->   Operation 16 'specmemcore' 'specmemcore_ln0' <Predicate = true> <Delay = 0.00>
ST_1 : Operation 17 [1/1] (0.00ns)   --->   "%specmemcore_ln0 = specmemcore void @_ssdm_op_SpecMemCore, i128 %ql_buf_7, i64 666, i64 20, i64 18446744073709551615"   --->   Operation 17 'specmemcore' 'specmemcore_ln0' <Predicate = true> <Delay = 0.00>
ST_1 : Operation 18 [1/1] (0.00ns)   --->   "%specinterface_ln0 = specinterface void @_ssdm_op_SpecInterface, i128 %gmem_Wd, void @empty_38, i32 0, i32 0, void @empty_39, i32 64, i32 860160, void @empty_5, void @empty_40, void @empty_39, i32 2, i32 16, i32 256, i32 16, void @empty_39, void @empty_39, i32 4294967295, i32 0, i32 0"   --->   Operation 18 'specinterface' 'specinterface_ln0' <Predicate = true> <Delay = 0.00>
ST_1 : Operation 19 [1/1] (0.42ns)   --->   "%store_ln492 = store i9 0, i9 %w" [swiglu.cpp:492]   --->   Operation 19 'store' 'store_ln492' <Predicate = true> <Delay = 0.42>
ST_1 : Operation 20 [1/1] (0.00ns)   --->   "%br_ln0 = br void %for.inc"   --->   Operation 20 'br' 'br_ln0' <Predicate = true> <Delay = 0.00>
ST_1 : Operation 21 [1/1] (0.00ns)   --->   "%w_2 = load i9 %w" [swiglu.cpp:492]   --->   Operation 21 'load' 'w_2' <Predicate = true> <Delay = 0.00>
ST_1 : Operation 22 [1/1] (0.77ns)   --->   "%icmp_ln492 = icmp_eq  i9 %w_2, i9 256" [swiglu.cpp:492]   --->   Operation 22 'icmp' 'icmp_ln492' <Predicate = true> <Delay = 0.77> <CoreInst = "Cmp">   --->   Core 9 'Cmp' <Latency = 0> <II = 1> <Delay = 0.77> <FuncUnit> <Opcode : 'seteq' 'setne' 'setle' 'setge' 'setlt' 'setgt'> <InPorts = 2> <OutPorts = 1>
ST_1 : Operation 23 [1/1] (0.77ns)   --->   "%add_ln492 = add i9 %w_2, i9 1" [swiglu.cpp:492]   --->   Operation 23 'add' 'add_ln492' <Predicate = true> <Delay = 0.77> <CoreInst = "Adder">   --->   Core 1 'Adder' <Latency = 0> <II = 1> <Delay = 0.77> <FuncUnit> <Opcode : 'add' 'sub'> <InPorts = 2> <OutPorts = 1>
ST_1 : Operation 24 [1/1] (0.00ns)   --->   "%br_ln492 = br i1 %icmp_ln492, void %for.inc.split, void %LOAD_QH.exitStub" [swiglu.cpp:492]   --->   Operation 24 'br' 'br_ln492' <Predicate = true> <Delay = 0.00>
ST_1 : Operation 25 [1/1] (0.00ns)   --->   "%trunc_ln494 = trunc i9 %w_2" [swiglu.cpp:494]   --->   Operation 25 'trunc' 'trunc_ln494' <Predicate = (!icmp_ln492)> <Delay = 0.00>
ST_1 : Operation 26 [1/1] (0.00ns)   --->   "%trunc_ln494_6 = partselect i3 @_ssdm_op_PartSelect.i3.i9.i32.i32, i9 %w_2, i32 3, i32 5" [swiglu.cpp:494]   --->   Operation 26 'partselect' 'trunc_ln494_6' <Predicate = (!icmp_ln492)> <Delay = 0.00>
ST_1 : Operation 27 [1/1] (0.00ns)   --->   "%lshr_ln494_2 = partselect i2 @_ssdm_op_PartSelect.i2.i9.i32.i32, i9 %w_2, i32 6, i32 7" [swiglu.cpp:494]   --->   Operation 27 'partselect' 'lshr_ln494_2' <Predicate = (!icmp_ln492)> <Delay = 0.00>
ST_1 : Operation 28 [1/1] (0.67ns)   --->   "%switch_ln494 = switch i3 %trunc_ln494_6, void %arrayidx521.case.7, i3 0, void %arrayidx521.case.0, i3 1, void %arrayidx521.case.1, i3 2, void %arrayidx521.case.2, i3 3, void %arrayidx521.case.3, i3 4, void %arrayidx521.case.4, i3 5, void %arrayidx521.case.5, i3 6, void %arrayidx521.case.6" [swiglu.cpp:494]   --->   Operation 28 'switch' 'switch_ln494' <Predicate = (!icmp_ln492)> <Delay = 0.67>
ST_1 : Operation 29 [1/1] (0.42ns)   --->   "%store_ln492 = store i9 %add_ln492, i9 %w" [swiglu.cpp:492]   --->   Operation 29 'store' 'store_ln492' <Predicate = (!icmp_ln492)> <Delay = 0.42>
ST_1 : Operation 30 [1/1] (0.00ns)   --->   "%br_ln492 = br void %for.inc" [swiglu.cpp:492]   --->   Operation 30 'br' 'br_ln492' <Predicate = (!icmp_ln492)> <Delay = 0.00>

State 2 <SV = 1> <Delay = 2.43>
ST_2 : Operation 31 [1/1] (0.00ns)   --->   "%gmem_Wd_addr = getelementptr i128 %gmem_Wd, i64 %sext_ln492_cast" [swiglu.cpp:492]   --->   Operation 31 'getelementptr' 'gmem_Wd_addr' <Predicate = true> <Delay = 0.00>
ST_2 : Operation 32 [1/1] (2.43ns)   --->   "%gmem_Wd_addr_read = read i128 @_ssdm_op_Read.m_axi.p1i128, i128 %gmem_Wd_addr" [swiglu.cpp:494]   --->   Operation 32 'read' 'gmem_Wd_addr_read' <Predicate = true> <Delay = 2.43> <CoreInst = "m_axi">   --->   Core 119 'm_axi' <Latency = 3> <II = 1> <Delay = 1.00> <Adapter> <Opcode : 'read' 'write' 'readreq' 'writereq' 'writeresp'>
ST_2 : Operation 62 [1/1] (0.42ns)   --->   "%ret_ln0 = ret"   --->   Operation 62 'ret' 'ret_ln0' <Predicate = (icmp_ln492)> <Delay = 0.42>

State 3 <SV = 2> <Delay = 1.23>
ST_3 : Operation 33 [1/1] (0.00ns)   --->   "%specpipeline_ln493 = specpipeline void @_ssdm_op_SpecPipeline, i32 1, i32 0, i32 0, i32 0, void @empty_39" [swiglu.cpp:493]   --->   Operation 33 'specpipeline' 'specpipeline_ln493' <Predicate = true> <Delay = 0.00>
ST_3 : Operation 34 [1/1] (0.00ns)   --->   "%speclooptripcount_ln492 = speclooptripcount void @_ssdm_op_SpecLoopTripCount, i64 256, i64 256, i64 256" [swiglu.cpp:492]   --->   Operation 34 'speclooptripcount' 'speclooptripcount_ln492' <Predicate = true> <Delay = 0.00>
ST_3 : Operation 35 [1/1] (0.00ns)   --->   "%specloopname_ln492 = specloopname void @_ssdm_op_SpecLoopName, void @empty_7" [swiglu.cpp:492]   --->   Operation 35 'specloopname' 'specloopname_ln492' <Predicate = true> <Delay = 0.00>
ST_3 : Operation 36 [1/1] (0.00ns)   --->   "%tmp_s = bitconcatenate i5 @_ssdm_op_BitConcatenate.i5.i2.i3, i2 %lshr_ln494_2, i3 %trunc_ln494" [swiglu.cpp:494]   --->   Operation 36 'bitconcatenate' 'tmp_s' <Predicate = true> <Delay = 0.00>
ST_3 : Operation 37 [1/1] (0.00ns)   --->   "%zext_ln494 = zext i5 %tmp_s" [swiglu.cpp:494]   --->   Operation 37 'zext' 'zext_ln494' <Predicate = true> <Delay = 0.00>
ST_3 : Operation 38 [1/1] (0.00ns)   --->   "%ql_buf_0_addr = getelementptr i128 %ql_buf_0, i64 0, i64 %zext_ln494" [swiglu.cpp:494]   --->   Operation 38 'getelementptr' 'ql_buf_0_addr' <Predicate = true> <Delay = 0.00>
ST_3 : Operation 39 [1/1] (0.00ns)   --->   "%ql_buf_1_addr = getelementptr i128 %ql_buf_1, i64 0, i64 %zext_ln494" [swiglu.cpp:494]   --->   Operation 39 'getelementptr' 'ql_buf_1_addr' <Predicate = true> <Delay = 0.00>
ST_3 : Operation 40 [1/1] (0.00ns)   --->   "%ql_buf_2_addr = getelementptr i128 %ql_buf_2, i64 0, i64 %zext_ln494" [swiglu.cpp:494]   --->   Operation 40 'getelementptr' 'ql_buf_2_addr' <Predicate = true> <Delay = 0.00>
ST_3 : Operation 41 [1/1] (0.00ns)   --->   "%ql_buf_3_addr = getelementptr i128 %ql_buf_3, i64 0, i64 %zext_ln494" [swiglu.cpp:494]   --->   Operation 41 'getelementptr' 'ql_buf_3_addr' <Predicate = true> <Delay = 0.00>
ST_3 : Operation 42 [1/1] (0.00ns)   --->   "%ql_buf_4_addr = getelementptr i128 %ql_buf_4, i64 0, i64 %zext_ln494" [swiglu.cpp:494]   --->   Operation 42 'getelementptr' 'ql_buf_4_addr' <Predicate = true> <Delay = 0.00>
ST_3 : Operation 43 [1/1] (0.00ns)   --->   "%ql_buf_5_addr = getelementptr i128 %ql_buf_5, i64 0, i64 %zext_ln494" [swiglu.cpp:494]   --->   Operation 43 'getelementptr' 'ql_buf_5_addr' <Predicate = true> <Delay = 0.00>
ST_3 : Operation 44 [1/1] (0.00ns)   --->   "%ql_buf_6_addr = getelementptr i128 %ql_buf_6, i64 0, i64 %zext_ln494" [swiglu.cpp:494]   --->   Operation 44 'getelementptr' 'ql_buf_6_addr' <Predicate = true> <Delay = 0.00>
ST_3 : Operation 45 [1/1] (0.00ns)   --->   "%ql_buf_7_addr = getelementptr i128 %ql_buf_7, i64 0, i64 %zext_ln494" [swiglu.cpp:494]   --->   Operation 45 'getelementptr' 'ql_buf_7_addr' <Predicate = true> <Delay = 0.00>
ST_3 : Operation 46 [1/1] ( I:1.23ns O:1.23ns )   --->   "%store_ln494 = store i128 %gmem_Wd_addr_read, i5 %ql_buf_6_addr" [swiglu.cpp:494]   --->   Operation 46 'store' 'store_ln494' <Predicate = (trunc_ln494_6 == 6)> <Delay = 1.23> <CoreInst = "RAM_1P_URAM">   --->   Core 90 'RAM_1P_URAM' <Latency = 1> <II = 1> <Delay = 1.23> <Storage> <Opcode : 'load' 'store'> <Ports = 1> <Width = 128> <Depth = 32> <RAM>
ST_3 : Operation 47 [1/1] (0.00ns)   --->   "%br_ln494 = br void %arrayidx521.exit" [swiglu.cpp:494]   --->   Operation 47 'br' 'br_ln494' <Predicate = (trunc_ln494_6 == 6)> <Delay = 0.00>
ST_3 : Operation 48 [1/1] ( I:1.23ns O:1.23ns )   --->   "%store_ln494 = store i128 %gmem_Wd_addr_read, i5 %ql_buf_5_addr" [swiglu.cpp:494]   --->   Operation 48 'store' 'store_ln494' <Predicate = (trunc_ln494_6 == 5)> <Delay = 1.23> <CoreInst = "RAM_1P_URAM">   --->   Core 90 'RAM_1P_URAM' <Latency = 1> <II = 1> <Delay = 1.23> <Storage> <Opcode : 'load' 'store'> <Ports = 1> <Width = 128> <Depth = 32> <RAM>
ST_3 : Operation 49 [1/1] (0.00ns)   --->   "%br_ln494 = br void %arrayidx521.exit" [swiglu.cpp:494]   --->   Operation 49 'br' 'br_ln494' <Predicate = (trunc_ln494_6 == 5)> <Delay = 0.00>
ST_3 : Operation 50 [1/1] ( I:1.23ns O:1.23ns )   --->   "%store_ln494 = store i128 %gmem_Wd_addr_read, i5 %ql_buf_4_addr" [swiglu.cpp:494]   --->   Operation 50 'store' 'store_ln494' <Predicate = (trunc_ln494_6 == 4)> <Delay = 1.23> <CoreInst = "RAM_1P_URAM">   --->   Core 90 'RAM_1P_URAM' <Latency = 1> <II = 1> <Delay = 1.23> <Storage> <Opcode : 'load' 'store'> <Ports = 1> <Width = 128> <Depth = 32> <RAM>
ST_3 : Operation 51 [1/1] (0.00ns)   --->   "%br_ln494 = br void %arrayidx521.exit" [swiglu.cpp:494]   --->   Operation 51 'br' 'br_ln494' <Predicate = (trunc_ln494_6 == 4)> <Delay = 0.00>
ST_3 : Operation 52 [1/1] ( I:1.23ns O:1.23ns )   --->   "%store_ln494 = store i128 %gmem_Wd_addr_read, i5 %ql_buf_3_addr" [swiglu.cpp:494]   --->   Operation 52 'store' 'store_ln494' <Predicate = (trunc_ln494_6 == 3)> <Delay = 1.23> <CoreInst = "RAM_1P_URAM">   --->   Core 90 'RAM_1P_URAM' <Latency = 1> <II = 1> <Delay = 1.23> <Storage> <Opcode : 'load' 'store'> <Ports = 1> <Width = 128> <Depth = 32> <RAM>
ST_3 : Operation 53 [1/1] (0.00ns)   --->   "%br_ln494 = br void %arrayidx521.exit" [swiglu.cpp:494]   --->   Operation 53 'br' 'br_ln494' <Predicate = (trunc_ln494_6 == 3)> <Delay = 0.00>
ST_3 : Operation 54 [1/1] ( I:1.23ns O:1.23ns )   --->   "%store_ln494 = store i128 %gmem_Wd_addr_read, i5 %ql_buf_2_addr" [swiglu.cpp:494]   --->   Operation 54 'store' 'store_ln494' <Predicate = (trunc_ln494_6 == 2)> <Delay = 1.23> <CoreInst = "RAM_1P_URAM">   --->   Core 90 'RAM_1P_URAM' <Latency = 1> <II = 1> <Delay = 1.23> <Storage> <Opcode : 'load' 'store'> <Ports = 1> <Width = 128> <Depth = 32> <RAM>
ST_3 : Operation 55 [1/1] (0.00ns)   --->   "%br_ln494 = br void %arrayidx521.exit" [swiglu.cpp:494]   --->   Operation 55 'br' 'br_ln494' <Predicate = (trunc_ln494_6 == 2)> <Delay = 0.00>
ST_3 : Operation 56 [1/1] ( I:1.23ns O:1.23ns )   --->   "%store_ln494 = store i128 %gmem_Wd_addr_read, i5 %ql_buf_1_addr" [swiglu.cpp:494]   --->   Operation 56 'store' 'store_ln494' <Predicate = (trunc_ln494_6 == 1)> <Delay = 1.23> <CoreInst = "RAM_1P_URAM">   --->   Core 90 'RAM_1P_URAM' <Latency = 1> <II = 1> <Delay = 1.23> <Storage> <Opcode : 'load' 'store'> <Ports = 1> <Width = 128> <Depth = 32> <RAM>
ST_3 : Operation 57 [1/1] (0.00ns)   --->   "%br_ln494 = br void %arrayidx521.exit" [swiglu.cpp:494]   --->   Operation 57 'br' 'br_ln494' <Predicate = (trunc_ln494_6 == 1)> <Delay = 0.00>
ST_3 : Operation 58 [1/1] ( I:1.23ns O:1.23ns )   --->   "%store_ln494 = store i128 %gmem_Wd_addr_read, i5 %ql_buf_0_addr" [swiglu.cpp:494]   --->   Operation 58 'store' 'store_ln494' <Predicate = (trunc_ln494_6 == 0)> <Delay = 1.23> <CoreInst = "RAM_1P_URAM">   --->   Core 90 'RAM_1P_URAM' <Latency = 1> <II = 1> <Delay = 1.23> <Storage> <Opcode : 'load' 'store'> <Ports = 1> <Width = 128> <Depth = 32> <RAM>
ST_3 : Operation 59 [1/1] (0.00ns)   --->   "%br_ln494 = br void %arrayidx521.exit" [swiglu.cpp:494]   --->   Operation 59 'br' 'br_ln494' <Predicate = (trunc_ln494_6 == 0)> <Delay = 0.00>
ST_3 : Operation 60 [1/1] ( I:1.23ns O:1.23ns )   --->   "%store_ln494 = store i128 %gmem_Wd_addr_read, i5 %ql_buf_7_addr" [swiglu.cpp:494]   --->   Operation 60 'store' 'store_ln494' <Predicate = (trunc_ln494_6 == 7)> <Delay = 1.23> <CoreInst = "RAM_1P_URAM">   --->   Core 90 'RAM_1P_URAM' <Latency = 1> <II = 1> <Delay = 1.23> <Storage> <Opcode : 'load' 'store'> <Ports = 1> <Width = 128> <Depth = 32> <RAM>
ST_3 : Operation 61 [1/1] (0.00ns)   --->   "%br_ln494 = br void %arrayidx521.exit" [swiglu.cpp:494]   --->   Operation 61 'br' 'br_ln494' <Predicate = (trunc_ln494_6 == 7)> <Delay = 0.00>


============================================================
+ Verbose Summary: Timing violations
============================================================
Target clock period: 3.333ns, clock uncertainty: 0.900ns.

 <State 1>: 1.630ns
The critical path consists of the following:
	'store' operation 0 bit ('store_ln492', swiglu.cpp:492) of constant 0 on local variable 'w', swiglu.cpp:492 [24]  (0.427 ns)
	'load' operation 9 bit ('w', swiglu.cpp:492) on local variable 'w', swiglu.cpp:492 [27]  (0.000 ns)
	'icmp' operation 1 bit ('icmp_ln492', swiglu.cpp:492) [28]  (0.776 ns)
	'store' operation 0 bit ('store_ln492', swiglu.cpp:492) of variable 'add_ln492', swiglu.cpp:492 on local variable 'w', swiglu.cpp:492 [76]  (0.427 ns)

 <State 2>: 2.433ns
The critical path consists of the following:
	'getelementptr' operation 128 bit ('gmem_Wd_addr', swiglu.cpp:492) [32]  (0.000 ns)
	bus read operation ('gmem_Wd_addr_read', swiglu.cpp:494) on port 'gmem_Wd' (swiglu.cpp:494) [49]  (2.433 ns)

 <State 3>: 1.237ns
The critical path consists of the following:
	'getelementptr' operation 5 bit ('ql_buf_1_addr', swiglu.cpp:494) [42]  (0.000 ns)
	'store' operation 0 bit ('store_ln494', swiglu.cpp:494) of variable 'gmem_Wd_addr_read', swiglu.cpp:494 on array 'ql_buf_1' [67]  (1.237 ns)


============================================================
+ Verbose Summary: Binding
============================================================
N/A
* FSMD analyzer results:
  - Output states:
 - Input state : 
  - Chain level:
	State 1
	State 2
	State 3


============================================================
+ Verbose Summary: Datapath Resource usage 
============================================================
N/A
