

================================================================
== Vitis HLS Report for 'load_row_down_q6k_Pipeline_LOAD_Q6K_FLAT'
================================================================
* Date:           Thu Apr  2 09:23:05 2026

* Version:        2025.1 (Build 6135595 on May 21 2025)
* Project:        swiglu
* Solution:       hls (Vivado IP Flow Target)
* Product family: zynquplus
* Target device:  xck26-sfvc784-2LV-c


================================================================
== Performance Estimates
================================================================
+ Timing: 
    * Summary: 
    +--------+---------+----------+------------+
    |  Clock |  Target | Estimated| Uncertainty|
    +--------+---------+----------+------------+
    |ap_clk  |  4.00 ns|  2.920 ns|     1.08 ns|
    +--------+---------+----------+------------+

+ Latency: 
    * Summary: 
    +---------+---------+----------+----------+-----+-----+------------------------------------------------+
    |  Latency (cycles) |  Latency (absolute) |  Interval |                    Pipeline                    |
    |   min   |   max   |    min   |    max   | min | max |                      Type                      |
    +---------+---------+----------+----------+-----+-----+------------------------------------------------+
    |      423|      423|  1.692 us|  1.692 us|  421|  421|  loop auto-rewind stp (delay=0 clock cycles(s))|
    +---------+---------+----------+----------+-----+-----+------------------------------------------------+

    + Detail: 
        * Instance: 
        N/A

        * Loop: 
        +-----------------+---------+---------+----------+-----------+-----------+------+----------+
        |                 |  Latency (cycles) | Iteration|  Initiation Interval  | Trip |          |
        |    Loop Name    |   min   |   max   |  Latency |  achieved |   target  | Count| Pipelined|
        +-----------------+---------+---------+----------+-----------+-----------+------+----------+
        |- LOAD_Q6K_FLAT  |      421|      421|         3|          1|          1|   420|       yes|
        +-----------------+---------+---------+----------+-----------+-----------+------+----------+

============================================================
+ Verbose Summary: Synthesis Manager
============================================================
InlineROM: 1
ExposeGlobal: 0
============================================================
+ Verbose Summary: CDFG Model
============================================================
IsTopModel: 0
ResetActiveHigh: 1
IsCombinational: 0
IsDatapathOnly: 0
HasWiredReturn: 1
HasMFsm: 2
HasVarLatency: 1
IsPipeline: 0
IsRtlPipelined: 0
IsInstanceOverlapped: 0
IsDontTouch: 0
HasImplIP: 0
IsGatedGlobalClock: 0

+ Individual pipeline summary: 
  * Pipeline-0: initiation interval (II) = 1, depth = 3


============================================================
+ Verbose Summary: Schedule
============================================================
* Number of FSM states : 3
* Pipeline : 1
  Pipeline-0 : II = 1, D = 3, States = { 1 2 3 }
* Dataflow Pipeline: 0

* FSM state transitions: 
1 --> 2 
2 --> 3 
3 --> 

* FSM state operations: 

State 1 <SV = 0> <Delay = 1.63>
ST_1 : Operation 6 [1/1] (0.00ns)   --->   "%i = alloca i32 1" [swiglu.cpp:561]   --->   Operation 6 'alloca' 'i' <Predicate = true> <Delay = 0.00>
ST_1 : Operation 7 [1/1] (0.00ns)   --->   "%sext_ln561_read = read i60 @_ssdm_op_Read.ap_auto.i60, i60 %sext_ln561"   --->   Operation 7 'read' 'sext_ln561_read' <Predicate = true> <Delay = 0.00>
ST_1 : Operation 8 [1/1] (0.00ns)   --->   "%sext_ln561_cast = sext i60 %sext_ln561_read"   --->   Operation 8 'sext' 'sext_ln561_cast' <Predicate = true> <Delay = 0.00>
ST_1 : Operation 9 [1/1] (0.00ns)   --->   "%specmemcore_ln0 = specmemcore void @_ssdm_op_SpecMemCore, i128 %flat, i64 666, i64 19, i64 18446744073709551615"   --->   Operation 9 'specmemcore' 'specmemcore_ln0' <Predicate = true> <Delay = 0.00>
ST_1 : Operation 10 [1/1] (0.00ns)   --->   "%specmemcore_ln0 = specmemcore void @_ssdm_op_SpecMemCore, i128 %flat_16, i64 666, i64 19, i64 18446744073709551615"   --->   Operation 10 'specmemcore' 'specmemcore_ln0' <Predicate = true> <Delay = 0.00>
ST_1 : Operation 11 [1/1] (0.00ns)   --->   "%specmemcore_ln0 = specmemcore void @_ssdm_op_SpecMemCore, i128 %flat_17, i64 666, i64 19, i64 18446744073709551615"   --->   Operation 11 'specmemcore' 'specmemcore_ln0' <Predicate = true> <Delay = 0.00>
ST_1 : Operation 12 [1/1] (0.00ns)   --->   "%specmemcore_ln0 = specmemcore void @_ssdm_op_SpecMemCore, i128 %flat_18, i64 666, i64 19, i64 18446744073709551615"   --->   Operation 12 'specmemcore' 'specmemcore_ln0' <Predicate = true> <Delay = 0.00>
ST_1 : Operation 13 [1/1] (0.00ns)   --->   "%specmemcore_ln0 = specmemcore void @_ssdm_op_SpecMemCore, i128 %flat_19, i64 666, i64 19, i64 18446744073709551615"   --->   Operation 13 'specmemcore' 'specmemcore_ln0' <Predicate = true> <Delay = 0.00>
ST_1 : Operation 14 [1/1] (0.00ns)   --->   "%specmemcore_ln0 = specmemcore void @_ssdm_op_SpecMemCore, i128 %flat_20, i64 666, i64 19, i64 18446744073709551615"   --->   Operation 14 'specmemcore' 'specmemcore_ln0' <Predicate = true> <Delay = 0.00>
ST_1 : Operation 15 [1/1] (0.00ns)   --->   "%specmemcore_ln0 = specmemcore void @_ssdm_op_SpecMemCore, i128 %flat_21, i64 666, i64 19, i64 18446744073709551615"   --->   Operation 15 'specmemcore' 'specmemcore_ln0' <Predicate = true> <Delay = 0.00>
ST_1 : Operation 16 [1/1] (0.00ns)   --->   "%specmemcore_ln0 = specmemcore void @_ssdm_op_SpecMemCore, i128 %flat_22, i64 666, i64 19, i64 18446744073709551615"   --->   Operation 16 'specmemcore' 'specmemcore_ln0' <Predicate = true> <Delay = 0.00>
ST_1 : Operation 17 [1/1] (0.00ns)   --->   "%specmemcore_ln0 = specmemcore void @_ssdm_op_SpecMemCore, i128 %flat_23, i64 666, i64 19, i64 18446744073709551615"   --->   Operation 17 'specmemcore' 'specmemcore_ln0' <Predicate = true> <Delay = 0.00>
ST_1 : Operation 18 [1/1] (0.00ns)   --->   "%specmemcore_ln0 = specmemcore void @_ssdm_op_SpecMemCore, i128 %flat_24, i64 666, i64 19, i64 18446744073709551615"   --->   Operation 18 'specmemcore' 'specmemcore_ln0' <Predicate = true> <Delay = 0.00>
ST_1 : Operation 19 [1/1] (0.00ns)   --->   "%specmemcore_ln0 = specmemcore void @_ssdm_op_SpecMemCore, i128 %flat_25, i64 666, i64 19, i64 18446744073709551615"   --->   Operation 19 'specmemcore' 'specmemcore_ln0' <Predicate = true> <Delay = 0.00>
ST_1 : Operation 20 [1/1] (0.00ns)   --->   "%specmemcore_ln0 = specmemcore void @_ssdm_op_SpecMemCore, i128 %flat_26, i64 666, i64 19, i64 18446744073709551615"   --->   Operation 20 'specmemcore' 'specmemcore_ln0' <Predicate = true> <Delay = 0.00>
ST_1 : Operation 21 [1/1] (0.00ns)   --->   "%specmemcore_ln0 = specmemcore void @_ssdm_op_SpecMemCore, i128 %flat_27, i64 666, i64 19, i64 18446744073709551615"   --->   Operation 21 'specmemcore' 'specmemcore_ln0' <Predicate = true> <Delay = 0.00>
ST_1 : Operation 22 [1/1] (0.00ns)   --->   "%specmemcore_ln0 = specmemcore void @_ssdm_op_SpecMemCore, i128 %flat_28, i64 666, i64 19, i64 18446744073709551615"   --->   Operation 22 'specmemcore' 'specmemcore_ln0' <Predicate = true> <Delay = 0.00>
ST_1 : Operation 23 [1/1] (0.00ns)   --->   "%specmemcore_ln0 = specmemcore void @_ssdm_op_SpecMemCore, i128 %flat_29, i64 666, i64 19, i64 18446744073709551615"   --->   Operation 23 'specmemcore' 'specmemcore_ln0' <Predicate = true> <Delay = 0.00>
ST_1 : Operation 24 [1/1] (0.00ns)   --->   "%specmemcore_ln0 = specmemcore void @_ssdm_op_SpecMemCore, i128 %flat_30, i64 666, i64 19, i64 18446744073709551615"   --->   Operation 24 'specmemcore' 'specmemcore_ln0' <Predicate = true> <Delay = 0.00>
ST_1 : Operation 25 [1/1] (0.00ns)   --->   "%specinterface_ln0 = specinterface void @_ssdm_op_SpecInterface, i128 %gmem_Wd, void @empty_34, i32 0, i32 0, void @empty_26, i32 64, i32 860160, void @empty_0, void @empty_36, void @empty_26, i32 2, i32 16, i32 256, i32 16, void @empty_26, void @empty_26, i32 4294967295, i32 0, i32 0"   --->   Operation 25 'specinterface' 'specinterface_ln0' <Predicate = true> <Delay = 0.00>
ST_1 : Operation 26 [1/1] (0.42ns)   --->   "%store_ln561 = store i9 0, i9 %i" [swiglu.cpp:561]   --->   Operation 26 'store' 'store_ln561' <Predicate = true> <Delay = 0.42>
ST_1 : Operation 27 [1/1] (0.00ns)   --->   "%br_ln0 = br void %for.inc"   --->   Operation 27 'br' 'br_ln0' <Predicate = true> <Delay = 0.00>
ST_1 : Operation 28 [1/1] (0.00ns)   --->   "%i_1 = load i9 %i" [swiglu.cpp:561]   --->   Operation 28 'load' 'i_1' <Predicate = true> <Delay = 0.00>
ST_1 : Operation 29 [1/1] (0.77ns)   --->   "%icmp_ln561 = icmp_eq  i9 %i_1, i9 420" [swiglu.cpp:561]   --->   Operation 29 'icmp' 'icmp_ln561' <Predicate = true> <Delay = 0.77> <CoreInst = "Cmp">   --->   Core 9 'Cmp' <Latency = 0> <II = 1> <Delay = 0.77> <FuncUnit> <Opcode : 'seteq' 'setne' 'setle' 'setge' 'setlt' 'setgt'> <InPorts = 2> <OutPorts = 1>
ST_1 : Operation 30 [1/1] (0.77ns)   --->   "%add_ln561 = add i9 %i_1, i9 1" [swiglu.cpp:561]   --->   Operation 30 'add' 'add_ln561' <Predicate = true> <Delay = 0.77> <CoreInst = "Adder">   --->   Core 1 'Adder' <Latency = 0> <II = 1> <Delay = 0.77> <FuncUnit> <Opcode : 'add' 'sub'> <InPorts = 2> <OutPorts = 1>
ST_1 : Operation 31 [1/1] (0.00ns)   --->   "%br_ln561 = br i1 %icmp_ln561, void %for.inc.split, void %EXTRACT_QL.preheader.exitStub" [swiglu.cpp:561]   --->   Operation 31 'br' 'br_ln561' <Predicate = true> <Delay = 0.00>
ST_1 : Operation 32 [1/1] (0.00ns)   --->   "%trunc_ln561 = trunc i9 %i_1" [swiglu.cpp:561]   --->   Operation 32 'trunc' 'trunc_ln561' <Predicate = (!icmp_ln561)> <Delay = 0.00>
ST_1 : Operation 33 [1/1] (0.00ns)   --->   "%lshr_ln = partselect i5 @_ssdm_op_PartSelect.i5.i9.i32.i32, i9 %i_1, i32 4, i32 8" [swiglu.cpp:561]   --->   Operation 33 'partselect' 'lshr_ln' <Predicate = (!icmp_ln561)> <Delay = 0.00>
ST_1 : Operation 34 [1/1] (0.79ns)   --->   "%switch_ln563 = switch i4 %trunc_ln561, void %arrayidx2.case.15, i4 0, void %arrayidx2.case.0, i4 1, void %arrayidx2.case.1, i4 2, void %arrayidx2.case.2, i4 3, void %arrayidx2.case.3, i4 4, void %arrayidx2.case.4, i4 5, void %arrayidx2.case.5, i4 6, void %arrayidx2.case.6, i4 7, void %arrayidx2.case.7, i4 8, void %arrayidx2.case.8, i4 9, void %arrayidx2.case.9, i4 10, void %arrayidx2.case.10, i4 11, void %arrayidx2.case.11, i4 12, void %arrayidx2.case.12, i4 13, void %arrayidx2.case.13, i4 14, void %arrayidx2.case.14" [swiglu.cpp:563]   --->   Operation 34 'switch' 'switch_ln563' <Predicate = (!icmp_ln561)> <Delay = 0.79>
ST_1 : Operation 35 [1/1] (0.42ns)   --->   "%store_ln561 = store i9 %add_ln561, i9 %i" [swiglu.cpp:561]   --->   Operation 35 'store' 'store_ln561' <Predicate = (!icmp_ln561)> <Delay = 0.42>
ST_1 : Operation 36 [1/1] (0.00ns)   --->   "%br_ln561 = br void %for.inc" [swiglu.cpp:561]   --->   Operation 36 'br' 'br_ln561' <Predicate = (!icmp_ln561)> <Delay = 0.00>

State 2 <SV = 1> <Delay = 2.92>
ST_2 : Operation 37 [1/1] (0.00ns)   --->   "%gmem_Wd_addr = getelementptr i128 %gmem_Wd, i64 %sext_ln561_cast" [swiglu.cpp:561]   --->   Operation 37 'getelementptr' 'gmem_Wd_addr' <Predicate = true> <Delay = 0.00>
ST_2 : Operation 38 [1/1] (2.92ns)   --->   "%gmem_Wd_addr_read = read i128 @_ssdm_op_Read.m_axi.p1i128, i128 %gmem_Wd_addr" [swiglu.cpp:563]   --->   Operation 38 'read' 'gmem_Wd_addr_read' <Predicate = true> <Delay = 2.92> <CoreInst = "m_axi">   --->   Core 119 'm_axi' <Latency = 3> <II = 1> <Delay = 1.00> <Adapter> <Opcode : 'read' 'write' 'readreq' 'writereq' 'writeresp'>
ST_2 : Operation 91 [1/1] (0.42ns)   --->   "%ret_ln0 = ret"   --->   Operation 91 'ret' 'ret_ln0' <Predicate = (icmp_ln561)> <Delay = 0.42>

State 3 <SV = 2> <Delay = 0.67>
ST_3 : Operation 39 [1/1] (0.00ns)   --->   "%specpipeline_ln562 = specpipeline void @_ssdm_op_SpecPipeline, i32 1, i32 0, i32 0, i32 0, void @empty_26" [swiglu.cpp:562]   --->   Operation 39 'specpipeline' 'specpipeline_ln562' <Predicate = true> <Delay = 0.00>
ST_3 : Operation 40 [1/1] (0.00ns)   --->   "%speclooptripcount_ln561 = speclooptripcount void @_ssdm_op_SpecLoopTripCount, i64 420, i64 420, i64 420" [swiglu.cpp:561]   --->   Operation 40 'speclooptripcount' 'speclooptripcount_ln561' <Predicate = true> <Delay = 0.00>
ST_3 : Operation 41 [1/1] (0.00ns)   --->   "%specloopname_ln561 = specloopname void @_ssdm_op_SpecLoopName, void @empty_5" [swiglu.cpp:561]   --->   Operation 41 'specloopname' 'specloopname_ln561' <Predicate = true> <Delay = 0.00>
ST_3 : Operation 42 [1/1] (0.00ns)   --->   "%zext_ln561 = zext i5 %lshr_ln" [swiglu.cpp:561]   --->   Operation 42 'zext' 'zext_ln561' <Predicate = true> <Delay = 0.00>
ST_3 : Operation 43 [1/1] (0.00ns)   --->   "%flat_addr = getelementptr i128 %flat, i64 0, i64 %zext_ln561" [swiglu.cpp:563]   --->   Operation 43 'getelementptr' 'flat_addr' <Predicate = true> <Delay = 0.00>
ST_3 : Operation 44 [1/1] (0.00ns)   --->   "%flat_16_addr = getelementptr i128 %flat_16, i64 0, i64 %zext_ln561" [swiglu.cpp:563]   --->   Operation 44 'getelementptr' 'flat_16_addr' <Predicate = true> <Delay = 0.00>
ST_3 : Operation 45 [1/1] (0.00ns)   --->   "%flat_17_addr = getelementptr i128 %flat_17, i64 0, i64 %zext_ln561" [swiglu.cpp:563]   --->   Operation 45 'getelementptr' 'flat_17_addr' <Predicate = true> <Delay = 0.00>
ST_3 : Operation 46 [1/1] (0.00ns)   --->   "%flat_18_addr = getelementptr i128 %flat_18, i64 0, i64 %zext_ln561" [swiglu.cpp:563]   --->   Operation 46 'getelementptr' 'flat_18_addr' <Predicate = true> <Delay = 0.00>
ST_3 : Operation 47 [1/1] (0.00ns)   --->   "%flat_19_addr = getelementptr i128 %flat_19, i64 0, i64 %zext_ln561" [swiglu.cpp:563]   --->   Operation 47 'getelementptr' 'flat_19_addr' <Predicate = true> <Delay = 0.00>
ST_3 : Operation 48 [1/1] (0.00ns)   --->   "%flat_20_addr = getelementptr i128 %flat_20, i64 0, i64 %zext_ln561" [swiglu.cpp:563]   --->   Operation 48 'getelementptr' 'flat_20_addr' <Predicate = true> <Delay = 0.00>
ST_3 : Operation 49 [1/1] (0.00ns)   --->   "%flat_21_addr = getelementptr i128 %flat_21, i64 0, i64 %zext_ln561" [swiglu.cpp:563]   --->   Operation 49 'getelementptr' 'flat_21_addr' <Predicate = true> <Delay = 0.00>
ST_3 : Operation 50 [1/1] (0.00ns)   --->   "%flat_22_addr = getelementptr i128 %flat_22, i64 0, i64 %zext_ln561" [swiglu.cpp:563]   --->   Operation 50 'getelementptr' 'flat_22_addr' <Predicate = true> <Delay = 0.00>
ST_3 : Operation 51 [1/1] (0.00ns)   --->   "%flat_23_addr = getelementptr i128 %flat_23, i64 0, i64 %zext_ln561" [swiglu.cpp:563]   --->   Operation 51 'getelementptr' 'flat_23_addr' <Predicate = true> <Delay = 0.00>
ST_3 : Operation 52 [1/1] (0.00ns)   --->   "%flat_24_addr = getelementptr i128 %flat_24, i64 0, i64 %zext_ln561" [swiglu.cpp:563]   --->   Operation 52 'getelementptr' 'flat_24_addr' <Predicate = true> <Delay = 0.00>
ST_3 : Operation 53 [1/1] (0.00ns)   --->   "%flat_25_addr = getelementptr i128 %flat_25, i64 0, i64 %zext_ln561" [swiglu.cpp:563]   --->   Operation 53 'getelementptr' 'flat_25_addr' <Predicate = true> <Delay = 0.00>
ST_3 : Operation 54 [1/1] (0.00ns)   --->   "%flat_26_addr = getelementptr i128 %flat_26, i64 0, i64 %zext_ln561" [swiglu.cpp:563]   --->   Operation 54 'getelementptr' 'flat_26_addr' <Predicate = true> <Delay = 0.00>
ST_3 : Operation 55 [1/1] (0.00ns)   --->   "%flat_27_addr = getelementptr i128 %flat_27, i64 0, i64 %zext_ln561" [swiglu.cpp:563]   --->   Operation 55 'getelementptr' 'flat_27_addr' <Predicate = true> <Delay = 0.00>
ST_3 : Operation 56 [1/1] (0.00ns)   --->   "%flat_28_addr = getelementptr i128 %flat_28, i64 0, i64 %zext_ln561" [swiglu.cpp:563]   --->   Operation 56 'getelementptr' 'flat_28_addr' <Predicate = true> <Delay = 0.00>
ST_3 : Operation 57 [1/1] (0.00ns)   --->   "%flat_29_addr = getelementptr i128 %flat_29, i64 0, i64 %zext_ln561" [swiglu.cpp:563]   --->   Operation 57 'getelementptr' 'flat_29_addr' <Predicate = true> <Delay = 0.00>
ST_3 : Operation 58 [1/1] (0.00ns)   --->   "%flat_30_addr = getelementptr i128 %flat_30, i64 0, i64 %zext_ln561" [swiglu.cpp:563]   --->   Operation 58 'getelementptr' 'flat_30_addr' <Predicate = true> <Delay = 0.00>
ST_3 : Operation 59 [1/1] ( I:0.67ns O:0.67ns )   --->   "%store_ln563 = store i128 %gmem_Wd_addr_read, i5 %flat_29_addr" [swiglu.cpp:563]   --->   Operation 59 'store' 'store_ln563' <Predicate = (trunc_ln561 == 14)> <Delay = 0.67> <CoreInst = "RAM_1P_LUTRAM">   --->   Core 88 'RAM_1P_LUTRAM' <Latency = 1> <II = 1> <Delay = 0.67> <Storage> <Opcode : 'load' 'store'> <Ports = 1> <Width = 128> <Depth = 27> <RAM>
ST_3 : Operation 60 [1/1] (0.00ns)   --->   "%br_ln563 = br void %arrayidx2.exit" [swiglu.cpp:563]   --->   Operation 60 'br' 'br_ln563' <Predicate = (trunc_ln561 == 14)> <Delay = 0.00>
ST_3 : Operation 61 [1/1] ( I:0.67ns O:0.67ns )   --->   "%store_ln563 = store i128 %gmem_Wd_addr_read, i5 %flat_28_addr" [swiglu.cpp:563]   --->   Operation 61 'store' 'store_ln563' <Predicate = (trunc_ln561 == 13)> <Delay = 0.67> <CoreInst = "RAM_1P_LUTRAM">   --->   Core 88 'RAM_1P_LUTRAM' <Latency = 1> <II = 1> <Delay = 0.67> <Storage> <Opcode : 'load' 'store'> <Ports = 1> <Width = 128> <Depth = 27> <RAM>
ST_3 : Operation 62 [1/1] (0.00ns)   --->   "%br_ln563 = br void %arrayidx2.exit" [swiglu.cpp:563]   --->   Operation 62 'br' 'br_ln563' <Predicate = (trunc_ln561 == 13)> <Delay = 0.00>
ST_3 : Operation 63 [1/1] ( I:0.67ns O:0.67ns )   --->   "%store_ln563 = store i128 %gmem_Wd_addr_read, i5 %flat_27_addr" [swiglu.cpp:563]   --->   Operation 63 'store' 'store_ln563' <Predicate = (trunc_ln561 == 12)> <Delay = 0.67> <CoreInst = "RAM_1P_LUTRAM">   --->   Core 88 'RAM_1P_LUTRAM' <Latency = 1> <II = 1> <Delay = 0.67> <Storage> <Opcode : 'load' 'store'> <Ports = 1> <Width = 128> <Depth = 27> <RAM>
ST_3 : Operation 64 [1/1] (0.00ns)   --->   "%br_ln563 = br void %arrayidx2.exit" [swiglu.cpp:563]   --->   Operation 64 'br' 'br_ln563' <Predicate = (trunc_ln561 == 12)> <Delay = 0.00>
ST_3 : Operation 65 [1/1] ( I:0.67ns O:0.67ns )   --->   "%store_ln563 = store i128 %gmem_Wd_addr_read, i5 %flat_26_addr" [swiglu.cpp:563]   --->   Operation 65 'store' 'store_ln563' <Predicate = (trunc_ln561 == 11)> <Delay = 0.67> <CoreInst = "RAM_1P_LUTRAM">   --->   Core 88 'RAM_1P_LUTRAM' <Latency = 1> <II = 1> <Delay = 0.67> <Storage> <Opcode : 'load' 'store'> <Ports = 1> <Width = 128> <Depth = 27> <RAM>
ST_3 : Operation 66 [1/1] (0.00ns)   --->   "%br_ln563 = br void %arrayidx2.exit" [swiglu.cpp:563]   --->   Operation 66 'br' 'br_ln563' <Predicate = (trunc_ln561 == 11)> <Delay = 0.00>
ST_3 : Operation 67 [1/1] ( I:0.67ns O:0.67ns )   --->   "%store_ln563 = store i128 %gmem_Wd_addr_read, i5 %flat_25_addr" [swiglu.cpp:563]   --->   Operation 67 'store' 'store_ln563' <Predicate = (trunc_ln561 == 10)> <Delay = 0.67> <CoreInst = "RAM_1P_LUTRAM">   --->   Core 88 'RAM_1P_LUTRAM' <Latency = 1> <II = 1> <Delay = 0.67> <Storage> <Opcode : 'load' 'store'> <Ports = 1> <Width = 128> <Depth = 27> <RAM>
ST_3 : Operation 68 [1/1] (0.00ns)   --->   "%br_ln563 = br void %arrayidx2.exit" [swiglu.cpp:563]   --->   Operation 68 'br' 'br_ln563' <Predicate = (trunc_ln561 == 10)> <Delay = 0.00>
ST_3 : Operation 69 [1/1] ( I:0.67ns O:0.67ns )   --->   "%store_ln563 = store i128 %gmem_Wd_addr_read, i5 %flat_24_addr" [swiglu.cpp:563]   --->   Operation 69 'store' 'store_ln563' <Predicate = (trunc_ln561 == 9)> <Delay = 0.67> <CoreInst = "RAM_1P_LUTRAM">   --->   Core 88 'RAM_1P_LUTRAM' <Latency = 1> <II = 1> <Delay = 0.67> <Storage> <Opcode : 'load' 'store'> <Ports = 1> <Width = 128> <Depth = 27> <RAM>
ST_3 : Operation 70 [1/1] (0.00ns)   --->   "%br_ln563 = br void %arrayidx2.exit" [swiglu.cpp:563]   --->   Operation 70 'br' 'br_ln563' <Predicate = (trunc_ln561 == 9)> <Delay = 0.00>
ST_3 : Operation 71 [1/1] ( I:0.67ns O:0.67ns )   --->   "%store_ln563 = store i128 %gmem_Wd_addr_read, i5 %flat_23_addr" [swiglu.cpp:563]   --->   Operation 71 'store' 'store_ln563' <Predicate = (trunc_ln561 == 8)> <Delay = 0.67> <CoreInst = "RAM_1P_LUTRAM">   --->   Core 88 'RAM_1P_LUTRAM' <Latency = 1> <II = 1> <Delay = 0.67> <Storage> <Opcode : 'load' 'store'> <Ports = 1> <Width = 128> <Depth = 27> <RAM>
ST_3 : Operation 72 [1/1] (0.00ns)   --->   "%br_ln563 = br void %arrayidx2.exit" [swiglu.cpp:563]   --->   Operation 72 'br' 'br_ln563' <Predicate = (trunc_ln561 == 8)> <Delay = 0.00>
ST_3 : Operation 73 [1/1] ( I:0.67ns O:0.67ns )   --->   "%store_ln563 = store i128 %gmem_Wd_addr_read, i5 %flat_22_addr" [swiglu.cpp:563]   --->   Operation 73 'store' 'store_ln563' <Predicate = (trunc_ln561 == 7)> <Delay = 0.67> <CoreInst = "RAM_1P_LUTRAM">   --->   Core 88 'RAM_1P_LUTRAM' <Latency = 1> <II = 1> <Delay = 0.67> <Storage> <Opcode : 'load' 'store'> <Ports = 1> <Width = 128> <Depth = 27> <RAM>
ST_3 : Operation 74 [1/1] (0.00ns)   --->   "%br_ln563 = br void %arrayidx2.exit" [swiglu.cpp:563]   --->   Operation 74 'br' 'br_ln563' <Predicate = (trunc_ln561 == 7)> <Delay = 0.00>
ST_3 : Operation 75 [1/1] ( I:0.67ns O:0.67ns )   --->   "%store_ln563 = store i128 %gmem_Wd_addr_read, i5 %flat_21_addr" [swiglu.cpp:563]   --->   Operation 75 'store' 'store_ln563' <Predicate = (trunc_ln561 == 6)> <Delay = 0.67> <CoreInst = "RAM_1P_LUTRAM">   --->   Core 88 'RAM_1P_LUTRAM' <Latency = 1> <II = 1> <Delay = 0.67> <Storage> <Opcode : 'load' 'store'> <Ports = 1> <Width = 128> <Depth = 27> <RAM>
ST_3 : Operation 76 [1/1] (0.00ns)   --->   "%br_ln563 = br void %arrayidx2.exit" [swiglu.cpp:563]   --->   Operation 76 'br' 'br_ln563' <Predicate = (trunc_ln561 == 6)> <Delay = 0.00>
ST_3 : Operation 77 [1/1] ( I:0.67ns O:0.67ns )   --->   "%store_ln563 = store i128 %gmem_Wd_addr_read, i5 %flat_20_addr" [swiglu.cpp:563]   --->   Operation 77 'store' 'store_ln563' <Predicate = (trunc_ln561 == 5)> <Delay = 0.67> <CoreInst = "RAM_1P_LUTRAM">   --->   Core 88 'RAM_1P_LUTRAM' <Latency = 1> <II = 1> <Delay = 0.67> <Storage> <Opcode : 'load' 'store'> <Ports = 1> <Width = 128> <Depth = 27> <RAM>
ST_3 : Operation 78 [1/1] (0.00ns)   --->   "%br_ln563 = br void %arrayidx2.exit" [swiglu.cpp:563]   --->   Operation 78 'br' 'br_ln563' <Predicate = (trunc_ln561 == 5)> <Delay = 0.00>
ST_3 : Operation 79 [1/1] ( I:0.67ns O:0.67ns )   --->   "%store_ln563 = store i128 %gmem_Wd_addr_read, i5 %flat_19_addr" [swiglu.cpp:563]   --->   Operation 79 'store' 'store_ln563' <Predicate = (trunc_ln561 == 4)> <Delay = 0.67> <CoreInst = "RAM_1P_LUTRAM">   --->   Core 88 'RAM_1P_LUTRAM' <Latency = 1> <II = 1> <Delay = 0.67> <Storage> <Opcode : 'load' 'store'> <Ports = 1> <Width = 128> <Depth = 27> <RAM>
ST_3 : Operation 80 [1/1] (0.00ns)   --->   "%br_ln563 = br void %arrayidx2.exit" [swiglu.cpp:563]   --->   Operation 80 'br' 'br_ln563' <Predicate = (trunc_ln561 == 4)> <Delay = 0.00>
ST_3 : Operation 81 [1/1] ( I:0.67ns O:0.67ns )   --->   "%store_ln563 = store i128 %gmem_Wd_addr_read, i5 %flat_18_addr" [swiglu.cpp:563]   --->   Operation 81 'store' 'store_ln563' <Predicate = (trunc_ln561 == 3)> <Delay = 0.67> <CoreInst = "RAM_1P_LUTRAM">   --->   Core 88 'RAM_1P_LUTRAM' <Latency = 1> <II = 1> <Delay = 0.67> <Storage> <Opcode : 'load' 'store'> <Ports = 1> <Width = 128> <Depth = 27> <RAM>
ST_3 : Operation 82 [1/1] (0.00ns)   --->   "%br_ln563 = br void %arrayidx2.exit" [swiglu.cpp:563]   --->   Operation 82 'br' 'br_ln563' <Predicate = (trunc_ln561 == 3)> <Delay = 0.00>
ST_3 : Operation 83 [1/1] ( I:0.67ns O:0.67ns )   --->   "%store_ln563 = store i128 %gmem_Wd_addr_read, i5 %flat_17_addr" [swiglu.cpp:563]   --->   Operation 83 'store' 'store_ln563' <Predicate = (trunc_ln561 == 2)> <Delay = 0.67> <CoreInst = "RAM_1P_LUTRAM">   --->   Core 88 'RAM_1P_LUTRAM' <Latency = 1> <II = 1> <Delay = 0.67> <Storage> <Opcode : 'load' 'store'> <Ports = 1> <Width = 128> <Depth = 27> <RAM>
ST_3 : Operation 84 [1/1] (0.00ns)   --->   "%br_ln563 = br void %arrayidx2.exit" [swiglu.cpp:563]   --->   Operation 84 'br' 'br_ln563' <Predicate = (trunc_ln561 == 2)> <Delay = 0.00>
ST_3 : Operation 85 [1/1] ( I:0.67ns O:0.67ns )   --->   "%store_ln563 = store i128 %gmem_Wd_addr_read, i5 %flat_16_addr" [swiglu.cpp:563]   --->   Operation 85 'store' 'store_ln563' <Predicate = (trunc_ln561 == 1)> <Delay = 0.67> <CoreInst = "RAM_1P_LUTRAM">   --->   Core 88 'RAM_1P_LUTRAM' <Latency = 1> <II = 1> <Delay = 0.67> <Storage> <Opcode : 'load' 'store'> <Ports = 1> <Width = 128> <Depth = 27> <RAM>
ST_3 : Operation 86 [1/1] (0.00ns)   --->   "%br_ln563 = br void %arrayidx2.exit" [swiglu.cpp:563]   --->   Operation 86 'br' 'br_ln563' <Predicate = (trunc_ln561 == 1)> <Delay = 0.00>
ST_3 : Operation 87 [1/1] ( I:0.67ns O:0.67ns )   --->   "%store_ln563 = store i128 %gmem_Wd_addr_read, i5 %flat_addr" [swiglu.cpp:563]   --->   Operation 87 'store' 'store_ln563' <Predicate = (trunc_ln561 == 0)> <Delay = 0.67> <CoreInst = "RAM_1P_LUTRAM">   --->   Core 88 'RAM_1P_LUTRAM' <Latency = 1> <II = 1> <Delay = 0.67> <Storage> <Opcode : 'load' 'store'> <Ports = 1> <Width = 128> <Depth = 27> <RAM>
ST_3 : Operation 88 [1/1] (0.00ns)   --->   "%br_ln563 = br void %arrayidx2.exit" [swiglu.cpp:563]   --->   Operation 88 'br' 'br_ln563' <Predicate = (trunc_ln561 == 0)> <Delay = 0.00>
ST_3 : Operation 89 [1/1] ( I:0.67ns O:0.67ns )   --->   "%store_ln563 = store i128 %gmem_Wd_addr_read, i5 %flat_30_addr" [swiglu.cpp:563]   --->   Operation 89 'store' 'store_ln563' <Predicate = (trunc_ln561 == 15)> <Delay = 0.67> <CoreInst = "RAM_1P_LUTRAM">   --->   Core 88 'RAM_1P_LUTRAM' <Latency = 1> <II = 1> <Delay = 0.67> <Storage> <Opcode : 'load' 'store'> <Ports = 1> <Width = 128> <Depth = 27> <RAM>
ST_3 : Operation 90 [1/1] (0.00ns)   --->   "%br_ln563 = br void %arrayidx2.exit" [swiglu.cpp:563]   --->   Operation 90 'br' 'br_ln563' <Predicate = (trunc_ln561 == 15)> <Delay = 0.00>


============================================================
+ Verbose Summary: Timing violations
============================================================
Target clock period: 4.000ns, clock uncertainty: 1.080ns.

 <State 1>: 1.630ns
The critical path consists of the following:
	'store' operation 0 bit ('store_ln561', swiglu.cpp:561) of constant 0 on local variable 'i', swiglu.cpp:561 [39]  (0.427 ns)
	'load' operation 9 bit ('i', swiglu.cpp:561) on local variable 'i', swiglu.cpp:561 [42]  (0.000 ns)
	'icmp' operation 1 bit ('icmp_ln561', swiglu.cpp:561) [43]  (0.776 ns)
	'store' operation 0 bit ('store_ln561', swiglu.cpp:561) of variable 'add_ln561', swiglu.cpp:561 on local variable 'i', swiglu.cpp:561 [121]  (0.427 ns)

 <State 2>: 2.920ns
The critical path consists of the following:
	'getelementptr' operation 128 bit ('gmem_Wd_addr', swiglu.cpp:561) [47]  (0.000 ns)
	bus read operation ('gmem_Wd_addr_read', swiglu.cpp:563) on port 'gmem_Wd' (swiglu.cpp:563) [70]  (2.920 ns)

 <State 3>: 0.670ns
The critical path consists of the following:
	'getelementptr' operation 5 bit ('flat_20_addr', swiglu.cpp:563) [59]  (0.000 ns)
	'store' operation 0 bit ('store_ln563', swiglu.cpp:563) of variable 'gmem_Wd_addr_read', swiglu.cpp:563 on array 'flat_20' [100]  (0.670 ns)


============================================================
+ Verbose Summary: Binding
============================================================
N/A
* FSMD analyzer results:
  - Output states:
 - Input state : 
  - Chain level:
	State 1
	State 2
	State 3


============================================================
+ Verbose Summary: Datapath Resource usage 
============================================================
N/A
