

================================================================
== Vitis HLS Report for 'load_row_down_q4k_Pipeline_LOAD_DOWN_Q4K_VITIS_LOOP_316_1'
================================================================
* Date:           Sun Mar 29 14:53:11 2026

* Version:        2025.1 (Build 6135595 on May 21 2025)
* Project:        swiglu
* Solution:       hls (Vivado IP Flow Target)
* Product family: zynquplus
* Target device:  xck26-sfvc784-2LV-c


================================================================
== Performance Estimates
================================================================
+ Timing: 
    * Summary: 
    +--------+---------+----------+------------+
    |  Clock |  Target | Estimated| Uncertainty|
    +--------+---------+----------+------------+
    |ap_clk  |  3.33 ns|  2.430 ns|     0.90 ns|
    +--------+---------+----------+------------+

+ Latency: 
    * Summary: 
    +---------+---------+----------+----------+-----+-----+------------------------------------------------+
    |  Latency (cycles) |  Latency (absolute) |  Interval |                    Pipeline                    |
    |   min   |   max   |    min   |    max   | min | max |                      Type                      |
    +---------+---------+----------+----------+-----+-----+------------------------------------------------+
    |      291|      291|  0.969 us|  0.969 us|  289|  289|  loop auto-rewind stp (delay=0 clock cycles(s))|
    +---------+---------+----------+----------+-----+-----+------------------------------------------------+

    + Detail: 
        * Instance: 
        N/A

        * Loop: 
        +----------------------------------+---------+---------+----------+-----------+-----------+------+----------+
        |                                  |  Latency (cycles) | Iteration|  Initiation Interval  | Trip |          |
        |             Loop Name            |   min   |   max   |  Latency |  achieved |   target  | Count| Pipelined|
        +----------------------------------+---------+---------+----------+-----------+-----------+------+----------+
        |- LOAD_DOWN_Q4K_VITIS_LOOP_316_1  |      289|      289|         3|          1|          1|   288|       yes|
        +----------------------------------+---------+---------+----------+-----------+-----------+------+----------+

============================================================
+ Verbose Summary: Synthesis Manager
============================================================
InlineROM: 1
ExposeGlobal: 0
============================================================
+ Verbose Summary: CDFG Model
============================================================
IsTopModel: 0
ResetActiveHigh: 1
IsCombinational: 0
IsDatapathOnly: 0
HasWiredReturn: 1
HasMFsm: 2
HasVarLatency: 1
IsPipeline: 0
IsRtlPipelined: 0
IsInstanceOverlapped: 0
IsDontTouch: 0
HasImplIP: 0
IsGatedGlobalClock: 0

+ Individual pipeline summary: 
  * Pipeline-0: initiation interval (II) = 1, depth = 3


============================================================
+ Verbose Summary: Schedule
============================================================
* Number of FSM states : 3
* Pipeline : 1
  Pipeline-0 : II = 1, D = 3, States = { 1 2 3 }
* Dataflow Pipeline: 0

* FSM state transitions: 
1 --> 2 
2 --> 3 
3 --> 

* FSM state operations: 

State 1 <SV = 0> <Delay = 1.63>
ST_1 : Operation 6 [1/1] (0.00ns)   --->   "%w = alloca i32 1" [swiglu.cpp:316]   --->   Operation 6 'alloca' 'w' <Predicate = true> <Delay = 0.00>
ST_1 : Operation 7 [1/1] (0.00ns)   --->   "%b = alloca i32 1" [swiglu.cpp:315]   --->   Operation 7 'alloca' 'b' <Predicate = true> <Delay = 0.00>
ST_1 : Operation 8 [1/1] (0.00ns)   --->   "%indvar_flatten = alloca i32 1"   --->   Operation 8 'alloca' 'indvar_flatten' <Predicate = true> <Delay = 0.00>
ST_1 : Operation 9 [1/1] (0.00ns)   --->   "%sext_ln315_read = read i60 @_ssdm_op_Read.ap_auto.i60, i60 %sext_ln315"   --->   Operation 9 'read' 'sext_ln315_read' <Predicate = true> <Delay = 0.00>
ST_1 : Operation 10 [1/1] (0.00ns)   --->   "%sext_ln315_cast = sext i60 %sext_ln315_read"   --->   Operation 10 'sext' 'sext_ln315_cast' <Predicate = true> <Delay = 0.00>
ST_1 : Operation 11 [1/1] (0.00ns)   --->   "%specinterface_ln0 = specinterface void @_ssdm_op_SpecInterface, i128 %gmem_Wd, void @empty_31, i32 0, i32 0, void @empty_32, i32 64, i32 860160, void @empty_0, void @empty_35, void @empty_32, i32 16, i32 16, i32 256, i32 16, void @empty_32, void @empty_32, i32 4294967295, i32 0, i32 0"   --->   Operation 11 'specinterface' 'specinterface_ln0' <Predicate = true> <Delay = 0.00>
ST_1 : Operation 12 [1/1] (0.42ns)   --->   "%store_ln0 = store i9 0, i9 %indvar_flatten"   --->   Operation 12 'store' 'store_ln0' <Predicate = true> <Delay = 0.42>
ST_1 : Operation 13 [1/1] (0.42ns)   --->   "%store_ln315 = store i6 0, i6 %b" [swiglu.cpp:315]   --->   Operation 13 'store' 'store_ln315' <Predicate = true> <Delay = 0.42>
ST_1 : Operation 14 [1/1] (0.42ns)   --->   "%store_ln316 = store i4 0, i4 %w" [swiglu.cpp:316]   --->   Operation 14 'store' 'store_ln316' <Predicate = true> <Delay = 0.42>
ST_1 : Operation 15 [1/1] (0.00ns)   --->   "%br_ln0 = br void %for.inc"   --->   Operation 15 'br' 'br_ln0' <Predicate = true> <Delay = 0.00>
ST_1 : Operation 16 [1/1] (0.00ns)   --->   "%indvar_flatten_load = load i9 %indvar_flatten" [swiglu.cpp:315]   --->   Operation 16 'load' 'indvar_flatten_load' <Predicate = true> <Delay = 0.00>
ST_1 : Operation 17 [1/1] (0.77ns)   --->   "%icmp_ln315 = icmp_eq  i9 %indvar_flatten_load, i9 288" [swiglu.cpp:315]   --->   Operation 17 'icmp' 'icmp_ln315' <Predicate = true> <Delay = 0.77> <CoreInst = "Cmp">   --->   Core 9 'Cmp' <Latency = 0> <II = 1> <Delay = 0.77> <FuncUnit> <Opcode : 'seteq' 'setne' 'setle' 'setge' 'setlt' 'setgt'> <InPorts = 2> <OutPorts = 1>
ST_1 : Operation 18 [1/1] (0.77ns)   --->   "%add_ln315_1 = add i9 %indvar_flatten_load, i9 1" [swiglu.cpp:315]   --->   Operation 18 'add' 'add_ln315_1' <Predicate = true> <Delay = 0.77> <CoreInst = "Adder">   --->   Core 1 'Adder' <Latency = 0> <II = 1> <Delay = 0.77> <FuncUnit> <Opcode : 'add' 'sub'> <InPorts = 2> <OutPorts = 1>
ST_1 : Operation 19 [1/1] (0.00ns)   --->   "%br_ln315 = br i1 %icmp_ln315, void %for.inc10, void %for.end12.exitStub" [swiglu.cpp:315]   --->   Operation 19 'br' 'br_ln315' <Predicate = true> <Delay = 0.00>
ST_1 : Operation 20 [1/1] (0.42ns)   --->   "%store_ln315 = store i9 %add_ln315_1, i9 %indvar_flatten" [swiglu.cpp:315]   --->   Operation 20 'store' 'store_ln315' <Predicate = (!icmp_ln315)> <Delay = 0.42>

State 2 <SV = 1> <Delay = 2.43>
ST_2 : Operation 21 [1/1] (0.00ns)   --->   "%w_load = load i4 %w" [swiglu.cpp:316]   --->   Operation 21 'load' 'w_load' <Predicate = true> <Delay = 0.00>
ST_2 : Operation 22 [1/1] (0.00ns)   --->   "%b_load = load i6 %b" [swiglu.cpp:315]   --->   Operation 22 'load' 'b_load' <Predicate = true> <Delay = 0.00>
ST_2 : Operation 23 [1/1] (0.00ns)   --->   "%gmem_Wd_addr = getelementptr i128 %gmem_Wd, i64 %sext_ln315_cast" [swiglu.cpp:315]   --->   Operation 23 'getelementptr' 'gmem_Wd_addr' <Predicate = true> <Delay = 0.00>
ST_2 : Operation 24 [1/1] (0.78ns)   --->   "%add_ln315 = add i6 %b_load, i6 1" [swiglu.cpp:315]   --->   Operation 24 'add' 'add_ln315' <Predicate = true> <Delay = 0.78> <CoreInst = "Adder">   --->   Core 1 'Adder' <Latency = 0> <II = 1> <Delay = 0.78> <FuncUnit> <Opcode : 'add' 'sub'> <InPorts = 2> <OutPorts = 1>
ST_2 : Operation 25 [1/1] (0.79ns)   --->   "%icmp_ln316 = icmp_eq  i4 %w_load, i4 9" [swiglu.cpp:316]   --->   Operation 25 'icmp' 'icmp_ln316' <Predicate = true> <Delay = 0.79> <CoreInst = "Cmp">   --->   Core 9 'Cmp' <Latency = 0> <II = 1> <Delay = 0.79> <FuncUnit> <Opcode : 'seteq' 'setne' 'setle' 'setge' 'setlt' 'setgt'> <InPorts = 2> <OutPorts = 1>
ST_2 : Operation 26 [1/1] (0.39ns)   --->   "%select_ln315 = select i1 %icmp_ln316, i4 0, i4 %w_load" [swiglu.cpp:315]   --->   Operation 26 'select' 'select_ln315' <Predicate = true> <Delay = 0.39> <CoreInst = "Sel">   --->   Core 73 'Sel' <Latency = 0> <II = 1> <Delay = 0.39> <FuncUnit> <Opcode : 'select'> <InPorts = 3> <OutPorts = 1>
ST_2 : Operation 27 [1/1] (0.38ns)   --->   "%select_ln315_1 = select i1 %icmp_ln316, i6 %add_ln315, i6 %b_load" [swiglu.cpp:315]   --->   Operation 27 'select' 'select_ln315_1' <Predicate = true> <Delay = 0.38> <CoreInst = "Sel">   --->   Core 73 'Sel' <Latency = 0> <II = 1> <Delay = 0.38> <FuncUnit> <Opcode : 'select'> <InPorts = 3> <OutPorts = 1>
ST_2 : Operation 28 [1/1] (0.00ns)   --->   "%trunc_ln315 = trunc i6 %select_ln315_1" [swiglu.cpp:315]   --->   Operation 28 'trunc' 'trunc_ln315' <Predicate = true> <Delay = 0.00>
ST_2 : Operation 29 [1/1] (0.00ns)   --->   "%lshr_ln = partselect i2 @_ssdm_op_PartSelect.i2.i6.i32.i32, i6 %select_ln315_1, i32 3, i32 4" [swiglu.cpp:315]   --->   Operation 29 'partselect' 'lshr_ln' <Predicate = true> <Delay = 0.00>
ST_2 : Operation 30 [1/1] (2.43ns)   --->   "%gmem_Wd_addr_read = read i128 @_ssdm_op_Read.m_axi.p1i128, i128 %gmem_Wd_addr" [swiglu.cpp:318]   --->   Operation 30 'read' 'gmem_Wd_addr_read' <Predicate = true> <Delay = 2.43> <CoreInst = "m_axi">   --->   Core 119 'm_axi' <Latency = 3> <II = 1> <Delay = 1.00> <Adapter> <Opcode : 'read' 'write' 'readreq' 'writereq' 'writeresp'>
ST_2 : Operation 31 [1/1] (0.67ns)   --->   "%switch_ln318 = switch i3 %trunc_ln315, void %arrayidx911.case.7, i3 0, void %arrayidx911.case.0, i3 1, void %arrayidx911.case.1, i3 2, void %arrayidx911.case.2, i3 3, void %arrayidx911.case.3, i3 4, void %arrayidx911.case.4, i3 5, void %arrayidx911.case.5, i3 6, void %arrayidx911.case.6" [swiglu.cpp:318]   --->   Operation 31 'switch' 'switch_ln318' <Predicate = true> <Delay = 0.67>
ST_2 : Operation 32 [1/1] (0.79ns)   --->   "%add_ln316 = add i4 %select_ln315, i4 1" [swiglu.cpp:316]   --->   Operation 32 'add' 'add_ln316' <Predicate = true> <Delay = 0.79> <CoreInst = "Adder">   --->   Core 1 'Adder' <Latency = 0> <II = 1> <Delay = 0.79> <FuncUnit> <Opcode : 'add' 'sub'> <InPorts = 2> <OutPorts = 1>
ST_2 : Operation 33 [1/1] (0.42ns)   --->   "%store_ln315 = store i6 %select_ln315_1, i6 %b" [swiglu.cpp:315]   --->   Operation 33 'store' 'store_ln315' <Predicate = true> <Delay = 0.42>
ST_2 : Operation 34 [1/1] (0.42ns)   --->   "%store_ln316 = store i4 %add_ln316, i4 %w" [swiglu.cpp:316]   --->   Operation 34 'store' 'store_ln316' <Predicate = true> <Delay = 0.42>
ST_2 : Operation 35 [1/1] (0.00ns)   --->   "%br_ln316 = br void %for.inc" [swiglu.cpp:316]   --->   Operation 35 'br' 'br_ln316' <Predicate = true> <Delay = 0.00>
ST_2 : Operation 68 [1/1] (0.42ns)   --->   "%ret_ln0 = ret"   --->   Operation 68 'ret' 'ret_ln0' <Predicate = (icmp_ln315)> <Delay = 0.42>

State 3 <SV = 2> <Delay = 2.02>
ST_3 : Operation 36 [1/1] (0.00ns)   --->   "%specloopname_ln0 = specloopname void @_ssdm_op_SpecLoopName, void @LOAD_DOWN_Q4K_VITIS_LOOP_316_1_str"   --->   Operation 36 'specloopname' 'specloopname_ln0' <Predicate = true> <Delay = 0.00>
ST_3 : Operation 37 [1/1] (0.00ns)   --->   "%speclooptripcount_ln0 = speclooptripcount void @_ssdm_op_SpecLoopTripCount, i64 288, i64 288, i64 288"   --->   Operation 37 'speclooptripcount' 'speclooptripcount_ln0' <Predicate = true> <Delay = 0.00>
ST_3 : Operation 38 [1/1] (0.00ns)   --->   "%tmp = bitconcatenate i5 @_ssdm_op_BitConcatenate.i5.i2.i1.i2, i2 %lshr_ln, i1 0, i2 %lshr_ln" [swiglu.cpp:318]   --->   Operation 38 'bitconcatenate' 'tmp' <Predicate = true> <Delay = 0.00>
ST_3 : Operation 39 [1/1] (0.00ns)   --->   "%zext_ln318 = zext i5 %tmp" [swiglu.cpp:318]   --->   Operation 39 'zext' 'zext_ln318' <Predicate = true> <Delay = 0.00>
ST_3 : Operation 40 [1/1] (0.00ns)   --->   "%zext_ln318_1 = zext i4 %select_ln315" [swiglu.cpp:318]   --->   Operation 40 'zext' 'zext_ln318_1' <Predicate = true> <Delay = 0.00>
ST_3 : Operation 41 [1/1] (0.78ns)   --->   "%add_ln318 = add i6 %zext_ln318, i6 %zext_ln318_1" [swiglu.cpp:318]   --->   Operation 41 'add' 'add_ln318' <Predicate = true> <Delay = 0.78> <CoreInst = "Adder">   --->   Core 1 'Adder' <Latency = 0> <II = 1> <Delay = 0.78> <FuncUnit> <Opcode : 'add' 'sub'> <InPorts = 2> <OutPorts = 1>
ST_3 : Operation 42 [1/1] (0.00ns)   --->   "%zext_ln318_2 = zext i6 %add_ln318" [swiglu.cpp:318]   --->   Operation 42 'zext' 'zext_ln318_2' <Predicate = true> <Delay = 0.00>
ST_3 : Operation 43 [1/1] (0.00ns)   --->   "%rb_0_addr = getelementptr i128 %rb_0, i64 0, i64 %zext_ln318_2" [swiglu.cpp:318]   --->   Operation 43 'getelementptr' 'rb_0_addr' <Predicate = true> <Delay = 0.00>
ST_3 : Operation 44 [1/1] (0.00ns)   --->   "%rb_1_addr = getelementptr i128 %rb_1, i64 0, i64 %zext_ln318_2" [swiglu.cpp:318]   --->   Operation 44 'getelementptr' 'rb_1_addr' <Predicate = true> <Delay = 0.00>
ST_3 : Operation 45 [1/1] (0.00ns)   --->   "%rb_2_addr = getelementptr i128 %rb_2, i64 0, i64 %zext_ln318_2" [swiglu.cpp:318]   --->   Operation 45 'getelementptr' 'rb_2_addr' <Predicate = true> <Delay = 0.00>
ST_3 : Operation 46 [1/1] (0.00ns)   --->   "%rb_3_addr = getelementptr i128 %rb_3, i64 0, i64 %zext_ln318_2" [swiglu.cpp:318]   --->   Operation 46 'getelementptr' 'rb_3_addr' <Predicate = true> <Delay = 0.00>
ST_3 : Operation 47 [1/1] (0.00ns)   --->   "%rb_4_addr = getelementptr i128 %rb_4, i64 0, i64 %zext_ln318_2" [swiglu.cpp:318]   --->   Operation 47 'getelementptr' 'rb_4_addr' <Predicate = true> <Delay = 0.00>
ST_3 : Operation 48 [1/1] (0.00ns)   --->   "%rb_5_addr = getelementptr i128 %rb_5, i64 0, i64 %zext_ln318_2" [swiglu.cpp:318]   --->   Operation 48 'getelementptr' 'rb_5_addr' <Predicate = true> <Delay = 0.00>
ST_3 : Operation 49 [1/1] (0.00ns)   --->   "%rb_6_addr = getelementptr i128 %rb_6, i64 0, i64 %zext_ln318_2" [swiglu.cpp:318]   --->   Operation 49 'getelementptr' 'rb_6_addr' <Predicate = true> <Delay = 0.00>
ST_3 : Operation 50 [1/1] (0.00ns)   --->   "%rb_7_addr = getelementptr i128 %rb_7, i64 0, i64 %zext_ln318_2" [swiglu.cpp:318]   --->   Operation 50 'getelementptr' 'rb_7_addr' <Predicate = true> <Delay = 0.00>
ST_3 : Operation 51 [1/1] (0.00ns)   --->   "%specpipeline_ln317 = specpipeline void @_ssdm_op_SpecPipeline, i32 1, i32 0, i32 0, i32 0, void @empty_32" [swiglu.cpp:317]   --->   Operation 51 'specpipeline' 'specpipeline_ln317' <Predicate = true> <Delay = 0.00>
ST_3 : Operation 52 [1/1] ( I:1.23ns O:1.23ns )   --->   "%store_ln318 = store i128 %gmem_Wd_addr_read, i6 %rb_6_addr" [swiglu.cpp:318]   --->   Operation 52 'store' 'store_ln318' <Predicate = (trunc_ln315 == 6)> <Delay = 1.23> <CoreInst = "RAM">   --->   Core 82 'RAM' <Latency = 1> <II = 1> <Delay = 1.23> <Storage> <Opcode : 'load' 'store'> <Ports = 2> <Width = 128> <Depth = 36> <RAM>
ST_3 : Operation 53 [1/1] (0.00ns)   --->   "%br_ln318 = br void %arrayidx911.exit" [swiglu.cpp:318]   --->   Operation 53 'br' 'br_ln318' <Predicate = (trunc_ln315 == 6)> <Delay = 0.00>
ST_3 : Operation 54 [1/1] ( I:1.23ns O:1.23ns )   --->   "%store_ln318 = store i128 %gmem_Wd_addr_read, i6 %rb_5_addr" [swiglu.cpp:318]   --->   Operation 54 'store' 'store_ln318' <Predicate = (trunc_ln315 == 5)> <Delay = 1.23> <CoreInst = "RAM">   --->   Core 82 'RAM' <Latency = 1> <II = 1> <Delay = 1.23> <Storage> <Opcode : 'load' 'store'> <Ports = 2> <Width = 128> <Depth = 36> <RAM>
ST_3 : Operation 55 [1/1] (0.00ns)   --->   "%br_ln318 = br void %arrayidx911.exit" [swiglu.cpp:318]   --->   Operation 55 'br' 'br_ln318' <Predicate = (trunc_ln315 == 5)> <Delay = 0.00>
ST_3 : Operation 56 [1/1] ( I:1.23ns O:1.23ns )   --->   "%store_ln318 = store i128 %gmem_Wd_addr_read, i6 %rb_4_addr" [swiglu.cpp:318]   --->   Operation 56 'store' 'store_ln318' <Predicate = (trunc_ln315 == 4)> <Delay = 1.23> <CoreInst = "RAM">   --->   Core 82 'RAM' <Latency = 1> <II = 1> <Delay = 1.23> <Storage> <Opcode : 'load' 'store'> <Ports = 2> <Width = 128> <Depth = 36> <RAM>
ST_3 : Operation 57 [1/1] (0.00ns)   --->   "%br_ln318 = br void %arrayidx911.exit" [swiglu.cpp:318]   --->   Operation 57 'br' 'br_ln318' <Predicate = (trunc_ln315 == 4)> <Delay = 0.00>
ST_3 : Operation 58 [1/1] ( I:1.23ns O:1.23ns )   --->   "%store_ln318 = store i128 %gmem_Wd_addr_read, i6 %rb_3_addr" [swiglu.cpp:318]   --->   Operation 58 'store' 'store_ln318' <Predicate = (trunc_ln315 == 3)> <Delay = 1.23> <CoreInst = "RAM">   --->   Core 82 'RAM' <Latency = 1> <II = 1> <Delay = 1.23> <Storage> <Opcode : 'load' 'store'> <Ports = 2> <Width = 128> <Depth = 36> <RAM>
ST_3 : Operation 59 [1/1] (0.00ns)   --->   "%br_ln318 = br void %arrayidx911.exit" [swiglu.cpp:318]   --->   Operation 59 'br' 'br_ln318' <Predicate = (trunc_ln315 == 3)> <Delay = 0.00>
ST_3 : Operation 60 [1/1] ( I:1.23ns O:1.23ns )   --->   "%store_ln318 = store i128 %gmem_Wd_addr_read, i6 %rb_2_addr" [swiglu.cpp:318]   --->   Operation 60 'store' 'store_ln318' <Predicate = (trunc_ln315 == 2)> <Delay = 1.23> <CoreInst = "RAM">   --->   Core 82 'RAM' <Latency = 1> <II = 1> <Delay = 1.23> <Storage> <Opcode : 'load' 'store'> <Ports = 2> <Width = 128> <Depth = 36> <RAM>
ST_3 : Operation 61 [1/1] (0.00ns)   --->   "%br_ln318 = br void %arrayidx911.exit" [swiglu.cpp:318]   --->   Operation 61 'br' 'br_ln318' <Predicate = (trunc_ln315 == 2)> <Delay = 0.00>
ST_3 : Operation 62 [1/1] ( I:1.23ns O:1.23ns )   --->   "%store_ln318 = store i128 %gmem_Wd_addr_read, i6 %rb_1_addr" [swiglu.cpp:318]   --->   Operation 62 'store' 'store_ln318' <Predicate = (trunc_ln315 == 1)> <Delay = 1.23> <CoreInst = "RAM">   --->   Core 82 'RAM' <Latency = 1> <II = 1> <Delay = 1.23> <Storage> <Opcode : 'load' 'store'> <Ports = 2> <Width = 128> <Depth = 36> <RAM>
ST_3 : Operation 63 [1/1] (0.00ns)   --->   "%br_ln318 = br void %arrayidx911.exit" [swiglu.cpp:318]   --->   Operation 63 'br' 'br_ln318' <Predicate = (trunc_ln315 == 1)> <Delay = 0.00>
ST_3 : Operation 64 [1/1] ( I:1.23ns O:1.23ns )   --->   "%store_ln318 = store i128 %gmem_Wd_addr_read, i6 %rb_0_addr" [swiglu.cpp:318]   --->   Operation 64 'store' 'store_ln318' <Predicate = (trunc_ln315 == 0)> <Delay = 1.23> <CoreInst = "RAM">   --->   Core 82 'RAM' <Latency = 1> <II = 1> <Delay = 1.23> <Storage> <Opcode : 'load' 'store'> <Ports = 2> <Width = 128> <Depth = 36> <RAM>
ST_3 : Operation 65 [1/1] (0.00ns)   --->   "%br_ln318 = br void %arrayidx911.exit" [swiglu.cpp:318]   --->   Operation 65 'br' 'br_ln318' <Predicate = (trunc_ln315 == 0)> <Delay = 0.00>
ST_3 : Operation 66 [1/1] ( I:1.23ns O:1.23ns )   --->   "%store_ln318 = store i128 %gmem_Wd_addr_read, i6 %rb_7_addr" [swiglu.cpp:318]   --->   Operation 66 'store' 'store_ln318' <Predicate = (trunc_ln315 == 7)> <Delay = 1.23> <CoreInst = "RAM">   --->   Core 82 'RAM' <Latency = 1> <II = 1> <Delay = 1.23> <Storage> <Opcode : 'load' 'store'> <Ports = 2> <Width = 128> <Depth = 36> <RAM>
ST_3 : Operation 67 [1/1] (0.00ns)   --->   "%br_ln318 = br void %arrayidx911.exit" [swiglu.cpp:318]   --->   Operation 67 'br' 'br_ln318' <Predicate = (trunc_ln315 == 7)> <Delay = 0.00>


============================================================
+ Verbose Summary: Timing violations
============================================================
Target clock period: 3.330ns, clock uncertainty: 0.900ns.

 <State 1>: 1.630ns
The critical path consists of the following:
	'store' operation 0 bit ('store_ln0') of constant 0 on local variable 'indvar_flatten' [17]  (0.427 ns)
	'load' operation 9 bit ('indvar_flatten_load', swiglu.cpp:315) on local variable 'indvar_flatten' [22]  (0.000 ns)
	'add' operation 9 bit ('add_ln315_1', swiglu.cpp:315) [24]  (0.776 ns)
	'store' operation 0 bit ('store_ln315', swiglu.cpp:315) of variable 'add_ln315_1', swiglu.cpp:315 on local variable 'indvar_flatten' [80]  (0.427 ns)

 <State 2>: 2.430ns
The critical path consists of the following:
	'getelementptr' operation 128 bit ('gmem_Wd_addr', swiglu.cpp:315) [29]  (0.000 ns)
	bus read operation ('gmem_Wd_addr_read', swiglu.cpp:318) on port 'gmem_Wd' (swiglu.cpp:318) [52]  (2.430 ns)

 <State 3>: 2.026ns
The critical path consists of the following:
	'add' operation 6 bit ('add_ln318', swiglu.cpp:318) [41]  (0.789 ns)
	'getelementptr' operation 6 bit ('rb_2_addr', swiglu.cpp:318) [45]  (0.000 ns)
	'store' operation 0 bit ('store_ln318', swiglu.cpp:318) of variable 'gmem_Wd_addr_read', swiglu.cpp:318 on array 'rb_2' [67]  (1.237 ns)


============================================================
+ Verbose Summary: Binding
============================================================
N/A
* FSMD analyzer results:
  - Output states:
 - Input state : 
  - Chain level:
	State 1
	State 2
	State 3


============================================================
+ Verbose Summary: Datapath Resource usage 
============================================================
N/A
