

================================================================
== Vitis HLS Report for 'load_row_wv_Pipeline_LOAD_WV_VITIS_LOOP_101_1'
================================================================
* Date:           Sun Mar 29 14:22:02 2026

* Version:        2025.1 (Build 6135595 on May 21 2025)
* Project:        swiglu
* Solution:       hls (Vivado IP Flow Target)
* Product family: zynquplus
* Target device:  xck26-sfvc784-2LV-c


================================================================
== Performance Estimates
================================================================
+ Timing: 
    * Summary: 
    +--------+---------+----------+------------+
    |  Clock |  Target | Estimated| Uncertainty|
    +--------+---------+----------+------------+
    |ap_clk  |  3.33 ns|  2.430 ns|     0.90 ns|
    +--------+---------+----------+------------+

+ Latency: 
    * Summary: 
    +---------+---------+----------+----------+-----+-----+------------------------------------------------+
    |  Latency (cycles) |  Latency (absolute) |  Interval |                    Pipeline                    |
    |   min   |   max   |    min   |    max   | min | max |                      Type                      |
    +---------+---------+----------+----------+-----+-----+------------------------------------------------+
    |       75|       75|  0.250 us|  0.250 us|   73|   73|  loop auto-rewind stp (delay=0 clock cycles(s))|
    +---------+---------+----------+----------+-----+-----+------------------------------------------------+

    + Detail: 
        * Instance: 
        N/A

        * Loop: 
        +----------------------------+---------+---------+----------+-----------+-----------+------+----------+
        |                            |  Latency (cycles) | Iteration|  Initiation Interval  | Trip |          |
        |          Loop Name         |   min   |   max   |  Latency |  achieved |   target  | Count| Pipelined|
        +----------------------------+---------+---------+----------+-----------+-----------+------+----------+
        |- LOAD_WV_VITIS_LOOP_101_1  |       73|       73|         3|          1|          1|    72|       yes|
        +----------------------------+---------+---------+----------+-----------+-----------+------+----------+

============================================================
+ Verbose Summary: Synthesis Manager
============================================================
InlineROM: 1
ExposeGlobal: 0
============================================================
+ Verbose Summary: CDFG Model
============================================================
IsTopModel: 0
ResetActiveHigh: 1
IsCombinational: 0
IsDatapathOnly: 0
HasWiredReturn: 1
HasMFsm: 2
HasVarLatency: 1
IsPipeline: 0
IsRtlPipelined: 0
IsInstanceOverlapped: 0
IsDontTouch: 0
HasImplIP: 0
IsGatedGlobalClock: 0

+ Individual pipeline summary: 
  * Pipeline-0: initiation interval (II) = 1, depth = 3


============================================================
+ Verbose Summary: Schedule
============================================================
* Number of FSM states : 3
* Pipeline : 1
  Pipeline-0 : II = 1, D = 3, States = { 1 2 3 }
* Dataflow Pipeline: 0

* FSM state transitions: 
1 --> 2 
2 --> 3 
3 --> 

* FSM state operations: 

State 1 <SV = 0> <Delay = 1.62>
ST_1 : Operation 6 [1/1] (0.00ns)   --->   "%w = alloca i32 1" [swiglu.cpp:101]   --->   Operation 6 'alloca' 'w' <Predicate = true> <Delay = 0.00>
ST_1 : Operation 7 [1/1] (0.00ns)   --->   "%b = alloca i32 1" [swiglu.cpp:100]   --->   Operation 7 'alloca' 'b' <Predicate = true> <Delay = 0.00>
ST_1 : Operation 8 [1/1] (0.00ns)   --->   "%indvar_flatten = alloca i32 1"   --->   Operation 8 'alloca' 'indvar_flatten' <Predicate = true> <Delay = 0.00>
ST_1 : Operation 9 [1/1] (0.00ns)   --->   "%sext_ln100_read = read i60 @_ssdm_op_Read.ap_auto.i60, i60 %sext_ln100"   --->   Operation 9 'read' 'sext_ln100_read' <Predicate = true> <Delay = 0.00>
ST_1 : Operation 10 [1/1] (0.00ns)   --->   "%sext_ln100_cast = sext i60 %sext_ln100_read"   --->   Operation 10 'sext' 'sext_ln100_cast' <Predicate = true> <Delay = 0.00>
ST_1 : Operation 11 [1/1] (0.00ns)   --->   "%specmemcore_ln0 = specmemcore void @_ssdm_op_SpecMemCore, i128 %rb_7, i64 666, i64 23, i64 18446744073709551615"   --->   Operation 11 'specmemcore' 'specmemcore_ln0' <Predicate = true> <Delay = 0.00>
ST_1 : Operation 12 [1/1] (0.00ns)   --->   "%specmemcore_ln0 = specmemcore void @_ssdm_op_SpecMemCore, i128 %rb_6, i64 666, i64 23, i64 18446744073709551615"   --->   Operation 12 'specmemcore' 'specmemcore_ln0' <Predicate = true> <Delay = 0.00>
ST_1 : Operation 13 [1/1] (0.00ns)   --->   "%specmemcore_ln0 = specmemcore void @_ssdm_op_SpecMemCore, i128 %rb_5, i64 666, i64 23, i64 18446744073709551615"   --->   Operation 13 'specmemcore' 'specmemcore_ln0' <Predicate = true> <Delay = 0.00>
ST_1 : Operation 14 [1/1] (0.00ns)   --->   "%specmemcore_ln0 = specmemcore void @_ssdm_op_SpecMemCore, i128 %rb_4, i64 666, i64 23, i64 18446744073709551615"   --->   Operation 14 'specmemcore' 'specmemcore_ln0' <Predicate = true> <Delay = 0.00>
ST_1 : Operation 15 [1/1] (0.00ns)   --->   "%specmemcore_ln0 = specmemcore void @_ssdm_op_SpecMemCore, i128 %rb_3, i64 666, i64 23, i64 18446744073709551615"   --->   Operation 15 'specmemcore' 'specmemcore_ln0' <Predicate = true> <Delay = 0.00>
ST_1 : Operation 16 [1/1] (0.00ns)   --->   "%specmemcore_ln0 = specmemcore void @_ssdm_op_SpecMemCore, i128 %rb_2, i64 666, i64 23, i64 18446744073709551615"   --->   Operation 16 'specmemcore' 'specmemcore_ln0' <Predicate = true> <Delay = 0.00>
ST_1 : Operation 17 [1/1] (0.00ns)   --->   "%specmemcore_ln0 = specmemcore void @_ssdm_op_SpecMemCore, i128 %rb_1, i64 666, i64 23, i64 18446744073709551615"   --->   Operation 17 'specmemcore' 'specmemcore_ln0' <Predicate = true> <Delay = 0.00>
ST_1 : Operation 18 [1/1] (0.00ns)   --->   "%specmemcore_ln0 = specmemcore void @_ssdm_op_SpecMemCore, i128 %rb_0, i64 666, i64 23, i64 18446744073709551615"   --->   Operation 18 'specmemcore' 'specmemcore_ln0' <Predicate = true> <Delay = 0.00>
ST_1 : Operation 19 [1/1] (0.00ns)   --->   "%specinterface_ln0 = specinterface void @_ssdm_op_SpecInterface, i128 %gmem_V, void @empty_31, i32 0, i32 0, void @empty_32, i32 64, i32 589824, void @empty_4, void @empty_35, void @empty_32, i32 2, i32 16, i32 256, i32 16, void @empty_32, void @empty_32, i32 4294967295, i32 0, i32 0"   --->   Operation 19 'specinterface' 'specinterface_ln0' <Predicate = true> <Delay = 0.00>
ST_1 : Operation 20 [1/1] (0.42ns)   --->   "%store_ln0 = store i7 0, i7 %indvar_flatten"   --->   Operation 20 'store' 'store_ln0' <Predicate = true> <Delay = 0.42>
ST_1 : Operation 21 [1/1] (0.42ns)   --->   "%store_ln100 = store i4 0, i4 %b" [swiglu.cpp:100]   --->   Operation 21 'store' 'store_ln100' <Predicate = true> <Delay = 0.42>
ST_1 : Operation 22 [1/1] (0.42ns)   --->   "%store_ln101 = store i4 0, i4 %w" [swiglu.cpp:101]   --->   Operation 22 'store' 'store_ln101' <Predicate = true> <Delay = 0.42>
ST_1 : Operation 23 [1/1] (0.00ns)   --->   "%br_ln0 = br void %for.inc"   --->   Operation 23 'br' 'br_ln0' <Predicate = true> <Delay = 0.00>
ST_1 : Operation 24 [1/1] (0.00ns)   --->   "%indvar_flatten_load = load i7 %indvar_flatten" [swiglu.cpp:100]   --->   Operation 24 'load' 'indvar_flatten_load' <Predicate = true> <Delay = 0.00>
ST_1 : Operation 25 [1/1] (0.77ns)   --->   "%icmp_ln100 = icmp_eq  i7 %indvar_flatten_load, i7 72" [swiglu.cpp:100]   --->   Operation 25 'icmp' 'icmp_ln100' <Predicate = true> <Delay = 0.77> <CoreInst = "Cmp">   --->   Core 9 'Cmp' <Latency = 0> <II = 1> <Delay = 0.77> <FuncUnit> <Opcode : 'seteq' 'setne' 'setle' 'setge' 'setlt' 'setgt'> <InPorts = 2> <OutPorts = 1>
ST_1 : Operation 26 [1/1] (0.77ns)   --->   "%add_ln100 = add i7 %indvar_flatten_load, i7 1" [swiglu.cpp:100]   --->   Operation 26 'add' 'add_ln100' <Predicate = true> <Delay = 0.77> <CoreInst = "Adder">   --->   Core 1 'Adder' <Latency = 0> <II = 1> <Delay = 0.77> <FuncUnit> <Opcode : 'add' 'sub'> <InPorts = 2> <OutPorts = 1>
ST_1 : Operation 27 [1/1] (0.00ns)   --->   "%br_ln100 = br i1 %icmp_ln100, void %for.inc10, void %for.end12.exitStub" [swiglu.cpp:100]   --->   Operation 27 'br' 'br_ln100' <Predicate = true> <Delay = 0.00>
ST_1 : Operation 28 [1/1] (0.42ns)   --->   "%store_ln100 = store i7 %add_ln100, i7 %indvar_flatten" [swiglu.cpp:100]   --->   Operation 28 'store' 'store_ln100' <Predicate = (!icmp_ln100)> <Delay = 0.42>

State 2 <SV = 1> <Delay = 2.43>
ST_2 : Operation 29 [1/1] (0.00ns)   --->   "%w_load = load i4 %w" [swiglu.cpp:101]   --->   Operation 29 'load' 'w_load' <Predicate = true> <Delay = 0.00>
ST_2 : Operation 30 [1/1] (0.00ns)   --->   "%b_load = load i4 %b" [swiglu.cpp:100]   --->   Operation 30 'load' 'b_load' <Predicate = true> <Delay = 0.00>
ST_2 : Operation 31 [1/1] (0.00ns)   --->   "%gmem_V_addr = getelementptr i128 %gmem_V, i64 %sext_ln100_cast" [swiglu.cpp:100]   --->   Operation 31 'getelementptr' 'gmem_V_addr' <Predicate = true> <Delay = 0.00>
ST_2 : Operation 32 [1/1] (0.79ns)   --->   "%icmp_ln101 = icmp_eq  i4 %w_load, i4 9" [swiglu.cpp:101]   --->   Operation 32 'icmp' 'icmp_ln101' <Predicate = true> <Delay = 0.79> <CoreInst = "Cmp">   --->   Core 9 'Cmp' <Latency = 0> <II = 1> <Delay = 0.79> <FuncUnit> <Opcode : 'seteq' 'setne' 'setle' 'setge' 'setlt' 'setgt'> <InPorts = 2> <OutPorts = 1>
ST_2 : Operation 33 [1/1] (0.39ns)   --->   "%select_ln100 = select i1 %icmp_ln101, i4 0, i4 %w_load" [swiglu.cpp:100]   --->   Operation 33 'select' 'select_ln100' <Predicate = true> <Delay = 0.39> <CoreInst = "Sel">   --->   Core 73 'Sel' <Latency = 0> <II = 1> <Delay = 0.39> <FuncUnit> <Opcode : 'select'> <InPorts = 3> <OutPorts = 1>
ST_2 : Operation 34 [1/1] (0.79ns)   --->   "%add_ln100_1 = add i4 %b_load, i4 1" [swiglu.cpp:100]   --->   Operation 34 'add' 'add_ln100_1' <Predicate = true> <Delay = 0.79> <CoreInst = "Adder">   --->   Core 1 'Adder' <Latency = 0> <II = 1> <Delay = 0.79> <FuncUnit> <Opcode : 'add' 'sub'> <InPorts = 2> <OutPorts = 1>
ST_2 : Operation 35 [1/1] (0.39ns)   --->   "%select_ln100_1 = select i1 %icmp_ln101, i4 %add_ln100_1, i4 %b_load" [swiglu.cpp:100]   --->   Operation 35 'select' 'select_ln100_1' <Predicate = true> <Delay = 0.39> <CoreInst = "Sel">   --->   Core 73 'Sel' <Latency = 0> <II = 1> <Delay = 0.39> <FuncUnit> <Opcode : 'select'> <InPorts = 3> <OutPorts = 1>
ST_2 : Operation 36 [1/1] (0.00ns)   --->   "%trunc_ln100 = trunc i4 %select_ln100_1" [swiglu.cpp:100]   --->   Operation 36 'trunc' 'trunc_ln100' <Predicate = true> <Delay = 0.00>
ST_2 : Operation 37 [1/1] (2.43ns)   --->   "%gmem_V_addr_read = read i128 @_ssdm_op_Read.m_axi.p1i128, i128 %gmem_V_addr" [swiglu.cpp:103]   --->   Operation 37 'read' 'gmem_V_addr_read' <Predicate = true> <Delay = 2.43> <CoreInst = "m_axi">   --->   Core 119 'm_axi' <Latency = 3> <II = 1> <Delay = 1.00> <Adapter> <Opcode : 'read' 'write' 'readreq' 'writereq' 'writeresp'>
ST_2 : Operation 38 [1/1] (0.67ns)   --->   "%switch_ln103 = switch i3 %trunc_ln100, void %arrayidx911.case.7, i3 0, void %arrayidx911.case.0, i3 1, void %arrayidx911.case.1, i3 2, void %arrayidx911.case.2, i3 3, void %arrayidx911.case.3, i3 4, void %arrayidx911.case.4, i3 5, void %arrayidx911.case.5, i3 6, void %arrayidx911.case.6" [swiglu.cpp:103]   --->   Operation 38 'switch' 'switch_ln103' <Predicate = true> <Delay = 0.67>
ST_2 : Operation 39 [1/1] (0.79ns)   --->   "%add_ln101 = add i4 %select_ln100, i4 1" [swiglu.cpp:101]   --->   Operation 39 'add' 'add_ln101' <Predicate = true> <Delay = 0.79> <CoreInst = "Adder">   --->   Core 1 'Adder' <Latency = 0> <II = 1> <Delay = 0.79> <FuncUnit> <Opcode : 'add' 'sub'> <InPorts = 2> <OutPorts = 1>
ST_2 : Operation 40 [1/1] (0.42ns)   --->   "%store_ln100 = store i4 %select_ln100_1, i4 %b" [swiglu.cpp:100]   --->   Operation 40 'store' 'store_ln100' <Predicate = true> <Delay = 0.42>
ST_2 : Operation 41 [1/1] (0.42ns)   --->   "%store_ln101 = store i4 %add_ln101, i4 %w" [swiglu.cpp:101]   --->   Operation 41 'store' 'store_ln101' <Predicate = true> <Delay = 0.42>
ST_2 : Operation 42 [1/1] (0.00ns)   --->   "%br_ln101 = br void %for.inc" [swiglu.cpp:101]   --->   Operation 42 'br' 'br_ln101' <Predicate = true> <Delay = 0.00>
ST_2 : Operation 71 [1/1] (0.42ns)   --->   "%ret_ln0 = ret"   --->   Operation 71 'ret' 'ret_ln0' <Predicate = (icmp_ln100)> <Delay = 0.42>

State 3 <SV = 2> <Delay = 0.67>
ST_3 : Operation 43 [1/1] (0.00ns)   --->   "%specloopname_ln0 = specloopname void @_ssdm_op_SpecLoopName, void @LOAD_WV_VITIS_LOOP_101_1_str"   --->   Operation 43 'specloopname' 'specloopname_ln0' <Predicate = true> <Delay = 0.00>
ST_3 : Operation 44 [1/1] (0.00ns)   --->   "%speclooptripcount_ln0 = speclooptripcount void @_ssdm_op_SpecLoopTripCount, i64 72, i64 72, i64 72"   --->   Operation 44 'speclooptripcount' 'speclooptripcount_ln0' <Predicate = true> <Delay = 0.00>
ST_3 : Operation 45 [1/1] (0.00ns)   --->   "%zext_ln101 = zext i4 %select_ln100" [swiglu.cpp:101]   --->   Operation 45 'zext' 'zext_ln101' <Predicate = true> <Delay = 0.00>
ST_3 : Operation 46 [1/1] (0.00ns)   --->   "%specpipeline_ln102 = specpipeline void @_ssdm_op_SpecPipeline, i32 1, i32 0, i32 0, i32 0, void @empty_32" [swiglu.cpp:102]   --->   Operation 46 'specpipeline' 'specpipeline_ln102' <Predicate = true> <Delay = 0.00>
ST_3 : Operation 47 [1/1] (0.00ns)   --->   "%rb_0_addr = getelementptr i128 %rb_0, i64 0, i64 %zext_ln101" [swiglu.cpp:103]   --->   Operation 47 'getelementptr' 'rb_0_addr' <Predicate = true> <Delay = 0.00>
ST_3 : Operation 48 [1/1] (0.00ns)   --->   "%rb_1_addr = getelementptr i128 %rb_1, i64 0, i64 %zext_ln101" [swiglu.cpp:103]   --->   Operation 48 'getelementptr' 'rb_1_addr' <Predicate = true> <Delay = 0.00>
ST_3 : Operation 49 [1/1] (0.00ns)   --->   "%rb_2_addr = getelementptr i128 %rb_2, i64 0, i64 %zext_ln101" [swiglu.cpp:103]   --->   Operation 49 'getelementptr' 'rb_2_addr' <Predicate = true> <Delay = 0.00>
ST_3 : Operation 50 [1/1] (0.00ns)   --->   "%rb_3_addr = getelementptr i128 %rb_3, i64 0, i64 %zext_ln101" [swiglu.cpp:103]   --->   Operation 50 'getelementptr' 'rb_3_addr' <Predicate = true> <Delay = 0.00>
ST_3 : Operation 51 [1/1] (0.00ns)   --->   "%rb_4_addr = getelementptr i128 %rb_4, i64 0, i64 %zext_ln101" [swiglu.cpp:103]   --->   Operation 51 'getelementptr' 'rb_4_addr' <Predicate = true> <Delay = 0.00>
ST_3 : Operation 52 [1/1] (0.00ns)   --->   "%rb_5_addr = getelementptr i128 %rb_5, i64 0, i64 %zext_ln101" [swiglu.cpp:103]   --->   Operation 52 'getelementptr' 'rb_5_addr' <Predicate = true> <Delay = 0.00>
ST_3 : Operation 53 [1/1] (0.00ns)   --->   "%rb_6_addr = getelementptr i128 %rb_6, i64 0, i64 %zext_ln101" [swiglu.cpp:103]   --->   Operation 53 'getelementptr' 'rb_6_addr' <Predicate = true> <Delay = 0.00>
ST_3 : Operation 54 [1/1] (0.00ns)   --->   "%rb_7_addr = getelementptr i128 %rb_7, i64 0, i64 %zext_ln101" [swiglu.cpp:103]   --->   Operation 54 'getelementptr' 'rb_7_addr' <Predicate = true> <Delay = 0.00>
ST_3 : Operation 55 [1/1] ( I:0.67ns O:0.67ns )   --->   "%store_ln103 = store i128 %gmem_V_addr_read, i4 %rb_6_addr" [swiglu.cpp:103]   --->   Operation 55 'store' 'store_ln103' <Predicate = (trunc_ln100 == 6)> <Delay = 0.67> <CoreInst = "RAM_2P_LUTRAM">   --->   Core 92 'RAM_2P_LUTRAM' <Latency = 1> <II = 1> <Delay = 0.67> <Storage> <Opcode : 'load' 'store'> <Ports = 2> <Width = 128> <Depth = 9> <RAM>
ST_3 : Operation 56 [1/1] (0.00ns)   --->   "%br_ln103 = br void %arrayidx911.exit" [swiglu.cpp:103]   --->   Operation 56 'br' 'br_ln103' <Predicate = (trunc_ln100 == 6)> <Delay = 0.00>
ST_3 : Operation 57 [1/1] ( I:0.67ns O:0.67ns )   --->   "%store_ln103 = store i128 %gmem_V_addr_read, i4 %rb_5_addr" [swiglu.cpp:103]   --->   Operation 57 'store' 'store_ln103' <Predicate = (trunc_ln100 == 5)> <Delay = 0.67> <CoreInst = "RAM_2P_LUTRAM">   --->   Core 92 'RAM_2P_LUTRAM' <Latency = 1> <II = 1> <Delay = 0.67> <Storage> <Opcode : 'load' 'store'> <Ports = 2> <Width = 128> <Depth = 9> <RAM>
ST_3 : Operation 58 [1/1] (0.00ns)   --->   "%br_ln103 = br void %arrayidx911.exit" [swiglu.cpp:103]   --->   Operation 58 'br' 'br_ln103' <Predicate = (trunc_ln100 == 5)> <Delay = 0.00>
ST_3 : Operation 59 [1/1] ( I:0.67ns O:0.67ns )   --->   "%store_ln103 = store i128 %gmem_V_addr_read, i4 %rb_4_addr" [swiglu.cpp:103]   --->   Operation 59 'store' 'store_ln103' <Predicate = (trunc_ln100 == 4)> <Delay = 0.67> <CoreInst = "RAM_2P_LUTRAM">   --->   Core 92 'RAM_2P_LUTRAM' <Latency = 1> <II = 1> <Delay = 0.67> <Storage> <Opcode : 'load' 'store'> <Ports = 2> <Width = 128> <Depth = 9> <RAM>
ST_3 : Operation 60 [1/1] (0.00ns)   --->   "%br_ln103 = br void %arrayidx911.exit" [swiglu.cpp:103]   --->   Operation 60 'br' 'br_ln103' <Predicate = (trunc_ln100 == 4)> <Delay = 0.00>
ST_3 : Operation 61 [1/1] ( I:0.67ns O:0.67ns )   --->   "%store_ln103 = store i128 %gmem_V_addr_read, i4 %rb_3_addr" [swiglu.cpp:103]   --->   Operation 61 'store' 'store_ln103' <Predicate = (trunc_ln100 == 3)> <Delay = 0.67> <CoreInst = "RAM_2P_LUTRAM">   --->   Core 92 'RAM_2P_LUTRAM' <Latency = 1> <II = 1> <Delay = 0.67> <Storage> <Opcode : 'load' 'store'> <Ports = 2> <Width = 128> <Depth = 9> <RAM>
ST_3 : Operation 62 [1/1] (0.00ns)   --->   "%br_ln103 = br void %arrayidx911.exit" [swiglu.cpp:103]   --->   Operation 62 'br' 'br_ln103' <Predicate = (trunc_ln100 == 3)> <Delay = 0.00>
ST_3 : Operation 63 [1/1] ( I:0.67ns O:0.67ns )   --->   "%store_ln103 = store i128 %gmem_V_addr_read, i4 %rb_2_addr" [swiglu.cpp:103]   --->   Operation 63 'store' 'store_ln103' <Predicate = (trunc_ln100 == 2)> <Delay = 0.67> <CoreInst = "RAM_2P_LUTRAM">   --->   Core 92 'RAM_2P_LUTRAM' <Latency = 1> <II = 1> <Delay = 0.67> <Storage> <Opcode : 'load' 'store'> <Ports = 2> <Width = 128> <Depth = 9> <RAM>
ST_3 : Operation 64 [1/1] (0.00ns)   --->   "%br_ln103 = br void %arrayidx911.exit" [swiglu.cpp:103]   --->   Operation 64 'br' 'br_ln103' <Predicate = (trunc_ln100 == 2)> <Delay = 0.00>
ST_3 : Operation 65 [1/1] ( I:0.67ns O:0.67ns )   --->   "%store_ln103 = store i128 %gmem_V_addr_read, i4 %rb_1_addr" [swiglu.cpp:103]   --->   Operation 65 'store' 'store_ln103' <Predicate = (trunc_ln100 == 1)> <Delay = 0.67> <CoreInst = "RAM_2P_LUTRAM">   --->   Core 92 'RAM_2P_LUTRAM' <Latency = 1> <II = 1> <Delay = 0.67> <Storage> <Opcode : 'load' 'store'> <Ports = 2> <Width = 128> <Depth = 9> <RAM>
ST_3 : Operation 66 [1/1] (0.00ns)   --->   "%br_ln103 = br void %arrayidx911.exit" [swiglu.cpp:103]   --->   Operation 66 'br' 'br_ln103' <Predicate = (trunc_ln100 == 1)> <Delay = 0.00>
ST_3 : Operation 67 [1/1] ( I:0.67ns O:0.67ns )   --->   "%store_ln103 = store i128 %gmem_V_addr_read, i4 %rb_0_addr" [swiglu.cpp:103]   --->   Operation 67 'store' 'store_ln103' <Predicate = (trunc_ln100 == 0)> <Delay = 0.67> <CoreInst = "RAM_2P_LUTRAM">   --->   Core 92 'RAM_2P_LUTRAM' <Latency = 1> <II = 1> <Delay = 0.67> <Storage> <Opcode : 'load' 'store'> <Ports = 2> <Width = 128> <Depth = 9> <RAM>
ST_3 : Operation 68 [1/1] (0.00ns)   --->   "%br_ln103 = br void %arrayidx911.exit" [swiglu.cpp:103]   --->   Operation 68 'br' 'br_ln103' <Predicate = (trunc_ln100 == 0)> <Delay = 0.00>
ST_3 : Operation 69 [1/1] ( I:0.67ns O:0.67ns )   --->   "%store_ln103 = store i128 %gmem_V_addr_read, i4 %rb_7_addr" [swiglu.cpp:103]   --->   Operation 69 'store' 'store_ln103' <Predicate = (trunc_ln100 == 7)> <Delay = 0.67> <CoreInst = "RAM_2P_LUTRAM">   --->   Core 92 'RAM_2P_LUTRAM' <Latency = 1> <II = 1> <Delay = 0.67> <Storage> <Opcode : 'load' 'store'> <Ports = 2> <Width = 128> <Depth = 9> <RAM>
ST_3 : Operation 70 [1/1] (0.00ns)   --->   "%br_ln103 = br void %arrayidx911.exit" [swiglu.cpp:103]   --->   Operation 70 'br' 'br_ln103' <Predicate = (trunc_ln100 == 7)> <Delay = 0.00>


============================================================
+ Verbose Summary: Binding
============================================================
STG Binding: 
---------------- STG Properties BEGIN ----------------
- Is combinational: 0
- Is one-state seq: 0
- Is datapath-only: 0
- Is pipelined: 0
- Is top level: 0
Port [ Return ] is wired: 1; IO mode=ap_ctrl_hs:ce=0
Port [ gmem_V]:  wired=1; compound=1; hidden=0; nouse=0; global=0; static=0; extern=0; dir=0; type=4; pingpong=0; private_global=0; IO mode=m_axi:ce=0
Port [ sext_ln100]:  wired=1; compound=0; hidden=0; nouse=0; global=0; static=0; extern=0; dir=0; type=0; pingpong=0; private_global=0; IO mode=ap_none:ce=0
Port [ rb_7]:  wired=1; compound=1; hidden=0; nouse=0; global=0; static=0; extern=0; dir=1; type=1; pingpong=0; private_global=0; MemPort=[30]; IO mode=ap_memory:ce=0
Port [ rb_6]:  wired=1; compound=1; hidden=0; nouse=0; global=0; static=0; extern=0; dir=1; type=1; pingpong=0; private_global=0; MemPort=[30]; IO mode=ap_memory:ce=0
Port [ rb_5]:  wired=1; compound=1; hidden=0; nouse=0; global=0; static=0; extern=0; dir=1; type=1; pingpong=0; private_global=0; MemPort=[30]; IO mode=ap_memory:ce=0
Port [ rb_4]:  wired=1; compound=1; hidden=0; nouse=0; global=0; static=0; extern=0; dir=1; type=1; pingpong=0; private_global=0; MemPort=[30]; IO mode=ap_memory:ce=0
Port [ rb_3]:  wired=1; compound=1; hidden=0; nouse=0; global=0; static=0; extern=0; dir=1; type=1; pingpong=0; private_global=0; MemPort=[30]; IO mode=ap_memory:ce=0
Port [ rb_2]:  wired=1; compound=1; hidden=0; nouse=0; global=0; static=0; extern=0; dir=1; type=1; pingpong=0; private_global=0; MemPort=[30]; IO mode=ap_memory:ce=0
Port [ rb_1]:  wired=1; compound=1; hidden=0; nouse=0; global=0; static=0; extern=0; dir=1; type=1; pingpong=0; private_global=0; MemPort=[30]; IO mode=ap_memory:ce=0
Port [ rb_0]:  wired=1; compound=1; hidden=0; nouse=0; global=0; static=0; extern=0; dir=1; type=1; pingpong=0; private_global=0; MemPort=[30]; IO mode=ap_memory:ce=0
---------------- STG Properties END ------------------

---------------- Datapath Model BEGIN ----------------

<LifeTime>
<method=bitvector/>
w                     (alloca           ) [ 0110]
b                     (alloca           ) [ 0110]
indvar_flatten        (alloca           ) [ 0100]
sext_ln100_read       (read             ) [ 0000]
sext_ln100_cast       (sext             ) [ 0110]
specmemcore_ln0       (specmemcore      ) [ 0000]
specmemcore_ln0       (specmemcore      ) [ 0000]
specmemcore_ln0       (specmemcore      ) [ 0000]
specmemcore_ln0       (specmemcore      ) [ 0000]
specmemcore_ln0       (specmemcore      ) [ 0000]
specmemcore_ln0       (specmemcore      ) [ 0000]
specmemcore_ln0       (specmemcore      ) [ 0000]
specmemcore_ln0       (specmemcore      ) [ 0000]
specinterface_ln0     (specinterface    ) [ 0000]
store_ln0             (store            ) [ 0000]
store_ln100           (store            ) [ 0000]
store_ln101           (store            ) [ 0000]
br_ln0                (br               ) [ 0000]
indvar_flatten_load   (load             ) [ 0000]
icmp_ln100            (icmp             ) [ 0110]
add_ln100             (add              ) [ 0000]
br_ln100              (br               ) [ 0000]
store_ln100           (store            ) [ 0000]
w_load                (load             ) [ 0000]
b_load                (load             ) [ 0000]
gmem_V_addr           (getelementptr    ) [ 0000]
icmp_ln101            (icmp             ) [ 0000]
select_ln100          (select           ) [ 0101]
add_ln100_1           (add              ) [ 0000]
select_ln100_1        (select           ) [ 0000]
trunc_ln100           (trunc            ) [ 0101]
gmem_V_addr_read      (read             ) [ 0101]
switch_ln103          (switch           ) [ 0000]
add_ln101             (add              ) [ 0000]
store_ln100           (store            ) [ 0000]
store_ln101           (store            ) [ 0000]
br_ln101              (br               ) [ 0000]
specloopname_ln0      (specloopname     ) [ 0000]
speclooptripcount_ln0 (speclooptripcount) [ 0000]
zext_ln101            (zext             ) [ 0000]
specpipeline_ln102    (specpipeline     ) [ 0000]
rb_0_addr             (getelementptr    ) [ 0000]
rb_1_addr             (getelementptr    ) [ 0000]
rb_2_addr             (getelementptr    ) [ 0000]
rb_3_addr             (getelementptr    ) [ 0000]
rb_4_addr             (getelementptr    ) [ 0000]
rb_5_addr             (getelementptr    ) [ 0000]
rb_6_addr             (getelementptr    ) [ 0000]
rb_7_addr             (getelementptr    ) [ 0000]
store_ln103           (store            ) [ 0000]
br_ln103              (br               ) [ 0000]
store_ln103           (store            ) [ 0000]
br_ln103              (br               ) [ 0000]
store_ln103           (store            ) [ 0000]
br_ln103              (br               ) [ 0000]
store_ln103           (store            ) [ 0000]
br_ln103              (br               ) [ 0000]
store_ln103           (store            ) [ 0000]
br_ln103              (br               ) [ 0000]
store_ln103           (store            ) [ 0000]
br_ln103              (br               ) [ 0000]
store_ln103           (store            ) [ 0000]
br_ln103              (br               ) [ 0000]
store_ln103           (store            ) [ 0000]
br_ln103              (br               ) [ 0000]
ret_ln0               (ret              ) [ 0000]
</LifeTime>

<model>

<comp_list>
<comp id="0" class="1000" name="gmem_V">
<pin_list>
<pin id="1" dir="1" index="0" bw="1" slack="0"/>
</pin_list>
<bind>
<StgValue><ssdm name="gmem_V"/><MemPortTyVec>0 </MemPortTyVec>
</StgValue>
</bind>
</comp>

<comp id="2" class="1000" name="sext_ln100">
<pin_list>
<pin id="3" dir="1" index="0" bw="1" slack="0"/>
</pin_list>
<bind>
<StgValue><ssdm name="sext_ln100"/></StgValue>
</bind>
</comp>

<comp id="4" class="1000" name="rb_7">
<pin_list>
<pin id="5" dir="1" index="0" bw="1" slack="0"/>
</pin_list>
<bind>
<StgValue><ssdm name="rb_7"/><MemPortTyVec>3 0 </MemPortTyVec>
</StgValue>
</bind>
</comp>

<comp id="6" class="1000" name="rb_6">
<pin_list>
<pin id="7" dir="1" index="0" bw="1" slack="0"/>
</pin_list>
<bind>
<StgValue><ssdm name="rb_6"/><MemPortTyVec>3 0 </MemPortTyVec>
</StgValue>
</bind>
</comp>

<comp id="8" class="1000" name="rb_5">
<pin_list>
<pin id="9" dir="1" index="0" bw="1" slack="0"/>
</pin_list>
<bind>
<StgValue><ssdm name="rb_5"/><MemPortTyVec>3 0 </MemPortTyVec>
</StgValue>
</bind>
</comp>

<comp id="10" class="1000" name="rb_4">
<pin_list>
<pin id="11" dir="1" index="0" bw="1" slack="0"/>
</pin_list>
<bind>
<StgValue><ssdm name="rb_4"/><MemPortTyVec>3 0 </MemPortTyVec>
</StgValue>
</bind>
</comp>

<comp id="12" class="1000" name="rb_3">
<pin_list>
<pin id="13" dir="1" index="0" bw="1" slack="0"/>
</pin_list>
<bind>
<StgValue><ssdm name="rb_3"/><MemPortTyVec>3 0 </MemPortTyVec>
</StgValue>
</bind>
</comp>

<comp id="14" class="1000" name="rb_2">
<pin_list>
<pin id="15" dir="1" index="0" bw="1" slack="0"/>
</pin_list>
<bind>
<StgValue><ssdm name="rb_2"/><MemPortTyVec>3 0 </MemPortTyVec>
</StgValue>
</bind>
</comp>

<comp id="16" class="1000" name="rb_1">
<pin_list>
<pin id="17" dir="1" index="0" bw="1" slack="0"/>
</pin_list>
<bind>
<StgValue><ssdm name="rb_1"/><MemPortTyVec>3 0 </MemPortTyVec>
</StgValue>
</bind>
</comp>

<comp id="18" class="1000" name="rb_0">
<pin_list>
<pin id="19" dir="1" index="0" bw="1" slack="0"/>
</pin_list>
<bind>
<StgValue><ssdm name="rb_0"/><MemPortTyVec>3 0 </MemPortTyVec>
</StgValue>
</bind>
</comp>

<comp id="20" class="1001" name="const_20">
<pin_list>
<pin id="21" dir="1" index="0" bw="1" slack="0"/>
</pin_list>
<bind>
<StgValue><ssdm name=""/></StgValue>
</bind>
</comp>

<comp id="22" class="1001" name="const_22">
<pin_list>
<pin id="23" dir="1" index="0" bw="1" slack="0"/>
</pin_list>
<bind>
<StgValue><ssdm name="_ssdm_op_Read.ap_auto.i60"/></StgValue>
</bind>
</comp>

<comp id="24" class="1001" name="const_24">
<pin_list>
<pin id="25" dir="1" index="0" bw="1" slack="2147483647"/>
</pin_list>
<bind>
<StgValue><ssdm name="_ssdm_op_SpecMemCore"/></StgValue>
</bind>
</comp>

<comp id="26" class="1001" name="const_26">
<pin_list>
<pin id="27" dir="1" index="0" bw="1" slack="2147483647"/>
</pin_list>
<bind>
<StgValue><ssdm name=""/></StgValue>
</bind>
</comp>

<comp id="28" class="1001" name="const_28">
<pin_list>
<pin id="29" dir="1" index="0" bw="1" slack="2147483647"/>
</pin_list>
<bind>
<StgValue><ssdm name=""/></StgValue>
</bind>
</comp>

<comp id="30" class="1001" name="const_30">
<pin_list>
<pin id="31" dir="1" index="0" bw="1" slack="2147483647"/>
</pin_list>
<bind>
<StgValue><ssdm name=""/></StgValue>
</bind>
</comp>

<comp id="32" class="1001" name="const_32">
<pin_list>
<pin id="33" dir="1" index="0" bw="1" slack="2147483647"/>
</pin_list>
<bind>
<StgValue><ssdm name="_ssdm_op_SpecInterface"/></StgValue>
</bind>
</comp>

<comp id="34" class="1001" name="const_34">
<pin_list>
<pin id="35" dir="1" index="0" bw="1" slack="2147483647"/>
</pin_list>
<bind>
<StgValue><ssdm name="empty_31"/></StgValue>
</bind>
</comp>

<comp id="36" class="1001" name="const_36">
<pin_list>
<pin id="37" dir="1" index="0" bw="1" slack="2147483647"/>
</pin_list>
<bind>
<StgValue><ssdm name=""/></StgValue>
</bind>
</comp>

<comp id="38" class="1001" name="const_38">
<pin_list>
<pin id="39" dir="1" index="0" bw="1" slack="2147483647"/>
</pin_list>
<bind>
<StgValue><ssdm name="empty_32"/></StgValue>
</bind>
</comp>

<comp id="40" class="1001" name="const_40">
<pin_list>
<pin id="41" dir="1" index="0" bw="1" slack="2147483647"/>
</pin_list>
<bind>
<StgValue><ssdm name=""/></StgValue>
</bind>
</comp>

<comp id="42" class="1001" name="const_42">
<pin_list>
<pin id="43" dir="1" index="0" bw="1" slack="2147483647"/>
</pin_list>
<bind>
<StgValue><ssdm name=""/></StgValue>
</bind>
</comp>

<comp id="44" class="1001" name="const_44">
<pin_list>
<pin id="45" dir="1" index="0" bw="1" slack="2147483647"/>
</pin_list>
<bind>
<StgValue><ssdm name="empty_4"/></StgValue>
</bind>
</comp>

<comp id="46" class="1001" name="const_46">
<pin_list>
<pin id="47" dir="1" index="0" bw="1" slack="2147483647"/>
</pin_list>
<bind>
<StgValue><ssdm name="empty_35"/></StgValue>
</bind>
</comp>

<comp id="48" class="1001" name="const_48">
<pin_list>
<pin id="49" dir="1" index="0" bw="1" slack="2147483647"/>
</pin_list>
<bind>
<StgValue><ssdm name=""/></StgValue>
</bind>
</comp>

<comp id="50" class="1001" name="const_50">
<pin_list>
<pin id="51" dir="1" index="0" bw="1" slack="2147483647"/>
</pin_list>
<bind>
<StgValue><ssdm name=""/></StgValue>
</bind>
</comp>

<comp id="52" class="1001" name="const_52">
<pin_list>
<pin id="53" dir="1" index="0" bw="1" slack="2147483647"/>
</pin_list>
<bind>
<StgValue><ssdm name=""/></StgValue>
</bind>
</comp>

<comp id="54" class="1001" name="const_54">
<pin_list>
<pin id="55" dir="1" index="0" bw="1" slack="2147483647"/>
</pin_list>
<bind>
<StgValue><ssdm name=""/></StgValue>
</bind>
</comp>

<comp id="56" class="1001" name="const_56">
<pin_list>
<pin id="57" dir="1" index="0" bw="1" slack="0"/>
</pin_list>
<bind>
<StgValue><ssdm name=""/></StgValue>
</bind>
</comp>

<comp id="58" class="1001" name="const_58">
<pin_list>
<pin id="59" dir="1" index="0" bw="1" slack="0"/>
</pin_list>
<bind>
<StgValue><ssdm name=""/></StgValue>
</bind>
</comp>

<comp id="60" class="1001" name="const_60">
<pin_list>
<pin id="61" dir="1" index="0" bw="1" slack="0"/>
</pin_list>
<bind>
<StgValue><ssdm name=""/></StgValue>
</bind>
</comp>

<comp id="62" class="1001" name="const_62">
<pin_list>
<pin id="63" dir="1" index="0" bw="1" slack="0"/>
</pin_list>
<bind>
<StgValue><ssdm name=""/></StgValue>
</bind>
</comp>

<comp id="64" class="1001" name="const_64">
<pin_list>
<pin id="65" dir="1" index="0" bw="1" slack="0"/>
</pin_list>
<bind>
<StgValue><ssdm name=""/></StgValue>
</bind>
</comp>

<comp id="66" class="1001" name="const_66">
<pin_list>
<pin id="67" dir="1" index="0" bw="1" slack="0"/>
</pin_list>
<bind>
<StgValue><ssdm name=""/></StgValue>
</bind>
</comp>

<comp id="68" class="1001" name="const_68">
<pin_list>
<pin id="69" dir="1" index="0" bw="1" slack="0"/>
</pin_list>
<bind>
<StgValue><ssdm name="_ssdm_op_Read.m_axi.p1i128"/></StgValue>
</bind>
</comp>

<comp id="70" class="1001" name="const_70">
<pin_list>
<pin id="71" dir="1" index="0" bw="1" slack="0"/>
</pin_list>
<bind>
<StgValue><ssdm name=""/></StgValue>
</bind>
</comp>

<comp id="72" class="1001" name="const_72">
<pin_list>
<pin id="73" dir="1" index="0" bw="1" slack="0"/>
</pin_list>
<bind>
<StgValue><ssdm name=""/></StgValue>
</bind>
</comp>

<comp id="74" class="1001" name="const_74">
<pin_list>
<pin id="75" dir="1" index="0" bw="1" slack="0"/>
</pin_list>
<bind>
<StgValue><ssdm name=""/></StgValue>
</bind>
</comp>

<comp id="76" class="1001" name="const_76">
<pin_list>
<pin id="77" dir="1" index="0" bw="1" slack="0"/>
</pin_list>
<bind>
<StgValue><ssdm name=""/></StgValue>
</bind>
</comp>

<comp id="78" class="1001" name="const_78">
<pin_list>
<pin id="79" dir="1" index="0" bw="1" slack="0"/>
</pin_list>
<bind>
<StgValue><ssdm name=""/></StgValue>
</bind>
</comp>

<comp id="80" class="1001" name="const_80">
<pin_list>
<pin id="81" dir="1" index="0" bw="1" slack="0"/>
</pin_list>
<bind>
<StgValue><ssdm name=""/></StgValue>
</bind>
</comp>

<comp id="82" class="1001" name="const_82">
<pin_list>
<pin id="83" dir="1" index="0" bw="1" slack="0"/>
</pin_list>
<bind>
<StgValue><ssdm name=""/></StgValue>
</bind>
</comp>

<comp id="84" class="1001" name="const_84">
<pin_list>
<pin id="85" dir="1" index="0" bw="1" slack="2147483647"/>
</pin_list>
<bind>
<StgValue><ssdm name="_ssdm_op_SpecLoopName"/></StgValue>
</bind>
</comp>

<comp id="86" class="1001" name="const_86">
<pin_list>
<pin id="87" dir="1" index="0" bw="1" slack="2147483647"/>
</pin_list>
<bind>
<StgValue><ssdm name="LOAD_WV_VITIS_LOOP_101_1_str"/></StgValue>
</bind>
</comp>

<comp id="88" class="1001" name="const_88">
<pin_list>
<pin id="89" dir="1" index="0" bw="1" slack="2147483647"/>
</pin_list>
<bind>
<StgValue><ssdm name="_ssdm_op_SpecLoopTripCount"/></StgValue>
</bind>
</comp>

<comp id="90" class="1001" name="const_90">
<pin_list>
<pin id="91" dir="1" index="0" bw="1" slack="2147483647"/>
</pin_list>
<bind>
<StgValue><ssdm name=""/></StgValue>
</bind>
</comp>

<comp id="92" class="1001" name="const_92">
<pin_list>
<pin id="93" dir="1" index="0" bw="1" slack="2147483647"/>
</pin_list>
<bind>
<StgValue><ssdm name="_ssdm_op_SpecPipeline"/></StgValue>
</bind>
</comp>

<comp id="94" class="1001" name="const_94">
<pin_list>
<pin id="95" dir="1" index="0" bw="1" slack="0"/>
</pin_list>
<bind>
<StgValue><ssdm name=""/></StgValue>
</bind>
</comp>

<comp id="96" class="1004" name="w_fu_96">
<pin_list>
<pin id="97" dir="0" index="0" bw="1" slack="0"/>
<pin id="98" dir="1" index="1" bw="4" slack="0"/>
</pin_list>
<bind>
<opcode="alloca(26) " fcode="alloca"/>
<opset="w/1 "/>
</bind>
</comp>

<comp id="100" class="1004" name="b_fu_100">
<pin_list>
<pin id="101" dir="0" index="0" bw="1" slack="0"/>
<pin id="102" dir="1" index="1" bw="4" slack="0"/>
</pin_list>
<bind>
<opcode="alloca(26) " fcode="alloca"/>
<opset="b/1 "/>
</bind>
</comp>

<comp id="104" class="1004" name="indvar_flatten_fu_104">
<pin_list>
<pin id="105" dir="0" index="0" bw="1" slack="0"/>
<pin id="106" dir="1" index="1" bw="7" slack="0"/>
</pin_list>
<bind>
<opcode="alloca(26) " fcode="alloca"/>
<opset="indvar_flatten/1 "/>
</bind>
</comp>

<comp id="108" class="1004" name="sext_ln100_read_read_fu_108">
<pin_list>
<pin id="109" dir="0" index="0" bw="60" slack="0"/>
<pin id="110" dir="0" index="1" bw="60" slack="0"/>
<pin id="111" dir="1" index="2" bw="60" slack="0"/>
</pin_list>
<bind>
<opcode="read(1150) " fcode="read"/>
<opset="sext_ln100_read/1 "/>
</bind>
</comp>

<comp id="114" class="1004" name="rb_0_addr_gep_fu_114">
<pin_list>
<pin id="115" dir="0" index="0" bw="128" slack="0"/>
<pin id="116" dir="0" index="1" bw="1" slack="0"/>
<pin id="117" dir="0" index="2" bw="4" slack="0"/>
<pin id="118" dir="1" index="3" bw="4" slack="0"/>
</pin_list>
<bind>
<opcode="getelementptr(29) " fcode="getelementptr"/>
<opset="rb_0_addr/3 "/>
</bind>
</comp>

<comp id="121" class="1004" name="rb_1_addr_gep_fu_121">
<pin_list>
<pin id="122" dir="0" index="0" bw="128" slack="0"/>
<pin id="123" dir="0" index="1" bw="1" slack="0"/>
<pin id="124" dir="0" index="2" bw="4" slack="0"/>
<pin id="125" dir="1" index="3" bw="4" slack="0"/>
</pin_list>
<bind>
<opcode="getelementptr(29) " fcode="getelementptr"/>
<opset="rb_1_addr/3 "/>
</bind>
</comp>

<comp id="128" class="1004" name="rb_2_addr_gep_fu_128">
<pin_list>
<pin id="129" dir="0" index="0" bw="128" slack="0"/>
<pin id="130" dir="0" index="1" bw="1" slack="0"/>
<pin id="131" dir="0" index="2" bw="4" slack="0"/>
<pin id="132" dir="1" index="3" bw="4" slack="0"/>
</pin_list>
<bind>
<opcode="getelementptr(29) " fcode="getelementptr"/>
<opset="rb_2_addr/3 "/>
</bind>
</comp>

<comp id="135" class="1004" name="rb_3_addr_gep_fu_135">
<pin_list>
<pin id="136" dir="0" index="0" bw="128" slack="0"/>
<pin id="137" dir="0" index="1" bw="1" slack="0"/>
<pin id="138" dir="0" index="2" bw="4" slack="0"/>
<pin id="139" dir="1" index="3" bw="4" slack="0"/>
</pin_list>
<bind>
<opcode="getelementptr(29) " fcode="getelementptr"/>
<opset="rb_3_addr/3 "/>
</bind>
</comp>

<comp id="142" class="1004" name="rb_4_addr_gep_fu_142">
<pin_list>
<pin id="143" dir="0" index="0" bw="128" slack="0"/>
<pin id="144" dir="0" index="1" bw="1" slack="0"/>
<pin id="145" dir="0" index="2" bw="4" slack="0"/>
<pin id="146" dir="1" index="3" bw="4" slack="0"/>
</pin_list>
<bind>
<opcode="getelementptr(29) " fcode="getelementptr"/>
<opset="rb_4_addr/3 "/>
</bind>
</comp>

<comp id="149" class="1004" name="rb_5_addr_gep_fu_149">
<pin_list>
<pin id="150" dir="0" index="0" bw="128" slack="0"/>
<pin id="151" dir="0" index="1" bw="1" slack="0"/>
<pin id="152" dir="0" index="2" bw="4" slack="0"/>
<pin id="153" dir="1" index="3" bw="4" slack="0"/>
</pin_list>
<bind>
<opcode="getelementptr(29) " fcode="getelementptr"/>
<opset="rb_5_addr/3 "/>
</bind>
</comp>

<comp id="156" class="1004" name="rb_6_addr_gep_fu_156">
<pin_list>
<pin id="157" dir="0" index="0" bw="128" slack="0"/>
<pin id="158" dir="0" index="1" bw="1" slack="0"/>
<pin id="159" dir="0" index="2" bw="4" slack="0"/>
<pin id="160" dir="1" index="3" bw="4" slack="0"/>
</pin_list>
<bind>
<opcode="getelementptr(29) " fcode="getelementptr"/>
<opset="rb_6_addr/3 "/>
</bind>
</comp>

<comp id="163" class="1004" name="rb_7_addr_gep_fu_163">
<pin_list>
<pin id="164" dir="0" index="0" bw="128" slack="0"/>
<pin id="165" dir="0" index="1" bw="1" slack="0"/>
<pin id="166" dir="0" index="2" bw="4" slack="0"/>
<pin id="167" dir="1" index="3" bw="4" slack="0"/>
</pin_list>
<bind>
<opcode="getelementptr(29) " fcode="getelementptr"/>
<opset="rb_7_addr/3 "/>
</bind>
</comp>

<comp id="170" class="1004" name="store_ln103_access_fu_170">
<pin_list>
<pin id="171" dir="0" index="0" bw="4" slack="2147483647"/>
<pin id="172" dir="0" index="1" bw="128" slack="2147483647"/>
<pin id="173" dir="0" index="2" bw="0" slack="0"/>
<pin id="175" dir="0" index="4" bw="4" slack="1"/>
<pin id="176" dir="0" index="5" bw="128" slack="2147483647"/>
<pin id="177" dir="0" index="6" bw="0" slack="2147483647"/>
<pin id="174" dir="1" index="3" bw="128" slack="2147483647"/>
<pin id="178" dir="1" index="7" bw="128" slack="2147483647"/>
</pin_list>
<bind>
<opcode="store(28) " fcode="store"/>
<opset="store_ln103/3 "/>
</bind>
</comp>

<comp id="180" class="1004" name="store_ln103_access_fu_180">
<pin_list>
<pin id="181" dir="0" index="0" bw="4" slack="2147483647"/>
<pin id="182" dir="0" index="1" bw="128" slack="2147483647"/>
<pin id="183" dir="0" index="2" bw="0" slack="0"/>
<pin id="185" dir="0" index="4" bw="4" slack="1"/>
<pin id="186" dir="0" index="5" bw="128" slack="2147483647"/>
<pin id="187" dir="0" index="6" bw="0" slack="2147483647"/>
<pin id="184" dir="1" index="3" bw="128" slack="2147483647"/>
<pin id="188" dir="1" index="7" bw="128" slack="2147483647"/>
</pin_list>
<bind>
<opcode="store(28) " fcode="store"/>
<opset="store_ln103/3 "/>
</bind>
</comp>

<comp id="190" class="1004" name="store_ln103_access_fu_190">
<pin_list>
<pin id="191" dir="0" index="0" bw="4" slack="2147483647"/>
<pin id="192" dir="0" index="1" bw="128" slack="2147483647"/>
<pin id="193" dir="0" index="2" bw="0" slack="0"/>
<pin id="195" dir="0" index="4" bw="4" slack="1"/>
<pin id="196" dir="0" index="5" bw="128" slack="2147483647"/>
<pin id="197" dir="0" index="6" bw="0" slack="2147483647"/>
<pin id="194" dir="1" index="3" bw="128" slack="2147483647"/>
<pin id="198" dir="1" index="7" bw="128" slack="2147483647"/>
</pin_list>
<bind>
<opcode="store(28) " fcode="store"/>
<opset="store_ln103/3 "/>
</bind>
</comp>

<comp id="200" class="1004" name="store_ln103_access_fu_200">
<pin_list>
<pin id="201" dir="0" index="0" bw="4" slack="2147483647"/>
<pin id="202" dir="0" index="1" bw="128" slack="2147483647"/>
<pin id="203" dir="0" index="2" bw="0" slack="0"/>
<pin id="205" dir="0" index="4" bw="4" slack="1"/>
<pin id="206" dir="0" index="5" bw="128" slack="2147483647"/>
<pin id="207" dir="0" index="6" bw="0" slack="2147483647"/>
<pin id="204" dir="1" index="3" bw="128" slack="2147483647"/>
<pin id="208" dir="1" index="7" bw="128" slack="2147483647"/>
</pin_list>
<bind>
<opcode="store(28) " fcode="store"/>
<opset="store_ln103/3 "/>
</bind>
</comp>

<comp id="210" class="1004" name="store_ln103_access_fu_210">
<pin_list>
<pin id="211" dir="0" index="0" bw="4" slack="2147483647"/>
<pin id="212" dir="0" index="1" bw="128" slack="2147483647"/>
<pin id="213" dir="0" index="2" bw="0" slack="0"/>
<pin id="215" dir="0" index="4" bw="4" slack="1"/>
<pin id="216" dir="0" index="5" bw="128" slack="2147483647"/>
<pin id="217" dir="0" index="6" bw="0" slack="2147483647"/>
<pin id="214" dir="1" index="3" bw="128" slack="2147483647"/>
<pin id="218" dir="1" index="7" bw="128" slack="2147483647"/>
</pin_list>
<bind>
<opcode="store(28) " fcode="store"/>
<opset="store_ln103/3 "/>
</bind>
</comp>

<comp id="220" class="1004" name="store_ln103_access_fu_220">
<pin_list>
<pin id="221" dir="0" index="0" bw="4" slack="2147483647"/>
<pin id="222" dir="0" index="1" bw="128" slack="2147483647"/>
<pin id="223" dir="0" index="2" bw="0" slack="0"/>
<pin id="225" dir="0" index="4" bw="4" slack="1"/>
<pin id="226" dir="0" index="5" bw="128" slack="2147483647"/>
<pin id="227" dir="0" index="6" bw="0" slack="2147483647"/>
<pin id="224" dir="1" index="3" bw="128" slack="2147483647"/>
<pin id="228" dir="1" index="7" bw="128" slack="2147483647"/>
</pin_list>
<bind>
<opcode="store(28) " fcode="store"/>
<opset="store_ln103/3 "/>
</bind>
</comp>

<comp id="230" class="1004" name="store_ln103_access_fu_230">
<pin_list>
<pin id="231" dir="0" index="0" bw="4" slack="2147483647"/>
<pin id="232" dir="0" index="1" bw="128" slack="2147483647"/>
<pin id="233" dir="0" index="2" bw="0" slack="0"/>
<pin id="235" dir="0" index="4" bw="4" slack="1"/>
<pin id="236" dir="0" index="5" bw="128" slack="2147483647"/>
<pin id="237" dir="0" index="6" bw="0" slack="2147483647"/>
<pin id="234" dir="1" index="3" bw="128" slack="2147483647"/>
<pin id="238" dir="1" index="7" bw="128" slack="2147483647"/>
</pin_list>
<bind>
<opcode="store(28) " fcode="store"/>
<opset="store_ln103/3 "/>
</bind>
</comp>

<comp id="240" class="1004" name="store_ln103_access_fu_240">
<pin_list>
<pin id="241" dir="0" index="0" bw="4" slack="2147483647"/>
<pin id="242" dir="0" index="1" bw="128" slack="2147483647"/>
<pin id="243" dir="0" index="2" bw="0" slack="0"/>
<pin id="245" dir="0" index="4" bw="4" slack="1"/>
<pin id="246" dir="0" index="5" bw="128" slack="2147483647"/>
<pin id="247" dir="0" index="6" bw="0" slack="2147483647"/>
<pin id="244" dir="1" index="3" bw="128" slack="2147483647"/>
<pin id="248" dir="1" index="7" bw="128" slack="2147483647"/>
</pin_list>
<bind>
<opcode="store(28) " fcode="store"/>
<opset="store_ln103/3 "/>
</bind>
</comp>

<comp id="250" class="1004" name="gmem_V_addr_read_read_fu_250">
<pin_list>
<pin id="251" dir="0" index="0" bw="128" slack="0"/>
<pin id="252" dir="0" index="1" bw="128" slack="0"/>
<pin id="253" dir="1" index="2" bw="128" slack="1"/>
</pin_list>
<bind>
<opcode="read(1150) " fcode="read"/>
<opset="gmem_V_addr_read/2 "/>
</bind>
</comp>

<comp id="255" class="1004" name="sext_ln100_cast_fu_255">
<pin_list>
<pin id="256" dir="0" index="0" bw="60" slack="0"/>
<pin id="257" dir="1" index="1" bw="64" slack="1"/>
</pin_list>
<bind>
<opcode="sext(35) " fcode="sext"/>
<opset="sext_ln100_cast/1 "/>
</bind>
</comp>

<comp id="259" class="1004" name="store_ln0_store_fu_259">
<pin_list>
<pin id="260" dir="0" index="0" bw="1" slack="0"/>
<pin id="261" dir="0" index="1" bw="7" slack="0"/>
<pin id="262" dir="1" index="2" bw="0" slack="2147483647"/>
</pin_list>
<bind>
<opcode="store(28) " fcode="store"/>
<opset="store_ln0/1 "/>
</bind>
</comp>

<comp id="264" class="1004" name="store_ln100_store_fu_264">
<pin_list>
<pin id="265" dir="0" index="0" bw="1" slack="0"/>
<pin id="266" dir="0" index="1" bw="4" slack="0"/>
<pin id="267" dir="1" index="2" bw="0" slack="2147483647"/>
</pin_list>
<bind>
<opcode="store(28) " fcode="store"/>
<opset="store_ln100/1 "/>
</bind>
</comp>

<comp id="269" class="1004" name="store_ln101_store_fu_269">
<pin_list>
<pin id="270" dir="0" index="0" bw="1" slack="0"/>
<pin id="271" dir="0" index="1" bw="4" slack="0"/>
<pin id="272" dir="1" index="2" bw="0" slack="2147483647"/>
</pin_list>
<bind>
<opcode="store(28) " fcode="store"/>
<opset="store_ln101/1 "/>
</bind>
</comp>

<comp id="274" class="1004" name="indvar_flatten_load_load_fu_274">
<pin_list>
<pin id="275" dir="0" index="0" bw="7" slack="0"/>
<pin id="276" dir="1" index="1" bw="7" slack="0"/>
</pin_list>
<bind>
<opcode="load(27) " fcode="load"/>
<opset="indvar_flatten_load/1 "/>
</bind>
</comp>

<comp id="277" class="1004" name="icmp_ln100_fu_277">
<pin_list>
<pin id="278" dir="0" index="0" bw="7" slack="0"/>
<pin id="279" dir="0" index="1" bw="7" slack="0"/>
<pin id="280" dir="1" index="2" bw="1" slack="1"/>
</pin_list>
<bind>
<opcode="icmp(45) " fcode="icmp"/>
<opset="icmp_ln100/1 "/>
</bind>
</comp>

<comp id="283" class="1004" name="add_ln100_fu_283">
<pin_list>
<pin id="284" dir="0" index="0" bw="7" slack="0"/>
<pin id="285" dir="0" index="1" bw="1" slack="0"/>
<pin id="286" dir="1" index="2" bw="7" slack="0"/>
</pin_list>
<bind>
<opcode="add(8) " fcode="add"/>
<opset="add_ln100/1 "/>
</bind>
</comp>

<comp id="289" class="1004" name="store_ln100_store_fu_289">
<pin_list>
<pin id="290" dir="0" index="0" bw="7" slack="0"/>
<pin id="291" dir="0" index="1" bw="7" slack="0"/>
<pin id="292" dir="1" index="2" bw="0" slack="2147483647"/>
</pin_list>
<bind>
<opcode="store(28) " fcode="store"/>
<opset="store_ln100/1 "/>
</bind>
</comp>

<comp id="294" class="1004" name="w_load_load_fu_294">
<pin_list>
<pin id="295" dir="0" index="0" bw="4" slack="1"/>
<pin id="296" dir="1" index="1" bw="4" slack="0"/>
</pin_list>
<bind>
<opcode="load(27) " fcode="load"/>
<opset="w_load/2 "/>
</bind>
</comp>

<comp id="297" class="1004" name="b_load_load_fu_297">
<pin_list>
<pin id="298" dir="0" index="0" bw="4" slack="1"/>
<pin id="299" dir="1" index="1" bw="4" slack="0"/>
</pin_list>
<bind>
<opcode="load(27) " fcode="load"/>
<opset="b_load/2 "/>
</bind>
</comp>

<comp id="300" class="1004" name="gmem_V_addr_fu_300">
<pin_list>
<pin id="301" dir="0" index="0" bw="128" slack="0"/>
<pin id="302" dir="0" index="1" bw="60" slack="1"/>
<pin id="303" dir="1" index="2" bw="128" slack="0"/>
</pin_list>
<bind>
<opcode="getelementptr(29) " fcode="getelementptr"/>
<opset="gmem_V_addr/2 "/>
</bind>
</comp>

<comp id="306" class="1004" name="icmp_ln101_fu_306">
<pin_list>
<pin id="307" dir="0" index="0" bw="4" slack="0"/>
<pin id="308" dir="0" index="1" bw="4" slack="0"/>
<pin id="309" dir="1" index="2" bw="1" slack="0"/>
</pin_list>
<bind>
<opcode="icmp(45) " fcode="icmp"/>
<opset="icmp_ln101/2 "/>
</bind>
</comp>

<comp id="312" class="1004" name="select_ln100_fu_312">
<pin_list>
<pin id="313" dir="0" index="0" bw="1" slack="0"/>
<pin id="314" dir="0" index="1" bw="1" slack="0"/>
<pin id="315" dir="0" index="2" bw="4" slack="0"/>
<pin id="316" dir="1" index="3" bw="4" slack="0"/>
</pin_list>
<bind>
<opcode="select(49) " fcode="select"/>
<opset="select_ln100/2 "/>
</bind>
</comp>

<comp id="320" class="1004" name="add_ln100_1_fu_320">
<pin_list>
<pin id="321" dir="0" index="0" bw="4" slack="0"/>
<pin id="322" dir="0" index="1" bw="1" slack="0"/>
<pin id="323" dir="1" index="2" bw="4" slack="0"/>
</pin_list>
<bind>
<opcode="add(8) " fcode="add"/>
<opset="add_ln100_1/2 "/>
</bind>
</comp>

<comp id="326" class="1004" name="select_ln100_1_fu_326">
<pin_list>
<pin id="327" dir="0" index="0" bw="1" slack="0"/>
<pin id="328" dir="0" index="1" bw="4" slack="0"/>
<pin id="329" dir="0" index="2" bw="4" slack="0"/>
<pin id="330" dir="1" index="3" bw="4" slack="0"/>
</pin_list>
<bind>
<opcode="select(49) " fcode="select"/>
<opset="select_ln100_1/2 "/>
</bind>
</comp>

<comp id="334" class="1004" name="trunc_ln100_fu_334">
<pin_list>
<pin id="335" dir="0" index="0" bw="4" slack="0"/>
<pin id="336" dir="1" index="1" bw="3" slack="0"/>
</pin_list>
<bind>
<opcode="trunc(33) " fcode="trunc"/>
<opset="trunc_ln100/2 "/>
</bind>
</comp>

<comp id="338" class="1004" name="switch_ln103_fu_338">
<pin_list>
<pin id="339" dir="0" index="0" bw="3" slack="0"/>
<pin id="340" dir="0" index="1" bw="1" slack="0"/>
<pin id="341" dir="0" index="2" bw="1" slack="0"/>
<pin id="342" dir="0" index="3" bw="3" slack="0"/>
<pin id="343" dir="0" index="4" bw="3" slack="0"/>
<pin id="344" dir="0" index="5" bw="3" slack="0"/>
<pin id="345" dir="0" index="6" bw="3" slack="0"/>
<pin id="346" dir="0" index="7" bw="2" slack="0"/>
<pin id="347" dir="1" index="8" bw="0" slack="2147483647"/>
</pin_list>
<bind>
<opcode="switch(3) " fcode="switch"/>
<opset="switch_ln103/2 "/>
</bind>
</comp>

<comp id="356" class="1004" name="add_ln101_fu_356">
<pin_list>
<pin id="357" dir="0" index="0" bw="4" slack="0"/>
<pin id="358" dir="0" index="1" bw="1" slack="0"/>
<pin id="359" dir="1" index="2" bw="4" slack="0"/>
</pin_list>
<bind>
<opcode="add(8) " fcode="add"/>
<opset="add_ln101/2 "/>
</bind>
</comp>

<comp id="362" class="1004" name="store_ln100_store_fu_362">
<pin_list>
<pin id="363" dir="0" index="0" bw="4" slack="0"/>
<pin id="364" dir="0" index="1" bw="4" slack="1"/>
<pin id="365" dir="1" index="2" bw="0" slack="2147483647"/>
</pin_list>
<bind>
<opcode="store(28) " fcode="store"/>
<opset="store_ln100/2 "/>
</bind>
</comp>

<comp id="367" class="1004" name="store_ln101_store_fu_367">
<pin_list>
<pin id="368" dir="0" index="0" bw="4" slack="0"/>
<pin id="369" dir="0" index="1" bw="4" slack="1"/>
<pin id="370" dir="1" index="2" bw="0" slack="2147483647"/>
</pin_list>
<bind>
<opcode="store(28) " fcode="store"/>
<opset="store_ln101/2 "/>
</bind>
</comp>

<comp id="372" class="1004" name="zext_ln101_fu_372">
<pin_list>
<pin id="373" dir="0" index="0" bw="4" slack="1"/>
<pin id="374" dir="1" index="1" bw="64" slack="0"/>
</pin_list>
<bind>
<opcode="zext(34) " fcode="zext"/>
<opset="zext_ln101/3 "/>
</bind>
</comp>

<comp id="383" class="1005" name="w_reg_383">
<pin_list>
<pin id="384" dir="0" index="0" bw="4" slack="0"/>
<pin id="385" dir="1" index="1" bw="4" slack="0"/>
</pin_list>
<bind>
<opset="w "/>
</bind>
</comp>

<comp id="390" class="1005" name="b_reg_390">
<pin_list>
<pin id="391" dir="0" index="0" bw="4" slack="0"/>
<pin id="392" dir="1" index="1" bw="4" slack="0"/>
</pin_list>
<bind>
<opset="b "/>
</bind>
</comp>

<comp id="397" class="1005" name="indvar_flatten_reg_397">
<pin_list>
<pin id="398" dir="0" index="0" bw="7" slack="0"/>
<pin id="399" dir="1" index="1" bw="7" slack="0"/>
</pin_list>
<bind>
<opset="indvar_flatten "/>
</bind>
</comp>

<comp id="404" class="1005" name="sext_ln100_cast_reg_404">
<pin_list>
<pin id="405" dir="0" index="0" bw="64" slack="1"/>
<pin id="406" dir="1" index="1" bw="64" slack="1"/>
</pin_list>
<bind>
<opset="sext_ln100_cast "/>
</bind>
</comp>

<comp id="409" class="1005" name="icmp_ln100_reg_409">
<pin_list>
<pin id="410" dir="0" index="0" bw="1" slack="1"/>
<pin id="411" dir="1" index="1" bw="1" slack="2147483647"/>
</pin_list>
<bind>
<opset="icmp_ln100 "/>
</bind>
</comp>

<comp id="413" class="1005" name="select_ln100_reg_413">
<pin_list>
<pin id="414" dir="0" index="0" bw="4" slack="1"/>
<pin id="415" dir="1" index="1" bw="4" slack="1"/>
</pin_list>
<bind>
<opset="select_ln100 "/>
</bind>
</comp>

<comp id="418" class="1005" name="trunc_ln100_reg_418">
<pin_list>
<pin id="419" dir="0" index="0" bw="3" slack="1"/>
<pin id="420" dir="1" index="1" bw="3" slack="2147483647"/>
</pin_list>
<bind>
<opset="trunc_ln100 "/>
</bind>
</comp>

<comp id="422" class="1005" name="gmem_V_addr_read_reg_422">
<pin_list>
<pin id="423" dir="0" index="0" bw="128" slack="1"/>
<pin id="424" dir="1" index="1" bw="128" slack="1"/>
</pin_list>
<bind>
<opset="gmem_V_addr_read "/>
</bind>
</comp>

</comp_list>

<net_list>
<net id="99"><net_src comp="20" pin="0"/><net_sink comp="96" pin=0"/></net>

<net id="103"><net_src comp="20" pin="0"/><net_sink comp="100" pin=0"/></net>

<net id="107"><net_src comp="20" pin="0"/><net_sink comp="104" pin=0"/></net>

<net id="112"><net_src comp="22" pin="0"/><net_sink comp="108" pin=0"/></net>

<net id="113"><net_src comp="2" pin="0"/><net_sink comp="108" pin=1"/></net>

<net id="119"><net_src comp="18" pin="0"/><net_sink comp="114" pin=0"/></net>

<net id="120"><net_src comp="94" pin="0"/><net_sink comp="114" pin=1"/></net>

<net id="126"><net_src comp="16" pin="0"/><net_sink comp="121" pin=0"/></net>

<net id="127"><net_src comp="94" pin="0"/><net_sink comp="121" pin=1"/></net>

<net id="133"><net_src comp="14" pin="0"/><net_sink comp="128" pin=0"/></net>

<net id="134"><net_src comp="94" pin="0"/><net_sink comp="128" pin=1"/></net>

<net id="140"><net_src comp="12" pin="0"/><net_sink comp="135" pin=0"/></net>

<net id="141"><net_src comp="94" pin="0"/><net_sink comp="135" pin=1"/></net>

<net id="147"><net_src comp="10" pin="0"/><net_sink comp="142" pin=0"/></net>

<net id="148"><net_src comp="94" pin="0"/><net_sink comp="142" pin=1"/></net>

<net id="154"><net_src comp="8" pin="0"/><net_sink comp="149" pin=0"/></net>

<net id="155"><net_src comp="94" pin="0"/><net_sink comp="149" pin=1"/></net>

<net id="161"><net_src comp="6" pin="0"/><net_sink comp="156" pin=0"/></net>

<net id="162"><net_src comp="94" pin="0"/><net_sink comp="156" pin=1"/></net>

<net id="168"><net_src comp="4" pin="0"/><net_sink comp="163" pin=0"/></net>

<net id="169"><net_src comp="94" pin="0"/><net_sink comp="163" pin=1"/></net>

<net id="179"><net_src comp="156" pin="3"/><net_sink comp="170" pin=2"/></net>

<net id="189"><net_src comp="149" pin="3"/><net_sink comp="180" pin=2"/></net>

<net id="199"><net_src comp="142" pin="3"/><net_sink comp="190" pin=2"/></net>

<net id="209"><net_src comp="135" pin="3"/><net_sink comp="200" pin=2"/></net>

<net id="219"><net_src comp="128" pin="3"/><net_sink comp="210" pin=2"/></net>

<net id="229"><net_src comp="121" pin="3"/><net_sink comp="220" pin=2"/></net>

<net id="239"><net_src comp="114" pin="3"/><net_sink comp="230" pin=2"/></net>

<net id="249"><net_src comp="163" pin="3"/><net_sink comp="240" pin=2"/></net>

<net id="254"><net_src comp="68" pin="0"/><net_sink comp="250" pin=0"/></net>

<net id="258"><net_src comp="108" pin="2"/><net_sink comp="255" pin=0"/></net>

<net id="263"><net_src comp="56" pin="0"/><net_sink comp="259" pin=0"/></net>

<net id="268"><net_src comp="58" pin="0"/><net_sink comp="264" pin=0"/></net>

<net id="273"><net_src comp="58" pin="0"/><net_sink comp="269" pin=0"/></net>

<net id="281"><net_src comp="274" pin="1"/><net_sink comp="277" pin=0"/></net>

<net id="282"><net_src comp="60" pin="0"/><net_sink comp="277" pin=1"/></net>

<net id="287"><net_src comp="274" pin="1"/><net_sink comp="283" pin=0"/></net>

<net id="288"><net_src comp="62" pin="0"/><net_sink comp="283" pin=1"/></net>

<net id="293"><net_src comp="283" pin="2"/><net_sink comp="289" pin=0"/></net>

<net id="304"><net_src comp="0" pin="0"/><net_sink comp="300" pin=0"/></net>

<net id="305"><net_src comp="300" pin="2"/><net_sink comp="250" pin=1"/></net>

<net id="310"><net_src comp="294" pin="1"/><net_sink comp="306" pin=0"/></net>

<net id="311"><net_src comp="64" pin="0"/><net_sink comp="306" pin=1"/></net>

<net id="317"><net_src comp="306" pin="2"/><net_sink comp="312" pin=0"/></net>

<net id="318"><net_src comp="58" pin="0"/><net_sink comp="312" pin=1"/></net>

<net id="319"><net_src comp="294" pin="1"/><net_sink comp="312" pin=2"/></net>

<net id="324"><net_src comp="297" pin="1"/><net_sink comp="320" pin=0"/></net>

<net id="325"><net_src comp="66" pin="0"/><net_sink comp="320" pin=1"/></net>

<net id="331"><net_src comp="306" pin="2"/><net_sink comp="326" pin=0"/></net>

<net id="332"><net_src comp="320" pin="2"/><net_sink comp="326" pin=1"/></net>

<net id="333"><net_src comp="297" pin="1"/><net_sink comp="326" pin=2"/></net>

<net id="337"><net_src comp="326" pin="3"/><net_sink comp="334" pin=0"/></net>

<net id="348"><net_src comp="334" pin="1"/><net_sink comp="338" pin=0"/></net>

<net id="349"><net_src comp="70" pin="0"/><net_sink comp="338" pin=1"/></net>

<net id="350"><net_src comp="72" pin="0"/><net_sink comp="338" pin=2"/></net>

<net id="351"><net_src comp="74" pin="0"/><net_sink comp="338" pin=3"/></net>

<net id="352"><net_src comp="76" pin="0"/><net_sink comp="338" pin=4"/></net>

<net id="353"><net_src comp="78" pin="0"/><net_sink comp="338" pin=5"/></net>

<net id="354"><net_src comp="80" pin="0"/><net_sink comp="338" pin=6"/></net>

<net id="355"><net_src comp="82" pin="0"/><net_sink comp="338" pin=7"/></net>

<net id="360"><net_src comp="312" pin="3"/><net_sink comp="356" pin=0"/></net>

<net id="361"><net_src comp="66" pin="0"/><net_sink comp="356" pin=1"/></net>

<net id="366"><net_src comp="326" pin="3"/><net_sink comp="362" pin=0"/></net>

<net id="371"><net_src comp="356" pin="2"/><net_sink comp="367" pin=0"/></net>

<net id="375"><net_src comp="372" pin="1"/><net_sink comp="114" pin=2"/></net>

<net id="376"><net_src comp="372" pin="1"/><net_sink comp="121" pin=2"/></net>

<net id="377"><net_src comp="372" pin="1"/><net_sink comp="128" pin=2"/></net>

<net id="378"><net_src comp="372" pin="1"/><net_sink comp="135" pin=2"/></net>

<net id="379"><net_src comp="372" pin="1"/><net_sink comp="142" pin=2"/></net>

<net id="380"><net_src comp="372" pin="1"/><net_sink comp="149" pin=2"/></net>

<net id="381"><net_src comp="372" pin="1"/><net_sink comp="156" pin=2"/></net>

<net id="382"><net_src comp="372" pin="1"/><net_sink comp="163" pin=2"/></net>

<net id="386"><net_src comp="96" pin="1"/><net_sink comp="383" pin=0"/></net>

<net id="387"><net_src comp="383" pin="1"/><net_sink comp="269" pin=1"/></net>

<net id="388"><net_src comp="383" pin="1"/><net_sink comp="294" pin=0"/></net>

<net id="389"><net_src comp="383" pin="1"/><net_sink comp="367" pin=1"/></net>

<net id="393"><net_src comp="100" pin="1"/><net_sink comp="390" pin=0"/></net>

<net id="394"><net_src comp="390" pin="1"/><net_sink comp="264" pin=1"/></net>

<net id="395"><net_src comp="390" pin="1"/><net_sink comp="297" pin=0"/></net>

<net id="396"><net_src comp="390" pin="1"/><net_sink comp="362" pin=1"/></net>

<net id="400"><net_src comp="104" pin="1"/><net_sink comp="397" pin=0"/></net>

<net id="401"><net_src comp="397" pin="1"/><net_sink comp="259" pin=1"/></net>

<net id="402"><net_src comp="397" pin="1"/><net_sink comp="274" pin=0"/></net>

<net id="403"><net_src comp="397" pin="1"/><net_sink comp="289" pin=1"/></net>

<net id="407"><net_src comp="255" pin="1"/><net_sink comp="404" pin=0"/></net>

<net id="408"><net_src comp="404" pin="1"/><net_sink comp="300" pin=1"/></net>

<net id="412"><net_src comp="277" pin="2"/><net_sink comp="409" pin=0"/></net>

<net id="416"><net_src comp="312" pin="3"/><net_sink comp="413" pin=0"/></net>

<net id="417"><net_src comp="413" pin="1"/><net_sink comp="372" pin=0"/></net>

<net id="421"><net_src comp="334" pin="1"/><net_sink comp="418" pin=0"/></net>

<net id="425"><net_src comp="250" pin="2"/><net_sink comp="422" pin=0"/></net>

<net id="426"><net_src comp="422" pin="1"/><net_sink comp="170" pin=4"/></net>

<net id="427"><net_src comp="422" pin="1"/><net_sink comp="180" pin=4"/></net>

<net id="428"><net_src comp="422" pin="1"/><net_sink comp="190" pin=4"/></net>

<net id="429"><net_src comp="422" pin="1"/><net_sink comp="200" pin=4"/></net>

<net id="430"><net_src comp="422" pin="1"/><net_sink comp="210" pin=4"/></net>

<net id="431"><net_src comp="422" pin="1"/><net_sink comp="220" pin=4"/></net>

<net id="432"><net_src comp="422" pin="1"/><net_sink comp="230" pin=4"/></net>

<net id="433"><net_src comp="422" pin="1"/><net_sink comp="240" pin=4"/></net>

</net_list>

</model> 
---------------- Datapath Model END ------------------

* FSMD analyzer results:
  - Output states:
	Port: rb_7 | {3 }
	Port: rb_6 | {3 }
	Port: rb_5 | {3 }
	Port: rb_4 | {3 }
	Port: rb_3 | {3 }
	Port: rb_2 | {3 }
	Port: rb_1 | {3 }
	Port: rb_0 | {3 }
 - Input state : 
	Port: load_row_wv_Pipeline_LOAD_WV_VITIS_LOOP_101_1 : gmem_V | {2 }
	Port: load_row_wv_Pipeline_LOAD_WV_VITIS_LOOP_101_1 : sext_ln100 | {1 }
  - Chain level:
	State 1
		store_ln0 : 1
		store_ln100 : 1
		store_ln101 : 1
		indvar_flatten_load : 1
		icmp_ln100 : 2
		add_ln100 : 2
		br_ln100 : 3
		store_ln100 : 3
	State 2
		icmp_ln101 : 1
		select_ln100 : 2
		add_ln100_1 : 1
		select_ln100_1 : 2
		trunc_ln100 : 3
		gmem_V_addr_read : 1
		switch_ln103 : 4
		add_ln101 : 3
		store_ln100 : 3
		store_ln101 : 4
	State 3
		rb_0_addr : 1
		rb_1_addr : 1
		rb_2_addr : 1
		rb_3_addr : 1
		rb_4_addr : 1
		rb_5_addr : 1
		rb_6_addr : 1
		rb_7_addr : 1
		store_ln103 : 2
		store_ln103 : 2
		store_ln103 : 2
		store_ln103 : 2
		store_ln103 : 2
		store_ln103 : 2
		store_ln103 : 2
		store_ln103 : 2


============================================================
+ Verbose Summary: Datapath Resource usage 
============================================================

* Functional unit list:
|----------|------------------------------|---------|---------|
| Operation|        Functional Unit       |    FF   |   LUT   |
|----------|------------------------------|---------|---------|
|          |       add_ln100_fu_283       |    0    |    14   |
|    add   |      add_ln100_1_fu_320      |    0    |    12   |
|          |       add_ln101_fu_356       |    0    |    12   |
|----------|------------------------------|---------|---------|
|   icmp   |       icmp_ln100_fu_277      |    0    |    14   |
|          |       icmp_ln101_fu_306      |    0    |    12   |
|----------|------------------------------|---------|---------|
|  select  |      select_ln100_fu_312     |    0    |    4    |
|          |     select_ln100_1_fu_326    |    0    |    4    |
|----------|------------------------------|---------|---------|
|   read   |  sext_ln100_read_read_fu_108 |    0    |    0    |
|          | gmem_V_addr_read_read_fu_250 |    0    |    0    |
|----------|------------------------------|---------|---------|
|   sext   |    sext_ln100_cast_fu_255    |    0    |    0    |
|----------|------------------------------|---------|---------|
|   trunc  |      trunc_ln100_fu_334      |    0    |    0    |
|----------|------------------------------|---------|---------|
|  switch  |      switch_ln103_fu_338     |    0    |    0    |
|----------|------------------------------|---------|---------|
|   zext   |       zext_ln101_fu_372      |    0    |    0    |
|----------|------------------------------|---------|---------|
|   Total  |                              |    0    |    72   |
|----------|------------------------------|---------|---------|

Memories:
N/A

* Register list:
+------------------------+--------+
|                        |   FF   |
+------------------------+--------+
|        b_reg_390       |    4   |
|gmem_V_addr_read_reg_422|   128  |
|   icmp_ln100_reg_409   |    1   |
| indvar_flatten_reg_397 |    7   |
|  select_ln100_reg_413  |    4   |
| sext_ln100_cast_reg_404|   64   |
|   trunc_ln100_reg_418  |    3   |
|        w_reg_383       |    4   |
+------------------------+--------+
|          Total         |   215  |
+------------------------+--------+

* Multiplexer (MUX) list: 
|--------|------|------|------|--------|
|  Comp  |  Pin | Size |  BW  | S x BW |
|--------|------|------|------|--------|
|  Total |      |      |      |    0   |
|--------|------|------|------|--------|



* Summary:
+-----------+--------+--------+
|           |   FF   |   LUT  |
+-----------+--------+--------+
|  Function |    0   |   72   |
|   Memory  |    -   |    -   |
|Multiplexer|    -   |    -   |
|  Register |   215  |    -   |
+-----------+--------+--------+
|   Total   |   215  |   72   |
+-----------+--------+--------+
