

================================================================
== Vitis HLS Report for 'load_row_down_q4k_Pipeline_LOAD_DOWN_Q4K_VITIS_LOOP_326_1'
================================================================
* Date:           Mon Mar 30 09:36:51 2026

* Version:        2025.1 (Build 6135595 on May 21 2025)
* Project:        swiglu
* Solution:       hls (Vivado IP Flow Target)
* Product family: zynquplus
* Target device:  xck26-sfvc784-2LV-c


================================================================
== Performance Estimates
================================================================
+ Timing: 
    * Summary: 
    +--------+---------+----------+------------+
    |  Clock |  Target | Estimated| Uncertainty|
    +--------+---------+----------+------------+
    |ap_clk  |  3.33 ns|  2.430 ns|     0.90 ns|
    +--------+---------+----------+------------+

+ Latency: 
    * Summary: 
    +---------+---------+----------+----------+-----+-----+------------------------------------------------+
    |  Latency (cycles) |  Latency (absolute) |  Interval |                    Pipeline                    |
    |   min   |   max   |    min   |    max   | min | max |                      Type                      |
    +---------+---------+----------+----------+-----+-----+------------------------------------------------+
    |      291|      291|  0.969 us|  0.969 us|  289|  289|  loop auto-rewind stp (delay=0 clock cycles(s))|
    +---------+---------+----------+----------+-----+-----+------------------------------------------------+

    + Detail: 
        * Instance: 
        N/A

        * Loop: 
        +----------------------------------+---------+---------+----------+-----------+-----------+------+----------+
        |                                  |  Latency (cycles) | Iteration|  Initiation Interval  | Trip |          |
        |             Loop Name            |   min   |   max   |  Latency |  achieved |   target  | Count| Pipelined|
        +----------------------------------+---------+---------+----------+-----------+-----------+------+----------+
        |- LOAD_DOWN_Q4K_VITIS_LOOP_326_1  |      289|      289|         3|          1|          1|   288|       yes|
        +----------------------------------+---------+---------+----------+-----------+-----------+------+----------+

============================================================
+ Verbose Summary: Synthesis Manager
============================================================
InlineROM: 1
ExposeGlobal: 0
============================================================
+ Verbose Summary: CDFG Model
============================================================
IsTopModel: 0
ResetActiveHigh: 1
IsCombinational: 0
IsDatapathOnly: 0
HasWiredReturn: 1
HasMFsm: 2
HasVarLatency: 1
IsPipeline: 0
IsRtlPipelined: 0
IsInstanceOverlapped: 0
IsDontTouch: 0
HasImplIP: 0
IsGatedGlobalClock: 0

+ Individual pipeline summary: 
  * Pipeline-0: initiation interval (II) = 1, depth = 3


============================================================
+ Verbose Summary: Schedule
============================================================
* Number of FSM states : 3
* Pipeline : 1
  Pipeline-0 : II = 1, D = 3, States = { 1 2 3 }
* Dataflow Pipeline: 0

* FSM state transitions: 
1 --> 2 
2 --> 3 
3 --> 

* FSM state operations: 

State 1 <SV = 0> <Delay = 1.63>
ST_1 : Operation 6 [1/1] (0.00ns)   --->   "%w = alloca i32 1" [swiglu.cpp:326]   --->   Operation 6 'alloca' 'w' <Predicate = true> <Delay = 0.00>
ST_1 : Operation 7 [1/1] (0.00ns)   --->   "%b = alloca i32 1" [swiglu.cpp:325]   --->   Operation 7 'alloca' 'b' <Predicate = true> <Delay = 0.00>
ST_1 : Operation 8 [1/1] (0.00ns)   --->   "%indvar_flatten = alloca i32 1"   --->   Operation 8 'alloca' 'indvar_flatten' <Predicate = true> <Delay = 0.00>
ST_1 : Operation 9 [1/1] (0.00ns)   --->   "%sext_ln325_read = read i60 @_ssdm_op_Read.ap_auto.i60, i60 %sext_ln325"   --->   Operation 9 'read' 'sext_ln325_read' <Predicate = true> <Delay = 0.00>
ST_1 : Operation 10 [1/1] (0.00ns)   --->   "%sext_ln325_cast = sext i60 %sext_ln325_read"   --->   Operation 10 'sext' 'sext_ln325_cast' <Predicate = true> <Delay = 0.00>
ST_1 : Operation 11 [1/1] (0.00ns)   --->   "%specmemcore_ln0 = specmemcore void @_ssdm_op_SpecMemCore, i128 %rb_7, i64 666, i64 18, i64 18446744073709551615"   --->   Operation 11 'specmemcore' 'specmemcore_ln0' <Predicate = true> <Delay = 0.00>
ST_1 : Operation 12 [1/1] (0.00ns)   --->   "%specmemcore_ln0 = specmemcore void @_ssdm_op_SpecMemCore, i128 %rb_6, i64 666, i64 18, i64 18446744073709551615"   --->   Operation 12 'specmemcore' 'specmemcore_ln0' <Predicate = true> <Delay = 0.00>
ST_1 : Operation 13 [1/1] (0.00ns)   --->   "%specmemcore_ln0 = specmemcore void @_ssdm_op_SpecMemCore, i128 %rb_5, i64 666, i64 18, i64 18446744073709551615"   --->   Operation 13 'specmemcore' 'specmemcore_ln0' <Predicate = true> <Delay = 0.00>
ST_1 : Operation 14 [1/1] (0.00ns)   --->   "%specmemcore_ln0 = specmemcore void @_ssdm_op_SpecMemCore, i128 %rb_4, i64 666, i64 18, i64 18446744073709551615"   --->   Operation 14 'specmemcore' 'specmemcore_ln0' <Predicate = true> <Delay = 0.00>
ST_1 : Operation 15 [1/1] (0.00ns)   --->   "%specmemcore_ln0 = specmemcore void @_ssdm_op_SpecMemCore, i128 %rb_3, i64 666, i64 18, i64 18446744073709551615"   --->   Operation 15 'specmemcore' 'specmemcore_ln0' <Predicate = true> <Delay = 0.00>
ST_1 : Operation 16 [1/1] (0.00ns)   --->   "%specmemcore_ln0 = specmemcore void @_ssdm_op_SpecMemCore, i128 %rb_2, i64 666, i64 18, i64 18446744073709551615"   --->   Operation 16 'specmemcore' 'specmemcore_ln0' <Predicate = true> <Delay = 0.00>
ST_1 : Operation 17 [1/1] (0.00ns)   --->   "%specmemcore_ln0 = specmemcore void @_ssdm_op_SpecMemCore, i128 %rb_1, i64 666, i64 18, i64 18446744073709551615"   --->   Operation 17 'specmemcore' 'specmemcore_ln0' <Predicate = true> <Delay = 0.00>
ST_1 : Operation 18 [1/1] (0.00ns)   --->   "%specmemcore_ln0 = specmemcore void @_ssdm_op_SpecMemCore, i128 %rb_0, i64 666, i64 18, i64 18446744073709551615"   --->   Operation 18 'specmemcore' 'specmemcore_ln0' <Predicate = true> <Delay = 0.00>
ST_1 : Operation 19 [1/1] (0.00ns)   --->   "%specinterface_ln0 = specinterface void @_ssdm_op_SpecInterface, i128 %gmem_Wd, void @empty_31, i32 0, i32 0, void @empty_32, i32 64, i32 860160, void @empty_0, void @empty_35, void @empty_32, i32 2, i32 16, i32 256, i32 16, void @empty_32, void @empty_32, i32 4294967295, i32 0, i32 0"   --->   Operation 19 'specinterface' 'specinterface_ln0' <Predicate = true> <Delay = 0.00>
ST_1 : Operation 20 [1/1] (0.42ns)   --->   "%store_ln0 = store i9 0, i9 %indvar_flatten"   --->   Operation 20 'store' 'store_ln0' <Predicate = true> <Delay = 0.42>
ST_1 : Operation 21 [1/1] (0.42ns)   --->   "%store_ln325 = store i6 0, i6 %b" [swiglu.cpp:325]   --->   Operation 21 'store' 'store_ln325' <Predicate = true> <Delay = 0.42>
ST_1 : Operation 22 [1/1] (0.42ns)   --->   "%store_ln326 = store i4 0, i4 %w" [swiglu.cpp:326]   --->   Operation 22 'store' 'store_ln326' <Predicate = true> <Delay = 0.42>
ST_1 : Operation 23 [1/1] (0.00ns)   --->   "%br_ln0 = br void %for.inc"   --->   Operation 23 'br' 'br_ln0' <Predicate = true> <Delay = 0.00>
ST_1 : Operation 24 [1/1] (0.00ns)   --->   "%indvar_flatten_load = load i9 %indvar_flatten" [swiglu.cpp:325]   --->   Operation 24 'load' 'indvar_flatten_load' <Predicate = true> <Delay = 0.00>
ST_1 : Operation 25 [1/1] (0.77ns)   --->   "%icmp_ln325 = icmp_eq  i9 %indvar_flatten_load, i9 288" [swiglu.cpp:325]   --->   Operation 25 'icmp' 'icmp_ln325' <Predicate = true> <Delay = 0.77> <CoreInst = "Cmp">   --->   Core 9 'Cmp' <Latency = 0> <II = 1> <Delay = 0.77> <FuncUnit> <Opcode : 'seteq' 'setne' 'setle' 'setge' 'setlt' 'setgt'> <InPorts = 2> <OutPorts = 1>
ST_1 : Operation 26 [1/1] (0.77ns)   --->   "%add_ln325_1 = add i9 %indvar_flatten_load, i9 1" [swiglu.cpp:325]   --->   Operation 26 'add' 'add_ln325_1' <Predicate = true> <Delay = 0.77> <CoreInst = "Adder">   --->   Core 1 'Adder' <Latency = 0> <II = 1> <Delay = 0.77> <FuncUnit> <Opcode : 'add' 'sub'> <InPorts = 2> <OutPorts = 1>
ST_1 : Operation 27 [1/1] (0.00ns)   --->   "%br_ln325 = br i1 %icmp_ln325, void %for.inc10, void %for.end12.exitStub" [swiglu.cpp:325]   --->   Operation 27 'br' 'br_ln325' <Predicate = true> <Delay = 0.00>
ST_1 : Operation 28 [1/1] (0.42ns)   --->   "%store_ln325 = store i9 %add_ln325_1, i9 %indvar_flatten" [swiglu.cpp:325]   --->   Operation 28 'store' 'store_ln325' <Predicate = (!icmp_ln325)> <Delay = 0.42>

State 2 <SV = 1> <Delay = 2.43>
ST_2 : Operation 29 [1/1] (0.00ns)   --->   "%w_load = load i4 %w" [swiglu.cpp:326]   --->   Operation 29 'load' 'w_load' <Predicate = true> <Delay = 0.00>
ST_2 : Operation 30 [1/1] (0.00ns)   --->   "%b_load = load i6 %b" [swiglu.cpp:325]   --->   Operation 30 'load' 'b_load' <Predicate = true> <Delay = 0.00>
ST_2 : Operation 31 [1/1] (0.00ns)   --->   "%gmem_Wd_addr = getelementptr i128 %gmem_Wd, i64 %sext_ln325_cast" [swiglu.cpp:325]   --->   Operation 31 'getelementptr' 'gmem_Wd_addr' <Predicate = true> <Delay = 0.00>
ST_2 : Operation 32 [1/1] (0.78ns)   --->   "%add_ln325 = add i6 %b_load, i6 1" [swiglu.cpp:325]   --->   Operation 32 'add' 'add_ln325' <Predicate = true> <Delay = 0.78> <CoreInst = "Adder">   --->   Core 1 'Adder' <Latency = 0> <II = 1> <Delay = 0.78> <FuncUnit> <Opcode : 'add' 'sub'> <InPorts = 2> <OutPorts = 1>
ST_2 : Operation 33 [1/1] (0.79ns)   --->   "%icmp_ln326 = icmp_eq  i4 %w_load, i4 9" [swiglu.cpp:326]   --->   Operation 33 'icmp' 'icmp_ln326' <Predicate = true> <Delay = 0.79> <CoreInst = "Cmp">   --->   Core 9 'Cmp' <Latency = 0> <II = 1> <Delay = 0.79> <FuncUnit> <Opcode : 'seteq' 'setne' 'setle' 'setge' 'setlt' 'setgt'> <InPorts = 2> <OutPorts = 1>
ST_2 : Operation 34 [1/1] (0.39ns)   --->   "%select_ln325 = select i1 %icmp_ln326, i4 0, i4 %w_load" [swiglu.cpp:325]   --->   Operation 34 'select' 'select_ln325' <Predicate = true> <Delay = 0.39> <CoreInst = "Sel">   --->   Core 73 'Sel' <Latency = 0> <II = 1> <Delay = 0.39> <FuncUnit> <Opcode : 'select'> <InPorts = 3> <OutPorts = 1>
ST_2 : Operation 35 [1/1] (0.38ns)   --->   "%select_ln325_1 = select i1 %icmp_ln326, i6 %add_ln325, i6 %b_load" [swiglu.cpp:325]   --->   Operation 35 'select' 'select_ln325_1' <Predicate = true> <Delay = 0.38> <CoreInst = "Sel">   --->   Core 73 'Sel' <Latency = 0> <II = 1> <Delay = 0.38> <FuncUnit> <Opcode : 'select'> <InPorts = 3> <OutPorts = 1>
ST_2 : Operation 36 [1/1] (0.00ns)   --->   "%trunc_ln325 = trunc i6 %select_ln325_1" [swiglu.cpp:325]   --->   Operation 36 'trunc' 'trunc_ln325' <Predicate = true> <Delay = 0.00>
ST_2 : Operation 37 [1/1] (0.00ns)   --->   "%lshr_ln = partselect i2 @_ssdm_op_PartSelect.i2.i6.i32.i32, i6 %select_ln325_1, i32 3, i32 4" [swiglu.cpp:325]   --->   Operation 37 'partselect' 'lshr_ln' <Predicate = true> <Delay = 0.00>
ST_2 : Operation 38 [1/1] (2.43ns)   --->   "%gmem_Wd_addr_read = read i128 @_ssdm_op_Read.m_axi.p1i128, i128 %gmem_Wd_addr" [swiglu.cpp:328]   --->   Operation 38 'read' 'gmem_Wd_addr_read' <Predicate = true> <Delay = 2.43> <CoreInst = "m_axi">   --->   Core 119 'm_axi' <Latency = 3> <II = 1> <Delay = 1.00> <Adapter> <Opcode : 'read' 'write' 'readreq' 'writereq' 'writeresp'>
ST_2 : Operation 39 [1/1] (0.67ns)   --->   "%switch_ln328 = switch i3 %trunc_ln325, void %arrayidx911.case.7, i3 0, void %arrayidx911.case.0, i3 1, void %arrayidx911.case.1, i3 2, void %arrayidx911.case.2, i3 3, void %arrayidx911.case.3, i3 4, void %arrayidx911.case.4, i3 5, void %arrayidx911.case.5, i3 6, void %arrayidx911.case.6" [swiglu.cpp:328]   --->   Operation 39 'switch' 'switch_ln328' <Predicate = true> <Delay = 0.67>
ST_2 : Operation 40 [1/1] (0.79ns)   --->   "%add_ln326 = add i4 %select_ln325, i4 1" [swiglu.cpp:326]   --->   Operation 40 'add' 'add_ln326' <Predicate = true> <Delay = 0.79> <CoreInst = "Adder">   --->   Core 1 'Adder' <Latency = 0> <II = 1> <Delay = 0.79> <FuncUnit> <Opcode : 'add' 'sub'> <InPorts = 2> <OutPorts = 1>
ST_2 : Operation 41 [1/1] (0.42ns)   --->   "%store_ln325 = store i6 %select_ln325_1, i6 %b" [swiglu.cpp:325]   --->   Operation 41 'store' 'store_ln325' <Predicate = true> <Delay = 0.42>
ST_2 : Operation 42 [1/1] (0.42ns)   --->   "%store_ln326 = store i4 %add_ln326, i4 %w" [swiglu.cpp:326]   --->   Operation 42 'store' 'store_ln326' <Predicate = true> <Delay = 0.42>
ST_2 : Operation 43 [1/1] (0.00ns)   --->   "%br_ln326 = br void %for.inc" [swiglu.cpp:326]   --->   Operation 43 'br' 'br_ln326' <Predicate = true> <Delay = 0.00>
ST_2 : Operation 76 [1/1] (0.42ns)   --->   "%ret_ln0 = ret"   --->   Operation 76 'ret' 'ret_ln0' <Predicate = (icmp_ln325)> <Delay = 0.42>

State 3 <SV = 2> <Delay = 2.02>
ST_3 : Operation 44 [1/1] (0.00ns)   --->   "%specloopname_ln0 = specloopname void @_ssdm_op_SpecLoopName, void @LOAD_DOWN_Q4K_VITIS_LOOP_326_1_str"   --->   Operation 44 'specloopname' 'specloopname_ln0' <Predicate = true> <Delay = 0.00>
ST_3 : Operation 45 [1/1] (0.00ns)   --->   "%speclooptripcount_ln0 = speclooptripcount void @_ssdm_op_SpecLoopTripCount, i64 288, i64 288, i64 288"   --->   Operation 45 'speclooptripcount' 'speclooptripcount_ln0' <Predicate = true> <Delay = 0.00>
ST_3 : Operation 46 [1/1] (0.00ns)   --->   "%tmp = bitconcatenate i5 @_ssdm_op_BitConcatenate.i5.i2.i1.i2, i2 %lshr_ln, i1 0, i2 %lshr_ln" [swiglu.cpp:328]   --->   Operation 46 'bitconcatenate' 'tmp' <Predicate = true> <Delay = 0.00>
ST_3 : Operation 47 [1/1] (0.00ns)   --->   "%zext_ln328 = zext i5 %tmp" [swiglu.cpp:328]   --->   Operation 47 'zext' 'zext_ln328' <Predicate = true> <Delay = 0.00>
ST_3 : Operation 48 [1/1] (0.00ns)   --->   "%zext_ln328_1 = zext i4 %select_ln325" [swiglu.cpp:328]   --->   Operation 48 'zext' 'zext_ln328_1' <Predicate = true> <Delay = 0.00>
ST_3 : Operation 49 [1/1] (0.78ns)   --->   "%add_ln328 = add i6 %zext_ln328, i6 %zext_ln328_1" [swiglu.cpp:328]   --->   Operation 49 'add' 'add_ln328' <Predicate = true> <Delay = 0.78> <CoreInst = "Adder">   --->   Core 1 'Adder' <Latency = 0> <II = 1> <Delay = 0.78> <FuncUnit> <Opcode : 'add' 'sub'> <InPorts = 2> <OutPorts = 1>
ST_3 : Operation 50 [1/1] (0.00ns)   --->   "%zext_ln328_2 = zext i6 %add_ln328" [swiglu.cpp:328]   --->   Operation 50 'zext' 'zext_ln328_2' <Predicate = true> <Delay = 0.00>
ST_3 : Operation 51 [1/1] (0.00ns)   --->   "%rb_0_addr = getelementptr i128 %rb_0, i64 0, i64 %zext_ln328_2" [swiglu.cpp:328]   --->   Operation 51 'getelementptr' 'rb_0_addr' <Predicate = true> <Delay = 0.00>
ST_3 : Operation 52 [1/1] (0.00ns)   --->   "%rb_1_addr = getelementptr i128 %rb_1, i64 0, i64 %zext_ln328_2" [swiglu.cpp:328]   --->   Operation 52 'getelementptr' 'rb_1_addr' <Predicate = true> <Delay = 0.00>
ST_3 : Operation 53 [1/1] (0.00ns)   --->   "%rb_2_addr = getelementptr i128 %rb_2, i64 0, i64 %zext_ln328_2" [swiglu.cpp:328]   --->   Operation 53 'getelementptr' 'rb_2_addr' <Predicate = true> <Delay = 0.00>
ST_3 : Operation 54 [1/1] (0.00ns)   --->   "%rb_3_addr = getelementptr i128 %rb_3, i64 0, i64 %zext_ln328_2" [swiglu.cpp:328]   --->   Operation 54 'getelementptr' 'rb_3_addr' <Predicate = true> <Delay = 0.00>
ST_3 : Operation 55 [1/1] (0.00ns)   --->   "%rb_4_addr = getelementptr i128 %rb_4, i64 0, i64 %zext_ln328_2" [swiglu.cpp:328]   --->   Operation 55 'getelementptr' 'rb_4_addr' <Predicate = true> <Delay = 0.00>
ST_3 : Operation 56 [1/1] (0.00ns)   --->   "%rb_5_addr = getelementptr i128 %rb_5, i64 0, i64 %zext_ln328_2" [swiglu.cpp:328]   --->   Operation 56 'getelementptr' 'rb_5_addr' <Predicate = true> <Delay = 0.00>
ST_3 : Operation 57 [1/1] (0.00ns)   --->   "%rb_6_addr = getelementptr i128 %rb_6, i64 0, i64 %zext_ln328_2" [swiglu.cpp:328]   --->   Operation 57 'getelementptr' 'rb_6_addr' <Predicate = true> <Delay = 0.00>
ST_3 : Operation 58 [1/1] (0.00ns)   --->   "%rb_7_addr = getelementptr i128 %rb_7, i64 0, i64 %zext_ln328_2" [swiglu.cpp:328]   --->   Operation 58 'getelementptr' 'rb_7_addr' <Predicate = true> <Delay = 0.00>
ST_3 : Operation 59 [1/1] (0.00ns)   --->   "%specpipeline_ln327 = specpipeline void @_ssdm_op_SpecPipeline, i32 1, i32 0, i32 0, i32 0, void @empty_32" [swiglu.cpp:327]   --->   Operation 59 'specpipeline' 'specpipeline_ln327' <Predicate = true> <Delay = 0.00>
ST_3 : Operation 60 [1/1] ( I:1.23ns O:1.23ns )   --->   "%store_ln328 = store i128 %gmem_Wd_addr_read, i6 %rb_6_addr" [swiglu.cpp:328]   --->   Operation 60 'store' 'store_ln328' <Predicate = (trunc_ln325 == 6)> <Delay = 1.23> <CoreInst = "RAM_1P_BRAM">   --->   Core 89 'RAM_1P_BRAM' <Latency = 1> <II = 1> <Delay = 1.23> <Storage> <Opcode : 'load' 'store'> <Ports = 1> <Width = 128> <Depth = 36> <RAM>
ST_3 : Operation 61 [1/1] (0.00ns)   --->   "%br_ln328 = br void %arrayidx911.exit" [swiglu.cpp:328]   --->   Operation 61 'br' 'br_ln328' <Predicate = (trunc_ln325 == 6)> <Delay = 0.00>
ST_3 : Operation 62 [1/1] ( I:1.23ns O:1.23ns )   --->   "%store_ln328 = store i128 %gmem_Wd_addr_read, i6 %rb_5_addr" [swiglu.cpp:328]   --->   Operation 62 'store' 'store_ln328' <Predicate = (trunc_ln325 == 5)> <Delay = 1.23> <CoreInst = "RAM_1P_BRAM">   --->   Core 89 'RAM_1P_BRAM' <Latency = 1> <II = 1> <Delay = 1.23> <Storage> <Opcode : 'load' 'store'> <Ports = 1> <Width = 128> <Depth = 36> <RAM>
ST_3 : Operation 63 [1/1] (0.00ns)   --->   "%br_ln328 = br void %arrayidx911.exit" [swiglu.cpp:328]   --->   Operation 63 'br' 'br_ln328' <Predicate = (trunc_ln325 == 5)> <Delay = 0.00>
ST_3 : Operation 64 [1/1] ( I:1.23ns O:1.23ns )   --->   "%store_ln328 = store i128 %gmem_Wd_addr_read, i6 %rb_4_addr" [swiglu.cpp:328]   --->   Operation 64 'store' 'store_ln328' <Predicate = (trunc_ln325 == 4)> <Delay = 1.23> <CoreInst = "RAM_1P_BRAM">   --->   Core 89 'RAM_1P_BRAM' <Latency = 1> <II = 1> <Delay = 1.23> <Storage> <Opcode : 'load' 'store'> <Ports = 1> <Width = 128> <Depth = 36> <RAM>
ST_3 : Operation 65 [1/1] (0.00ns)   --->   "%br_ln328 = br void %arrayidx911.exit" [swiglu.cpp:328]   --->   Operation 65 'br' 'br_ln328' <Predicate = (trunc_ln325 == 4)> <Delay = 0.00>
ST_3 : Operation 66 [1/1] ( I:1.23ns O:1.23ns )   --->   "%store_ln328 = store i128 %gmem_Wd_addr_read, i6 %rb_3_addr" [swiglu.cpp:328]   --->   Operation 66 'store' 'store_ln328' <Predicate = (trunc_ln325 == 3)> <Delay = 1.23> <CoreInst = "RAM_1P_BRAM">   --->   Core 89 'RAM_1P_BRAM' <Latency = 1> <II = 1> <Delay = 1.23> <Storage> <Opcode : 'load' 'store'> <Ports = 1> <Width = 128> <Depth = 36> <RAM>
ST_3 : Operation 67 [1/1] (0.00ns)   --->   "%br_ln328 = br void %arrayidx911.exit" [swiglu.cpp:328]   --->   Operation 67 'br' 'br_ln328' <Predicate = (trunc_ln325 == 3)> <Delay = 0.00>
ST_3 : Operation 68 [1/1] ( I:1.23ns O:1.23ns )   --->   "%store_ln328 = store i128 %gmem_Wd_addr_read, i6 %rb_2_addr" [swiglu.cpp:328]   --->   Operation 68 'store' 'store_ln328' <Predicate = (trunc_ln325 == 2)> <Delay = 1.23> <CoreInst = "RAM_1P_BRAM">   --->   Core 89 'RAM_1P_BRAM' <Latency = 1> <II = 1> <Delay = 1.23> <Storage> <Opcode : 'load' 'store'> <Ports = 1> <Width = 128> <Depth = 36> <RAM>
ST_3 : Operation 69 [1/1] (0.00ns)   --->   "%br_ln328 = br void %arrayidx911.exit" [swiglu.cpp:328]   --->   Operation 69 'br' 'br_ln328' <Predicate = (trunc_ln325 == 2)> <Delay = 0.00>
ST_3 : Operation 70 [1/1] ( I:1.23ns O:1.23ns )   --->   "%store_ln328 = store i128 %gmem_Wd_addr_read, i6 %rb_1_addr" [swiglu.cpp:328]   --->   Operation 70 'store' 'store_ln328' <Predicate = (trunc_ln325 == 1)> <Delay = 1.23> <CoreInst = "RAM_1P_BRAM">   --->   Core 89 'RAM_1P_BRAM' <Latency = 1> <II = 1> <Delay = 1.23> <Storage> <Opcode : 'load' 'store'> <Ports = 1> <Width = 128> <Depth = 36> <RAM>
ST_3 : Operation 71 [1/1] (0.00ns)   --->   "%br_ln328 = br void %arrayidx911.exit" [swiglu.cpp:328]   --->   Operation 71 'br' 'br_ln328' <Predicate = (trunc_ln325 == 1)> <Delay = 0.00>
ST_3 : Operation 72 [1/1] ( I:1.23ns O:1.23ns )   --->   "%store_ln328 = store i128 %gmem_Wd_addr_read, i6 %rb_0_addr" [swiglu.cpp:328]   --->   Operation 72 'store' 'store_ln328' <Predicate = (trunc_ln325 == 0)> <Delay = 1.23> <CoreInst = "RAM_1P_BRAM">   --->   Core 89 'RAM_1P_BRAM' <Latency = 1> <II = 1> <Delay = 1.23> <Storage> <Opcode : 'load' 'store'> <Ports = 1> <Width = 128> <Depth = 36> <RAM>
ST_3 : Operation 73 [1/1] (0.00ns)   --->   "%br_ln328 = br void %arrayidx911.exit" [swiglu.cpp:328]   --->   Operation 73 'br' 'br_ln328' <Predicate = (trunc_ln325 == 0)> <Delay = 0.00>
ST_3 : Operation 74 [1/1] ( I:1.23ns O:1.23ns )   --->   "%store_ln328 = store i128 %gmem_Wd_addr_read, i6 %rb_7_addr" [swiglu.cpp:328]   --->   Operation 74 'store' 'store_ln328' <Predicate = (trunc_ln325 == 7)> <Delay = 1.23> <CoreInst = "RAM_1P_BRAM">   --->   Core 89 'RAM_1P_BRAM' <Latency = 1> <II = 1> <Delay = 1.23> <Storage> <Opcode : 'load' 'store'> <Ports = 1> <Width = 128> <Depth = 36> <RAM>
ST_3 : Operation 75 [1/1] (0.00ns)   --->   "%br_ln328 = br void %arrayidx911.exit" [swiglu.cpp:328]   --->   Operation 75 'br' 'br_ln328' <Predicate = (trunc_ln325 == 7)> <Delay = 0.00>


============================================================
+ Verbose Summary: Binding
============================================================
STG Binding: 
---------------- STG Properties BEGIN ----------------
- Is combinational: 0
- Is one-state seq: 0
- Is datapath-only: 0
- Is pipelined: 0
- Is top level: 0
Port [ Return ] is wired: 1; IO mode=ap_ctrl_hs:ce=0
Port [ gmem_Wd]:  wired=1; compound=1; hidden=0; nouse=0; global=0; static=0; extern=0; dir=0; type=4; pingpong=0; private_global=0; IO mode=m_axi:ce=0
Port [ sext_ln325]:  wired=1; compound=0; hidden=0; nouse=0; global=0; static=0; extern=0; dir=0; type=0; pingpong=0; private_global=0; IO mode=ap_none:ce=0
Port [ rb_0]:  wired=1; compound=1; hidden=0; nouse=0; global=0; static=0; extern=0; dir=1; type=1; pingpong=0; private_global=0; MemPort=[0]; IO mode=ap_memory:ce=0
Port [ rb_1]:  wired=1; compound=1; hidden=0; nouse=0; global=0; static=0; extern=0; dir=1; type=1; pingpong=0; private_global=0; MemPort=[0]; IO mode=ap_memory:ce=0
Port [ rb_2]:  wired=1; compound=1; hidden=0; nouse=0; global=0; static=0; extern=0; dir=1; type=1; pingpong=0; private_global=0; MemPort=[0]; IO mode=ap_memory:ce=0
Port [ rb_3]:  wired=1; compound=1; hidden=0; nouse=0; global=0; static=0; extern=0; dir=1; type=1; pingpong=0; private_global=0; MemPort=[0]; IO mode=ap_memory:ce=0
Port [ rb_4]:  wired=1; compound=1; hidden=0; nouse=0; global=0; static=0; extern=0; dir=1; type=1; pingpong=0; private_global=0; MemPort=[0]; IO mode=ap_memory:ce=0
Port [ rb_5]:  wired=1; compound=1; hidden=0; nouse=0; global=0; static=0; extern=0; dir=1; type=1; pingpong=0; private_global=0; MemPort=[0]; IO mode=ap_memory:ce=0
Port [ rb_6]:  wired=1; compound=1; hidden=0; nouse=0; global=0; static=0; extern=0; dir=1; type=1; pingpong=0; private_global=0; MemPort=[0]; IO mode=ap_memory:ce=0
Port [ rb_7]:  wired=1; compound=1; hidden=0; nouse=0; global=0; static=0; extern=0; dir=1; type=1; pingpong=0; private_global=0; MemPort=[0]; IO mode=ap_memory:ce=0
---------------- STG Properties END ------------------

---------------- Datapath Model BEGIN ----------------

<LifeTime>
<method=bitvector/>
w                     (alloca           ) [ 0110]
b                     (alloca           ) [ 0110]
indvar_flatten        (alloca           ) [ 0100]
sext_ln325_read       (read             ) [ 0000]
sext_ln325_cast       (sext             ) [ 0110]
specmemcore_ln0       (specmemcore      ) [ 0000]
specmemcore_ln0       (specmemcore      ) [ 0000]
specmemcore_ln0       (specmemcore      ) [ 0000]
specmemcore_ln0       (specmemcore      ) [ 0000]
specmemcore_ln0       (specmemcore      ) [ 0000]
specmemcore_ln0       (specmemcore      ) [ 0000]
specmemcore_ln0       (specmemcore      ) [ 0000]
specmemcore_ln0       (specmemcore      ) [ 0000]
specinterface_ln0     (specinterface    ) [ 0000]
store_ln0             (store            ) [ 0000]
store_ln325           (store            ) [ 0000]
store_ln326           (store            ) [ 0000]
br_ln0                (br               ) [ 0000]
indvar_flatten_load   (load             ) [ 0000]
icmp_ln325            (icmp             ) [ 0110]
add_ln325_1           (add              ) [ 0000]
br_ln325              (br               ) [ 0000]
store_ln325           (store            ) [ 0000]
w_load                (load             ) [ 0000]
b_load                (load             ) [ 0000]
gmem_Wd_addr          (getelementptr    ) [ 0000]
add_ln325             (add              ) [ 0000]
icmp_ln326            (icmp             ) [ 0000]
select_ln325          (select           ) [ 0101]
select_ln325_1        (select           ) [ 0000]
trunc_ln325           (trunc            ) [ 0101]
lshr_ln               (partselect       ) [ 0101]
gmem_Wd_addr_read     (read             ) [ 0101]
switch_ln328          (switch           ) [ 0000]
add_ln326             (add              ) [ 0000]
store_ln325           (store            ) [ 0000]
store_ln326           (store            ) [ 0000]
br_ln326              (br               ) [ 0000]
specloopname_ln0      (specloopname     ) [ 0000]
speclooptripcount_ln0 (speclooptripcount) [ 0000]
tmp                   (bitconcatenate   ) [ 0000]
zext_ln328            (zext             ) [ 0000]
zext_ln328_1          (zext             ) [ 0000]
add_ln328             (add              ) [ 0000]
zext_ln328_2          (zext             ) [ 0000]
rb_0_addr             (getelementptr    ) [ 0000]
rb_1_addr             (getelementptr    ) [ 0000]
rb_2_addr             (getelementptr    ) [ 0000]
rb_3_addr             (getelementptr    ) [ 0000]
rb_4_addr             (getelementptr    ) [ 0000]
rb_5_addr             (getelementptr    ) [ 0000]
rb_6_addr             (getelementptr    ) [ 0000]
rb_7_addr             (getelementptr    ) [ 0000]
specpipeline_ln327    (specpipeline     ) [ 0000]
store_ln328           (store            ) [ 0000]
br_ln328              (br               ) [ 0000]
store_ln328           (store            ) [ 0000]
br_ln328              (br               ) [ 0000]
store_ln328           (store            ) [ 0000]
br_ln328              (br               ) [ 0000]
store_ln328           (store            ) [ 0000]
br_ln328              (br               ) [ 0000]
store_ln328           (store            ) [ 0000]
br_ln328              (br               ) [ 0000]
store_ln328           (store            ) [ 0000]
br_ln328              (br               ) [ 0000]
store_ln328           (store            ) [ 0000]
br_ln328              (br               ) [ 0000]
store_ln328           (store            ) [ 0000]
br_ln328              (br               ) [ 0000]
ret_ln0               (ret              ) [ 0000]
</LifeTime>

<model>

<comp_list>
<comp id="0" class="1000" name="gmem_Wd">
<pin_list>
<pin id="1" dir="1" index="0" bw="1" slack="0"/>
</pin_list>
<bind>
<StgValue><ssdm name="gmem_Wd"/><MemPortTyVec>0 </MemPortTyVec>
</StgValue>
</bind>
</comp>

<comp id="2" class="1000" name="sext_ln325">
<pin_list>
<pin id="3" dir="1" index="0" bw="1" slack="0"/>
</pin_list>
<bind>
<StgValue><ssdm name="sext_ln325"/></StgValue>
</bind>
</comp>

<comp id="4" class="1000" name="rb_0">
<pin_list>
<pin id="5" dir="1" index="0" bw="1" slack="0"/>
</pin_list>
<bind>
<StgValue><ssdm name="rb_0"/><MemPortTyVec>0 </MemPortTyVec>
</StgValue>
</bind>
</comp>

<comp id="6" class="1000" name="rb_1">
<pin_list>
<pin id="7" dir="1" index="0" bw="1" slack="0"/>
</pin_list>
<bind>
<StgValue><ssdm name="rb_1"/><MemPortTyVec>0 </MemPortTyVec>
</StgValue>
</bind>
</comp>

<comp id="8" class="1000" name="rb_2">
<pin_list>
<pin id="9" dir="1" index="0" bw="1" slack="0"/>
</pin_list>
<bind>
<StgValue><ssdm name="rb_2"/><MemPortTyVec>0 </MemPortTyVec>
</StgValue>
</bind>
</comp>

<comp id="10" class="1000" name="rb_3">
<pin_list>
<pin id="11" dir="1" index="0" bw="1" slack="0"/>
</pin_list>
<bind>
<StgValue><ssdm name="rb_3"/><MemPortTyVec>0 </MemPortTyVec>
</StgValue>
</bind>
</comp>

<comp id="12" class="1000" name="rb_4">
<pin_list>
<pin id="13" dir="1" index="0" bw="1" slack="0"/>
</pin_list>
<bind>
<StgValue><ssdm name="rb_4"/><MemPortTyVec>0 </MemPortTyVec>
</StgValue>
</bind>
</comp>

<comp id="14" class="1000" name="rb_5">
<pin_list>
<pin id="15" dir="1" index="0" bw="1" slack="0"/>
</pin_list>
<bind>
<StgValue><ssdm name="rb_5"/><MemPortTyVec>0 </MemPortTyVec>
</StgValue>
</bind>
</comp>

<comp id="16" class="1000" name="rb_6">
<pin_list>
<pin id="17" dir="1" index="0" bw="1" slack="0"/>
</pin_list>
<bind>
<StgValue><ssdm name="rb_6"/><MemPortTyVec>0 </MemPortTyVec>
</StgValue>
</bind>
</comp>

<comp id="18" class="1000" name="rb_7">
<pin_list>
<pin id="19" dir="1" index="0" bw="1" slack="0"/>
</pin_list>
<bind>
<StgValue><ssdm name="rb_7"/><MemPortTyVec>0 </MemPortTyVec>
</StgValue>
</bind>
</comp>

<comp id="20" class="1001" name="const_20">
<pin_list>
<pin id="21" dir="1" index="0" bw="1" slack="0"/>
</pin_list>
<bind>
<StgValue><ssdm name=""/></StgValue>
</bind>
</comp>

<comp id="22" class="1001" name="const_22">
<pin_list>
<pin id="23" dir="1" index="0" bw="1" slack="0"/>
</pin_list>
<bind>
<StgValue><ssdm name="_ssdm_op_Read.ap_auto.i60"/></StgValue>
</bind>
</comp>

<comp id="24" class="1001" name="const_24">
<pin_list>
<pin id="25" dir="1" index="0" bw="1" slack="2147483647"/>
</pin_list>
<bind>
<StgValue><ssdm name="_ssdm_op_SpecMemCore"/></StgValue>
</bind>
</comp>

<comp id="26" class="1001" name="const_26">
<pin_list>
<pin id="27" dir="1" index="0" bw="1" slack="2147483647"/>
</pin_list>
<bind>
<StgValue><ssdm name=""/></StgValue>
</bind>
</comp>

<comp id="28" class="1001" name="const_28">
<pin_list>
<pin id="29" dir="1" index="0" bw="1" slack="2147483647"/>
</pin_list>
<bind>
<StgValue><ssdm name=""/></StgValue>
</bind>
</comp>

<comp id="30" class="1001" name="const_30">
<pin_list>
<pin id="31" dir="1" index="0" bw="1" slack="2147483647"/>
</pin_list>
<bind>
<StgValue><ssdm name=""/></StgValue>
</bind>
</comp>

<comp id="32" class="1001" name="const_32">
<pin_list>
<pin id="33" dir="1" index="0" bw="1" slack="2147483647"/>
</pin_list>
<bind>
<StgValue><ssdm name="_ssdm_op_SpecInterface"/></StgValue>
</bind>
</comp>

<comp id="34" class="1001" name="const_34">
<pin_list>
<pin id="35" dir="1" index="0" bw="1" slack="2147483647"/>
</pin_list>
<bind>
<StgValue><ssdm name="empty_31"/></StgValue>
</bind>
</comp>

<comp id="36" class="1001" name="const_36">
<pin_list>
<pin id="37" dir="1" index="0" bw="1" slack="2147483647"/>
</pin_list>
<bind>
<StgValue><ssdm name=""/></StgValue>
</bind>
</comp>

<comp id="38" class="1001" name="const_38">
<pin_list>
<pin id="39" dir="1" index="0" bw="1" slack="2147483647"/>
</pin_list>
<bind>
<StgValue><ssdm name="empty_32"/></StgValue>
</bind>
</comp>

<comp id="40" class="1001" name="const_40">
<pin_list>
<pin id="41" dir="1" index="0" bw="1" slack="2147483647"/>
</pin_list>
<bind>
<StgValue><ssdm name=""/></StgValue>
</bind>
</comp>

<comp id="42" class="1001" name="const_42">
<pin_list>
<pin id="43" dir="1" index="0" bw="1" slack="2147483647"/>
</pin_list>
<bind>
<StgValue><ssdm name=""/></StgValue>
</bind>
</comp>

<comp id="44" class="1001" name="const_44">
<pin_list>
<pin id="45" dir="1" index="0" bw="1" slack="2147483647"/>
</pin_list>
<bind>
<StgValue><ssdm name="empty_0"/></StgValue>
</bind>
</comp>

<comp id="46" class="1001" name="const_46">
<pin_list>
<pin id="47" dir="1" index="0" bw="1" slack="2147483647"/>
</pin_list>
<bind>
<StgValue><ssdm name="empty_35"/></StgValue>
</bind>
</comp>

<comp id="48" class="1001" name="const_48">
<pin_list>
<pin id="49" dir="1" index="0" bw="1" slack="2147483647"/>
</pin_list>
<bind>
<StgValue><ssdm name=""/></StgValue>
</bind>
</comp>

<comp id="50" class="1001" name="const_50">
<pin_list>
<pin id="51" dir="1" index="0" bw="1" slack="2147483647"/>
</pin_list>
<bind>
<StgValue><ssdm name=""/></StgValue>
</bind>
</comp>

<comp id="52" class="1001" name="const_52">
<pin_list>
<pin id="53" dir="1" index="0" bw="1" slack="2147483647"/>
</pin_list>
<bind>
<StgValue><ssdm name=""/></StgValue>
</bind>
</comp>

<comp id="54" class="1001" name="const_54">
<pin_list>
<pin id="55" dir="1" index="0" bw="1" slack="2147483647"/>
</pin_list>
<bind>
<StgValue><ssdm name=""/></StgValue>
</bind>
</comp>

<comp id="56" class="1001" name="const_56">
<pin_list>
<pin id="57" dir="1" index="0" bw="1" slack="0"/>
</pin_list>
<bind>
<StgValue><ssdm name=""/></StgValue>
</bind>
</comp>

<comp id="58" class="1001" name="const_58">
<pin_list>
<pin id="59" dir="1" index="0" bw="1" slack="0"/>
</pin_list>
<bind>
<StgValue><ssdm name=""/></StgValue>
</bind>
</comp>

<comp id="60" class="1001" name="const_60">
<pin_list>
<pin id="61" dir="1" index="0" bw="1" slack="0"/>
</pin_list>
<bind>
<StgValue><ssdm name=""/></StgValue>
</bind>
</comp>

<comp id="62" class="1001" name="const_62">
<pin_list>
<pin id="63" dir="1" index="0" bw="1" slack="0"/>
</pin_list>
<bind>
<StgValue><ssdm name=""/></StgValue>
</bind>
</comp>

<comp id="64" class="1001" name="const_64">
<pin_list>
<pin id="65" dir="1" index="0" bw="1" slack="0"/>
</pin_list>
<bind>
<StgValue><ssdm name=""/></StgValue>
</bind>
</comp>

<comp id="66" class="1001" name="const_66">
<pin_list>
<pin id="67" dir="1" index="0" bw="1" slack="0"/>
</pin_list>
<bind>
<StgValue><ssdm name=""/></StgValue>
</bind>
</comp>

<comp id="68" class="1001" name="const_68">
<pin_list>
<pin id="69" dir="1" index="0" bw="1" slack="0"/>
</pin_list>
<bind>
<StgValue><ssdm name=""/></StgValue>
</bind>
</comp>

<comp id="70" class="1001" name="const_70">
<pin_list>
<pin id="71" dir="1" index="0" bw="1" slack="0"/>
</pin_list>
<bind>
<StgValue><ssdm name="_ssdm_op_PartSelect.i2.i6.i32.i32"/></StgValue>
</bind>
</comp>

<comp id="72" class="1001" name="const_72">
<pin_list>
<pin id="73" dir="1" index="0" bw="1" slack="0"/>
</pin_list>
<bind>
<StgValue><ssdm name=""/></StgValue>
</bind>
</comp>

<comp id="74" class="1001" name="const_74">
<pin_list>
<pin id="75" dir="1" index="0" bw="1" slack="0"/>
</pin_list>
<bind>
<StgValue><ssdm name=""/></StgValue>
</bind>
</comp>

<comp id="76" class="1001" name="const_76">
<pin_list>
<pin id="77" dir="1" index="0" bw="1" slack="0"/>
</pin_list>
<bind>
<StgValue><ssdm name="_ssdm_op_Read.m_axi.p1i128"/></StgValue>
</bind>
</comp>

<comp id="78" class="1001" name="const_78">
<pin_list>
<pin id="79" dir="1" index="0" bw="1" slack="0"/>
</pin_list>
<bind>
<StgValue><ssdm name=""/></StgValue>
</bind>
</comp>

<comp id="80" class="1001" name="const_80">
<pin_list>
<pin id="81" dir="1" index="0" bw="1" slack="0"/>
</pin_list>
<bind>
<StgValue><ssdm name=""/></StgValue>
</bind>
</comp>

<comp id="82" class="1001" name="const_82">
<pin_list>
<pin id="83" dir="1" index="0" bw="1" slack="0"/>
</pin_list>
<bind>
<StgValue><ssdm name=""/></StgValue>
</bind>
</comp>

<comp id="84" class="1001" name="const_84">
<pin_list>
<pin id="85" dir="1" index="0" bw="1" slack="0"/>
</pin_list>
<bind>
<StgValue><ssdm name=""/></StgValue>
</bind>
</comp>

<comp id="86" class="1001" name="const_86">
<pin_list>
<pin id="87" dir="1" index="0" bw="1" slack="0"/>
</pin_list>
<bind>
<StgValue><ssdm name=""/></StgValue>
</bind>
</comp>

<comp id="88" class="1001" name="const_88">
<pin_list>
<pin id="89" dir="1" index="0" bw="1" slack="0"/>
</pin_list>
<bind>
<StgValue><ssdm name=""/></StgValue>
</bind>
</comp>

<comp id="90" class="1001" name="const_90">
<pin_list>
<pin id="91" dir="1" index="0" bw="1" slack="0"/>
</pin_list>
<bind>
<StgValue><ssdm name=""/></StgValue>
</bind>
</comp>

<comp id="92" class="1001" name="const_92">
<pin_list>
<pin id="93" dir="1" index="0" bw="1" slack="0"/>
</pin_list>
<bind>
<StgValue><ssdm name=""/></StgValue>
</bind>
</comp>

<comp id="94" class="1001" name="const_94">
<pin_list>
<pin id="95" dir="1" index="0" bw="1" slack="2147483647"/>
</pin_list>
<bind>
<StgValue><ssdm name="_ssdm_op_SpecLoopName"/></StgValue>
</bind>
</comp>

<comp id="96" class="1001" name="const_96">
<pin_list>
<pin id="97" dir="1" index="0" bw="1" slack="2147483647"/>
</pin_list>
<bind>
<StgValue><ssdm name="LOAD_DOWN_Q4K_VITIS_LOOP_326_1_str"/></StgValue>
</bind>
</comp>

<comp id="98" class="1001" name="const_98">
<pin_list>
<pin id="99" dir="1" index="0" bw="1" slack="2147483647"/>
</pin_list>
<bind>
<StgValue><ssdm name="_ssdm_op_SpecLoopTripCount"/></StgValue>
</bind>
</comp>

<comp id="100" class="1001" name="const_100">
<pin_list>
<pin id="101" dir="1" index="0" bw="1" slack="2147483647"/>
</pin_list>
<bind>
<StgValue><ssdm name=""/></StgValue>
</bind>
</comp>

<comp id="102" class="1001" name="const_102">
<pin_list>
<pin id="103" dir="1" index="0" bw="1" slack="0"/>
</pin_list>
<bind>
<StgValue><ssdm name="_ssdm_op_BitConcatenate.i5.i2.i1.i2"/></StgValue>
</bind>
</comp>

<comp id="104" class="1001" name="const_104">
<pin_list>
<pin id="105" dir="1" index="0" bw="1" slack="0"/>
</pin_list>
<bind>
<StgValue><ssdm name=""/></StgValue>
</bind>
</comp>

<comp id="106" class="1001" name="const_106">
<pin_list>
<pin id="107" dir="1" index="0" bw="1" slack="0"/>
</pin_list>
<bind>
<StgValue><ssdm name=""/></StgValue>
</bind>
</comp>

<comp id="108" class="1001" name="const_108">
<pin_list>
<pin id="109" dir="1" index="0" bw="1" slack="2147483647"/>
</pin_list>
<bind>
<StgValue><ssdm name="_ssdm_op_SpecPipeline"/></StgValue>
</bind>
</comp>

<comp id="110" class="1004" name="w_fu_110">
<pin_list>
<pin id="111" dir="0" index="0" bw="1" slack="0"/>
<pin id="112" dir="1" index="1" bw="4" slack="0"/>
</pin_list>
<bind>
<opcode="alloca(26) " fcode="alloca"/>
<opset="w/1 "/>
</bind>
</comp>

<comp id="114" class="1004" name="b_fu_114">
<pin_list>
<pin id="115" dir="0" index="0" bw="1" slack="0"/>
<pin id="116" dir="1" index="1" bw="6" slack="0"/>
</pin_list>
<bind>
<opcode="alloca(26) " fcode="alloca"/>
<opset="b/1 "/>
</bind>
</comp>

<comp id="118" class="1004" name="indvar_flatten_fu_118">
<pin_list>
<pin id="119" dir="0" index="0" bw="1" slack="0"/>
<pin id="120" dir="1" index="1" bw="9" slack="0"/>
</pin_list>
<bind>
<opcode="alloca(26) " fcode="alloca"/>
<opset="indvar_flatten/1 "/>
</bind>
</comp>

<comp id="122" class="1004" name="sext_ln325_read_read_fu_122">
<pin_list>
<pin id="123" dir="0" index="0" bw="60" slack="0"/>
<pin id="124" dir="0" index="1" bw="60" slack="0"/>
<pin id="125" dir="1" index="2" bw="60" slack="0"/>
</pin_list>
<bind>
<opcode="read(1150) " fcode="read"/>
<opset="sext_ln325_read/1 "/>
</bind>
</comp>

<comp id="128" class="1004" name="rb_0_addr_gep_fu_128">
<pin_list>
<pin id="129" dir="0" index="0" bw="128" slack="0"/>
<pin id="130" dir="0" index="1" bw="1" slack="0"/>
<pin id="131" dir="0" index="2" bw="6" slack="0"/>
<pin id="132" dir="1" index="3" bw="6" slack="0"/>
</pin_list>
<bind>
<opcode="getelementptr(29) " fcode="getelementptr"/>
<opset="rb_0_addr/3 "/>
</bind>
</comp>

<comp id="135" class="1004" name="rb_1_addr_gep_fu_135">
<pin_list>
<pin id="136" dir="0" index="0" bw="128" slack="0"/>
<pin id="137" dir="0" index="1" bw="1" slack="0"/>
<pin id="138" dir="0" index="2" bw="6" slack="0"/>
<pin id="139" dir="1" index="3" bw="6" slack="0"/>
</pin_list>
<bind>
<opcode="getelementptr(29) " fcode="getelementptr"/>
<opset="rb_1_addr/3 "/>
</bind>
</comp>

<comp id="142" class="1004" name="rb_2_addr_gep_fu_142">
<pin_list>
<pin id="143" dir="0" index="0" bw="128" slack="0"/>
<pin id="144" dir="0" index="1" bw="1" slack="0"/>
<pin id="145" dir="0" index="2" bw="6" slack="0"/>
<pin id="146" dir="1" index="3" bw="6" slack="0"/>
</pin_list>
<bind>
<opcode="getelementptr(29) " fcode="getelementptr"/>
<opset="rb_2_addr/3 "/>
</bind>
</comp>

<comp id="149" class="1004" name="rb_3_addr_gep_fu_149">
<pin_list>
<pin id="150" dir="0" index="0" bw="128" slack="0"/>
<pin id="151" dir="0" index="1" bw="1" slack="0"/>
<pin id="152" dir="0" index="2" bw="6" slack="0"/>
<pin id="153" dir="1" index="3" bw="6" slack="0"/>
</pin_list>
<bind>
<opcode="getelementptr(29) " fcode="getelementptr"/>
<opset="rb_3_addr/3 "/>
</bind>
</comp>

<comp id="156" class="1004" name="rb_4_addr_gep_fu_156">
<pin_list>
<pin id="157" dir="0" index="0" bw="128" slack="0"/>
<pin id="158" dir="0" index="1" bw="1" slack="0"/>
<pin id="159" dir="0" index="2" bw="6" slack="0"/>
<pin id="160" dir="1" index="3" bw="6" slack="0"/>
</pin_list>
<bind>
<opcode="getelementptr(29) " fcode="getelementptr"/>
<opset="rb_4_addr/3 "/>
</bind>
</comp>

<comp id="163" class="1004" name="rb_5_addr_gep_fu_163">
<pin_list>
<pin id="164" dir="0" index="0" bw="128" slack="0"/>
<pin id="165" dir="0" index="1" bw="1" slack="0"/>
<pin id="166" dir="0" index="2" bw="6" slack="0"/>
<pin id="167" dir="1" index="3" bw="6" slack="0"/>
</pin_list>
<bind>
<opcode="getelementptr(29) " fcode="getelementptr"/>
<opset="rb_5_addr/3 "/>
</bind>
</comp>

<comp id="170" class="1004" name="rb_6_addr_gep_fu_170">
<pin_list>
<pin id="171" dir="0" index="0" bw="128" slack="0"/>
<pin id="172" dir="0" index="1" bw="1" slack="0"/>
<pin id="173" dir="0" index="2" bw="6" slack="0"/>
<pin id="174" dir="1" index="3" bw="6" slack="0"/>
</pin_list>
<bind>
<opcode="getelementptr(29) " fcode="getelementptr"/>
<opset="rb_6_addr/3 "/>
</bind>
</comp>

<comp id="177" class="1004" name="rb_7_addr_gep_fu_177">
<pin_list>
<pin id="178" dir="0" index="0" bw="128" slack="0"/>
<pin id="179" dir="0" index="1" bw="1" slack="0"/>
<pin id="180" dir="0" index="2" bw="6" slack="0"/>
<pin id="181" dir="1" index="3" bw="6" slack="0"/>
</pin_list>
<bind>
<opcode="getelementptr(29) " fcode="getelementptr"/>
<opset="rb_7_addr/3 "/>
</bind>
</comp>

<comp id="184" class="1004" name="store_ln328_access_fu_184">
<pin_list>
<pin id="185" dir="0" index="0" bw="6" slack="0"/>
<pin id="186" dir="0" index="1" bw="128" slack="1"/>
<pin id="187" dir="0" index="2" bw="0" slack="2147483647"/>
<pin id="188" dir="1" index="3" bw="128" slack="2147483647"/>
</pin_list>
<bind>
<opcode="store(28) " fcode="store"/>
<opset="store_ln328/3 "/>
</bind>
</comp>

<comp id="190" class="1004" name="store_ln328_access_fu_190">
<pin_list>
<pin id="191" dir="0" index="0" bw="6" slack="0"/>
<pin id="192" dir="0" index="1" bw="128" slack="1"/>
<pin id="193" dir="0" index="2" bw="0" slack="2147483647"/>
<pin id="194" dir="1" index="3" bw="128" slack="2147483647"/>
</pin_list>
<bind>
<opcode="store(28) " fcode="store"/>
<opset="store_ln328/3 "/>
</bind>
</comp>

<comp id="196" class="1004" name="store_ln328_access_fu_196">
<pin_list>
<pin id="197" dir="0" index="0" bw="6" slack="0"/>
<pin id="198" dir="0" index="1" bw="128" slack="1"/>
<pin id="199" dir="0" index="2" bw="0" slack="2147483647"/>
<pin id="200" dir="1" index="3" bw="128" slack="2147483647"/>
</pin_list>
<bind>
<opcode="store(28) " fcode="store"/>
<opset="store_ln328/3 "/>
</bind>
</comp>

<comp id="202" class="1004" name="store_ln328_access_fu_202">
<pin_list>
<pin id="203" dir="0" index="0" bw="6" slack="0"/>
<pin id="204" dir="0" index="1" bw="128" slack="1"/>
<pin id="205" dir="0" index="2" bw="0" slack="2147483647"/>
<pin id="206" dir="1" index="3" bw="128" slack="2147483647"/>
</pin_list>
<bind>
<opcode="store(28) " fcode="store"/>
<opset="store_ln328/3 "/>
</bind>
</comp>

<comp id="208" class="1004" name="store_ln328_access_fu_208">
<pin_list>
<pin id="209" dir="0" index="0" bw="6" slack="0"/>
<pin id="210" dir="0" index="1" bw="128" slack="1"/>
<pin id="211" dir="0" index="2" bw="0" slack="2147483647"/>
<pin id="212" dir="1" index="3" bw="128" slack="2147483647"/>
</pin_list>
<bind>
<opcode="store(28) " fcode="store"/>
<opset="store_ln328/3 "/>
</bind>
</comp>

<comp id="214" class="1004" name="store_ln328_access_fu_214">
<pin_list>
<pin id="215" dir="0" index="0" bw="6" slack="0"/>
<pin id="216" dir="0" index="1" bw="128" slack="1"/>
<pin id="217" dir="0" index="2" bw="0" slack="2147483647"/>
<pin id="218" dir="1" index="3" bw="128" slack="2147483647"/>
</pin_list>
<bind>
<opcode="store(28) " fcode="store"/>
<opset="store_ln328/3 "/>
</bind>
</comp>

<comp id="220" class="1004" name="store_ln328_access_fu_220">
<pin_list>
<pin id="221" dir="0" index="0" bw="6" slack="0"/>
<pin id="222" dir="0" index="1" bw="128" slack="1"/>
<pin id="223" dir="0" index="2" bw="0" slack="2147483647"/>
<pin id="224" dir="1" index="3" bw="128" slack="2147483647"/>
</pin_list>
<bind>
<opcode="store(28) " fcode="store"/>
<opset="store_ln328/3 "/>
</bind>
</comp>

<comp id="226" class="1004" name="store_ln328_access_fu_226">
<pin_list>
<pin id="227" dir="0" index="0" bw="6" slack="0"/>
<pin id="228" dir="0" index="1" bw="128" slack="1"/>
<pin id="229" dir="0" index="2" bw="0" slack="2147483647"/>
<pin id="230" dir="1" index="3" bw="128" slack="2147483647"/>
</pin_list>
<bind>
<opcode="store(28) " fcode="store"/>
<opset="store_ln328/3 "/>
</bind>
</comp>

<comp id="232" class="1004" name="gmem_Wd_addr_read_read_fu_232">
<pin_list>
<pin id="233" dir="0" index="0" bw="128" slack="0"/>
<pin id="234" dir="0" index="1" bw="128" slack="0"/>
<pin id="235" dir="1" index="2" bw="128" slack="1"/>
</pin_list>
<bind>
<opcode="read(1150) " fcode="read"/>
<opset="gmem_Wd_addr_read/2 "/>
</bind>
</comp>

<comp id="237" class="1004" name="sext_ln325_cast_fu_237">
<pin_list>
<pin id="238" dir="0" index="0" bw="60" slack="0"/>
<pin id="239" dir="1" index="1" bw="64" slack="1"/>
</pin_list>
<bind>
<opcode="sext(35) " fcode="sext"/>
<opset="sext_ln325_cast/1 "/>
</bind>
</comp>

<comp id="241" class="1004" name="store_ln0_store_fu_241">
<pin_list>
<pin id="242" dir="0" index="0" bw="1" slack="0"/>
<pin id="243" dir="0" index="1" bw="9" slack="0"/>
<pin id="244" dir="1" index="2" bw="0" slack="2147483647"/>
</pin_list>
<bind>
<opcode="store(28) " fcode="store"/>
<opset="store_ln0/1 "/>
</bind>
</comp>

<comp id="246" class="1004" name="store_ln325_store_fu_246">
<pin_list>
<pin id="247" dir="0" index="0" bw="1" slack="0"/>
<pin id="248" dir="0" index="1" bw="6" slack="0"/>
<pin id="249" dir="1" index="2" bw="0" slack="2147483647"/>
</pin_list>
<bind>
<opcode="store(28) " fcode="store"/>
<opset="store_ln325/1 "/>
</bind>
</comp>

<comp id="251" class="1004" name="store_ln326_store_fu_251">
<pin_list>
<pin id="252" dir="0" index="0" bw="1" slack="0"/>
<pin id="253" dir="0" index="1" bw="4" slack="0"/>
<pin id="254" dir="1" index="2" bw="0" slack="2147483647"/>
</pin_list>
<bind>
<opcode="store(28) " fcode="store"/>
<opset="store_ln326/1 "/>
</bind>
</comp>

<comp id="256" class="1004" name="indvar_flatten_load_load_fu_256">
<pin_list>
<pin id="257" dir="0" index="0" bw="9" slack="0"/>
<pin id="258" dir="1" index="1" bw="9" slack="0"/>
</pin_list>
<bind>
<opcode="load(27) " fcode="load"/>
<opset="indvar_flatten_load/1 "/>
</bind>
</comp>

<comp id="259" class="1004" name="icmp_ln325_fu_259">
<pin_list>
<pin id="260" dir="0" index="0" bw="9" slack="0"/>
<pin id="261" dir="0" index="1" bw="9" slack="0"/>
<pin id="262" dir="1" index="2" bw="1" slack="1"/>
</pin_list>
<bind>
<opcode="icmp(45) " fcode="icmp"/>
<opset="icmp_ln325/1 "/>
</bind>
</comp>

<comp id="265" class="1004" name="add_ln325_1_fu_265">
<pin_list>
<pin id="266" dir="0" index="0" bw="9" slack="0"/>
<pin id="267" dir="0" index="1" bw="1" slack="0"/>
<pin id="268" dir="1" index="2" bw="9" slack="0"/>
</pin_list>
<bind>
<opcode="add(8) " fcode="add"/>
<opset="add_ln325_1/1 "/>
</bind>
</comp>

<comp id="271" class="1004" name="store_ln325_store_fu_271">
<pin_list>
<pin id="272" dir="0" index="0" bw="9" slack="0"/>
<pin id="273" dir="0" index="1" bw="9" slack="0"/>
<pin id="274" dir="1" index="2" bw="0" slack="2147483647"/>
</pin_list>
<bind>
<opcode="store(28) " fcode="store"/>
<opset="store_ln325/1 "/>
</bind>
</comp>

<comp id="276" class="1004" name="w_load_load_fu_276">
<pin_list>
<pin id="277" dir="0" index="0" bw="4" slack="1"/>
<pin id="278" dir="1" index="1" bw="4" slack="0"/>
</pin_list>
<bind>
<opcode="load(27) " fcode="load"/>
<opset="w_load/2 "/>
</bind>
</comp>

<comp id="279" class="1004" name="b_load_load_fu_279">
<pin_list>
<pin id="280" dir="0" index="0" bw="6" slack="1"/>
<pin id="281" dir="1" index="1" bw="6" slack="0"/>
</pin_list>
<bind>
<opcode="load(27) " fcode="load"/>
<opset="b_load/2 "/>
</bind>
</comp>

<comp id="282" class="1004" name="gmem_Wd_addr_fu_282">
<pin_list>
<pin id="283" dir="0" index="0" bw="128" slack="0"/>
<pin id="284" dir="0" index="1" bw="60" slack="1"/>
<pin id="285" dir="1" index="2" bw="128" slack="0"/>
</pin_list>
<bind>
<opcode="getelementptr(29) " fcode="getelementptr"/>
<opset="gmem_Wd_addr/2 "/>
</bind>
</comp>

<comp id="288" class="1004" name="add_ln325_fu_288">
<pin_list>
<pin id="289" dir="0" index="0" bw="6" slack="0"/>
<pin id="290" dir="0" index="1" bw="1" slack="0"/>
<pin id="291" dir="1" index="2" bw="6" slack="0"/>
</pin_list>
<bind>
<opcode="add(8) " fcode="add"/>
<opset="add_ln325/2 "/>
</bind>
</comp>

<comp id="294" class="1004" name="icmp_ln326_fu_294">
<pin_list>
<pin id="295" dir="0" index="0" bw="4" slack="0"/>
<pin id="296" dir="0" index="1" bw="4" slack="0"/>
<pin id="297" dir="1" index="2" bw="1" slack="0"/>
</pin_list>
<bind>
<opcode="icmp(45) " fcode="icmp"/>
<opset="icmp_ln326/2 "/>
</bind>
</comp>

<comp id="300" class="1004" name="select_ln325_fu_300">
<pin_list>
<pin id="301" dir="0" index="0" bw="1" slack="0"/>
<pin id="302" dir="0" index="1" bw="1" slack="0"/>
<pin id="303" dir="0" index="2" bw="4" slack="0"/>
<pin id="304" dir="1" index="3" bw="4" slack="0"/>
</pin_list>
<bind>
<opcode="select(49) " fcode="select"/>
<opset="select_ln325/2 "/>
</bind>
</comp>

<comp id="308" class="1004" name="select_ln325_1_fu_308">
<pin_list>
<pin id="309" dir="0" index="0" bw="1" slack="0"/>
<pin id="310" dir="0" index="1" bw="6" slack="0"/>
<pin id="311" dir="0" index="2" bw="6" slack="0"/>
<pin id="312" dir="1" index="3" bw="6" slack="0"/>
</pin_list>
<bind>
<opcode="select(49) " fcode="select"/>
<opset="select_ln325_1/2 "/>
</bind>
</comp>

<comp id="316" class="1004" name="trunc_ln325_fu_316">
<pin_list>
<pin id="317" dir="0" index="0" bw="6" slack="0"/>
<pin id="318" dir="1" index="1" bw="3" slack="0"/>
</pin_list>
<bind>
<opcode="trunc(33) " fcode="trunc"/>
<opset="trunc_ln325/2 "/>
</bind>
</comp>

<comp id="320" class="1004" name="lshr_ln_fu_320">
<pin_list>
<pin id="321" dir="0" index="0" bw="2" slack="0"/>
<pin id="322" dir="0" index="1" bw="6" slack="0"/>
<pin id="323" dir="0" index="2" bw="3" slack="0"/>
<pin id="324" dir="0" index="3" bw="4" slack="0"/>
<pin id="325" dir="1" index="4" bw="2" slack="1"/>
</pin_list>
<bind>
<opcode="partselect(1002) " fcode="partselect"/>
<opset="lshr_ln/2 "/>
</bind>
</comp>

<comp id="330" class="1004" name="switch_ln328_fu_330">
<pin_list>
<pin id="331" dir="0" index="0" bw="3" slack="0"/>
<pin id="332" dir="0" index="1" bw="1" slack="0"/>
<pin id="333" dir="0" index="2" bw="1" slack="0"/>
<pin id="334" dir="0" index="3" bw="3" slack="0"/>
<pin id="335" dir="0" index="4" bw="3" slack="0"/>
<pin id="336" dir="0" index="5" bw="3" slack="0"/>
<pin id="337" dir="0" index="6" bw="3" slack="0"/>
<pin id="338" dir="0" index="7" bw="2" slack="0"/>
<pin id="339" dir="1" index="8" bw="0" slack="2147483647"/>
</pin_list>
<bind>
<opcode="switch(3) " fcode="switch"/>
<opset="switch_ln328/2 "/>
</bind>
</comp>

<comp id="348" class="1004" name="add_ln326_fu_348">
<pin_list>
<pin id="349" dir="0" index="0" bw="4" slack="0"/>
<pin id="350" dir="0" index="1" bw="1" slack="0"/>
<pin id="351" dir="1" index="2" bw="4" slack="0"/>
</pin_list>
<bind>
<opcode="add(8) " fcode="add"/>
<opset="add_ln326/2 "/>
</bind>
</comp>

<comp id="354" class="1004" name="store_ln325_store_fu_354">
<pin_list>
<pin id="355" dir="0" index="0" bw="6" slack="0"/>
<pin id="356" dir="0" index="1" bw="6" slack="1"/>
<pin id="357" dir="1" index="2" bw="0" slack="2147483647"/>
</pin_list>
<bind>
<opcode="store(28) " fcode="store"/>
<opset="store_ln325/2 "/>
</bind>
</comp>

<comp id="359" class="1004" name="store_ln326_store_fu_359">
<pin_list>
<pin id="360" dir="0" index="0" bw="4" slack="0"/>
<pin id="361" dir="0" index="1" bw="4" slack="1"/>
<pin id="362" dir="1" index="2" bw="0" slack="2147483647"/>
</pin_list>
<bind>
<opcode="store(28) " fcode="store"/>
<opset="store_ln326/2 "/>
</bind>
</comp>

<comp id="364" class="1004" name="tmp_fu_364">
<pin_list>
<pin id="365" dir="0" index="0" bw="5" slack="0"/>
<pin id="366" dir="0" index="1" bw="2" slack="1"/>
<pin id="367" dir="0" index="2" bw="1" slack="0"/>
<pin id="368" dir="0" index="3" bw="2" slack="1"/>
<pin id="369" dir="1" index="4" bw="5" slack="0"/>
</pin_list>
<bind>
<opcode="bitconcatenate(1004) " fcode="bitconcatenate"/>
<opset="tmp/3 "/>
</bind>
</comp>

<comp id="372" class="1004" name="zext_ln328_fu_372">
<pin_list>
<pin id="373" dir="0" index="0" bw="5" slack="0"/>
<pin id="374" dir="1" index="1" bw="6" slack="0"/>
</pin_list>
<bind>
<opcode="zext(34) " fcode="zext"/>
<opset="zext_ln328/3 "/>
</bind>
</comp>

<comp id="376" class="1004" name="zext_ln328_1_fu_376">
<pin_list>
<pin id="377" dir="0" index="0" bw="4" slack="1"/>
<pin id="378" dir="1" index="1" bw="6" slack="0"/>
</pin_list>
<bind>
<opcode="zext(34) " fcode="zext"/>
<opset="zext_ln328_1/3 "/>
</bind>
</comp>

<comp id="379" class="1004" name="add_ln328_fu_379">
<pin_list>
<pin id="380" dir="0" index="0" bw="5" slack="0"/>
<pin id="381" dir="0" index="1" bw="4" slack="0"/>
<pin id="382" dir="1" index="2" bw="6" slack="0"/>
</pin_list>
<bind>
<opcode="add(8) " fcode="add"/>
<opset="add_ln328/3 "/>
</bind>
</comp>

<comp id="385" class="1004" name="zext_ln328_2_fu_385">
<pin_list>
<pin id="386" dir="0" index="0" bw="6" slack="0"/>
<pin id="387" dir="1" index="1" bw="64" slack="0"/>
</pin_list>
<bind>
<opcode="zext(34) " fcode="zext"/>
<opset="zext_ln328_2/3 "/>
</bind>
</comp>

<comp id="397" class="1005" name="w_reg_397">
<pin_list>
<pin id="398" dir="0" index="0" bw="4" slack="0"/>
<pin id="399" dir="1" index="1" bw="4" slack="0"/>
</pin_list>
<bind>
<opset="w "/>
</bind>
</comp>

<comp id="404" class="1005" name="b_reg_404">
<pin_list>
<pin id="405" dir="0" index="0" bw="6" slack="0"/>
<pin id="406" dir="1" index="1" bw="6" slack="0"/>
</pin_list>
<bind>
<opset="b "/>
</bind>
</comp>

<comp id="411" class="1005" name="indvar_flatten_reg_411">
<pin_list>
<pin id="412" dir="0" index="0" bw="9" slack="0"/>
<pin id="413" dir="1" index="1" bw="9" slack="0"/>
</pin_list>
<bind>
<opset="indvar_flatten "/>
</bind>
</comp>

<comp id="418" class="1005" name="sext_ln325_cast_reg_418">
<pin_list>
<pin id="419" dir="0" index="0" bw="64" slack="1"/>
<pin id="420" dir="1" index="1" bw="64" slack="1"/>
</pin_list>
<bind>
<opset="sext_ln325_cast "/>
</bind>
</comp>

<comp id="423" class="1005" name="icmp_ln325_reg_423">
<pin_list>
<pin id="424" dir="0" index="0" bw="1" slack="1"/>
<pin id="425" dir="1" index="1" bw="1" slack="2147483647"/>
</pin_list>
<bind>
<opset="icmp_ln325 "/>
</bind>
</comp>

<comp id="427" class="1005" name="select_ln325_reg_427">
<pin_list>
<pin id="428" dir="0" index="0" bw="4" slack="1"/>
<pin id="429" dir="1" index="1" bw="4" slack="1"/>
</pin_list>
<bind>
<opset="select_ln325 "/>
</bind>
</comp>

<comp id="432" class="1005" name="trunc_ln325_reg_432">
<pin_list>
<pin id="433" dir="0" index="0" bw="3" slack="1"/>
<pin id="434" dir="1" index="1" bw="3" slack="2147483647"/>
</pin_list>
<bind>
<opset="trunc_ln325 "/>
</bind>
</comp>

<comp id="436" class="1005" name="lshr_ln_reg_436">
<pin_list>
<pin id="437" dir="0" index="0" bw="2" slack="1"/>
<pin id="438" dir="1" index="1" bw="2" slack="1"/>
</pin_list>
<bind>
<opset="lshr_ln "/>
</bind>
</comp>

<comp id="442" class="1005" name="gmem_Wd_addr_read_reg_442">
<pin_list>
<pin id="443" dir="0" index="0" bw="128" slack="1"/>
<pin id="444" dir="1" index="1" bw="128" slack="1"/>
</pin_list>
<bind>
<opset="gmem_Wd_addr_read "/>
</bind>
</comp>

</comp_list>

<net_list>
<net id="113"><net_src comp="20" pin="0"/><net_sink comp="110" pin=0"/></net>

<net id="117"><net_src comp="20" pin="0"/><net_sink comp="114" pin=0"/></net>

<net id="121"><net_src comp="20" pin="0"/><net_sink comp="118" pin=0"/></net>

<net id="126"><net_src comp="22" pin="0"/><net_sink comp="122" pin=0"/></net>

<net id="127"><net_src comp="2" pin="0"/><net_sink comp="122" pin=1"/></net>

<net id="133"><net_src comp="4" pin="0"/><net_sink comp="128" pin=0"/></net>

<net id="134"><net_src comp="106" pin="0"/><net_sink comp="128" pin=1"/></net>

<net id="140"><net_src comp="6" pin="0"/><net_sink comp="135" pin=0"/></net>

<net id="141"><net_src comp="106" pin="0"/><net_sink comp="135" pin=1"/></net>

<net id="147"><net_src comp="8" pin="0"/><net_sink comp="142" pin=0"/></net>

<net id="148"><net_src comp="106" pin="0"/><net_sink comp="142" pin=1"/></net>

<net id="154"><net_src comp="10" pin="0"/><net_sink comp="149" pin=0"/></net>

<net id="155"><net_src comp="106" pin="0"/><net_sink comp="149" pin=1"/></net>

<net id="161"><net_src comp="12" pin="0"/><net_sink comp="156" pin=0"/></net>

<net id="162"><net_src comp="106" pin="0"/><net_sink comp="156" pin=1"/></net>

<net id="168"><net_src comp="14" pin="0"/><net_sink comp="163" pin=0"/></net>

<net id="169"><net_src comp="106" pin="0"/><net_sink comp="163" pin=1"/></net>

<net id="175"><net_src comp="16" pin="0"/><net_sink comp="170" pin=0"/></net>

<net id="176"><net_src comp="106" pin="0"/><net_sink comp="170" pin=1"/></net>

<net id="182"><net_src comp="18" pin="0"/><net_sink comp="177" pin=0"/></net>

<net id="183"><net_src comp="106" pin="0"/><net_sink comp="177" pin=1"/></net>

<net id="189"><net_src comp="170" pin="3"/><net_sink comp="184" pin=0"/></net>

<net id="195"><net_src comp="163" pin="3"/><net_sink comp="190" pin=0"/></net>

<net id="201"><net_src comp="156" pin="3"/><net_sink comp="196" pin=0"/></net>

<net id="207"><net_src comp="149" pin="3"/><net_sink comp="202" pin=0"/></net>

<net id="213"><net_src comp="142" pin="3"/><net_sink comp="208" pin=0"/></net>

<net id="219"><net_src comp="135" pin="3"/><net_sink comp="214" pin=0"/></net>

<net id="225"><net_src comp="128" pin="3"/><net_sink comp="220" pin=0"/></net>

<net id="231"><net_src comp="177" pin="3"/><net_sink comp="226" pin=0"/></net>

<net id="236"><net_src comp="76" pin="0"/><net_sink comp="232" pin=0"/></net>

<net id="240"><net_src comp="122" pin="2"/><net_sink comp="237" pin=0"/></net>

<net id="245"><net_src comp="56" pin="0"/><net_sink comp="241" pin=0"/></net>

<net id="250"><net_src comp="58" pin="0"/><net_sink comp="246" pin=0"/></net>

<net id="255"><net_src comp="60" pin="0"/><net_sink comp="251" pin=0"/></net>

<net id="263"><net_src comp="256" pin="1"/><net_sink comp="259" pin=0"/></net>

<net id="264"><net_src comp="62" pin="0"/><net_sink comp="259" pin=1"/></net>

<net id="269"><net_src comp="256" pin="1"/><net_sink comp="265" pin=0"/></net>

<net id="270"><net_src comp="64" pin="0"/><net_sink comp="265" pin=1"/></net>

<net id="275"><net_src comp="265" pin="2"/><net_sink comp="271" pin=0"/></net>

<net id="286"><net_src comp="0" pin="0"/><net_sink comp="282" pin=0"/></net>

<net id="287"><net_src comp="282" pin="2"/><net_sink comp="232" pin=1"/></net>

<net id="292"><net_src comp="279" pin="1"/><net_sink comp="288" pin=0"/></net>

<net id="293"><net_src comp="66" pin="0"/><net_sink comp="288" pin=1"/></net>

<net id="298"><net_src comp="276" pin="1"/><net_sink comp="294" pin=0"/></net>

<net id="299"><net_src comp="68" pin="0"/><net_sink comp="294" pin=1"/></net>

<net id="305"><net_src comp="294" pin="2"/><net_sink comp="300" pin=0"/></net>

<net id="306"><net_src comp="60" pin="0"/><net_sink comp="300" pin=1"/></net>

<net id="307"><net_src comp="276" pin="1"/><net_sink comp="300" pin=2"/></net>

<net id="313"><net_src comp="294" pin="2"/><net_sink comp="308" pin=0"/></net>

<net id="314"><net_src comp="288" pin="2"/><net_sink comp="308" pin=1"/></net>

<net id="315"><net_src comp="279" pin="1"/><net_sink comp="308" pin=2"/></net>

<net id="319"><net_src comp="308" pin="3"/><net_sink comp="316" pin=0"/></net>

<net id="326"><net_src comp="70" pin="0"/><net_sink comp="320" pin=0"/></net>

<net id="327"><net_src comp="308" pin="3"/><net_sink comp="320" pin=1"/></net>

<net id="328"><net_src comp="72" pin="0"/><net_sink comp="320" pin=2"/></net>

<net id="329"><net_src comp="74" pin="0"/><net_sink comp="320" pin=3"/></net>

<net id="340"><net_src comp="316" pin="1"/><net_sink comp="330" pin=0"/></net>

<net id="341"><net_src comp="78" pin="0"/><net_sink comp="330" pin=1"/></net>

<net id="342"><net_src comp="80" pin="0"/><net_sink comp="330" pin=2"/></net>

<net id="343"><net_src comp="82" pin="0"/><net_sink comp="330" pin=3"/></net>

<net id="344"><net_src comp="84" pin="0"/><net_sink comp="330" pin=4"/></net>

<net id="345"><net_src comp="86" pin="0"/><net_sink comp="330" pin=5"/></net>

<net id="346"><net_src comp="88" pin="0"/><net_sink comp="330" pin=6"/></net>

<net id="347"><net_src comp="90" pin="0"/><net_sink comp="330" pin=7"/></net>

<net id="352"><net_src comp="300" pin="3"/><net_sink comp="348" pin=0"/></net>

<net id="353"><net_src comp="92" pin="0"/><net_sink comp="348" pin=1"/></net>

<net id="358"><net_src comp="308" pin="3"/><net_sink comp="354" pin=0"/></net>

<net id="363"><net_src comp="348" pin="2"/><net_sink comp="359" pin=0"/></net>

<net id="370"><net_src comp="102" pin="0"/><net_sink comp="364" pin=0"/></net>

<net id="371"><net_src comp="104" pin="0"/><net_sink comp="364" pin=2"/></net>

<net id="375"><net_src comp="364" pin="4"/><net_sink comp="372" pin=0"/></net>

<net id="383"><net_src comp="372" pin="1"/><net_sink comp="379" pin=0"/></net>

<net id="384"><net_src comp="376" pin="1"/><net_sink comp="379" pin=1"/></net>

<net id="388"><net_src comp="379" pin="2"/><net_sink comp="385" pin=0"/></net>

<net id="389"><net_src comp="385" pin="1"/><net_sink comp="128" pin=2"/></net>

<net id="390"><net_src comp="385" pin="1"/><net_sink comp="135" pin=2"/></net>

<net id="391"><net_src comp="385" pin="1"/><net_sink comp="142" pin=2"/></net>

<net id="392"><net_src comp="385" pin="1"/><net_sink comp="149" pin=2"/></net>

<net id="393"><net_src comp="385" pin="1"/><net_sink comp="156" pin=2"/></net>

<net id="394"><net_src comp="385" pin="1"/><net_sink comp="163" pin=2"/></net>

<net id="395"><net_src comp="385" pin="1"/><net_sink comp="170" pin=2"/></net>

<net id="396"><net_src comp="385" pin="1"/><net_sink comp="177" pin=2"/></net>

<net id="400"><net_src comp="110" pin="1"/><net_sink comp="397" pin=0"/></net>

<net id="401"><net_src comp="397" pin="1"/><net_sink comp="251" pin=1"/></net>

<net id="402"><net_src comp="397" pin="1"/><net_sink comp="276" pin=0"/></net>

<net id="403"><net_src comp="397" pin="1"/><net_sink comp="359" pin=1"/></net>

<net id="407"><net_src comp="114" pin="1"/><net_sink comp="404" pin=0"/></net>

<net id="408"><net_src comp="404" pin="1"/><net_sink comp="246" pin=1"/></net>

<net id="409"><net_src comp="404" pin="1"/><net_sink comp="279" pin=0"/></net>

<net id="410"><net_src comp="404" pin="1"/><net_sink comp="354" pin=1"/></net>

<net id="414"><net_src comp="118" pin="1"/><net_sink comp="411" pin=0"/></net>

<net id="415"><net_src comp="411" pin="1"/><net_sink comp="241" pin=1"/></net>

<net id="416"><net_src comp="411" pin="1"/><net_sink comp="256" pin=0"/></net>

<net id="417"><net_src comp="411" pin="1"/><net_sink comp="271" pin=1"/></net>

<net id="421"><net_src comp="237" pin="1"/><net_sink comp="418" pin=0"/></net>

<net id="422"><net_src comp="418" pin="1"/><net_sink comp="282" pin=1"/></net>

<net id="426"><net_src comp="259" pin="2"/><net_sink comp="423" pin=0"/></net>

<net id="430"><net_src comp="300" pin="3"/><net_sink comp="427" pin=0"/></net>

<net id="431"><net_src comp="427" pin="1"/><net_sink comp="376" pin=0"/></net>

<net id="435"><net_src comp="316" pin="1"/><net_sink comp="432" pin=0"/></net>

<net id="439"><net_src comp="320" pin="4"/><net_sink comp="436" pin=0"/></net>

<net id="440"><net_src comp="436" pin="1"/><net_sink comp="364" pin=1"/></net>

<net id="441"><net_src comp="436" pin="1"/><net_sink comp="364" pin=3"/></net>

<net id="445"><net_src comp="232" pin="2"/><net_sink comp="442" pin=0"/></net>

<net id="446"><net_src comp="442" pin="1"/><net_sink comp="184" pin=1"/></net>

<net id="447"><net_src comp="442" pin="1"/><net_sink comp="190" pin=1"/></net>

<net id="448"><net_src comp="442" pin="1"/><net_sink comp="196" pin=1"/></net>

<net id="449"><net_src comp="442" pin="1"/><net_sink comp="202" pin=1"/></net>

<net id="450"><net_src comp="442" pin="1"/><net_sink comp="208" pin=1"/></net>

<net id="451"><net_src comp="442" pin="1"/><net_sink comp="214" pin=1"/></net>

<net id="452"><net_src comp="442" pin="1"/><net_sink comp="220" pin=1"/></net>

<net id="453"><net_src comp="442" pin="1"/><net_sink comp="226" pin=1"/></net>

</net_list>

</model> 
---------------- Datapath Model END ------------------

* FSMD analyzer results:
  - Output states:
	Port: rb_0 | {3 }
	Port: rb_1 | {3 }
	Port: rb_2 | {3 }
	Port: rb_3 | {3 }
	Port: rb_4 | {3 }
	Port: rb_5 | {3 }
	Port: rb_6 | {3 }
	Port: rb_7 | {3 }
 - Input state : 
	Port: load_row_down_q4k_Pipeline_LOAD_DOWN_Q4K_VITIS_LOOP_326_1 : gmem_Wd | {2 }
	Port: load_row_down_q4k_Pipeline_LOAD_DOWN_Q4K_VITIS_LOOP_326_1 : sext_ln325 | {1 }
  - Chain level:
	State 1
		store_ln0 : 1
		store_ln325 : 1
		store_ln326 : 1
		indvar_flatten_load : 1
		icmp_ln325 : 2
		add_ln325_1 : 2
		br_ln325 : 3
		store_ln325 : 3
	State 2
		add_ln325 : 1
		icmp_ln326 : 1
		select_ln325 : 2
		select_ln325_1 : 2
		trunc_ln325 : 3
		lshr_ln : 3
		gmem_Wd_addr_read : 1
		switch_ln328 : 4
		add_ln326 : 3
		store_ln325 : 3
		store_ln326 : 4
	State 3
		zext_ln328 : 1
		add_ln328 : 2
		zext_ln328_2 : 3
		rb_0_addr : 4
		rb_1_addr : 4
		rb_2_addr : 4
		rb_3_addr : 4
		rb_4_addr : 4
		rb_5_addr : 4
		rb_6_addr : 4
		rb_7_addr : 4
		store_ln328 : 5
		store_ln328 : 5
		store_ln328 : 5
		store_ln328 : 5
		store_ln328 : 5
		store_ln328 : 5
		store_ln328 : 5
		store_ln328 : 5


============================================================
+ Verbose Summary: Datapath Resource usage 
============================================================

* Functional unit list:
|----------|-------------------------------|---------|---------|
| Operation|        Functional Unit        |    FF   |   LUT   |
|----------|-------------------------------|---------|---------|
|          |       add_ln325_1_fu_265      |    0    |    16   |
|    add   |        add_ln325_fu_288       |    0    |    13   |
|          |        add_ln326_fu_348       |    0    |    12   |
|          |        add_ln328_fu_379       |    0    |    12   |
|----------|-------------------------------|---------|---------|
|   icmp   |       icmp_ln325_fu_259       |    0    |    16   |
|          |       icmp_ln326_fu_294       |    0    |    12   |
|----------|-------------------------------|---------|---------|
|  select  |      select_ln325_fu_300      |    0    |    4    |
|          |     select_ln325_1_fu_308     |    0    |    6    |
|----------|-------------------------------|---------|---------|
|   read   |  sext_ln325_read_read_fu_122  |    0    |    0    |
|          | gmem_Wd_addr_read_read_fu_232 |    0    |    0    |
|----------|-------------------------------|---------|---------|
|   sext   |     sext_ln325_cast_fu_237    |    0    |    0    |
|----------|-------------------------------|---------|---------|
|   trunc  |       trunc_ln325_fu_316      |    0    |    0    |
|----------|-------------------------------|---------|---------|
|partselect|         lshr_ln_fu_320        |    0    |    0    |
|----------|-------------------------------|---------|---------|
|  switch  |      switch_ln328_fu_330      |    0    |    0    |
|----------|-------------------------------|---------|---------|
|bitconcatenate|           tmp_fu_364          |    0    |    0    |
|----------|-------------------------------|---------|---------|
|          |       zext_ln328_fu_372       |    0    |    0    |
|   zext   |      zext_ln328_1_fu_376      |    0    |    0    |
|          |      zext_ln328_2_fu_385      |    0    |    0    |
|----------|-------------------------------|---------|---------|
|   Total  |                               |    0    |    91   |
|----------|-------------------------------|---------|---------|

Memories:
N/A

* Register list:
+-------------------------+--------+
|                         |   FF   |
+-------------------------+--------+
|        b_reg_404        |    6   |
|gmem_Wd_addr_read_reg_442|   128  |
|    icmp_ln325_reg_423   |    1   |
|  indvar_flatten_reg_411 |    9   |
|     lshr_ln_reg_436     |    2   |
|   select_ln325_reg_427  |    4   |
| sext_ln325_cast_reg_418 |   64   |
|   trunc_ln325_reg_432   |    3   |
|        w_reg_397        |    4   |
+-------------------------+--------+
|          Total          |   221  |
+-------------------------+--------+

* Multiplexer (MUX) list: 
|--------|------|------|------|--------|
|  Comp  |  Pin | Size |  BW  | S x BW |
|--------|------|------|------|--------|
|  Total |      |      |      |    0   |
|--------|------|------|------|--------|



* Summary:
+-----------+--------+--------+
|           |   FF   |   LUT  |
+-----------+--------+--------+
|  Function |    0   |   91   |
|   Memory  |    -   |    -   |
|Multiplexer|    -   |    -   |
|  Register |   221  |    -   |
+-----------+--------+--------+
|   Total   |   221  |   91   |
+-----------+--------+--------+
