

================================================================
== Vitis HLS Report for 'load_row_wv'
================================================================
* Date:           Sat Mar 28 22:36:45 2026

* Version:        2025.1 (Build 6135595 on May 21 2025)
* Project:        swiglu
* Solution:       hls (Vivado IP Flow Target)
* Product family: zynquplus
* Target device:  xck26-sfvc784-2LV-c


================================================================
== Performance Estimates
================================================================
+ Timing: 
    * Summary: 
    +--------+---------+----------+------------+
    |  Clock |  Target | Estimated| Uncertainty|
    +--------+---------+----------+------------+
    |ap_clk  |  3.33 ns|  2.412 ns|     0.90 ns|
    +--------+---------+----------+------------+

+ Latency: 
    * Summary: 
    +---------+---------+----------+----------+-----+-----+------------------------------------------------+
    |  Latency (cycles) |  Latency (absolute) |  Interval |                    Pipeline                    |
    |   min   |   max   |    min   |    max   | min | max |                      Type                      |
    +---------+---------+----------+----------+-----+-----+------------------------------------------------+
    |       75|       75|  0.250 us|  0.250 us|   73|   73|  loop auto-rewind stp (delay=0 clock cycles(s))|
    +---------+---------+----------+----------+-----+-----+------------------------------------------------+

    + Detail: 
        * Instance: 
        N/A

        * Loop: 
        +----------------------------+---------+---------+----------+-----------+-----------+------+----------+
        |                            |  Latency (cycles) | Iteration|  Initiation Interval  | Trip |          |
        |          Loop Name         |   min   |   max   |  Latency |  achieved |   target  | Count| Pipelined|
        +----------------------------+---------+---------+----------+-----------+-----------+------+----------+
        |- LOAD_WV_VITIS_LOOP_100_1  |       73|       73|         3|          1|          1|    72|       yes|
        +----------------------------+---------+---------+----------+-----------+-----------+------+----------+

============================================================
+ Verbose Summary: Synthesis Manager
============================================================
InlineROM: 1
ExposeGlobal: 0
============================================================
+ Verbose Summary: CDFG Model
============================================================
IsTopModel: 0
ResetActiveHigh: 1
IsCombinational: 0
IsDatapathOnly: 0
HasWiredReturn: 1
HasMFsm: 2
HasVarLatency: 1
IsPipeline: 0
IsRtlPipelined: 0
IsInstanceOverlapped: 0
IsDontTouch: 0
HasImplIP: 0
IsGatedGlobalClock: 0

+ Individual pipeline summary: 
  * Pipeline-0: initiation interval (II) = 1, depth = 3


============================================================
+ Verbose Summary: Schedule
============================================================
* Number of FSM states : 3
* Pipeline : 1
  Pipeline-0 : II = 1, D = 3, States = { 1 2 3 }
* Dataflow Pipeline: 0

* FSM state transitions: 
1 --> 2 
2 --> 3 
3 --> 

* FSM state operations: 

State 1 <SV = 0> <Delay = 1.62>
ST_1 : Operation 6 [1/1] (0.00ns)   --->   "%w = alloca i32 1" [swiglu.cpp:100]   --->   Operation 6 'alloca' 'w' <Predicate = true> <Delay = 0.00>
ST_1 : Operation 7 [1/1] (0.00ns)   --->   "%b = alloca i32 1" [swiglu.cpp:99]   --->   Operation 7 'alloca' 'b' <Predicate = true> <Delay = 0.00>
ST_1 : Operation 8 [1/1] (0.00ns)   --->   "%indvar_flatten = alloca i32 1"   --->   Operation 8 'alloca' 'indvar_flatten' <Predicate = true> <Delay = 0.00>
ST_1 : Operation 9 [1/1] (0.00ns)   --->   "%W_wide_read_1 = read i8 @_ssdm_op_Read.ap_auto.i8, i8 %W_wide_read" [swiglu.cpp:94]   --->   Operation 9 'read' 'W_wide_read_1' <Predicate = true> <Delay = 0.00>
ST_1 : Operation 10 [1/1] (0.42ns)   --->   "%store_ln0 = store i7 0, i7 %indvar_flatten"   --->   Operation 10 'store' 'store_ln0' <Predicate = true> <Delay = 0.42>
ST_1 : Operation 11 [1/1] (0.42ns)   --->   "%store_ln99 = store i4 0, i4 %b" [swiglu.cpp:99]   --->   Operation 11 'store' 'store_ln99' <Predicate = true> <Delay = 0.42>
ST_1 : Operation 12 [1/1] (0.42ns)   --->   "%store_ln100 = store i4 0, i4 %w" [swiglu.cpp:100]   --->   Operation 12 'store' 'store_ln100' <Predicate = true> <Delay = 0.42>
ST_1 : Operation 13 [1/1] (0.00ns)   --->   "%br_ln99 = br void %for.inc" [swiglu.cpp:99]   --->   Operation 13 'br' 'br_ln99' <Predicate = true> <Delay = 0.00>
ST_1 : Operation 14 [1/1] (0.00ns)   --->   "%indvar_flatten_load = load i7 %indvar_flatten" [swiglu.cpp:99]   --->   Operation 14 'load' 'indvar_flatten_load' <Predicate = true> <Delay = 0.00>
ST_1 : Operation 15 [1/1] (0.77ns)   --->   "%icmp_ln99 = icmp_eq  i7 %indvar_flatten_load, i7 72" [swiglu.cpp:99]   --->   Operation 15 'icmp' 'icmp_ln99' <Predicate = true> <Delay = 0.77> <CoreInst = "Cmp">   --->   Core 9 'Cmp' <Latency = 0> <II = 1> <Delay = 0.77> <FuncUnit> <Opcode : 'seteq' 'setne' 'setle' 'setge' 'setlt' 'setgt'> <InPorts = 2> <OutPorts = 1>
ST_1 : Operation 16 [1/1] (0.77ns)   --->   "%add_ln99 = add i7 %indvar_flatten_load, i7 1" [swiglu.cpp:99]   --->   Operation 16 'add' 'add_ln99' <Predicate = true> <Delay = 0.77> <CoreInst = "Adder">   --->   Core 1 'Adder' <Latency = 0> <II = 1> <Delay = 0.77> <FuncUnit> <Opcode : 'add' 'sub'> <InPorts = 2> <OutPorts = 1>
ST_1 : Operation 17 [1/1] (0.00ns)   --->   "%br_ln99 = br i1 %icmp_ln99, void %for.inc10, void %for.end12" [swiglu.cpp:99]   --->   Operation 17 'br' 'br_ln99' <Predicate = true> <Delay = 0.00>
ST_1 : Operation 18 [1/1] (0.42ns)   --->   "%store_ln99 = store i7 %add_ln99, i7 %indvar_flatten" [swiglu.cpp:99]   --->   Operation 18 'store' 'store_ln99' <Predicate = (!icmp_ln99)> <Delay = 0.42>

State 2 <SV = 1> <Delay = 2.41>
ST_2 : Operation 19 [1/1] (0.00ns)   --->   "%w_load = load i4 %w" [swiglu.cpp:100]   --->   Operation 19 'load' 'w_load' <Predicate = true> <Delay = 0.00>
ST_2 : Operation 20 [1/1] (0.00ns)   --->   "%b_load = load i4 %b" [swiglu.cpp:99]   --->   Operation 20 'load' 'b_load' <Predicate = true> <Delay = 0.00>
ST_2 : Operation 21 [1/1] (0.79ns)   --->   "%icmp_ln100 = icmp_eq  i4 %w_load, i4 9" [swiglu.cpp:100]   --->   Operation 21 'icmp' 'icmp_ln100' <Predicate = true> <Delay = 0.79> <CoreInst = "Cmp">   --->   Core 9 'Cmp' <Latency = 0> <II = 1> <Delay = 0.79> <FuncUnit> <Opcode : 'seteq' 'setne' 'setle' 'setge' 'setlt' 'setgt'> <InPorts = 2> <OutPorts = 1>
ST_2 : Operation 22 [1/1] (0.39ns)   --->   "%select_ln99 = select i1 %icmp_ln100, i4 0, i4 %w_load" [swiglu.cpp:99]   --->   Operation 22 'select' 'select_ln99' <Predicate = true> <Delay = 0.39> <CoreInst = "Sel">   --->   Core 73 'Sel' <Latency = 0> <II = 1> <Delay = 0.39> <FuncUnit> <Opcode : 'select'> <InPorts = 3> <OutPorts = 1>
ST_2 : Operation 23 [1/1] (0.79ns)   --->   "%add_ln99_1 = add i4 %b_load, i4 1" [swiglu.cpp:99]   --->   Operation 23 'add' 'add_ln99_1' <Predicate = true> <Delay = 0.79> <CoreInst = "Adder">   --->   Core 1 'Adder' <Latency = 0> <II = 1> <Delay = 0.79> <FuncUnit> <Opcode : 'add' 'sub'> <InPorts = 2> <OutPorts = 1>
ST_2 : Operation 24 [1/1] (0.39ns)   --->   "%select_ln99_1 = select i1 %icmp_ln100, i4 %add_ln99_1, i4 %b_load" [swiglu.cpp:99]   --->   Operation 24 'select' 'select_ln99_1' <Predicate = true> <Delay = 0.39> <CoreInst = "Sel">   --->   Core 73 'Sel' <Latency = 0> <II = 1> <Delay = 0.39> <FuncUnit> <Opcode : 'select'> <InPorts = 3> <OutPorts = 1>
ST_2 : Operation 25 [1/1] (0.00ns)   --->   "%trunc_ln99 = trunc i4 %select_ln99_1" [swiglu.cpp:99]   --->   Operation 25 'trunc' 'trunc_ln99' <Predicate = true> <Delay = 0.00>
ST_2 : Operation 26 [1/1] (0.67ns)   --->   "%switch_ln102 = switch i3 %trunc_ln99, void %arrayidx911.case.7, i3 0, void %arrayidx911.case.0, i3 1, void %arrayidx911.case.1, i3 2, void %arrayidx911.case.2, i3 3, void %arrayidx911.case.3, i3 4, void %arrayidx911.case.4, i3 5, void %arrayidx911.case.5, i3 6, void %arrayidx911.case.6" [swiglu.cpp:102]   --->   Operation 26 'switch' 'switch_ln102' <Predicate = true> <Delay = 0.67>
ST_2 : Operation 27 [1/1] (0.79ns)   --->   "%add_ln100 = add i4 %select_ln99, i4 1" [swiglu.cpp:100]   --->   Operation 27 'add' 'add_ln100' <Predicate = true> <Delay = 0.79> <CoreInst = "Adder">   --->   Core 1 'Adder' <Latency = 0> <II = 1> <Delay = 0.79> <FuncUnit> <Opcode : 'add' 'sub'> <InPorts = 2> <OutPorts = 1>
ST_2 : Operation 28 [1/1] (0.42ns)   --->   "%store_ln99 = store i4 %select_ln99_1, i4 %b" [swiglu.cpp:99]   --->   Operation 28 'store' 'store_ln99' <Predicate = true> <Delay = 0.42>
ST_2 : Operation 29 [1/1] (0.42ns)   --->   "%store_ln100 = store i4 %add_ln100, i4 %w" [swiglu.cpp:100]   --->   Operation 29 'store' 'store_ln100' <Predicate = true> <Delay = 0.42>
ST_2 : Operation 30 [1/1] (0.00ns)   --->   "%br_ln100 = br void %for.inc" [swiglu.cpp:100]   --->   Operation 30 'br' 'br_ln100' <Predicate = true> <Delay = 0.00>
ST_2 : Operation 59 [1/1] (0.42ns)   --->   "%ret_ln105 = ret" [swiglu.cpp:105]   --->   Operation 59 'ret' 'ret_ln105' <Predicate = (icmp_ln99)> <Delay = 0.42>

State 3 <SV = 2> <Delay = 0.67>
ST_3 : Operation 31 [1/1] (0.00ns)   --->   "%specloopname_ln0 = specloopname void @_ssdm_op_SpecLoopName, void @LOAD_WV_VITIS_LOOP_100_1_str"   --->   Operation 31 'specloopname' 'specloopname_ln0' <Predicate = true> <Delay = 0.00>
ST_3 : Operation 32 [1/1] (0.00ns)   --->   "%speclooptripcount_ln0 = speclooptripcount void @_ssdm_op_SpecLoopTripCount, i64 72, i64 72, i64 72"   --->   Operation 32 'speclooptripcount' 'speclooptripcount_ln0' <Predicate = true> <Delay = 0.00>
ST_3 : Operation 33 [1/1] (0.00ns)   --->   "%zext_ln100 = zext i4 %select_ln99" [swiglu.cpp:100]   --->   Operation 33 'zext' 'zext_ln100' <Predicate = true> <Delay = 0.00>
ST_3 : Operation 34 [1/1] (0.00ns)   --->   "%specpipeline_ln101 = specpipeline void @_ssdm_op_SpecPipeline, i32 1, i32 0, i32 0, i32 0, void @empty_15" [swiglu.cpp:101]   --->   Operation 34 'specpipeline' 'specpipeline_ln101' <Predicate = true> <Delay = 0.00>
ST_3 : Operation 35 [1/1] (0.00ns)   --->   "%rb_0_addr = getelementptr i8 %rb_0, i64 0, i64 %zext_ln100" [swiglu.cpp:102]   --->   Operation 35 'getelementptr' 'rb_0_addr' <Predicate = true> <Delay = 0.00>
ST_3 : Operation 36 [1/1] (0.00ns)   --->   "%rb_1_addr = getelementptr i8 %rb_1, i64 0, i64 %zext_ln100" [swiglu.cpp:102]   --->   Operation 36 'getelementptr' 'rb_1_addr' <Predicate = true> <Delay = 0.00>
ST_3 : Operation 37 [1/1] (0.00ns)   --->   "%rb_2_addr = getelementptr i8 %rb_2, i64 0, i64 %zext_ln100" [swiglu.cpp:102]   --->   Operation 37 'getelementptr' 'rb_2_addr' <Predicate = true> <Delay = 0.00>
ST_3 : Operation 38 [1/1] (0.00ns)   --->   "%rb_3_addr = getelementptr i8 %rb_3, i64 0, i64 %zext_ln100" [swiglu.cpp:102]   --->   Operation 38 'getelementptr' 'rb_3_addr' <Predicate = true> <Delay = 0.00>
ST_3 : Operation 39 [1/1] (0.00ns)   --->   "%rb_4_addr = getelementptr i8 %rb_4, i64 0, i64 %zext_ln100" [swiglu.cpp:102]   --->   Operation 39 'getelementptr' 'rb_4_addr' <Predicate = true> <Delay = 0.00>
ST_3 : Operation 40 [1/1] (0.00ns)   --->   "%rb_5_addr = getelementptr i8 %rb_5, i64 0, i64 %zext_ln100" [swiglu.cpp:102]   --->   Operation 40 'getelementptr' 'rb_5_addr' <Predicate = true> <Delay = 0.00>
ST_3 : Operation 41 [1/1] (0.00ns)   --->   "%rb_6_addr = getelementptr i8 %rb_6, i64 0, i64 %zext_ln100" [swiglu.cpp:102]   --->   Operation 41 'getelementptr' 'rb_6_addr' <Predicate = true> <Delay = 0.00>
ST_3 : Operation 42 [1/1] (0.00ns)   --->   "%rb_7_addr = getelementptr i8 %rb_7, i64 0, i64 %zext_ln100" [swiglu.cpp:102]   --->   Operation 42 'getelementptr' 'rb_7_addr' <Predicate = true> <Delay = 0.00>
ST_3 : Operation 43 [1/1] ( I:0.67ns O:0.67ns )   --->   "%store_ln102 = store i8 %W_wide_read_1, i4 %rb_6_addr" [swiglu.cpp:102]   --->   Operation 43 'store' 'store_ln102' <Predicate = (trunc_ln99 == 6)> <Delay = 0.67> <CoreInst = "RAM">   --->   Core 82 'RAM' <Latency = 1> <II = 1> <Delay = 0.67> <Storage> <Opcode : 'load' 'store'> <Ports = 2> <Width = 8> <Depth = 9> <RAM>
ST_3 : Operation 44 [1/1] (0.00ns)   --->   "%br_ln102 = br void %arrayidx911.exit" [swiglu.cpp:102]   --->   Operation 44 'br' 'br_ln102' <Predicate = (trunc_ln99 == 6)> <Delay = 0.00>
ST_3 : Operation 45 [1/1] ( I:0.67ns O:0.67ns )   --->   "%store_ln102 = store i8 %W_wide_read_1, i4 %rb_5_addr" [swiglu.cpp:102]   --->   Operation 45 'store' 'store_ln102' <Predicate = (trunc_ln99 == 5)> <Delay = 0.67> <CoreInst = "RAM">   --->   Core 82 'RAM' <Latency = 1> <II = 1> <Delay = 0.67> <Storage> <Opcode : 'load' 'store'> <Ports = 2> <Width = 8> <Depth = 9> <RAM>
ST_3 : Operation 46 [1/1] (0.00ns)   --->   "%br_ln102 = br void %arrayidx911.exit" [swiglu.cpp:102]   --->   Operation 46 'br' 'br_ln102' <Predicate = (trunc_ln99 == 5)> <Delay = 0.00>
ST_3 : Operation 47 [1/1] ( I:0.67ns O:0.67ns )   --->   "%store_ln102 = store i8 %W_wide_read_1, i4 %rb_4_addr" [swiglu.cpp:102]   --->   Operation 47 'store' 'store_ln102' <Predicate = (trunc_ln99 == 4)> <Delay = 0.67> <CoreInst = "RAM">   --->   Core 82 'RAM' <Latency = 1> <II = 1> <Delay = 0.67> <Storage> <Opcode : 'load' 'store'> <Ports = 2> <Width = 8> <Depth = 9> <RAM>
ST_3 : Operation 48 [1/1] (0.00ns)   --->   "%br_ln102 = br void %arrayidx911.exit" [swiglu.cpp:102]   --->   Operation 48 'br' 'br_ln102' <Predicate = (trunc_ln99 == 4)> <Delay = 0.00>
ST_3 : Operation 49 [1/1] ( I:0.67ns O:0.67ns )   --->   "%store_ln102 = store i8 %W_wide_read_1, i4 %rb_3_addr" [swiglu.cpp:102]   --->   Operation 49 'store' 'store_ln102' <Predicate = (trunc_ln99 == 3)> <Delay = 0.67> <CoreInst = "RAM">   --->   Core 82 'RAM' <Latency = 1> <II = 1> <Delay = 0.67> <Storage> <Opcode : 'load' 'store'> <Ports = 2> <Width = 8> <Depth = 9> <RAM>
ST_3 : Operation 50 [1/1] (0.00ns)   --->   "%br_ln102 = br void %arrayidx911.exit" [swiglu.cpp:102]   --->   Operation 50 'br' 'br_ln102' <Predicate = (trunc_ln99 == 3)> <Delay = 0.00>
ST_3 : Operation 51 [1/1] ( I:0.67ns O:0.67ns )   --->   "%store_ln102 = store i8 %W_wide_read_1, i4 %rb_2_addr" [swiglu.cpp:102]   --->   Operation 51 'store' 'store_ln102' <Predicate = (trunc_ln99 == 2)> <Delay = 0.67> <CoreInst = "RAM">   --->   Core 82 'RAM' <Latency = 1> <II = 1> <Delay = 0.67> <Storage> <Opcode : 'load' 'store'> <Ports = 2> <Width = 8> <Depth = 9> <RAM>
ST_3 : Operation 52 [1/1] (0.00ns)   --->   "%br_ln102 = br void %arrayidx911.exit" [swiglu.cpp:102]   --->   Operation 52 'br' 'br_ln102' <Predicate = (trunc_ln99 == 2)> <Delay = 0.00>
ST_3 : Operation 53 [1/1] ( I:0.67ns O:0.67ns )   --->   "%store_ln102 = store i8 %W_wide_read_1, i4 %rb_1_addr" [swiglu.cpp:102]   --->   Operation 53 'store' 'store_ln102' <Predicate = (trunc_ln99 == 1)> <Delay = 0.67> <CoreInst = "RAM">   --->   Core 82 'RAM' <Latency = 1> <II = 1> <Delay = 0.67> <Storage> <Opcode : 'load' 'store'> <Ports = 2> <Width = 8> <Depth = 9> <RAM>
ST_3 : Operation 54 [1/1] (0.00ns)   --->   "%br_ln102 = br void %arrayidx911.exit" [swiglu.cpp:102]   --->   Operation 54 'br' 'br_ln102' <Predicate = (trunc_ln99 == 1)> <Delay = 0.00>
ST_3 : Operation 55 [1/1] ( I:0.67ns O:0.67ns )   --->   "%store_ln102 = store i8 %W_wide_read_1, i4 %rb_0_addr" [swiglu.cpp:102]   --->   Operation 55 'store' 'store_ln102' <Predicate = (trunc_ln99 == 0)> <Delay = 0.67> <CoreInst = "RAM">   --->   Core 82 'RAM' <Latency = 1> <II = 1> <Delay = 0.67> <Storage> <Opcode : 'load' 'store'> <Ports = 2> <Width = 8> <Depth = 9> <RAM>
ST_3 : Operation 56 [1/1] (0.00ns)   --->   "%br_ln102 = br void %arrayidx911.exit" [swiglu.cpp:102]   --->   Operation 56 'br' 'br_ln102' <Predicate = (trunc_ln99 == 0)> <Delay = 0.00>
ST_3 : Operation 57 [1/1] ( I:0.67ns O:0.67ns )   --->   "%store_ln102 = store i8 %W_wide_read_1, i4 %rb_7_addr" [swiglu.cpp:102]   --->   Operation 57 'store' 'store_ln102' <Predicate = (trunc_ln99 == 7)> <Delay = 0.67> <CoreInst = "RAM">   --->   Core 82 'RAM' <Latency = 1> <II = 1> <Delay = 0.67> <Storage> <Opcode : 'load' 'store'> <Ports = 2> <Width = 8> <Depth = 9> <RAM>
ST_3 : Operation 58 [1/1] (0.00ns)   --->   "%br_ln102 = br void %arrayidx911.exit" [swiglu.cpp:102]   --->   Operation 58 'br' 'br_ln102' <Predicate = (trunc_ln99 == 7)> <Delay = 0.00>


============================================================
+ Verbose Summary: Timing violations
============================================================
Target clock period: 3.330ns, clock uncertainty: 0.900ns.

 <State 1>: 1.627ns
The critical path consists of the following:
	'store' operation 0 bit ('store_ln0') of constant 0 on local variable 'indvar_flatten' [14]  (0.427 ns)
	'load' operation 7 bit ('indvar_flatten_load', swiglu.cpp:99) on local variable 'indvar_flatten' [19]  (0.000 ns)
	'icmp' operation 1 bit ('icmp_ln99', swiglu.cpp:99) [20]  (0.773 ns)
	'store' operation 0 bit ('store_ln99', swiglu.cpp:99) of variable 'add_ln99', swiglu.cpp:99 on local variable 'indvar_flatten' [70]  (0.427 ns)

 <State 2>: 2.412ns
The critical path consists of the following:
	'load' operation 4 bit ('w_load', swiglu.cpp:100) on local variable 'w', swiglu.cpp:100 [24]  (0.000 ns)
	'icmp' operation 1 bit ('icmp_ln100', swiglu.cpp:100) [28]  (0.797 ns)
	'select' operation 4 bit ('select_ln99', swiglu.cpp:99) [29]  (0.391 ns)
	'add' operation 4 bit ('add_ln100', swiglu.cpp:100) [69]  (0.797 ns)
	'store' operation 0 bit ('store_ln100', swiglu.cpp:100) of variable 'add_ln100', swiglu.cpp:100 on local variable 'w', swiglu.cpp:100 [72]  (0.427 ns)

 <State 3>: 0.677ns
The critical path consists of the following:
	'getelementptr' operation 4 bit ('rb_5_addr', swiglu.cpp:102) [40]  (0.000 ns)
	'store' operation 0 bit ('store_ln102', swiglu.cpp:102) of variable 'W_wide', swiglu.cpp:94 on array 'rb_5' [48]  (0.677 ns)


============================================================
+ Verbose Summary: Binding
============================================================
N/A
* FSMD analyzer results:
  - Output states:
 - Input state : 
  - Chain level:
	State 1
	State 2
	State 3


============================================================
+ Verbose Summary: Datapath Resource usage 
============================================================
N/A
