

================================================================
== Vitis HLS Report for 'load_row_down_q6k_1_Pipeline_LOAD_D'
================================================================
* Date:           Sun Apr  5 16:06:36 2026

* Version:        2025.1 (Build 6135595 on May 21 2025)
* Project:        swiglu
* Solution:       hls (Vivado IP Flow Target)
* Product family: zynquplus
* Target device:  xck26-sfvc784-2LV-c


================================================================
== Performance Estimates
================================================================
+ Timing: 
    * Summary: 
    +--------+---------+----------+------------+
    |  Clock |  Target | Estimated| Uncertainty|
    +--------+---------+----------+------------+
    |ap_clk  |  3.33 ns|  2.433 ns|     0.90 ns|
    +--------+---------+----------+------------+

+ Latency: 
    * Summary: 
    +---------+---------+-----------+-----------+-----+-----+------------------------------------------------+
    |  Latency (cycles) |   Latency (absolute)  |  Interval |                    Pipeline                    |
    |   min   |   max   |    min    |    max    | min | max |                      Type                      |
    +---------+---------+-----------+-----------+-----+-----+------------------------------------------------+
    |       12|       12|  39.996 ns|  39.996 ns|    5|    5|  loop auto-rewind stp (delay=0 clock cycles(s))|
    +---------+---------+-----------+-----------+-----+-----+------------------------------------------------+

    + Detail: 
        * Instance: 
        N/A

        * Loop: 
        +----------+---------+---------+----------+-----------+-----------+------+----------+
        |          |  Latency (cycles) | Iteration|  Initiation Interval  | Trip |          |
        | Loop Name|   min   |   max   |  Latency |  achieved |   target  | Count| Pipelined|
        +----------+---------+---------+----------+-----------+-----------+------+----------+
        |- LOAD_D  |       10|       10|         8|          1|          1|     4|       yes|
        +----------+---------+---------+----------+-----------+-----------+------+----------+

============================================================
+ Verbose Summary: Synthesis Manager
============================================================
InlineROM: 1
ExposeGlobal: 0
============================================================
+ Verbose Summary: CDFG Model
============================================================
IsTopModel: 0
ResetActiveHigh: 1
IsCombinational: 0
IsDatapathOnly: 0
HasWiredReturn: 1
HasMFsm: 2
HasVarLatency: 1
IsPipeline: 0
IsRtlPipelined: 0
IsInstanceOverlapped: 0
IsDontTouch: 0
HasImplIP: 0
IsGatedGlobalClock: 0

+ Individual pipeline summary: 
  * Pipeline-0: initiation interval (II) = 1, depth = 8


============================================================
+ Verbose Summary: Schedule
============================================================
* Number of FSM states : 8
* Pipeline : 1
  Pipeline-0 : II = 1, D = 8, States = { 1 2 3 4 5 6 7 8 }
* Dataflow Pipeline: 0

* FSM state transitions: 
1 --> 2 
2 --> 3 
3 --> 4 
4 --> 5 
5 --> 6 
6 --> 7 
7 --> 8 
8 --> 

* FSM state operations: 

State 1 <SV = 0> <Delay = 1.52>
ST_1 : Operation 11 [1/1] (0.00ns)   --->   "%w_3 = alloca i32 1" [swiglu.cpp:510]   --->   Operation 11 'alloca' 'w_3' <Predicate = true> <Delay = 0.00>
ST_1 : Operation 12 [1/1] (0.00ns)   --->   "%sext_ln510_read = read i60 @_ssdm_op_Read.ap_auto.i60, i60 %sext_ln510"   --->   Operation 12 'read' 'sext_ln510_read' <Predicate = true> <Delay = 0.00>
ST_1 : Operation 13 [1/1] (0.00ns)   --->   "%sext_ln510_cast = sext i60 %sext_ln510_read"   --->   Operation 13 'sext' 'sext_ln510_cast' <Predicate = true> <Delay = 0.00>
ST_1 : Operation 14 [1/1] (0.00ns)   --->   "%specstablecontent_ln0 = specstablecontent void @_ssdm_op_SpecStableContent, i128 %gmem_Wd2, i1 1, void @p_str"   --->   Operation 14 'specstablecontent' 'specstablecontent_ln0' <Predicate = true> <Delay = 0.00>
ST_1 : Operation 15 [1/1] (0.00ns)   --->   "%specinterface_ln0 = specinterface void @_ssdm_op_SpecInterface, i128 %gmem_Wd2, void @empty_38, i32 0, i32 0, void @empty_39, i32 64, i32 860160, void @empty_0, void @empty_40, void @empty_39, i32 2, i32 16, i32 256, i32 16, void @empty_39, void @empty_39, i32 4294967295, i32 0, i32 0"   --->   Operation 15 'specinterface' 'specinterface_ln0' <Predicate = true> <Delay = 0.00>
ST_1 : Operation 16 [1/1] (0.42ns)   --->   "%store_ln510 = store i3 0, i3 %w_3" [swiglu.cpp:510]   --->   Operation 16 'store' 'store_ln510' <Predicate = true> <Delay = 0.42>
ST_1 : Operation 17 [1/1] (0.00ns)   --->   "%br_ln0 = br void %VITIS_LOOP_513_1"   --->   Operation 17 'br' 'br_ln0' <Predicate = true> <Delay = 0.00>
ST_1 : Operation 18 [1/1] (0.00ns)   --->   "%w = load i3 %w_3" [swiglu.cpp:510]   --->   Operation 18 'load' 'w' <Predicate = true> <Delay = 0.00>
ST_1 : Operation 19 [1/1] (0.67ns)   --->   "%icmp_ln510 = icmp_eq  i3 %w, i3 4" [swiglu.cpp:510]   --->   Operation 19 'icmp' 'icmp_ln510' <Predicate = true> <Delay = 0.67> <CoreInst = "Cmp">   --->   Core 9 'Cmp' <Latency = 0> <II = 1> <Delay = 0.67> <FuncUnit> <Opcode : 'seteq' 'setne' 'setle' 'setge' 'setlt' 'setgt'> <InPorts = 2> <OutPorts = 1>
ST_1 : Operation 20 [1/1] (0.67ns)   --->   "%add_ln510 = add i3 %w, i3 1" [swiglu.cpp:510]   --->   Operation 20 'add' 'add_ln510' <Predicate = true> <Delay = 0.67> <CoreInst = "Adder">   --->   Core 1 'Adder' <Latency = 0> <II = 1> <Delay = 0.67> <FuncUnit> <Opcode : 'add' 'sub'> <InPorts = 2> <OutPorts = 1>
ST_1 : Operation 21 [1/1] (0.00ns)   --->   "%br_ln510 = br i1 %icmp_ln510, void %VITIS_LOOP_513_1.split, void %for.end60.exitStub" [swiglu.cpp:510]   --->   Operation 21 'br' 'br_ln510' <Predicate = true> <Delay = 0.00>
ST_1 : Operation 22 [1/1] (0.00ns)   --->   "%trunc_ln510 = trunc i3 %w" [swiglu.cpp:510]   --->   Operation 22 'trunc' 'trunc_ln510' <Predicate = (!icmp_ln510)> <Delay = 0.00>
ST_1 : Operation 23 [1/1] (0.54ns)   --->   "%switch_ln517 = switch i2 %trunc_ln510, void %arrayidx54.711.case.31, i2 0, void %arrayidx54.711.case.7, i2 1, void %arrayidx54.711.case.15, i2 2, void %arrayidx54.711.case.23" [swiglu.cpp:517]   --->   Operation 23 'switch' 'switch_ln517' <Predicate = (!icmp_ln510)> <Delay = 0.54>
ST_1 : Operation 24 [1/1] (0.42ns)   --->   "%store_ln510 = store i3 %add_ln510, i3 %w_3" [swiglu.cpp:510]   --->   Operation 24 'store' 'store_ln510' <Predicate = (!icmp_ln510)> <Delay = 0.42>
ST_1 : Operation 25 [1/1] (0.00ns)   --->   "%br_ln510 = br void %VITIS_LOOP_513_1" [swiglu.cpp:510]   --->   Operation 25 'br' 'br_ln510' <Predicate = (!icmp_ln510)> <Delay = 0.00>

State 2 <SV = 1> <Delay = 2.43>
ST_2 : Operation 26 [1/1] (0.00ns)   --->   "%gmem_Wd2_addr = getelementptr i128 %gmem_Wd2, i64 %sext_ln510_cast" [swiglu.cpp:510]   --->   Operation 26 'getelementptr' 'gmem_Wd2_addr' <Predicate = true> <Delay = 0.00>
ST_2 : Operation 27 [1/1] (2.43ns)   --->   "%word = read i128 @_ssdm_op_Read.m_axi.p1i128, i128 %gmem_Wd2_addr" [swiglu.cpp:512]   --->   Operation 27 'read' 'word' <Predicate = true> <Delay = 2.43> <CoreInst = "m_axi">   --->   Core 119 'm_axi' <Latency = 3> <II = 1> <Delay = 1.00> <Adapter> <Opcode : 'read' 'write' 'readreq' 'writereq' 'writeresp'>
ST_2 : Operation 28 [1/1] (0.00ns)   --->   "%d_raw = trunc i128 %word" [swiglu.cpp:516]   --->   Operation 28 'trunc' 'd_raw' <Predicate = true> <Delay = 0.00>
ST_2 : Operation 29 [1/1] (0.00ns)   --->   "%d_raw_1 = partselect i16 @_ssdm_op_PartSelect.i16.i128.i32, i128 %word, i32 16" [swiglu.cpp:516]   --->   Operation 29 'partselect' 'd_raw_1' <Predicate = true> <Delay = 0.00>
ST_2 : Operation 30 [1/1] (0.00ns)   --->   "%d_raw_2 = partselect i16 @_ssdm_op_PartSelect.i16.i128.i32, i128 %word, i32 32" [swiglu.cpp:516]   --->   Operation 30 'partselect' 'd_raw_2' <Predicate = true> <Delay = 0.00>
ST_2 : Operation 31 [1/1] (0.00ns)   --->   "%d_raw_3 = partselect i16 @_ssdm_op_PartSelect.i16.i128.i32, i128 %word, i32 48" [swiglu.cpp:516]   --->   Operation 31 'partselect' 'd_raw_3' <Predicate = true> <Delay = 0.00>
ST_2 : Operation 32 [1/1] (0.00ns)   --->   "%d_raw_4 = partselect i16 @_ssdm_op_PartSelect.i16.i128.i32, i128 %word, i32 64" [swiglu.cpp:516]   --->   Operation 32 'partselect' 'd_raw_4' <Predicate = true> <Delay = 0.00>
ST_2 : Operation 33 [1/1] (0.00ns)   --->   "%d_raw_5 = partselect i16 @_ssdm_op_PartSelect.i16.i128.i32, i128 %word, i32 80" [swiglu.cpp:516]   --->   Operation 33 'partselect' 'd_raw_5' <Predicate = true> <Delay = 0.00>
ST_2 : Operation 34 [1/1] (0.00ns)   --->   "%d_raw_6 = partselect i16 @_ssdm_op_PartSelect.i16.i128.i32, i128 %word, i32 96" [swiglu.cpp:516]   --->   Operation 34 'partselect' 'd_raw_6' <Predicate = true> <Delay = 0.00>
ST_2 : Operation 35 [1/1] (0.00ns)   --->   "%d_raw_7 = partselect i16 @_ssdm_op_PartSelect.i16.i128.i32, i128 %word, i32 112" [swiglu.cpp:516]   --->   Operation 35 'partselect' 'd_raw_7' <Predicate = true> <Delay = 0.00>

State 3 <SV = 2> <Delay = 1.95>
ST_3 : Operation 36 [6/6] (1.95ns)   --->   "%tmp = call i32 @fp16_to_fp32, i16 %d_raw" [swiglu.cpp:517]   --->   Operation 36 'call' 'tmp' <Predicate = (!icmp_ln510)> <Delay = 1.95> <CoreType = "Generic">   --->   Generic Core
ST_3 : Operation 37 [6/6] (1.95ns)   --->   "%tmp_s = call i32 @fp16_to_fp32, i16 %d_raw_1" [swiglu.cpp:517]   --->   Operation 37 'call' 'tmp_s' <Predicate = (!icmp_ln510)> <Delay = 1.95> <CoreType = "Generic">   --->   Generic Core
ST_3 : Operation 38 [6/6] (1.95ns)   --->   "%tmp_202 = call i32 @fp16_to_fp32, i16 %d_raw_2" [swiglu.cpp:517]   --->   Operation 38 'call' 'tmp_202' <Predicate = (!icmp_ln510)> <Delay = 1.95> <CoreType = "Generic">   --->   Generic Core
ST_3 : Operation 39 [6/6] (1.95ns)   --->   "%tmp_203 = call i32 @fp16_to_fp32, i16 %d_raw_3" [swiglu.cpp:517]   --->   Operation 39 'call' 'tmp_203' <Predicate = (!icmp_ln510)> <Delay = 1.95> <CoreType = "Generic">   --->   Generic Core
ST_3 : Operation 40 [6/6] (1.95ns)   --->   "%tmp_204 = call i32 @fp16_to_fp32, i16 %d_raw_4" [swiglu.cpp:517]   --->   Operation 40 'call' 'tmp_204' <Predicate = (!icmp_ln510)> <Delay = 1.95> <CoreType = "Generic">   --->   Generic Core
ST_3 : Operation 41 [6/6] (1.95ns)   --->   "%tmp_205 = call i32 @fp16_to_fp32, i16 %d_raw_5" [swiglu.cpp:517]   --->   Operation 41 'call' 'tmp_205' <Predicate = (!icmp_ln510)> <Delay = 1.95> <CoreType = "Generic">   --->   Generic Core
ST_3 : Operation 42 [6/6] (1.95ns)   --->   "%tmp_206 = call i32 @fp16_to_fp32, i16 %d_raw_6" [swiglu.cpp:517]   --->   Operation 42 'call' 'tmp_206' <Predicate = (!icmp_ln510)> <Delay = 1.95> <CoreType = "Generic">   --->   Generic Core
ST_3 : Operation 43 [6/6] (1.95ns)   --->   "%tmp_207 = call i32 @fp16_to_fp32, i16 %d_raw_7" [swiglu.cpp:517]   --->   Operation 43 'call' 'tmp_207' <Predicate = (!icmp_ln510)> <Delay = 1.95> <CoreType = "Generic">   --->   Generic Core

State 4 <SV = 3> <Delay = 2.33>
ST_4 : Operation 44 [5/6] (2.33ns)   --->   "%tmp = call i32 @fp16_to_fp32, i16 %d_raw" [swiglu.cpp:517]   --->   Operation 44 'call' 'tmp' <Predicate = (!icmp_ln510)> <Delay = 2.33> <CoreType = "Generic">   --->   Generic Core
ST_4 : Operation 45 [5/6] (2.33ns)   --->   "%tmp_s = call i32 @fp16_to_fp32, i16 %d_raw_1" [swiglu.cpp:517]   --->   Operation 45 'call' 'tmp_s' <Predicate = (!icmp_ln510)> <Delay = 2.33> <CoreType = "Generic">   --->   Generic Core
ST_4 : Operation 46 [5/6] (2.33ns)   --->   "%tmp_202 = call i32 @fp16_to_fp32, i16 %d_raw_2" [swiglu.cpp:517]   --->   Operation 46 'call' 'tmp_202' <Predicate = (!icmp_ln510)> <Delay = 2.33> <CoreType = "Generic">   --->   Generic Core
ST_4 : Operation 47 [5/6] (2.33ns)   --->   "%tmp_203 = call i32 @fp16_to_fp32, i16 %d_raw_3" [swiglu.cpp:517]   --->   Operation 47 'call' 'tmp_203' <Predicate = (!icmp_ln510)> <Delay = 2.33> <CoreType = "Generic">   --->   Generic Core
ST_4 : Operation 48 [5/6] (2.33ns)   --->   "%tmp_204 = call i32 @fp16_to_fp32, i16 %d_raw_4" [swiglu.cpp:517]   --->   Operation 48 'call' 'tmp_204' <Predicate = (!icmp_ln510)> <Delay = 2.33> <CoreType = "Generic">   --->   Generic Core
ST_4 : Operation 49 [5/6] (2.33ns)   --->   "%tmp_205 = call i32 @fp16_to_fp32, i16 %d_raw_5" [swiglu.cpp:517]   --->   Operation 49 'call' 'tmp_205' <Predicate = (!icmp_ln510)> <Delay = 2.33> <CoreType = "Generic">   --->   Generic Core
ST_4 : Operation 50 [5/6] (2.33ns)   --->   "%tmp_206 = call i32 @fp16_to_fp32, i16 %d_raw_6" [swiglu.cpp:517]   --->   Operation 50 'call' 'tmp_206' <Predicate = (!icmp_ln510)> <Delay = 2.33> <CoreType = "Generic">   --->   Generic Core
ST_4 : Operation 51 [5/6] (2.33ns)   --->   "%tmp_207 = call i32 @fp16_to_fp32, i16 %d_raw_7" [swiglu.cpp:517]   --->   Operation 51 'call' 'tmp_207' <Predicate = (!icmp_ln510)> <Delay = 2.33> <CoreType = "Generic">   --->   Generic Core

State 5 <SV = 4> <Delay = 2.33>
ST_5 : Operation 52 [4/6] (2.33ns)   --->   "%tmp = call i32 @fp16_to_fp32, i16 %d_raw" [swiglu.cpp:517]   --->   Operation 52 'call' 'tmp' <Predicate = (!icmp_ln510)> <Delay = 2.33> <CoreType = "Generic">   --->   Generic Core
ST_5 : Operation 53 [4/6] (2.33ns)   --->   "%tmp_s = call i32 @fp16_to_fp32, i16 %d_raw_1" [swiglu.cpp:517]   --->   Operation 53 'call' 'tmp_s' <Predicate = (!icmp_ln510)> <Delay = 2.33> <CoreType = "Generic">   --->   Generic Core
ST_5 : Operation 54 [4/6] (2.33ns)   --->   "%tmp_202 = call i32 @fp16_to_fp32, i16 %d_raw_2" [swiglu.cpp:517]   --->   Operation 54 'call' 'tmp_202' <Predicate = (!icmp_ln510)> <Delay = 2.33> <CoreType = "Generic">   --->   Generic Core
ST_5 : Operation 55 [4/6] (2.33ns)   --->   "%tmp_203 = call i32 @fp16_to_fp32, i16 %d_raw_3" [swiglu.cpp:517]   --->   Operation 55 'call' 'tmp_203' <Predicate = (!icmp_ln510)> <Delay = 2.33> <CoreType = "Generic">   --->   Generic Core
ST_5 : Operation 56 [4/6] (2.33ns)   --->   "%tmp_204 = call i32 @fp16_to_fp32, i16 %d_raw_4" [swiglu.cpp:517]   --->   Operation 56 'call' 'tmp_204' <Predicate = (!icmp_ln510)> <Delay = 2.33> <CoreType = "Generic">   --->   Generic Core
ST_5 : Operation 57 [4/6] (2.33ns)   --->   "%tmp_205 = call i32 @fp16_to_fp32, i16 %d_raw_5" [swiglu.cpp:517]   --->   Operation 57 'call' 'tmp_205' <Predicate = (!icmp_ln510)> <Delay = 2.33> <CoreType = "Generic">   --->   Generic Core
ST_5 : Operation 58 [4/6] (2.33ns)   --->   "%tmp_206 = call i32 @fp16_to_fp32, i16 %d_raw_6" [swiglu.cpp:517]   --->   Operation 58 'call' 'tmp_206' <Predicate = (!icmp_ln510)> <Delay = 2.33> <CoreType = "Generic">   --->   Generic Core
ST_5 : Operation 59 [4/6] (2.33ns)   --->   "%tmp_207 = call i32 @fp16_to_fp32, i16 %d_raw_7" [swiglu.cpp:517]   --->   Operation 59 'call' 'tmp_207' <Predicate = (!icmp_ln510)> <Delay = 2.33> <CoreType = "Generic">   --->   Generic Core

State 6 <SV = 5> <Delay = 2.33>
ST_6 : Operation 60 [3/6] (2.33ns)   --->   "%tmp = call i32 @fp16_to_fp32, i16 %d_raw" [swiglu.cpp:517]   --->   Operation 60 'call' 'tmp' <Predicate = (!icmp_ln510)> <Delay = 2.33> <CoreType = "Generic">   --->   Generic Core
ST_6 : Operation 61 [3/6] (2.33ns)   --->   "%tmp_s = call i32 @fp16_to_fp32, i16 %d_raw_1" [swiglu.cpp:517]   --->   Operation 61 'call' 'tmp_s' <Predicate = (!icmp_ln510)> <Delay = 2.33> <CoreType = "Generic">   --->   Generic Core
ST_6 : Operation 62 [3/6] (2.33ns)   --->   "%tmp_202 = call i32 @fp16_to_fp32, i16 %d_raw_2" [swiglu.cpp:517]   --->   Operation 62 'call' 'tmp_202' <Predicate = (!icmp_ln510)> <Delay = 2.33> <CoreType = "Generic">   --->   Generic Core
ST_6 : Operation 63 [3/6] (2.33ns)   --->   "%tmp_203 = call i32 @fp16_to_fp32, i16 %d_raw_3" [swiglu.cpp:517]   --->   Operation 63 'call' 'tmp_203' <Predicate = (!icmp_ln510)> <Delay = 2.33> <CoreType = "Generic">   --->   Generic Core
ST_6 : Operation 64 [3/6] (2.33ns)   --->   "%tmp_204 = call i32 @fp16_to_fp32, i16 %d_raw_4" [swiglu.cpp:517]   --->   Operation 64 'call' 'tmp_204' <Predicate = (!icmp_ln510)> <Delay = 2.33> <CoreType = "Generic">   --->   Generic Core
ST_6 : Operation 65 [3/6] (2.33ns)   --->   "%tmp_205 = call i32 @fp16_to_fp32, i16 %d_raw_5" [swiglu.cpp:517]   --->   Operation 65 'call' 'tmp_205' <Predicate = (!icmp_ln510)> <Delay = 2.33> <CoreType = "Generic">   --->   Generic Core
ST_6 : Operation 66 [3/6] (2.33ns)   --->   "%tmp_206 = call i32 @fp16_to_fp32, i16 %d_raw_6" [swiglu.cpp:517]   --->   Operation 66 'call' 'tmp_206' <Predicate = (!icmp_ln510)> <Delay = 2.33> <CoreType = "Generic">   --->   Generic Core
ST_6 : Operation 67 [3/6] (2.33ns)   --->   "%tmp_207 = call i32 @fp16_to_fp32, i16 %d_raw_7" [swiglu.cpp:517]   --->   Operation 67 'call' 'tmp_207' <Predicate = (!icmp_ln510)> <Delay = 2.33> <CoreType = "Generic">   --->   Generic Core

State 7 <SV = 6> <Delay = 2.33>
ST_7 : Operation 68 [2/6] (2.33ns)   --->   "%tmp = call i32 @fp16_to_fp32, i16 %d_raw" [swiglu.cpp:517]   --->   Operation 68 'call' 'tmp' <Predicate = (!icmp_ln510)> <Delay = 2.33> <CoreType = "Generic">   --->   Generic Core
ST_7 : Operation 69 [2/6] (2.33ns)   --->   "%tmp_s = call i32 @fp16_to_fp32, i16 %d_raw_1" [swiglu.cpp:517]   --->   Operation 69 'call' 'tmp_s' <Predicate = (!icmp_ln510)> <Delay = 2.33> <CoreType = "Generic">   --->   Generic Core
ST_7 : Operation 70 [2/6] (2.33ns)   --->   "%tmp_202 = call i32 @fp16_to_fp32, i16 %d_raw_2" [swiglu.cpp:517]   --->   Operation 70 'call' 'tmp_202' <Predicate = (!icmp_ln510)> <Delay = 2.33> <CoreType = "Generic">   --->   Generic Core
ST_7 : Operation 71 [2/6] (2.33ns)   --->   "%tmp_203 = call i32 @fp16_to_fp32, i16 %d_raw_3" [swiglu.cpp:517]   --->   Operation 71 'call' 'tmp_203' <Predicate = (!icmp_ln510)> <Delay = 2.33> <CoreType = "Generic">   --->   Generic Core
ST_7 : Operation 72 [2/6] (2.33ns)   --->   "%tmp_204 = call i32 @fp16_to_fp32, i16 %d_raw_4" [swiglu.cpp:517]   --->   Operation 72 'call' 'tmp_204' <Predicate = (!icmp_ln510)> <Delay = 2.33> <CoreType = "Generic">   --->   Generic Core
ST_7 : Operation 73 [2/6] (2.33ns)   --->   "%tmp_205 = call i32 @fp16_to_fp32, i16 %d_raw_5" [swiglu.cpp:517]   --->   Operation 73 'call' 'tmp_205' <Predicate = (!icmp_ln510)> <Delay = 2.33> <CoreType = "Generic">   --->   Generic Core
ST_7 : Operation 74 [2/6] (2.33ns)   --->   "%tmp_206 = call i32 @fp16_to_fp32, i16 %d_raw_6" [swiglu.cpp:517]   --->   Operation 74 'call' 'tmp_206' <Predicate = (!icmp_ln510)> <Delay = 2.33> <CoreType = "Generic">   --->   Generic Core
ST_7 : Operation 75 [2/6] (2.33ns)   --->   "%tmp_207 = call i32 @fp16_to_fp32, i16 %d_raw_7" [swiglu.cpp:517]   --->   Operation 75 'call' 'tmp_207' <Predicate = (!icmp_ln510)> <Delay = 2.33> <CoreType = "Generic">   --->   Generic Core
ST_7 : Operation 123 [1/1] (0.42ns)   --->   "%ret_ln0 = ret"   --->   Operation 123 'ret' 'ret_ln0' <Predicate = (icmp_ln510)> <Delay = 0.42>

State 8 <SV = 7> <Delay = 1.64>
ST_8 : Operation 76 [1/1] (0.00ns)   --->   "%specpipeline_ln511 = specpipeline void @_ssdm_op_SpecPipeline, i32 1, i32 0, i32 0, i32 0, void @empty_39" [swiglu.cpp:511]   --->   Operation 76 'specpipeline' 'specpipeline_ln511' <Predicate = true> <Delay = 0.00>
ST_8 : Operation 77 [1/1] (0.00ns)   --->   "%speclooptripcount_ln510 = speclooptripcount void @_ssdm_op_SpecLoopTripCount, i64 4, i64 4, i64 4" [swiglu.cpp:510]   --->   Operation 77 'speclooptripcount' 'speclooptripcount_ln510' <Predicate = true> <Delay = 0.00>
ST_8 : Operation 78 [1/1] (0.00ns)   --->   "%specloopname_ln510 = specloopname void @_ssdm_op_SpecLoopName, void @empty_34" [swiglu.cpp:510]   --->   Operation 78 'specloopname' 'specloopname_ln510' <Predicate = true> <Delay = 0.00>
ST_8 : Operation 79 [1/6] (1.64ns)   --->   "%tmp = call i32 @fp16_to_fp32, i16 %d_raw" [swiglu.cpp:517]   --->   Operation 79 'call' 'tmp' <Predicate = (!icmp_ln510)> <Delay = 1.64> <CoreType = "Generic">   --->   Generic Core
ST_8 : Operation 80 [1/6] (1.64ns)   --->   "%tmp_s = call i32 @fp16_to_fp32, i16 %d_raw_1" [swiglu.cpp:517]   --->   Operation 80 'call' 'tmp_s' <Predicate = (!icmp_ln510)> <Delay = 1.64> <CoreType = "Generic">   --->   Generic Core
ST_8 : Operation 81 [1/6] (1.64ns)   --->   "%tmp_202 = call i32 @fp16_to_fp32, i16 %d_raw_2" [swiglu.cpp:517]   --->   Operation 81 'call' 'tmp_202' <Predicate = (!icmp_ln510)> <Delay = 1.64> <CoreType = "Generic">   --->   Generic Core
ST_8 : Operation 82 [1/6] (1.64ns)   --->   "%tmp_203 = call i32 @fp16_to_fp32, i16 %d_raw_3" [swiglu.cpp:517]   --->   Operation 82 'call' 'tmp_203' <Predicate = (!icmp_ln510)> <Delay = 1.64> <CoreType = "Generic">   --->   Generic Core
ST_8 : Operation 83 [1/6] (1.64ns)   --->   "%tmp_204 = call i32 @fp16_to_fp32, i16 %d_raw_4" [swiglu.cpp:517]   --->   Operation 83 'call' 'tmp_204' <Predicate = (!icmp_ln510)> <Delay = 1.64> <CoreType = "Generic">   --->   Generic Core
ST_8 : Operation 84 [1/6] (1.64ns)   --->   "%tmp_205 = call i32 @fp16_to_fp32, i16 %d_raw_5" [swiglu.cpp:517]   --->   Operation 84 'call' 'tmp_205' <Predicate = (!icmp_ln510)> <Delay = 1.64> <CoreType = "Generic">   --->   Generic Core
ST_8 : Operation 85 [1/6] (1.64ns)   --->   "%tmp_206 = call i32 @fp16_to_fp32, i16 %d_raw_6" [swiglu.cpp:517]   --->   Operation 85 'call' 'tmp_206' <Predicate = (!icmp_ln510)> <Delay = 1.64> <CoreType = "Generic">   --->   Generic Core
ST_8 : Operation 86 [1/6] (1.64ns)   --->   "%tmp_207 = call i32 @fp16_to_fp32, i16 %d_raw_7" [swiglu.cpp:517]   --->   Operation 86 'call' 'tmp_207' <Predicate = (!icmp_ln510)> <Delay = 1.64> <CoreType = "Generic">   --->   Generic Core
ST_8 : Operation 87 [1/1] (0.00ns)   --->   "%write_ln517 = write void @_ssdm_op_Write.ap_auto.floatP0A, i32 %d_buf_16, i32 %tmp" [swiglu.cpp:517]   --->   Operation 87 'write' 'write_ln517' <Predicate = (trunc_ln510 == 2)> <Delay = 0.00>
ST_8 : Operation 88 [1/1] (0.00ns)   --->   "%write_ln517 = write void @_ssdm_op_Write.ap_auto.floatP0A, i32 %d_buf_17, i32 %tmp_s" [swiglu.cpp:517]   --->   Operation 88 'write' 'write_ln517' <Predicate = (trunc_ln510 == 2)> <Delay = 0.00>
ST_8 : Operation 89 [1/1] (0.00ns)   --->   "%write_ln517 = write void @_ssdm_op_Write.ap_auto.floatP0A, i32 %d_buf_18, i32 %tmp_202" [swiglu.cpp:517]   --->   Operation 89 'write' 'write_ln517' <Predicate = (trunc_ln510 == 2)> <Delay = 0.00>
ST_8 : Operation 90 [1/1] (0.00ns)   --->   "%write_ln517 = write void @_ssdm_op_Write.ap_auto.floatP0A, i32 %d_buf_19, i32 %tmp_203" [swiglu.cpp:517]   --->   Operation 90 'write' 'write_ln517' <Predicate = (trunc_ln510 == 2)> <Delay = 0.00>
ST_8 : Operation 91 [1/1] (0.00ns)   --->   "%write_ln517 = write void @_ssdm_op_Write.ap_auto.floatP0A, i32 %d_buf_20, i32 %tmp_204" [swiglu.cpp:517]   --->   Operation 91 'write' 'write_ln517' <Predicate = (trunc_ln510 == 2)> <Delay = 0.00>
ST_8 : Operation 92 [1/1] (0.00ns)   --->   "%write_ln517 = write void @_ssdm_op_Write.ap_auto.floatP0A, i32 %d_buf_21, i32 %tmp_205" [swiglu.cpp:517]   --->   Operation 92 'write' 'write_ln517' <Predicate = (trunc_ln510 == 2)> <Delay = 0.00>
ST_8 : Operation 93 [1/1] (0.00ns)   --->   "%write_ln517 = write void @_ssdm_op_Write.ap_auto.floatP0A, i32 %d_buf_22, i32 %tmp_206" [swiglu.cpp:517]   --->   Operation 93 'write' 'write_ln517' <Predicate = (trunc_ln510 == 2)> <Delay = 0.00>
ST_8 : Operation 94 [1/1] (0.00ns)   --->   "%write_ln517 = write void @_ssdm_op_Write.ap_auto.floatP0A, i32 %d_buf_23, i32 %tmp_207" [swiglu.cpp:517]   --->   Operation 94 'write' 'write_ln517' <Predicate = (trunc_ln510 == 2)> <Delay = 0.00>
ST_8 : Operation 95 [1/1] (0.00ns)   --->   "%br_ln517 = br void %arrayidx54.711.exit" [swiglu.cpp:517]   --->   Operation 95 'br' 'br_ln517' <Predicate = (trunc_ln510 == 2)> <Delay = 0.00>
ST_8 : Operation 96 [1/1] (0.00ns)   --->   "%write_ln517 = write void @_ssdm_op_Write.ap_auto.floatP0A, i32 %d_buf_8, i32 %tmp" [swiglu.cpp:517]   --->   Operation 96 'write' 'write_ln517' <Predicate = (trunc_ln510 == 1)> <Delay = 0.00>
ST_8 : Operation 97 [1/1] (0.00ns)   --->   "%write_ln517 = write void @_ssdm_op_Write.ap_auto.floatP0A, i32 %d_buf_9, i32 %tmp_s" [swiglu.cpp:517]   --->   Operation 97 'write' 'write_ln517' <Predicate = (trunc_ln510 == 1)> <Delay = 0.00>
ST_8 : Operation 98 [1/1] (0.00ns)   --->   "%write_ln517 = write void @_ssdm_op_Write.ap_auto.floatP0A, i32 %d_buf_10, i32 %tmp_202" [swiglu.cpp:517]   --->   Operation 98 'write' 'write_ln517' <Predicate = (trunc_ln510 == 1)> <Delay = 0.00>
ST_8 : Operation 99 [1/1] (0.00ns)   --->   "%write_ln517 = write void @_ssdm_op_Write.ap_auto.floatP0A, i32 %d_buf_11, i32 %tmp_203" [swiglu.cpp:517]   --->   Operation 99 'write' 'write_ln517' <Predicate = (trunc_ln510 == 1)> <Delay = 0.00>
ST_8 : Operation 100 [1/1] (0.00ns)   --->   "%write_ln517 = write void @_ssdm_op_Write.ap_auto.floatP0A, i32 %d_buf_12, i32 %tmp_204" [swiglu.cpp:517]   --->   Operation 100 'write' 'write_ln517' <Predicate = (trunc_ln510 == 1)> <Delay = 0.00>
ST_8 : Operation 101 [1/1] (0.00ns)   --->   "%write_ln517 = write void @_ssdm_op_Write.ap_auto.floatP0A, i32 %d_buf_13, i32 %tmp_205" [swiglu.cpp:517]   --->   Operation 101 'write' 'write_ln517' <Predicate = (trunc_ln510 == 1)> <Delay = 0.00>
ST_8 : Operation 102 [1/1] (0.00ns)   --->   "%write_ln517 = write void @_ssdm_op_Write.ap_auto.floatP0A, i32 %d_buf_14, i32 %tmp_206" [swiglu.cpp:517]   --->   Operation 102 'write' 'write_ln517' <Predicate = (trunc_ln510 == 1)> <Delay = 0.00>
ST_8 : Operation 103 [1/1] (0.00ns)   --->   "%write_ln517 = write void @_ssdm_op_Write.ap_auto.floatP0A, i32 %d_buf_15, i32 %tmp_207" [swiglu.cpp:517]   --->   Operation 103 'write' 'write_ln517' <Predicate = (trunc_ln510 == 1)> <Delay = 0.00>
ST_8 : Operation 104 [1/1] (0.00ns)   --->   "%br_ln517 = br void %arrayidx54.711.exit" [swiglu.cpp:517]   --->   Operation 104 'br' 'br_ln517' <Predicate = (trunc_ln510 == 1)> <Delay = 0.00>
ST_8 : Operation 105 [1/1] (0.00ns)   --->   "%write_ln517 = write void @_ssdm_op_Write.ap_auto.floatP0A, i32 %d_buf_0, i32 %tmp" [swiglu.cpp:517]   --->   Operation 105 'write' 'write_ln517' <Predicate = (trunc_ln510 == 0)> <Delay = 0.00>
ST_8 : Operation 106 [1/1] (0.00ns)   --->   "%write_ln517 = write void @_ssdm_op_Write.ap_auto.floatP0A, i32 %d_buf_1, i32 %tmp_s" [swiglu.cpp:517]   --->   Operation 106 'write' 'write_ln517' <Predicate = (trunc_ln510 == 0)> <Delay = 0.00>
ST_8 : Operation 107 [1/1] (0.00ns)   --->   "%write_ln517 = write void @_ssdm_op_Write.ap_auto.floatP0A, i32 %d_buf_2, i32 %tmp_202" [swiglu.cpp:517]   --->   Operation 107 'write' 'write_ln517' <Predicate = (trunc_ln510 == 0)> <Delay = 0.00>
ST_8 : Operation 108 [1/1] (0.00ns)   --->   "%write_ln517 = write void @_ssdm_op_Write.ap_auto.floatP0A, i32 %d_buf_3, i32 %tmp_203" [swiglu.cpp:517]   --->   Operation 108 'write' 'write_ln517' <Predicate = (trunc_ln510 == 0)> <Delay = 0.00>
ST_8 : Operation 109 [1/1] (0.00ns)   --->   "%write_ln517 = write void @_ssdm_op_Write.ap_auto.floatP0A, i32 %d_buf_4, i32 %tmp_204" [swiglu.cpp:517]   --->   Operation 109 'write' 'write_ln517' <Predicate = (trunc_ln510 == 0)> <Delay = 0.00>
ST_8 : Operation 110 [1/1] (0.00ns)   --->   "%write_ln517 = write void @_ssdm_op_Write.ap_auto.floatP0A, i32 %d_buf_5, i32 %tmp_205" [swiglu.cpp:517]   --->   Operation 110 'write' 'write_ln517' <Predicate = (trunc_ln510 == 0)> <Delay = 0.00>
ST_8 : Operation 111 [1/1] (0.00ns)   --->   "%write_ln517 = write void @_ssdm_op_Write.ap_auto.floatP0A, i32 %d_buf_6, i32 %tmp_206" [swiglu.cpp:517]   --->   Operation 111 'write' 'write_ln517' <Predicate = (trunc_ln510 == 0)> <Delay = 0.00>
ST_8 : Operation 112 [1/1] (0.00ns)   --->   "%write_ln517 = write void @_ssdm_op_Write.ap_auto.floatP0A, i32 %d_buf_7, i32 %tmp_207" [swiglu.cpp:517]   --->   Operation 112 'write' 'write_ln517' <Predicate = (trunc_ln510 == 0)> <Delay = 0.00>
ST_8 : Operation 113 [1/1] (0.00ns)   --->   "%br_ln517 = br void %arrayidx54.711.exit" [swiglu.cpp:517]   --->   Operation 113 'br' 'br_ln517' <Predicate = (trunc_ln510 == 0)> <Delay = 0.00>
ST_8 : Operation 114 [1/1] (0.00ns)   --->   "%write_ln517 = write void @_ssdm_op_Write.ap_auto.floatP0A, i32 %d_buf_24, i32 %tmp" [swiglu.cpp:517]   --->   Operation 114 'write' 'write_ln517' <Predicate = (trunc_ln510 == 3)> <Delay = 0.00>
ST_8 : Operation 115 [1/1] (0.00ns)   --->   "%write_ln517 = write void @_ssdm_op_Write.ap_auto.floatP0A, i32 %d_buf_25, i32 %tmp_s" [swiglu.cpp:517]   --->   Operation 115 'write' 'write_ln517' <Predicate = (trunc_ln510 == 3)> <Delay = 0.00>
ST_8 : Operation 116 [1/1] (0.00ns)   --->   "%write_ln517 = write void @_ssdm_op_Write.ap_auto.floatP0A, i32 %d_buf_26, i32 %tmp_202" [swiglu.cpp:517]   --->   Operation 116 'write' 'write_ln517' <Predicate = (trunc_ln510 == 3)> <Delay = 0.00>
ST_8 : Operation 117 [1/1] (0.00ns)   --->   "%write_ln517 = write void @_ssdm_op_Write.ap_auto.floatP0A, i32 %d_buf_27, i32 %tmp_203" [swiglu.cpp:517]   --->   Operation 117 'write' 'write_ln517' <Predicate = (trunc_ln510 == 3)> <Delay = 0.00>
ST_8 : Operation 118 [1/1] (0.00ns)   --->   "%write_ln517 = write void @_ssdm_op_Write.ap_auto.floatP0A, i32 %d_buf_28, i32 %tmp_204" [swiglu.cpp:517]   --->   Operation 118 'write' 'write_ln517' <Predicate = (trunc_ln510 == 3)> <Delay = 0.00>
ST_8 : Operation 119 [1/1] (0.00ns)   --->   "%write_ln517 = write void @_ssdm_op_Write.ap_auto.floatP0A, i32 %d_buf_29, i32 %tmp_205" [swiglu.cpp:517]   --->   Operation 119 'write' 'write_ln517' <Predicate = (trunc_ln510 == 3)> <Delay = 0.00>
ST_8 : Operation 120 [1/1] (0.00ns)   --->   "%write_ln517 = write void @_ssdm_op_Write.ap_auto.floatP0A, i32 %d_buf_30, i32 %tmp_206" [swiglu.cpp:517]   --->   Operation 120 'write' 'write_ln517' <Predicate = (trunc_ln510 == 3)> <Delay = 0.00>
ST_8 : Operation 121 [1/1] (0.00ns)   --->   "%write_ln517 = write void @_ssdm_op_Write.ap_auto.floatP0A, i32 %d_buf_31, i32 %tmp_207" [swiglu.cpp:517]   --->   Operation 121 'write' 'write_ln517' <Predicate = (trunc_ln510 == 3)> <Delay = 0.00>
ST_8 : Operation 122 [1/1] (0.00ns)   --->   "%br_ln517 = br void %arrayidx54.711.exit" [swiglu.cpp:517]   --->   Operation 122 'br' 'br_ln517' <Predicate = (trunc_ln510 == 3)> <Delay = 0.00>


============================================================
+ Verbose Summary: Timing violations
============================================================
Target clock period: 3.333ns, clock uncertainty: 0.900ns.

 <State 1>: 1.527ns
The critical path consists of the following:
	'store' operation 0 bit ('store_ln510', swiglu.cpp:510) of constant 0 on local variable 'w', swiglu.cpp:510 [40]  (0.427 ns)
	'load' operation 3 bit ('w', swiglu.cpp:510) on local variable 'w', swiglu.cpp:510 [43]  (0.000 ns)
	'add' operation 3 bit ('add_ln510', swiglu.cpp:510) [45]  (0.673 ns)
	'store' operation 0 bit ('store_ln510', swiglu.cpp:510) of variable 'add_ln510', swiglu.cpp:510 on local variable 'w', swiglu.cpp:510 [112]  (0.427 ns)

 <State 2>: 2.433ns
The critical path consists of the following:
	'getelementptr' operation 128 bit ('gmem_Wd2_addr', swiglu.cpp:510) [48]  (0.000 ns)
	bus read operation ('word', swiglu.cpp:512) on port 'gmem_Wd2' (swiglu.cpp:512) [53]  (2.433 ns)

 <State 3>: 1.952ns
The critical path consists of the following:
	'call' operation 32 bit ('tmp', swiglu.cpp:517) to 'fp16_to_fp32' [55]  (1.952 ns)

 <State 4>: 2.330ns
The critical path consists of the following:
	'call' operation 32 bit ('tmp', swiglu.cpp:517) to 'fp16_to_fp32' [55]  (2.330 ns)

 <State 5>: 2.330ns
The critical path consists of the following:
	'call' operation 32 bit ('tmp', swiglu.cpp:517) to 'fp16_to_fp32' [55]  (2.330 ns)

 <State 6>: 2.330ns
The critical path consists of the following:
	'call' operation 32 bit ('tmp', swiglu.cpp:517) to 'fp16_to_fp32' [55]  (2.330 ns)

 <State 7>: 2.330ns
The critical path consists of the following:
	'call' operation 32 bit ('tmp', swiglu.cpp:517) to 'fp16_to_fp32' [55]  (2.330 ns)

 <State 8>: 1.641ns
The critical path consists of the following:
	'call' operation 32 bit ('tmp', swiglu.cpp:517) to 'fp16_to_fp32' [55]  (1.641 ns)
	wire write operation ('write_ln517', swiglu.cpp:517) on port 'd_buf_16' (swiglu.cpp:517) [72]  (0.000 ns)


============================================================
+ Verbose Summary: Binding
============================================================
N/A
* FSMD analyzer results:
  - Output states:
 - Input state : 
  - Chain level:
	State 1
	State 2
	State 3
	State 4
	State 5
	State 6
	State 7
	State 8


============================================================
+ Verbose Summary: Datapath Resource usage 
============================================================
N/A
