

================================================================
== Vitis HLS Report for 'load_row_down_q4k_Pipeline_LOAD_DOWN_Q4K_VITIS_LOOP_318_1'
================================================================
* Date:           Sun Mar 29 14:22:23 2026

* Version:        2025.1 (Build 6135595 on May 21 2025)
* Project:        swiglu
* Solution:       hls (Vivado IP Flow Target)
* Product family: zynquplus
* Target device:  xck26-sfvc784-2LV-c


================================================================
== Performance Estimates
================================================================
+ Timing: 
    * Summary: 
    +--------+---------+----------+------------+
    |  Clock |  Target | Estimated| Uncertainty|
    +--------+---------+----------+------------+
    |ap_clk  |  3.33 ns|  2.430 ns|     0.90 ns|
    +--------+---------+----------+------------+

+ Latency: 
    * Summary: 
    +---------+---------+----------+----------+-----+-----+------------------------------------------------+
    |  Latency (cycles) |  Latency (absolute) |  Interval |                    Pipeline                    |
    |   min   |   max   |    min   |    max   | min | max |                      Type                      |
    +---------+---------+----------+----------+-----+-----+------------------------------------------------+
    |      291|      291|  0.969 us|  0.969 us|  289|  289|  loop auto-rewind stp (delay=0 clock cycles(s))|
    +---------+---------+----------+----------+-----+-----+------------------------------------------------+

    + Detail: 
        * Instance: 
        N/A

        * Loop: 
        +----------------------------------+---------+---------+----------+-----------+-----------+------+----------+
        |                                  |  Latency (cycles) | Iteration|  Initiation Interval  | Trip |          |
        |             Loop Name            |   min   |   max   |  Latency |  achieved |   target  | Count| Pipelined|
        +----------------------------------+---------+---------+----------+-----------+-----------+------+----------+
        |- LOAD_DOWN_Q4K_VITIS_LOOP_318_1  |      289|      289|         3|          1|          1|   288|       yes|
        +----------------------------------+---------+---------+----------+-----------+-----------+------+----------+

============================================================
+ Verbose Summary: Synthesis Manager
============================================================
InlineROM: 1
ExposeGlobal: 0
============================================================
+ Verbose Summary: CDFG Model
============================================================
IsTopModel: 0
ResetActiveHigh: 1
IsCombinational: 0
IsDatapathOnly: 0
HasWiredReturn: 1
HasMFsm: 2
HasVarLatency: 1
IsPipeline: 0
IsRtlPipelined: 0
IsInstanceOverlapped: 0
IsDontTouch: 0
HasImplIP: 0
IsGatedGlobalClock: 0

+ Individual pipeline summary: 
  * Pipeline-0: initiation interval (II) = 1, depth = 3


============================================================
+ Verbose Summary: Schedule
============================================================
* Number of FSM states : 3
* Pipeline : 1
  Pipeline-0 : II = 1, D = 3, States = { 1 2 3 }
* Dataflow Pipeline: 0

* FSM state transitions: 
1 --> 2 
2 --> 3 
3 --> 

* FSM state operations: 

State 1 <SV = 0> <Delay = 1.63>
ST_1 : Operation 6 [1/1] (0.00ns)   --->   "%w = alloca i32 1" [swiglu.cpp:318]   --->   Operation 6 'alloca' 'w' <Predicate = true> <Delay = 0.00>
ST_1 : Operation 7 [1/1] (0.00ns)   --->   "%b = alloca i32 1" [swiglu.cpp:317]   --->   Operation 7 'alloca' 'b' <Predicate = true> <Delay = 0.00>
ST_1 : Operation 8 [1/1] (0.00ns)   --->   "%indvar_flatten = alloca i32 1"   --->   Operation 8 'alloca' 'indvar_flatten' <Predicate = true> <Delay = 0.00>
ST_1 : Operation 9 [1/1] (0.00ns)   --->   "%sext_ln317_read = read i60 @_ssdm_op_Read.ap_auto.i60, i60 %sext_ln317"   --->   Operation 9 'read' 'sext_ln317_read' <Predicate = true> <Delay = 0.00>
ST_1 : Operation 10 [1/1] (0.00ns)   --->   "%sext_ln317_cast = sext i60 %sext_ln317_read"   --->   Operation 10 'sext' 'sext_ln317_cast' <Predicate = true> <Delay = 0.00>
ST_1 : Operation 11 [1/1] (0.00ns)   --->   "%specmemcore_ln0 = specmemcore void @_ssdm_op_SpecMemCore, i128 %rb_31, i64 666, i64 23, i64 18446744073709551615"   --->   Operation 11 'specmemcore' 'specmemcore_ln0' <Predicate = true> <Delay = 0.00>
ST_1 : Operation 12 [1/1] (0.00ns)   --->   "%specmemcore_ln0 = specmemcore void @_ssdm_op_SpecMemCore, i128 %rb_30, i64 666, i64 23, i64 18446744073709551615"   --->   Operation 12 'specmemcore' 'specmemcore_ln0' <Predicate = true> <Delay = 0.00>
ST_1 : Operation 13 [1/1] (0.00ns)   --->   "%specmemcore_ln0 = specmemcore void @_ssdm_op_SpecMemCore, i128 %rb_29, i64 666, i64 23, i64 18446744073709551615"   --->   Operation 13 'specmemcore' 'specmemcore_ln0' <Predicate = true> <Delay = 0.00>
ST_1 : Operation 14 [1/1] (0.00ns)   --->   "%specmemcore_ln0 = specmemcore void @_ssdm_op_SpecMemCore, i128 %rb_28, i64 666, i64 23, i64 18446744073709551615"   --->   Operation 14 'specmemcore' 'specmemcore_ln0' <Predicate = true> <Delay = 0.00>
ST_1 : Operation 15 [1/1] (0.00ns)   --->   "%specmemcore_ln0 = specmemcore void @_ssdm_op_SpecMemCore, i128 %rb_27, i64 666, i64 23, i64 18446744073709551615"   --->   Operation 15 'specmemcore' 'specmemcore_ln0' <Predicate = true> <Delay = 0.00>
ST_1 : Operation 16 [1/1] (0.00ns)   --->   "%specmemcore_ln0 = specmemcore void @_ssdm_op_SpecMemCore, i128 %rb_26, i64 666, i64 23, i64 18446744073709551615"   --->   Operation 16 'specmemcore' 'specmemcore_ln0' <Predicate = true> <Delay = 0.00>
ST_1 : Operation 17 [1/1] (0.00ns)   --->   "%specmemcore_ln0 = specmemcore void @_ssdm_op_SpecMemCore, i128 %rb_25, i64 666, i64 23, i64 18446744073709551615"   --->   Operation 17 'specmemcore' 'specmemcore_ln0' <Predicate = true> <Delay = 0.00>
ST_1 : Operation 18 [1/1] (0.00ns)   --->   "%specmemcore_ln0 = specmemcore void @_ssdm_op_SpecMemCore, i128 %rb_24, i64 666, i64 23, i64 18446744073709551615"   --->   Operation 18 'specmemcore' 'specmemcore_ln0' <Predicate = true> <Delay = 0.00>
ST_1 : Operation 19 [1/1] (0.00ns)   --->   "%specmemcore_ln0 = specmemcore void @_ssdm_op_SpecMemCore, i128 %rb_23, i64 666, i64 23, i64 18446744073709551615"   --->   Operation 19 'specmemcore' 'specmemcore_ln0' <Predicate = true> <Delay = 0.00>
ST_1 : Operation 20 [1/1] (0.00ns)   --->   "%specmemcore_ln0 = specmemcore void @_ssdm_op_SpecMemCore, i128 %rb_22, i64 666, i64 23, i64 18446744073709551615"   --->   Operation 20 'specmemcore' 'specmemcore_ln0' <Predicate = true> <Delay = 0.00>
ST_1 : Operation 21 [1/1] (0.00ns)   --->   "%specmemcore_ln0 = specmemcore void @_ssdm_op_SpecMemCore, i128 %rb_21, i64 666, i64 23, i64 18446744073709551615"   --->   Operation 21 'specmemcore' 'specmemcore_ln0' <Predicate = true> <Delay = 0.00>
ST_1 : Operation 22 [1/1] (0.00ns)   --->   "%specmemcore_ln0 = specmemcore void @_ssdm_op_SpecMemCore, i128 %rb_20, i64 666, i64 23, i64 18446744073709551615"   --->   Operation 22 'specmemcore' 'specmemcore_ln0' <Predicate = true> <Delay = 0.00>
ST_1 : Operation 23 [1/1] (0.00ns)   --->   "%specmemcore_ln0 = specmemcore void @_ssdm_op_SpecMemCore, i128 %rb_19, i64 666, i64 23, i64 18446744073709551615"   --->   Operation 23 'specmemcore' 'specmemcore_ln0' <Predicate = true> <Delay = 0.00>
ST_1 : Operation 24 [1/1] (0.00ns)   --->   "%specmemcore_ln0 = specmemcore void @_ssdm_op_SpecMemCore, i128 %rb_18, i64 666, i64 23, i64 18446744073709551615"   --->   Operation 24 'specmemcore' 'specmemcore_ln0' <Predicate = true> <Delay = 0.00>
ST_1 : Operation 25 [1/1] (0.00ns)   --->   "%specmemcore_ln0 = specmemcore void @_ssdm_op_SpecMemCore, i128 %rb_17, i64 666, i64 23, i64 18446744073709551615"   --->   Operation 25 'specmemcore' 'specmemcore_ln0' <Predicate = true> <Delay = 0.00>
ST_1 : Operation 26 [1/1] (0.00ns)   --->   "%specmemcore_ln0 = specmemcore void @_ssdm_op_SpecMemCore, i128 %rb_16, i64 666, i64 23, i64 18446744073709551615"   --->   Operation 26 'specmemcore' 'specmemcore_ln0' <Predicate = true> <Delay = 0.00>
ST_1 : Operation 27 [1/1] (0.00ns)   --->   "%specmemcore_ln0 = specmemcore void @_ssdm_op_SpecMemCore, i128 %rb_15, i64 666, i64 23, i64 18446744073709551615"   --->   Operation 27 'specmemcore' 'specmemcore_ln0' <Predicate = true> <Delay = 0.00>
ST_1 : Operation 28 [1/1] (0.00ns)   --->   "%specmemcore_ln0 = specmemcore void @_ssdm_op_SpecMemCore, i128 %rb_14, i64 666, i64 23, i64 18446744073709551615"   --->   Operation 28 'specmemcore' 'specmemcore_ln0' <Predicate = true> <Delay = 0.00>
ST_1 : Operation 29 [1/1] (0.00ns)   --->   "%specmemcore_ln0 = specmemcore void @_ssdm_op_SpecMemCore, i128 %rb_13, i64 666, i64 23, i64 18446744073709551615"   --->   Operation 29 'specmemcore' 'specmemcore_ln0' <Predicate = true> <Delay = 0.00>
ST_1 : Operation 30 [1/1] (0.00ns)   --->   "%specmemcore_ln0 = specmemcore void @_ssdm_op_SpecMemCore, i128 %rb_12, i64 666, i64 23, i64 18446744073709551615"   --->   Operation 30 'specmemcore' 'specmemcore_ln0' <Predicate = true> <Delay = 0.00>
ST_1 : Operation 31 [1/1] (0.00ns)   --->   "%specmemcore_ln0 = specmemcore void @_ssdm_op_SpecMemCore, i128 %rb_11, i64 666, i64 23, i64 18446744073709551615"   --->   Operation 31 'specmemcore' 'specmemcore_ln0' <Predicate = true> <Delay = 0.00>
ST_1 : Operation 32 [1/1] (0.00ns)   --->   "%specmemcore_ln0 = specmemcore void @_ssdm_op_SpecMemCore, i128 %rb_10, i64 666, i64 23, i64 18446744073709551615"   --->   Operation 32 'specmemcore' 'specmemcore_ln0' <Predicate = true> <Delay = 0.00>
ST_1 : Operation 33 [1/1] (0.00ns)   --->   "%specmemcore_ln0 = specmemcore void @_ssdm_op_SpecMemCore, i128 %rb_9, i64 666, i64 23, i64 18446744073709551615"   --->   Operation 33 'specmemcore' 'specmemcore_ln0' <Predicate = true> <Delay = 0.00>
ST_1 : Operation 34 [1/1] (0.00ns)   --->   "%specmemcore_ln0 = specmemcore void @_ssdm_op_SpecMemCore, i128 %rb_8, i64 666, i64 23, i64 18446744073709551615"   --->   Operation 34 'specmemcore' 'specmemcore_ln0' <Predicate = true> <Delay = 0.00>
ST_1 : Operation 35 [1/1] (0.00ns)   --->   "%specmemcore_ln0 = specmemcore void @_ssdm_op_SpecMemCore, i128 %rb_7, i64 666, i64 23, i64 18446744073709551615"   --->   Operation 35 'specmemcore' 'specmemcore_ln0' <Predicate = true> <Delay = 0.00>
ST_1 : Operation 36 [1/1] (0.00ns)   --->   "%specmemcore_ln0 = specmemcore void @_ssdm_op_SpecMemCore, i128 %rb_6, i64 666, i64 23, i64 18446744073709551615"   --->   Operation 36 'specmemcore' 'specmemcore_ln0' <Predicate = true> <Delay = 0.00>
ST_1 : Operation 37 [1/1] (0.00ns)   --->   "%specmemcore_ln0 = specmemcore void @_ssdm_op_SpecMemCore, i128 %rb_5, i64 666, i64 23, i64 18446744073709551615"   --->   Operation 37 'specmemcore' 'specmemcore_ln0' <Predicate = true> <Delay = 0.00>
ST_1 : Operation 38 [1/1] (0.00ns)   --->   "%specmemcore_ln0 = specmemcore void @_ssdm_op_SpecMemCore, i128 %rb_4, i64 666, i64 23, i64 18446744073709551615"   --->   Operation 38 'specmemcore' 'specmemcore_ln0' <Predicate = true> <Delay = 0.00>
ST_1 : Operation 39 [1/1] (0.00ns)   --->   "%specmemcore_ln0 = specmemcore void @_ssdm_op_SpecMemCore, i128 %rb_3, i64 666, i64 23, i64 18446744073709551615"   --->   Operation 39 'specmemcore' 'specmemcore_ln0' <Predicate = true> <Delay = 0.00>
ST_1 : Operation 40 [1/1] (0.00ns)   --->   "%specmemcore_ln0 = specmemcore void @_ssdm_op_SpecMemCore, i128 %rb_2, i64 666, i64 23, i64 18446744073709551615"   --->   Operation 40 'specmemcore' 'specmemcore_ln0' <Predicate = true> <Delay = 0.00>
ST_1 : Operation 41 [1/1] (0.00ns)   --->   "%specmemcore_ln0 = specmemcore void @_ssdm_op_SpecMemCore, i128 %rb_1, i64 666, i64 23, i64 18446744073709551615"   --->   Operation 41 'specmemcore' 'specmemcore_ln0' <Predicate = true> <Delay = 0.00>
ST_1 : Operation 42 [1/1] (0.00ns)   --->   "%specmemcore_ln0 = specmemcore void @_ssdm_op_SpecMemCore, i128 %rb_0, i64 666, i64 23, i64 18446744073709551615"   --->   Operation 42 'specmemcore' 'specmemcore_ln0' <Predicate = true> <Delay = 0.00>
ST_1 : Operation 43 [1/1] (0.00ns)   --->   "%specinterface_ln0 = specinterface void @_ssdm_op_SpecInterface, i128 %gmem_Wd, void @empty_31, i32 0, i32 0, void @empty_32, i32 64, i32 860160, void @empty_0, void @empty_35, void @empty_32, i32 2, i32 16, i32 256, i32 16, void @empty_32, void @empty_32, i32 4294967295, i32 0, i32 0"   --->   Operation 43 'specinterface' 'specinterface_ln0' <Predicate = true> <Delay = 0.00>
ST_1 : Operation 44 [1/1] (0.42ns)   --->   "%store_ln0 = store i9 0, i9 %indvar_flatten"   --->   Operation 44 'store' 'store_ln0' <Predicate = true> <Delay = 0.42>
ST_1 : Operation 45 [1/1] (0.42ns)   --->   "%store_ln317 = store i6 0, i6 %b" [swiglu.cpp:317]   --->   Operation 45 'store' 'store_ln317' <Predicate = true> <Delay = 0.42>
ST_1 : Operation 46 [1/1] (0.42ns)   --->   "%store_ln318 = store i4 0, i4 %w" [swiglu.cpp:318]   --->   Operation 46 'store' 'store_ln318' <Predicate = true> <Delay = 0.42>
ST_1 : Operation 47 [1/1] (0.00ns)   --->   "%br_ln0 = br void %for.inc"   --->   Operation 47 'br' 'br_ln0' <Predicate = true> <Delay = 0.00>
ST_1 : Operation 48 [1/1] (0.00ns)   --->   "%indvar_flatten_load = load i9 %indvar_flatten" [swiglu.cpp:317]   --->   Operation 48 'load' 'indvar_flatten_load' <Predicate = true> <Delay = 0.00>
ST_1 : Operation 49 [1/1] (0.77ns)   --->   "%icmp_ln317 = icmp_eq  i9 %indvar_flatten_load, i9 288" [swiglu.cpp:317]   --->   Operation 49 'icmp' 'icmp_ln317' <Predicate = true> <Delay = 0.77> <CoreInst = "Cmp">   --->   Core 9 'Cmp' <Latency = 0> <II = 1> <Delay = 0.77> <FuncUnit> <Opcode : 'seteq' 'setne' 'setle' 'setge' 'setlt' 'setgt'> <InPorts = 2> <OutPorts = 1>
ST_1 : Operation 50 [1/1] (0.77ns)   --->   "%add_ln317 = add i9 %indvar_flatten_load, i9 1" [swiglu.cpp:317]   --->   Operation 50 'add' 'add_ln317' <Predicate = true> <Delay = 0.77> <CoreInst = "Adder">   --->   Core 1 'Adder' <Latency = 0> <II = 1> <Delay = 0.77> <FuncUnit> <Opcode : 'add' 'sub'> <InPorts = 2> <OutPorts = 1>
ST_1 : Operation 51 [1/1] (0.00ns)   --->   "%br_ln317 = br i1 %icmp_ln317, void %for.inc10, void %for.end12.exitStub" [swiglu.cpp:317]   --->   Operation 51 'br' 'br_ln317' <Predicate = true> <Delay = 0.00>
ST_1 : Operation 52 [1/1] (0.42ns)   --->   "%store_ln317 = store i9 %add_ln317, i9 %indvar_flatten" [swiglu.cpp:317]   --->   Operation 52 'store' 'store_ln317' <Predicate = (!icmp_ln317)> <Delay = 0.42>

State 2 <SV = 1> <Delay = 2.43>
ST_2 : Operation 53 [1/1] (0.00ns)   --->   "%w_load = load i4 %w" [swiglu.cpp:318]   --->   Operation 53 'load' 'w_load' <Predicate = true> <Delay = 0.00>
ST_2 : Operation 54 [1/1] (0.00ns)   --->   "%b_load = load i6 %b" [swiglu.cpp:317]   --->   Operation 54 'load' 'b_load' <Predicate = true> <Delay = 0.00>
ST_2 : Operation 55 [1/1] (0.00ns)   --->   "%gmem_Wd_addr = getelementptr i128 %gmem_Wd, i64 %sext_ln317_cast" [swiglu.cpp:317]   --->   Operation 55 'getelementptr' 'gmem_Wd_addr' <Predicate = true> <Delay = 0.00>
ST_2 : Operation 56 [1/1] (0.79ns)   --->   "%icmp_ln318 = icmp_eq  i4 %w_load, i4 9" [swiglu.cpp:318]   --->   Operation 56 'icmp' 'icmp_ln318' <Predicate = true> <Delay = 0.79> <CoreInst = "Cmp">   --->   Core 9 'Cmp' <Latency = 0> <II = 1> <Delay = 0.79> <FuncUnit> <Opcode : 'seteq' 'setne' 'setle' 'setge' 'setlt' 'setgt'> <InPorts = 2> <OutPorts = 1>
ST_2 : Operation 57 [1/1] (0.39ns)   --->   "%select_ln317 = select i1 %icmp_ln318, i4 0, i4 %w_load" [swiglu.cpp:317]   --->   Operation 57 'select' 'select_ln317' <Predicate = true> <Delay = 0.39> <CoreInst = "Sel">   --->   Core 73 'Sel' <Latency = 0> <II = 1> <Delay = 0.39> <FuncUnit> <Opcode : 'select'> <InPorts = 3> <OutPorts = 1>
ST_2 : Operation 58 [1/1] (0.78ns)   --->   "%add_ln317_1 = add i6 %b_load, i6 1" [swiglu.cpp:317]   --->   Operation 58 'add' 'add_ln317_1' <Predicate = true> <Delay = 0.78> <CoreInst = "Adder">   --->   Core 1 'Adder' <Latency = 0> <II = 1> <Delay = 0.78> <FuncUnit> <Opcode : 'add' 'sub'> <InPorts = 2> <OutPorts = 1>
ST_2 : Operation 59 [1/1] (0.38ns)   --->   "%select_ln317_1 = select i1 %icmp_ln318, i6 %add_ln317_1, i6 %b_load" [swiglu.cpp:317]   --->   Operation 59 'select' 'select_ln317_1' <Predicate = true> <Delay = 0.38> <CoreInst = "Sel">   --->   Core 73 'Sel' <Latency = 0> <II = 1> <Delay = 0.38> <FuncUnit> <Opcode : 'select'> <InPorts = 3> <OutPorts = 1>
ST_2 : Operation 60 [1/1] (0.00ns)   --->   "%trunc_ln317 = trunc i6 %select_ln317_1" [swiglu.cpp:317]   --->   Operation 60 'trunc' 'trunc_ln317' <Predicate = true> <Delay = 0.00>
ST_2 : Operation 61 [1/1] (2.43ns)   --->   "%gmem_Wd_addr_read = read i128 @_ssdm_op_Read.m_axi.p1i128, i128 %gmem_Wd_addr" [swiglu.cpp:320]   --->   Operation 61 'read' 'gmem_Wd_addr_read' <Predicate = true> <Delay = 2.43> <CoreInst = "m_axi">   --->   Core 119 'm_axi' <Latency = 3> <II = 1> <Delay = 1.00> <Adapter> <Opcode : 'read' 'write' 'readreq' 'writereq' 'writeresp'>
ST_2 : Operation 62 [1/1] (0.78ns)   --->   "%switch_ln320 = switch i5 %trunc_ln317, void %arrayidx911.case.31, i5 0, void %arrayidx911.case.0, i5 1, void %arrayidx911.case.1, i5 2, void %arrayidx911.case.2, i5 3, void %arrayidx911.case.3, i5 4, void %arrayidx911.case.4, i5 5, void %arrayidx911.case.5, i5 6, void %arrayidx911.case.6, i5 7, void %arrayidx911.case.7, i5 8, void %arrayidx911.case.8, i5 9, void %arrayidx911.case.9, i5 10, void %arrayidx911.case.10, i5 11, void %arrayidx911.case.11, i5 12, void %arrayidx911.case.12, i5 13, void %arrayidx911.case.13, i5 14, void %arrayidx911.case.14, i5 15, void %arrayidx911.case.15, i5 16, void %arrayidx911.case.16, i5 17, void %arrayidx911.case.17, i5 18, void %arrayidx911.case.18, i5 19, void %arrayidx911.case.19, i5 20, void %arrayidx911.case.20, i5 21, void %arrayidx911.case.21, i5 22, void %arrayidx911.case.22, i5 23, void %arrayidx911.case.23, i5 24, void %arrayidx911.case.24, i5 25, void %arrayidx911.case.25, i5 26, void %arrayidx911.case.26, i5 27, void %arrayidx911.case.27, i5 28, void %arrayidx911.case.28, i5 29, void %arrayidx911.case.29, i5 30, void %arrayidx911.case.30" [swiglu.cpp:320]   --->   Operation 62 'switch' 'switch_ln320' <Predicate = true> <Delay = 0.78>
ST_2 : Operation 63 [1/1] (0.79ns)   --->   "%add_ln318 = add i4 %select_ln317, i4 1" [swiglu.cpp:318]   --->   Operation 63 'add' 'add_ln318' <Predicate = true> <Delay = 0.79> <CoreInst = "Adder">   --->   Core 1 'Adder' <Latency = 0> <II = 1> <Delay = 0.79> <FuncUnit> <Opcode : 'add' 'sub'> <InPorts = 2> <OutPorts = 1>
ST_2 : Operation 64 [1/1] (0.42ns)   --->   "%store_ln317 = store i6 %select_ln317_1, i6 %b" [swiglu.cpp:317]   --->   Operation 64 'store' 'store_ln317' <Predicate = true> <Delay = 0.42>
ST_2 : Operation 65 [1/1] (0.42ns)   --->   "%store_ln318 = store i4 %add_ln318, i4 %w" [swiglu.cpp:318]   --->   Operation 65 'store' 'store_ln318' <Predicate = true> <Delay = 0.42>
ST_2 : Operation 66 [1/1] (0.00ns)   --->   "%br_ln318 = br void %for.inc" [swiglu.cpp:318]   --->   Operation 66 'br' 'br_ln318' <Predicate = true> <Delay = 0.00>
ST_2 : Operation 167 [1/1] (0.42ns)   --->   "%ret_ln0 = ret"   --->   Operation 167 'ret' 'ret_ln0' <Predicate = (icmp_ln317)> <Delay = 0.42>

State 3 <SV = 2> <Delay = 0.67>
ST_3 : Operation 67 [1/1] (0.00ns)   --->   "%specloopname_ln0 = specloopname void @_ssdm_op_SpecLoopName, void @LOAD_DOWN_Q4K_VITIS_LOOP_318_1_str"   --->   Operation 67 'specloopname' 'specloopname_ln0' <Predicate = true> <Delay = 0.00>
ST_3 : Operation 68 [1/1] (0.00ns)   --->   "%speclooptripcount_ln0 = speclooptripcount void @_ssdm_op_SpecLoopTripCount, i64 288, i64 288, i64 288"   --->   Operation 68 'speclooptripcount' 'speclooptripcount_ln0' <Predicate = true> <Delay = 0.00>
ST_3 : Operation 69 [1/1] (0.00ns)   --->   "%zext_ln318 = zext i4 %select_ln317" [swiglu.cpp:318]   --->   Operation 69 'zext' 'zext_ln318' <Predicate = true> <Delay = 0.00>
ST_3 : Operation 70 [1/1] (0.00ns)   --->   "%specpipeline_ln319 = specpipeline void @_ssdm_op_SpecPipeline, i32 1, i32 0, i32 0, i32 0, void @empty_32" [swiglu.cpp:319]   --->   Operation 70 'specpipeline' 'specpipeline_ln319' <Predicate = true> <Delay = 0.00>
ST_3 : Operation 71 [1/1] (0.00ns)   --->   "%rb_0_addr = getelementptr i128 %rb_0, i64 0, i64 %zext_ln318" [swiglu.cpp:320]   --->   Operation 71 'getelementptr' 'rb_0_addr' <Predicate = true> <Delay = 0.00>
ST_3 : Operation 72 [1/1] (0.00ns)   --->   "%rb_1_addr = getelementptr i128 %rb_1, i64 0, i64 %zext_ln318" [swiglu.cpp:320]   --->   Operation 72 'getelementptr' 'rb_1_addr' <Predicate = true> <Delay = 0.00>
ST_3 : Operation 73 [1/1] (0.00ns)   --->   "%rb_2_addr = getelementptr i128 %rb_2, i64 0, i64 %zext_ln318" [swiglu.cpp:320]   --->   Operation 73 'getelementptr' 'rb_2_addr' <Predicate = true> <Delay = 0.00>
ST_3 : Operation 74 [1/1] (0.00ns)   --->   "%rb_3_addr = getelementptr i128 %rb_3, i64 0, i64 %zext_ln318" [swiglu.cpp:320]   --->   Operation 74 'getelementptr' 'rb_3_addr' <Predicate = true> <Delay = 0.00>
ST_3 : Operation 75 [1/1] (0.00ns)   --->   "%rb_4_addr = getelementptr i128 %rb_4, i64 0, i64 %zext_ln318" [swiglu.cpp:320]   --->   Operation 75 'getelementptr' 'rb_4_addr' <Predicate = true> <Delay = 0.00>
ST_3 : Operation 76 [1/1] (0.00ns)   --->   "%rb_5_addr = getelementptr i128 %rb_5, i64 0, i64 %zext_ln318" [swiglu.cpp:320]   --->   Operation 76 'getelementptr' 'rb_5_addr' <Predicate = true> <Delay = 0.00>
ST_3 : Operation 77 [1/1] (0.00ns)   --->   "%rb_6_addr = getelementptr i128 %rb_6, i64 0, i64 %zext_ln318" [swiglu.cpp:320]   --->   Operation 77 'getelementptr' 'rb_6_addr' <Predicate = true> <Delay = 0.00>
ST_3 : Operation 78 [1/1] (0.00ns)   --->   "%rb_7_addr = getelementptr i128 %rb_7, i64 0, i64 %zext_ln318" [swiglu.cpp:320]   --->   Operation 78 'getelementptr' 'rb_7_addr' <Predicate = true> <Delay = 0.00>
ST_3 : Operation 79 [1/1] (0.00ns)   --->   "%rb_8_addr = getelementptr i128 %rb_8, i64 0, i64 %zext_ln318" [swiglu.cpp:320]   --->   Operation 79 'getelementptr' 'rb_8_addr' <Predicate = true> <Delay = 0.00>
ST_3 : Operation 80 [1/1] (0.00ns)   --->   "%rb_9_addr = getelementptr i128 %rb_9, i64 0, i64 %zext_ln318" [swiglu.cpp:320]   --->   Operation 80 'getelementptr' 'rb_9_addr' <Predicate = true> <Delay = 0.00>
ST_3 : Operation 81 [1/1] (0.00ns)   --->   "%rb_10_addr = getelementptr i128 %rb_10, i64 0, i64 %zext_ln318" [swiglu.cpp:320]   --->   Operation 81 'getelementptr' 'rb_10_addr' <Predicate = true> <Delay = 0.00>
ST_3 : Operation 82 [1/1] (0.00ns)   --->   "%rb_11_addr = getelementptr i128 %rb_11, i64 0, i64 %zext_ln318" [swiglu.cpp:320]   --->   Operation 82 'getelementptr' 'rb_11_addr' <Predicate = true> <Delay = 0.00>
ST_3 : Operation 83 [1/1] (0.00ns)   --->   "%rb_12_addr = getelementptr i128 %rb_12, i64 0, i64 %zext_ln318" [swiglu.cpp:320]   --->   Operation 83 'getelementptr' 'rb_12_addr' <Predicate = true> <Delay = 0.00>
ST_3 : Operation 84 [1/1] (0.00ns)   --->   "%rb_13_addr = getelementptr i128 %rb_13, i64 0, i64 %zext_ln318" [swiglu.cpp:320]   --->   Operation 84 'getelementptr' 'rb_13_addr' <Predicate = true> <Delay = 0.00>
ST_3 : Operation 85 [1/1] (0.00ns)   --->   "%rb_14_addr = getelementptr i128 %rb_14, i64 0, i64 %zext_ln318" [swiglu.cpp:320]   --->   Operation 85 'getelementptr' 'rb_14_addr' <Predicate = true> <Delay = 0.00>
ST_3 : Operation 86 [1/1] (0.00ns)   --->   "%rb_15_addr = getelementptr i128 %rb_15, i64 0, i64 %zext_ln318" [swiglu.cpp:320]   --->   Operation 86 'getelementptr' 'rb_15_addr' <Predicate = true> <Delay = 0.00>
ST_3 : Operation 87 [1/1] (0.00ns)   --->   "%rb_16_addr = getelementptr i128 %rb_16, i64 0, i64 %zext_ln318" [swiglu.cpp:320]   --->   Operation 87 'getelementptr' 'rb_16_addr' <Predicate = true> <Delay = 0.00>
ST_3 : Operation 88 [1/1] (0.00ns)   --->   "%rb_17_addr = getelementptr i128 %rb_17, i64 0, i64 %zext_ln318" [swiglu.cpp:320]   --->   Operation 88 'getelementptr' 'rb_17_addr' <Predicate = true> <Delay = 0.00>
ST_3 : Operation 89 [1/1] (0.00ns)   --->   "%rb_18_addr = getelementptr i128 %rb_18, i64 0, i64 %zext_ln318" [swiglu.cpp:320]   --->   Operation 89 'getelementptr' 'rb_18_addr' <Predicate = true> <Delay = 0.00>
ST_3 : Operation 90 [1/1] (0.00ns)   --->   "%rb_19_addr = getelementptr i128 %rb_19, i64 0, i64 %zext_ln318" [swiglu.cpp:320]   --->   Operation 90 'getelementptr' 'rb_19_addr' <Predicate = true> <Delay = 0.00>
ST_3 : Operation 91 [1/1] (0.00ns)   --->   "%rb_20_addr = getelementptr i128 %rb_20, i64 0, i64 %zext_ln318" [swiglu.cpp:320]   --->   Operation 91 'getelementptr' 'rb_20_addr' <Predicate = true> <Delay = 0.00>
ST_3 : Operation 92 [1/1] (0.00ns)   --->   "%rb_21_addr = getelementptr i128 %rb_21, i64 0, i64 %zext_ln318" [swiglu.cpp:320]   --->   Operation 92 'getelementptr' 'rb_21_addr' <Predicate = true> <Delay = 0.00>
ST_3 : Operation 93 [1/1] (0.00ns)   --->   "%rb_22_addr = getelementptr i128 %rb_22, i64 0, i64 %zext_ln318" [swiglu.cpp:320]   --->   Operation 93 'getelementptr' 'rb_22_addr' <Predicate = true> <Delay = 0.00>
ST_3 : Operation 94 [1/1] (0.00ns)   --->   "%rb_23_addr = getelementptr i128 %rb_23, i64 0, i64 %zext_ln318" [swiglu.cpp:320]   --->   Operation 94 'getelementptr' 'rb_23_addr' <Predicate = true> <Delay = 0.00>
ST_3 : Operation 95 [1/1] (0.00ns)   --->   "%rb_24_addr = getelementptr i128 %rb_24, i64 0, i64 %zext_ln318" [swiglu.cpp:320]   --->   Operation 95 'getelementptr' 'rb_24_addr' <Predicate = true> <Delay = 0.00>
ST_3 : Operation 96 [1/1] (0.00ns)   --->   "%rb_25_addr = getelementptr i128 %rb_25, i64 0, i64 %zext_ln318" [swiglu.cpp:320]   --->   Operation 96 'getelementptr' 'rb_25_addr' <Predicate = true> <Delay = 0.00>
ST_3 : Operation 97 [1/1] (0.00ns)   --->   "%rb_26_addr = getelementptr i128 %rb_26, i64 0, i64 %zext_ln318" [swiglu.cpp:320]   --->   Operation 97 'getelementptr' 'rb_26_addr' <Predicate = true> <Delay = 0.00>
ST_3 : Operation 98 [1/1] (0.00ns)   --->   "%rb_27_addr = getelementptr i128 %rb_27, i64 0, i64 %zext_ln318" [swiglu.cpp:320]   --->   Operation 98 'getelementptr' 'rb_27_addr' <Predicate = true> <Delay = 0.00>
ST_3 : Operation 99 [1/1] (0.00ns)   --->   "%rb_28_addr = getelementptr i128 %rb_28, i64 0, i64 %zext_ln318" [swiglu.cpp:320]   --->   Operation 99 'getelementptr' 'rb_28_addr' <Predicate = true> <Delay = 0.00>
ST_3 : Operation 100 [1/1] (0.00ns)   --->   "%rb_29_addr = getelementptr i128 %rb_29, i64 0, i64 %zext_ln318" [swiglu.cpp:320]   --->   Operation 100 'getelementptr' 'rb_29_addr' <Predicate = true> <Delay = 0.00>
ST_3 : Operation 101 [1/1] (0.00ns)   --->   "%rb_30_addr = getelementptr i128 %rb_30, i64 0, i64 %zext_ln318" [swiglu.cpp:320]   --->   Operation 101 'getelementptr' 'rb_30_addr' <Predicate = true> <Delay = 0.00>
ST_3 : Operation 102 [1/1] (0.00ns)   --->   "%rb_31_addr = getelementptr i128 %rb_31, i64 0, i64 %zext_ln318" [swiglu.cpp:320]   --->   Operation 102 'getelementptr' 'rb_31_addr' <Predicate = true> <Delay = 0.00>
ST_3 : Operation 103 [1/1] ( I:0.67ns O:0.67ns )   --->   "%store_ln320 = store i128 %gmem_Wd_addr_read, i4 %rb_30_addr" [swiglu.cpp:320]   --->   Operation 103 'store' 'store_ln320' <Predicate = (trunc_ln317 == 30)> <Delay = 0.67> <CoreInst = "RAM_2P_LUTRAM">   --->   Core 92 'RAM_2P_LUTRAM' <Latency = 1> <II = 1> <Delay = 0.67> <Storage> <Opcode : 'load' 'store'> <Ports = 2> <Width = 128> <Depth = 9> <RAM>
ST_3 : Operation 104 [1/1] (0.00ns)   --->   "%br_ln320 = br void %arrayidx911.exit" [swiglu.cpp:320]   --->   Operation 104 'br' 'br_ln320' <Predicate = (trunc_ln317 == 30)> <Delay = 0.00>
ST_3 : Operation 105 [1/1] ( I:0.67ns O:0.67ns )   --->   "%store_ln320 = store i128 %gmem_Wd_addr_read, i4 %rb_29_addr" [swiglu.cpp:320]   --->   Operation 105 'store' 'store_ln320' <Predicate = (trunc_ln317 == 29)> <Delay = 0.67> <CoreInst = "RAM_2P_LUTRAM">   --->   Core 92 'RAM_2P_LUTRAM' <Latency = 1> <II = 1> <Delay = 0.67> <Storage> <Opcode : 'load' 'store'> <Ports = 2> <Width = 128> <Depth = 9> <RAM>
ST_3 : Operation 106 [1/1] (0.00ns)   --->   "%br_ln320 = br void %arrayidx911.exit" [swiglu.cpp:320]   --->   Operation 106 'br' 'br_ln320' <Predicate = (trunc_ln317 == 29)> <Delay = 0.00>
ST_3 : Operation 107 [1/1] ( I:0.67ns O:0.67ns )   --->   "%store_ln320 = store i128 %gmem_Wd_addr_read, i4 %rb_28_addr" [swiglu.cpp:320]   --->   Operation 107 'store' 'store_ln320' <Predicate = (trunc_ln317 == 28)> <Delay = 0.67> <CoreInst = "RAM_2P_LUTRAM">   --->   Core 92 'RAM_2P_LUTRAM' <Latency = 1> <II = 1> <Delay = 0.67> <Storage> <Opcode : 'load' 'store'> <Ports = 2> <Width = 128> <Depth = 9> <RAM>
ST_3 : Operation 108 [1/1] (0.00ns)   --->   "%br_ln320 = br void %arrayidx911.exit" [swiglu.cpp:320]   --->   Operation 108 'br' 'br_ln320' <Predicate = (trunc_ln317 == 28)> <Delay = 0.00>
ST_3 : Operation 109 [1/1] ( I:0.67ns O:0.67ns )   --->   "%store_ln320 = store i128 %gmem_Wd_addr_read, i4 %rb_27_addr" [swiglu.cpp:320]   --->   Operation 109 'store' 'store_ln320' <Predicate = (trunc_ln317 == 27)> <Delay = 0.67> <CoreInst = "RAM_2P_LUTRAM">   --->   Core 92 'RAM_2P_LUTRAM' <Latency = 1> <II = 1> <Delay = 0.67> <Storage> <Opcode : 'load' 'store'> <Ports = 2> <Width = 128> <Depth = 9> <RAM>
ST_3 : Operation 110 [1/1] (0.00ns)   --->   "%br_ln320 = br void %arrayidx911.exit" [swiglu.cpp:320]   --->   Operation 110 'br' 'br_ln320' <Predicate = (trunc_ln317 == 27)> <Delay = 0.00>
ST_3 : Operation 111 [1/1] ( I:0.67ns O:0.67ns )   --->   "%store_ln320 = store i128 %gmem_Wd_addr_read, i4 %rb_26_addr" [swiglu.cpp:320]   --->   Operation 111 'store' 'store_ln320' <Predicate = (trunc_ln317 == 26)> <Delay = 0.67> <CoreInst = "RAM_2P_LUTRAM">   --->   Core 92 'RAM_2P_LUTRAM' <Latency = 1> <II = 1> <Delay = 0.67> <Storage> <Opcode : 'load' 'store'> <Ports = 2> <Width = 128> <Depth = 9> <RAM>
ST_3 : Operation 112 [1/1] (0.00ns)   --->   "%br_ln320 = br void %arrayidx911.exit" [swiglu.cpp:320]   --->   Operation 112 'br' 'br_ln320' <Predicate = (trunc_ln317 == 26)> <Delay = 0.00>
ST_3 : Operation 113 [1/1] ( I:0.67ns O:0.67ns )   --->   "%store_ln320 = store i128 %gmem_Wd_addr_read, i4 %rb_25_addr" [swiglu.cpp:320]   --->   Operation 113 'store' 'store_ln320' <Predicate = (trunc_ln317 == 25)> <Delay = 0.67> <CoreInst = "RAM_2P_LUTRAM">   --->   Core 92 'RAM_2P_LUTRAM' <Latency = 1> <II = 1> <Delay = 0.67> <Storage> <Opcode : 'load' 'store'> <Ports = 2> <Width = 128> <Depth = 9> <RAM>
ST_3 : Operation 114 [1/1] (0.00ns)   --->   "%br_ln320 = br void %arrayidx911.exit" [swiglu.cpp:320]   --->   Operation 114 'br' 'br_ln320' <Predicate = (trunc_ln317 == 25)> <Delay = 0.00>
ST_3 : Operation 115 [1/1] ( I:0.67ns O:0.67ns )   --->   "%store_ln320 = store i128 %gmem_Wd_addr_read, i4 %rb_24_addr" [swiglu.cpp:320]   --->   Operation 115 'store' 'store_ln320' <Predicate = (trunc_ln317 == 24)> <Delay = 0.67> <CoreInst = "RAM_2P_LUTRAM">   --->   Core 92 'RAM_2P_LUTRAM' <Latency = 1> <II = 1> <Delay = 0.67> <Storage> <Opcode : 'load' 'store'> <Ports = 2> <Width = 128> <Depth = 9> <RAM>
ST_3 : Operation 116 [1/1] (0.00ns)   --->   "%br_ln320 = br void %arrayidx911.exit" [swiglu.cpp:320]   --->   Operation 116 'br' 'br_ln320' <Predicate = (trunc_ln317 == 24)> <Delay = 0.00>
ST_3 : Operation 117 [1/1] ( I:0.67ns O:0.67ns )   --->   "%store_ln320 = store i128 %gmem_Wd_addr_read, i4 %rb_23_addr" [swiglu.cpp:320]   --->   Operation 117 'store' 'store_ln320' <Predicate = (trunc_ln317 == 23)> <Delay = 0.67> <CoreInst = "RAM_2P_LUTRAM">   --->   Core 92 'RAM_2P_LUTRAM' <Latency = 1> <II = 1> <Delay = 0.67> <Storage> <Opcode : 'load' 'store'> <Ports = 2> <Width = 128> <Depth = 9> <RAM>
ST_3 : Operation 118 [1/1] (0.00ns)   --->   "%br_ln320 = br void %arrayidx911.exit" [swiglu.cpp:320]   --->   Operation 118 'br' 'br_ln320' <Predicate = (trunc_ln317 == 23)> <Delay = 0.00>
ST_3 : Operation 119 [1/1] ( I:0.67ns O:0.67ns )   --->   "%store_ln320 = store i128 %gmem_Wd_addr_read, i4 %rb_22_addr" [swiglu.cpp:320]   --->   Operation 119 'store' 'store_ln320' <Predicate = (trunc_ln317 == 22)> <Delay = 0.67> <CoreInst = "RAM_2P_LUTRAM">   --->   Core 92 'RAM_2P_LUTRAM' <Latency = 1> <II = 1> <Delay = 0.67> <Storage> <Opcode : 'load' 'store'> <Ports = 2> <Width = 128> <Depth = 9> <RAM>
ST_3 : Operation 120 [1/1] (0.00ns)   --->   "%br_ln320 = br void %arrayidx911.exit" [swiglu.cpp:320]   --->   Operation 120 'br' 'br_ln320' <Predicate = (trunc_ln317 == 22)> <Delay = 0.00>
ST_3 : Operation 121 [1/1] ( I:0.67ns O:0.67ns )   --->   "%store_ln320 = store i128 %gmem_Wd_addr_read, i4 %rb_21_addr" [swiglu.cpp:320]   --->   Operation 121 'store' 'store_ln320' <Predicate = (trunc_ln317 == 21)> <Delay = 0.67> <CoreInst = "RAM_2P_LUTRAM">   --->   Core 92 'RAM_2P_LUTRAM' <Latency = 1> <II = 1> <Delay = 0.67> <Storage> <Opcode : 'load' 'store'> <Ports = 2> <Width = 128> <Depth = 9> <RAM>
ST_3 : Operation 122 [1/1] (0.00ns)   --->   "%br_ln320 = br void %arrayidx911.exit" [swiglu.cpp:320]   --->   Operation 122 'br' 'br_ln320' <Predicate = (trunc_ln317 == 21)> <Delay = 0.00>
ST_3 : Operation 123 [1/1] ( I:0.67ns O:0.67ns )   --->   "%store_ln320 = store i128 %gmem_Wd_addr_read, i4 %rb_20_addr" [swiglu.cpp:320]   --->   Operation 123 'store' 'store_ln320' <Predicate = (trunc_ln317 == 20)> <Delay = 0.67> <CoreInst = "RAM_2P_LUTRAM">   --->   Core 92 'RAM_2P_LUTRAM' <Latency = 1> <II = 1> <Delay = 0.67> <Storage> <Opcode : 'load' 'store'> <Ports = 2> <Width = 128> <Depth = 9> <RAM>
ST_3 : Operation 124 [1/1] (0.00ns)   --->   "%br_ln320 = br void %arrayidx911.exit" [swiglu.cpp:320]   --->   Operation 124 'br' 'br_ln320' <Predicate = (trunc_ln317 == 20)> <Delay = 0.00>
ST_3 : Operation 125 [1/1] ( I:0.67ns O:0.67ns )   --->   "%store_ln320 = store i128 %gmem_Wd_addr_read, i4 %rb_19_addr" [swiglu.cpp:320]   --->   Operation 125 'store' 'store_ln320' <Predicate = (trunc_ln317 == 19)> <Delay = 0.67> <CoreInst = "RAM_2P_LUTRAM">   --->   Core 92 'RAM_2P_LUTRAM' <Latency = 1> <II = 1> <Delay = 0.67> <Storage> <Opcode : 'load' 'store'> <Ports = 2> <Width = 128> <Depth = 9> <RAM>
ST_3 : Operation 126 [1/1] (0.00ns)   --->   "%br_ln320 = br void %arrayidx911.exit" [swiglu.cpp:320]   --->   Operation 126 'br' 'br_ln320' <Predicate = (trunc_ln317 == 19)> <Delay = 0.00>
ST_3 : Operation 127 [1/1] ( I:0.67ns O:0.67ns )   --->   "%store_ln320 = store i128 %gmem_Wd_addr_read, i4 %rb_18_addr" [swiglu.cpp:320]   --->   Operation 127 'store' 'store_ln320' <Predicate = (trunc_ln317 == 18)> <Delay = 0.67> <CoreInst = "RAM_2P_LUTRAM">   --->   Core 92 'RAM_2P_LUTRAM' <Latency = 1> <II = 1> <Delay = 0.67> <Storage> <Opcode : 'load' 'store'> <Ports = 2> <Width = 128> <Depth = 9> <RAM>
ST_3 : Operation 128 [1/1] (0.00ns)   --->   "%br_ln320 = br void %arrayidx911.exit" [swiglu.cpp:320]   --->   Operation 128 'br' 'br_ln320' <Predicate = (trunc_ln317 == 18)> <Delay = 0.00>
ST_3 : Operation 129 [1/1] ( I:0.67ns O:0.67ns )   --->   "%store_ln320 = store i128 %gmem_Wd_addr_read, i4 %rb_17_addr" [swiglu.cpp:320]   --->   Operation 129 'store' 'store_ln320' <Predicate = (trunc_ln317 == 17)> <Delay = 0.67> <CoreInst = "RAM_2P_LUTRAM">   --->   Core 92 'RAM_2P_LUTRAM' <Latency = 1> <II = 1> <Delay = 0.67> <Storage> <Opcode : 'load' 'store'> <Ports = 2> <Width = 128> <Depth = 9> <RAM>
ST_3 : Operation 130 [1/1] (0.00ns)   --->   "%br_ln320 = br void %arrayidx911.exit" [swiglu.cpp:320]   --->   Operation 130 'br' 'br_ln320' <Predicate = (trunc_ln317 == 17)> <Delay = 0.00>
ST_3 : Operation 131 [1/1] ( I:0.67ns O:0.67ns )   --->   "%store_ln320 = store i128 %gmem_Wd_addr_read, i4 %rb_16_addr" [swiglu.cpp:320]   --->   Operation 131 'store' 'store_ln320' <Predicate = (trunc_ln317 == 16)> <Delay = 0.67> <CoreInst = "RAM_2P_LUTRAM">   --->   Core 92 'RAM_2P_LUTRAM' <Latency = 1> <II = 1> <Delay = 0.67> <Storage> <Opcode : 'load' 'store'> <Ports = 2> <Width = 128> <Depth = 9> <RAM>
ST_3 : Operation 132 [1/1] (0.00ns)   --->   "%br_ln320 = br void %arrayidx911.exit" [swiglu.cpp:320]   --->   Operation 132 'br' 'br_ln320' <Predicate = (trunc_ln317 == 16)> <Delay = 0.00>
ST_3 : Operation 133 [1/1] ( I:0.67ns O:0.67ns )   --->   "%store_ln320 = store i128 %gmem_Wd_addr_read, i4 %rb_15_addr" [swiglu.cpp:320]   --->   Operation 133 'store' 'store_ln320' <Predicate = (trunc_ln317 == 15)> <Delay = 0.67> <CoreInst = "RAM_2P_LUTRAM">   --->   Core 92 'RAM_2P_LUTRAM' <Latency = 1> <II = 1> <Delay = 0.67> <Storage> <Opcode : 'load' 'store'> <Ports = 2> <Width = 128> <Depth = 9> <RAM>
ST_3 : Operation 134 [1/1] (0.00ns)   --->   "%br_ln320 = br void %arrayidx911.exit" [swiglu.cpp:320]   --->   Operation 134 'br' 'br_ln320' <Predicate = (trunc_ln317 == 15)> <Delay = 0.00>
ST_3 : Operation 135 [1/1] ( I:0.67ns O:0.67ns )   --->   "%store_ln320 = store i128 %gmem_Wd_addr_read, i4 %rb_14_addr" [swiglu.cpp:320]   --->   Operation 135 'store' 'store_ln320' <Predicate = (trunc_ln317 == 14)> <Delay = 0.67> <CoreInst = "RAM_2P_LUTRAM">   --->   Core 92 'RAM_2P_LUTRAM' <Latency = 1> <II = 1> <Delay = 0.67> <Storage> <Opcode : 'load' 'store'> <Ports = 2> <Width = 128> <Depth = 9> <RAM>
ST_3 : Operation 136 [1/1] (0.00ns)   --->   "%br_ln320 = br void %arrayidx911.exit" [swiglu.cpp:320]   --->   Operation 136 'br' 'br_ln320' <Predicate = (trunc_ln317 == 14)> <Delay = 0.00>
ST_3 : Operation 137 [1/1] ( I:0.67ns O:0.67ns )   --->   "%store_ln320 = store i128 %gmem_Wd_addr_read, i4 %rb_13_addr" [swiglu.cpp:320]   --->   Operation 137 'store' 'store_ln320' <Predicate = (trunc_ln317 == 13)> <Delay = 0.67> <CoreInst = "RAM_2P_LUTRAM">   --->   Core 92 'RAM_2P_LUTRAM' <Latency = 1> <II = 1> <Delay = 0.67> <Storage> <Opcode : 'load' 'store'> <Ports = 2> <Width = 128> <Depth = 9> <RAM>
ST_3 : Operation 138 [1/1] (0.00ns)   --->   "%br_ln320 = br void %arrayidx911.exit" [swiglu.cpp:320]   --->   Operation 138 'br' 'br_ln320' <Predicate = (trunc_ln317 == 13)> <Delay = 0.00>
ST_3 : Operation 139 [1/1] ( I:0.67ns O:0.67ns )   --->   "%store_ln320 = store i128 %gmem_Wd_addr_read, i4 %rb_12_addr" [swiglu.cpp:320]   --->   Operation 139 'store' 'store_ln320' <Predicate = (trunc_ln317 == 12)> <Delay = 0.67> <CoreInst = "RAM_2P_LUTRAM">   --->   Core 92 'RAM_2P_LUTRAM' <Latency = 1> <II = 1> <Delay = 0.67> <Storage> <Opcode : 'load' 'store'> <Ports = 2> <Width = 128> <Depth = 9> <RAM>
ST_3 : Operation 140 [1/1] (0.00ns)   --->   "%br_ln320 = br void %arrayidx911.exit" [swiglu.cpp:320]   --->   Operation 140 'br' 'br_ln320' <Predicate = (trunc_ln317 == 12)> <Delay = 0.00>
ST_3 : Operation 141 [1/1] ( I:0.67ns O:0.67ns )   --->   "%store_ln320 = store i128 %gmem_Wd_addr_read, i4 %rb_11_addr" [swiglu.cpp:320]   --->   Operation 141 'store' 'store_ln320' <Predicate = (trunc_ln317 == 11)> <Delay = 0.67> <CoreInst = "RAM_2P_LUTRAM">   --->   Core 92 'RAM_2P_LUTRAM' <Latency = 1> <II = 1> <Delay = 0.67> <Storage> <Opcode : 'load' 'store'> <Ports = 2> <Width = 128> <Depth = 9> <RAM>
ST_3 : Operation 142 [1/1] (0.00ns)   --->   "%br_ln320 = br void %arrayidx911.exit" [swiglu.cpp:320]   --->   Operation 142 'br' 'br_ln320' <Predicate = (trunc_ln317 == 11)> <Delay = 0.00>
ST_3 : Operation 143 [1/1] ( I:0.67ns O:0.67ns )   --->   "%store_ln320 = store i128 %gmem_Wd_addr_read, i4 %rb_10_addr" [swiglu.cpp:320]   --->   Operation 143 'store' 'store_ln320' <Predicate = (trunc_ln317 == 10)> <Delay = 0.67> <CoreInst = "RAM_2P_LUTRAM">   --->   Core 92 'RAM_2P_LUTRAM' <Latency = 1> <II = 1> <Delay = 0.67> <Storage> <Opcode : 'load' 'store'> <Ports = 2> <Width = 128> <Depth = 9> <RAM>
ST_3 : Operation 144 [1/1] (0.00ns)   --->   "%br_ln320 = br void %arrayidx911.exit" [swiglu.cpp:320]   --->   Operation 144 'br' 'br_ln320' <Predicate = (trunc_ln317 == 10)> <Delay = 0.00>
ST_3 : Operation 145 [1/1] ( I:0.67ns O:0.67ns )   --->   "%store_ln320 = store i128 %gmem_Wd_addr_read, i4 %rb_9_addr" [swiglu.cpp:320]   --->   Operation 145 'store' 'store_ln320' <Predicate = (trunc_ln317 == 9)> <Delay = 0.67> <CoreInst = "RAM_2P_LUTRAM">   --->   Core 92 'RAM_2P_LUTRAM' <Latency = 1> <II = 1> <Delay = 0.67> <Storage> <Opcode : 'load' 'store'> <Ports = 2> <Width = 128> <Depth = 9> <RAM>
ST_3 : Operation 146 [1/1] (0.00ns)   --->   "%br_ln320 = br void %arrayidx911.exit" [swiglu.cpp:320]   --->   Operation 146 'br' 'br_ln320' <Predicate = (trunc_ln317 == 9)> <Delay = 0.00>
ST_3 : Operation 147 [1/1] ( I:0.67ns O:0.67ns )   --->   "%store_ln320 = store i128 %gmem_Wd_addr_read, i4 %rb_8_addr" [swiglu.cpp:320]   --->   Operation 147 'store' 'store_ln320' <Predicate = (trunc_ln317 == 8)> <Delay = 0.67> <CoreInst = "RAM_2P_LUTRAM">   --->   Core 92 'RAM_2P_LUTRAM' <Latency = 1> <II = 1> <Delay = 0.67> <Storage> <Opcode : 'load' 'store'> <Ports = 2> <Width = 128> <Depth = 9> <RAM>
ST_3 : Operation 148 [1/1] (0.00ns)   --->   "%br_ln320 = br void %arrayidx911.exit" [swiglu.cpp:320]   --->   Operation 148 'br' 'br_ln320' <Predicate = (trunc_ln317 == 8)> <Delay = 0.00>
ST_3 : Operation 149 [1/1] ( I:0.67ns O:0.67ns )   --->   "%store_ln320 = store i128 %gmem_Wd_addr_read, i4 %rb_7_addr" [swiglu.cpp:320]   --->   Operation 149 'store' 'store_ln320' <Predicate = (trunc_ln317 == 7)> <Delay = 0.67> <CoreInst = "RAM_2P_LUTRAM">   --->   Core 92 'RAM_2P_LUTRAM' <Latency = 1> <II = 1> <Delay = 0.67> <Storage> <Opcode : 'load' 'store'> <Ports = 2> <Width = 128> <Depth = 9> <RAM>
ST_3 : Operation 150 [1/1] (0.00ns)   --->   "%br_ln320 = br void %arrayidx911.exit" [swiglu.cpp:320]   --->   Operation 150 'br' 'br_ln320' <Predicate = (trunc_ln317 == 7)> <Delay = 0.00>
ST_3 : Operation 151 [1/1] ( I:0.67ns O:0.67ns )   --->   "%store_ln320 = store i128 %gmem_Wd_addr_read, i4 %rb_6_addr" [swiglu.cpp:320]   --->   Operation 151 'store' 'store_ln320' <Predicate = (trunc_ln317 == 6)> <Delay = 0.67> <CoreInst = "RAM_2P_LUTRAM">   --->   Core 92 'RAM_2P_LUTRAM' <Latency = 1> <II = 1> <Delay = 0.67> <Storage> <Opcode : 'load' 'store'> <Ports = 2> <Width = 128> <Depth = 9> <RAM>
ST_3 : Operation 152 [1/1] (0.00ns)   --->   "%br_ln320 = br void %arrayidx911.exit" [swiglu.cpp:320]   --->   Operation 152 'br' 'br_ln320' <Predicate = (trunc_ln317 == 6)> <Delay = 0.00>
ST_3 : Operation 153 [1/1] ( I:0.67ns O:0.67ns )   --->   "%store_ln320 = store i128 %gmem_Wd_addr_read, i4 %rb_5_addr" [swiglu.cpp:320]   --->   Operation 153 'store' 'store_ln320' <Predicate = (trunc_ln317 == 5)> <Delay = 0.67> <CoreInst = "RAM_2P_LUTRAM">   --->   Core 92 'RAM_2P_LUTRAM' <Latency = 1> <II = 1> <Delay = 0.67> <Storage> <Opcode : 'load' 'store'> <Ports = 2> <Width = 128> <Depth = 9> <RAM>
ST_3 : Operation 154 [1/1] (0.00ns)   --->   "%br_ln320 = br void %arrayidx911.exit" [swiglu.cpp:320]   --->   Operation 154 'br' 'br_ln320' <Predicate = (trunc_ln317 == 5)> <Delay = 0.00>
ST_3 : Operation 155 [1/1] ( I:0.67ns O:0.67ns )   --->   "%store_ln320 = store i128 %gmem_Wd_addr_read, i4 %rb_4_addr" [swiglu.cpp:320]   --->   Operation 155 'store' 'store_ln320' <Predicate = (trunc_ln317 == 4)> <Delay = 0.67> <CoreInst = "RAM_2P_LUTRAM">   --->   Core 92 'RAM_2P_LUTRAM' <Latency = 1> <II = 1> <Delay = 0.67> <Storage> <Opcode : 'load' 'store'> <Ports = 2> <Width = 128> <Depth = 9> <RAM>
ST_3 : Operation 156 [1/1] (0.00ns)   --->   "%br_ln320 = br void %arrayidx911.exit" [swiglu.cpp:320]   --->   Operation 156 'br' 'br_ln320' <Predicate = (trunc_ln317 == 4)> <Delay = 0.00>
ST_3 : Operation 157 [1/1] ( I:0.67ns O:0.67ns )   --->   "%store_ln320 = store i128 %gmem_Wd_addr_read, i4 %rb_3_addr" [swiglu.cpp:320]   --->   Operation 157 'store' 'store_ln320' <Predicate = (trunc_ln317 == 3)> <Delay = 0.67> <CoreInst = "RAM_2P_LUTRAM">   --->   Core 92 'RAM_2P_LUTRAM' <Latency = 1> <II = 1> <Delay = 0.67> <Storage> <Opcode : 'load' 'store'> <Ports = 2> <Width = 128> <Depth = 9> <RAM>
ST_3 : Operation 158 [1/1] (0.00ns)   --->   "%br_ln320 = br void %arrayidx911.exit" [swiglu.cpp:320]   --->   Operation 158 'br' 'br_ln320' <Predicate = (trunc_ln317 == 3)> <Delay = 0.00>
ST_3 : Operation 159 [1/1] ( I:0.67ns O:0.67ns )   --->   "%store_ln320 = store i128 %gmem_Wd_addr_read, i4 %rb_2_addr" [swiglu.cpp:320]   --->   Operation 159 'store' 'store_ln320' <Predicate = (trunc_ln317 == 2)> <Delay = 0.67> <CoreInst = "RAM_2P_LUTRAM">   --->   Core 92 'RAM_2P_LUTRAM' <Latency = 1> <II = 1> <Delay = 0.67> <Storage> <Opcode : 'load' 'store'> <Ports = 2> <Width = 128> <Depth = 9> <RAM>
ST_3 : Operation 160 [1/1] (0.00ns)   --->   "%br_ln320 = br void %arrayidx911.exit" [swiglu.cpp:320]   --->   Operation 160 'br' 'br_ln320' <Predicate = (trunc_ln317 == 2)> <Delay = 0.00>
ST_3 : Operation 161 [1/1] ( I:0.67ns O:0.67ns )   --->   "%store_ln320 = store i128 %gmem_Wd_addr_read, i4 %rb_1_addr" [swiglu.cpp:320]   --->   Operation 161 'store' 'store_ln320' <Predicate = (trunc_ln317 == 1)> <Delay = 0.67> <CoreInst = "RAM_2P_LUTRAM">   --->   Core 92 'RAM_2P_LUTRAM' <Latency = 1> <II = 1> <Delay = 0.67> <Storage> <Opcode : 'load' 'store'> <Ports = 2> <Width = 128> <Depth = 9> <RAM>
ST_3 : Operation 162 [1/1] (0.00ns)   --->   "%br_ln320 = br void %arrayidx911.exit" [swiglu.cpp:320]   --->   Operation 162 'br' 'br_ln320' <Predicate = (trunc_ln317 == 1)> <Delay = 0.00>
ST_3 : Operation 163 [1/1] ( I:0.67ns O:0.67ns )   --->   "%store_ln320 = store i128 %gmem_Wd_addr_read, i4 %rb_0_addr" [swiglu.cpp:320]   --->   Operation 163 'store' 'store_ln320' <Predicate = (trunc_ln317 == 0)> <Delay = 0.67> <CoreInst = "RAM_2P_LUTRAM">   --->   Core 92 'RAM_2P_LUTRAM' <Latency = 1> <II = 1> <Delay = 0.67> <Storage> <Opcode : 'load' 'store'> <Ports = 2> <Width = 128> <Depth = 9> <RAM>
ST_3 : Operation 164 [1/1] (0.00ns)   --->   "%br_ln320 = br void %arrayidx911.exit" [swiglu.cpp:320]   --->   Operation 164 'br' 'br_ln320' <Predicate = (trunc_ln317 == 0)> <Delay = 0.00>
ST_3 : Operation 165 [1/1] ( I:0.67ns O:0.67ns )   --->   "%store_ln320 = store i128 %gmem_Wd_addr_read, i4 %rb_31_addr" [swiglu.cpp:320]   --->   Operation 165 'store' 'store_ln320' <Predicate = (trunc_ln317 == 31)> <Delay = 0.67> <CoreInst = "RAM_2P_LUTRAM">   --->   Core 92 'RAM_2P_LUTRAM' <Latency = 1> <II = 1> <Delay = 0.67> <Storage> <Opcode : 'load' 'store'> <Ports = 2> <Width = 128> <Depth = 9> <RAM>
ST_3 : Operation 166 [1/1] (0.00ns)   --->   "%br_ln320 = br void %arrayidx911.exit" [swiglu.cpp:320]   --->   Operation 166 'br' 'br_ln320' <Predicate = (trunc_ln317 == 31)> <Delay = 0.00>


============================================================
+ Verbose Summary: Timing violations
============================================================
Target clock period: 3.330ns, clock uncertainty: 0.900ns.

 <State 1>: 1.630ns
The critical path consists of the following:
	'store' operation 0 bit ('store_ln0') of constant 0 on local variable 'indvar_flatten' [73]  (0.427 ns)
	'load' operation 9 bit ('indvar_flatten_load', swiglu.cpp:317) on local variable 'indvar_flatten' [78]  (0.000 ns)
	'icmp' operation 1 bit ('icmp_ln317', swiglu.cpp:317) [79]  (0.776 ns)
	'store' operation 0 bit ('store_ln317', swiglu.cpp:317) of variable 'add_ln317', swiglu.cpp:317 on local variable 'indvar_flatten' [227]  (0.427 ns)

 <State 2>: 2.430ns
The critical path consists of the following:
	'getelementptr' operation 128 bit ('gmem_Wd_addr', swiglu.cpp:317) [85]  (0.000 ns)
	bus read operation ('gmem_Wd_addr_read', swiglu.cpp:320) on port 'gmem_Wd' (swiglu.cpp:320) [127]  (2.430 ns)

 <State 3>: 0.670ns
The critical path consists of the following:
	'getelementptr' operation 4 bit ('rb_30_addr', swiglu.cpp:320) [125]  (0.000 ns)
	'store' operation 0 bit ('store_ln320', swiglu.cpp:320) of variable 'gmem_Wd_addr_read', swiglu.cpp:320 on array 'rb_30' [130]  (0.670 ns)


============================================================
+ Verbose Summary: Binding
============================================================
N/A
* FSMD analyzer results:
  - Output states:
 - Input state : 
  - Chain level:
	State 1
	State 2
	State 3


============================================================
+ Verbose Summary: Datapath Resource usage 
============================================================
N/A
