

================================================================
== Vitis HLS Report for 'load_row_wv_Pipeline_LOAD_BLOCK_LOAD_WORD'
================================================================
* Date:           Tue Apr  7 16:25:13 2026

* Version:        2025.1 (Build 6135595 on May 21 2025)
* Project:        swiglu
* Solution:       hls (Vivado IP Flow Target)
* Product family: zynquplus
* Target device:  xck26-sfvc784-2LV-c


================================================================
== Performance Estimates
================================================================
+ Timing: 
    * Summary: 
    +--------+---------+----------+------------+
    |  Clock |  Target | Estimated| Uncertainty|
    +--------+---------+----------+------------+
    |ap_clk  |  3.33 ns|  2.430 ns|     0.90 ns|
    +--------+---------+----------+------------+

+ Latency: 
    * Summary: 
    +---------+---------+----------+----------+-----+-----+------------------------------------------------+
    |  Latency (cycles) |  Latency (absolute) |  Interval |                    Pipeline                    |
    |   min   |   max   |    min   |    max   | min | max |                      Type                      |
    +---------+---------+----------+----------+-----+-----+------------------------------------------------+
    |       75|       75|  0.250 us|  0.250 us|   73|   73|  loop auto-rewind stp (delay=0 clock cycles(s))|
    +---------+---------+----------+----------+-----+-----+------------------------------------------------+

    + Detail: 
        * Instance: 
        N/A

        * Loop: 
        +------------------------+---------+---------+----------+-----------+-----------+------+----------+
        |                        |  Latency (cycles) | Iteration|  Initiation Interval  | Trip |          |
        |        Loop Name       |   min   |   max   |  Latency |  achieved |   target  | Count| Pipelined|
        +------------------------+---------+---------+----------+-----------+-----------+------+----------+
        |- LOAD_BLOCK_LOAD_WORD  |       73|       73|         3|          1|          1|    72|       yes|
        +------------------------+---------+---------+----------+-----------+-----------+------+----------+



================================================================
== Utilization Estimates
================================================================
* Summary: 
+-----------------+---------+------+--------+--------+-----+
|       Name      | BRAM_18K|  DSP |   FF   |   LUT  | URAM|
+-----------------+---------+------+--------+--------+-----+
|DSP              |        -|     -|       -|       -|    -|
|Expression       |        -|     -|       0|      78|    -|
|FIFO             |        -|     -|       -|       -|    -|
|Instance         |        -|     -|       -|       -|    -|
|Memory           |        -|     -|       -|       -|    -|
|Multiplexer      |        -|     -|       0|      63|    -|
|Register         |        -|     -|     156|       -|    -|
+-----------------+---------+------+--------+--------+-----+
|Total            |        0|     0|     156|     141|    0|
+-----------------+---------+------+--------+--------+-----+
|Available        |      288|  1248|  234240|  117120|   64|
+-----------------+---------+------+--------+--------+-----+
|Utilization (%)  |        0|     0|      ~0|      ~0|    0|
+-----------------+---------+------+--------+--------+-----+

+ Detail: 
    * Instance: 
    N/A

    * DSP: 
    N/A

    * Memory: 
    N/A

    * FIFO: 
    N/A

    * Expression: 
    +---------------------------+----------+----+---+----+------------+------------+
    |       Variable Name       | Operation| DSP| FF| LUT| Bitwidth P0| Bitwidth P1|
    +---------------------------+----------+----+---+----+------------+------------+
    |add_ln105_1_fu_249_p2      |         +|   0|  0|  14|           7|           1|
    |add_ln105_fu_272_p2        |         +|   0|  0|  12|           4|           1|
    |add_ln106_fu_322_p2        |         +|   0|  0|  12|           4|           1|
    |ap_block_pp0_stage0_11001  |       and|   0|  0|   2|           1|           1|
    |ap_condition_184           |       and|   0|  0|   2|           1|           1|
    |icmp_ln105_fu_243_p2       |      icmp|   0|  0|  14|           7|           7|
    |icmp_ln106_fu_278_p2       |      icmp|   0|  0|  12|           4|           4|
    |select_ln105_1_fu_292_p3   |    select|   0|  0|   4|           1|           4|
    |select_ln105_fu_284_p3     |    select|   0|  0|   4|           1|           1|
    |ap_enable_pp0              |       xor|   0|  0|   2|           1|           2|
    +---------------------------+----------+----+---+----+------------+------------+
    |Total                      |          |   0|  0|  78|          31|          23|
    +---------------------------+----------+----+---+----+------------+------------+

    * Multiplexer: 
    +--------------------------------------+----+-----------+-----+-----------+
    |                 Name                 | LUT| Input Size| Bits| Total Bits|
    +--------------------------------------+----+-----------+-----+-----------+
    |ap_done_int                           |   9|          2|    1|          2|
    |ap_enable_reg_pp0_iter1               |   9|          2|    1|          2|
    |ap_sig_allocacmp_indvar_flatten_load  |   9|          2|    7|         14|
    |b_fu_98                               |   9|          2|    4|          8|
    |gmem_V_blk_n_R                        |   9|          2|    1|          2|
    |indvar_flatten_fu_102                 |   9|          2|    7|         14|
    |w_fu_94                               |   9|          2|    4|          8|
    +--------------------------------------+----+-----------+-----+-----------+
    |Total                                 |  63|         14|   25|         50|
    +--------------------------------------+----+-----------+-----+-----------+

    * Register: 
    +-------------------------------------------+-----+----+-----+-----------+
    |                    Name                   |  FF | LUT| Bits| Const Bits|
    +-------------------------------------------+-----+----+-----+-----------+
    |ap_CS_fsm                                  |    1|   0|    1|          0|
    |ap_block_pp0_stage0_subdone_grp0_done_reg  |    1|   0|    1|          0|
    |ap_done_reg                                |    1|   0|    1|          0|
    |ap_enable_reg_pp0_iter1                    |    1|   0|    1|          0|
    |ap_enable_reg_pp0_iter2                    |    1|   0|    1|          0|
    |ap_loop_exit_ready_pp0_iter1_reg           |    1|   0|    1|          0|
    |b_fu_98                                    |    4|   0|    4|          0|
    |gmem_V_addr_read_reg_388                   |  128|   0|  128|          0|
    |indvar_flatten_fu_102                      |    7|   0|    7|          0|
    |select_ln105_reg_379                       |    4|   0|    4|          0|
    |trunc_ln105_reg_384                        |    3|   0|    3|          0|
    |w_fu_94                                    |    4|   0|    4|          0|
    +-------------------------------------------+-----+----+-----+-----------+
    |Total                                      |  156|   0|  156|          0|
    +-------------------------------------------+-----+----+-----+-----------+



================================================================
== Interface
================================================================
* Summary: 
+-------------------------+-----+-----+------------+-------------------------------------------+--------------+
|        RTL Ports        | Dir | Bits|  Protocol  |               Source Object               |    C Type    |
+-------------------------+-----+-----+------------+-------------------------------------------+--------------+
|ap_clk                   |   in|    1|  ap_ctrl_hs|  load_row_wv_Pipeline_LOAD_BLOCK_LOAD_WORD|  return value|
|ap_rst                   |   in|    1|  ap_ctrl_hs|  load_row_wv_Pipeline_LOAD_BLOCK_LOAD_WORD|  return value|
|ap_start                 |   in|    1|  ap_ctrl_hs|  load_row_wv_Pipeline_LOAD_BLOCK_LOAD_WORD|  return value|
|ap_done                  |  out|    1|  ap_ctrl_hs|  load_row_wv_Pipeline_LOAD_BLOCK_LOAD_WORD|  return value|
|ap_idle                  |  out|    1|  ap_ctrl_hs|  load_row_wv_Pipeline_LOAD_BLOCK_LOAD_WORD|  return value|
|ap_ready                 |  out|    1|  ap_ctrl_hs|  load_row_wv_Pipeline_LOAD_BLOCK_LOAD_WORD|  return value|
|m_axi_gmem_V_0_AWVALID   |  out|    1|       m_axi|                                     gmem_V|       pointer|
|m_axi_gmem_V_0_AWREADY   |   in|    1|       m_axi|                                     gmem_V|       pointer|
|m_axi_gmem_V_0_AWADDR    |  out|   64|       m_axi|                                     gmem_V|       pointer|
|m_axi_gmem_V_0_AWID      |  out|    1|       m_axi|                                     gmem_V|       pointer|
|m_axi_gmem_V_0_AWLEN     |  out|   32|       m_axi|                                     gmem_V|       pointer|
|m_axi_gmem_V_0_AWSIZE    |  out|    3|       m_axi|                                     gmem_V|       pointer|
|m_axi_gmem_V_0_AWBURST   |  out|    2|       m_axi|                                     gmem_V|       pointer|
|m_axi_gmem_V_0_AWLOCK    |  out|    2|       m_axi|                                     gmem_V|       pointer|
|m_axi_gmem_V_0_AWCACHE   |  out|    4|       m_axi|                                     gmem_V|       pointer|
|m_axi_gmem_V_0_AWPROT    |  out|    3|       m_axi|                                     gmem_V|       pointer|
|m_axi_gmem_V_0_AWQOS     |  out|    4|       m_axi|                                     gmem_V|       pointer|
|m_axi_gmem_V_0_AWREGION  |  out|    4|       m_axi|                                     gmem_V|       pointer|
|m_axi_gmem_V_0_AWUSER    |  out|    1|       m_axi|                                     gmem_V|       pointer|
|m_axi_gmem_V_0_WVALID    |  out|    1|       m_axi|                                     gmem_V|       pointer|
|m_axi_gmem_V_0_WREADY    |   in|    1|       m_axi|                                     gmem_V|       pointer|
|m_axi_gmem_V_0_WDATA     |  out|  128|       m_axi|                                     gmem_V|       pointer|
|m_axi_gmem_V_0_WSTRB     |  out|   16|       m_axi|                                     gmem_V|       pointer|
|m_axi_gmem_V_0_WLAST     |  out|    1|       m_axi|                                     gmem_V|       pointer|
|m_axi_gmem_V_0_WID       |  out|    1|       m_axi|                                     gmem_V|       pointer|
|m_axi_gmem_V_0_WUSER     |  out|    1|       m_axi|                                     gmem_V|       pointer|
|m_axi_gmem_V_0_ARVALID   |  out|    1|       m_axi|                                     gmem_V|       pointer|
|m_axi_gmem_V_0_ARREADY   |   in|    1|       m_axi|                                     gmem_V|       pointer|
|m_axi_gmem_V_0_ARADDR    |  out|   64|       m_axi|                                     gmem_V|       pointer|
|m_axi_gmem_V_0_ARID      |  out|    1|       m_axi|                                     gmem_V|       pointer|
|m_axi_gmem_V_0_ARLEN     |  out|   32|       m_axi|                                     gmem_V|       pointer|
|m_axi_gmem_V_0_ARSIZE    |  out|    3|       m_axi|                                     gmem_V|       pointer|
|m_axi_gmem_V_0_ARBURST   |  out|    2|       m_axi|                                     gmem_V|       pointer|
|m_axi_gmem_V_0_ARLOCK    |  out|    2|       m_axi|                                     gmem_V|       pointer|
|m_axi_gmem_V_0_ARCACHE   |  out|    4|       m_axi|                                     gmem_V|       pointer|
|m_axi_gmem_V_0_ARPROT    |  out|    3|       m_axi|                                     gmem_V|       pointer|
|m_axi_gmem_V_0_ARQOS     |  out|    4|       m_axi|                                     gmem_V|       pointer|
|m_axi_gmem_V_0_ARREGION  |  out|    4|       m_axi|                                     gmem_V|       pointer|
|m_axi_gmem_V_0_ARUSER    |  out|    1|       m_axi|                                     gmem_V|       pointer|
|m_axi_gmem_V_0_RVALID    |   in|    1|       m_axi|                                     gmem_V|       pointer|
|m_axi_gmem_V_0_RREADY    |  out|    1|       m_axi|                                     gmem_V|       pointer|
|m_axi_gmem_V_0_RDATA     |   in|  128|       m_axi|                                     gmem_V|       pointer|
|m_axi_gmem_V_0_RLAST     |   in|    1|       m_axi|                                     gmem_V|       pointer|
|m_axi_gmem_V_0_RID       |   in|    1|       m_axi|                                     gmem_V|       pointer|
|m_axi_gmem_V_0_RFIFONUM  |   in|    8|       m_axi|                                     gmem_V|       pointer|
|m_axi_gmem_V_0_RUSER     |   in|    1|       m_axi|                                     gmem_V|       pointer|
|m_axi_gmem_V_0_RRESP     |   in|    2|       m_axi|                                     gmem_V|       pointer|
|m_axi_gmem_V_0_BVALID    |   in|    1|       m_axi|                                     gmem_V|       pointer|
|m_axi_gmem_V_0_BREADY    |  out|    1|       m_axi|                                     gmem_V|       pointer|
|m_axi_gmem_V_0_BRESP     |   in|    2|       m_axi|                                     gmem_V|       pointer|
|m_axi_gmem_V_0_BID       |   in|    1|       m_axi|                                     gmem_V|       pointer|
|m_axi_gmem_V_0_BUSER     |   in|    1|       m_axi|                                     gmem_V|       pointer|
|sext_ln105               |   in|   60|     ap_none|                                 sext_ln105|        scalar|
|rb_7_address0            |  out|    4|   ap_memory|                                       rb_7|         array|
|rb_7_ce0                 |  out|    1|   ap_memory|                                       rb_7|         array|
|rb_7_we0                 |  out|    1|   ap_memory|                                       rb_7|         array|
|rb_7_d0                  |  out|  128|   ap_memory|                                       rb_7|         array|
|rb_6_address0            |  out|    4|   ap_memory|                                       rb_6|         array|
|rb_6_ce0                 |  out|    1|   ap_memory|                                       rb_6|         array|
|rb_6_we0                 |  out|    1|   ap_memory|                                       rb_6|         array|
|rb_6_d0                  |  out|  128|   ap_memory|                                       rb_6|         array|
|rb_5_address0            |  out|    4|   ap_memory|                                       rb_5|         array|
|rb_5_ce0                 |  out|    1|   ap_memory|                                       rb_5|         array|
|rb_5_we0                 |  out|    1|   ap_memory|                                       rb_5|         array|
|rb_5_d0                  |  out|  128|   ap_memory|                                       rb_5|         array|
|rb_4_address0            |  out|    4|   ap_memory|                                       rb_4|         array|
|rb_4_ce0                 |  out|    1|   ap_memory|                                       rb_4|         array|
|rb_4_we0                 |  out|    1|   ap_memory|                                       rb_4|         array|
|rb_4_d0                  |  out|  128|   ap_memory|                                       rb_4|         array|
|rb_3_address0            |  out|    4|   ap_memory|                                       rb_3|         array|
|rb_3_ce0                 |  out|    1|   ap_memory|                                       rb_3|         array|
|rb_3_we0                 |  out|    1|   ap_memory|                                       rb_3|         array|
|rb_3_d0                  |  out|  128|   ap_memory|                                       rb_3|         array|
|rb_2_address0            |  out|    4|   ap_memory|                                       rb_2|         array|
|rb_2_ce0                 |  out|    1|   ap_memory|                                       rb_2|         array|
|rb_2_we0                 |  out|    1|   ap_memory|                                       rb_2|         array|
|rb_2_d0                  |  out|  128|   ap_memory|                                       rb_2|         array|
|rb_1_address0            |  out|    4|   ap_memory|                                       rb_1|         array|
|rb_1_ce0                 |  out|    1|   ap_memory|                                       rb_1|         array|
|rb_1_we0                 |  out|    1|   ap_memory|                                       rb_1|         array|
|rb_1_d0                  |  out|  128|   ap_memory|                                       rb_1|         array|
|rb_0_address0            |  out|    4|   ap_memory|                                       rb_0|         array|
|rb_0_ce0                 |  out|    1|   ap_memory|                                       rb_0|         array|
|rb_0_we0                 |  out|    1|   ap_memory|                                       rb_0|         array|
|rb_0_d0                  |  out|  128|   ap_memory|                                       rb_0|         array|
+-------------------------+-----+-----+------------+-------------------------------------------+--------------+

============================================================
+ Verbose Summary: Synthesis Manager
============================================================
InlineROM: 1
ExposeGlobal: 0
============================================================
+ Verbose Summary: CDFG Model
============================================================
IsTopModel: 0
ResetActiveHigh: 1
IsCombinational: 2
IsDatapathOnly: 2
HasWiredReturn: 1
HasMFsm: 2
HasVarLatency: 1
IsPipeline: 0
IsRtlPipelined: 0
IsInstanceOverlapped: 0
IsDontTouch: 0
HasImplIP: 0
IsGatedGlobalClock: 0

+ Individual pipeline summary: 
  * Pipeline-0: initiation interval (II) = 1, depth = 3


============================================================
+ Verbose Summary: Schedule
============================================================
* Number of FSM states : 3
* Pipeline : 1
  Pipeline-0 : II = 1, D = 3, States = { 1 2 3 }
* Dataflow Pipeline: 0

* FSM state transitions: 
1 --> 2 
2 --> 3 
3 --> 

* FSM state operations: 

State 1 <SV = 0> <Delay = 1.62>
ST_1 : Operation 6 [1/1] (0.00ns)   --->   "%w = alloca i32 1" [swiglu.cpp:106]   --->   Operation 6 'alloca' 'w' <Predicate = true> <Delay = 0.00>
ST_1 : Operation 7 [1/1] (0.00ns)   --->   "%b = alloca i32 1" [swiglu.cpp:105]   --->   Operation 7 'alloca' 'b' <Predicate = true> <Delay = 0.00>
ST_1 : Operation 8 [1/1] (0.00ns)   --->   "%indvar_flatten = alloca i32 1"   --->   Operation 8 'alloca' 'indvar_flatten' <Predicate = true> <Delay = 0.00>
ST_1 : Operation 9 [1/1] (0.00ns)   --->   "%sext_ln105_read = read i60 @_ssdm_op_Read.ap_auto.i60, i60 %sext_ln105"   --->   Operation 9 'read' 'sext_ln105_read' <Predicate = true> <Delay = 0.00>
ST_1 : Operation 10 [1/1] (0.00ns)   --->   "%sext_ln105_cast = sext i60 %sext_ln105_read"   --->   Operation 10 'sext' 'sext_ln105_cast' <Predicate = true> <Delay = 0.00>
ST_1 : Operation 11 [1/1] (0.00ns)   --->   "%specmemcore_ln0 = specmemcore void @_ssdm_op_SpecMemCore, i128 %rb_7, i64 666, i64 18, i64 18446744073709551615"   --->   Operation 11 'specmemcore' 'specmemcore_ln0' <Predicate = true> <Delay = 0.00>
ST_1 : Operation 12 [1/1] (0.00ns)   --->   "%specmemcore_ln0 = specmemcore void @_ssdm_op_SpecMemCore, i128 %rb_6, i64 666, i64 18, i64 18446744073709551615"   --->   Operation 12 'specmemcore' 'specmemcore_ln0' <Predicate = true> <Delay = 0.00>
ST_1 : Operation 13 [1/1] (0.00ns)   --->   "%specmemcore_ln0 = specmemcore void @_ssdm_op_SpecMemCore, i128 %rb_5, i64 666, i64 18, i64 18446744073709551615"   --->   Operation 13 'specmemcore' 'specmemcore_ln0' <Predicate = true> <Delay = 0.00>
ST_1 : Operation 14 [1/1] (0.00ns)   --->   "%specmemcore_ln0 = specmemcore void @_ssdm_op_SpecMemCore, i128 %rb_4, i64 666, i64 18, i64 18446744073709551615"   --->   Operation 14 'specmemcore' 'specmemcore_ln0' <Predicate = true> <Delay = 0.00>
ST_1 : Operation 15 [1/1] (0.00ns)   --->   "%specmemcore_ln0 = specmemcore void @_ssdm_op_SpecMemCore, i128 %rb_3, i64 666, i64 18, i64 18446744073709551615"   --->   Operation 15 'specmemcore' 'specmemcore_ln0' <Predicate = true> <Delay = 0.00>
ST_1 : Operation 16 [1/1] (0.00ns)   --->   "%specmemcore_ln0 = specmemcore void @_ssdm_op_SpecMemCore, i128 %rb_2, i64 666, i64 18, i64 18446744073709551615"   --->   Operation 16 'specmemcore' 'specmemcore_ln0' <Predicate = true> <Delay = 0.00>
ST_1 : Operation 17 [1/1] (0.00ns)   --->   "%specmemcore_ln0 = specmemcore void @_ssdm_op_SpecMemCore, i128 %rb_1, i64 666, i64 18, i64 18446744073709551615"   --->   Operation 17 'specmemcore' 'specmemcore_ln0' <Predicate = true> <Delay = 0.00>
ST_1 : Operation 18 [1/1] (0.00ns)   --->   "%specmemcore_ln0 = specmemcore void @_ssdm_op_SpecMemCore, i128 %rb_0, i64 666, i64 18, i64 18446744073709551615"   --->   Operation 18 'specmemcore' 'specmemcore_ln0' <Predicate = true> <Delay = 0.00>
ST_1 : Operation 19 [1/1] (0.00ns)   --->   "%specinterface_ln0 = specinterface void @_ssdm_op_SpecInterface, i128 %gmem_V, void @empty_27, i32 0, i32 0, void @empty_28, i32 64, i32 589824, void @empty_0, void @empty, void @empty_28, i32 1, i32 16, i32 128, i32 16, void @empty_28, void @empty_28, i32 4294967295, i32 0, i32 0"   --->   Operation 19 'specinterface' 'specinterface_ln0' <Predicate = true> <Delay = 0.00>
ST_1 : Operation 20 [1/1] (0.42ns)   --->   "%store_ln0 = store i7 0, i7 %indvar_flatten"   --->   Operation 20 'store' 'store_ln0' <Predicate = true> <Delay = 0.42>
ST_1 : Operation 21 [1/1] (0.42ns)   --->   "%store_ln105 = store i4 0, i4 %b" [swiglu.cpp:105]   --->   Operation 21 'store' 'store_ln105' <Predicate = true> <Delay = 0.42>
ST_1 : Operation 22 [1/1] (0.42ns)   --->   "%store_ln106 = store i4 0, i4 %w" [swiglu.cpp:106]   --->   Operation 22 'store' 'store_ln106' <Predicate = true> <Delay = 0.42>
ST_1 : Operation 23 [1/1] (0.00ns)   --->   "%br_ln0 = br void %for.inc"   --->   Operation 23 'br' 'br_ln0' <Predicate = true> <Delay = 0.00>
ST_1 : Operation 24 [1/1] (0.00ns)   --->   "%indvar_flatten_load = load i7 %indvar_flatten" [swiglu.cpp:105]   --->   Operation 24 'load' 'indvar_flatten_load' <Predicate = true> <Delay = 0.00>
ST_1 : Operation 25 [1/1] (0.77ns)   --->   "%icmp_ln105 = icmp_eq  i7 %indvar_flatten_load, i7 72" [swiglu.cpp:105]   --->   Operation 25 'icmp' 'icmp_ln105' <Predicate = true> <Delay = 0.77> <CoreInst = "Cmp">   --->   Core 9 'Cmp' <Latency = 0> <II = 1> <Delay = 0.77> <FuncUnit> <Opcode : 'seteq' 'setne' 'setle' 'setge' 'setlt' 'setgt'> <InPorts = 2> <OutPorts = 1>
ST_1 : Operation 26 [1/1] (0.77ns)   --->   "%add_ln105_1 = add i7 %indvar_flatten_load, i7 1" [swiglu.cpp:105]   --->   Operation 26 'add' 'add_ln105_1' <Predicate = true> <Delay = 0.77> <CoreInst = "Adder">   --->   Core 1 'Adder' <Latency = 0> <II = 1> <Delay = 0.77> <FuncUnit> <Opcode : 'add' 'sub'> <InPorts = 2> <OutPorts = 1>
ST_1 : Operation 27 [1/1] (0.00ns)   --->   "%br_ln105 = br i1 %icmp_ln105, void %for.inc10, void %for.end12.exitStub" [swiglu.cpp:105]   --->   Operation 27 'br' 'br_ln105' <Predicate = true> <Delay = 0.00>
ST_1 : Operation 28 [1/1] (0.42ns)   --->   "%store_ln105 = store i7 %add_ln105_1, i7 %indvar_flatten" [swiglu.cpp:105]   --->   Operation 28 'store' 'store_ln105' <Predicate = (!icmp_ln105)> <Delay = 0.42>

State 2 <SV = 1> <Delay = 2.43>
ST_2 : Operation 29 [1/1] (0.00ns)   --->   "%w_load = load i4 %w" [swiglu.cpp:106]   --->   Operation 29 'load' 'w_load' <Predicate = true> <Delay = 0.00>
ST_2 : Operation 30 [1/1] (0.00ns)   --->   "%b_load = load i4 %b" [swiglu.cpp:105]   --->   Operation 30 'load' 'b_load' <Predicate = true> <Delay = 0.00>
ST_2 : Operation 31 [1/1] (0.00ns)   --->   "%gmem_V_addr = getelementptr i128 %gmem_V, i64 %sext_ln105_cast" [swiglu.cpp:105]   --->   Operation 31 'getelementptr' 'gmem_V_addr' <Predicate = true> <Delay = 0.00>
ST_2 : Operation 32 [1/1] (0.79ns)   --->   "%add_ln105 = add i4 %b_load, i4 1" [swiglu.cpp:105]   --->   Operation 32 'add' 'add_ln105' <Predicate = true> <Delay = 0.79> <CoreInst = "Adder">   --->   Core 1 'Adder' <Latency = 0> <II = 1> <Delay = 0.79> <FuncUnit> <Opcode : 'add' 'sub'> <InPorts = 2> <OutPorts = 1>
ST_2 : Operation 33 [1/1] (0.79ns)   --->   "%icmp_ln106 = icmp_eq  i4 %w_load, i4 9" [swiglu.cpp:106]   --->   Operation 33 'icmp' 'icmp_ln106' <Predicate = true> <Delay = 0.79> <CoreInst = "Cmp">   --->   Core 9 'Cmp' <Latency = 0> <II = 1> <Delay = 0.79> <FuncUnit> <Opcode : 'seteq' 'setne' 'setle' 'setge' 'setlt' 'setgt'> <InPorts = 2> <OutPorts = 1>
ST_2 : Operation 34 [1/1] (0.39ns)   --->   "%select_ln105 = select i1 %icmp_ln106, i4 0, i4 %w_load" [swiglu.cpp:105]   --->   Operation 34 'select' 'select_ln105' <Predicate = true> <Delay = 0.39> <CoreInst = "Sel">   --->   Core 73 'Sel' <Latency = 0> <II = 1> <Delay = 0.39> <FuncUnit> <Opcode : 'select'> <InPorts = 3> <OutPorts = 1>
ST_2 : Operation 35 [1/1] (0.39ns)   --->   "%select_ln105_1 = select i1 %icmp_ln106, i4 %add_ln105, i4 %b_load" [swiglu.cpp:105]   --->   Operation 35 'select' 'select_ln105_1' <Predicate = true> <Delay = 0.39> <CoreInst = "Sel">   --->   Core 73 'Sel' <Latency = 0> <II = 1> <Delay = 0.39> <FuncUnit> <Opcode : 'select'> <InPorts = 3> <OutPorts = 1>
ST_2 : Operation 36 [1/1] (0.00ns)   --->   "%trunc_ln105 = trunc i4 %select_ln105_1" [swiglu.cpp:105]   --->   Operation 36 'trunc' 'trunc_ln105' <Predicate = true> <Delay = 0.00>
ST_2 : Operation 37 [1/1] (2.43ns)   --->   "%gmem_V_addr_read = read i128 @_ssdm_op_Read.m_axi.p1i128, i64 %gmem_V_addr" [swiglu.cpp:108]   --->   Operation 37 'read' 'gmem_V_addr_read' <Predicate = true> <Delay = 2.43> <CoreInst = "m_axi">   --->   Core 119 'm_axi' <Latency = 3> <II = 1> <Delay = 1.00> <Adapter> <Opcode : 'read' 'write' 'readreq' 'writereq' 'writeresp'>
ST_2 : Operation 38 [1/1] (0.67ns)   --->   "%switch_ln108 = switch i3 %trunc_ln105, void %arrayidx911.case.7, i3 0, void %arrayidx911.case.0, i3 1, void %arrayidx911.case.1, i3 2, void %arrayidx911.case.2, i3 3, void %arrayidx911.case.3, i3 4, void %arrayidx911.case.4, i3 5, void %arrayidx911.case.5, i3 6, void %arrayidx911.case.6" [swiglu.cpp:108]   --->   Operation 38 'switch' 'switch_ln108' <Predicate = true> <Delay = 0.67>
ST_2 : Operation 39 [1/1] (0.79ns)   --->   "%add_ln106 = add i4 %select_ln105, i4 1" [swiglu.cpp:106]   --->   Operation 39 'add' 'add_ln106' <Predicate = true> <Delay = 0.79> <CoreInst = "Adder">   --->   Core 1 'Adder' <Latency = 0> <II = 1> <Delay = 0.79> <FuncUnit> <Opcode : 'add' 'sub'> <InPorts = 2> <OutPorts = 1>
ST_2 : Operation 40 [1/1] (0.42ns)   --->   "%store_ln105 = store i4 %select_ln105_1, i4 %b" [swiglu.cpp:105]   --->   Operation 40 'store' 'store_ln105' <Predicate = true> <Delay = 0.42>
ST_2 : Operation 41 [1/1] (0.42ns)   --->   "%store_ln106 = store i4 %add_ln106, i4 %w" [swiglu.cpp:106]   --->   Operation 41 'store' 'store_ln106' <Predicate = true> <Delay = 0.42>
ST_2 : Operation 42 [1/1] (0.00ns)   --->   "%br_ln106 = br void %for.inc" [swiglu.cpp:106]   --->   Operation 42 'br' 'br_ln106' <Predicate = true> <Delay = 0.00>
ST_2 : Operation 71 [1/1] (0.42ns)   --->   "%ret_ln0 = ret"   --->   Operation 71 'ret' 'ret_ln0' <Predicate = (icmp_ln105)> <Delay = 0.42>

State 3 <SV = 2> <Delay = 1.23>
ST_3 : Operation 43 [1/1] (0.00ns)   --->   "%specloopname_ln0 = specloopname void @_ssdm_op_SpecLoopName, void @LOAD_BLOCK_LOAD_WORD_str"   --->   Operation 43 'specloopname' 'specloopname_ln0' <Predicate = true> <Delay = 0.00>
ST_3 : Operation 44 [1/1] (0.00ns)   --->   "%speclooptripcount_ln0 = speclooptripcount void @_ssdm_op_SpecLoopTripCount, i64 72, i64 72, i64 72"   --->   Operation 44 'speclooptripcount' 'speclooptripcount_ln0' <Predicate = true> <Delay = 0.00>
ST_3 : Operation 45 [1/1] (0.00ns)   --->   "%zext_ln106 = zext i4 %select_ln105" [swiglu.cpp:106]   --->   Operation 45 'zext' 'zext_ln106' <Predicate = true> <Delay = 0.00>
ST_3 : Operation 46 [1/1] (0.00ns)   --->   "%specpipeline_ln107 = specpipeline void @_ssdm_op_SpecPipeline, i32 1, i32 0, i32 0, i32 0, void @empty_28" [swiglu.cpp:107]   --->   Operation 46 'specpipeline' 'specpipeline_ln107' <Predicate = true> <Delay = 0.00>
ST_3 : Operation 47 [1/1] (0.00ns)   --->   "%rb_0_addr = getelementptr i128 %rb_0, i64 0, i64 %zext_ln106" [swiglu.cpp:108]   --->   Operation 47 'getelementptr' 'rb_0_addr' <Predicate = true> <Delay = 0.00>
ST_3 : Operation 48 [1/1] (0.00ns)   --->   "%rb_1_addr = getelementptr i128 %rb_1, i64 0, i64 %zext_ln106" [swiglu.cpp:108]   --->   Operation 48 'getelementptr' 'rb_1_addr' <Predicate = true> <Delay = 0.00>
ST_3 : Operation 49 [1/1] (0.00ns)   --->   "%rb_2_addr = getelementptr i128 %rb_2, i64 0, i64 %zext_ln106" [swiglu.cpp:108]   --->   Operation 49 'getelementptr' 'rb_2_addr' <Predicate = true> <Delay = 0.00>
ST_3 : Operation 50 [1/1] (0.00ns)   --->   "%rb_3_addr = getelementptr i128 %rb_3, i64 0, i64 %zext_ln106" [swiglu.cpp:108]   --->   Operation 50 'getelementptr' 'rb_3_addr' <Predicate = true> <Delay = 0.00>
ST_3 : Operation 51 [1/1] (0.00ns)   --->   "%rb_4_addr = getelementptr i128 %rb_4, i64 0, i64 %zext_ln106" [swiglu.cpp:108]   --->   Operation 51 'getelementptr' 'rb_4_addr' <Predicate = true> <Delay = 0.00>
ST_3 : Operation 52 [1/1] (0.00ns)   --->   "%rb_5_addr = getelementptr i128 %rb_5, i64 0, i64 %zext_ln106" [swiglu.cpp:108]   --->   Operation 52 'getelementptr' 'rb_5_addr' <Predicate = true> <Delay = 0.00>
ST_3 : Operation 53 [1/1] (0.00ns)   --->   "%rb_6_addr = getelementptr i128 %rb_6, i64 0, i64 %zext_ln106" [swiglu.cpp:108]   --->   Operation 53 'getelementptr' 'rb_6_addr' <Predicate = true> <Delay = 0.00>
ST_3 : Operation 54 [1/1] (0.00ns)   --->   "%rb_7_addr = getelementptr i128 %rb_7, i64 0, i64 %zext_ln106" [swiglu.cpp:108]   --->   Operation 54 'getelementptr' 'rb_7_addr' <Predicate = true> <Delay = 0.00>
ST_3 : Operation 55 [1/1] ( I:1.23ns O:1.23ns )   --->   "%store_ln108 = store i128 %gmem_V_addr_read, i4 %rb_6_addr" [swiglu.cpp:108]   --->   Operation 55 'store' 'store_ln108' <Predicate = (trunc_ln105 == 6)> <Delay = 1.23> <CoreInst = "RAM_1P_BRAM">   --->   Core 89 'RAM_1P_BRAM' <Latency = 1> <II = 1> <Delay = 1.23> <Storage> <Opcode : 'load' 'store'> <Ports = 1> <Width = 128> <Depth = 9> <RAM>
ST_3 : Operation 56 [1/1] (0.00ns)   --->   "%br_ln108 = br void %arrayidx911.exit" [swiglu.cpp:108]   --->   Operation 56 'br' 'br_ln108' <Predicate = (trunc_ln105 == 6)> <Delay = 0.00>
ST_3 : Operation 57 [1/1] ( I:1.23ns O:1.23ns )   --->   "%store_ln108 = store i128 %gmem_V_addr_read, i4 %rb_5_addr" [swiglu.cpp:108]   --->   Operation 57 'store' 'store_ln108' <Predicate = (trunc_ln105 == 5)> <Delay = 1.23> <CoreInst = "RAM_1P_BRAM">   --->   Core 89 'RAM_1P_BRAM' <Latency = 1> <II = 1> <Delay = 1.23> <Storage> <Opcode : 'load' 'store'> <Ports = 1> <Width = 128> <Depth = 9> <RAM>
ST_3 : Operation 58 [1/1] (0.00ns)   --->   "%br_ln108 = br void %arrayidx911.exit" [swiglu.cpp:108]   --->   Operation 58 'br' 'br_ln108' <Predicate = (trunc_ln105 == 5)> <Delay = 0.00>
ST_3 : Operation 59 [1/1] ( I:1.23ns O:1.23ns )   --->   "%store_ln108 = store i128 %gmem_V_addr_read, i4 %rb_4_addr" [swiglu.cpp:108]   --->   Operation 59 'store' 'store_ln108' <Predicate = (trunc_ln105 == 4)> <Delay = 1.23> <CoreInst = "RAM_1P_BRAM">   --->   Core 89 'RAM_1P_BRAM' <Latency = 1> <II = 1> <Delay = 1.23> <Storage> <Opcode : 'load' 'store'> <Ports = 1> <Width = 128> <Depth = 9> <RAM>
ST_3 : Operation 60 [1/1] (0.00ns)   --->   "%br_ln108 = br void %arrayidx911.exit" [swiglu.cpp:108]   --->   Operation 60 'br' 'br_ln108' <Predicate = (trunc_ln105 == 4)> <Delay = 0.00>
ST_3 : Operation 61 [1/1] ( I:1.23ns O:1.23ns )   --->   "%store_ln108 = store i128 %gmem_V_addr_read, i4 %rb_3_addr" [swiglu.cpp:108]   --->   Operation 61 'store' 'store_ln108' <Predicate = (trunc_ln105 == 3)> <Delay = 1.23> <CoreInst = "RAM_1P_BRAM">   --->   Core 89 'RAM_1P_BRAM' <Latency = 1> <II = 1> <Delay = 1.23> <Storage> <Opcode : 'load' 'store'> <Ports = 1> <Width = 128> <Depth = 9> <RAM>
ST_3 : Operation 62 [1/1] (0.00ns)   --->   "%br_ln108 = br void %arrayidx911.exit" [swiglu.cpp:108]   --->   Operation 62 'br' 'br_ln108' <Predicate = (trunc_ln105 == 3)> <Delay = 0.00>
ST_3 : Operation 63 [1/1] ( I:1.23ns O:1.23ns )   --->   "%store_ln108 = store i128 %gmem_V_addr_read, i4 %rb_2_addr" [swiglu.cpp:108]   --->   Operation 63 'store' 'store_ln108' <Predicate = (trunc_ln105 == 2)> <Delay = 1.23> <CoreInst = "RAM_1P_BRAM">   --->   Core 89 'RAM_1P_BRAM' <Latency = 1> <II = 1> <Delay = 1.23> <Storage> <Opcode : 'load' 'store'> <Ports = 1> <Width = 128> <Depth = 9> <RAM>
ST_3 : Operation 64 [1/1] (0.00ns)   --->   "%br_ln108 = br void %arrayidx911.exit" [swiglu.cpp:108]   --->   Operation 64 'br' 'br_ln108' <Predicate = (trunc_ln105 == 2)> <Delay = 0.00>
ST_3 : Operation 65 [1/1] ( I:1.23ns O:1.23ns )   --->   "%store_ln108 = store i128 %gmem_V_addr_read, i4 %rb_1_addr" [swiglu.cpp:108]   --->   Operation 65 'store' 'store_ln108' <Predicate = (trunc_ln105 == 1)> <Delay = 1.23> <CoreInst = "RAM_1P_BRAM">   --->   Core 89 'RAM_1P_BRAM' <Latency = 1> <II = 1> <Delay = 1.23> <Storage> <Opcode : 'load' 'store'> <Ports = 1> <Width = 128> <Depth = 9> <RAM>
ST_3 : Operation 66 [1/1] (0.00ns)   --->   "%br_ln108 = br void %arrayidx911.exit" [swiglu.cpp:108]   --->   Operation 66 'br' 'br_ln108' <Predicate = (trunc_ln105 == 1)> <Delay = 0.00>
ST_3 : Operation 67 [1/1] ( I:1.23ns O:1.23ns )   --->   "%store_ln108 = store i128 %gmem_V_addr_read, i4 %rb_0_addr" [swiglu.cpp:108]   --->   Operation 67 'store' 'store_ln108' <Predicate = (trunc_ln105 == 0)> <Delay = 1.23> <CoreInst = "RAM_1P_BRAM">   --->   Core 89 'RAM_1P_BRAM' <Latency = 1> <II = 1> <Delay = 1.23> <Storage> <Opcode : 'load' 'store'> <Ports = 1> <Width = 128> <Depth = 9> <RAM>
ST_3 : Operation 68 [1/1] (0.00ns)   --->   "%br_ln108 = br void %arrayidx911.exit" [swiglu.cpp:108]   --->   Operation 68 'br' 'br_ln108' <Predicate = (trunc_ln105 == 0)> <Delay = 0.00>
ST_3 : Operation 69 [1/1] ( I:1.23ns O:1.23ns )   --->   "%store_ln108 = store i128 %gmem_V_addr_read, i4 %rb_7_addr" [swiglu.cpp:108]   --->   Operation 69 'store' 'store_ln108' <Predicate = (trunc_ln105 == 7)> <Delay = 1.23> <CoreInst = "RAM_1P_BRAM">   --->   Core 89 'RAM_1P_BRAM' <Latency = 1> <II = 1> <Delay = 1.23> <Storage> <Opcode : 'load' 'store'> <Ports = 1> <Width = 128> <Depth = 9> <RAM>
ST_3 : Operation 70 [1/1] (0.00ns)   --->   "%br_ln108 = br void %arrayidx911.exit" [swiglu.cpp:108]   --->   Operation 70 'br' 'br_ln108' <Predicate = (trunc_ln105 == 7)> <Delay = 0.00>


============================================================
+ Verbose Summary: Binding
============================================================
STG Binding: 
---------------- STG Properties BEGIN ----------------
- Is combinational: 0
- Is one-state seq: 0
- Is datapath-only: 0
- Is pipelined: 0
- Is top level: 0
Port [ Return ] is wired: 1; IO mode=ap_ctrl_hs:ce=0
Port [ gmem_V]:  wired=1; compound=1; hidden=0; nouse=0; global=0; static=0; extern=0; dir=0; type=4; pingpong=0; private_global=0; IO mode=m_axi:ce=0
Port [ sext_ln105]:  wired=1; compound=0; hidden=0; nouse=0; global=0; static=0; extern=0; dir=0; type=0; pingpong=0; private_global=0; IO mode=ap_none:ce=0
Port [ rb_7]:  wired=1; compound=1; hidden=0; nouse=0; global=0; static=0; extern=0; dir=1; type=1; pingpong=0; private_global=0; MemPort=[0]; IO mode=ap_memory:ce=0
Port [ rb_6]:  wired=1; compound=1; hidden=0; nouse=0; global=0; static=0; extern=0; dir=1; type=1; pingpong=0; private_global=0; MemPort=[0]; IO mode=ap_memory:ce=0
Port [ rb_5]:  wired=1; compound=1; hidden=0; nouse=0; global=0; static=0; extern=0; dir=1; type=1; pingpong=0; private_global=0; MemPort=[0]; IO mode=ap_memory:ce=0
Port [ rb_4]:  wired=1; compound=1; hidden=0; nouse=0; global=0; static=0; extern=0; dir=1; type=1; pingpong=0; private_global=0; MemPort=[0]; IO mode=ap_memory:ce=0
Port [ rb_3]:  wired=1; compound=1; hidden=0; nouse=0; global=0; static=0; extern=0; dir=1; type=1; pingpong=0; private_global=0; MemPort=[0]; IO mode=ap_memory:ce=0
Port [ rb_2]:  wired=1; compound=1; hidden=0; nouse=0; global=0; static=0; extern=0; dir=1; type=1; pingpong=0; private_global=0; MemPort=[0]; IO mode=ap_memory:ce=0
Port [ rb_1]:  wired=1; compound=1; hidden=0; nouse=0; global=0; static=0; extern=0; dir=1; type=1; pingpong=0; private_global=0; MemPort=[0]; IO mode=ap_memory:ce=0
Port [ rb_0]:  wired=1; compound=1; hidden=0; nouse=0; global=0; static=0; extern=0; dir=1; type=1; pingpong=0; private_global=0; MemPort=[0]; IO mode=ap_memory:ce=0
---------------- STG Properties END ------------------

---------------- Datapath Model BEGIN ----------------

<LifeTime>
<method=bitvector/>
w                     (alloca           ) [ 0110]
b                     (alloca           ) [ 0110]
indvar_flatten        (alloca           ) [ 0100]
sext_ln105_read       (read             ) [ 0000]
sext_ln105_cast       (sext             ) [ 0110]
specmemcore_ln0       (specmemcore      ) [ 0000]
specmemcore_ln0       (specmemcore      ) [ 0000]
specmemcore_ln0       (specmemcore      ) [ 0000]
specmemcore_ln0       (specmemcore      ) [ 0000]
specmemcore_ln0       (specmemcore      ) [ 0000]
specmemcore_ln0       (specmemcore      ) [ 0000]
specmemcore_ln0       (specmemcore      ) [ 0000]
specmemcore_ln0       (specmemcore      ) [ 0000]
specinterface_ln0     (specinterface    ) [ 0000]
store_ln0             (store            ) [ 0000]
store_ln105           (store            ) [ 0000]
store_ln106           (store            ) [ 0000]
br_ln0                (br               ) [ 0000]
indvar_flatten_load   (load             ) [ 0000]
icmp_ln105            (icmp             ) [ 0110]
add_ln105_1           (add              ) [ 0000]
br_ln105              (br               ) [ 0000]
store_ln105           (store            ) [ 0000]
w_load                (load             ) [ 0000]
b_load                (load             ) [ 0000]
gmem_V_addr           (getelementptr    ) [ 0000]
add_ln105             (add              ) [ 0000]
icmp_ln106            (icmp             ) [ 0000]
select_ln105          (select           ) [ 0101]
select_ln105_1        (select           ) [ 0000]
trunc_ln105           (trunc            ) [ 0101]
gmem_V_addr_read      (read             ) [ 0101]
switch_ln108          (switch           ) [ 0000]
add_ln106             (add              ) [ 0000]
store_ln105           (store            ) [ 0000]
store_ln106           (store            ) [ 0000]
br_ln106              (br               ) [ 0000]
specloopname_ln0      (specloopname     ) [ 0000]
speclooptripcount_ln0 (speclooptripcount) [ 0000]
zext_ln106            (zext             ) [ 0000]
specpipeline_ln107    (specpipeline     ) [ 0000]
rb_0_addr             (getelementptr    ) [ 0000]
rb_1_addr             (getelementptr    ) [ 0000]
rb_2_addr             (getelementptr    ) [ 0000]
rb_3_addr             (getelementptr    ) [ 0000]
rb_4_addr             (getelementptr    ) [ 0000]
rb_5_addr             (getelementptr    ) [ 0000]
rb_6_addr             (getelementptr    ) [ 0000]
rb_7_addr             (getelementptr    ) [ 0000]
store_ln108           (store            ) [ 0000]
br_ln108              (br               ) [ 0000]
store_ln108           (store            ) [ 0000]
br_ln108              (br               ) [ 0000]
store_ln108           (store            ) [ 0000]
br_ln108              (br               ) [ 0000]
store_ln108           (store            ) [ 0000]
br_ln108              (br               ) [ 0000]
store_ln108           (store            ) [ 0000]
br_ln108              (br               ) [ 0000]
store_ln108           (store            ) [ 0000]
br_ln108              (br               ) [ 0000]
store_ln108           (store            ) [ 0000]
br_ln108              (br               ) [ 0000]
store_ln108           (store            ) [ 0000]
br_ln108              (br               ) [ 0000]
ret_ln0               (ret              ) [ 0000]
</LifeTime>

<model>

<comp_list>
<comp id="0" class="1000" name="gmem_V">
<pin_list>
<pin id="1" dir="1" index="0" bw="1" slack="0"/>
</pin_list>
<bind>
<StgValue><ssdm name="gmem_V"/><MemPortTyVec>0 </MemPortTyVec>
</StgValue>
</bind>
</comp>

<comp id="2" class="1000" name="sext_ln105">
<pin_list>
<pin id="3" dir="1" index="0" bw="1" slack="0"/>
</pin_list>
<bind>
<StgValue><ssdm name="sext_ln105"/></StgValue>
</bind>
</comp>

<comp id="4" class="1000" name="rb_7">
<pin_list>
<pin id="5" dir="1" index="0" bw="1" slack="0"/>
</pin_list>
<bind>
<StgValue><ssdm name="rb_7"/><MemPortTyVec>0 </MemPortTyVec>
</StgValue>
</bind>
</comp>

<comp id="6" class="1000" name="rb_6">
<pin_list>
<pin id="7" dir="1" index="0" bw="1" slack="0"/>
</pin_list>
<bind>
<StgValue><ssdm name="rb_6"/><MemPortTyVec>0 </MemPortTyVec>
</StgValue>
</bind>
</comp>

<comp id="8" class="1000" name="rb_5">
<pin_list>
<pin id="9" dir="1" index="0" bw="1" slack="0"/>
</pin_list>
<bind>
<StgValue><ssdm name="rb_5"/><MemPortTyVec>0 </MemPortTyVec>
</StgValue>
</bind>
</comp>

<comp id="10" class="1000" name="rb_4">
<pin_list>
<pin id="11" dir="1" index="0" bw="1" slack="0"/>
</pin_list>
<bind>
<StgValue><ssdm name="rb_4"/><MemPortTyVec>0 </MemPortTyVec>
</StgValue>
</bind>
</comp>

<comp id="12" class="1000" name="rb_3">
<pin_list>
<pin id="13" dir="1" index="0" bw="1" slack="0"/>
</pin_list>
<bind>
<StgValue><ssdm name="rb_3"/><MemPortTyVec>0 </MemPortTyVec>
</StgValue>
</bind>
</comp>

<comp id="14" class="1000" name="rb_2">
<pin_list>
<pin id="15" dir="1" index="0" bw="1" slack="0"/>
</pin_list>
<bind>
<StgValue><ssdm name="rb_2"/><MemPortTyVec>0 </MemPortTyVec>
</StgValue>
</bind>
</comp>

<comp id="16" class="1000" name="rb_1">
<pin_list>
<pin id="17" dir="1" index="0" bw="1" slack="0"/>
</pin_list>
<bind>
<StgValue><ssdm name="rb_1"/><MemPortTyVec>0 </MemPortTyVec>
</StgValue>
</bind>
</comp>

<comp id="18" class="1000" name="rb_0">
<pin_list>
<pin id="19" dir="1" index="0" bw="1" slack="0"/>
</pin_list>
<bind>
<StgValue><ssdm name="rb_0"/><MemPortTyVec>0 </MemPortTyVec>
</StgValue>
</bind>
</comp>

<comp id="20" class="1001" name="const_20">
<pin_list>
<pin id="21" dir="1" index="0" bw="1" slack="0"/>
</pin_list>
<bind>
<StgValue><ssdm name=""/></StgValue>
</bind>
</comp>

<comp id="22" class="1001" name="const_22">
<pin_list>
<pin id="23" dir="1" index="0" bw="1" slack="0"/>
</pin_list>
<bind>
<StgValue><ssdm name="_ssdm_op_Read.ap_auto.i60"/></StgValue>
</bind>
</comp>

<comp id="24" class="1001" name="const_24">
<pin_list>
<pin id="25" dir="1" index="0" bw="1" slack="2147483647"/>
</pin_list>
<bind>
<StgValue><ssdm name="_ssdm_op_SpecMemCore"/></StgValue>
</bind>
</comp>

<comp id="26" class="1001" name="const_26">
<pin_list>
<pin id="27" dir="1" index="0" bw="1" slack="2147483647"/>
</pin_list>
<bind>
<StgValue><ssdm name=""/></StgValue>
</bind>
</comp>

<comp id="28" class="1001" name="const_28">
<pin_list>
<pin id="29" dir="1" index="0" bw="1" slack="2147483647"/>
</pin_list>
<bind>
<StgValue><ssdm name=""/></StgValue>
</bind>
</comp>

<comp id="30" class="1001" name="const_30">
<pin_list>
<pin id="31" dir="1" index="0" bw="1" slack="2147483647"/>
</pin_list>
<bind>
<StgValue><ssdm name=""/></StgValue>
</bind>
</comp>

<comp id="32" class="1001" name="const_32">
<pin_list>
<pin id="33" dir="1" index="0" bw="1" slack="2147483647"/>
</pin_list>
<bind>
<StgValue><ssdm name="_ssdm_op_SpecInterface"/></StgValue>
</bind>
</comp>

<comp id="34" class="1001" name="const_34">
<pin_list>
<pin id="35" dir="1" index="0" bw="1" slack="2147483647"/>
</pin_list>
<bind>
<StgValue><ssdm name="empty_27"/></StgValue>
</bind>
</comp>

<comp id="36" class="1001" name="const_36">
<pin_list>
<pin id="37" dir="1" index="0" bw="1" slack="2147483647"/>
</pin_list>
<bind>
<StgValue><ssdm name=""/></StgValue>
</bind>
</comp>

<comp id="38" class="1001" name="const_38">
<pin_list>
<pin id="39" dir="1" index="0" bw="1" slack="2147483647"/>
</pin_list>
<bind>
<StgValue><ssdm name="empty_28"/></StgValue>
</bind>
</comp>

<comp id="40" class="1001" name="const_40">
<pin_list>
<pin id="41" dir="1" index="0" bw="1" slack="2147483647"/>
</pin_list>
<bind>
<StgValue><ssdm name=""/></StgValue>
</bind>
</comp>

<comp id="42" class="1001" name="const_42">
<pin_list>
<pin id="43" dir="1" index="0" bw="1" slack="2147483647"/>
</pin_list>
<bind>
<StgValue><ssdm name=""/></StgValue>
</bind>
</comp>

<comp id="44" class="1001" name="const_44">
<pin_list>
<pin id="45" dir="1" index="0" bw="1" slack="2147483647"/>
</pin_list>
<bind>
<StgValue><ssdm name="empty_0"/></StgValue>
</bind>
</comp>

<comp id="46" class="1001" name="const_46">
<pin_list>
<pin id="47" dir="1" index="0" bw="1" slack="2147483647"/>
</pin_list>
<bind>
<StgValue><ssdm name="empty"/></StgValue>
</bind>
</comp>

<comp id="48" class="1001" name="const_48">
<pin_list>
<pin id="49" dir="1" index="0" bw="1" slack="2147483647"/>
</pin_list>
<bind>
<StgValue><ssdm name=""/></StgValue>
</bind>
</comp>

<comp id="50" class="1001" name="const_50">
<pin_list>
<pin id="51" dir="1" index="0" bw="1" slack="2147483647"/>
</pin_list>
<bind>
<StgValue><ssdm name=""/></StgValue>
</bind>
</comp>

<comp id="52" class="1001" name="const_52">
<pin_list>
<pin id="53" dir="1" index="0" bw="1" slack="2147483647"/>
</pin_list>
<bind>
<StgValue><ssdm name=""/></StgValue>
</bind>
</comp>

<comp id="54" class="1001" name="const_54">
<pin_list>
<pin id="55" dir="1" index="0" bw="1" slack="0"/>
</pin_list>
<bind>
<StgValue><ssdm name=""/></StgValue>
</bind>
</comp>

<comp id="56" class="1001" name="const_56">
<pin_list>
<pin id="57" dir="1" index="0" bw="1" slack="0"/>
</pin_list>
<bind>
<StgValue><ssdm name=""/></StgValue>
</bind>
</comp>

<comp id="58" class="1001" name="const_58">
<pin_list>
<pin id="59" dir="1" index="0" bw="1" slack="0"/>
</pin_list>
<bind>
<StgValue><ssdm name=""/></StgValue>
</bind>
</comp>

<comp id="60" class="1001" name="const_60">
<pin_list>
<pin id="61" dir="1" index="0" bw="1" slack="0"/>
</pin_list>
<bind>
<StgValue><ssdm name=""/></StgValue>
</bind>
</comp>

<comp id="62" class="1001" name="const_62">
<pin_list>
<pin id="63" dir="1" index="0" bw="1" slack="0"/>
</pin_list>
<bind>
<StgValue><ssdm name=""/></StgValue>
</bind>
</comp>

<comp id="64" class="1001" name="const_64">
<pin_list>
<pin id="65" dir="1" index="0" bw="1" slack="0"/>
</pin_list>
<bind>
<StgValue><ssdm name=""/></StgValue>
</bind>
</comp>

<comp id="66" class="1001" name="const_66">
<pin_list>
<pin id="67" dir="1" index="0" bw="1" slack="0"/>
</pin_list>
<bind>
<StgValue><ssdm name="_ssdm_op_Read.m_axi.p1i128"/></StgValue>
</bind>
</comp>

<comp id="68" class="1001" name="const_68">
<pin_list>
<pin id="69" dir="1" index="0" bw="1" slack="0"/>
</pin_list>
<bind>
<StgValue><ssdm name=""/></StgValue>
</bind>
</comp>

<comp id="70" class="1001" name="const_70">
<pin_list>
<pin id="71" dir="1" index="0" bw="1" slack="0"/>
</pin_list>
<bind>
<StgValue><ssdm name=""/></StgValue>
</bind>
</comp>

<comp id="72" class="1001" name="const_72">
<pin_list>
<pin id="73" dir="1" index="0" bw="1" slack="0"/>
</pin_list>
<bind>
<StgValue><ssdm name=""/></StgValue>
</bind>
</comp>

<comp id="74" class="1001" name="const_74">
<pin_list>
<pin id="75" dir="1" index="0" bw="1" slack="0"/>
</pin_list>
<bind>
<StgValue><ssdm name=""/></StgValue>
</bind>
</comp>

<comp id="76" class="1001" name="const_76">
<pin_list>
<pin id="77" dir="1" index="0" bw="1" slack="0"/>
</pin_list>
<bind>
<StgValue><ssdm name=""/></StgValue>
</bind>
</comp>

<comp id="78" class="1001" name="const_78">
<pin_list>
<pin id="79" dir="1" index="0" bw="1" slack="0"/>
</pin_list>
<bind>
<StgValue><ssdm name=""/></StgValue>
</bind>
</comp>

<comp id="80" class="1001" name="const_80">
<pin_list>
<pin id="81" dir="1" index="0" bw="1" slack="0"/>
</pin_list>
<bind>
<StgValue><ssdm name=""/></StgValue>
</bind>
</comp>

<comp id="82" class="1001" name="const_82">
<pin_list>
<pin id="83" dir="1" index="0" bw="1" slack="2147483647"/>
</pin_list>
<bind>
<StgValue><ssdm name="_ssdm_op_SpecLoopName"/></StgValue>
</bind>
</comp>

<comp id="84" class="1001" name="const_84">
<pin_list>
<pin id="85" dir="1" index="0" bw="1" slack="2147483647"/>
</pin_list>
<bind>
<StgValue><ssdm name="LOAD_BLOCK_LOAD_WORD_str"/></StgValue>
</bind>
</comp>

<comp id="86" class="1001" name="const_86">
<pin_list>
<pin id="87" dir="1" index="0" bw="1" slack="2147483647"/>
</pin_list>
<bind>
<StgValue><ssdm name="_ssdm_op_SpecLoopTripCount"/></StgValue>
</bind>
</comp>

<comp id="88" class="1001" name="const_88">
<pin_list>
<pin id="89" dir="1" index="0" bw="1" slack="2147483647"/>
</pin_list>
<bind>
<StgValue><ssdm name=""/></StgValue>
</bind>
</comp>

<comp id="90" class="1001" name="const_90">
<pin_list>
<pin id="91" dir="1" index="0" bw="1" slack="2147483647"/>
</pin_list>
<bind>
<StgValue><ssdm name="_ssdm_op_SpecPipeline"/></StgValue>
</bind>
</comp>

<comp id="92" class="1001" name="const_92">
<pin_list>
<pin id="93" dir="1" index="0" bw="1" slack="0"/>
</pin_list>
<bind>
<StgValue><ssdm name=""/></StgValue>
</bind>
</comp>

<comp id="94" class="1004" name="w_fu_94">
<pin_list>
<pin id="95" dir="0" index="0" bw="1" slack="0"/>
<pin id="96" dir="1" index="1" bw="4" slack="0"/>
</pin_list>
<bind>
<opcode="alloca(26) " fcode="alloca"/>
<opset="w/1 "/>
</bind>
</comp>

<comp id="98" class="1004" name="b_fu_98">
<pin_list>
<pin id="99" dir="0" index="0" bw="1" slack="0"/>
<pin id="100" dir="1" index="1" bw="4" slack="0"/>
</pin_list>
<bind>
<opcode="alloca(26) " fcode="alloca"/>
<opset="b/1 "/>
</bind>
</comp>

<comp id="102" class="1004" name="indvar_flatten_fu_102">
<pin_list>
<pin id="103" dir="0" index="0" bw="1" slack="0"/>
<pin id="104" dir="1" index="1" bw="7" slack="0"/>
</pin_list>
<bind>
<opcode="alloca(26) " fcode="alloca"/>
<opset="indvar_flatten/1 "/>
</bind>
</comp>

<comp id="106" class="1004" name="sext_ln105_read_read_fu_106">
<pin_list>
<pin id="107" dir="0" index="0" bw="60" slack="0"/>
<pin id="108" dir="0" index="1" bw="60" slack="0"/>
<pin id="109" dir="1" index="2" bw="60" slack="0"/>
</pin_list>
<bind>
<opcode="read(1150) " fcode="read"/>
<opset="sext_ln105_read/1 "/>
</bind>
</comp>

<comp id="112" class="1004" name="rb_0_addr_gep_fu_112">
<pin_list>
<pin id="113" dir="0" index="0" bw="128" slack="0"/>
<pin id="114" dir="0" index="1" bw="1" slack="0"/>
<pin id="115" dir="0" index="2" bw="4" slack="0"/>
<pin id="116" dir="1" index="3" bw="4" slack="0"/>
</pin_list>
<bind>
<opcode="getelementptr(29) " fcode="getelementptr"/>
<opset="rb_0_addr/3 "/>
</bind>
</comp>

<comp id="119" class="1004" name="rb_1_addr_gep_fu_119">
<pin_list>
<pin id="120" dir="0" index="0" bw="128" slack="0"/>
<pin id="121" dir="0" index="1" bw="1" slack="0"/>
<pin id="122" dir="0" index="2" bw="4" slack="0"/>
<pin id="123" dir="1" index="3" bw="4" slack="0"/>
</pin_list>
<bind>
<opcode="getelementptr(29) " fcode="getelementptr"/>
<opset="rb_1_addr/3 "/>
</bind>
</comp>

<comp id="126" class="1004" name="rb_2_addr_gep_fu_126">
<pin_list>
<pin id="127" dir="0" index="0" bw="128" slack="0"/>
<pin id="128" dir="0" index="1" bw="1" slack="0"/>
<pin id="129" dir="0" index="2" bw="4" slack="0"/>
<pin id="130" dir="1" index="3" bw="4" slack="0"/>
</pin_list>
<bind>
<opcode="getelementptr(29) " fcode="getelementptr"/>
<opset="rb_2_addr/3 "/>
</bind>
</comp>

<comp id="133" class="1004" name="rb_3_addr_gep_fu_133">
<pin_list>
<pin id="134" dir="0" index="0" bw="128" slack="0"/>
<pin id="135" dir="0" index="1" bw="1" slack="0"/>
<pin id="136" dir="0" index="2" bw="4" slack="0"/>
<pin id="137" dir="1" index="3" bw="4" slack="0"/>
</pin_list>
<bind>
<opcode="getelementptr(29) " fcode="getelementptr"/>
<opset="rb_3_addr/3 "/>
</bind>
</comp>

<comp id="140" class="1004" name="rb_4_addr_gep_fu_140">
<pin_list>
<pin id="141" dir="0" index="0" bw="128" slack="0"/>
<pin id="142" dir="0" index="1" bw="1" slack="0"/>
<pin id="143" dir="0" index="2" bw="4" slack="0"/>
<pin id="144" dir="1" index="3" bw="4" slack="0"/>
</pin_list>
<bind>
<opcode="getelementptr(29) " fcode="getelementptr"/>
<opset="rb_4_addr/3 "/>
</bind>
</comp>

<comp id="147" class="1004" name="rb_5_addr_gep_fu_147">
<pin_list>
<pin id="148" dir="0" index="0" bw="128" slack="0"/>
<pin id="149" dir="0" index="1" bw="1" slack="0"/>
<pin id="150" dir="0" index="2" bw="4" slack="0"/>
<pin id="151" dir="1" index="3" bw="4" slack="0"/>
</pin_list>
<bind>
<opcode="getelementptr(29) " fcode="getelementptr"/>
<opset="rb_5_addr/3 "/>
</bind>
</comp>

<comp id="154" class="1004" name="rb_6_addr_gep_fu_154">
<pin_list>
<pin id="155" dir="0" index="0" bw="128" slack="0"/>
<pin id="156" dir="0" index="1" bw="1" slack="0"/>
<pin id="157" dir="0" index="2" bw="4" slack="0"/>
<pin id="158" dir="1" index="3" bw="4" slack="0"/>
</pin_list>
<bind>
<opcode="getelementptr(29) " fcode="getelementptr"/>
<opset="rb_6_addr/3 "/>
</bind>
</comp>

<comp id="161" class="1004" name="rb_7_addr_gep_fu_161">
<pin_list>
<pin id="162" dir="0" index="0" bw="128" slack="0"/>
<pin id="163" dir="0" index="1" bw="1" slack="0"/>
<pin id="164" dir="0" index="2" bw="4" slack="0"/>
<pin id="165" dir="1" index="3" bw="4" slack="0"/>
</pin_list>
<bind>
<opcode="getelementptr(29) " fcode="getelementptr"/>
<opset="rb_7_addr/3 "/>
</bind>
</comp>

<comp id="168" class="1004" name="store_ln108_access_fu_168">
<pin_list>
<pin id="169" dir="0" index="0" bw="4" slack="0"/>
<pin id="170" dir="0" index="1" bw="128" slack="1"/>
<pin id="171" dir="0" index="2" bw="0" slack="2147483647"/>
<pin id="172" dir="1" index="3" bw="128" slack="2147483647"/>
</pin_list>
<bind>
<opcode="store(28) " fcode="store"/>
<opset="store_ln108/3 "/>
</bind>
</comp>

<comp id="174" class="1004" name="store_ln108_access_fu_174">
<pin_list>
<pin id="175" dir="0" index="0" bw="4" slack="0"/>
<pin id="176" dir="0" index="1" bw="128" slack="1"/>
<pin id="177" dir="0" index="2" bw="0" slack="2147483647"/>
<pin id="178" dir="1" index="3" bw="128" slack="2147483647"/>
</pin_list>
<bind>
<opcode="store(28) " fcode="store"/>
<opset="store_ln108/3 "/>
</bind>
</comp>

<comp id="180" class="1004" name="store_ln108_access_fu_180">
<pin_list>
<pin id="181" dir="0" index="0" bw="4" slack="0"/>
<pin id="182" dir="0" index="1" bw="128" slack="1"/>
<pin id="183" dir="0" index="2" bw="0" slack="2147483647"/>
<pin id="184" dir="1" index="3" bw="128" slack="2147483647"/>
</pin_list>
<bind>
<opcode="store(28) " fcode="store"/>
<opset="store_ln108/3 "/>
</bind>
</comp>

<comp id="186" class="1004" name="store_ln108_access_fu_186">
<pin_list>
<pin id="187" dir="0" index="0" bw="4" slack="0"/>
<pin id="188" dir="0" index="1" bw="128" slack="1"/>
<pin id="189" dir="0" index="2" bw="0" slack="2147483647"/>
<pin id="190" dir="1" index="3" bw="128" slack="2147483647"/>
</pin_list>
<bind>
<opcode="store(28) " fcode="store"/>
<opset="store_ln108/3 "/>
</bind>
</comp>

<comp id="192" class="1004" name="store_ln108_access_fu_192">
<pin_list>
<pin id="193" dir="0" index="0" bw="4" slack="0"/>
<pin id="194" dir="0" index="1" bw="128" slack="1"/>
<pin id="195" dir="0" index="2" bw="0" slack="2147483647"/>
<pin id="196" dir="1" index="3" bw="128" slack="2147483647"/>
</pin_list>
<bind>
<opcode="store(28) " fcode="store"/>
<opset="store_ln108/3 "/>
</bind>
</comp>

<comp id="198" class="1004" name="store_ln108_access_fu_198">
<pin_list>
<pin id="199" dir="0" index="0" bw="4" slack="0"/>
<pin id="200" dir="0" index="1" bw="128" slack="1"/>
<pin id="201" dir="0" index="2" bw="0" slack="2147483647"/>
<pin id="202" dir="1" index="3" bw="128" slack="2147483647"/>
</pin_list>
<bind>
<opcode="store(28) " fcode="store"/>
<opset="store_ln108/3 "/>
</bind>
</comp>

<comp id="204" class="1004" name="store_ln108_access_fu_204">
<pin_list>
<pin id="205" dir="0" index="0" bw="4" slack="0"/>
<pin id="206" dir="0" index="1" bw="128" slack="1"/>
<pin id="207" dir="0" index="2" bw="0" slack="2147483647"/>
<pin id="208" dir="1" index="3" bw="128" slack="2147483647"/>
</pin_list>
<bind>
<opcode="store(28) " fcode="store"/>
<opset="store_ln108/3 "/>
</bind>
</comp>

<comp id="210" class="1004" name="store_ln108_access_fu_210">
<pin_list>
<pin id="211" dir="0" index="0" bw="4" slack="0"/>
<pin id="212" dir="0" index="1" bw="128" slack="1"/>
<pin id="213" dir="0" index="2" bw="0" slack="2147483647"/>
<pin id="214" dir="1" index="3" bw="128" slack="2147483647"/>
</pin_list>
<bind>
<opcode="store(28) " fcode="store"/>
<opset="store_ln108/3 "/>
</bind>
</comp>

<comp id="216" class="1004" name="gmem_V_addr_read_read_fu_216">
<pin_list>
<pin id="217" dir="0" index="0" bw="128" slack="0"/>
<pin id="218" dir="0" index="1" bw="128" slack="0"/>
<pin id="219" dir="1" index="2" bw="128" slack="1"/>
</pin_list>
<bind>
<opcode="read(1150) " fcode="read"/>
<opset="gmem_V_addr_read/2 "/>
</bind>
</comp>

<comp id="221" class="1004" name="sext_ln105_cast_fu_221">
<pin_list>
<pin id="222" dir="0" index="0" bw="60" slack="0"/>
<pin id="223" dir="1" index="1" bw="64" slack="1"/>
</pin_list>
<bind>
<opcode="sext(35) " fcode="sext"/>
<opset="sext_ln105_cast/1 "/>
</bind>
</comp>

<comp id="225" class="1004" name="store_ln0_store_fu_225">
<pin_list>
<pin id="226" dir="0" index="0" bw="1" slack="0"/>
<pin id="227" dir="0" index="1" bw="7" slack="0"/>
<pin id="228" dir="1" index="2" bw="0" slack="2147483647"/>
</pin_list>
<bind>
<opcode="store(28) " fcode="store"/>
<opset="store_ln0/1 "/>
</bind>
</comp>

<comp id="230" class="1004" name="store_ln105_store_fu_230">
<pin_list>
<pin id="231" dir="0" index="0" bw="1" slack="0"/>
<pin id="232" dir="0" index="1" bw="4" slack="0"/>
<pin id="233" dir="1" index="2" bw="0" slack="2147483647"/>
</pin_list>
<bind>
<opcode="store(28) " fcode="store"/>
<opset="store_ln105/1 "/>
</bind>
</comp>

<comp id="235" class="1004" name="store_ln106_store_fu_235">
<pin_list>
<pin id="236" dir="0" index="0" bw="1" slack="0"/>
<pin id="237" dir="0" index="1" bw="4" slack="0"/>
<pin id="238" dir="1" index="2" bw="0" slack="2147483647"/>
</pin_list>
<bind>
<opcode="store(28) " fcode="store"/>
<opset="store_ln106/1 "/>
</bind>
</comp>

<comp id="240" class="1004" name="indvar_flatten_load_load_fu_240">
<pin_list>
<pin id="241" dir="0" index="0" bw="7" slack="0"/>
<pin id="242" dir="1" index="1" bw="7" slack="0"/>
</pin_list>
<bind>
<opcode="load(27) " fcode="load"/>
<opset="indvar_flatten_load/1 "/>
</bind>
</comp>

<comp id="243" class="1004" name="icmp_ln105_fu_243">
<pin_list>
<pin id="244" dir="0" index="0" bw="7" slack="0"/>
<pin id="245" dir="0" index="1" bw="7" slack="0"/>
<pin id="246" dir="1" index="2" bw="1" slack="1"/>
</pin_list>
<bind>
<opcode="icmp(45) " fcode="icmp"/>
<opset="icmp_ln105/1 "/>
</bind>
</comp>

<comp id="249" class="1004" name="add_ln105_1_fu_249">
<pin_list>
<pin id="250" dir="0" index="0" bw="7" slack="0"/>
<pin id="251" dir="0" index="1" bw="1" slack="0"/>
<pin id="252" dir="1" index="2" bw="7" slack="0"/>
</pin_list>
<bind>
<opcode="add(8) " fcode="add"/>
<opset="add_ln105_1/1 "/>
</bind>
</comp>

<comp id="255" class="1004" name="store_ln105_store_fu_255">
<pin_list>
<pin id="256" dir="0" index="0" bw="7" slack="0"/>
<pin id="257" dir="0" index="1" bw="7" slack="0"/>
<pin id="258" dir="1" index="2" bw="0" slack="2147483647"/>
</pin_list>
<bind>
<opcode="store(28) " fcode="store"/>
<opset="store_ln105/1 "/>
</bind>
</comp>

<comp id="260" class="1004" name="w_load_load_fu_260">
<pin_list>
<pin id="261" dir="0" index="0" bw="4" slack="1"/>
<pin id="262" dir="1" index="1" bw="4" slack="0"/>
</pin_list>
<bind>
<opcode="load(27) " fcode="load"/>
<opset="w_load/2 "/>
</bind>
</comp>

<comp id="263" class="1004" name="b_load_load_fu_263">
<pin_list>
<pin id="264" dir="0" index="0" bw="4" slack="1"/>
<pin id="265" dir="1" index="1" bw="4" slack="0"/>
</pin_list>
<bind>
<opcode="load(27) " fcode="load"/>
<opset="b_load/2 "/>
</bind>
</comp>

<comp id="266" class="1004" name="gmem_V_addr_fu_266">
<pin_list>
<pin id="267" dir="0" index="0" bw="64" slack="0"/>
<pin id="268" dir="0" index="1" bw="64" slack="1"/>
<pin id="269" dir="1" index="2" bw="64" slack="0"/>
</pin_list>
<bind>
<opcode="getelementptr(29) " fcode="getelementptr"/>
<opset="gmem_V_addr/2 "/>
</bind>
</comp>

<comp id="272" class="1004" name="add_ln105_fu_272">
<pin_list>
<pin id="273" dir="0" index="0" bw="4" slack="0"/>
<pin id="274" dir="0" index="1" bw="1" slack="0"/>
<pin id="275" dir="1" index="2" bw="4" slack="0"/>
</pin_list>
<bind>
<opcode="add(8) " fcode="add"/>
<opset="add_ln105/2 "/>
</bind>
</comp>

<comp id="278" class="1004" name="icmp_ln106_fu_278">
<pin_list>
<pin id="279" dir="0" index="0" bw="4" slack="0"/>
<pin id="280" dir="0" index="1" bw="4" slack="0"/>
<pin id="281" dir="1" index="2" bw="1" slack="0"/>
</pin_list>
<bind>
<opcode="icmp(45) " fcode="icmp"/>
<opset="icmp_ln106/2 "/>
</bind>
</comp>

<comp id="284" class="1004" name="select_ln105_fu_284">
<pin_list>
<pin id="285" dir="0" index="0" bw="1" slack="0"/>
<pin id="286" dir="0" index="1" bw="4" slack="0"/>
<pin id="287" dir="0" index="2" bw="4" slack="0"/>
<pin id="288" dir="1" index="3" bw="4" slack="0"/>
</pin_list>
<bind>
<opcode="select(49) " fcode="select"/>
<opset="select_ln105/2 "/>
</bind>
</comp>

<comp id="292" class="1004" name="select_ln105_1_fu_292">
<pin_list>
<pin id="293" dir="0" index="0" bw="1" slack="0"/>
<pin id="294" dir="0" index="1" bw="4" slack="0"/>
<pin id="295" dir="0" index="2" bw="4" slack="0"/>
<pin id="296" dir="1" index="3" bw="4" slack="0"/>
</pin_list>
<bind>
<opcode="select(49) " fcode="select"/>
<opset="select_ln105_1/2 "/>
</bind>
</comp>

<comp id="300" class="1004" name="trunc_ln105_fu_300">
<pin_list>
<pin id="301" dir="0" index="0" bw="4" slack="0"/>
<pin id="302" dir="1" index="1" bw="3" slack="0"/>
</pin_list>
<bind>
<opcode="trunc(33) " fcode="trunc"/>
<opset="trunc_ln105/2 "/>
</bind>
</comp>

<comp id="304" class="1004" name="switch_ln108_fu_304">
<pin_list>
<pin id="305" dir="0" index="0" bw="3" slack="0"/>
<pin id="306" dir="0" index="1" bw="1" slack="0"/>
<pin id="307" dir="0" index="2" bw="1" slack="0"/>
<pin id="308" dir="0" index="3" bw="3" slack="0"/>
<pin id="309" dir="0" index="4" bw="3" slack="0"/>
<pin id="310" dir="0" index="5" bw="3" slack="0"/>
<pin id="311" dir="0" index="6" bw="3" slack="0"/>
<pin id="312" dir="0" index="7" bw="2" slack="0"/>
<pin id="313" dir="1" index="8" bw="0" slack="2147483647"/>
</pin_list>
<bind>
<opcode="switch(3) " fcode="switch"/>
<opset="switch_ln108/2 "/>
</bind>
</comp>

<comp id="322" class="1004" name="add_ln106_fu_322">
<pin_list>
<pin id="323" dir="0" index="0" bw="4" slack="0"/>
<pin id="324" dir="0" index="1" bw="1" slack="0"/>
<pin id="325" dir="1" index="2" bw="4" slack="0"/>
</pin_list>
<bind>
<opcode="add(8) " fcode="add"/>
<opset="add_ln106/2 "/>
</bind>
</comp>

<comp id="328" class="1004" name="store_ln105_store_fu_328">
<pin_list>
<pin id="329" dir="0" index="0" bw="4" slack="0"/>
<pin id="330" dir="0" index="1" bw="4" slack="1"/>
<pin id="331" dir="1" index="2" bw="0" slack="2147483647"/>
</pin_list>
<bind>
<opcode="store(28) " fcode="store"/>
<opset="store_ln105/2 "/>
</bind>
</comp>

<comp id="333" class="1004" name="store_ln106_store_fu_333">
<pin_list>
<pin id="334" dir="0" index="0" bw="4" slack="0"/>
<pin id="335" dir="0" index="1" bw="4" slack="1"/>
<pin id="336" dir="1" index="2" bw="0" slack="2147483647"/>
</pin_list>
<bind>
<opcode="store(28) " fcode="store"/>
<opset="store_ln106/2 "/>
</bind>
</comp>

<comp id="338" class="1004" name="zext_ln106_fu_338">
<pin_list>
<pin id="339" dir="0" index="0" bw="4" slack="1"/>
<pin id="340" dir="1" index="1" bw="64" slack="0"/>
</pin_list>
<bind>
<opcode="zext(34) " fcode="zext"/>
<opset="zext_ln106/3 "/>
</bind>
</comp>

<comp id="349" class="1005" name="w_reg_349">
<pin_list>
<pin id="350" dir="0" index="0" bw="4" slack="0"/>
<pin id="351" dir="1" index="1" bw="4" slack="0"/>
</pin_list>
<bind>
<opset="w "/>
</bind>
</comp>

<comp id="356" class="1005" name="b_reg_356">
<pin_list>
<pin id="357" dir="0" index="0" bw="4" slack="0"/>
<pin id="358" dir="1" index="1" bw="4" slack="0"/>
</pin_list>
<bind>
<opset="b "/>
</bind>
</comp>

<comp id="363" class="1005" name="indvar_flatten_reg_363">
<pin_list>
<pin id="364" dir="0" index="0" bw="7" slack="0"/>
<pin id="365" dir="1" index="1" bw="7" slack="0"/>
</pin_list>
<bind>
<opset="indvar_flatten "/>
</bind>
</comp>

<comp id="370" class="1005" name="sext_ln105_cast_reg_370">
<pin_list>
<pin id="371" dir="0" index="0" bw="64" slack="1"/>
<pin id="372" dir="1" index="1" bw="64" slack="1"/>
</pin_list>
<bind>
<opset="sext_ln105_cast "/>
</bind>
</comp>

<comp id="375" class="1005" name="icmp_ln105_reg_375">
<pin_list>
<pin id="376" dir="0" index="0" bw="1" slack="1"/>
<pin id="377" dir="1" index="1" bw="1" slack="2147483647"/>
</pin_list>
<bind>
<opset="icmp_ln105 "/>
</bind>
</comp>

<comp id="379" class="1005" name="select_ln105_reg_379">
<pin_list>
<pin id="380" dir="0" index="0" bw="4" slack="1"/>
<pin id="381" dir="1" index="1" bw="4" slack="1"/>
</pin_list>
<bind>
<opset="select_ln105 "/>
</bind>
</comp>

<comp id="384" class="1005" name="trunc_ln105_reg_384">
<pin_list>
<pin id="385" dir="0" index="0" bw="3" slack="1"/>
<pin id="386" dir="1" index="1" bw="3" slack="2147483647"/>
</pin_list>
<bind>
<opset="trunc_ln105 "/>
</bind>
</comp>

<comp id="388" class="1005" name="gmem_V_addr_read_reg_388">
<pin_list>
<pin id="389" dir="0" index="0" bw="128" slack="1"/>
<pin id="390" dir="1" index="1" bw="128" slack="1"/>
</pin_list>
<bind>
<opset="gmem_V_addr_read "/>
</bind>
</comp>

</comp_list>

<net_list>
<net id="97"><net_src comp="20" pin="0"/><net_sink comp="94" pin=0"/></net>

<net id="101"><net_src comp="20" pin="0"/><net_sink comp="98" pin=0"/></net>

<net id="105"><net_src comp="20" pin="0"/><net_sink comp="102" pin=0"/></net>

<net id="110"><net_src comp="22" pin="0"/><net_sink comp="106" pin=0"/></net>

<net id="111"><net_src comp="2" pin="0"/><net_sink comp="106" pin=1"/></net>

<net id="117"><net_src comp="18" pin="0"/><net_sink comp="112" pin=0"/></net>

<net id="118"><net_src comp="92" pin="0"/><net_sink comp="112" pin=1"/></net>

<net id="124"><net_src comp="16" pin="0"/><net_sink comp="119" pin=0"/></net>

<net id="125"><net_src comp="92" pin="0"/><net_sink comp="119" pin=1"/></net>

<net id="131"><net_src comp="14" pin="0"/><net_sink comp="126" pin=0"/></net>

<net id="132"><net_src comp="92" pin="0"/><net_sink comp="126" pin=1"/></net>

<net id="138"><net_src comp="12" pin="0"/><net_sink comp="133" pin=0"/></net>

<net id="139"><net_src comp="92" pin="0"/><net_sink comp="133" pin=1"/></net>

<net id="145"><net_src comp="10" pin="0"/><net_sink comp="140" pin=0"/></net>

<net id="146"><net_src comp="92" pin="0"/><net_sink comp="140" pin=1"/></net>

<net id="152"><net_src comp="8" pin="0"/><net_sink comp="147" pin=0"/></net>

<net id="153"><net_src comp="92" pin="0"/><net_sink comp="147" pin=1"/></net>

<net id="159"><net_src comp="6" pin="0"/><net_sink comp="154" pin=0"/></net>

<net id="160"><net_src comp="92" pin="0"/><net_sink comp="154" pin=1"/></net>

<net id="166"><net_src comp="4" pin="0"/><net_sink comp="161" pin=0"/></net>

<net id="167"><net_src comp="92" pin="0"/><net_sink comp="161" pin=1"/></net>

<net id="173"><net_src comp="154" pin="3"/><net_sink comp="168" pin=0"/></net>

<net id="179"><net_src comp="147" pin="3"/><net_sink comp="174" pin=0"/></net>

<net id="185"><net_src comp="140" pin="3"/><net_sink comp="180" pin=0"/></net>

<net id="191"><net_src comp="133" pin="3"/><net_sink comp="186" pin=0"/></net>

<net id="197"><net_src comp="126" pin="3"/><net_sink comp="192" pin=0"/></net>

<net id="203"><net_src comp="119" pin="3"/><net_sink comp="198" pin=0"/></net>

<net id="209"><net_src comp="112" pin="3"/><net_sink comp="204" pin=0"/></net>

<net id="215"><net_src comp="161" pin="3"/><net_sink comp="210" pin=0"/></net>

<net id="220"><net_src comp="66" pin="0"/><net_sink comp="216" pin=0"/></net>

<net id="224"><net_src comp="106" pin="2"/><net_sink comp="221" pin=0"/></net>

<net id="229"><net_src comp="54" pin="0"/><net_sink comp="225" pin=0"/></net>

<net id="234"><net_src comp="56" pin="0"/><net_sink comp="230" pin=0"/></net>

<net id="239"><net_src comp="56" pin="0"/><net_sink comp="235" pin=0"/></net>

<net id="247"><net_src comp="240" pin="1"/><net_sink comp="243" pin=0"/></net>

<net id="248"><net_src comp="58" pin="0"/><net_sink comp="243" pin=1"/></net>

<net id="253"><net_src comp="240" pin="1"/><net_sink comp="249" pin=0"/></net>

<net id="254"><net_src comp="60" pin="0"/><net_sink comp="249" pin=1"/></net>

<net id="259"><net_src comp="249" pin="2"/><net_sink comp="255" pin=0"/></net>

<net id="270"><net_src comp="0" pin="0"/><net_sink comp="266" pin=0"/></net>

<net id="271"><net_src comp="266" pin="2"/><net_sink comp="216" pin=1"/></net>

<net id="276"><net_src comp="263" pin="1"/><net_sink comp="272" pin=0"/></net>

<net id="277"><net_src comp="62" pin="0"/><net_sink comp="272" pin=1"/></net>

<net id="282"><net_src comp="260" pin="1"/><net_sink comp="278" pin=0"/></net>

<net id="283"><net_src comp="64" pin="0"/><net_sink comp="278" pin=1"/></net>

<net id="289"><net_src comp="278" pin="2"/><net_sink comp="284" pin=0"/></net>

<net id="290"><net_src comp="56" pin="0"/><net_sink comp="284" pin=1"/></net>

<net id="291"><net_src comp="260" pin="1"/><net_sink comp="284" pin=2"/></net>

<net id="297"><net_src comp="278" pin="2"/><net_sink comp="292" pin=0"/></net>

<net id="298"><net_src comp="272" pin="2"/><net_sink comp="292" pin=1"/></net>

<net id="299"><net_src comp="263" pin="1"/><net_sink comp="292" pin=2"/></net>

<net id="303"><net_src comp="292" pin="3"/><net_sink comp="300" pin=0"/></net>

<net id="314"><net_src comp="300" pin="1"/><net_sink comp="304" pin=0"/></net>

<net id="315"><net_src comp="68" pin="0"/><net_sink comp="304" pin=1"/></net>

<net id="316"><net_src comp="70" pin="0"/><net_sink comp="304" pin=2"/></net>

<net id="317"><net_src comp="72" pin="0"/><net_sink comp="304" pin=3"/></net>

<net id="318"><net_src comp="74" pin="0"/><net_sink comp="304" pin=4"/></net>

<net id="319"><net_src comp="76" pin="0"/><net_sink comp="304" pin=5"/></net>

<net id="320"><net_src comp="78" pin="0"/><net_sink comp="304" pin=6"/></net>

<net id="321"><net_src comp="80" pin="0"/><net_sink comp="304" pin=7"/></net>

<net id="326"><net_src comp="284" pin="3"/><net_sink comp="322" pin=0"/></net>

<net id="327"><net_src comp="62" pin="0"/><net_sink comp="322" pin=1"/></net>

<net id="332"><net_src comp="292" pin="3"/><net_sink comp="328" pin=0"/></net>

<net id="337"><net_src comp="322" pin="2"/><net_sink comp="333" pin=0"/></net>

<net id="341"><net_src comp="338" pin="1"/><net_sink comp="112" pin=2"/></net>

<net id="342"><net_src comp="338" pin="1"/><net_sink comp="119" pin=2"/></net>

<net id="343"><net_src comp="338" pin="1"/><net_sink comp="126" pin=2"/></net>

<net id="344"><net_src comp="338" pin="1"/><net_sink comp="133" pin=2"/></net>

<net id="345"><net_src comp="338" pin="1"/><net_sink comp="140" pin=2"/></net>

<net id="346"><net_src comp="338" pin="1"/><net_sink comp="147" pin=2"/></net>

<net id="347"><net_src comp="338" pin="1"/><net_sink comp="154" pin=2"/></net>

<net id="348"><net_src comp="338" pin="1"/><net_sink comp="161" pin=2"/></net>

<net id="352"><net_src comp="94" pin="1"/><net_sink comp="349" pin=0"/></net>

<net id="353"><net_src comp="349" pin="1"/><net_sink comp="235" pin=1"/></net>

<net id="354"><net_src comp="349" pin="1"/><net_sink comp="260" pin=0"/></net>

<net id="355"><net_src comp="349" pin="1"/><net_sink comp="333" pin=1"/></net>

<net id="359"><net_src comp="98" pin="1"/><net_sink comp="356" pin=0"/></net>

<net id="360"><net_src comp="356" pin="1"/><net_sink comp="230" pin=1"/></net>

<net id="361"><net_src comp="356" pin="1"/><net_sink comp="263" pin=0"/></net>

<net id="362"><net_src comp="356" pin="1"/><net_sink comp="328" pin=1"/></net>

<net id="366"><net_src comp="102" pin="1"/><net_sink comp="363" pin=0"/></net>

<net id="367"><net_src comp="363" pin="1"/><net_sink comp="225" pin=1"/></net>

<net id="368"><net_src comp="363" pin="1"/><net_sink comp="240" pin=0"/></net>

<net id="369"><net_src comp="363" pin="1"/><net_sink comp="255" pin=1"/></net>

<net id="373"><net_src comp="221" pin="1"/><net_sink comp="370" pin=0"/></net>

<net id="374"><net_src comp="370" pin="1"/><net_sink comp="266" pin=1"/></net>

<net id="378"><net_src comp="243" pin="2"/><net_sink comp="375" pin=0"/></net>

<net id="382"><net_src comp="284" pin="3"/><net_sink comp="379" pin=0"/></net>

<net id="383"><net_src comp="379" pin="1"/><net_sink comp="338" pin=0"/></net>

<net id="387"><net_src comp="300" pin="1"/><net_sink comp="384" pin=0"/></net>

<net id="391"><net_src comp="216" pin="2"/><net_sink comp="388" pin=0"/></net>

<net id="392"><net_src comp="388" pin="1"/><net_sink comp="168" pin=1"/></net>

<net id="393"><net_src comp="388" pin="1"/><net_sink comp="174" pin=1"/></net>

<net id="394"><net_src comp="388" pin="1"/><net_sink comp="180" pin=1"/></net>

<net id="395"><net_src comp="388" pin="1"/><net_sink comp="186" pin=1"/></net>

<net id="396"><net_src comp="388" pin="1"/><net_sink comp="192" pin=1"/></net>

<net id="397"><net_src comp="388" pin="1"/><net_sink comp="198" pin=1"/></net>

<net id="398"><net_src comp="388" pin="1"/><net_sink comp="204" pin=1"/></net>

<net id="399"><net_src comp="388" pin="1"/><net_sink comp="210" pin=1"/></net>

</net_list>

</model> 
---------------- Datapath Model END ------------------

* FSMD analyzer results:
  - Output states:
	Port: gmem_V | {}
	Port: rb_7 | {3 }
	Port: rb_6 | {3 }
	Port: rb_5 | {3 }
	Port: rb_4 | {3 }
	Port: rb_3 | {3 }
	Port: rb_2 | {3 }
	Port: rb_1 | {3 }
	Port: rb_0 | {3 }
 - Input state : 
	Port: load_row_wv_Pipeline_LOAD_BLOCK_LOAD_WORD : gmem_V | {2 }
	Port: load_row_wv_Pipeline_LOAD_BLOCK_LOAD_WORD : sext_ln105 | {1 }
	Port: load_row_wv_Pipeline_LOAD_BLOCK_LOAD_WORD : rb_7 | {}
	Port: load_row_wv_Pipeline_LOAD_BLOCK_LOAD_WORD : rb_6 | {}
	Port: load_row_wv_Pipeline_LOAD_BLOCK_LOAD_WORD : rb_5 | {}
	Port: load_row_wv_Pipeline_LOAD_BLOCK_LOAD_WORD : rb_4 | {}
	Port: load_row_wv_Pipeline_LOAD_BLOCK_LOAD_WORD : rb_3 | {}
	Port: load_row_wv_Pipeline_LOAD_BLOCK_LOAD_WORD : rb_2 | {}
	Port: load_row_wv_Pipeline_LOAD_BLOCK_LOAD_WORD : rb_1 | {}
	Port: load_row_wv_Pipeline_LOAD_BLOCK_LOAD_WORD : rb_0 | {}
  - Chain level:
	State 1
		store_ln0 : 1
		store_ln105 : 1
		store_ln106 : 1
		indvar_flatten_load : 1
		icmp_ln105 : 2
		add_ln105_1 : 2
		br_ln105 : 3
		store_ln105 : 3
	State 2
		add_ln105 : 1
		icmp_ln106 : 1
		select_ln105 : 2
		select_ln105_1 : 2
		trunc_ln105 : 3
		gmem_V_addr_read : 1
		switch_ln108 : 4
		add_ln106 : 3
		store_ln105 : 3
		store_ln106 : 4
	State 3
		rb_0_addr : 1
		rb_1_addr : 1
		rb_2_addr : 1
		rb_3_addr : 1
		rb_4_addr : 1
		rb_5_addr : 1
		rb_6_addr : 1
		rb_7_addr : 1
		store_ln108 : 2
		store_ln108 : 2
		store_ln108 : 2
		store_ln108 : 2
		store_ln108 : 2
		store_ln108 : 2
		store_ln108 : 2
		store_ln108 : 2


============================================================
+ Verbose Summary: Datapath Resource usage 
============================================================

* Functional unit list:
|----------|------------------------------|---------|---------|
| Operation|        Functional Unit       |    FF   |   LUT   |
|----------|------------------------------|---------|---------|
|          |      add_ln105_1_fu_249      |    0    |    14   |
|    add   |       add_ln105_fu_272       |    0    |    12   |
|          |       add_ln106_fu_322       |    0    |    12   |
|----------|------------------------------|---------|---------|
|   icmp   |       icmp_ln105_fu_243      |    0    |    14   |
|          |       icmp_ln106_fu_278      |    0    |    12   |
|----------|------------------------------|---------|---------|
|  select  |      select_ln105_fu_284     |    0    |    4    |
|          |     select_ln105_1_fu_292    |    0    |    4    |
|----------|------------------------------|---------|---------|
|   read   |  sext_ln105_read_read_fu_106 |    0    |    0    |
|          | gmem_V_addr_read_read_fu_216 |    0    |    0    |
|----------|------------------------------|---------|---------|
|   sext   |    sext_ln105_cast_fu_221    |    0    |    0    |
|----------|------------------------------|---------|---------|
|   trunc  |      trunc_ln105_fu_300      |    0    |    0    |
|----------|------------------------------|---------|---------|
|  switch  |      switch_ln108_fu_304     |    0    |    0    |
|----------|------------------------------|---------|---------|
|   zext   |       zext_ln106_fu_338      |    0    |    0    |
|----------|------------------------------|---------|---------|
|   Total  |                              |    0    |    72   |
|----------|------------------------------|---------|---------|

Memories:
N/A

* Register list:
+------------------------+--------+
|                        |   FF   |
+------------------------+--------+
|        b_reg_356       |    4   |
|gmem_V_addr_read_reg_388|   128  |
|   icmp_ln105_reg_375   |    1   |
| indvar_flatten_reg_363 |    7   |
|  select_ln105_reg_379  |    4   |
| sext_ln105_cast_reg_370|   64   |
|   trunc_ln105_reg_384  |    3   |
|        w_reg_349       |    4   |
+------------------------+--------+
|          Total         |   215  |
+------------------------+--------+

* Multiplexer (MUX) list: 
|--------|------|------|------|--------|
|  Comp  |  Pin | Size |  BW  | S x BW |
|--------|------|------|------|--------|
|  Total |      |      |      |    0   |
|--------|------|------|------|--------|



* Summary:
+-----------+--------+--------+
|           |   FF   |   LUT  |
+-----------+--------+--------+
|  Function |    0   |   72   |
|   Memory  |    -   |    -   |
|Multiplexer|    -   |    -   |
|  Register |   215  |    -   |
+-----------+--------+--------+
|   Total   |   215  |   72   |
+-----------+--------+--------+
