

================================================================
== Vitis HLS Report for 'load_row_down_q6k_Pipeline_LOAD_DOWN_Q6K'
================================================================
* Date:           Sun Mar 29 14:22:45 2026

* Version:        2025.1 (Build 6135595 on May 21 2025)
* Project:        swiglu
* Solution:       hls (Vivado IP Flow Target)
* Product family: zynquplus
* Target device:  xck26-sfvc784-2LV-c


================================================================
== Performance Estimates
================================================================
+ Timing: 
    * Summary: 
    +--------+---------+----------+------------+
    |  Clock |  Target | Estimated| Uncertainty|
    +--------+---------+----------+------------+
    |ap_clk  |  3.33 ns|  2.430 ns|     0.90 ns|
    +--------+---------+----------+------------+

+ Latency: 
    * Summary: 
    +---------+---------+----------+----------+-----+-----+------------------------------------------------+
    |  Latency (cycles) |  Latency (absolute) |  Interval |                    Pipeline                    |
    |   min   |   max   |    min   |    max   | min | max |                      Type                      |
    +---------+---------+----------+----------+-----+-----+------------------------------------------------+
    |      423|      423|  1.409 us|  1.409 us|  421|  421|  loop auto-rewind stp (delay=0 clock cycles(s))|
    +---------+---------+----------+----------+-----+-----+------------------------------------------------+

    + Detail: 
        * Instance: 
        N/A

        * Loop: 
        +-----------------+---------+---------+----------+-----------+-----------+------+----------+
        |                 |  Latency (cycles) | Iteration|  Initiation Interval  | Trip |          |
        |    Loop Name    |   min   |   max   |  Latency |  achieved |   target  | Count| Pipelined|
        +-----------------+---------+---------+----------+-----------+-----------+------+----------+
        |- LOAD_DOWN_Q6K  |      421|      421|         3|          1|          1|   420|       yes|
        +-----------------+---------+---------+----------+-----------+-----------+------+----------+



================================================================
== Utilization Estimates
================================================================
* Summary: 
+-----------------+---------+------+--------+--------+-----+
|       Name      | BRAM_18K|  DSP |   FF   |   LUT  | URAM|
+-----------------+---------+------+--------+--------+-----+
|DSP              |        -|     -|       -|       -|    -|
|Expression       |        -|     -|       0|      36|    -|
|FIFO             |        -|     -|       -|       -|    -|
|Instance         |        -|     -|       -|       -|    -|
|Memory           |        -|     -|       -|       -|    -|
|Multiplexer      |        -|     -|       0|      45|    -|
|Register         |        -|     -|     161|       -|    -|
+-----------------+---------+------+--------+--------+-----+
|Total            |        0|     0|     161|      81|    0|
+-----------------+---------+------+--------+--------+-----+
|Available        |      288|  1248|  234240|  117120|   64|
+-----------------+---------+------+--------+--------+-----+
|Utilization (%)  |        0|     0|      ~0|      ~0|    0|
+-----------------+---------+------+--------+--------+-----+

+ Detail: 
    * Instance: 
    N/A

    * DSP: 
    N/A

    * Memory: 
    N/A

    * FIFO: 
    N/A

    * Expression: 
    +---------------------------+----------+----+---+----+------------+------------+
    |       Variable Name       | Operation| DSP| FF| LUT| Bitwidth P0| Bitwidth P1|
    +---------------------------+----------+----+---+----+------------+------------+
    |add_ln453_fu_361_p2        |         +|   0|  0|  16|           9|           1|
    |ap_block_pp0_stage0_11001  |       and|   0|  0|   2|           1|           1|
    |icmp_ln453_fu_355_p2       |      icmp|   0|  0|  16|           9|           8|
    |ap_enable_pp0              |       xor|   0|  0|   2|           1|           2|
    +---------------------------+----------+----+---+----+------------+------------+
    |Total                      |          |   0|  0|  36|          20|          12|
    +---------------------------+----------+----+---+----+------------+------------+

    * Multiplexer: 
    +-------------------------+----+-----------+-----+-----------+
    |           Name          | LUT| Input Size| Bits| Total Bits|
    +-------------------------+----+-----------+-----+-----------+
    |ap_done_int              |   9|          2|    1|          2|
    |ap_enable_reg_pp0_iter1  |   9|          2|    1|          2|
    |ap_sig_allocacmp_i_1     |   9|          2|    9|         18|
    |gmem_Wd_blk_n_R          |   9|          2|    1|          2|
    |i_fu_120                 |   9|          2|    9|         18|
    +-------------------------+----+-----------+-----+-----------+
    |Total                    |  45|         10|   21|         42|
    +-------------------------+----+-----------+-----+-----------+

    * Register: 
    +-------------------------------------------+-----+----+-----+-----------+
    |                    Name                   |  FF | LUT| Bits| Const Bits|
    +-------------------------------------------+-----+----+-----+-----------+
    |ap_CS_fsm                                  |    1|   0|    1|          0|
    |ap_block_pp0_stage0_subdone_grp0_done_reg  |    1|   0|    1|          0|
    |ap_done_reg                                |    1|   0|    1|          0|
    |ap_enable_reg_pp0_iter1                    |    1|   0|    1|          0|
    |ap_enable_reg_pp0_iter2                    |    1|   0|    1|          0|
    |ap_loop_exit_ready_pp0_iter1_reg           |    1|   0|    1|          0|
    |gmem_Wd_addr_read_reg_470                  |  128|   0|  128|          0|
    |i_fu_120                                   |    9|   0|    9|          0|
    |lshr_ln_reg_465                            |    5|   0|    5|          0|
    |lshr_ln_reg_465_pp0_iter1_reg              |    5|   0|    5|          0|
    |trunc_ln453_reg_461                        |    4|   0|    4|          0|
    |trunc_ln453_reg_461_pp0_iter1_reg          |    4|   0|    4|          0|
    +-------------------------------------------+-----+----+-----+-----------+
    |Total                                      |  161|   0|  161|          0|
    +-------------------------------------------+-----+----+-----+-----------+



================================================================
== Interface
================================================================
* Summary: 
+--------------------------+-----+-----+------------+------------------------------------------+--------------+
|         RTL Ports        | Dir | Bits|  Protocol  |               Source Object              |    C Type    |
+--------------------------+-----+-----+------------+------------------------------------------+--------------+
|ap_clk                    |   in|    1|  ap_ctrl_hs|  load_row_down_q6k_Pipeline_LOAD_DOWN_Q6K|  return value|
|ap_rst                    |   in|    1|  ap_ctrl_hs|  load_row_down_q6k_Pipeline_LOAD_DOWN_Q6K|  return value|
|ap_start                  |   in|    1|  ap_ctrl_hs|  load_row_down_q6k_Pipeline_LOAD_DOWN_Q6K|  return value|
|ap_done                   |  out|    1|  ap_ctrl_hs|  load_row_down_q6k_Pipeline_LOAD_DOWN_Q6K|  return value|
|ap_idle                   |  out|    1|  ap_ctrl_hs|  load_row_down_q6k_Pipeline_LOAD_DOWN_Q6K|  return value|
|ap_ready                  |  out|    1|  ap_ctrl_hs|  load_row_down_q6k_Pipeline_LOAD_DOWN_Q6K|  return value|
|m_axi_gmem_Wd_0_AWVALID   |  out|    1|       m_axi|                                   gmem_Wd|       pointer|
|m_axi_gmem_Wd_0_AWREADY   |   in|    1|       m_axi|                                   gmem_Wd|       pointer|
|m_axi_gmem_Wd_0_AWADDR    |  out|   64|       m_axi|                                   gmem_Wd|       pointer|
|m_axi_gmem_Wd_0_AWID      |  out|    1|       m_axi|                                   gmem_Wd|       pointer|
|m_axi_gmem_Wd_0_AWLEN     |  out|   32|       m_axi|                                   gmem_Wd|       pointer|
|m_axi_gmem_Wd_0_AWSIZE    |  out|    3|       m_axi|                                   gmem_Wd|       pointer|
|m_axi_gmem_Wd_0_AWBURST   |  out|    2|       m_axi|                                   gmem_Wd|       pointer|
|m_axi_gmem_Wd_0_AWLOCK    |  out|    2|       m_axi|                                   gmem_Wd|       pointer|
|m_axi_gmem_Wd_0_AWCACHE   |  out|    4|       m_axi|                                   gmem_Wd|       pointer|
|m_axi_gmem_Wd_0_AWPROT    |  out|    3|       m_axi|                                   gmem_Wd|       pointer|
|m_axi_gmem_Wd_0_AWQOS     |  out|    4|       m_axi|                                   gmem_Wd|       pointer|
|m_axi_gmem_Wd_0_AWREGION  |  out|    4|       m_axi|                                   gmem_Wd|       pointer|
|m_axi_gmem_Wd_0_AWUSER    |  out|    1|       m_axi|                                   gmem_Wd|       pointer|
|m_axi_gmem_Wd_0_WVALID    |  out|    1|       m_axi|                                   gmem_Wd|       pointer|
|m_axi_gmem_Wd_0_WREADY    |   in|    1|       m_axi|                                   gmem_Wd|       pointer|
|m_axi_gmem_Wd_0_WDATA     |  out|  128|       m_axi|                                   gmem_Wd|       pointer|
|m_axi_gmem_Wd_0_WSTRB     |  out|   16|       m_axi|                                   gmem_Wd|       pointer|
|m_axi_gmem_Wd_0_WLAST     |  out|    1|       m_axi|                                   gmem_Wd|       pointer|
|m_axi_gmem_Wd_0_WID       |  out|    1|       m_axi|                                   gmem_Wd|       pointer|
|m_axi_gmem_Wd_0_WUSER     |  out|    1|       m_axi|                                   gmem_Wd|       pointer|
|m_axi_gmem_Wd_0_ARVALID   |  out|    1|       m_axi|                                   gmem_Wd|       pointer|
|m_axi_gmem_Wd_0_ARREADY   |   in|    1|       m_axi|                                   gmem_Wd|       pointer|
|m_axi_gmem_Wd_0_ARADDR    |  out|   64|       m_axi|                                   gmem_Wd|       pointer|
|m_axi_gmem_Wd_0_ARID      |  out|    1|       m_axi|                                   gmem_Wd|       pointer|
|m_axi_gmem_Wd_0_ARLEN     |  out|   32|       m_axi|                                   gmem_Wd|       pointer|
|m_axi_gmem_Wd_0_ARSIZE    |  out|    3|       m_axi|                                   gmem_Wd|       pointer|
|m_axi_gmem_Wd_0_ARBURST   |  out|    2|       m_axi|                                   gmem_Wd|       pointer|
|m_axi_gmem_Wd_0_ARLOCK    |  out|    2|       m_axi|                                   gmem_Wd|       pointer|
|m_axi_gmem_Wd_0_ARCACHE   |  out|    4|       m_axi|                                   gmem_Wd|       pointer|
|m_axi_gmem_Wd_0_ARPROT    |  out|    3|       m_axi|                                   gmem_Wd|       pointer|
|m_axi_gmem_Wd_0_ARQOS     |  out|    4|       m_axi|                                   gmem_Wd|       pointer|
|m_axi_gmem_Wd_0_ARREGION  |  out|    4|       m_axi|                                   gmem_Wd|       pointer|
|m_axi_gmem_Wd_0_ARUSER    |  out|    1|       m_axi|                                   gmem_Wd|       pointer|
|m_axi_gmem_Wd_0_RVALID    |   in|    1|       m_axi|                                   gmem_Wd|       pointer|
|m_axi_gmem_Wd_0_RREADY    |  out|    1|       m_axi|                                   gmem_Wd|       pointer|
|m_axi_gmem_Wd_0_RDATA     |   in|  128|       m_axi|                                   gmem_Wd|       pointer|
|m_axi_gmem_Wd_0_RLAST     |   in|    1|       m_axi|                                   gmem_Wd|       pointer|
|m_axi_gmem_Wd_0_RID       |   in|    1|       m_axi|                                   gmem_Wd|       pointer|
|m_axi_gmem_Wd_0_RFIFONUM  |   in|   10|       m_axi|                                   gmem_Wd|       pointer|
|m_axi_gmem_Wd_0_RUSER     |   in|    1|       m_axi|                                   gmem_Wd|       pointer|
|m_axi_gmem_Wd_0_RRESP     |   in|    2|       m_axi|                                   gmem_Wd|       pointer|
|m_axi_gmem_Wd_0_BVALID    |   in|    1|       m_axi|                                   gmem_Wd|       pointer|
|m_axi_gmem_Wd_0_BREADY    |  out|    1|       m_axi|                                   gmem_Wd|       pointer|
|m_axi_gmem_Wd_0_BRESP     |   in|    2|       m_axi|                                   gmem_Wd|       pointer|
|m_axi_gmem_Wd_0_BID       |   in|    1|       m_axi|                                   gmem_Wd|       pointer|
|m_axi_gmem_Wd_0_BUSER     |   in|    1|       m_axi|                                   gmem_Wd|       pointer|
|sext_ln453                |   in|   60|     ap_none|                                sext_ln453|        scalar|
|rb_15_address0            |  out|    5|   ap_memory|                                     rb_15|         array|
|rb_15_ce0                 |  out|    1|   ap_memory|                                     rb_15|         array|
|rb_15_we0                 |  out|    1|   ap_memory|                                     rb_15|         array|
|rb_15_d0                  |  out|  128|   ap_memory|                                     rb_15|         array|
|rb_14_address0            |  out|    5|   ap_memory|                                     rb_14|         array|
|rb_14_ce0                 |  out|    1|   ap_memory|                                     rb_14|         array|
|rb_14_we0                 |  out|    1|   ap_memory|                                     rb_14|         array|
|rb_14_d0                  |  out|  128|   ap_memory|                                     rb_14|         array|
|rb_13_address0            |  out|    5|   ap_memory|                                     rb_13|         array|
|rb_13_ce0                 |  out|    1|   ap_memory|                                     rb_13|         array|
|rb_13_we0                 |  out|    1|   ap_memory|                                     rb_13|         array|
|rb_13_d0                  |  out|  128|   ap_memory|                                     rb_13|         array|
|rb_12_address0            |  out|    5|   ap_memory|                                     rb_12|         array|
|rb_12_ce0                 |  out|    1|   ap_memory|                                     rb_12|         array|
|rb_12_we0                 |  out|    1|   ap_memory|                                     rb_12|         array|
|rb_12_d0                  |  out|  128|   ap_memory|                                     rb_12|         array|
|rb_11_address0            |  out|    5|   ap_memory|                                     rb_11|         array|
|rb_11_ce0                 |  out|    1|   ap_memory|                                     rb_11|         array|
|rb_11_we0                 |  out|    1|   ap_memory|                                     rb_11|         array|
|rb_11_d0                  |  out|  128|   ap_memory|                                     rb_11|         array|
|rb_10_address0            |  out|    5|   ap_memory|                                     rb_10|         array|
|rb_10_ce0                 |  out|    1|   ap_memory|                                     rb_10|         array|
|rb_10_we0                 |  out|    1|   ap_memory|                                     rb_10|         array|
|rb_10_d0                  |  out|  128|   ap_memory|                                     rb_10|         array|
|rb_9_address0             |  out|    5|   ap_memory|                                      rb_9|         array|
|rb_9_ce0                  |  out|    1|   ap_memory|                                      rb_9|         array|
|rb_9_we0                  |  out|    1|   ap_memory|                                      rb_9|         array|
|rb_9_d0                   |  out|  128|   ap_memory|                                      rb_9|         array|
|rb_8_address0             |  out|    5|   ap_memory|                                      rb_8|         array|
|rb_8_ce0                  |  out|    1|   ap_memory|                                      rb_8|         array|
|rb_8_we0                  |  out|    1|   ap_memory|                                      rb_8|         array|
|rb_8_d0                   |  out|  128|   ap_memory|                                      rb_8|         array|
|rb_7_address0             |  out|    5|   ap_memory|                                      rb_7|         array|
|rb_7_ce0                  |  out|    1|   ap_memory|                                      rb_7|         array|
|rb_7_we0                  |  out|    1|   ap_memory|                                      rb_7|         array|
|rb_7_d0                   |  out|  128|   ap_memory|                                      rb_7|         array|
|rb_6_address0             |  out|    5|   ap_memory|                                      rb_6|         array|
|rb_6_ce0                  |  out|    1|   ap_memory|                                      rb_6|         array|
|rb_6_we0                  |  out|    1|   ap_memory|                                      rb_6|         array|
|rb_6_d0                   |  out|  128|   ap_memory|                                      rb_6|         array|
|rb_5_address0             |  out|    5|   ap_memory|                                      rb_5|         array|
|rb_5_ce0                  |  out|    1|   ap_memory|                                      rb_5|         array|
|rb_5_we0                  |  out|    1|   ap_memory|                                      rb_5|         array|
|rb_5_d0                   |  out|  128|   ap_memory|                                      rb_5|         array|
|rb_4_address0             |  out|    5|   ap_memory|                                      rb_4|         array|
|rb_4_ce0                  |  out|    1|   ap_memory|                                      rb_4|         array|
|rb_4_we0                  |  out|    1|   ap_memory|                                      rb_4|         array|
|rb_4_d0                   |  out|  128|   ap_memory|                                      rb_4|         array|
|rb_3_address0             |  out|    5|   ap_memory|                                      rb_3|         array|
|rb_3_ce0                  |  out|    1|   ap_memory|                                      rb_3|         array|
|rb_3_we0                  |  out|    1|   ap_memory|                                      rb_3|         array|
|rb_3_d0                   |  out|  128|   ap_memory|                                      rb_3|         array|
|rb_2_address0             |  out|    5|   ap_memory|                                      rb_2|         array|
|rb_2_ce0                  |  out|    1|   ap_memory|                                      rb_2|         array|
|rb_2_we0                  |  out|    1|   ap_memory|                                      rb_2|         array|
|rb_2_d0                   |  out|  128|   ap_memory|                                      rb_2|         array|
|rb_1_address0             |  out|    5|   ap_memory|                                      rb_1|         array|
|rb_1_ce0                  |  out|    1|   ap_memory|                                      rb_1|         array|
|rb_1_we0                  |  out|    1|   ap_memory|                                      rb_1|         array|
|rb_1_d0                   |  out|  128|   ap_memory|                                      rb_1|         array|
|rb_0_address0             |  out|    5|   ap_memory|                                      rb_0|         array|
|rb_0_ce0                  |  out|    1|   ap_memory|                                      rb_0|         array|
|rb_0_we0                  |  out|    1|   ap_memory|                                      rb_0|         array|
|rb_0_d0                   |  out|  128|   ap_memory|                                      rb_0|         array|
+--------------------------+-----+-----+------------+------------------------------------------+--------------+

============================================================
+ Verbose Summary: Synthesis Manager
============================================================
InlineROM: 1
ExposeGlobal: 0
============================================================
+ Verbose Summary: CDFG Model
============================================================
IsTopModel: 0
ResetActiveHigh: 1
IsCombinational: 2
IsDatapathOnly: 2
HasWiredReturn: 1
HasMFsm: 2
HasVarLatency: 1
IsPipeline: 0
IsRtlPipelined: 0
IsInstanceOverlapped: 0
IsDontTouch: 0
HasImplIP: 0
IsGatedGlobalClock: 0

+ Individual pipeline summary: 
  * Pipeline-0: initiation interval (II) = 1, depth = 3


============================================================
+ Verbose Summary: Schedule
============================================================
* Number of FSM states : 3
* Pipeline : 1
  Pipeline-0 : II = 1, D = 3, States = { 1 2 3 }
* Dataflow Pipeline: 0

* FSM state transitions: 
1 --> 2 
2 --> 3 
3 --> 

* FSM state operations: 

State 1 <SV = 0> <Delay = 1.63>
ST_1 : Operation 6 [1/1] (0.00ns)   --->   "%i = alloca i32 1" [swiglu.cpp:453]   --->   Operation 6 'alloca' 'i' <Predicate = true> <Delay = 0.00>
ST_1 : Operation 7 [1/1] (0.00ns)   --->   "%sext_ln453_read = read i60 @_ssdm_op_Read.ap_auto.i60, i60 %sext_ln453"   --->   Operation 7 'read' 'sext_ln453_read' <Predicate = true> <Delay = 0.00>
ST_1 : Operation 8 [1/1] (0.00ns)   --->   "%sext_ln453_cast = sext i60 %sext_ln453_read"   --->   Operation 8 'sext' 'sext_ln453_cast' <Predicate = true> <Delay = 0.00>
ST_1 : Operation 9 [1/1] (0.00ns)   --->   "%specinterface_ln0 = specinterface void @_ssdm_op_SpecInterface, i128 %gmem_Wd, void @empty_31, i32 0, i32 0, void @empty_32, i32 64, i32 860160, void @empty_0, void @empty_35, void @empty_32, i32 2, i32 16, i32 256, i32 16, void @empty_32, void @empty_32, i32 4294967295, i32 0, i32 0"   --->   Operation 9 'specinterface' 'specinterface_ln0' <Predicate = true> <Delay = 0.00>
ST_1 : Operation 10 [1/1] (0.42ns)   --->   "%store_ln453 = store i9 0, i9 %i" [swiglu.cpp:453]   --->   Operation 10 'store' 'store_ln453' <Predicate = true> <Delay = 0.42>
ST_1 : Operation 11 [1/1] (0.00ns)   --->   "%br_ln0 = br void %for.inc"   --->   Operation 11 'br' 'br_ln0' <Predicate = true> <Delay = 0.00>
ST_1 : Operation 12 [1/1] (0.00ns)   --->   "%i_1 = load i9 %i" [swiglu.cpp:453]   --->   Operation 12 'load' 'i_1' <Predicate = true> <Delay = 0.00>
ST_1 : Operation 13 [1/1] (0.77ns)   --->   "%icmp_ln453 = icmp_eq  i9 %i_1, i9 420" [swiglu.cpp:453]   --->   Operation 13 'icmp' 'icmp_ln453' <Predicate = true> <Delay = 0.77> <CoreInst = "Cmp">   --->   Core 9 'Cmp' <Latency = 0> <II = 1> <Delay = 0.77> <FuncUnit> <Opcode : 'seteq' 'setne' 'setle' 'setge' 'setlt' 'setgt'> <InPorts = 2> <OutPorts = 1>
ST_1 : Operation 14 [1/1] (0.77ns)   --->   "%add_ln453 = add i9 %i_1, i9 1" [swiglu.cpp:453]   --->   Operation 14 'add' 'add_ln453' <Predicate = true> <Delay = 0.77> <CoreInst = "Adder">   --->   Core 1 'Adder' <Latency = 0> <II = 1> <Delay = 0.77> <FuncUnit> <Opcode : 'add' 'sub'> <InPorts = 2> <OutPorts = 1>
ST_1 : Operation 15 [1/1] (0.00ns)   --->   "%br_ln453 = br i1 %icmp_ln453, void %for.inc.split, void %for.end.exitStub" [swiglu.cpp:453]   --->   Operation 15 'br' 'br_ln453' <Predicate = true> <Delay = 0.00>
ST_1 : Operation 16 [1/1] (0.00ns)   --->   "%trunc_ln453 = trunc i9 %i_1" [swiglu.cpp:453]   --->   Operation 16 'trunc' 'trunc_ln453' <Predicate = (!icmp_ln453)> <Delay = 0.00>
ST_1 : Operation 17 [1/1] (0.00ns)   --->   "%lshr_ln = partselect i5 @_ssdm_op_PartSelect.i5.i9.i32.i32, i9 %i_1, i32 4, i32 8" [swiglu.cpp:453]   --->   Operation 17 'partselect' 'lshr_ln' <Predicate = (!icmp_ln453)> <Delay = 0.00>
ST_1 : Operation 18 [1/1] (0.79ns)   --->   "%switch_ln455 = switch i4 %trunc_ln453, void %arrayidx21.case.15, i4 0, void %arrayidx21.case.0, i4 1, void %arrayidx21.case.1, i4 2, void %arrayidx21.case.2, i4 3, void %arrayidx21.case.3, i4 4, void %arrayidx21.case.4, i4 5, void %arrayidx21.case.5, i4 6, void %arrayidx21.case.6, i4 7, void %arrayidx21.case.7, i4 8, void %arrayidx21.case.8, i4 9, void %arrayidx21.case.9, i4 10, void %arrayidx21.case.10, i4 11, void %arrayidx21.case.11, i4 12, void %arrayidx21.case.12, i4 13, void %arrayidx21.case.13, i4 14, void %arrayidx21.case.14" [swiglu.cpp:455]   --->   Operation 18 'switch' 'switch_ln455' <Predicate = (!icmp_ln453)> <Delay = 0.79>
ST_1 : Operation 19 [1/1] (0.42ns)   --->   "%store_ln453 = store i9 %add_ln453, i9 %i" [swiglu.cpp:453]   --->   Operation 19 'store' 'store_ln453' <Predicate = (!icmp_ln453)> <Delay = 0.42>
ST_1 : Operation 20 [1/1] (0.00ns)   --->   "%br_ln453 = br void %for.inc" [swiglu.cpp:453]   --->   Operation 20 'br' 'br_ln453' <Predicate = (!icmp_ln453)> <Delay = 0.00>

State 2 <SV = 1> <Delay = 2.43>
ST_2 : Operation 21 [1/1] (0.00ns)   --->   "%gmem_Wd_addr = getelementptr i128 %gmem_Wd, i64 %sext_ln453_cast" [swiglu.cpp:453]   --->   Operation 21 'getelementptr' 'gmem_Wd_addr' <Predicate = true> <Delay = 0.00>
ST_2 : Operation 22 [1/1] (2.43ns)   --->   "%gmem_Wd_addr_read = read i128 @_ssdm_op_Read.m_axi.p1i128, i64 %gmem_Wd_addr" [swiglu.cpp:455]   --->   Operation 22 'read' 'gmem_Wd_addr_read' <Predicate = true> <Delay = 2.43> <CoreInst = "m_axi">   --->   Core 119 'm_axi' <Latency = 3> <II = 1> <Delay = 1.00> <Adapter> <Opcode : 'read' 'write' 'readreq' 'writereq' 'writeresp'>
ST_2 : Operation 75 [1/1] (0.42ns)   --->   "%ret_ln0 = ret"   --->   Operation 75 'ret' 'ret_ln0' <Predicate = (icmp_ln453)> <Delay = 0.42>

State 3 <SV = 2> <Delay = 1.23>
ST_3 : Operation 23 [1/1] (0.00ns)   --->   "%specpipeline_ln454 = specpipeline void @_ssdm_op_SpecPipeline, i32 1, i32 0, i32 0, i32 0, void @empty_32" [swiglu.cpp:454]   --->   Operation 23 'specpipeline' 'specpipeline_ln454' <Predicate = true> <Delay = 0.00>
ST_3 : Operation 24 [1/1] (0.00ns)   --->   "%speclooptripcount_ln453 = speclooptripcount void @_ssdm_op_SpecLoopTripCount, i64 420, i64 420, i64 420" [swiglu.cpp:453]   --->   Operation 24 'speclooptripcount' 'speclooptripcount_ln453' <Predicate = true> <Delay = 0.00>
ST_3 : Operation 25 [1/1] (0.00ns)   --->   "%specloopname_ln453 = specloopname void @_ssdm_op_SpecLoopName, void @empty_29" [swiglu.cpp:453]   --->   Operation 25 'specloopname' 'specloopname_ln453' <Predicate = true> <Delay = 0.00>
ST_3 : Operation 26 [1/1] (0.00ns)   --->   "%zext_ln453 = zext i5 %lshr_ln" [swiglu.cpp:453]   --->   Operation 26 'zext' 'zext_ln453' <Predicate = true> <Delay = 0.00>
ST_3 : Operation 27 [1/1] (0.00ns)   --->   "%rb_0_addr = getelementptr i128 %rb_0, i64 0, i64 %zext_ln453" [swiglu.cpp:455]   --->   Operation 27 'getelementptr' 'rb_0_addr' <Predicate = true> <Delay = 0.00>
ST_3 : Operation 28 [1/1] (0.00ns)   --->   "%rb_1_addr = getelementptr i128 %rb_1, i64 0, i64 %zext_ln453" [swiglu.cpp:455]   --->   Operation 28 'getelementptr' 'rb_1_addr' <Predicate = true> <Delay = 0.00>
ST_3 : Operation 29 [1/1] (0.00ns)   --->   "%rb_2_addr = getelementptr i128 %rb_2, i64 0, i64 %zext_ln453" [swiglu.cpp:455]   --->   Operation 29 'getelementptr' 'rb_2_addr' <Predicate = true> <Delay = 0.00>
ST_3 : Operation 30 [1/1] (0.00ns)   --->   "%rb_3_addr = getelementptr i128 %rb_3, i64 0, i64 %zext_ln453" [swiglu.cpp:455]   --->   Operation 30 'getelementptr' 'rb_3_addr' <Predicate = true> <Delay = 0.00>
ST_3 : Operation 31 [1/1] (0.00ns)   --->   "%rb_4_addr = getelementptr i128 %rb_4, i64 0, i64 %zext_ln453" [swiglu.cpp:455]   --->   Operation 31 'getelementptr' 'rb_4_addr' <Predicate = true> <Delay = 0.00>
ST_3 : Operation 32 [1/1] (0.00ns)   --->   "%rb_5_addr = getelementptr i128 %rb_5, i64 0, i64 %zext_ln453" [swiglu.cpp:455]   --->   Operation 32 'getelementptr' 'rb_5_addr' <Predicate = true> <Delay = 0.00>
ST_3 : Operation 33 [1/1] (0.00ns)   --->   "%rb_6_addr = getelementptr i128 %rb_6, i64 0, i64 %zext_ln453" [swiglu.cpp:455]   --->   Operation 33 'getelementptr' 'rb_6_addr' <Predicate = true> <Delay = 0.00>
ST_3 : Operation 34 [1/1] (0.00ns)   --->   "%rb_7_addr = getelementptr i128 %rb_7, i64 0, i64 %zext_ln453" [swiglu.cpp:455]   --->   Operation 34 'getelementptr' 'rb_7_addr' <Predicate = true> <Delay = 0.00>
ST_3 : Operation 35 [1/1] (0.00ns)   --->   "%rb_8_addr = getelementptr i128 %rb_8, i64 0, i64 %zext_ln453" [swiglu.cpp:455]   --->   Operation 35 'getelementptr' 'rb_8_addr' <Predicate = true> <Delay = 0.00>
ST_3 : Operation 36 [1/1] (0.00ns)   --->   "%rb_9_addr = getelementptr i128 %rb_9, i64 0, i64 %zext_ln453" [swiglu.cpp:455]   --->   Operation 36 'getelementptr' 'rb_9_addr' <Predicate = true> <Delay = 0.00>
ST_3 : Operation 37 [1/1] (0.00ns)   --->   "%rb_10_addr = getelementptr i128 %rb_10, i64 0, i64 %zext_ln453" [swiglu.cpp:455]   --->   Operation 37 'getelementptr' 'rb_10_addr' <Predicate = true> <Delay = 0.00>
ST_3 : Operation 38 [1/1] (0.00ns)   --->   "%rb_11_addr = getelementptr i128 %rb_11, i64 0, i64 %zext_ln453" [swiglu.cpp:455]   --->   Operation 38 'getelementptr' 'rb_11_addr' <Predicate = true> <Delay = 0.00>
ST_3 : Operation 39 [1/1] (0.00ns)   --->   "%rb_12_addr = getelementptr i128 %rb_12, i64 0, i64 %zext_ln453" [swiglu.cpp:455]   --->   Operation 39 'getelementptr' 'rb_12_addr' <Predicate = true> <Delay = 0.00>
ST_3 : Operation 40 [1/1] (0.00ns)   --->   "%rb_13_addr = getelementptr i128 %rb_13, i64 0, i64 %zext_ln453" [swiglu.cpp:455]   --->   Operation 40 'getelementptr' 'rb_13_addr' <Predicate = true> <Delay = 0.00>
ST_3 : Operation 41 [1/1] (0.00ns)   --->   "%rb_14_addr = getelementptr i128 %rb_14, i64 0, i64 %zext_ln453" [swiglu.cpp:455]   --->   Operation 41 'getelementptr' 'rb_14_addr' <Predicate = true> <Delay = 0.00>
ST_3 : Operation 42 [1/1] (0.00ns)   --->   "%rb_15_addr = getelementptr i128 %rb_15, i64 0, i64 %zext_ln453" [swiglu.cpp:455]   --->   Operation 42 'getelementptr' 'rb_15_addr' <Predicate = true> <Delay = 0.00>
ST_3 : Operation 43 [1/1] ( I:1.23ns O:1.23ns )   --->   "%store_ln455 = store i128 %gmem_Wd_addr_read, i5 %rb_14_addr" [swiglu.cpp:455]   --->   Operation 43 'store' 'store_ln455' <Predicate = (trunc_ln453 == 14)> <Delay = 1.23> <CoreInst = "RAM_1WnR">   --->   Core 83 'RAM_1WnR' <Latency = 1> <II = 1> <Delay = 1.23> <Storage> <Opcode : 'load' 'store'> <Ports = 17> <Width = 128> <Depth = 27> <RAM>
ST_3 : Operation 44 [1/1] (0.00ns)   --->   "%br_ln455 = br void %arrayidx21.exit" [swiglu.cpp:455]   --->   Operation 44 'br' 'br_ln455' <Predicate = (trunc_ln453 == 14)> <Delay = 0.00>
ST_3 : Operation 45 [1/1] ( I:1.23ns O:1.23ns )   --->   "%store_ln455 = store i128 %gmem_Wd_addr_read, i5 %rb_13_addr" [swiglu.cpp:455]   --->   Operation 45 'store' 'store_ln455' <Predicate = (trunc_ln453 == 13)> <Delay = 1.23> <CoreInst = "RAM_1WnR">   --->   Core 83 'RAM_1WnR' <Latency = 1> <II = 1> <Delay = 1.23> <Storage> <Opcode : 'load' 'store'> <Ports = 17> <Width = 128> <Depth = 27> <RAM>
ST_3 : Operation 46 [1/1] (0.00ns)   --->   "%br_ln455 = br void %arrayidx21.exit" [swiglu.cpp:455]   --->   Operation 46 'br' 'br_ln455' <Predicate = (trunc_ln453 == 13)> <Delay = 0.00>
ST_3 : Operation 47 [1/1] ( I:1.23ns O:1.23ns )   --->   "%store_ln455 = store i128 %gmem_Wd_addr_read, i5 %rb_12_addr" [swiglu.cpp:455]   --->   Operation 47 'store' 'store_ln455' <Predicate = (trunc_ln453 == 12)> <Delay = 1.23> <CoreInst = "RAM_1WnR">   --->   Core 83 'RAM_1WnR' <Latency = 1> <II = 1> <Delay = 1.23> <Storage> <Opcode : 'load' 'store'> <Ports = 17> <Width = 128> <Depth = 27> <RAM>
ST_3 : Operation 48 [1/1] (0.00ns)   --->   "%br_ln455 = br void %arrayidx21.exit" [swiglu.cpp:455]   --->   Operation 48 'br' 'br_ln455' <Predicate = (trunc_ln453 == 12)> <Delay = 0.00>
ST_3 : Operation 49 [1/1] ( I:1.23ns O:1.23ns )   --->   "%store_ln455 = store i128 %gmem_Wd_addr_read, i5 %rb_11_addr" [swiglu.cpp:455]   --->   Operation 49 'store' 'store_ln455' <Predicate = (trunc_ln453 == 11)> <Delay = 1.23> <CoreInst = "RAM_1WnR">   --->   Core 83 'RAM_1WnR' <Latency = 1> <II = 1> <Delay = 1.23> <Storage> <Opcode : 'load' 'store'> <Ports = 17> <Width = 128> <Depth = 27> <RAM>
ST_3 : Operation 50 [1/1] (0.00ns)   --->   "%br_ln455 = br void %arrayidx21.exit" [swiglu.cpp:455]   --->   Operation 50 'br' 'br_ln455' <Predicate = (trunc_ln453 == 11)> <Delay = 0.00>
ST_3 : Operation 51 [1/1] ( I:1.23ns O:1.23ns )   --->   "%store_ln455 = store i128 %gmem_Wd_addr_read, i5 %rb_10_addr" [swiglu.cpp:455]   --->   Operation 51 'store' 'store_ln455' <Predicate = (trunc_ln453 == 10)> <Delay = 1.23> <CoreInst = "RAM_1WnR">   --->   Core 83 'RAM_1WnR' <Latency = 1> <II = 1> <Delay = 1.23> <Storage> <Opcode : 'load' 'store'> <Ports = 17> <Width = 128> <Depth = 27> <RAM>
ST_3 : Operation 52 [1/1] (0.00ns)   --->   "%br_ln455 = br void %arrayidx21.exit" [swiglu.cpp:455]   --->   Operation 52 'br' 'br_ln455' <Predicate = (trunc_ln453 == 10)> <Delay = 0.00>
ST_3 : Operation 53 [1/1] ( I:1.23ns O:1.23ns )   --->   "%store_ln455 = store i128 %gmem_Wd_addr_read, i5 %rb_9_addr" [swiglu.cpp:455]   --->   Operation 53 'store' 'store_ln455' <Predicate = (trunc_ln453 == 9)> <Delay = 1.23> <CoreInst = "RAM_1WnR">   --->   Core 83 'RAM_1WnR' <Latency = 1> <II = 1> <Delay = 1.23> <Storage> <Opcode : 'load' 'store'> <Ports = 17> <Width = 128> <Depth = 27> <RAM>
ST_3 : Operation 54 [1/1] (0.00ns)   --->   "%br_ln455 = br void %arrayidx21.exit" [swiglu.cpp:455]   --->   Operation 54 'br' 'br_ln455' <Predicate = (trunc_ln453 == 9)> <Delay = 0.00>
ST_3 : Operation 55 [1/1] ( I:1.23ns O:1.23ns )   --->   "%store_ln455 = store i128 %gmem_Wd_addr_read, i5 %rb_8_addr" [swiglu.cpp:455]   --->   Operation 55 'store' 'store_ln455' <Predicate = (trunc_ln453 == 8)> <Delay = 1.23> <CoreInst = "RAM_1WnR">   --->   Core 83 'RAM_1WnR' <Latency = 1> <II = 1> <Delay = 1.23> <Storage> <Opcode : 'load' 'store'> <Ports = 17> <Width = 128> <Depth = 27> <RAM>
ST_3 : Operation 56 [1/1] (0.00ns)   --->   "%br_ln455 = br void %arrayidx21.exit" [swiglu.cpp:455]   --->   Operation 56 'br' 'br_ln455' <Predicate = (trunc_ln453 == 8)> <Delay = 0.00>
ST_3 : Operation 57 [1/1] ( I:1.23ns O:1.23ns )   --->   "%store_ln455 = store i128 %gmem_Wd_addr_read, i5 %rb_7_addr" [swiglu.cpp:455]   --->   Operation 57 'store' 'store_ln455' <Predicate = (trunc_ln453 == 7)> <Delay = 1.23> <CoreInst = "RAM_1WnR">   --->   Core 83 'RAM_1WnR' <Latency = 1> <II = 1> <Delay = 1.23> <Storage> <Opcode : 'load' 'store'> <Ports = 17> <Width = 128> <Depth = 27> <RAM>
ST_3 : Operation 58 [1/1] (0.00ns)   --->   "%br_ln455 = br void %arrayidx21.exit" [swiglu.cpp:455]   --->   Operation 58 'br' 'br_ln455' <Predicate = (trunc_ln453 == 7)> <Delay = 0.00>
ST_3 : Operation 59 [1/1] ( I:1.23ns O:1.23ns )   --->   "%store_ln455 = store i128 %gmem_Wd_addr_read, i5 %rb_6_addr" [swiglu.cpp:455]   --->   Operation 59 'store' 'store_ln455' <Predicate = (trunc_ln453 == 6)> <Delay = 1.23> <CoreInst = "RAM_1WnR">   --->   Core 83 'RAM_1WnR' <Latency = 1> <II = 1> <Delay = 1.23> <Storage> <Opcode : 'load' 'store'> <Ports = 17> <Width = 128> <Depth = 27> <RAM>
ST_3 : Operation 60 [1/1] (0.00ns)   --->   "%br_ln455 = br void %arrayidx21.exit" [swiglu.cpp:455]   --->   Operation 60 'br' 'br_ln455' <Predicate = (trunc_ln453 == 6)> <Delay = 0.00>
ST_3 : Operation 61 [1/1] ( I:1.23ns O:1.23ns )   --->   "%store_ln455 = store i128 %gmem_Wd_addr_read, i5 %rb_5_addr" [swiglu.cpp:455]   --->   Operation 61 'store' 'store_ln455' <Predicate = (trunc_ln453 == 5)> <Delay = 1.23> <CoreInst = "RAM_1WnR">   --->   Core 83 'RAM_1WnR' <Latency = 1> <II = 1> <Delay = 1.23> <Storage> <Opcode : 'load' 'store'> <Ports = 17> <Width = 128> <Depth = 27> <RAM>
ST_3 : Operation 62 [1/1] (0.00ns)   --->   "%br_ln455 = br void %arrayidx21.exit" [swiglu.cpp:455]   --->   Operation 62 'br' 'br_ln455' <Predicate = (trunc_ln453 == 5)> <Delay = 0.00>
ST_3 : Operation 63 [1/1] ( I:1.23ns O:1.23ns )   --->   "%store_ln455 = store i128 %gmem_Wd_addr_read, i5 %rb_4_addr" [swiglu.cpp:455]   --->   Operation 63 'store' 'store_ln455' <Predicate = (trunc_ln453 == 4)> <Delay = 1.23> <CoreInst = "RAM_1WnR">   --->   Core 83 'RAM_1WnR' <Latency = 1> <II = 1> <Delay = 1.23> <Storage> <Opcode : 'load' 'store'> <Ports = 17> <Width = 128> <Depth = 27> <RAM>
ST_3 : Operation 64 [1/1] (0.00ns)   --->   "%br_ln455 = br void %arrayidx21.exit" [swiglu.cpp:455]   --->   Operation 64 'br' 'br_ln455' <Predicate = (trunc_ln453 == 4)> <Delay = 0.00>
ST_3 : Operation 65 [1/1] ( I:1.23ns O:1.23ns )   --->   "%store_ln455 = store i128 %gmem_Wd_addr_read, i5 %rb_3_addr" [swiglu.cpp:455]   --->   Operation 65 'store' 'store_ln455' <Predicate = (trunc_ln453 == 3)> <Delay = 1.23> <CoreInst = "RAM_1WnR">   --->   Core 83 'RAM_1WnR' <Latency = 1> <II = 1> <Delay = 1.23> <Storage> <Opcode : 'load' 'store'> <Ports = 17> <Width = 128> <Depth = 27> <RAM>
ST_3 : Operation 66 [1/1] (0.00ns)   --->   "%br_ln455 = br void %arrayidx21.exit" [swiglu.cpp:455]   --->   Operation 66 'br' 'br_ln455' <Predicate = (trunc_ln453 == 3)> <Delay = 0.00>
ST_3 : Operation 67 [1/1] ( I:1.23ns O:1.23ns )   --->   "%store_ln455 = store i128 %gmem_Wd_addr_read, i5 %rb_2_addr" [swiglu.cpp:455]   --->   Operation 67 'store' 'store_ln455' <Predicate = (trunc_ln453 == 2)> <Delay = 1.23> <CoreInst = "RAM_1WnR">   --->   Core 83 'RAM_1WnR' <Latency = 1> <II = 1> <Delay = 1.23> <Storage> <Opcode : 'load' 'store'> <Ports = 17> <Width = 128> <Depth = 27> <RAM>
ST_3 : Operation 68 [1/1] (0.00ns)   --->   "%br_ln455 = br void %arrayidx21.exit" [swiglu.cpp:455]   --->   Operation 68 'br' 'br_ln455' <Predicate = (trunc_ln453 == 2)> <Delay = 0.00>
ST_3 : Operation 69 [1/1] ( I:1.23ns O:1.23ns )   --->   "%store_ln455 = store i128 %gmem_Wd_addr_read, i5 %rb_1_addr" [swiglu.cpp:455]   --->   Operation 69 'store' 'store_ln455' <Predicate = (trunc_ln453 == 1)> <Delay = 1.23> <CoreInst = "RAM_1WnR">   --->   Core 83 'RAM_1WnR' <Latency = 1> <II = 1> <Delay = 1.23> <Storage> <Opcode : 'load' 'store'> <Ports = 17> <Width = 128> <Depth = 27> <RAM>
ST_3 : Operation 70 [1/1] (0.00ns)   --->   "%br_ln455 = br void %arrayidx21.exit" [swiglu.cpp:455]   --->   Operation 70 'br' 'br_ln455' <Predicate = (trunc_ln453 == 1)> <Delay = 0.00>
ST_3 : Operation 71 [1/1] ( I:1.23ns O:1.23ns )   --->   "%store_ln455 = store i128 %gmem_Wd_addr_read, i5 %rb_0_addr" [swiglu.cpp:455]   --->   Operation 71 'store' 'store_ln455' <Predicate = (trunc_ln453 == 0)> <Delay = 1.23> <CoreInst = "RAM_1WnR">   --->   Core 83 'RAM_1WnR' <Latency = 1> <II = 1> <Delay = 1.23> <Storage> <Opcode : 'load' 'store'> <Ports = 17> <Width = 128> <Depth = 27> <RAM>
ST_3 : Operation 72 [1/1] (0.00ns)   --->   "%br_ln455 = br void %arrayidx21.exit" [swiglu.cpp:455]   --->   Operation 72 'br' 'br_ln455' <Predicate = (trunc_ln453 == 0)> <Delay = 0.00>
ST_3 : Operation 73 [1/1] ( I:1.23ns O:1.23ns )   --->   "%store_ln455 = store i128 %gmem_Wd_addr_read, i5 %rb_15_addr" [swiglu.cpp:455]   --->   Operation 73 'store' 'store_ln455' <Predicate = (trunc_ln453 == 15)> <Delay = 1.23> <CoreInst = "RAM_1WnR">   --->   Core 83 'RAM_1WnR' <Latency = 1> <II = 1> <Delay = 1.23> <Storage> <Opcode : 'load' 'store'> <Ports = 17> <Width = 128> <Depth = 27> <RAM>
ST_3 : Operation 74 [1/1] (0.00ns)   --->   "%br_ln455 = br void %arrayidx21.exit" [swiglu.cpp:455]   --->   Operation 74 'br' 'br_ln455' <Predicate = (trunc_ln453 == 15)> <Delay = 0.00>


============================================================
+ Verbose Summary: Binding
============================================================
STG Binding: 
---------------- STG Properties BEGIN ----------------
- Is combinational: 0
- Is one-state seq: 0
- Is datapath-only: 0
- Is pipelined: 0
- Is top level: 0
Port [ Return ] is wired: 1; IO mode=ap_ctrl_hs:ce=0
Port [ gmem_Wd]:  wired=1; compound=1; hidden=0; nouse=0; global=0; static=0; extern=0; dir=0; type=4; pingpong=0; private_global=0; IO mode=m_axi:ce=0
Port [ sext_ln453]:  wired=1; compound=0; hidden=0; nouse=0; global=0; static=0; extern=0; dir=0; type=0; pingpong=0; private_global=0; IO mode=ap_none:ce=0
Port [ rb_15]:  wired=1; compound=1; hidden=0; nouse=0; global=0; static=0; extern=0; dir=1; type=1; pingpong=0; private_global=0; MemPort=[03333333333333333]; IO mode=ap_memory:ce=0
Port [ rb_14]:  wired=1; compound=1; hidden=0; nouse=0; global=0; static=0; extern=0; dir=1; type=1; pingpong=0; private_global=0; MemPort=[03333333333333333]; IO mode=ap_memory:ce=0
Port [ rb_13]:  wired=1; compound=1; hidden=0; nouse=0; global=0; static=0; extern=0; dir=1; type=1; pingpong=0; private_global=0; MemPort=[03333333333333333]; IO mode=ap_memory:ce=0
Port [ rb_12]:  wired=1; compound=1; hidden=0; nouse=0; global=0; static=0; extern=0; dir=1; type=1; pingpong=0; private_global=0; MemPort=[03333333333333333]; IO mode=ap_memory:ce=0
Port [ rb_11]:  wired=1; compound=1; hidden=0; nouse=0; global=0; static=0; extern=0; dir=1; type=1; pingpong=0; private_global=0; MemPort=[03333333333333333]; IO mode=ap_memory:ce=0
Port [ rb_10]:  wired=1; compound=1; hidden=0; nouse=0; global=0; static=0; extern=0; dir=1; type=1; pingpong=0; private_global=0; MemPort=[03333333333333333]; IO mode=ap_memory:ce=0
Port [ rb_9]:  wired=1; compound=1; hidden=0; nouse=0; global=0; static=0; extern=0; dir=1; type=1; pingpong=0; private_global=0; MemPort=[03333333333333333]; IO mode=ap_memory:ce=0
Port [ rb_8]:  wired=1; compound=1; hidden=0; nouse=0; global=0; static=0; extern=0; dir=1; type=1; pingpong=0; private_global=0; MemPort=[03333333333333333]; IO mode=ap_memory:ce=0
Port [ rb_7]:  wired=1; compound=1; hidden=0; nouse=0; global=0; static=0; extern=0; dir=1; type=1; pingpong=0; private_global=0; MemPort=[03333333333333333]; IO mode=ap_memory:ce=0
Port [ rb_6]:  wired=1; compound=1; hidden=0; nouse=0; global=0; static=0; extern=0; dir=1; type=1; pingpong=0; private_global=0; MemPort=[03333333333333333]; IO mode=ap_memory:ce=0
Port [ rb_5]:  wired=1; compound=1; hidden=0; nouse=0; global=0; static=0; extern=0; dir=1; type=1; pingpong=0; private_global=0; MemPort=[03333333333333333]; IO mode=ap_memory:ce=0
Port [ rb_4]:  wired=1; compound=1; hidden=0; nouse=0; global=0; static=0; extern=0; dir=1; type=1; pingpong=0; private_global=0; MemPort=[03333333333333333]; IO mode=ap_memory:ce=0
Port [ rb_3]:  wired=1; compound=1; hidden=0; nouse=0; global=0; static=0; extern=0; dir=1; type=1; pingpong=0; private_global=0; MemPort=[03333333333333333]; IO mode=ap_memory:ce=0
Port [ rb_2]:  wired=1; compound=1; hidden=0; nouse=0; global=0; static=0; extern=0; dir=1; type=1; pingpong=0; private_global=0; MemPort=[03333333333333333]; IO mode=ap_memory:ce=0
Port [ rb_1]:  wired=1; compound=1; hidden=0; nouse=0; global=0; static=0; extern=0; dir=1; type=1; pingpong=0; private_global=0; MemPort=[03333333333333333]; IO mode=ap_memory:ce=0
Port [ rb_0]:  wired=1; compound=1; hidden=0; nouse=0; global=0; static=0; extern=0; dir=1; type=1; pingpong=0; private_global=0; MemPort=[03333333333333333]; IO mode=ap_memory:ce=0
---------------- STG Properties END ------------------

---------------- Datapath Model BEGIN ----------------

<LifeTime>
<method=bitvector/>
i                       (alloca           ) [ 0100]
sext_ln453_read         (read             ) [ 0000]
sext_ln453_cast         (sext             ) [ 0110]
specinterface_ln0       (specinterface    ) [ 0000]
store_ln453             (store            ) [ 0000]
br_ln0                  (br               ) [ 0000]
i_1                     (load             ) [ 0000]
icmp_ln453              (icmp             ) [ 0110]
add_ln453               (add              ) [ 0000]
br_ln453                (br               ) [ 0000]
trunc_ln453             (trunc            ) [ 0111]
lshr_ln                 (partselect       ) [ 0111]
switch_ln455            (switch           ) [ 0000]
store_ln453             (store            ) [ 0000]
br_ln453                (br               ) [ 0000]
gmem_Wd_addr            (getelementptr    ) [ 0000]
gmem_Wd_addr_read       (read             ) [ 0101]
specpipeline_ln454      (specpipeline     ) [ 0000]
speclooptripcount_ln453 (speclooptripcount) [ 0000]
specloopname_ln453      (specloopname     ) [ 0000]
zext_ln453              (zext             ) [ 0000]
rb_0_addr               (getelementptr    ) [ 0000]
rb_1_addr               (getelementptr    ) [ 0000]
rb_2_addr               (getelementptr    ) [ 0000]
rb_3_addr               (getelementptr    ) [ 0000]
rb_4_addr               (getelementptr    ) [ 0000]
rb_5_addr               (getelementptr    ) [ 0000]
rb_6_addr               (getelementptr    ) [ 0000]
rb_7_addr               (getelementptr    ) [ 0000]
rb_8_addr               (getelementptr    ) [ 0000]
rb_9_addr               (getelementptr    ) [ 0000]
rb_10_addr              (getelementptr    ) [ 0000]
rb_11_addr              (getelementptr    ) [ 0000]
rb_12_addr              (getelementptr    ) [ 0000]
rb_13_addr              (getelementptr    ) [ 0000]
rb_14_addr              (getelementptr    ) [ 0000]
rb_15_addr              (getelementptr    ) [ 0000]
store_ln455             (store            ) [ 0000]
br_ln455                (br               ) [ 0000]
store_ln455             (store            ) [ 0000]
br_ln455                (br               ) [ 0000]
store_ln455             (store            ) [ 0000]
br_ln455                (br               ) [ 0000]
store_ln455             (store            ) [ 0000]
br_ln455                (br               ) [ 0000]
store_ln455             (store            ) [ 0000]
br_ln455                (br               ) [ 0000]
store_ln455             (store            ) [ 0000]
br_ln455                (br               ) [ 0000]
store_ln455             (store            ) [ 0000]
br_ln455                (br               ) [ 0000]
store_ln455             (store            ) [ 0000]
br_ln455                (br               ) [ 0000]
store_ln455             (store            ) [ 0000]
br_ln455                (br               ) [ 0000]
store_ln455             (store            ) [ 0000]
br_ln455                (br               ) [ 0000]
store_ln455             (store            ) [ 0000]
br_ln455                (br               ) [ 0000]
store_ln455             (store            ) [ 0000]
br_ln455                (br               ) [ 0000]
store_ln455             (store            ) [ 0000]
br_ln455                (br               ) [ 0000]
store_ln455             (store            ) [ 0000]
br_ln455                (br               ) [ 0000]
store_ln455             (store            ) [ 0000]
br_ln455                (br               ) [ 0000]
store_ln455             (store            ) [ 0000]
br_ln455                (br               ) [ 0000]
ret_ln0                 (ret              ) [ 0000]
</LifeTime>

<model>

<comp_list>
<comp id="0" class="1000" name="gmem_Wd">
<pin_list>
<pin id="1" dir="1" index="0" bw="1" slack="0"/>
</pin_list>
<bind>
<StgValue><ssdm name="gmem_Wd"/><MemPortTyVec>0 </MemPortTyVec>
</StgValue>
</bind>
</comp>

<comp id="2" class="1000" name="sext_ln453">
<pin_list>
<pin id="3" dir="1" index="0" bw="1" slack="0"/>
</pin_list>
<bind>
<StgValue><ssdm name="sext_ln453"/></StgValue>
</bind>
</comp>

<comp id="4" class="1000" name="rb_15">
<pin_list>
<pin id="5" dir="1" index="0" bw="1" slack="0"/>
</pin_list>
<bind>
<StgValue><ssdm name="rb_15"/><MemPortTyVec>0 3 3 3 3 3 3 3 3 3 3 3 3 3 3 3 3 </MemPortTyVec>
</StgValue>
</bind>
</comp>

<comp id="6" class="1000" name="rb_14">
<pin_list>
<pin id="7" dir="1" index="0" bw="1" slack="0"/>
</pin_list>
<bind>
<StgValue><ssdm name="rb_14"/><MemPortTyVec>0 3 3 3 3 3 3 3 3 3 3 3 3 3 3 3 3 </MemPortTyVec>
</StgValue>
</bind>
</comp>

<comp id="8" class="1000" name="rb_13">
<pin_list>
<pin id="9" dir="1" index="0" bw="1" slack="0"/>
</pin_list>
<bind>
<StgValue><ssdm name="rb_13"/><MemPortTyVec>0 3 3 3 3 3 3 3 3 3 3 3 3 3 3 3 3 </MemPortTyVec>
</StgValue>
</bind>
</comp>

<comp id="10" class="1000" name="rb_12">
<pin_list>
<pin id="11" dir="1" index="0" bw="1" slack="0"/>
</pin_list>
<bind>
<StgValue><ssdm name="rb_12"/><MemPortTyVec>0 3 3 3 3 3 3 3 3 3 3 3 3 3 3 3 3 </MemPortTyVec>
</StgValue>
</bind>
</comp>

<comp id="12" class="1000" name="rb_11">
<pin_list>
<pin id="13" dir="1" index="0" bw="1" slack="0"/>
</pin_list>
<bind>
<StgValue><ssdm name="rb_11"/><MemPortTyVec>0 3 3 3 3 3 3 3 3 3 3 3 3 3 3 3 3 </MemPortTyVec>
</StgValue>
</bind>
</comp>

<comp id="14" class="1000" name="rb_10">
<pin_list>
<pin id="15" dir="1" index="0" bw="1" slack="0"/>
</pin_list>
<bind>
<StgValue><ssdm name="rb_10"/><MemPortTyVec>0 3 3 3 3 3 3 3 3 3 3 3 3 3 3 3 3 </MemPortTyVec>
</StgValue>
</bind>
</comp>

<comp id="16" class="1000" name="rb_9">
<pin_list>
<pin id="17" dir="1" index="0" bw="1" slack="0"/>
</pin_list>
<bind>
<StgValue><ssdm name="rb_9"/><MemPortTyVec>0 3 3 3 3 3 3 3 3 3 3 3 3 3 3 3 3 </MemPortTyVec>
</StgValue>
</bind>
</comp>

<comp id="18" class="1000" name="rb_8">
<pin_list>
<pin id="19" dir="1" index="0" bw="1" slack="0"/>
</pin_list>
<bind>
<StgValue><ssdm name="rb_8"/><MemPortTyVec>0 3 3 3 3 3 3 3 3 3 3 3 3 3 3 3 3 </MemPortTyVec>
</StgValue>
</bind>
</comp>

<comp id="20" class="1000" name="rb_7">
<pin_list>
<pin id="21" dir="1" index="0" bw="1" slack="0"/>
</pin_list>
<bind>
<StgValue><ssdm name="rb_7"/><MemPortTyVec>0 3 3 3 3 3 3 3 3 3 3 3 3 3 3 3 3 </MemPortTyVec>
</StgValue>
</bind>
</comp>

<comp id="22" class="1000" name="rb_6">
<pin_list>
<pin id="23" dir="1" index="0" bw="1" slack="0"/>
</pin_list>
<bind>
<StgValue><ssdm name="rb_6"/><MemPortTyVec>0 3 3 3 3 3 3 3 3 3 3 3 3 3 3 3 3 </MemPortTyVec>
</StgValue>
</bind>
</comp>

<comp id="24" class="1000" name="rb_5">
<pin_list>
<pin id="25" dir="1" index="0" bw="1" slack="0"/>
</pin_list>
<bind>
<StgValue><ssdm name="rb_5"/><MemPortTyVec>0 3 3 3 3 3 3 3 3 3 3 3 3 3 3 3 3 </MemPortTyVec>
</StgValue>
</bind>
</comp>

<comp id="26" class="1000" name="rb_4">
<pin_list>
<pin id="27" dir="1" index="0" bw="1" slack="0"/>
</pin_list>
<bind>
<StgValue><ssdm name="rb_4"/><MemPortTyVec>0 3 3 3 3 3 3 3 3 3 3 3 3 3 3 3 3 </MemPortTyVec>
</StgValue>
</bind>
</comp>

<comp id="28" class="1000" name="rb_3">
<pin_list>
<pin id="29" dir="1" index="0" bw="1" slack="0"/>
</pin_list>
<bind>
<StgValue><ssdm name="rb_3"/><MemPortTyVec>0 3 3 3 3 3 3 3 3 3 3 3 3 3 3 3 3 </MemPortTyVec>
</StgValue>
</bind>
</comp>

<comp id="30" class="1000" name="rb_2">
<pin_list>
<pin id="31" dir="1" index="0" bw="1" slack="0"/>
</pin_list>
<bind>
<StgValue><ssdm name="rb_2"/><MemPortTyVec>0 3 3 3 3 3 3 3 3 3 3 3 3 3 3 3 3 </MemPortTyVec>
</StgValue>
</bind>
</comp>

<comp id="32" class="1000" name="rb_1">
<pin_list>
<pin id="33" dir="1" index="0" bw="1" slack="0"/>
</pin_list>
<bind>
<StgValue><ssdm name="rb_1"/><MemPortTyVec>0 3 3 3 3 3 3 3 3 3 3 3 3 3 3 3 3 </MemPortTyVec>
</StgValue>
</bind>
</comp>

<comp id="34" class="1000" name="rb_0">
<pin_list>
<pin id="35" dir="1" index="0" bw="1" slack="0"/>
</pin_list>
<bind>
<StgValue><ssdm name="rb_0"/><MemPortTyVec>0 3 3 3 3 3 3 3 3 3 3 3 3 3 3 3 3 </MemPortTyVec>
</StgValue>
</bind>
</comp>

<comp id="36" class="1001" name="const_36">
<pin_list>
<pin id="37" dir="1" index="0" bw="1" slack="0"/>
</pin_list>
<bind>
<StgValue><ssdm name=""/></StgValue>
</bind>
</comp>

<comp id="38" class="1001" name="const_38">
<pin_list>
<pin id="39" dir="1" index="0" bw="1" slack="0"/>
</pin_list>
<bind>
<StgValue><ssdm name="_ssdm_op_Read.ap_auto.i60"/></StgValue>
</bind>
</comp>

<comp id="40" class="1001" name="const_40">
<pin_list>
<pin id="41" dir="1" index="0" bw="1" slack="2147483647"/>
</pin_list>
<bind>
<StgValue><ssdm name="_ssdm_op_SpecInterface"/></StgValue>
</bind>
</comp>

<comp id="42" class="1001" name="const_42">
<pin_list>
<pin id="43" dir="1" index="0" bw="1" slack="2147483647"/>
</pin_list>
<bind>
<StgValue><ssdm name="empty_31"/></StgValue>
</bind>
</comp>

<comp id="44" class="1001" name="const_44">
<pin_list>
<pin id="45" dir="1" index="0" bw="1" slack="2147483647"/>
</pin_list>
<bind>
<StgValue><ssdm name=""/></StgValue>
</bind>
</comp>

<comp id="46" class="1001" name="const_46">
<pin_list>
<pin id="47" dir="1" index="0" bw="1" slack="2147483647"/>
</pin_list>
<bind>
<StgValue><ssdm name="empty_32"/></StgValue>
</bind>
</comp>

<comp id="48" class="1001" name="const_48">
<pin_list>
<pin id="49" dir="1" index="0" bw="1" slack="2147483647"/>
</pin_list>
<bind>
<StgValue><ssdm name=""/></StgValue>
</bind>
</comp>

<comp id="50" class="1001" name="const_50">
<pin_list>
<pin id="51" dir="1" index="0" bw="1" slack="2147483647"/>
</pin_list>
<bind>
<StgValue><ssdm name=""/></StgValue>
</bind>
</comp>

<comp id="52" class="1001" name="const_52">
<pin_list>
<pin id="53" dir="1" index="0" bw="1" slack="2147483647"/>
</pin_list>
<bind>
<StgValue><ssdm name="empty_0"/></StgValue>
</bind>
</comp>

<comp id="54" class="1001" name="const_54">
<pin_list>
<pin id="55" dir="1" index="0" bw="1" slack="2147483647"/>
</pin_list>
<bind>
<StgValue><ssdm name="empty_35"/></StgValue>
</bind>
</comp>

<comp id="56" class="1001" name="const_56">
<pin_list>
<pin id="57" dir="1" index="0" bw="1" slack="2147483647"/>
</pin_list>
<bind>
<StgValue><ssdm name=""/></StgValue>
</bind>
</comp>

<comp id="58" class="1001" name="const_58">
<pin_list>
<pin id="59" dir="1" index="0" bw="1" slack="2147483647"/>
</pin_list>
<bind>
<StgValue><ssdm name=""/></StgValue>
</bind>
</comp>

<comp id="60" class="1001" name="const_60">
<pin_list>
<pin id="61" dir="1" index="0" bw="1" slack="2147483647"/>
</pin_list>
<bind>
<StgValue><ssdm name=""/></StgValue>
</bind>
</comp>

<comp id="62" class="1001" name="const_62">
<pin_list>
<pin id="63" dir="1" index="0" bw="1" slack="2147483647"/>
</pin_list>
<bind>
<StgValue><ssdm name=""/></StgValue>
</bind>
</comp>

<comp id="64" class="1001" name="const_64">
<pin_list>
<pin id="65" dir="1" index="0" bw="1" slack="0"/>
</pin_list>
<bind>
<StgValue><ssdm name=""/></StgValue>
</bind>
</comp>

<comp id="66" class="1001" name="const_66">
<pin_list>
<pin id="67" dir="1" index="0" bw="1" slack="0"/>
</pin_list>
<bind>
<StgValue><ssdm name=""/></StgValue>
</bind>
</comp>

<comp id="68" class="1001" name="const_68">
<pin_list>
<pin id="69" dir="1" index="0" bw="1" slack="0"/>
</pin_list>
<bind>
<StgValue><ssdm name=""/></StgValue>
</bind>
</comp>

<comp id="70" class="1001" name="const_70">
<pin_list>
<pin id="71" dir="1" index="0" bw="1" slack="0"/>
</pin_list>
<bind>
<StgValue><ssdm name="_ssdm_op_PartSelect.i5.i9.i32.i32"/></StgValue>
</bind>
</comp>

<comp id="72" class="1001" name="const_72">
<pin_list>
<pin id="73" dir="1" index="0" bw="1" slack="0"/>
</pin_list>
<bind>
<StgValue><ssdm name=""/></StgValue>
</bind>
</comp>

<comp id="74" class="1001" name="const_74">
<pin_list>
<pin id="75" dir="1" index="0" bw="1" slack="0"/>
</pin_list>
<bind>
<StgValue><ssdm name=""/></StgValue>
</bind>
</comp>

<comp id="76" class="1001" name="const_76">
<pin_list>
<pin id="77" dir="1" index="0" bw="1" slack="0"/>
</pin_list>
<bind>
<StgValue><ssdm name=""/></StgValue>
</bind>
</comp>

<comp id="78" class="1001" name="const_78">
<pin_list>
<pin id="79" dir="1" index="0" bw="1" slack="0"/>
</pin_list>
<bind>
<StgValue><ssdm name=""/></StgValue>
</bind>
</comp>

<comp id="80" class="1001" name="const_80">
<pin_list>
<pin id="81" dir="1" index="0" bw="1" slack="0"/>
</pin_list>
<bind>
<StgValue><ssdm name=""/></StgValue>
</bind>
</comp>

<comp id="82" class="1001" name="const_82">
<pin_list>
<pin id="83" dir="1" index="0" bw="1" slack="0"/>
</pin_list>
<bind>
<StgValue><ssdm name=""/></StgValue>
</bind>
</comp>

<comp id="84" class="1001" name="const_84">
<pin_list>
<pin id="85" dir="1" index="0" bw="1" slack="0"/>
</pin_list>
<bind>
<StgValue><ssdm name=""/></StgValue>
</bind>
</comp>

<comp id="86" class="1001" name="const_86">
<pin_list>
<pin id="87" dir="1" index="0" bw="1" slack="0"/>
</pin_list>
<bind>
<StgValue><ssdm name=""/></StgValue>
</bind>
</comp>

<comp id="88" class="1001" name="const_88">
<pin_list>
<pin id="89" dir="1" index="0" bw="1" slack="0"/>
</pin_list>
<bind>
<StgValue><ssdm name=""/></StgValue>
</bind>
</comp>

<comp id="90" class="1001" name="const_90">
<pin_list>
<pin id="91" dir="1" index="0" bw="1" slack="0"/>
</pin_list>
<bind>
<StgValue><ssdm name=""/></StgValue>
</bind>
</comp>

<comp id="92" class="1001" name="const_92">
<pin_list>
<pin id="93" dir="1" index="0" bw="1" slack="0"/>
</pin_list>
<bind>
<StgValue><ssdm name=""/></StgValue>
</bind>
</comp>

<comp id="94" class="1001" name="const_94">
<pin_list>
<pin id="95" dir="1" index="0" bw="1" slack="0"/>
</pin_list>
<bind>
<StgValue><ssdm name=""/></StgValue>
</bind>
</comp>

<comp id="96" class="1001" name="const_96">
<pin_list>
<pin id="97" dir="1" index="0" bw="1" slack="0"/>
</pin_list>
<bind>
<StgValue><ssdm name=""/></StgValue>
</bind>
</comp>

<comp id="98" class="1001" name="const_98">
<pin_list>
<pin id="99" dir="1" index="0" bw="1" slack="0"/>
</pin_list>
<bind>
<StgValue><ssdm name=""/></StgValue>
</bind>
</comp>

<comp id="100" class="1001" name="const_100">
<pin_list>
<pin id="101" dir="1" index="0" bw="1" slack="0"/>
</pin_list>
<bind>
<StgValue><ssdm name=""/></StgValue>
</bind>
</comp>

<comp id="102" class="1001" name="const_102">
<pin_list>
<pin id="103" dir="1" index="0" bw="1" slack="0"/>
</pin_list>
<bind>
<StgValue><ssdm name=""/></StgValue>
</bind>
</comp>

<comp id="104" class="1001" name="const_104">
<pin_list>
<pin id="105" dir="1" index="0" bw="1" slack="0"/>
</pin_list>
<bind>
<StgValue><ssdm name=""/></StgValue>
</bind>
</comp>

<comp id="106" class="1001" name="const_106">
<pin_list>
<pin id="107" dir="1" index="0" bw="1" slack="0"/>
</pin_list>
<bind>
<StgValue><ssdm name="_ssdm_op_Read.m_axi.p1i128"/></StgValue>
</bind>
</comp>

<comp id="108" class="1001" name="const_108">
<pin_list>
<pin id="109" dir="1" index="0" bw="1" slack="2147483647"/>
</pin_list>
<bind>
<StgValue><ssdm name="_ssdm_op_SpecPipeline"/></StgValue>
</bind>
</comp>

<comp id="110" class="1001" name="const_110">
<pin_list>
<pin id="111" dir="1" index="0" bw="1" slack="2147483647"/>
</pin_list>
<bind>
<StgValue><ssdm name="_ssdm_op_SpecLoopTripCount"/></StgValue>
</bind>
</comp>

<comp id="112" class="1001" name="const_112">
<pin_list>
<pin id="113" dir="1" index="0" bw="1" slack="2147483647"/>
</pin_list>
<bind>
<StgValue><ssdm name=""/></StgValue>
</bind>
</comp>

<comp id="114" class="1001" name="const_114">
<pin_list>
<pin id="115" dir="1" index="0" bw="1" slack="2147483647"/>
</pin_list>
<bind>
<StgValue><ssdm name="_ssdm_op_SpecLoopName"/></StgValue>
</bind>
</comp>

<comp id="116" class="1001" name="const_116">
<pin_list>
<pin id="117" dir="1" index="0" bw="1" slack="2147483647"/>
</pin_list>
<bind>
<StgValue><ssdm name="empty_29"/></StgValue>
</bind>
</comp>

<comp id="118" class="1001" name="const_118">
<pin_list>
<pin id="119" dir="1" index="0" bw="1" slack="0"/>
</pin_list>
<bind>
<StgValue><ssdm name=""/></StgValue>
</bind>
</comp>

<comp id="120" class="1004" name="i_fu_120">
<pin_list>
<pin id="121" dir="0" index="0" bw="1" slack="0"/>
<pin id="122" dir="1" index="1" bw="9" slack="0"/>
</pin_list>
<bind>
<opcode="alloca(26) " fcode="alloca"/>
<opset="i/1 "/>
</bind>
</comp>

<comp id="124" class="1004" name="sext_ln453_read_read_fu_124">
<pin_list>
<pin id="125" dir="0" index="0" bw="60" slack="0"/>
<pin id="126" dir="0" index="1" bw="60" slack="0"/>
<pin id="127" dir="1" index="2" bw="60" slack="0"/>
</pin_list>
<bind>
<opcode="read(1150) " fcode="read"/>
<opset="sext_ln453_read/1 "/>
</bind>
</comp>

<comp id="130" class="1004" name="rb_0_addr_gep_fu_130">
<pin_list>
<pin id="131" dir="0" index="0" bw="128" slack="0"/>
<pin id="132" dir="0" index="1" bw="1" slack="0"/>
<pin id="133" dir="0" index="2" bw="5" slack="0"/>
<pin id="134" dir="1" index="3" bw="5" slack="0"/>
</pin_list>
<bind>
<opcode="getelementptr(29) " fcode="getelementptr"/>
<opset="rb_0_addr/3 "/>
</bind>
</comp>

<comp id="137" class="1004" name="rb_1_addr_gep_fu_137">
<pin_list>
<pin id="138" dir="0" index="0" bw="128" slack="0"/>
<pin id="139" dir="0" index="1" bw="1" slack="0"/>
<pin id="140" dir="0" index="2" bw="5" slack="0"/>
<pin id="141" dir="1" index="3" bw="5" slack="0"/>
</pin_list>
<bind>
<opcode="getelementptr(29) " fcode="getelementptr"/>
<opset="rb_1_addr/3 "/>
</bind>
</comp>

<comp id="144" class="1004" name="rb_2_addr_gep_fu_144">
<pin_list>
<pin id="145" dir="0" index="0" bw="128" slack="0"/>
<pin id="146" dir="0" index="1" bw="1" slack="0"/>
<pin id="147" dir="0" index="2" bw="5" slack="0"/>
<pin id="148" dir="1" index="3" bw="5" slack="0"/>
</pin_list>
<bind>
<opcode="getelementptr(29) " fcode="getelementptr"/>
<opset="rb_2_addr/3 "/>
</bind>
</comp>

<comp id="151" class="1004" name="rb_3_addr_gep_fu_151">
<pin_list>
<pin id="152" dir="0" index="0" bw="128" slack="0"/>
<pin id="153" dir="0" index="1" bw="1" slack="0"/>
<pin id="154" dir="0" index="2" bw="5" slack="0"/>
<pin id="155" dir="1" index="3" bw="5" slack="0"/>
</pin_list>
<bind>
<opcode="getelementptr(29) " fcode="getelementptr"/>
<opset="rb_3_addr/3 "/>
</bind>
</comp>

<comp id="158" class="1004" name="rb_4_addr_gep_fu_158">
<pin_list>
<pin id="159" dir="0" index="0" bw="128" slack="0"/>
<pin id="160" dir="0" index="1" bw="1" slack="0"/>
<pin id="161" dir="0" index="2" bw="5" slack="0"/>
<pin id="162" dir="1" index="3" bw="5" slack="0"/>
</pin_list>
<bind>
<opcode="getelementptr(29) " fcode="getelementptr"/>
<opset="rb_4_addr/3 "/>
</bind>
</comp>

<comp id="165" class="1004" name="rb_5_addr_gep_fu_165">
<pin_list>
<pin id="166" dir="0" index="0" bw="128" slack="0"/>
<pin id="167" dir="0" index="1" bw="1" slack="0"/>
<pin id="168" dir="0" index="2" bw="5" slack="0"/>
<pin id="169" dir="1" index="3" bw="5" slack="0"/>
</pin_list>
<bind>
<opcode="getelementptr(29) " fcode="getelementptr"/>
<opset="rb_5_addr/3 "/>
</bind>
</comp>

<comp id="172" class="1004" name="rb_6_addr_gep_fu_172">
<pin_list>
<pin id="173" dir="0" index="0" bw="128" slack="0"/>
<pin id="174" dir="0" index="1" bw="1" slack="0"/>
<pin id="175" dir="0" index="2" bw="5" slack="0"/>
<pin id="176" dir="1" index="3" bw="5" slack="0"/>
</pin_list>
<bind>
<opcode="getelementptr(29) " fcode="getelementptr"/>
<opset="rb_6_addr/3 "/>
</bind>
</comp>

<comp id="179" class="1004" name="rb_7_addr_gep_fu_179">
<pin_list>
<pin id="180" dir="0" index="0" bw="128" slack="0"/>
<pin id="181" dir="0" index="1" bw="1" slack="0"/>
<pin id="182" dir="0" index="2" bw="5" slack="0"/>
<pin id="183" dir="1" index="3" bw="5" slack="0"/>
</pin_list>
<bind>
<opcode="getelementptr(29) " fcode="getelementptr"/>
<opset="rb_7_addr/3 "/>
</bind>
</comp>

<comp id="186" class="1004" name="rb_8_addr_gep_fu_186">
<pin_list>
<pin id="187" dir="0" index="0" bw="128" slack="0"/>
<pin id="188" dir="0" index="1" bw="1" slack="0"/>
<pin id="189" dir="0" index="2" bw="5" slack="0"/>
<pin id="190" dir="1" index="3" bw="5" slack="0"/>
</pin_list>
<bind>
<opcode="getelementptr(29) " fcode="getelementptr"/>
<opset="rb_8_addr/3 "/>
</bind>
</comp>

<comp id="193" class="1004" name="rb_9_addr_gep_fu_193">
<pin_list>
<pin id="194" dir="0" index="0" bw="128" slack="0"/>
<pin id="195" dir="0" index="1" bw="1" slack="0"/>
<pin id="196" dir="0" index="2" bw="5" slack="0"/>
<pin id="197" dir="1" index="3" bw="5" slack="0"/>
</pin_list>
<bind>
<opcode="getelementptr(29) " fcode="getelementptr"/>
<opset="rb_9_addr/3 "/>
</bind>
</comp>

<comp id="200" class="1004" name="rb_10_addr_gep_fu_200">
<pin_list>
<pin id="201" dir="0" index="0" bw="128" slack="0"/>
<pin id="202" dir="0" index="1" bw="1" slack="0"/>
<pin id="203" dir="0" index="2" bw="5" slack="0"/>
<pin id="204" dir="1" index="3" bw="5" slack="0"/>
</pin_list>
<bind>
<opcode="getelementptr(29) " fcode="getelementptr"/>
<opset="rb_10_addr/3 "/>
</bind>
</comp>

<comp id="207" class="1004" name="rb_11_addr_gep_fu_207">
<pin_list>
<pin id="208" dir="0" index="0" bw="128" slack="0"/>
<pin id="209" dir="0" index="1" bw="1" slack="0"/>
<pin id="210" dir="0" index="2" bw="5" slack="0"/>
<pin id="211" dir="1" index="3" bw="5" slack="0"/>
</pin_list>
<bind>
<opcode="getelementptr(29) " fcode="getelementptr"/>
<opset="rb_11_addr/3 "/>
</bind>
</comp>

<comp id="214" class="1004" name="rb_12_addr_gep_fu_214">
<pin_list>
<pin id="215" dir="0" index="0" bw="128" slack="0"/>
<pin id="216" dir="0" index="1" bw="1" slack="0"/>
<pin id="217" dir="0" index="2" bw="5" slack="0"/>
<pin id="218" dir="1" index="3" bw="5" slack="0"/>
</pin_list>
<bind>
<opcode="getelementptr(29) " fcode="getelementptr"/>
<opset="rb_12_addr/3 "/>
</bind>
</comp>

<comp id="221" class="1004" name="rb_13_addr_gep_fu_221">
<pin_list>
<pin id="222" dir="0" index="0" bw="128" slack="0"/>
<pin id="223" dir="0" index="1" bw="1" slack="0"/>
<pin id="224" dir="0" index="2" bw="5" slack="0"/>
<pin id="225" dir="1" index="3" bw="5" slack="0"/>
</pin_list>
<bind>
<opcode="getelementptr(29) " fcode="getelementptr"/>
<opset="rb_13_addr/3 "/>
</bind>
</comp>

<comp id="228" class="1004" name="rb_14_addr_gep_fu_228">
<pin_list>
<pin id="229" dir="0" index="0" bw="128" slack="0"/>
<pin id="230" dir="0" index="1" bw="1" slack="0"/>
<pin id="231" dir="0" index="2" bw="5" slack="0"/>
<pin id="232" dir="1" index="3" bw="5" slack="0"/>
</pin_list>
<bind>
<opcode="getelementptr(29) " fcode="getelementptr"/>
<opset="rb_14_addr/3 "/>
</bind>
</comp>

<comp id="235" class="1004" name="rb_15_addr_gep_fu_235">
<pin_list>
<pin id="236" dir="0" index="0" bw="128" slack="0"/>
<pin id="237" dir="0" index="1" bw="1" slack="0"/>
<pin id="238" dir="0" index="2" bw="5" slack="0"/>
<pin id="239" dir="1" index="3" bw="5" slack="0"/>
</pin_list>
<bind>
<opcode="getelementptr(29) " fcode="getelementptr"/>
<opset="rb_15_addr/3 "/>
</bind>
</comp>

<comp id="242" class="1004" name="store_ln455_access_fu_242">
<pin_list>
<pin id="243" dir="0" index="0" bw="5" slack="0"/>
<pin id="244" dir="0" index="1" bw="128" slack="1"/>
<pin id="245" dir="0" index="2" bw="0" slack="2147483647"/>
<pin id="246" dir="1" index="3" bw="128" slack="2147483647"/>
</pin_list>
<bind>
<opcode="store(28) " fcode="store"/>
<opset="store_ln455/3 "/>
</bind>
</comp>

<comp id="248" class="1004" name="store_ln455_access_fu_248">
<pin_list>
<pin id="249" dir="0" index="0" bw="5" slack="0"/>
<pin id="250" dir="0" index="1" bw="128" slack="1"/>
<pin id="251" dir="0" index="2" bw="0" slack="2147483647"/>
<pin id="252" dir="1" index="3" bw="128" slack="2147483647"/>
</pin_list>
<bind>
<opcode="store(28) " fcode="store"/>
<opset="store_ln455/3 "/>
</bind>
</comp>

<comp id="254" class="1004" name="store_ln455_access_fu_254">
<pin_list>
<pin id="255" dir="0" index="0" bw="5" slack="0"/>
<pin id="256" dir="0" index="1" bw="128" slack="1"/>
<pin id="257" dir="0" index="2" bw="0" slack="2147483647"/>
<pin id="258" dir="1" index="3" bw="128" slack="2147483647"/>
</pin_list>
<bind>
<opcode="store(28) " fcode="store"/>
<opset="store_ln455/3 "/>
</bind>
</comp>

<comp id="260" class="1004" name="store_ln455_access_fu_260">
<pin_list>
<pin id="261" dir="0" index="0" bw="5" slack="0"/>
<pin id="262" dir="0" index="1" bw="128" slack="1"/>
<pin id="263" dir="0" index="2" bw="0" slack="2147483647"/>
<pin id="264" dir="1" index="3" bw="128" slack="2147483647"/>
</pin_list>
<bind>
<opcode="store(28) " fcode="store"/>
<opset="store_ln455/3 "/>
</bind>
</comp>

<comp id="266" class="1004" name="store_ln455_access_fu_266">
<pin_list>
<pin id="267" dir="0" index="0" bw="5" slack="0"/>
<pin id="268" dir="0" index="1" bw="128" slack="1"/>
<pin id="269" dir="0" index="2" bw="0" slack="2147483647"/>
<pin id="270" dir="1" index="3" bw="128" slack="2147483647"/>
</pin_list>
<bind>
<opcode="store(28) " fcode="store"/>
<opset="store_ln455/3 "/>
</bind>
</comp>

<comp id="272" class="1004" name="store_ln455_access_fu_272">
<pin_list>
<pin id="273" dir="0" index="0" bw="5" slack="0"/>
<pin id="274" dir="0" index="1" bw="128" slack="1"/>
<pin id="275" dir="0" index="2" bw="0" slack="2147483647"/>
<pin id="276" dir="1" index="3" bw="128" slack="2147483647"/>
</pin_list>
<bind>
<opcode="store(28) " fcode="store"/>
<opset="store_ln455/3 "/>
</bind>
</comp>

<comp id="278" class="1004" name="store_ln455_access_fu_278">
<pin_list>
<pin id="279" dir="0" index="0" bw="5" slack="0"/>
<pin id="280" dir="0" index="1" bw="128" slack="1"/>
<pin id="281" dir="0" index="2" bw="0" slack="2147483647"/>
<pin id="282" dir="1" index="3" bw="128" slack="2147483647"/>
</pin_list>
<bind>
<opcode="store(28) " fcode="store"/>
<opset="store_ln455/3 "/>
</bind>
</comp>

<comp id="284" class="1004" name="store_ln455_access_fu_284">
<pin_list>
<pin id="285" dir="0" index="0" bw="5" slack="0"/>
<pin id="286" dir="0" index="1" bw="128" slack="1"/>
<pin id="287" dir="0" index="2" bw="0" slack="2147483647"/>
<pin id="288" dir="1" index="3" bw="128" slack="2147483647"/>
</pin_list>
<bind>
<opcode="store(28) " fcode="store"/>
<opset="store_ln455/3 "/>
</bind>
</comp>

<comp id="290" class="1004" name="store_ln455_access_fu_290">
<pin_list>
<pin id="291" dir="0" index="0" bw="5" slack="0"/>
<pin id="292" dir="0" index="1" bw="128" slack="1"/>
<pin id="293" dir="0" index="2" bw="0" slack="2147483647"/>
<pin id="294" dir="1" index="3" bw="128" slack="2147483647"/>
</pin_list>
<bind>
<opcode="store(28) " fcode="store"/>
<opset="store_ln455/3 "/>
</bind>
</comp>

<comp id="296" class="1004" name="store_ln455_access_fu_296">
<pin_list>
<pin id="297" dir="0" index="0" bw="5" slack="0"/>
<pin id="298" dir="0" index="1" bw="128" slack="1"/>
<pin id="299" dir="0" index="2" bw="0" slack="2147483647"/>
<pin id="300" dir="1" index="3" bw="128" slack="2147483647"/>
</pin_list>
<bind>
<opcode="store(28) " fcode="store"/>
<opset="store_ln455/3 "/>
</bind>
</comp>

<comp id="302" class="1004" name="store_ln455_access_fu_302">
<pin_list>
<pin id="303" dir="0" index="0" bw="5" slack="0"/>
<pin id="304" dir="0" index="1" bw="128" slack="1"/>
<pin id="305" dir="0" index="2" bw="0" slack="2147483647"/>
<pin id="306" dir="1" index="3" bw="128" slack="2147483647"/>
</pin_list>
<bind>
<opcode="store(28) " fcode="store"/>
<opset="store_ln455/3 "/>
</bind>
</comp>

<comp id="308" class="1004" name="store_ln455_access_fu_308">
<pin_list>
<pin id="309" dir="0" index="0" bw="5" slack="0"/>
<pin id="310" dir="0" index="1" bw="128" slack="1"/>
<pin id="311" dir="0" index="2" bw="0" slack="2147483647"/>
<pin id="312" dir="1" index="3" bw="128" slack="2147483647"/>
</pin_list>
<bind>
<opcode="store(28) " fcode="store"/>
<opset="store_ln455/3 "/>
</bind>
</comp>

<comp id="314" class="1004" name="store_ln455_access_fu_314">
<pin_list>
<pin id="315" dir="0" index="0" bw="5" slack="0"/>
<pin id="316" dir="0" index="1" bw="128" slack="1"/>
<pin id="317" dir="0" index="2" bw="0" slack="2147483647"/>
<pin id="318" dir="1" index="3" bw="128" slack="2147483647"/>
</pin_list>
<bind>
<opcode="store(28) " fcode="store"/>
<opset="store_ln455/3 "/>
</bind>
</comp>

<comp id="320" class="1004" name="store_ln455_access_fu_320">
<pin_list>
<pin id="321" dir="0" index="0" bw="5" slack="0"/>
<pin id="322" dir="0" index="1" bw="128" slack="1"/>
<pin id="323" dir="0" index="2" bw="0" slack="2147483647"/>
<pin id="324" dir="1" index="3" bw="128" slack="2147483647"/>
</pin_list>
<bind>
<opcode="store(28) " fcode="store"/>
<opset="store_ln455/3 "/>
</bind>
</comp>

<comp id="326" class="1004" name="store_ln455_access_fu_326">
<pin_list>
<pin id="327" dir="0" index="0" bw="5" slack="0"/>
<pin id="328" dir="0" index="1" bw="128" slack="1"/>
<pin id="329" dir="0" index="2" bw="0" slack="2147483647"/>
<pin id="330" dir="1" index="3" bw="128" slack="2147483647"/>
</pin_list>
<bind>
<opcode="store(28) " fcode="store"/>
<opset="store_ln455/3 "/>
</bind>
</comp>

<comp id="332" class="1004" name="store_ln455_access_fu_332">
<pin_list>
<pin id="333" dir="0" index="0" bw="5" slack="0"/>
<pin id="334" dir="0" index="1" bw="128" slack="1"/>
<pin id="335" dir="0" index="2" bw="0" slack="2147483647"/>
<pin id="336" dir="1" index="3" bw="128" slack="2147483647"/>
</pin_list>
<bind>
<opcode="store(28) " fcode="store"/>
<opset="store_ln455/3 "/>
</bind>
</comp>

<comp id="338" class="1004" name="gmem_Wd_addr_read_read_fu_338">
<pin_list>
<pin id="339" dir="0" index="0" bw="128" slack="0"/>
<pin id="340" dir="0" index="1" bw="128" slack="0"/>
<pin id="341" dir="1" index="2" bw="128" slack="1"/>
</pin_list>
<bind>
<opcode="read(1150) " fcode="read"/>
<opset="gmem_Wd_addr_read/2 "/>
</bind>
</comp>

<comp id="343" class="1004" name="sext_ln453_cast_fu_343">
<pin_list>
<pin id="344" dir="0" index="0" bw="60" slack="0"/>
<pin id="345" dir="1" index="1" bw="64" slack="1"/>
</pin_list>
<bind>
<opcode="sext(35) " fcode="sext"/>
<opset="sext_ln453_cast/1 "/>
</bind>
</comp>

<comp id="347" class="1004" name="store_ln453_store_fu_347">
<pin_list>
<pin id="348" dir="0" index="0" bw="1" slack="0"/>
<pin id="349" dir="0" index="1" bw="9" slack="0"/>
<pin id="350" dir="1" index="2" bw="0" slack="2147483647"/>
</pin_list>
<bind>
<opcode="store(28) " fcode="store"/>
<opset="store_ln453/1 "/>
</bind>
</comp>

<comp id="352" class="1004" name="i_1_load_fu_352">
<pin_list>
<pin id="353" dir="0" index="0" bw="9" slack="0"/>
<pin id="354" dir="1" index="1" bw="9" slack="0"/>
</pin_list>
<bind>
<opcode="load(27) " fcode="load"/>
<opset="i_1/1 "/>
</bind>
</comp>

<comp id="355" class="1004" name="icmp_ln453_fu_355">
<pin_list>
<pin id="356" dir="0" index="0" bw="9" slack="0"/>
<pin id="357" dir="0" index="1" bw="9" slack="0"/>
<pin id="358" dir="1" index="2" bw="1" slack="1"/>
</pin_list>
<bind>
<opcode="icmp(45) " fcode="icmp"/>
<opset="icmp_ln453/1 "/>
</bind>
</comp>

<comp id="361" class="1004" name="add_ln453_fu_361">
<pin_list>
<pin id="362" dir="0" index="0" bw="9" slack="0"/>
<pin id="363" dir="0" index="1" bw="1" slack="0"/>
<pin id="364" dir="1" index="2" bw="9" slack="0"/>
</pin_list>
<bind>
<opcode="add(8) " fcode="add"/>
<opset="add_ln453/1 "/>
</bind>
</comp>

<comp id="367" class="1004" name="trunc_ln453_fu_367">
<pin_list>
<pin id="368" dir="0" index="0" bw="9" slack="0"/>
<pin id="369" dir="1" index="1" bw="4" slack="0"/>
</pin_list>
<bind>
<opcode="trunc(33) " fcode="trunc"/>
<opset="trunc_ln453/1 "/>
</bind>
</comp>

<comp id="371" class="1004" name="lshr_ln_fu_371">
<pin_list>
<pin id="372" dir="0" index="0" bw="5" slack="0"/>
<pin id="373" dir="0" index="1" bw="9" slack="0"/>
<pin id="374" dir="0" index="2" bw="4" slack="0"/>
<pin id="375" dir="0" index="3" bw="5" slack="0"/>
<pin id="376" dir="1" index="4" bw="5" slack="2"/>
</pin_list>
<bind>
<opcode="partselect(1002) " fcode="partselect"/>
<opset="lshr_ln/1 "/>
</bind>
</comp>

<comp id="381" class="1004" name="switch_ln455_fu_381">
<pin_list>
<pin id="382" dir="0" index="0" bw="4" slack="0"/>
<pin id="383" dir="0" index="1" bw="1" slack="0"/>
<pin id="384" dir="0" index="2" bw="1" slack="0"/>
<pin id="385" dir="0" index="3" bw="3" slack="0"/>
<pin id="386" dir="0" index="4" bw="3" slack="0"/>
<pin id="387" dir="0" index="5" bw="4" slack="0"/>
<pin id="388" dir="0" index="6" bw="4" slack="0"/>
<pin id="389" dir="0" index="7" bw="4" slack="0"/>
<pin id="390" dir="0" index="8" bw="4" slack="0"/>
<pin id="391" dir="0" index="9" bw="4" slack="0"/>
<pin id="392" dir="0" index="10" bw="4" slack="0"/>
<pin id="393" dir="0" index="11" bw="4" slack="0"/>
<pin id="394" dir="0" index="12" bw="4" slack="0"/>
<pin id="395" dir="0" index="13" bw="3" slack="0"/>
<pin id="396" dir="0" index="14" bw="3" slack="0"/>
<pin id="397" dir="0" index="15" bw="2" slack="0"/>
<pin id="398" dir="1" index="16" bw="0" slack="2147483647"/>
</pin_list>
<bind>
<opcode="switch(3) " fcode="switch"/>
<opset="switch_ln455/1 "/>
</bind>
</comp>

<comp id="415" class="1004" name="store_ln453_store_fu_415">
<pin_list>
<pin id="416" dir="0" index="0" bw="9" slack="0"/>
<pin id="417" dir="0" index="1" bw="9" slack="0"/>
<pin id="418" dir="1" index="2" bw="0" slack="2147483647"/>
</pin_list>
<bind>
<opcode="store(28) " fcode="store"/>
<opset="store_ln453/1 "/>
</bind>
</comp>

<comp id="420" class="1004" name="gmem_Wd_addr_fu_420">
<pin_list>
<pin id="421" dir="0" index="0" bw="64" slack="0"/>
<pin id="422" dir="0" index="1" bw="64" slack="1"/>
<pin id="423" dir="1" index="2" bw="64" slack="0"/>
</pin_list>
<bind>
<opcode="getelementptr(29) " fcode="getelementptr"/>
<opset="gmem_Wd_addr/2 "/>
</bind>
</comp>

<comp id="426" class="1004" name="zext_ln453_fu_426">
<pin_list>
<pin id="427" dir="0" index="0" bw="5" slack="2"/>
<pin id="428" dir="1" index="1" bw="64" slack="0"/>
</pin_list>
<bind>
<opcode="zext(34) " fcode="zext"/>
<opset="zext_ln453/3 "/>
</bind>
</comp>

<comp id="445" class="1005" name="i_reg_445">
<pin_list>
<pin id="446" dir="0" index="0" bw="9" slack="0"/>
<pin id="447" dir="1" index="1" bw="9" slack="0"/>
</pin_list>
<bind>
<opset="i "/>
</bind>
</comp>

<comp id="452" class="1005" name="sext_ln453_cast_reg_452">
<pin_list>
<pin id="453" dir="0" index="0" bw="64" slack="1"/>
<pin id="454" dir="1" index="1" bw="64" slack="1"/>
</pin_list>
<bind>
<opset="sext_ln453_cast "/>
</bind>
</comp>

<comp id="457" class="1005" name="icmp_ln453_reg_457">
<pin_list>
<pin id="458" dir="0" index="0" bw="1" slack="1"/>
<pin id="459" dir="1" index="1" bw="1" slack="2147483647"/>
</pin_list>
<bind>
<opset="icmp_ln453 "/>
</bind>
</comp>

<comp id="461" class="1005" name="trunc_ln453_reg_461">
<pin_list>
<pin id="462" dir="0" index="0" bw="4" slack="2"/>
<pin id="463" dir="1" index="1" bw="4" slack="2147483647"/>
</pin_list>
<bind>
<opset="trunc_ln453 "/>
</bind>
</comp>

<comp id="465" class="1005" name="lshr_ln_reg_465">
<pin_list>
<pin id="466" dir="0" index="0" bw="5" slack="2"/>
<pin id="467" dir="1" index="1" bw="5" slack="2"/>
</pin_list>
<bind>
<opset="lshr_ln "/>
</bind>
</comp>

<comp id="470" class="1005" name="gmem_Wd_addr_read_reg_470">
<pin_list>
<pin id="471" dir="0" index="0" bw="128" slack="1"/>
<pin id="472" dir="1" index="1" bw="128" slack="1"/>
</pin_list>
<bind>
<opset="gmem_Wd_addr_read "/>
</bind>
</comp>

</comp_list>

<net_list>
<net id="123"><net_src comp="36" pin="0"/><net_sink comp="120" pin=0"/></net>

<net id="128"><net_src comp="38" pin="0"/><net_sink comp="124" pin=0"/></net>

<net id="129"><net_src comp="2" pin="0"/><net_sink comp="124" pin=1"/></net>

<net id="135"><net_src comp="34" pin="0"/><net_sink comp="130" pin=0"/></net>

<net id="136"><net_src comp="118" pin="0"/><net_sink comp="130" pin=1"/></net>

<net id="142"><net_src comp="32" pin="0"/><net_sink comp="137" pin=0"/></net>

<net id="143"><net_src comp="118" pin="0"/><net_sink comp="137" pin=1"/></net>

<net id="149"><net_src comp="30" pin="0"/><net_sink comp="144" pin=0"/></net>

<net id="150"><net_src comp="118" pin="0"/><net_sink comp="144" pin=1"/></net>

<net id="156"><net_src comp="28" pin="0"/><net_sink comp="151" pin=0"/></net>

<net id="157"><net_src comp="118" pin="0"/><net_sink comp="151" pin=1"/></net>

<net id="163"><net_src comp="26" pin="0"/><net_sink comp="158" pin=0"/></net>

<net id="164"><net_src comp="118" pin="0"/><net_sink comp="158" pin=1"/></net>

<net id="170"><net_src comp="24" pin="0"/><net_sink comp="165" pin=0"/></net>

<net id="171"><net_src comp="118" pin="0"/><net_sink comp="165" pin=1"/></net>

<net id="177"><net_src comp="22" pin="0"/><net_sink comp="172" pin=0"/></net>

<net id="178"><net_src comp="118" pin="0"/><net_sink comp="172" pin=1"/></net>

<net id="184"><net_src comp="20" pin="0"/><net_sink comp="179" pin=0"/></net>

<net id="185"><net_src comp="118" pin="0"/><net_sink comp="179" pin=1"/></net>

<net id="191"><net_src comp="18" pin="0"/><net_sink comp="186" pin=0"/></net>

<net id="192"><net_src comp="118" pin="0"/><net_sink comp="186" pin=1"/></net>

<net id="198"><net_src comp="16" pin="0"/><net_sink comp="193" pin=0"/></net>

<net id="199"><net_src comp="118" pin="0"/><net_sink comp="193" pin=1"/></net>

<net id="205"><net_src comp="14" pin="0"/><net_sink comp="200" pin=0"/></net>

<net id="206"><net_src comp="118" pin="0"/><net_sink comp="200" pin=1"/></net>

<net id="212"><net_src comp="12" pin="0"/><net_sink comp="207" pin=0"/></net>

<net id="213"><net_src comp="118" pin="0"/><net_sink comp="207" pin=1"/></net>

<net id="219"><net_src comp="10" pin="0"/><net_sink comp="214" pin=0"/></net>

<net id="220"><net_src comp="118" pin="0"/><net_sink comp="214" pin=1"/></net>

<net id="226"><net_src comp="8" pin="0"/><net_sink comp="221" pin=0"/></net>

<net id="227"><net_src comp="118" pin="0"/><net_sink comp="221" pin=1"/></net>

<net id="233"><net_src comp="6" pin="0"/><net_sink comp="228" pin=0"/></net>

<net id="234"><net_src comp="118" pin="0"/><net_sink comp="228" pin=1"/></net>

<net id="240"><net_src comp="4" pin="0"/><net_sink comp="235" pin=0"/></net>

<net id="241"><net_src comp="118" pin="0"/><net_sink comp="235" pin=1"/></net>

<net id="247"><net_src comp="228" pin="3"/><net_sink comp="242" pin=0"/></net>

<net id="253"><net_src comp="221" pin="3"/><net_sink comp="248" pin=0"/></net>

<net id="259"><net_src comp="214" pin="3"/><net_sink comp="254" pin=0"/></net>

<net id="265"><net_src comp="207" pin="3"/><net_sink comp="260" pin=0"/></net>

<net id="271"><net_src comp="200" pin="3"/><net_sink comp="266" pin=0"/></net>

<net id="277"><net_src comp="193" pin="3"/><net_sink comp="272" pin=0"/></net>

<net id="283"><net_src comp="186" pin="3"/><net_sink comp="278" pin=0"/></net>

<net id="289"><net_src comp="179" pin="3"/><net_sink comp="284" pin=0"/></net>

<net id="295"><net_src comp="172" pin="3"/><net_sink comp="290" pin=0"/></net>

<net id="301"><net_src comp="165" pin="3"/><net_sink comp="296" pin=0"/></net>

<net id="307"><net_src comp="158" pin="3"/><net_sink comp="302" pin=0"/></net>

<net id="313"><net_src comp="151" pin="3"/><net_sink comp="308" pin=0"/></net>

<net id="319"><net_src comp="144" pin="3"/><net_sink comp="314" pin=0"/></net>

<net id="325"><net_src comp="137" pin="3"/><net_sink comp="320" pin=0"/></net>

<net id="331"><net_src comp="130" pin="3"/><net_sink comp="326" pin=0"/></net>

<net id="337"><net_src comp="235" pin="3"/><net_sink comp="332" pin=0"/></net>

<net id="342"><net_src comp="106" pin="0"/><net_sink comp="338" pin=0"/></net>

<net id="346"><net_src comp="124" pin="2"/><net_sink comp="343" pin=0"/></net>

<net id="351"><net_src comp="64" pin="0"/><net_sink comp="347" pin=0"/></net>

<net id="359"><net_src comp="352" pin="1"/><net_sink comp="355" pin=0"/></net>

<net id="360"><net_src comp="66" pin="0"/><net_sink comp="355" pin=1"/></net>

<net id="365"><net_src comp="352" pin="1"/><net_sink comp="361" pin=0"/></net>

<net id="366"><net_src comp="68" pin="0"/><net_sink comp="361" pin=1"/></net>

<net id="370"><net_src comp="352" pin="1"/><net_sink comp="367" pin=0"/></net>

<net id="377"><net_src comp="70" pin="0"/><net_sink comp="371" pin=0"/></net>

<net id="378"><net_src comp="352" pin="1"/><net_sink comp="371" pin=1"/></net>

<net id="379"><net_src comp="72" pin="0"/><net_sink comp="371" pin=2"/></net>

<net id="380"><net_src comp="74" pin="0"/><net_sink comp="371" pin=3"/></net>

<net id="399"><net_src comp="367" pin="1"/><net_sink comp="381" pin=0"/></net>

<net id="400"><net_src comp="76" pin="0"/><net_sink comp="381" pin=1"/></net>

<net id="401"><net_src comp="78" pin="0"/><net_sink comp="381" pin=2"/></net>

<net id="402"><net_src comp="80" pin="0"/><net_sink comp="381" pin=3"/></net>

<net id="403"><net_src comp="82" pin="0"/><net_sink comp="381" pin=4"/></net>

<net id="404"><net_src comp="84" pin="0"/><net_sink comp="381" pin=5"/></net>

<net id="405"><net_src comp="86" pin="0"/><net_sink comp="381" pin=6"/></net>

<net id="406"><net_src comp="88" pin="0"/><net_sink comp="381" pin=7"/></net>

<net id="407"><net_src comp="90" pin="0"/><net_sink comp="381" pin=8"/></net>

<net id="408"><net_src comp="92" pin="0"/><net_sink comp="381" pin=9"/></net>

<net id="409"><net_src comp="94" pin="0"/><net_sink comp="381" pin=10"/></net>

<net id="410"><net_src comp="96" pin="0"/><net_sink comp="381" pin=11"/></net>

<net id="411"><net_src comp="98" pin="0"/><net_sink comp="381" pin=12"/></net>

<net id="412"><net_src comp="100" pin="0"/><net_sink comp="381" pin=13"/></net>

<net id="413"><net_src comp="102" pin="0"/><net_sink comp="381" pin=14"/></net>

<net id="414"><net_src comp="104" pin="0"/><net_sink comp="381" pin=15"/></net>

<net id="419"><net_src comp="361" pin="2"/><net_sink comp="415" pin=0"/></net>

<net id="424"><net_src comp="0" pin="0"/><net_sink comp="420" pin=0"/></net>

<net id="425"><net_src comp="420" pin="2"/><net_sink comp="338" pin=1"/></net>

<net id="429"><net_src comp="426" pin="1"/><net_sink comp="130" pin=2"/></net>

<net id="430"><net_src comp="426" pin="1"/><net_sink comp="137" pin=2"/></net>

<net id="431"><net_src comp="426" pin="1"/><net_sink comp="144" pin=2"/></net>

<net id="432"><net_src comp="426" pin="1"/><net_sink comp="151" pin=2"/></net>

<net id="433"><net_src comp="426" pin="1"/><net_sink comp="158" pin=2"/></net>

<net id="434"><net_src comp="426" pin="1"/><net_sink comp="165" pin=2"/></net>

<net id="435"><net_src comp="426" pin="1"/><net_sink comp="172" pin=2"/></net>

<net id="436"><net_src comp="426" pin="1"/><net_sink comp="179" pin=2"/></net>

<net id="437"><net_src comp="426" pin="1"/><net_sink comp="186" pin=2"/></net>

<net id="438"><net_src comp="426" pin="1"/><net_sink comp="193" pin=2"/></net>

<net id="439"><net_src comp="426" pin="1"/><net_sink comp="200" pin=2"/></net>

<net id="440"><net_src comp="426" pin="1"/><net_sink comp="207" pin=2"/></net>

<net id="441"><net_src comp="426" pin="1"/><net_sink comp="214" pin=2"/></net>

<net id="442"><net_src comp="426" pin="1"/><net_sink comp="221" pin=2"/></net>

<net id="443"><net_src comp="426" pin="1"/><net_sink comp="228" pin=2"/></net>

<net id="444"><net_src comp="426" pin="1"/><net_sink comp="235" pin=2"/></net>

<net id="448"><net_src comp="120" pin="1"/><net_sink comp="445" pin=0"/></net>

<net id="449"><net_src comp="445" pin="1"/><net_sink comp="347" pin=1"/></net>

<net id="450"><net_src comp="445" pin="1"/><net_sink comp="352" pin=0"/></net>

<net id="451"><net_src comp="445" pin="1"/><net_sink comp="415" pin=1"/></net>

<net id="455"><net_src comp="343" pin="1"/><net_sink comp="452" pin=0"/></net>

<net id="456"><net_src comp="452" pin="1"/><net_sink comp="420" pin=1"/></net>

<net id="460"><net_src comp="355" pin="2"/><net_sink comp="457" pin=0"/></net>

<net id="464"><net_src comp="367" pin="1"/><net_sink comp="461" pin=0"/></net>

<net id="468"><net_src comp="371" pin="4"/><net_sink comp="465" pin=0"/></net>

<net id="469"><net_src comp="465" pin="1"/><net_sink comp="426" pin=0"/></net>

<net id="473"><net_src comp="338" pin="2"/><net_sink comp="470" pin=0"/></net>

<net id="474"><net_src comp="470" pin="1"/><net_sink comp="242" pin=1"/></net>

<net id="475"><net_src comp="470" pin="1"/><net_sink comp="248" pin=1"/></net>

<net id="476"><net_src comp="470" pin="1"/><net_sink comp="254" pin=1"/></net>

<net id="477"><net_src comp="470" pin="1"/><net_sink comp="260" pin=1"/></net>

<net id="478"><net_src comp="470" pin="1"/><net_sink comp="266" pin=1"/></net>

<net id="479"><net_src comp="470" pin="1"/><net_sink comp="272" pin=1"/></net>

<net id="480"><net_src comp="470" pin="1"/><net_sink comp="278" pin=1"/></net>

<net id="481"><net_src comp="470" pin="1"/><net_sink comp="284" pin=1"/></net>

<net id="482"><net_src comp="470" pin="1"/><net_sink comp="290" pin=1"/></net>

<net id="483"><net_src comp="470" pin="1"/><net_sink comp="296" pin=1"/></net>

<net id="484"><net_src comp="470" pin="1"/><net_sink comp="302" pin=1"/></net>

<net id="485"><net_src comp="470" pin="1"/><net_sink comp="308" pin=1"/></net>

<net id="486"><net_src comp="470" pin="1"/><net_sink comp="314" pin=1"/></net>

<net id="487"><net_src comp="470" pin="1"/><net_sink comp="320" pin=1"/></net>

<net id="488"><net_src comp="470" pin="1"/><net_sink comp="326" pin=1"/></net>

<net id="489"><net_src comp="470" pin="1"/><net_sink comp="332" pin=1"/></net>

</net_list>

</model> 
---------------- Datapath Model END ------------------

* FSMD analyzer results:
  - Output states:
	Port: gmem_Wd | {}
	Port: rb_15 | {3 }
	Port: rb_14 | {3 }
	Port: rb_13 | {3 }
	Port: rb_12 | {3 }
	Port: rb_11 | {3 }
	Port: rb_10 | {3 }
	Port: rb_9 | {3 }
	Port: rb_8 | {3 }
	Port: rb_7 | {3 }
	Port: rb_6 | {3 }
	Port: rb_5 | {3 }
	Port: rb_4 | {3 }
	Port: rb_3 | {3 }
	Port: rb_2 | {3 }
	Port: rb_1 | {3 }
	Port: rb_0 | {3 }
 - Input state : 
	Port: load_row_down_q6k_Pipeline_LOAD_DOWN_Q6K : gmem_Wd | {2 }
	Port: load_row_down_q6k_Pipeline_LOAD_DOWN_Q6K : sext_ln453 | {1 }
	Port: load_row_down_q6k_Pipeline_LOAD_DOWN_Q6K : rb_15 | {}
	Port: load_row_down_q6k_Pipeline_LOAD_DOWN_Q6K : rb_14 | {}
	Port: load_row_down_q6k_Pipeline_LOAD_DOWN_Q6K : rb_13 | {}
	Port: load_row_down_q6k_Pipeline_LOAD_DOWN_Q6K : rb_12 | {}
	Port: load_row_down_q6k_Pipeline_LOAD_DOWN_Q6K : rb_11 | {}
	Port: load_row_down_q6k_Pipeline_LOAD_DOWN_Q6K : rb_10 | {}
	Port: load_row_down_q6k_Pipeline_LOAD_DOWN_Q6K : rb_9 | {}
	Port: load_row_down_q6k_Pipeline_LOAD_DOWN_Q6K : rb_8 | {}
	Port: load_row_down_q6k_Pipeline_LOAD_DOWN_Q6K : rb_7 | {}
	Port: load_row_down_q6k_Pipeline_LOAD_DOWN_Q6K : rb_6 | {}
	Port: load_row_down_q6k_Pipeline_LOAD_DOWN_Q6K : rb_5 | {}
	Port: load_row_down_q6k_Pipeline_LOAD_DOWN_Q6K : rb_4 | {}
	Port: load_row_down_q6k_Pipeline_LOAD_DOWN_Q6K : rb_3 | {}
	Port: load_row_down_q6k_Pipeline_LOAD_DOWN_Q6K : rb_2 | {}
	Port: load_row_down_q6k_Pipeline_LOAD_DOWN_Q6K : rb_1 | {}
	Port: load_row_down_q6k_Pipeline_LOAD_DOWN_Q6K : rb_0 | {}
  - Chain level:
	State 1
		store_ln453 : 1
		i_1 : 1
		icmp_ln453 : 2
		add_ln453 : 2
		br_ln453 : 3
		trunc_ln453 : 2
		lshr_ln : 2
		switch_ln455 : 3
		store_ln453 : 3
	State 2
		gmem_Wd_addr_read : 1
	State 3
		rb_0_addr : 1
		rb_1_addr : 1
		rb_2_addr : 1
		rb_3_addr : 1
		rb_4_addr : 1
		rb_5_addr : 1
		rb_6_addr : 1
		rb_7_addr : 1
		rb_8_addr : 1
		rb_9_addr : 1
		rb_10_addr : 1
		rb_11_addr : 1
		rb_12_addr : 1
		rb_13_addr : 1
		rb_14_addr : 1
		rb_15_addr : 1
		store_ln455 : 2
		store_ln455 : 2
		store_ln455 : 2
		store_ln455 : 2
		store_ln455 : 2
		store_ln455 : 2
		store_ln455 : 2
		store_ln455 : 2
		store_ln455 : 2
		store_ln455 : 2
		store_ln455 : 2
		store_ln455 : 2
		store_ln455 : 2
		store_ln455 : 2
		store_ln455 : 2
		store_ln455 : 2


============================================================
+ Verbose Summary: Datapath Resource usage 
============================================================

* Functional unit list:
|----------|-------------------------------|---------|---------|
| Operation|        Functional Unit        |    FF   |   LUT   |
|----------|-------------------------------|---------|---------|
|   icmp   |       icmp_ln453_fu_355       |    0    |    16   |
|----------|-------------------------------|---------|---------|
|    add   |        add_ln453_fu_361       |    0    |    16   |
|----------|-------------------------------|---------|---------|
|   read   |  sext_ln453_read_read_fu_124  |    0    |    0    |
|          | gmem_Wd_addr_read_read_fu_338 |    0    |    0    |
|----------|-------------------------------|---------|---------|
|   sext   |     sext_ln453_cast_fu_343    |    0    |    0    |
|----------|-------------------------------|---------|---------|
|   trunc  |       trunc_ln453_fu_367      |    0    |    0    |
|----------|-------------------------------|---------|---------|
|partselect|         lshr_ln_fu_371        |    0    |    0    |
|----------|-------------------------------|---------|---------|
|  switch  |      switch_ln455_fu_381      |    0    |    0    |
|----------|-------------------------------|---------|---------|
|   zext   |       zext_ln453_fu_426       |    0    |    0    |
|----------|-------------------------------|---------|---------|
|   Total  |                               |    0    |    32   |
|----------|-------------------------------|---------|---------|

Memories:
N/A

* Register list:
+-------------------------+--------+
|                         |   FF   |
+-------------------------+--------+
|gmem_Wd_addr_read_reg_470|   128  |
|        i_reg_445        |    9   |
|    icmp_ln453_reg_457   |    1   |
|     lshr_ln_reg_465     |    5   |
| sext_ln453_cast_reg_452 |   64   |
|   trunc_ln453_reg_461   |    4   |
+-------------------------+--------+
|          Total          |   211  |
+-------------------------+--------+

* Multiplexer (MUX) list: 
|--------|------|------|------|--------|
|  Comp  |  Pin | Size |  BW  | S x BW |
|--------|------|------|------|--------|
|  Total |      |      |      |    0   |
|--------|------|------|------|--------|



* Summary:
+-----------+--------+--------+
|           |   FF   |   LUT  |
+-----------+--------+--------+
|  Function |    0   |   32   |
|   Memory  |    -   |    -   |
|Multiplexer|    -   |    -   |
|  Register |   211  |    -   |
+-----------+--------+--------+
|   Total   |   211  |   32   |
+-----------+--------+--------+
