

================================================================
== Vitis HLS Report for 'load_row_down_q6k'
================================================================
* Date:           Sun Mar 29 14:22:46 2026

* Version:        2025.1 (Build 6135595 on May 21 2025)
* Project:        swiglu
* Solution:       hls (Vivado IP Flow Target)
* Product family: zynquplus
* Target device:  xck26-sfvc784-2LV-c


================================================================
== Performance Estimates
================================================================
+ Timing: 
    * Summary: 
    +--------+---------+----------+------------+
    |  Clock |  Target | Estimated| Uncertainty|
    +--------+---------+----------+------------+
    |ap_clk  |  3.33 ns|  2.430 ns|     0.90 ns|
    +--------+---------+----------+------------+

+ Latency: 
    * Summary: 
    +---------+---------+----------+----------+-----+-----+---------+
    |  Latency (cycles) |  Latency (absolute) |  Interval | Pipeline|
    |   min   |   max   |    min   |    max   | min | max |   Type  |
    +---------+---------+----------+----------+-----+-----+---------+
    |      497|      497|  1.655 us|  1.655 us|  497|  497|       no|
    +---------+---------+----------+----------+-----+-----+---------+

    + Detail: 
        * Instance: 
        +----------------------------------------------------+------------------------------------------+---------+---------+----------+----------+-----+-----+------------------------------------------------+
        |                                                    |                                          |  Latency (cycles) |  Latency (absolute) |  Interval |                    Pipeline                    |
        |                      Instance                      |                  Module                  |   min   |   max   |    min   |    max   | min | max |                      Type                      |
        +----------------------------------------------------+------------------------------------------+---------+---------+----------+----------+-----+-----+------------------------------------------------+
        |grp_load_row_down_q6k_Pipeline_LOAD_DOWN_Q6K_fu_99  |load_row_down_q6k_Pipeline_LOAD_DOWN_Q6K  |      423|      423|  1.409 us|  1.409 us|  421|  421|  loop auto-rewind stp (delay=0 clock cycles(s))|
        +----------------------------------------------------+------------------------------------------+---------+---------+----------+----------+-----+-----+------------------------------------------------+

        * Loop: 
        N/A



================================================================
== Utilization Estimates
================================================================
* Summary: 
+-----------------+---------+------+--------+--------+-----+
|       Name      | BRAM_18K|  DSP |   FF   |   LUT  | URAM|
+-----------------+---------+------+--------+--------+-----+
|DSP              |        -|     -|       -|       -|    -|
|Expression       |        -|     -|       0|      71|    -|
|FIFO             |        -|     -|       -|       -|    -|
|Instance         |        -|     1|     161|      86|    -|
|Memory           |        -|     -|       -|       -|    -|
|Multiplexer      |        -|     -|       0|     546|    -|
|Register         |        -|     -|     160|       -|    -|
+-----------------+---------+------+--------+--------+-----+
|Total            |        0|     1|     321|     703|    0|
+-----------------+---------+------+--------+--------+-----+
|Available        |      288|  1248|  234240|  117120|   64|
+-----------------+---------+------+--------+--------+-----+
|Utilization (%)  |        0|    ~0|      ~0|      ~0|    0|
+-----------------+---------+------+--------+--------+-----+

+ Detail: 
    * Instance: 
    +----------------------------------------------------+------------------------------------------+---------+----+-----+----+-----+
    |                      Instance                      |                  Module                  | BRAM_18K| DSP|  FF | LUT| URAM|
    +----------------------------------------------------+------------------------------------------+---------+----+-----+----+-----+
    |grp_load_row_down_q6k_Pipeline_LOAD_DOWN_Q6K_fu_99  |load_row_down_q6k_Pipeline_LOAD_DOWN_Q6K  |        0|   0|  161|  81|    0|
    |mul_11ns_14ns_24_1_1_U1436                          |mul_11ns_14ns_24_1_1                      |        0|   1|    0|   5|    0|
    +----------------------------------------------------+------------------------------------------+---------+----+-----+----+-----+
    |Total                                               |                                          |        0|   1|  161|  86|    0|
    +----------------------------------------------------+------------------------------------------+---------+----+-----+----+-----+

    * DSP: 
    N/A

    * Memory: 
    N/A

    * FIFO: 
    N/A

    * Expression: 
    +---------------------+----------+----+---+----+------------+------------+
    |    Variable Name    | Operation| DSP| FF| LUT| Bitwidth P0| Bitwidth P1|
    +---------------------+----------+----+---+----+------------+------------+
    |empty_134_fu_151_p2  |         +|   0|  0|  71|          64|          64|
    +---------------------+----------+----+---+----+------------+------------+
    |Total                |          |   0|  0|  71|          64|          64|
    +---------------------+----------+----+---+----+------------+------------+

    * Multiplexer: 
    +--------------------------+-----+-----------+-----+-----------+
    |           Name           | LUT | Input Size| Bits| Total Bits|
    +--------------------------+-----+-----------+-----+-----------+
    |ap_NS_fsm                 |  405|         76|    1|         76|
    |gmem_Wd_blk_n_AR          |    9|          2|    1|          2|
    |m_axi_gmem_Wd_0_ARADDR    |   14|          3|   64|        192|
    |m_axi_gmem_Wd_0_ARBURST   |    9|          2|    2|          4|
    |m_axi_gmem_Wd_0_ARCACHE   |    9|          2|    4|          8|
    |m_axi_gmem_Wd_0_ARID      |    9|          2|    1|          2|
    |m_axi_gmem_Wd_0_ARLEN     |   14|          3|   32|         96|
    |m_axi_gmem_Wd_0_ARLOCK    |    9|          2|    2|          4|
    |m_axi_gmem_Wd_0_ARPROT    |    9|          2|    3|          6|
    |m_axi_gmem_Wd_0_ARQOS     |    9|          2|    4|          8|
    |m_axi_gmem_Wd_0_ARREGION  |    9|          2|    4|          8|
    |m_axi_gmem_Wd_0_ARSIZE    |    9|          2|    3|          6|
    |m_axi_gmem_Wd_0_ARUSER    |    9|          2|    1|          2|
    |m_axi_gmem_Wd_0_ARVALID   |   14|          3|    1|          3|
    |m_axi_gmem_Wd_0_RREADY    |    9|          2|    1|          2|
    +--------------------------+-----+-----------+-----+-----------+
    |Total                     |  546|        107|  124|        419|
    +--------------------------+-----+-----------+-----+-----------+

    * Register: 
    +-----------------------------------------------------------------+----+----+-----+-----------+
    |                               Name                              | FF | LUT| Bits| Const Bits|
    +-----------------------------------------------------------------+----+----+-----+-----------+
    |ap_CS_fsm                                                        |  75|   0|   75|          0|
    |empty_reg_177                                                    |  24|   0|   24|          0|
    |grp_load_row_down_q6k_Pipeline_LOAD_DOWN_Q6K_fu_99_ap_start_reg  |   1|   0|    1|          0|
    |trunc_ln_reg_182                                                 |  60|   0|   60|          0|
    +-----------------------------------------------------------------+----+----+-----+-----------+
    |Total                                                            | 160|   0|  160|          0|
    +-----------------------------------------------------------------+----+----+-----+-----------+



================================================================
== Interface
================================================================
* Summary: 
+--------------------------+-----+-----+------------+-------------------+--------------+
|         RTL Ports        | Dir | Bits|  Protocol  |   Source Object   |    C Type    |
+--------------------------+-----+-----+------------+-------------------+--------------+
|ap_clk                    |   in|    1|  ap_ctrl_hs|  load_row_down_q6k|  return value|
|ap_rst                    |   in|    1|  ap_ctrl_hs|  load_row_down_q6k|  return value|
|ap_start                  |   in|    1|  ap_ctrl_hs|  load_row_down_q6k|  return value|
|ap_done                   |  out|    1|  ap_ctrl_hs|  load_row_down_q6k|  return value|
|ap_idle                   |  out|    1|  ap_ctrl_hs|  load_row_down_q6k|  return value|
|ap_ready                  |  out|    1|  ap_ctrl_hs|  load_row_down_q6k|  return value|
|m_axi_gmem_Wd_0_AWVALID   |  out|    1|       m_axi|            gmem_Wd|       pointer|
|m_axi_gmem_Wd_0_AWREADY   |   in|    1|       m_axi|            gmem_Wd|       pointer|
|m_axi_gmem_Wd_0_AWADDR    |  out|   64|       m_axi|            gmem_Wd|       pointer|
|m_axi_gmem_Wd_0_AWID      |  out|    1|       m_axi|            gmem_Wd|       pointer|
|m_axi_gmem_Wd_0_AWLEN     |  out|   32|       m_axi|            gmem_Wd|       pointer|
|m_axi_gmem_Wd_0_AWSIZE    |  out|    3|       m_axi|            gmem_Wd|       pointer|
|m_axi_gmem_Wd_0_AWBURST   |  out|    2|       m_axi|            gmem_Wd|       pointer|
|m_axi_gmem_Wd_0_AWLOCK    |  out|    2|       m_axi|            gmem_Wd|       pointer|
|m_axi_gmem_Wd_0_AWCACHE   |  out|    4|       m_axi|            gmem_Wd|       pointer|
|m_axi_gmem_Wd_0_AWPROT    |  out|    3|       m_axi|            gmem_Wd|       pointer|
|m_axi_gmem_Wd_0_AWQOS     |  out|    4|       m_axi|            gmem_Wd|       pointer|
|m_axi_gmem_Wd_0_AWREGION  |  out|    4|       m_axi|            gmem_Wd|       pointer|
|m_axi_gmem_Wd_0_AWUSER    |  out|    1|       m_axi|            gmem_Wd|       pointer|
|m_axi_gmem_Wd_0_WVALID    |  out|    1|       m_axi|            gmem_Wd|       pointer|
|m_axi_gmem_Wd_0_WREADY    |   in|    1|       m_axi|            gmem_Wd|       pointer|
|m_axi_gmem_Wd_0_WDATA     |  out|  128|       m_axi|            gmem_Wd|       pointer|
|m_axi_gmem_Wd_0_WSTRB     |  out|   16|       m_axi|            gmem_Wd|       pointer|
|m_axi_gmem_Wd_0_WLAST     |  out|    1|       m_axi|            gmem_Wd|       pointer|
|m_axi_gmem_Wd_0_WID       |  out|    1|       m_axi|            gmem_Wd|       pointer|
|m_axi_gmem_Wd_0_WUSER     |  out|    1|       m_axi|            gmem_Wd|       pointer|
|m_axi_gmem_Wd_0_ARVALID   |  out|    1|       m_axi|            gmem_Wd|       pointer|
|m_axi_gmem_Wd_0_ARREADY   |   in|    1|       m_axi|            gmem_Wd|       pointer|
|m_axi_gmem_Wd_0_ARADDR    |  out|   64|       m_axi|            gmem_Wd|       pointer|
|m_axi_gmem_Wd_0_ARID      |  out|    1|       m_axi|            gmem_Wd|       pointer|
|m_axi_gmem_Wd_0_ARLEN     |  out|   32|       m_axi|            gmem_Wd|       pointer|
|m_axi_gmem_Wd_0_ARSIZE    |  out|    3|       m_axi|            gmem_Wd|       pointer|
|m_axi_gmem_Wd_0_ARBURST   |  out|    2|       m_axi|            gmem_Wd|       pointer|
|m_axi_gmem_Wd_0_ARLOCK    |  out|    2|       m_axi|            gmem_Wd|       pointer|
|m_axi_gmem_Wd_0_ARCACHE   |  out|    4|       m_axi|            gmem_Wd|       pointer|
|m_axi_gmem_Wd_0_ARPROT    |  out|    3|       m_axi|            gmem_Wd|       pointer|
|m_axi_gmem_Wd_0_ARQOS     |  out|    4|       m_axi|            gmem_Wd|       pointer|
|m_axi_gmem_Wd_0_ARREGION  |  out|    4|       m_axi|            gmem_Wd|       pointer|
|m_axi_gmem_Wd_0_ARUSER    |  out|    1|       m_axi|            gmem_Wd|       pointer|
|m_axi_gmem_Wd_0_RVALID    |   in|    1|       m_axi|            gmem_Wd|       pointer|
|m_axi_gmem_Wd_0_RREADY    |  out|    1|       m_axi|            gmem_Wd|       pointer|
|m_axi_gmem_Wd_0_RDATA     |   in|  128|       m_axi|            gmem_Wd|       pointer|
|m_axi_gmem_Wd_0_RLAST     |   in|    1|       m_axi|            gmem_Wd|       pointer|
|m_axi_gmem_Wd_0_RID       |   in|    1|       m_axi|            gmem_Wd|       pointer|
|m_axi_gmem_Wd_0_RFIFONUM  |   in|   10|       m_axi|            gmem_Wd|       pointer|
|m_axi_gmem_Wd_0_RUSER     |   in|    1|       m_axi|            gmem_Wd|       pointer|
|m_axi_gmem_Wd_0_RRESP     |   in|    2|       m_axi|            gmem_Wd|       pointer|
|m_axi_gmem_Wd_0_BVALID    |   in|    1|       m_axi|            gmem_Wd|       pointer|
|m_axi_gmem_Wd_0_BREADY    |  out|    1|       m_axi|            gmem_Wd|       pointer|
|m_axi_gmem_Wd_0_BRESP     |   in|    2|       m_axi|            gmem_Wd|       pointer|
|m_axi_gmem_Wd_0_BID       |   in|    1|       m_axi|            gmem_Wd|       pointer|
|m_axi_gmem_Wd_0_BUSER     |   in|    1|       m_axi|            gmem_Wd|       pointer|
|W_down_wide               |   in|   64|     ap_none|        W_down_wide|        scalar|
|out_i                     |   in|   11|     ap_none|              out_i|        scalar|
|rb_0_address0             |  out|    5|   ap_memory|               rb_0|         array|
|rb_0_ce0                  |  out|    1|   ap_memory|               rb_0|         array|
|rb_0_we0                  |  out|    1|   ap_memory|               rb_0|         array|
|rb_0_d0                   |  out|  128|   ap_memory|               rb_0|         array|
|rb_1_address0             |  out|    5|   ap_memory|               rb_1|         array|
|rb_1_ce0                  |  out|    1|   ap_memory|               rb_1|         array|
|rb_1_we0                  |  out|    1|   ap_memory|               rb_1|         array|
|rb_1_d0                   |  out|  128|   ap_memory|               rb_1|         array|
|rb_2_address0             |  out|    5|   ap_memory|               rb_2|         array|
|rb_2_ce0                  |  out|    1|   ap_memory|               rb_2|         array|
|rb_2_we0                  |  out|    1|   ap_memory|               rb_2|         array|
|rb_2_d0                   |  out|  128|   ap_memory|               rb_2|         array|
|rb_3_address0             |  out|    5|   ap_memory|               rb_3|         array|
|rb_3_ce0                  |  out|    1|   ap_memory|               rb_3|         array|
|rb_3_we0                  |  out|    1|   ap_memory|               rb_3|         array|
|rb_3_d0                   |  out|  128|   ap_memory|               rb_3|         array|
|rb_4_address0             |  out|    5|   ap_memory|               rb_4|         array|
|rb_4_ce0                  |  out|    1|   ap_memory|               rb_4|         array|
|rb_4_we0                  |  out|    1|   ap_memory|               rb_4|         array|
|rb_4_d0                   |  out|  128|   ap_memory|               rb_4|         array|
|rb_5_address0             |  out|    5|   ap_memory|               rb_5|         array|
|rb_5_ce0                  |  out|    1|   ap_memory|               rb_5|         array|
|rb_5_we0                  |  out|    1|   ap_memory|               rb_5|         array|
|rb_5_d0                   |  out|  128|   ap_memory|               rb_5|         array|
|rb_6_address0             |  out|    5|   ap_memory|               rb_6|         array|
|rb_6_ce0                  |  out|    1|   ap_memory|               rb_6|         array|
|rb_6_we0                  |  out|    1|   ap_memory|               rb_6|         array|
|rb_6_d0                   |  out|  128|   ap_memory|               rb_6|         array|
|rb_7_address0             |  out|    5|   ap_memory|               rb_7|         array|
|rb_7_ce0                  |  out|    1|   ap_memory|               rb_7|         array|
|rb_7_we0                  |  out|    1|   ap_memory|               rb_7|         array|
|rb_7_d0                   |  out|  128|   ap_memory|               rb_7|         array|
|rb_8_address0             |  out|    5|   ap_memory|               rb_8|         array|
|rb_8_ce0                  |  out|    1|   ap_memory|               rb_8|         array|
|rb_8_we0                  |  out|    1|   ap_memory|               rb_8|         array|
|rb_8_d0                   |  out|  128|   ap_memory|               rb_8|         array|
|rb_9_address0             |  out|    5|   ap_memory|               rb_9|         array|
|rb_9_ce0                  |  out|    1|   ap_memory|               rb_9|         array|
|rb_9_we0                  |  out|    1|   ap_memory|               rb_9|         array|
|rb_9_d0                   |  out|  128|   ap_memory|               rb_9|         array|
|rb_10_address0            |  out|    5|   ap_memory|              rb_10|         array|
|rb_10_ce0                 |  out|    1|   ap_memory|              rb_10|         array|
|rb_10_we0                 |  out|    1|   ap_memory|              rb_10|         array|
|rb_10_d0                  |  out|  128|   ap_memory|              rb_10|         array|
|rb_11_address0            |  out|    5|   ap_memory|              rb_11|         array|
|rb_11_ce0                 |  out|    1|   ap_memory|              rb_11|         array|
|rb_11_we0                 |  out|    1|   ap_memory|              rb_11|         array|
|rb_11_d0                  |  out|  128|   ap_memory|              rb_11|         array|
|rb_12_address0            |  out|    5|   ap_memory|              rb_12|         array|
|rb_12_ce0                 |  out|    1|   ap_memory|              rb_12|         array|
|rb_12_we0                 |  out|    1|   ap_memory|              rb_12|         array|
|rb_12_d0                  |  out|  128|   ap_memory|              rb_12|         array|
|rb_13_address0            |  out|    5|   ap_memory|              rb_13|         array|
|rb_13_ce0                 |  out|    1|   ap_memory|              rb_13|         array|
|rb_13_we0                 |  out|    1|   ap_memory|              rb_13|         array|
|rb_13_d0                  |  out|  128|   ap_memory|              rb_13|         array|
|rb_14_address0            |  out|    5|   ap_memory|              rb_14|         array|
|rb_14_ce0                 |  out|    1|   ap_memory|              rb_14|         array|
|rb_14_we0                 |  out|    1|   ap_memory|              rb_14|         array|
|rb_14_d0                  |  out|  128|   ap_memory|              rb_14|         array|
|rb_15_address0            |  out|    5|   ap_memory|              rb_15|         array|
|rb_15_ce0                 |  out|    1|   ap_memory|              rb_15|         array|
|rb_15_we0                 |  out|    1|   ap_memory|              rb_15|         array|
|rb_15_d0                  |  out|  128|   ap_memory|              rb_15|         array|
+--------------------------+-----+-----+------------+-------------------+--------------+

============================================================
+ Verbose Summary: Synthesis Manager
============================================================
InlineROM: 1
ExposeGlobal: 0
============================================================
+ Verbose Summary: CDFG Model
============================================================
IsTopModel: 0
ResetActiveHigh: 1
IsCombinational: 2
IsDatapathOnly: 2
HasWiredReturn: 1
HasMFsm: 0
HasVarLatency: 1
IsPipeline: 0
IsRtlPipelined: 0
IsInstanceOverlapped: 0
IsDontTouch: 0
HasImplIP: 0
IsGatedGlobalClock: 0


============================================================
+ Verbose Summary: Schedule
============================================================
* Number of FSM states : 75
* Pipeline : 0
* Dataflow Pipeline: 0

* FSM state transitions: 
1 --> 2 
2 --> 3 
3 --> 4 
4 --> 5 
5 --> 6 
6 --> 7 
7 --> 8 
8 --> 9 
9 --> 10 
10 --> 11 
11 --> 12 
12 --> 13 
13 --> 14 
14 --> 15 
15 --> 16 
16 --> 17 
17 --> 18 
18 --> 19 
19 --> 20 
20 --> 21 
21 --> 22 
22 --> 23 
23 --> 24 
24 --> 25 
25 --> 26 
26 --> 27 
27 --> 28 
28 --> 29 
29 --> 30 
30 --> 31 
31 --> 32 
32 --> 33 
33 --> 34 
34 --> 35 
35 --> 36 
36 --> 37 
37 --> 38 
38 --> 39 
39 --> 40 
40 --> 41 
41 --> 42 
42 --> 43 
43 --> 44 
44 --> 45 
45 --> 46 
46 --> 47 
47 --> 48 
48 --> 49 
49 --> 50 
50 --> 51 
51 --> 52 
52 --> 53 
53 --> 54 
54 --> 55 
55 --> 56 
56 --> 57 
57 --> 58 
58 --> 59 
59 --> 60 
60 --> 61 
61 --> 62 
62 --> 63 
63 --> 64 
64 --> 65 
65 --> 66 
66 --> 67 
67 --> 68 
68 --> 69 
69 --> 70 
70 --> 71 
71 --> 72 
72 --> 73 
73 --> 74 
74 --> 75 
75 --> 

* FSM state operations: 

State 1 <SV = 0> <Delay = 2.28>
ST_1 : Operation 76 [1/1] (0.00ns)   --->   "%out_i_read = read i11 @_ssdm_op_Read.ap_auto.i11, i11 %out_i"   --->   Operation 76 'read' 'out_i_read' <Predicate = true> <Delay = 0.00>
ST_1 : Operation 77 [1/1] (0.00ns)   --->   "%out_i_cast1 = zext i11 %out_i_read"   --->   Operation 77 'zext' 'out_i_cast1' <Predicate = true> <Delay = 0.00>
ST_1 : Operation 78 [1/1] (2.28ns)   --->   "%empty = mul i24 %out_i_cast1, i24 6720"   --->   Operation 78 'mul' 'empty' <Predicate = true> <Delay = 2.28> <CoreInst = "Multiplier">   --->   Core 3 'Multiplier' <Latency = 0> <II = 1> <Delay = 2.28> <FuncUnit> <Opcode : 'mul'> <InPorts = 2> <OutPorts = 1>

State 2 <SV = 1> <Delay = 1.08>
ST_2 : Operation 79 [1/1] (0.00ns)   --->   "%W_down_wide_read = read i64 @_ssdm_op_Read.ap_auto.i64, i64 %W_down_wide"   --->   Operation 79 'read' 'W_down_wide_read' <Predicate = true> <Delay = 0.00>
ST_2 : Operation 80 [1/1] (0.00ns)   --->   "%p_cast = zext i24 %empty"   --->   Operation 80 'zext' 'p_cast' <Predicate = true> <Delay = 0.00>
ST_2 : Operation 81 [1/1] (1.08ns)   --->   "%empty_134 = add i64 %p_cast, i64 %W_down_wide_read"   --->   Operation 81 'add' 'empty_134' <Predicate = true> <Delay = 1.08> <CoreInst = "Adder">   --->   Core 1 'Adder' <Latency = 0> <II = 1> <Delay = 1.08> <FuncUnit> <Opcode : 'add' 'sub'> <InPorts = 2> <OutPorts = 1>
ST_2 : Operation 82 [1/1] (0.00ns)   --->   "%trunc_ln = partselect i60 @_ssdm_op_PartSelect.i60.i64.i32.i32, i64 %empty_134, i32 4, i32 63" [swiglu.cpp:453]   --->   Operation 82 'partselect' 'trunc_ln' <Predicate = true> <Delay = 0.00>

State 3 <SV = 2> <Delay = 2.43>
ST_3 : Operation 83 [1/1] (0.00ns)   --->   "%sext_ln453 = sext i60 %trunc_ln" [swiglu.cpp:453]   --->   Operation 83 'sext' 'sext_ln453' <Predicate = true> <Delay = 0.00>
ST_3 : Operation 84 [1/1] (0.00ns)   --->   "%gmem_Wd_addr = getelementptr i128 %gmem_Wd, i64 %sext_ln453" [swiglu.cpp:453]   --->   Operation 84 'getelementptr' 'gmem_Wd_addr' <Predicate = true> <Delay = 0.00>
ST_3 : Operation 85 [71/71] (2.43ns)   --->   "%empty_135 = readreq i1 @_ssdm_op_ReadReq.m_axi.p1i128, i64 %gmem_Wd_addr, i64 420" [swiglu.cpp:453]   --->   Operation 85 'readreq' 'empty_135' <Predicate = true> <Delay = 2.43> <CoreInst = "m_axi">   --->   Core 119 'm_axi' <Latency = 6> <II = 1> <Delay = 1.00> <Adapter> <Opcode : 'read' 'write' 'readreq' 'writereq' 'writeresp'>

State 4 <SV = 3> <Delay = 2.43>
ST_4 : Operation 86 [70/71] (2.43ns)   --->   "%empty_135 = readreq i1 @_ssdm_op_ReadReq.m_axi.p1i128, i64 %gmem_Wd_addr, i64 420" [swiglu.cpp:453]   --->   Operation 86 'readreq' 'empty_135' <Predicate = true> <Delay = 2.43> <CoreInst = "m_axi">   --->   Core 119 'm_axi' <Latency = 6> <II = 1> <Delay = 1.00> <Adapter> <Opcode : 'read' 'write' 'readreq' 'writereq' 'writeresp'>

State 5 <SV = 4> <Delay = 2.43>
ST_5 : Operation 87 [69/71] (2.43ns)   --->   "%empty_135 = readreq i1 @_ssdm_op_ReadReq.m_axi.p1i128, i64 %gmem_Wd_addr, i64 420" [swiglu.cpp:453]   --->   Operation 87 'readreq' 'empty_135' <Predicate = true> <Delay = 2.43> <CoreInst = "m_axi">   --->   Core 119 'm_axi' <Latency = 6> <II = 1> <Delay = 1.00> <Adapter> <Opcode : 'read' 'write' 'readreq' 'writereq' 'writeresp'>

State 6 <SV = 5> <Delay = 2.43>
ST_6 : Operation 88 [68/71] (2.43ns)   --->   "%empty_135 = readreq i1 @_ssdm_op_ReadReq.m_axi.p1i128, i64 %gmem_Wd_addr, i64 420" [swiglu.cpp:453]   --->   Operation 88 'readreq' 'empty_135' <Predicate = true> <Delay = 2.43> <CoreInst = "m_axi">   --->   Core 119 'm_axi' <Latency = 6> <II = 1> <Delay = 1.00> <Adapter> <Opcode : 'read' 'write' 'readreq' 'writereq' 'writeresp'>

State 7 <SV = 6> <Delay = 2.43>
ST_7 : Operation 89 [67/71] (2.43ns)   --->   "%empty_135 = readreq i1 @_ssdm_op_ReadReq.m_axi.p1i128, i64 %gmem_Wd_addr, i64 420" [swiglu.cpp:453]   --->   Operation 89 'readreq' 'empty_135' <Predicate = true> <Delay = 2.43> <CoreInst = "m_axi">   --->   Core 119 'm_axi' <Latency = 6> <II = 1> <Delay = 1.00> <Adapter> <Opcode : 'read' 'write' 'readreq' 'writereq' 'writeresp'>

State 8 <SV = 7> <Delay = 2.43>
ST_8 : Operation 90 [66/71] (2.43ns)   --->   "%empty_135 = readreq i1 @_ssdm_op_ReadReq.m_axi.p1i128, i64 %gmem_Wd_addr, i64 420" [swiglu.cpp:453]   --->   Operation 90 'readreq' 'empty_135' <Predicate = true> <Delay = 2.43> <CoreInst = "m_axi">   --->   Core 119 'm_axi' <Latency = 6> <II = 1> <Delay = 1.00> <Adapter> <Opcode : 'read' 'write' 'readreq' 'writereq' 'writeresp'>

State 9 <SV = 8> <Delay = 2.43>
ST_9 : Operation 91 [65/71] (2.43ns)   --->   "%empty_135 = readreq i1 @_ssdm_op_ReadReq.m_axi.p1i128, i64 %gmem_Wd_addr, i64 420" [swiglu.cpp:453]   --->   Operation 91 'readreq' 'empty_135' <Predicate = true> <Delay = 2.43> <CoreInst = "m_axi">   --->   Core 119 'm_axi' <Latency = 6> <II = 1> <Delay = 1.00> <Adapter> <Opcode : 'read' 'write' 'readreq' 'writereq' 'writeresp'>

State 10 <SV = 9> <Delay = 2.43>
ST_10 : Operation 92 [64/71] (2.43ns)   --->   "%empty_135 = readreq i1 @_ssdm_op_ReadReq.m_axi.p1i128, i64 %gmem_Wd_addr, i64 420" [swiglu.cpp:453]   --->   Operation 92 'readreq' 'empty_135' <Predicate = true> <Delay = 2.43> <CoreInst = "m_axi">   --->   Core 119 'm_axi' <Latency = 6> <II = 1> <Delay = 1.00> <Adapter> <Opcode : 'read' 'write' 'readreq' 'writereq' 'writeresp'>

State 11 <SV = 10> <Delay = 2.43>
ST_11 : Operation 93 [63/71] (2.43ns)   --->   "%empty_135 = readreq i1 @_ssdm_op_ReadReq.m_axi.p1i128, i64 %gmem_Wd_addr, i64 420" [swiglu.cpp:453]   --->   Operation 93 'readreq' 'empty_135' <Predicate = true> <Delay = 2.43> <CoreInst = "m_axi">   --->   Core 119 'm_axi' <Latency = 6> <II = 1> <Delay = 1.00> <Adapter> <Opcode : 'read' 'write' 'readreq' 'writereq' 'writeresp'>

State 12 <SV = 11> <Delay = 2.43>
ST_12 : Operation 94 [62/71] (2.43ns)   --->   "%empty_135 = readreq i1 @_ssdm_op_ReadReq.m_axi.p1i128, i64 %gmem_Wd_addr, i64 420" [swiglu.cpp:453]   --->   Operation 94 'readreq' 'empty_135' <Predicate = true> <Delay = 2.43> <CoreInst = "m_axi">   --->   Core 119 'm_axi' <Latency = 6> <II = 1> <Delay = 1.00> <Adapter> <Opcode : 'read' 'write' 'readreq' 'writereq' 'writeresp'>

State 13 <SV = 12> <Delay = 2.43>
ST_13 : Operation 95 [61/71] (2.43ns)   --->   "%empty_135 = readreq i1 @_ssdm_op_ReadReq.m_axi.p1i128, i64 %gmem_Wd_addr, i64 420" [swiglu.cpp:453]   --->   Operation 95 'readreq' 'empty_135' <Predicate = true> <Delay = 2.43> <CoreInst = "m_axi">   --->   Core 119 'm_axi' <Latency = 6> <II = 1> <Delay = 1.00> <Adapter> <Opcode : 'read' 'write' 'readreq' 'writereq' 'writeresp'>

State 14 <SV = 13> <Delay = 2.43>
ST_14 : Operation 96 [60/71] (2.43ns)   --->   "%empty_135 = readreq i1 @_ssdm_op_ReadReq.m_axi.p1i128, i64 %gmem_Wd_addr, i64 420" [swiglu.cpp:453]   --->   Operation 96 'readreq' 'empty_135' <Predicate = true> <Delay = 2.43> <CoreInst = "m_axi">   --->   Core 119 'm_axi' <Latency = 6> <II = 1> <Delay = 1.00> <Adapter> <Opcode : 'read' 'write' 'readreq' 'writereq' 'writeresp'>

State 15 <SV = 14> <Delay = 2.43>
ST_15 : Operation 97 [59/71] (2.43ns)   --->   "%empty_135 = readreq i1 @_ssdm_op_ReadReq.m_axi.p1i128, i64 %gmem_Wd_addr, i64 420" [swiglu.cpp:453]   --->   Operation 97 'readreq' 'empty_135' <Predicate = true> <Delay = 2.43> <CoreInst = "m_axi">   --->   Core 119 'm_axi' <Latency = 6> <II = 1> <Delay = 1.00> <Adapter> <Opcode : 'read' 'write' 'readreq' 'writereq' 'writeresp'>

State 16 <SV = 15> <Delay = 2.43>
ST_16 : Operation 98 [58/71] (2.43ns)   --->   "%empty_135 = readreq i1 @_ssdm_op_ReadReq.m_axi.p1i128, i64 %gmem_Wd_addr, i64 420" [swiglu.cpp:453]   --->   Operation 98 'readreq' 'empty_135' <Predicate = true> <Delay = 2.43> <CoreInst = "m_axi">   --->   Core 119 'm_axi' <Latency = 6> <II = 1> <Delay = 1.00> <Adapter> <Opcode : 'read' 'write' 'readreq' 'writereq' 'writeresp'>

State 17 <SV = 16> <Delay = 2.43>
ST_17 : Operation 99 [57/71] (2.43ns)   --->   "%empty_135 = readreq i1 @_ssdm_op_ReadReq.m_axi.p1i128, i64 %gmem_Wd_addr, i64 420" [swiglu.cpp:453]   --->   Operation 99 'readreq' 'empty_135' <Predicate = true> <Delay = 2.43> <CoreInst = "m_axi">   --->   Core 119 'm_axi' <Latency = 6> <II = 1> <Delay = 1.00> <Adapter> <Opcode : 'read' 'write' 'readreq' 'writereq' 'writeresp'>

State 18 <SV = 17> <Delay = 2.43>
ST_18 : Operation 100 [56/71] (2.43ns)   --->   "%empty_135 = readreq i1 @_ssdm_op_ReadReq.m_axi.p1i128, i64 %gmem_Wd_addr, i64 420" [swiglu.cpp:453]   --->   Operation 100 'readreq' 'empty_135' <Predicate = true> <Delay = 2.43> <CoreInst = "m_axi">   --->   Core 119 'm_axi' <Latency = 6> <II = 1> <Delay = 1.00> <Adapter> <Opcode : 'read' 'write' 'readreq' 'writereq' 'writeresp'>

State 19 <SV = 18> <Delay = 2.43>
ST_19 : Operation 101 [55/71] (2.43ns)   --->   "%empty_135 = readreq i1 @_ssdm_op_ReadReq.m_axi.p1i128, i64 %gmem_Wd_addr, i64 420" [swiglu.cpp:453]   --->   Operation 101 'readreq' 'empty_135' <Predicate = true> <Delay = 2.43> <CoreInst = "m_axi">   --->   Core 119 'm_axi' <Latency = 6> <II = 1> <Delay = 1.00> <Adapter> <Opcode : 'read' 'write' 'readreq' 'writereq' 'writeresp'>

State 20 <SV = 19> <Delay = 2.43>
ST_20 : Operation 102 [54/71] (2.43ns)   --->   "%empty_135 = readreq i1 @_ssdm_op_ReadReq.m_axi.p1i128, i64 %gmem_Wd_addr, i64 420" [swiglu.cpp:453]   --->   Operation 102 'readreq' 'empty_135' <Predicate = true> <Delay = 2.43> <CoreInst = "m_axi">   --->   Core 119 'm_axi' <Latency = 6> <II = 1> <Delay = 1.00> <Adapter> <Opcode : 'read' 'write' 'readreq' 'writereq' 'writeresp'>

State 21 <SV = 20> <Delay = 2.43>
ST_21 : Operation 103 [53/71] (2.43ns)   --->   "%empty_135 = readreq i1 @_ssdm_op_ReadReq.m_axi.p1i128, i64 %gmem_Wd_addr, i64 420" [swiglu.cpp:453]   --->   Operation 103 'readreq' 'empty_135' <Predicate = true> <Delay = 2.43> <CoreInst = "m_axi">   --->   Core 119 'm_axi' <Latency = 6> <II = 1> <Delay = 1.00> <Adapter> <Opcode : 'read' 'write' 'readreq' 'writereq' 'writeresp'>

State 22 <SV = 21> <Delay = 2.43>
ST_22 : Operation 104 [52/71] (2.43ns)   --->   "%empty_135 = readreq i1 @_ssdm_op_ReadReq.m_axi.p1i128, i64 %gmem_Wd_addr, i64 420" [swiglu.cpp:453]   --->   Operation 104 'readreq' 'empty_135' <Predicate = true> <Delay = 2.43> <CoreInst = "m_axi">   --->   Core 119 'm_axi' <Latency = 6> <II = 1> <Delay = 1.00> <Adapter> <Opcode : 'read' 'write' 'readreq' 'writereq' 'writeresp'>

State 23 <SV = 22> <Delay = 2.43>
ST_23 : Operation 105 [51/71] (2.43ns)   --->   "%empty_135 = readreq i1 @_ssdm_op_ReadReq.m_axi.p1i128, i64 %gmem_Wd_addr, i64 420" [swiglu.cpp:453]   --->   Operation 105 'readreq' 'empty_135' <Predicate = true> <Delay = 2.43> <CoreInst = "m_axi">   --->   Core 119 'm_axi' <Latency = 6> <II = 1> <Delay = 1.00> <Adapter> <Opcode : 'read' 'write' 'readreq' 'writereq' 'writeresp'>

State 24 <SV = 23> <Delay = 2.43>
ST_24 : Operation 106 [50/71] (2.43ns)   --->   "%empty_135 = readreq i1 @_ssdm_op_ReadReq.m_axi.p1i128, i64 %gmem_Wd_addr, i64 420" [swiglu.cpp:453]   --->   Operation 106 'readreq' 'empty_135' <Predicate = true> <Delay = 2.43> <CoreInst = "m_axi">   --->   Core 119 'm_axi' <Latency = 6> <II = 1> <Delay = 1.00> <Adapter> <Opcode : 'read' 'write' 'readreq' 'writereq' 'writeresp'>

State 25 <SV = 24> <Delay = 2.43>
ST_25 : Operation 107 [49/71] (2.43ns)   --->   "%empty_135 = readreq i1 @_ssdm_op_ReadReq.m_axi.p1i128, i64 %gmem_Wd_addr, i64 420" [swiglu.cpp:453]   --->   Operation 107 'readreq' 'empty_135' <Predicate = true> <Delay = 2.43> <CoreInst = "m_axi">   --->   Core 119 'm_axi' <Latency = 6> <II = 1> <Delay = 1.00> <Adapter> <Opcode : 'read' 'write' 'readreq' 'writereq' 'writeresp'>

State 26 <SV = 25> <Delay = 2.43>
ST_26 : Operation 108 [48/71] (2.43ns)   --->   "%empty_135 = readreq i1 @_ssdm_op_ReadReq.m_axi.p1i128, i64 %gmem_Wd_addr, i64 420" [swiglu.cpp:453]   --->   Operation 108 'readreq' 'empty_135' <Predicate = true> <Delay = 2.43> <CoreInst = "m_axi">   --->   Core 119 'm_axi' <Latency = 6> <II = 1> <Delay = 1.00> <Adapter> <Opcode : 'read' 'write' 'readreq' 'writereq' 'writeresp'>

State 27 <SV = 26> <Delay = 2.43>
ST_27 : Operation 109 [47/71] (2.43ns)   --->   "%empty_135 = readreq i1 @_ssdm_op_ReadReq.m_axi.p1i128, i64 %gmem_Wd_addr, i64 420" [swiglu.cpp:453]   --->   Operation 109 'readreq' 'empty_135' <Predicate = true> <Delay = 2.43> <CoreInst = "m_axi">   --->   Core 119 'm_axi' <Latency = 6> <II = 1> <Delay = 1.00> <Adapter> <Opcode : 'read' 'write' 'readreq' 'writereq' 'writeresp'>

State 28 <SV = 27> <Delay = 2.43>
ST_28 : Operation 110 [46/71] (2.43ns)   --->   "%empty_135 = readreq i1 @_ssdm_op_ReadReq.m_axi.p1i128, i64 %gmem_Wd_addr, i64 420" [swiglu.cpp:453]   --->   Operation 110 'readreq' 'empty_135' <Predicate = true> <Delay = 2.43> <CoreInst = "m_axi">   --->   Core 119 'm_axi' <Latency = 6> <II = 1> <Delay = 1.00> <Adapter> <Opcode : 'read' 'write' 'readreq' 'writereq' 'writeresp'>

State 29 <SV = 28> <Delay = 2.43>
ST_29 : Operation 111 [45/71] (2.43ns)   --->   "%empty_135 = readreq i1 @_ssdm_op_ReadReq.m_axi.p1i128, i64 %gmem_Wd_addr, i64 420" [swiglu.cpp:453]   --->   Operation 111 'readreq' 'empty_135' <Predicate = true> <Delay = 2.43> <CoreInst = "m_axi">   --->   Core 119 'm_axi' <Latency = 6> <II = 1> <Delay = 1.00> <Adapter> <Opcode : 'read' 'write' 'readreq' 'writereq' 'writeresp'>

State 30 <SV = 29> <Delay = 2.43>
ST_30 : Operation 112 [44/71] (2.43ns)   --->   "%empty_135 = readreq i1 @_ssdm_op_ReadReq.m_axi.p1i128, i64 %gmem_Wd_addr, i64 420" [swiglu.cpp:453]   --->   Operation 112 'readreq' 'empty_135' <Predicate = true> <Delay = 2.43> <CoreInst = "m_axi">   --->   Core 119 'm_axi' <Latency = 6> <II = 1> <Delay = 1.00> <Adapter> <Opcode : 'read' 'write' 'readreq' 'writereq' 'writeresp'>

State 31 <SV = 30> <Delay = 2.43>
ST_31 : Operation 113 [43/71] (2.43ns)   --->   "%empty_135 = readreq i1 @_ssdm_op_ReadReq.m_axi.p1i128, i64 %gmem_Wd_addr, i64 420" [swiglu.cpp:453]   --->   Operation 113 'readreq' 'empty_135' <Predicate = true> <Delay = 2.43> <CoreInst = "m_axi">   --->   Core 119 'm_axi' <Latency = 6> <II = 1> <Delay = 1.00> <Adapter> <Opcode : 'read' 'write' 'readreq' 'writereq' 'writeresp'>

State 32 <SV = 31> <Delay = 2.43>
ST_32 : Operation 114 [42/71] (2.43ns)   --->   "%empty_135 = readreq i1 @_ssdm_op_ReadReq.m_axi.p1i128, i64 %gmem_Wd_addr, i64 420" [swiglu.cpp:453]   --->   Operation 114 'readreq' 'empty_135' <Predicate = true> <Delay = 2.43> <CoreInst = "m_axi">   --->   Core 119 'm_axi' <Latency = 6> <II = 1> <Delay = 1.00> <Adapter> <Opcode : 'read' 'write' 'readreq' 'writereq' 'writeresp'>

State 33 <SV = 32> <Delay = 2.43>
ST_33 : Operation 115 [41/71] (2.43ns)   --->   "%empty_135 = readreq i1 @_ssdm_op_ReadReq.m_axi.p1i128, i64 %gmem_Wd_addr, i64 420" [swiglu.cpp:453]   --->   Operation 115 'readreq' 'empty_135' <Predicate = true> <Delay = 2.43> <CoreInst = "m_axi">   --->   Core 119 'm_axi' <Latency = 6> <II = 1> <Delay = 1.00> <Adapter> <Opcode : 'read' 'write' 'readreq' 'writereq' 'writeresp'>

State 34 <SV = 33> <Delay = 2.43>
ST_34 : Operation 116 [40/71] (2.43ns)   --->   "%empty_135 = readreq i1 @_ssdm_op_ReadReq.m_axi.p1i128, i64 %gmem_Wd_addr, i64 420" [swiglu.cpp:453]   --->   Operation 116 'readreq' 'empty_135' <Predicate = true> <Delay = 2.43> <CoreInst = "m_axi">   --->   Core 119 'm_axi' <Latency = 6> <II = 1> <Delay = 1.00> <Adapter> <Opcode : 'read' 'write' 'readreq' 'writereq' 'writeresp'>

State 35 <SV = 34> <Delay = 2.43>
ST_35 : Operation 117 [39/71] (2.43ns)   --->   "%empty_135 = readreq i1 @_ssdm_op_ReadReq.m_axi.p1i128, i64 %gmem_Wd_addr, i64 420" [swiglu.cpp:453]   --->   Operation 117 'readreq' 'empty_135' <Predicate = true> <Delay = 2.43> <CoreInst = "m_axi">   --->   Core 119 'm_axi' <Latency = 6> <II = 1> <Delay = 1.00> <Adapter> <Opcode : 'read' 'write' 'readreq' 'writereq' 'writeresp'>

State 36 <SV = 35> <Delay = 2.43>
ST_36 : Operation 118 [38/71] (2.43ns)   --->   "%empty_135 = readreq i1 @_ssdm_op_ReadReq.m_axi.p1i128, i64 %gmem_Wd_addr, i64 420" [swiglu.cpp:453]   --->   Operation 118 'readreq' 'empty_135' <Predicate = true> <Delay = 2.43> <CoreInst = "m_axi">   --->   Core 119 'm_axi' <Latency = 6> <II = 1> <Delay = 1.00> <Adapter> <Opcode : 'read' 'write' 'readreq' 'writereq' 'writeresp'>

State 37 <SV = 36> <Delay = 2.43>
ST_37 : Operation 119 [37/71] (2.43ns)   --->   "%empty_135 = readreq i1 @_ssdm_op_ReadReq.m_axi.p1i128, i64 %gmem_Wd_addr, i64 420" [swiglu.cpp:453]   --->   Operation 119 'readreq' 'empty_135' <Predicate = true> <Delay = 2.43> <CoreInst = "m_axi">   --->   Core 119 'm_axi' <Latency = 6> <II = 1> <Delay = 1.00> <Adapter> <Opcode : 'read' 'write' 'readreq' 'writereq' 'writeresp'>

State 38 <SV = 37> <Delay = 2.43>
ST_38 : Operation 120 [36/71] (2.43ns)   --->   "%empty_135 = readreq i1 @_ssdm_op_ReadReq.m_axi.p1i128, i64 %gmem_Wd_addr, i64 420" [swiglu.cpp:453]   --->   Operation 120 'readreq' 'empty_135' <Predicate = true> <Delay = 2.43> <CoreInst = "m_axi">   --->   Core 119 'm_axi' <Latency = 6> <II = 1> <Delay = 1.00> <Adapter> <Opcode : 'read' 'write' 'readreq' 'writereq' 'writeresp'>

State 39 <SV = 38> <Delay = 2.43>
ST_39 : Operation 121 [35/71] (2.43ns)   --->   "%empty_135 = readreq i1 @_ssdm_op_ReadReq.m_axi.p1i128, i64 %gmem_Wd_addr, i64 420" [swiglu.cpp:453]   --->   Operation 121 'readreq' 'empty_135' <Predicate = true> <Delay = 2.43> <CoreInst = "m_axi">   --->   Core 119 'm_axi' <Latency = 6> <II = 1> <Delay = 1.00> <Adapter> <Opcode : 'read' 'write' 'readreq' 'writereq' 'writeresp'>

State 40 <SV = 39> <Delay = 2.43>
ST_40 : Operation 122 [34/71] (2.43ns)   --->   "%empty_135 = readreq i1 @_ssdm_op_ReadReq.m_axi.p1i128, i64 %gmem_Wd_addr, i64 420" [swiglu.cpp:453]   --->   Operation 122 'readreq' 'empty_135' <Predicate = true> <Delay = 2.43> <CoreInst = "m_axi">   --->   Core 119 'm_axi' <Latency = 6> <II = 1> <Delay = 1.00> <Adapter> <Opcode : 'read' 'write' 'readreq' 'writereq' 'writeresp'>

State 41 <SV = 40> <Delay = 2.43>
ST_41 : Operation 123 [33/71] (2.43ns)   --->   "%empty_135 = readreq i1 @_ssdm_op_ReadReq.m_axi.p1i128, i64 %gmem_Wd_addr, i64 420" [swiglu.cpp:453]   --->   Operation 123 'readreq' 'empty_135' <Predicate = true> <Delay = 2.43> <CoreInst = "m_axi">   --->   Core 119 'm_axi' <Latency = 6> <II = 1> <Delay = 1.00> <Adapter> <Opcode : 'read' 'write' 'readreq' 'writereq' 'writeresp'>

State 42 <SV = 41> <Delay = 2.43>
ST_42 : Operation 124 [32/71] (2.43ns)   --->   "%empty_135 = readreq i1 @_ssdm_op_ReadReq.m_axi.p1i128, i64 %gmem_Wd_addr, i64 420" [swiglu.cpp:453]   --->   Operation 124 'readreq' 'empty_135' <Predicate = true> <Delay = 2.43> <CoreInst = "m_axi">   --->   Core 119 'm_axi' <Latency = 6> <II = 1> <Delay = 1.00> <Adapter> <Opcode : 'read' 'write' 'readreq' 'writereq' 'writeresp'>

State 43 <SV = 42> <Delay = 2.43>
ST_43 : Operation 125 [31/71] (2.43ns)   --->   "%empty_135 = readreq i1 @_ssdm_op_ReadReq.m_axi.p1i128, i64 %gmem_Wd_addr, i64 420" [swiglu.cpp:453]   --->   Operation 125 'readreq' 'empty_135' <Predicate = true> <Delay = 2.43> <CoreInst = "m_axi">   --->   Core 119 'm_axi' <Latency = 6> <II = 1> <Delay = 1.00> <Adapter> <Opcode : 'read' 'write' 'readreq' 'writereq' 'writeresp'>

State 44 <SV = 43> <Delay = 2.43>
ST_44 : Operation 126 [30/71] (2.43ns)   --->   "%empty_135 = readreq i1 @_ssdm_op_ReadReq.m_axi.p1i128, i64 %gmem_Wd_addr, i64 420" [swiglu.cpp:453]   --->   Operation 126 'readreq' 'empty_135' <Predicate = true> <Delay = 2.43> <CoreInst = "m_axi">   --->   Core 119 'm_axi' <Latency = 6> <II = 1> <Delay = 1.00> <Adapter> <Opcode : 'read' 'write' 'readreq' 'writereq' 'writeresp'>

State 45 <SV = 44> <Delay = 2.43>
ST_45 : Operation 127 [29/71] (2.43ns)   --->   "%empty_135 = readreq i1 @_ssdm_op_ReadReq.m_axi.p1i128, i64 %gmem_Wd_addr, i64 420" [swiglu.cpp:453]   --->   Operation 127 'readreq' 'empty_135' <Predicate = true> <Delay = 2.43> <CoreInst = "m_axi">   --->   Core 119 'm_axi' <Latency = 6> <II = 1> <Delay = 1.00> <Adapter> <Opcode : 'read' 'write' 'readreq' 'writereq' 'writeresp'>

State 46 <SV = 45> <Delay = 2.43>
ST_46 : Operation 128 [28/71] (2.43ns)   --->   "%empty_135 = readreq i1 @_ssdm_op_ReadReq.m_axi.p1i128, i64 %gmem_Wd_addr, i64 420" [swiglu.cpp:453]   --->   Operation 128 'readreq' 'empty_135' <Predicate = true> <Delay = 2.43> <CoreInst = "m_axi">   --->   Core 119 'm_axi' <Latency = 6> <II = 1> <Delay = 1.00> <Adapter> <Opcode : 'read' 'write' 'readreq' 'writereq' 'writeresp'>

State 47 <SV = 46> <Delay = 2.43>
ST_47 : Operation 129 [27/71] (2.43ns)   --->   "%empty_135 = readreq i1 @_ssdm_op_ReadReq.m_axi.p1i128, i64 %gmem_Wd_addr, i64 420" [swiglu.cpp:453]   --->   Operation 129 'readreq' 'empty_135' <Predicate = true> <Delay = 2.43> <CoreInst = "m_axi">   --->   Core 119 'm_axi' <Latency = 6> <II = 1> <Delay = 1.00> <Adapter> <Opcode : 'read' 'write' 'readreq' 'writereq' 'writeresp'>

State 48 <SV = 47> <Delay = 2.43>
ST_48 : Operation 130 [26/71] (2.43ns)   --->   "%empty_135 = readreq i1 @_ssdm_op_ReadReq.m_axi.p1i128, i64 %gmem_Wd_addr, i64 420" [swiglu.cpp:453]   --->   Operation 130 'readreq' 'empty_135' <Predicate = true> <Delay = 2.43> <CoreInst = "m_axi">   --->   Core 119 'm_axi' <Latency = 6> <II = 1> <Delay = 1.00> <Adapter> <Opcode : 'read' 'write' 'readreq' 'writereq' 'writeresp'>

State 49 <SV = 48> <Delay = 2.43>
ST_49 : Operation 131 [25/71] (2.43ns)   --->   "%empty_135 = readreq i1 @_ssdm_op_ReadReq.m_axi.p1i128, i64 %gmem_Wd_addr, i64 420" [swiglu.cpp:453]   --->   Operation 131 'readreq' 'empty_135' <Predicate = true> <Delay = 2.43> <CoreInst = "m_axi">   --->   Core 119 'm_axi' <Latency = 6> <II = 1> <Delay = 1.00> <Adapter> <Opcode : 'read' 'write' 'readreq' 'writereq' 'writeresp'>

State 50 <SV = 49> <Delay = 2.43>
ST_50 : Operation 132 [24/71] (2.43ns)   --->   "%empty_135 = readreq i1 @_ssdm_op_ReadReq.m_axi.p1i128, i64 %gmem_Wd_addr, i64 420" [swiglu.cpp:453]   --->   Operation 132 'readreq' 'empty_135' <Predicate = true> <Delay = 2.43> <CoreInst = "m_axi">   --->   Core 119 'm_axi' <Latency = 6> <II = 1> <Delay = 1.00> <Adapter> <Opcode : 'read' 'write' 'readreq' 'writereq' 'writeresp'>

State 51 <SV = 50> <Delay = 2.43>
ST_51 : Operation 133 [23/71] (2.43ns)   --->   "%empty_135 = readreq i1 @_ssdm_op_ReadReq.m_axi.p1i128, i64 %gmem_Wd_addr, i64 420" [swiglu.cpp:453]   --->   Operation 133 'readreq' 'empty_135' <Predicate = true> <Delay = 2.43> <CoreInst = "m_axi">   --->   Core 119 'm_axi' <Latency = 6> <II = 1> <Delay = 1.00> <Adapter> <Opcode : 'read' 'write' 'readreq' 'writereq' 'writeresp'>

State 52 <SV = 51> <Delay = 2.43>
ST_52 : Operation 134 [22/71] (2.43ns)   --->   "%empty_135 = readreq i1 @_ssdm_op_ReadReq.m_axi.p1i128, i64 %gmem_Wd_addr, i64 420" [swiglu.cpp:453]   --->   Operation 134 'readreq' 'empty_135' <Predicate = true> <Delay = 2.43> <CoreInst = "m_axi">   --->   Core 119 'm_axi' <Latency = 6> <II = 1> <Delay = 1.00> <Adapter> <Opcode : 'read' 'write' 'readreq' 'writereq' 'writeresp'>

State 53 <SV = 52> <Delay = 2.43>
ST_53 : Operation 135 [21/71] (2.43ns)   --->   "%empty_135 = readreq i1 @_ssdm_op_ReadReq.m_axi.p1i128, i64 %gmem_Wd_addr, i64 420" [swiglu.cpp:453]   --->   Operation 135 'readreq' 'empty_135' <Predicate = true> <Delay = 2.43> <CoreInst = "m_axi">   --->   Core 119 'm_axi' <Latency = 6> <II = 1> <Delay = 1.00> <Adapter> <Opcode : 'read' 'write' 'readreq' 'writereq' 'writeresp'>

State 54 <SV = 53> <Delay = 2.43>
ST_54 : Operation 136 [20/71] (2.43ns)   --->   "%empty_135 = readreq i1 @_ssdm_op_ReadReq.m_axi.p1i128, i64 %gmem_Wd_addr, i64 420" [swiglu.cpp:453]   --->   Operation 136 'readreq' 'empty_135' <Predicate = true> <Delay = 2.43> <CoreInst = "m_axi">   --->   Core 119 'm_axi' <Latency = 6> <II = 1> <Delay = 1.00> <Adapter> <Opcode : 'read' 'write' 'readreq' 'writereq' 'writeresp'>

State 55 <SV = 54> <Delay = 2.43>
ST_55 : Operation 137 [19/71] (2.43ns)   --->   "%empty_135 = readreq i1 @_ssdm_op_ReadReq.m_axi.p1i128, i64 %gmem_Wd_addr, i64 420" [swiglu.cpp:453]   --->   Operation 137 'readreq' 'empty_135' <Predicate = true> <Delay = 2.43> <CoreInst = "m_axi">   --->   Core 119 'm_axi' <Latency = 6> <II = 1> <Delay = 1.00> <Adapter> <Opcode : 'read' 'write' 'readreq' 'writereq' 'writeresp'>

State 56 <SV = 55> <Delay = 2.43>
ST_56 : Operation 138 [18/71] (2.43ns)   --->   "%empty_135 = readreq i1 @_ssdm_op_ReadReq.m_axi.p1i128, i64 %gmem_Wd_addr, i64 420" [swiglu.cpp:453]   --->   Operation 138 'readreq' 'empty_135' <Predicate = true> <Delay = 2.43> <CoreInst = "m_axi">   --->   Core 119 'm_axi' <Latency = 6> <II = 1> <Delay = 1.00> <Adapter> <Opcode : 'read' 'write' 'readreq' 'writereq' 'writeresp'>

State 57 <SV = 56> <Delay = 2.43>
ST_57 : Operation 139 [17/71] (2.43ns)   --->   "%empty_135 = readreq i1 @_ssdm_op_ReadReq.m_axi.p1i128, i64 %gmem_Wd_addr, i64 420" [swiglu.cpp:453]   --->   Operation 139 'readreq' 'empty_135' <Predicate = true> <Delay = 2.43> <CoreInst = "m_axi">   --->   Core 119 'm_axi' <Latency = 6> <II = 1> <Delay = 1.00> <Adapter> <Opcode : 'read' 'write' 'readreq' 'writereq' 'writeresp'>

State 58 <SV = 57> <Delay = 2.43>
ST_58 : Operation 140 [16/71] (2.43ns)   --->   "%empty_135 = readreq i1 @_ssdm_op_ReadReq.m_axi.p1i128, i64 %gmem_Wd_addr, i64 420" [swiglu.cpp:453]   --->   Operation 140 'readreq' 'empty_135' <Predicate = true> <Delay = 2.43> <CoreInst = "m_axi">   --->   Core 119 'm_axi' <Latency = 6> <II = 1> <Delay = 1.00> <Adapter> <Opcode : 'read' 'write' 'readreq' 'writereq' 'writeresp'>

State 59 <SV = 58> <Delay = 2.43>
ST_59 : Operation 141 [15/71] (2.43ns)   --->   "%empty_135 = readreq i1 @_ssdm_op_ReadReq.m_axi.p1i128, i64 %gmem_Wd_addr, i64 420" [swiglu.cpp:453]   --->   Operation 141 'readreq' 'empty_135' <Predicate = true> <Delay = 2.43> <CoreInst = "m_axi">   --->   Core 119 'm_axi' <Latency = 6> <II = 1> <Delay = 1.00> <Adapter> <Opcode : 'read' 'write' 'readreq' 'writereq' 'writeresp'>

State 60 <SV = 59> <Delay = 2.43>
ST_60 : Operation 142 [14/71] (2.43ns)   --->   "%empty_135 = readreq i1 @_ssdm_op_ReadReq.m_axi.p1i128, i64 %gmem_Wd_addr, i64 420" [swiglu.cpp:453]   --->   Operation 142 'readreq' 'empty_135' <Predicate = true> <Delay = 2.43> <CoreInst = "m_axi">   --->   Core 119 'm_axi' <Latency = 6> <II = 1> <Delay = 1.00> <Adapter> <Opcode : 'read' 'write' 'readreq' 'writereq' 'writeresp'>

State 61 <SV = 60> <Delay = 2.43>
ST_61 : Operation 143 [13/71] (2.43ns)   --->   "%empty_135 = readreq i1 @_ssdm_op_ReadReq.m_axi.p1i128, i64 %gmem_Wd_addr, i64 420" [swiglu.cpp:453]   --->   Operation 143 'readreq' 'empty_135' <Predicate = true> <Delay = 2.43> <CoreInst = "m_axi">   --->   Core 119 'm_axi' <Latency = 6> <II = 1> <Delay = 1.00> <Adapter> <Opcode : 'read' 'write' 'readreq' 'writereq' 'writeresp'>

State 62 <SV = 61> <Delay = 2.43>
ST_62 : Operation 144 [12/71] (2.43ns)   --->   "%empty_135 = readreq i1 @_ssdm_op_ReadReq.m_axi.p1i128, i64 %gmem_Wd_addr, i64 420" [swiglu.cpp:453]   --->   Operation 144 'readreq' 'empty_135' <Predicate = true> <Delay = 2.43> <CoreInst = "m_axi">   --->   Core 119 'm_axi' <Latency = 6> <II = 1> <Delay = 1.00> <Adapter> <Opcode : 'read' 'write' 'readreq' 'writereq' 'writeresp'>

State 63 <SV = 62> <Delay = 2.43>
ST_63 : Operation 145 [11/71] (2.43ns)   --->   "%empty_135 = readreq i1 @_ssdm_op_ReadReq.m_axi.p1i128, i64 %gmem_Wd_addr, i64 420" [swiglu.cpp:453]   --->   Operation 145 'readreq' 'empty_135' <Predicate = true> <Delay = 2.43> <CoreInst = "m_axi">   --->   Core 119 'm_axi' <Latency = 6> <II = 1> <Delay = 1.00> <Adapter> <Opcode : 'read' 'write' 'readreq' 'writereq' 'writeresp'>

State 64 <SV = 63> <Delay = 2.43>
ST_64 : Operation 146 [10/71] (2.43ns)   --->   "%empty_135 = readreq i1 @_ssdm_op_ReadReq.m_axi.p1i128, i64 %gmem_Wd_addr, i64 420" [swiglu.cpp:453]   --->   Operation 146 'readreq' 'empty_135' <Predicate = true> <Delay = 2.43> <CoreInst = "m_axi">   --->   Core 119 'm_axi' <Latency = 6> <II = 1> <Delay = 1.00> <Adapter> <Opcode : 'read' 'write' 'readreq' 'writereq' 'writeresp'>

State 65 <SV = 64> <Delay = 2.43>
ST_65 : Operation 147 [9/71] (2.43ns)   --->   "%empty_135 = readreq i1 @_ssdm_op_ReadReq.m_axi.p1i128, i64 %gmem_Wd_addr, i64 420" [swiglu.cpp:453]   --->   Operation 147 'readreq' 'empty_135' <Predicate = true> <Delay = 2.43> <CoreInst = "m_axi">   --->   Core 119 'm_axi' <Latency = 6> <II = 1> <Delay = 1.00> <Adapter> <Opcode : 'read' 'write' 'readreq' 'writereq' 'writeresp'>

State 66 <SV = 65> <Delay = 2.43>
ST_66 : Operation 148 [8/71] (2.43ns)   --->   "%empty_135 = readreq i1 @_ssdm_op_ReadReq.m_axi.p1i128, i64 %gmem_Wd_addr, i64 420" [swiglu.cpp:453]   --->   Operation 148 'readreq' 'empty_135' <Predicate = true> <Delay = 2.43> <CoreInst = "m_axi">   --->   Core 119 'm_axi' <Latency = 6> <II = 1> <Delay = 1.00> <Adapter> <Opcode : 'read' 'write' 'readreq' 'writereq' 'writeresp'>

State 67 <SV = 66> <Delay = 2.43>
ST_67 : Operation 149 [7/71] (2.43ns)   --->   "%empty_135 = readreq i1 @_ssdm_op_ReadReq.m_axi.p1i128, i64 %gmem_Wd_addr, i64 420" [swiglu.cpp:453]   --->   Operation 149 'readreq' 'empty_135' <Predicate = true> <Delay = 2.43> <CoreInst = "m_axi">   --->   Core 119 'm_axi' <Latency = 6> <II = 1> <Delay = 1.00> <Adapter> <Opcode : 'read' 'write' 'readreq' 'writereq' 'writeresp'>

State 68 <SV = 67> <Delay = 2.43>
ST_68 : Operation 150 [6/71] (2.43ns)   --->   "%empty_135 = readreq i1 @_ssdm_op_ReadReq.m_axi.p1i128, i64 %gmem_Wd_addr, i64 420" [swiglu.cpp:453]   --->   Operation 150 'readreq' 'empty_135' <Predicate = true> <Delay = 2.43> <CoreInst = "m_axi">   --->   Core 119 'm_axi' <Latency = 6> <II = 1> <Delay = 1.00> <Adapter> <Opcode : 'read' 'write' 'readreq' 'writereq' 'writeresp'>

State 69 <SV = 68> <Delay = 2.43>
ST_69 : Operation 151 [5/71] (2.43ns)   --->   "%empty_135 = readreq i1 @_ssdm_op_ReadReq.m_axi.p1i128, i64 %gmem_Wd_addr, i64 420" [swiglu.cpp:453]   --->   Operation 151 'readreq' 'empty_135' <Predicate = true> <Delay = 2.43> <CoreInst = "m_axi">   --->   Core 119 'm_axi' <Latency = 6> <II = 1> <Delay = 1.00> <Adapter> <Opcode : 'read' 'write' 'readreq' 'writereq' 'writeresp'>

State 70 <SV = 69> <Delay = 2.43>
ST_70 : Operation 152 [4/71] (2.43ns)   --->   "%empty_135 = readreq i1 @_ssdm_op_ReadReq.m_axi.p1i128, i64 %gmem_Wd_addr, i64 420" [swiglu.cpp:453]   --->   Operation 152 'readreq' 'empty_135' <Predicate = true> <Delay = 2.43> <CoreInst = "m_axi">   --->   Core 119 'm_axi' <Latency = 6> <II = 1> <Delay = 1.00> <Adapter> <Opcode : 'read' 'write' 'readreq' 'writereq' 'writeresp'>

State 71 <SV = 70> <Delay = 2.43>
ST_71 : Operation 153 [3/71] (2.43ns)   --->   "%empty_135 = readreq i1 @_ssdm_op_ReadReq.m_axi.p1i128, i64 %gmem_Wd_addr, i64 420" [swiglu.cpp:453]   --->   Operation 153 'readreq' 'empty_135' <Predicate = true> <Delay = 2.43> <CoreInst = "m_axi">   --->   Core 119 'm_axi' <Latency = 6> <II = 1> <Delay = 1.00> <Adapter> <Opcode : 'read' 'write' 'readreq' 'writereq' 'writeresp'>

State 72 <SV = 71> <Delay = 2.43>
ST_72 : Operation 154 [2/71] (2.43ns)   --->   "%empty_135 = readreq i1 @_ssdm_op_ReadReq.m_axi.p1i128, i64 %gmem_Wd_addr, i64 420" [swiglu.cpp:453]   --->   Operation 154 'readreq' 'empty_135' <Predicate = true> <Delay = 2.43> <CoreInst = "m_axi">   --->   Core 119 'm_axi' <Latency = 6> <II = 1> <Delay = 1.00> <Adapter> <Opcode : 'read' 'write' 'readreq' 'writereq' 'writeresp'>

State 73 <SV = 72> <Delay = 2.43>
ST_73 : Operation 155 [1/71] (2.43ns)   --->   "%empty_135 = readreq i1 @_ssdm_op_ReadReq.m_axi.p1i128, i64 %gmem_Wd_addr, i64 420" [swiglu.cpp:453]   --->   Operation 155 'readreq' 'empty_135' <Predicate = true> <Delay = 2.43> <CoreInst = "m_axi">   --->   Core 119 'm_axi' <Latency = 6> <II = 1> <Delay = 1.00> <Adapter> <Opcode : 'read' 'write' 'readreq' 'writereq' 'writeresp'>

State 74 <SV = 73> <Delay = 0.00>
ST_74 : Operation 156 [2/2] (0.00ns)   --->   "%call_ln453 = call void @load_row_down_q6k_Pipeline_LOAD_DOWN_Q6K, i128 %gmem_Wd, i60 %trunc_ln, i128 %rb_15, i128 %rb_14, i128 %rb_13, i128 %rb_12, i128 %rb_11, i128 %rb_10, i128 %rb_9, i128 %rb_8, i128 %rb_7, i128 %rb_6, i128 %rb_5, i128 %rb_4, i128 %rb_3, i128 %rb_2, i128 %rb_1, i128 %rb_0" [swiglu.cpp:453]   --->   Operation 156 'call' 'call_ln453' <Predicate = true> <Delay = 0.00> <CoreType = "Generic">   --->   Generic Core

State 75 <SV = 74> <Delay = 0.00>
ST_75 : Operation 157 [1/1] (0.00ns)   --->   "%specinterface_ln0 = specinterface void @_ssdm_op_SpecInterface, i128 %gmem_Wd, void @empty_31, i32 0, i32 0, void @empty_32, i32 64, i32 860160, void @empty_0, void @empty_35, void @empty_32, i32 2, i32 16, i32 256, i32 16, void @empty_32, void @empty_32, i32 4294967295, i32 0, i32 0"   --->   Operation 157 'specinterface' 'specinterface_ln0' <Predicate = true> <Delay = 0.00>
ST_75 : Operation 158 [1/2] (0.00ns)   --->   "%call_ln453 = call void @load_row_down_q6k_Pipeline_LOAD_DOWN_Q6K, i128 %gmem_Wd, i60 %trunc_ln, i128 %rb_15, i128 %rb_14, i128 %rb_13, i128 %rb_12, i128 %rb_11, i128 %rb_10, i128 %rb_9, i128 %rb_8, i128 %rb_7, i128 %rb_6, i128 %rb_5, i128 %rb_4, i128 %rb_3, i128 %rb_2, i128 %rb_1, i128 %rb_0" [swiglu.cpp:453]   --->   Operation 158 'call' 'call_ln453' <Predicate = true> <Delay = 0.00> <CoreType = "Generic">   --->   Generic Core
ST_75 : Operation 159 [1/1] (0.00ns)   --->   "%ret_ln457 = ret" [swiglu.cpp:457]   --->   Operation 159 'ret' 'ret_ln457' <Predicate = true> <Delay = 0.00>


============================================================
+ Verbose Summary: Binding
============================================================
STG Binding: 
---------------- STG Properties BEGIN ----------------
- Is combinational: 0
- Is one-state seq: 0
- Is datapath-only: 0
- Is pipelined: 0
- Is top level: 0
Port [ Return ] is wired: 1; IO mode=ap_ctrl_hs:ce=0
Port [ gmem_Wd]:  wired=1; compound=1; hidden=0; nouse=0; global=0; static=0; extern=0; dir=0; type=4; pingpong=0; private_global=0; IO mode=m_axi:ce=0
Port [ W_down_wide]:  wired=1; compound=0; hidden=0; nouse=0; global=0; static=0; extern=0; dir=0; type=0; pingpong=0; private_global=0; IO mode=ap_none:ce=0
Port [ out_i]:  wired=1; compound=0; hidden=0; nouse=0; global=0; static=0; extern=0; dir=0; type=0; pingpong=0; private_global=0; IO mode=ap_none:ce=0
Port [ rb_0]:  wired=1; compound=1; hidden=0; nouse=0; global=0; static=0; extern=0; dir=1; type=1; pingpong=0; private_global=0; MemPort=[03333333333333333]; IO mode=ap_memory:ce=0
Port [ rb_1]:  wired=1; compound=1; hidden=0; nouse=0; global=0; static=0; extern=0; dir=1; type=1; pingpong=0; private_global=0; MemPort=[03333333333333333]; IO mode=ap_memory:ce=0
Port [ rb_2]:  wired=1; compound=1; hidden=0; nouse=0; global=0; static=0; extern=0; dir=1; type=1; pingpong=0; private_global=0; MemPort=[03333333333333333]; IO mode=ap_memory:ce=0
Port [ rb_3]:  wired=1; compound=1; hidden=0; nouse=0; global=0; static=0; extern=0; dir=1; type=1; pingpong=0; private_global=0; MemPort=[03333333333333333]; IO mode=ap_memory:ce=0
Port [ rb_4]:  wired=1; compound=1; hidden=0; nouse=0; global=0; static=0; extern=0; dir=1; type=1; pingpong=0; private_global=0; MemPort=[03333333333333333]; IO mode=ap_memory:ce=0
Port [ rb_5]:  wired=1; compound=1; hidden=0; nouse=0; global=0; static=0; extern=0; dir=1; type=1; pingpong=0; private_global=0; MemPort=[03333333333333333]; IO mode=ap_memory:ce=0
Port [ rb_6]:  wired=1; compound=1; hidden=0; nouse=0; global=0; static=0; extern=0; dir=1; type=1; pingpong=0; private_global=0; MemPort=[03333333333333333]; IO mode=ap_memory:ce=0
Port [ rb_7]:  wired=1; compound=1; hidden=0; nouse=0; global=0; static=0; extern=0; dir=1; type=1; pingpong=0; private_global=0; MemPort=[03333333333333333]; IO mode=ap_memory:ce=0
Port [ rb_8]:  wired=1; compound=1; hidden=0; nouse=0; global=0; static=0; extern=0; dir=1; type=1; pingpong=0; private_global=0; MemPort=[03333333333333333]; IO mode=ap_memory:ce=0
Port [ rb_9]:  wired=1; compound=1; hidden=0; nouse=0; global=0; static=0; extern=0; dir=1; type=1; pingpong=0; private_global=0; MemPort=[03333333333333333]; IO mode=ap_memory:ce=0
Port [ rb_10]:  wired=1; compound=1; hidden=0; nouse=0; global=0; static=0; extern=0; dir=1; type=1; pingpong=0; private_global=0; MemPort=[03333333333333333]; IO mode=ap_memory:ce=0
Port [ rb_11]:  wired=1; compound=1; hidden=0; nouse=0; global=0; static=0; extern=0; dir=1; type=1; pingpong=0; private_global=0; MemPort=[03333333333333333]; IO mode=ap_memory:ce=0
Port [ rb_12]:  wired=1; compound=1; hidden=0; nouse=0; global=0; static=0; extern=0; dir=1; type=1; pingpong=0; private_global=0; MemPort=[03333333333333333]; IO mode=ap_memory:ce=0
Port [ rb_13]:  wired=1; compound=1; hidden=0; nouse=0; global=0; static=0; extern=0; dir=1; type=1; pingpong=0; private_global=0; MemPort=[03333333333333333]; IO mode=ap_memory:ce=0
Port [ rb_14]:  wired=1; compound=1; hidden=0; nouse=0; global=0; static=0; extern=0; dir=1; type=1; pingpong=0; private_global=0; MemPort=[03333333333333333]; IO mode=ap_memory:ce=0
Port [ rb_15]:  wired=1; compound=1; hidden=0; nouse=0; global=0; static=0; extern=0; dir=1; type=1; pingpong=0; private_global=0; MemPort=[03333333333333333]; IO mode=ap_memory:ce=0
---------------- STG Properties END ------------------

---------------- Datapath Model BEGIN ----------------

<LifeTime>
<method=bitvector/>
out_i_read        (read         ) [ 0000000000000000000000000000000000000000000000000000000000000000000000000000]
out_i_cast1       (zext         ) [ 0000000000000000000000000000000000000000000000000000000000000000000000000000]
empty             (mul          ) [ 0010000000000000000000000000000000000000000000000000000000000000000000000000]
W_down_wide_read  (read         ) [ 0000000000000000000000000000000000000000000000000000000000000000000000000000]
p_cast            (zext         ) [ 0000000000000000000000000000000000000000000000000000000000000000000000000000]
empty_134         (add          ) [ 0000000000000000000000000000000000000000000000000000000000000000000000000000]
trunc_ln          (partselect   ) [ 0001111111111111111111111111111111111111111111111111111111111111111111111111]
sext_ln453        (sext         ) [ 0000000000000000000000000000000000000000000000000000000000000000000000000000]
gmem_Wd_addr      (getelementptr) [ 0000111111111111111111111111111111111111111111111111111111111111111111111100]
empty_135         (readreq      ) [ 0000000000000000000000000000000000000000000000000000000000000000000000000000]
specinterface_ln0 (specinterface) [ 0000000000000000000000000000000000000000000000000000000000000000000000000000]
call_ln453        (call         ) [ 0000000000000000000000000000000000000000000000000000000000000000000000000000]
ret_ln457         (ret          ) [ 0000000000000000000000000000000000000000000000000000000000000000000000000000]
</LifeTime>

<model>

<comp_list>
<comp id="0" class="1000" name="gmem_Wd">
<pin_list>
<pin id="1" dir="1" index="0" bw="1" slack="0"/>
</pin_list>
<bind>
<StgValue><ssdm name="gmem_Wd"/><MemPortTyVec>0 </MemPortTyVec>
</StgValue>
</bind>
</comp>

<comp id="2" class="1000" name="W_down_wide">
<pin_list>
<pin id="3" dir="1" index="0" bw="1" slack="0"/>
</pin_list>
<bind>
<StgValue><ssdm name="W_down_wide"/></StgValue>
</bind>
</comp>

<comp id="4" class="1000" name="out_i">
<pin_list>
<pin id="5" dir="1" index="0" bw="1" slack="0"/>
</pin_list>
<bind>
<StgValue><ssdm name="out_i"/></StgValue>
</bind>
</comp>

<comp id="6" class="1000" name="rb_0">
<pin_list>
<pin id="7" dir="1" index="0" bw="1" slack="0"/>
</pin_list>
<bind>
<StgValue><ssdm name="rb_0"/><MemPortTyVec>0 3 3 3 3 3 3 3 3 3 3 3 3 3 3 3 3 </MemPortTyVec>
</StgValue>
</bind>
</comp>

<comp id="8" class="1000" name="rb_1">
<pin_list>
<pin id="9" dir="1" index="0" bw="1" slack="0"/>
</pin_list>
<bind>
<StgValue><ssdm name="rb_1"/><MemPortTyVec>0 3 3 3 3 3 3 3 3 3 3 3 3 3 3 3 3 </MemPortTyVec>
</StgValue>
</bind>
</comp>

<comp id="10" class="1000" name="rb_2">
<pin_list>
<pin id="11" dir="1" index="0" bw="1" slack="0"/>
</pin_list>
<bind>
<StgValue><ssdm name="rb_2"/><MemPortTyVec>0 3 3 3 3 3 3 3 3 3 3 3 3 3 3 3 3 </MemPortTyVec>
</StgValue>
</bind>
</comp>

<comp id="12" class="1000" name="rb_3">
<pin_list>
<pin id="13" dir="1" index="0" bw="1" slack="0"/>
</pin_list>
<bind>
<StgValue><ssdm name="rb_3"/><MemPortTyVec>0 3 3 3 3 3 3 3 3 3 3 3 3 3 3 3 3 </MemPortTyVec>
</StgValue>
</bind>
</comp>

<comp id="14" class="1000" name="rb_4">
<pin_list>
<pin id="15" dir="1" index="0" bw="1" slack="0"/>
</pin_list>
<bind>
<StgValue><ssdm name="rb_4"/><MemPortTyVec>0 3 3 3 3 3 3 3 3 3 3 3 3 3 3 3 3 </MemPortTyVec>
</StgValue>
</bind>
</comp>

<comp id="16" class="1000" name="rb_5">
<pin_list>
<pin id="17" dir="1" index="0" bw="1" slack="0"/>
</pin_list>
<bind>
<StgValue><ssdm name="rb_5"/><MemPortTyVec>0 3 3 3 3 3 3 3 3 3 3 3 3 3 3 3 3 </MemPortTyVec>
</StgValue>
</bind>
</comp>

<comp id="18" class="1000" name="rb_6">
<pin_list>
<pin id="19" dir="1" index="0" bw="1" slack="0"/>
</pin_list>
<bind>
<StgValue><ssdm name="rb_6"/><MemPortTyVec>0 3 3 3 3 3 3 3 3 3 3 3 3 3 3 3 3 </MemPortTyVec>
</StgValue>
</bind>
</comp>

<comp id="20" class="1000" name="rb_7">
<pin_list>
<pin id="21" dir="1" index="0" bw="1" slack="0"/>
</pin_list>
<bind>
<StgValue><ssdm name="rb_7"/><MemPortTyVec>0 3 3 3 3 3 3 3 3 3 3 3 3 3 3 3 3 </MemPortTyVec>
</StgValue>
</bind>
</comp>

<comp id="22" class="1000" name="rb_8">
<pin_list>
<pin id="23" dir="1" index="0" bw="1" slack="0"/>
</pin_list>
<bind>
<StgValue><ssdm name="rb_8"/><MemPortTyVec>0 3 3 3 3 3 3 3 3 3 3 3 3 3 3 3 3 </MemPortTyVec>
</StgValue>
</bind>
</comp>

<comp id="24" class="1000" name="rb_9">
<pin_list>
<pin id="25" dir="1" index="0" bw="1" slack="0"/>
</pin_list>
<bind>
<StgValue><ssdm name="rb_9"/><MemPortTyVec>0 3 3 3 3 3 3 3 3 3 3 3 3 3 3 3 3 </MemPortTyVec>
</StgValue>
</bind>
</comp>

<comp id="26" class="1000" name="rb_10">
<pin_list>
<pin id="27" dir="1" index="0" bw="1" slack="0"/>
</pin_list>
<bind>
<StgValue><ssdm name="rb_10"/><MemPortTyVec>0 3 3 3 3 3 3 3 3 3 3 3 3 3 3 3 3 </MemPortTyVec>
</StgValue>
</bind>
</comp>

<comp id="28" class="1000" name="rb_11">
<pin_list>
<pin id="29" dir="1" index="0" bw="1" slack="0"/>
</pin_list>
<bind>
<StgValue><ssdm name="rb_11"/><MemPortTyVec>0 3 3 3 3 3 3 3 3 3 3 3 3 3 3 3 3 </MemPortTyVec>
</StgValue>
</bind>
</comp>

<comp id="30" class="1000" name="rb_12">
<pin_list>
<pin id="31" dir="1" index="0" bw="1" slack="0"/>
</pin_list>
<bind>
<StgValue><ssdm name="rb_12"/><MemPortTyVec>0 3 3 3 3 3 3 3 3 3 3 3 3 3 3 3 3 </MemPortTyVec>
</StgValue>
</bind>
</comp>

<comp id="32" class="1000" name="rb_13">
<pin_list>
<pin id="33" dir="1" index="0" bw="1" slack="0"/>
</pin_list>
<bind>
<StgValue><ssdm name="rb_13"/><MemPortTyVec>0 3 3 3 3 3 3 3 3 3 3 3 3 3 3 3 3 </MemPortTyVec>
</StgValue>
</bind>
</comp>

<comp id="34" class="1000" name="rb_14">
<pin_list>
<pin id="35" dir="1" index="0" bw="1" slack="0"/>
</pin_list>
<bind>
<StgValue><ssdm name="rb_14"/><MemPortTyVec>0 3 3 3 3 3 3 3 3 3 3 3 3 3 3 3 3 </MemPortTyVec>
</StgValue>
</bind>
</comp>

<comp id="36" class="1000" name="rb_15">
<pin_list>
<pin id="37" dir="1" index="0" bw="1" slack="0"/>
</pin_list>
<bind>
<StgValue><ssdm name="rb_15"/><MemPortTyVec>0 3 3 3 3 3 3 3 3 3 3 3 3 3 3 3 3 </MemPortTyVec>
</StgValue>
</bind>
</comp>

<comp id="38" class="1001" name="const_38">
<pin_list>
<pin id="39" dir="1" index="0" bw="1" slack="0"/>
</pin_list>
<bind>
<StgValue><ssdm name="_ssdm_op_Read.ap_auto.i11"/></StgValue>
</bind>
</comp>

<comp id="40" class="1001" name="const_40">
<pin_list>
<pin id="41" dir="1" index="0" bw="1" slack="0"/>
</pin_list>
<bind>
<StgValue><ssdm name=""/></StgValue>
</bind>
</comp>

<comp id="42" class="1001" name="const_42">
<pin_list>
<pin id="43" dir="1" index="0" bw="1" slack="0"/>
</pin_list>
<bind>
<StgValue><ssdm name="_ssdm_op_Read.ap_auto.i64"/></StgValue>
</bind>
</comp>

<comp id="44" class="1001" name="const_44">
<pin_list>
<pin id="45" dir="1" index="0" bw="1" slack="0"/>
</pin_list>
<bind>
<StgValue><ssdm name="_ssdm_op_PartSelect.i60.i64.i32.i32"/></StgValue>
</bind>
</comp>

<comp id="46" class="1001" name="const_46">
<pin_list>
<pin id="47" dir="1" index="0" bw="1" slack="0"/>
</pin_list>
<bind>
<StgValue><ssdm name=""/></StgValue>
</bind>
</comp>

<comp id="48" class="1001" name="const_48">
<pin_list>
<pin id="49" dir="1" index="0" bw="1" slack="0"/>
</pin_list>
<bind>
<StgValue><ssdm name=""/></StgValue>
</bind>
</comp>

<comp id="50" class="1001" name="const_50">
<pin_list>
<pin id="51" dir="1" index="0" bw="1" slack="0"/>
</pin_list>
<bind>
<StgValue><ssdm name="_ssdm_op_ReadReq.m_axi.p1i128"/></StgValue>
</bind>
</comp>

<comp id="52" class="1001" name="const_52">
<pin_list>
<pin id="53" dir="1" index="0" bw="1" slack="0"/>
</pin_list>
<bind>
<StgValue><ssdm name=""/></StgValue>
</bind>
</comp>

<comp id="54" class="1001" name="const_54">
<pin_list>
<pin id="55" dir="1" index="0" bw="1" slack="0"/>
</pin_list>
<bind>
<StgValue><ssdm name="load_row_down_q6k_Pipeline_LOAD_DOWN_Q6K"/></StgValue>
</bind>
</comp>

<comp id="56" class="1001" name="const_56">
<pin_list>
<pin id="57" dir="1" index="0" bw="1" slack="2147483647"/>
</pin_list>
<bind>
<StgValue><ssdm name="_ssdm_op_SpecInterface"/></StgValue>
</bind>
</comp>

<comp id="58" class="1001" name="const_58">
<pin_list>
<pin id="59" dir="1" index="0" bw="1" slack="2147483647"/>
</pin_list>
<bind>
<StgValue><ssdm name="empty_31"/></StgValue>
</bind>
</comp>

<comp id="60" class="1001" name="const_60">
<pin_list>
<pin id="61" dir="1" index="0" bw="1" slack="2147483647"/>
</pin_list>
<bind>
<StgValue><ssdm name=""/></StgValue>
</bind>
</comp>

<comp id="62" class="1001" name="const_62">
<pin_list>
<pin id="63" dir="1" index="0" bw="1" slack="2147483647"/>
</pin_list>
<bind>
<StgValue><ssdm name="empty_32"/></StgValue>
</bind>
</comp>

<comp id="64" class="1001" name="const_64">
<pin_list>
<pin id="65" dir="1" index="0" bw="1" slack="2147483647"/>
</pin_list>
<bind>
<StgValue><ssdm name=""/></StgValue>
</bind>
</comp>

<comp id="66" class="1001" name="const_66">
<pin_list>
<pin id="67" dir="1" index="0" bw="1" slack="2147483647"/>
</pin_list>
<bind>
<StgValue><ssdm name=""/></StgValue>
</bind>
</comp>

<comp id="68" class="1001" name="const_68">
<pin_list>
<pin id="69" dir="1" index="0" bw="1" slack="2147483647"/>
</pin_list>
<bind>
<StgValue><ssdm name="empty_0"/></StgValue>
</bind>
</comp>

<comp id="70" class="1001" name="const_70">
<pin_list>
<pin id="71" dir="1" index="0" bw="1" slack="2147483647"/>
</pin_list>
<bind>
<StgValue><ssdm name="empty_35"/></StgValue>
</bind>
</comp>

<comp id="72" class="1001" name="const_72">
<pin_list>
<pin id="73" dir="1" index="0" bw="1" slack="2147483647"/>
</pin_list>
<bind>
<StgValue><ssdm name=""/></StgValue>
</bind>
</comp>

<comp id="74" class="1001" name="const_74">
<pin_list>
<pin id="75" dir="1" index="0" bw="1" slack="2147483647"/>
</pin_list>
<bind>
<StgValue><ssdm name=""/></StgValue>
</bind>
</comp>

<comp id="76" class="1001" name="const_76">
<pin_list>
<pin id="77" dir="1" index="0" bw="1" slack="2147483647"/>
</pin_list>
<bind>
<StgValue><ssdm name=""/></StgValue>
</bind>
</comp>

<comp id="78" class="1001" name="const_78">
<pin_list>
<pin id="79" dir="1" index="0" bw="1" slack="2147483647"/>
</pin_list>
<bind>
<StgValue><ssdm name=""/></StgValue>
</bind>
</comp>

<comp id="80" class="1004" name="out_i_read_read_fu_80">
<pin_list>
<pin id="81" dir="0" index="0" bw="11" slack="0"/>
<pin id="82" dir="0" index="1" bw="11" slack="0"/>
<pin id="83" dir="1" index="2" bw="11" slack="0"/>
</pin_list>
<bind>
<opcode="read(1150) " fcode="read"/>
<opset="out_i_read/1 "/>
</bind>
</comp>

<comp id="86" class="1004" name="W_down_wide_read_read_fu_86">
<pin_list>
<pin id="87" dir="0" index="0" bw="64" slack="0"/>
<pin id="88" dir="0" index="1" bw="64" slack="0"/>
<pin id="89" dir="1" index="2" bw="64" slack="0"/>
</pin_list>
<bind>
<opcode="read(1150) " fcode="read"/>
<opset="W_down_wide_read/2 "/>
</bind>
</comp>

<comp id="92" class="1004" name="grp_readreq_fu_92">
<pin_list>
<pin id="93" dir="0" index="0" bw="1" slack="0"/>
<pin id="94" dir="0" index="1" bw="128" slack="0"/>
<pin id="95" dir="0" index="2" bw="10" slack="0"/>
<pin id="96" dir="1" index="3" bw="1" slack="2147483647"/>
</pin_list>
<bind>
<opcode="readreq(1154) " fcode="readreq"/>
<opset="empty_135/3 "/>
</bind>
</comp>

<comp id="99" class="1004" name="grp_load_row_down_q6k_Pipeline_LOAD_DOWN_Q6K_fu_99">
<pin_list>
<pin id="100" dir="0" index="0" bw="0" slack="0"/>
<pin id="101" dir="0" index="1" bw="128" slack="0"/>
<pin id="102" dir="0" index="2" bw="60" slack="72"/>
<pin id="103" dir="0" index="3" bw="128" slack="0"/>
<pin id="104" dir="0" index="4" bw="128" slack="0"/>
<pin id="105" dir="0" index="5" bw="128" slack="0"/>
<pin id="106" dir="0" index="6" bw="128" slack="0"/>
<pin id="107" dir="0" index="7" bw="128" slack="0"/>
<pin id="108" dir="0" index="8" bw="128" slack="0"/>
<pin id="109" dir="0" index="9" bw="128" slack="0"/>
<pin id="110" dir="0" index="10" bw="128" slack="0"/>
<pin id="111" dir="0" index="11" bw="128" slack="0"/>
<pin id="112" dir="0" index="12" bw="128" slack="0"/>
<pin id="113" dir="0" index="13" bw="128" slack="0"/>
<pin id="114" dir="0" index="14" bw="128" slack="0"/>
<pin id="115" dir="0" index="15" bw="128" slack="0"/>
<pin id="116" dir="0" index="16" bw="128" slack="0"/>
<pin id="117" dir="0" index="17" bw="128" slack="0"/>
<pin id="118" dir="0" index="18" bw="128" slack="0"/>
<pin id="119" dir="1" index="19" bw="0" slack="2147483647"/>
</pin_list>
<bind>
<opcode="call(48) " fcode="call"/>
<opset="call_ln453/74 "/>
</bind>
</comp>

<comp id="138" class="1004" name="out_i_cast1_fu_138">
<pin_list>
<pin id="139" dir="0" index="0" bw="11" slack="0"/>
<pin id="140" dir="1" index="1" bw="24" slack="0"/>
</pin_list>
<bind>
<opcode="zext(34) " fcode="zext"/>
<opset="out_i_cast1/1 "/>
</bind>
</comp>

<comp id="142" class="1004" name="empty_fu_142">
<pin_list>
<pin id="143" dir="0" index="0" bw="11" slack="0"/>
<pin id="144" dir="0" index="1" bw="14" slack="0"/>
<pin id="145" dir="1" index="2" bw="24" slack="1"/>
</pin_list>
<bind>
<opcode="mul(12) " fcode="mul"/>
<opset="empty/1 "/>
</bind>
</comp>

<comp id="148" class="1004" name="p_cast_fu_148">
<pin_list>
<pin id="149" dir="0" index="0" bw="24" slack="1"/>
<pin id="150" dir="1" index="1" bw="64" slack="0"/>
</pin_list>
<bind>
<opcode="zext(34) " fcode="zext"/>
<opset="p_cast/2 "/>
</bind>
</comp>

<comp id="151" class="1004" name="empty_134_fu_151">
<pin_list>
<pin id="152" dir="0" index="0" bw="24" slack="0"/>
<pin id="153" dir="0" index="1" bw="64" slack="0"/>
<pin id="154" dir="1" index="2" bw="64" slack="0"/>
</pin_list>
<bind>
<opcode="add(8) " fcode="add"/>
<opset="empty_134/2 "/>
</bind>
</comp>

<comp id="157" class="1004" name="trunc_ln_fu_157">
<pin_list>
<pin id="158" dir="0" index="0" bw="60" slack="0"/>
<pin id="159" dir="0" index="1" bw="64" slack="0"/>
<pin id="160" dir="0" index="2" bw="4" slack="0"/>
<pin id="161" dir="0" index="3" bw="7" slack="0"/>
<pin id="162" dir="1" index="4" bw="60" slack="1"/>
</pin_list>
<bind>
<opcode="partselect(1002) " fcode="partselect"/>
<opset="trunc_ln/2 "/>
</bind>
</comp>

<comp id="167" class="1004" name="sext_ln453_fu_167">
<pin_list>
<pin id="168" dir="0" index="0" bw="60" slack="1"/>
<pin id="169" dir="1" index="1" bw="64" slack="0"/>
</pin_list>
<bind>
<opcode="sext(35) " fcode="sext"/>
<opset="sext_ln453/3 "/>
</bind>
</comp>

<comp id="170" class="1004" name="gmem_Wd_addr_fu_170">
<pin_list>
<pin id="171" dir="0" index="0" bw="64" slack="0"/>
<pin id="172" dir="0" index="1" bw="64" slack="0"/>
<pin id="173" dir="1" index="2" bw="64" slack="0"/>
</pin_list>
<bind>
<opcode="getelementptr(29) " fcode="getelementptr"/>
<opset="gmem_Wd_addr/3 "/>
</bind>
</comp>

<comp id="177" class="1005" name="empty_reg_177">
<pin_list>
<pin id="178" dir="0" index="0" bw="24" slack="1"/>
<pin id="179" dir="1" index="1" bw="24" slack="1"/>
</pin_list>
<bind>
<opset="empty "/>
</bind>
</comp>

<comp id="182" class="1005" name="trunc_ln_reg_182">
<pin_list>
<pin id="183" dir="0" index="0" bw="60" slack="1"/>
<pin id="184" dir="1" index="1" bw="60" slack="1"/>
</pin_list>
<bind>
<opset="trunc_ln "/>
</bind>
</comp>

<comp id="188" class="1005" name="gmem_Wd_addr_reg_188">
<pin_list>
<pin id="189" dir="0" index="0" bw="128" slack="1"/>
<pin id="190" dir="1" index="1" bw="128" slack="1"/>
</pin_list>
<bind>
<opset="gmem_Wd_addr "/>
</bind>
</comp>

</comp_list>

<net_list>
<net id="84"><net_src comp="38" pin="0"/><net_sink comp="80" pin=0"/></net>

<net id="85"><net_src comp="4" pin="0"/><net_sink comp="80" pin=1"/></net>

<net id="90"><net_src comp="42" pin="0"/><net_sink comp="86" pin=0"/></net>

<net id="91"><net_src comp="2" pin="0"/><net_sink comp="86" pin=1"/></net>

<net id="97"><net_src comp="50" pin="0"/><net_sink comp="92" pin=0"/></net>

<net id="98"><net_src comp="52" pin="0"/><net_sink comp="92" pin=2"/></net>

<net id="120"><net_src comp="54" pin="0"/><net_sink comp="99" pin=0"/></net>

<net id="121"><net_src comp="0" pin="0"/><net_sink comp="99" pin=1"/></net>

<net id="122"><net_src comp="36" pin="0"/><net_sink comp="99" pin=3"/></net>

<net id="123"><net_src comp="34" pin="0"/><net_sink comp="99" pin=4"/></net>

<net id="124"><net_src comp="32" pin="0"/><net_sink comp="99" pin=5"/></net>

<net id="125"><net_src comp="30" pin="0"/><net_sink comp="99" pin=6"/></net>

<net id="126"><net_src comp="28" pin="0"/><net_sink comp="99" pin=7"/></net>

<net id="127"><net_src comp="26" pin="0"/><net_sink comp="99" pin=8"/></net>

<net id="128"><net_src comp="24" pin="0"/><net_sink comp="99" pin=9"/></net>

<net id="129"><net_src comp="22" pin="0"/><net_sink comp="99" pin=10"/></net>

<net id="130"><net_src comp="20" pin="0"/><net_sink comp="99" pin=11"/></net>

<net id="131"><net_src comp="18" pin="0"/><net_sink comp="99" pin=12"/></net>

<net id="132"><net_src comp="16" pin="0"/><net_sink comp="99" pin=13"/></net>

<net id="133"><net_src comp="14" pin="0"/><net_sink comp="99" pin=14"/></net>

<net id="134"><net_src comp="12" pin="0"/><net_sink comp="99" pin=15"/></net>

<net id="135"><net_src comp="10" pin="0"/><net_sink comp="99" pin=16"/></net>

<net id="136"><net_src comp="8" pin="0"/><net_sink comp="99" pin=17"/></net>

<net id="137"><net_src comp="6" pin="0"/><net_sink comp="99" pin=18"/></net>

<net id="141"><net_src comp="80" pin="2"/><net_sink comp="138" pin=0"/></net>

<net id="146"><net_src comp="138" pin="1"/><net_sink comp="142" pin=0"/></net>

<net id="147"><net_src comp="40" pin="0"/><net_sink comp="142" pin=1"/></net>

<net id="155"><net_src comp="148" pin="1"/><net_sink comp="151" pin=0"/></net>

<net id="156"><net_src comp="86" pin="2"/><net_sink comp="151" pin=1"/></net>

<net id="163"><net_src comp="44" pin="0"/><net_sink comp="157" pin=0"/></net>

<net id="164"><net_src comp="151" pin="2"/><net_sink comp="157" pin=1"/></net>

<net id="165"><net_src comp="46" pin="0"/><net_sink comp="157" pin=2"/></net>

<net id="166"><net_src comp="48" pin="0"/><net_sink comp="157" pin=3"/></net>

<net id="174"><net_src comp="0" pin="0"/><net_sink comp="170" pin=0"/></net>

<net id="175"><net_src comp="167" pin="1"/><net_sink comp="170" pin=1"/></net>

<net id="176"><net_src comp="170" pin="2"/><net_sink comp="92" pin=1"/></net>

<net id="180"><net_src comp="142" pin="2"/><net_sink comp="177" pin=0"/></net>

<net id="181"><net_src comp="177" pin="1"/><net_sink comp="148" pin=0"/></net>

<net id="185"><net_src comp="157" pin="4"/><net_sink comp="182" pin=0"/></net>

<net id="186"><net_src comp="182" pin="1"/><net_sink comp="167" pin=0"/></net>

<net id="187"><net_src comp="182" pin="1"/><net_sink comp="99" pin=2"/></net>

<net id="191"><net_src comp="170" pin="2"/><net_sink comp="188" pin=0"/></net>

<net id="192"><net_src comp="188" pin="1"/><net_sink comp="92" pin=1"/></net>

</net_list>

</model> 
---------------- Datapath Model END ------------------

* FSMD analyzer results:
  - Output states:
	Port: gmem_Wd | {}
	Port: rb_0 | {74 75 }
	Port: rb_1 | {74 75 }
	Port: rb_2 | {74 75 }
	Port: rb_3 | {74 75 }
	Port: rb_4 | {74 75 }
	Port: rb_5 | {74 75 }
	Port: rb_6 | {74 75 }
	Port: rb_7 | {74 75 }
	Port: rb_8 | {74 75 }
	Port: rb_9 | {74 75 }
	Port: rb_10 | {74 75 }
	Port: rb_11 | {74 75 }
	Port: rb_12 | {74 75 }
	Port: rb_13 | {74 75 }
	Port: rb_14 | {74 75 }
	Port: rb_15 | {74 75 }
 - Input state : 
	Port: load_row_down_q6k : gmem_Wd | {3 4 5 6 7 8 9 10 11 12 13 14 15 16 17 18 19 20 21 22 23 24 25 26 27 28 29 30 31 32 33 34 35 36 37 38 39 40 41 42 43 44 45 46 47 48 49 50 51 52 53 54 55 56 57 58 59 60 61 62 63 64 65 66 67 68 69 70 71 72 73 74 75 }
	Port: load_row_down_q6k : W_down_wide | {2 }
	Port: load_row_down_q6k : out_i | {1 }
  - Chain level:
	State 1
		empty : 1
	State 2
		empty_134 : 1
		trunc_ln : 2
	State 3
		gmem_Wd_addr : 1
		empty_135 : 2
	State 4
	State 5
	State 6
	State 7
	State 8
	State 9
	State 10
	State 11
	State 12
	State 13
	State 14
	State 15
	State 16
	State 17
	State 18
	State 19
	State 20
	State 21
	State 22
	State 23
	State 24
	State 25
	State 26
	State 27
	State 28
	State 29
	State 30
	State 31
	State 32
	State 33
	State 34
	State 35
	State 36
	State 37
	State 38
	State 39
	State 40
	State 41
	State 42
	State 43
	State 44
	State 45
	State 46
	State 47
	State 48
	State 49
	State 50
	State 51
	State 52
	State 53
	State 54
	State 55
	State 56
	State 57
	State 58
	State 59
	State 60
	State 61
	State 62
	State 63
	State 64
	State 65
	State 66
	State 67
	State 68
	State 69
	State 70
	State 71
	State 72
	State 73
	State 74
	State 75


============================================================
+ Verbose Summary: Datapath Resource usage 
============================================================

* Functional unit list:
|----------|----------------------------------------------------|---------|---------|---------|
| Operation|                   Functional Unit                  |   DSP   |    FF   |   LUT   |
|----------|----------------------------------------------------|---------|---------|---------|
|   call   | grp_load_row_down_q6k_Pipeline_LOAD_DOWN_Q6K_fu_99 |    0    |   211   |    32   |
|----------|----------------------------------------------------|---------|---------|---------|
|    add   |                  empty_134_fu_151                  |    0    |    0    |    71   |
|----------|----------------------------------------------------|---------|---------|---------|
|    mul   |                    empty_fu_142                    |    1    |    0    |    5    |
|----------|----------------------------------------------------|---------|---------|---------|
|   read   |                out_i_read_read_fu_80               |    0    |    0    |    0    |
|          |             W_down_wide_read_read_fu_86            |    0    |    0    |    0    |
|----------|----------------------------------------------------|---------|---------|---------|
|  readreq |                  grp_readreq_fu_92                 |    0    |    0    |    0    |
|----------|----------------------------------------------------|---------|---------|---------|
|   zext   |                 out_i_cast1_fu_138                 |    0    |    0    |    0    |
|          |                    p_cast_fu_148                   |    0    |    0    |    0    |
|----------|----------------------------------------------------|---------|---------|---------|
|partselect|                   trunc_ln_fu_157                  |    0    |    0    |    0    |
|----------|----------------------------------------------------|---------|---------|---------|
|   sext   |                  sext_ln453_fu_167                 |    0    |    0    |    0    |
|----------|----------------------------------------------------|---------|---------|---------|
|   Total  |                                                    |    1    |   211   |   108   |
|----------|----------------------------------------------------|---------|---------|---------|

Memories:
N/A

* Register list:
+--------------------+--------+
|                    |   FF   |
+--------------------+--------+
|    empty_reg_177   |   24   |
|gmem_Wd_addr_reg_188|   128  |
|  trunc_ln_reg_182  |   60   |
+--------------------+--------+
|        Total       |   212  |
+--------------------+--------+

* Multiplexer (MUX) list: 
|-------------------|------|------|------|--------||---------||---------||---------|
|        Comp       |  Pin | Size |  BW  | S x BW ||  Delay  ||    FF   ||   LUT   |
|-------------------|------|------|------|--------||---------||---------||---------|
| grp_readreq_fu_92 |  p1  |   2  |  128 |   256  ||    0    ||    9    |
|-------------------|------|------|------|--------||---------||---------||---------|
|       Total       |      |      |      |   256  ||  0.427  ||    0    ||    9    |
|-------------------|------|------|------|--------||---------||---------||---------|



* Summary:
+-----------+--------+--------+--------+--------+
|           |   DSP  |  Delay |   FF   |   LUT  |
+-----------+--------+--------+--------+--------+
|  Function |    1   |    -   |   211  |   108  |
|   Memory  |    -   |    -   |    -   |    -   |
|Multiplexer|    -   |    0   |    0   |    9   |
|  Register |    -   |    -   |   212  |    -   |
+-----------+--------+--------+--------+--------+
|   Total   |    1   |    0   |   423  |   117  |
+-----------+--------+--------+--------+--------+
