

================================================================
== Vitis HLS Report for 'load_row_down_q4k_Pipeline_LOAD_DOWN_Q4K'
================================================================
* Date:           Tue Apr  7 16:24:51 2026

* Version:        2025.1 (Build 6135595 on May 21 2025)
* Project:        swiglu
* Solution:       hls (Vivado IP Flow Target)
* Product family: zynquplus
* Target device:  xck26-sfvc784-2LV-c


================================================================
== Performance Estimates
================================================================
+ Timing: 
    * Summary: 
    +--------+---------+----------+------------+
    |  Clock |  Target | Estimated| Uncertainty|
    +--------+---------+----------+------------+
    |ap_clk  |  3.33 ns|  2.430 ns|     0.90 ns|
    +--------+---------+----------+------------+

+ Latency: 
    * Summary: 
    +---------+---------+----------+----------+-----+-----+------------------------------------------------+
    |  Latency (cycles) |  Latency (absolute) |  Interval |                    Pipeline                    |
    |   min   |   max   |    min   |    max   | min | max |                      Type                      |
    +---------+---------+----------+----------+-----+-----+------------------------------------------------+
    |      291|      291|  0.969 us|  0.969 us|  289|  289|  loop auto-rewind stp (delay=0 clock cycles(s))|
    +---------+---------+----------+----------+-----+-----+------------------------------------------------+

    + Detail: 
        * Instance: 
        N/A

        * Loop: 
        +-----------------+---------+---------+----------+-----------+-----------+------+----------+
        |                 |  Latency (cycles) | Iteration|  Initiation Interval  | Trip |          |
        |    Loop Name    |   min   |   max   |  Latency |  achieved |   target  | Count| Pipelined|
        +-----------------+---------+---------+----------+-----------+-----------+------+----------+
        |- LOAD_DOWN_Q4K  |      289|      289|         3|          1|          1|   288|       yes|
        +-----------------+---------+---------+----------+-----------+-----------+------+----------+

============================================================
+ Verbose Summary: Synthesis Manager
============================================================
InlineROM: 1
ExposeGlobal: 0
============================================================
+ Verbose Summary: CDFG Model
============================================================
IsTopModel: 0
ResetActiveHigh: 1
IsCombinational: 0
IsDatapathOnly: 0
HasWiredReturn: 1
HasMFsm: 2
HasVarLatency: 1
IsPipeline: 0
IsRtlPipelined: 0
IsInstanceOverlapped: 0
IsDontTouch: 0
HasImplIP: 0
IsGatedGlobalClock: 0

+ Individual pipeline summary: 
  * Pipeline-0: initiation interval (II) = 1, depth = 3


============================================================
+ Verbose Summary: Schedule
============================================================
* Number of FSM states : 3
* Pipeline : 1
  Pipeline-0 : II = 1, D = 3, States = { 1 2 3 }
* Dataflow Pipeline: 0

* FSM state transitions: 
1 --> 2 
2 --> 3 
3 --> 

* FSM state operations: 

State 1 <SV = 0> <Delay = 1.63>
ST_1 : Operation 6 [1/1] (0.00ns)   --->   "%b_5 = alloca i32 1" [swiglu.cpp:380]   --->   Operation 6 'alloca' 'b_5' <Predicate = true> <Delay = 0.00>
ST_1 : Operation 7 [1/1] (0.00ns)   --->   "%w = alloca i32 1" [swiglu.cpp:380]   --->   Operation 7 'alloca' 'w' <Predicate = true> <Delay = 0.00>
ST_1 : Operation 8 [1/1] (0.00ns)   --->   "%i = alloca i32 1" [swiglu.cpp:381]   --->   Operation 8 'alloca' 'i' <Predicate = true> <Delay = 0.00>
ST_1 : Operation 9 [1/1] (0.00ns)   --->   "%sext_ln381_read = read i60 @_ssdm_op_Read.ap_auto.i60, i60 %sext_ln381"   --->   Operation 9 'read' 'sext_ln381_read' <Predicate = true> <Delay = 0.00>
ST_1 : Operation 10 [1/1] (0.00ns)   --->   "%sext_ln381_cast = sext i60 %sext_ln381_read"   --->   Operation 10 'sext' 'sext_ln381_cast' <Predicate = true> <Delay = 0.00>
ST_1 : Operation 11 [1/1] (0.00ns)   --->   "%specmemcore_ln0 = specmemcore void @_ssdm_op_SpecMemCore, i128 %rb_31, i64 666, i64 19, i64 18446744073709551615"   --->   Operation 11 'specmemcore' 'specmemcore_ln0' <Predicate = true> <Delay = 0.00>
ST_1 : Operation 12 [1/1] (0.00ns)   --->   "%specmemcore_ln0 = specmemcore void @_ssdm_op_SpecMemCore, i128 %rb_30, i64 666, i64 19, i64 18446744073709551615"   --->   Operation 12 'specmemcore' 'specmemcore_ln0' <Predicate = true> <Delay = 0.00>
ST_1 : Operation 13 [1/1] (0.00ns)   --->   "%specmemcore_ln0 = specmemcore void @_ssdm_op_SpecMemCore, i128 %rb_29, i64 666, i64 19, i64 18446744073709551615"   --->   Operation 13 'specmemcore' 'specmemcore_ln0' <Predicate = true> <Delay = 0.00>
ST_1 : Operation 14 [1/1] (0.00ns)   --->   "%specmemcore_ln0 = specmemcore void @_ssdm_op_SpecMemCore, i128 %rb_28, i64 666, i64 19, i64 18446744073709551615"   --->   Operation 14 'specmemcore' 'specmemcore_ln0' <Predicate = true> <Delay = 0.00>
ST_1 : Operation 15 [1/1] (0.00ns)   --->   "%specmemcore_ln0 = specmemcore void @_ssdm_op_SpecMemCore, i128 %rb_27, i64 666, i64 19, i64 18446744073709551615"   --->   Operation 15 'specmemcore' 'specmemcore_ln0' <Predicate = true> <Delay = 0.00>
ST_1 : Operation 16 [1/1] (0.00ns)   --->   "%specmemcore_ln0 = specmemcore void @_ssdm_op_SpecMemCore, i128 %rb_26, i64 666, i64 19, i64 18446744073709551615"   --->   Operation 16 'specmemcore' 'specmemcore_ln0' <Predicate = true> <Delay = 0.00>
ST_1 : Operation 17 [1/1] (0.00ns)   --->   "%specmemcore_ln0 = specmemcore void @_ssdm_op_SpecMemCore, i128 %rb_25, i64 666, i64 19, i64 18446744073709551615"   --->   Operation 17 'specmemcore' 'specmemcore_ln0' <Predicate = true> <Delay = 0.00>
ST_1 : Operation 18 [1/1] (0.00ns)   --->   "%specmemcore_ln0 = specmemcore void @_ssdm_op_SpecMemCore, i128 %rb_24, i64 666, i64 19, i64 18446744073709551615"   --->   Operation 18 'specmemcore' 'specmemcore_ln0' <Predicate = true> <Delay = 0.00>
ST_1 : Operation 19 [1/1] (0.00ns)   --->   "%specmemcore_ln0 = specmemcore void @_ssdm_op_SpecMemCore, i128 %rb_23, i64 666, i64 19, i64 18446744073709551615"   --->   Operation 19 'specmemcore' 'specmemcore_ln0' <Predicate = true> <Delay = 0.00>
ST_1 : Operation 20 [1/1] (0.00ns)   --->   "%specmemcore_ln0 = specmemcore void @_ssdm_op_SpecMemCore, i128 %rb_22, i64 666, i64 19, i64 18446744073709551615"   --->   Operation 20 'specmemcore' 'specmemcore_ln0' <Predicate = true> <Delay = 0.00>
ST_1 : Operation 21 [1/1] (0.00ns)   --->   "%specmemcore_ln0 = specmemcore void @_ssdm_op_SpecMemCore, i128 %rb_21, i64 666, i64 19, i64 18446744073709551615"   --->   Operation 21 'specmemcore' 'specmemcore_ln0' <Predicate = true> <Delay = 0.00>
ST_1 : Operation 22 [1/1] (0.00ns)   --->   "%specmemcore_ln0 = specmemcore void @_ssdm_op_SpecMemCore, i128 %rb_20, i64 666, i64 19, i64 18446744073709551615"   --->   Operation 22 'specmemcore' 'specmemcore_ln0' <Predicate = true> <Delay = 0.00>
ST_1 : Operation 23 [1/1] (0.00ns)   --->   "%specmemcore_ln0 = specmemcore void @_ssdm_op_SpecMemCore, i128 %rb_19, i64 666, i64 19, i64 18446744073709551615"   --->   Operation 23 'specmemcore' 'specmemcore_ln0' <Predicate = true> <Delay = 0.00>
ST_1 : Operation 24 [1/1] (0.00ns)   --->   "%specmemcore_ln0 = specmemcore void @_ssdm_op_SpecMemCore, i128 %rb_18, i64 666, i64 19, i64 18446744073709551615"   --->   Operation 24 'specmemcore' 'specmemcore_ln0' <Predicate = true> <Delay = 0.00>
ST_1 : Operation 25 [1/1] (0.00ns)   --->   "%specmemcore_ln0 = specmemcore void @_ssdm_op_SpecMemCore, i128 %rb_17, i64 666, i64 19, i64 18446744073709551615"   --->   Operation 25 'specmemcore' 'specmemcore_ln0' <Predicate = true> <Delay = 0.00>
ST_1 : Operation 26 [1/1] (0.00ns)   --->   "%specmemcore_ln0 = specmemcore void @_ssdm_op_SpecMemCore, i128 %rb_16, i64 666, i64 19, i64 18446744073709551615"   --->   Operation 26 'specmemcore' 'specmemcore_ln0' <Predicate = true> <Delay = 0.00>
ST_1 : Operation 27 [1/1] (0.00ns)   --->   "%specmemcore_ln0 = specmemcore void @_ssdm_op_SpecMemCore, i128 %rb_15, i64 666, i64 19, i64 18446744073709551615"   --->   Operation 27 'specmemcore' 'specmemcore_ln0' <Predicate = true> <Delay = 0.00>
ST_1 : Operation 28 [1/1] (0.00ns)   --->   "%specmemcore_ln0 = specmemcore void @_ssdm_op_SpecMemCore, i128 %rb_14, i64 666, i64 19, i64 18446744073709551615"   --->   Operation 28 'specmemcore' 'specmemcore_ln0' <Predicate = true> <Delay = 0.00>
ST_1 : Operation 29 [1/1] (0.00ns)   --->   "%specmemcore_ln0 = specmemcore void @_ssdm_op_SpecMemCore, i128 %rb_13, i64 666, i64 19, i64 18446744073709551615"   --->   Operation 29 'specmemcore' 'specmemcore_ln0' <Predicate = true> <Delay = 0.00>
ST_1 : Operation 30 [1/1] (0.00ns)   --->   "%specmemcore_ln0 = specmemcore void @_ssdm_op_SpecMemCore, i128 %rb_12, i64 666, i64 19, i64 18446744073709551615"   --->   Operation 30 'specmemcore' 'specmemcore_ln0' <Predicate = true> <Delay = 0.00>
ST_1 : Operation 31 [1/1] (0.00ns)   --->   "%specmemcore_ln0 = specmemcore void @_ssdm_op_SpecMemCore, i128 %rb_11, i64 666, i64 19, i64 18446744073709551615"   --->   Operation 31 'specmemcore' 'specmemcore_ln0' <Predicate = true> <Delay = 0.00>
ST_1 : Operation 32 [1/1] (0.00ns)   --->   "%specmemcore_ln0 = specmemcore void @_ssdm_op_SpecMemCore, i128 %rb_10, i64 666, i64 19, i64 18446744073709551615"   --->   Operation 32 'specmemcore' 'specmemcore_ln0' <Predicate = true> <Delay = 0.00>
ST_1 : Operation 33 [1/1] (0.00ns)   --->   "%specmemcore_ln0 = specmemcore void @_ssdm_op_SpecMemCore, i128 %rb_9, i64 666, i64 19, i64 18446744073709551615"   --->   Operation 33 'specmemcore' 'specmemcore_ln0' <Predicate = true> <Delay = 0.00>
ST_1 : Operation 34 [1/1] (0.00ns)   --->   "%specmemcore_ln0 = specmemcore void @_ssdm_op_SpecMemCore, i128 %rb_8, i64 666, i64 19, i64 18446744073709551615"   --->   Operation 34 'specmemcore' 'specmemcore_ln0' <Predicate = true> <Delay = 0.00>
ST_1 : Operation 35 [1/1] (0.00ns)   --->   "%specmemcore_ln0 = specmemcore void @_ssdm_op_SpecMemCore, i128 %rb_7, i64 666, i64 19, i64 18446744073709551615"   --->   Operation 35 'specmemcore' 'specmemcore_ln0' <Predicate = true> <Delay = 0.00>
ST_1 : Operation 36 [1/1] (0.00ns)   --->   "%specmemcore_ln0 = specmemcore void @_ssdm_op_SpecMemCore, i128 %rb_6, i64 666, i64 19, i64 18446744073709551615"   --->   Operation 36 'specmemcore' 'specmemcore_ln0' <Predicate = true> <Delay = 0.00>
ST_1 : Operation 37 [1/1] (0.00ns)   --->   "%specmemcore_ln0 = specmemcore void @_ssdm_op_SpecMemCore, i128 %rb_5, i64 666, i64 19, i64 18446744073709551615"   --->   Operation 37 'specmemcore' 'specmemcore_ln0' <Predicate = true> <Delay = 0.00>
ST_1 : Operation 38 [1/1] (0.00ns)   --->   "%specmemcore_ln0 = specmemcore void @_ssdm_op_SpecMemCore, i128 %rb_4, i64 666, i64 19, i64 18446744073709551615"   --->   Operation 38 'specmemcore' 'specmemcore_ln0' <Predicate = true> <Delay = 0.00>
ST_1 : Operation 39 [1/1] (0.00ns)   --->   "%specmemcore_ln0 = specmemcore void @_ssdm_op_SpecMemCore, i128 %rb_3, i64 666, i64 19, i64 18446744073709551615"   --->   Operation 39 'specmemcore' 'specmemcore_ln0' <Predicate = true> <Delay = 0.00>
ST_1 : Operation 40 [1/1] (0.00ns)   --->   "%specmemcore_ln0 = specmemcore void @_ssdm_op_SpecMemCore, i128 %rb_2, i64 666, i64 19, i64 18446744073709551615"   --->   Operation 40 'specmemcore' 'specmemcore_ln0' <Predicate = true> <Delay = 0.00>
ST_1 : Operation 41 [1/1] (0.00ns)   --->   "%specmemcore_ln0 = specmemcore void @_ssdm_op_SpecMemCore, i128 %rb_1, i64 666, i64 19, i64 18446744073709551615"   --->   Operation 41 'specmemcore' 'specmemcore_ln0' <Predicate = true> <Delay = 0.00>
ST_1 : Operation 42 [1/1] (0.00ns)   --->   "%specmemcore_ln0 = specmemcore void @_ssdm_op_SpecMemCore, i128 %rb_0, i64 666, i64 19, i64 18446744073709551615"   --->   Operation 42 'specmemcore' 'specmemcore_ln0' <Predicate = true> <Delay = 0.00>
ST_1 : Operation 43 [1/1] (0.00ns)   --->   "%specinterface_ln0 = specinterface void @_ssdm_op_SpecInterface, i128 %gmem_Wd, void @empty_27, i32 0, i32 0, void @empty_28, i32 64, i32 860160, void @empty_1, void @empty, void @empty_28, i32 1, i32 16, i32 256, i32 16, void @empty_28, void @empty_28, i32 4294967295, i32 0, i32 0"   --->   Operation 43 'specinterface' 'specinterface_ln0' <Predicate = true> <Delay = 0.00>
ST_1 : Operation 44 [1/1] (0.42ns)   --->   "%store_ln381 = store i9 0, i9 %i" [swiglu.cpp:381]   --->   Operation 44 'store' 'store_ln381' <Predicate = true> <Delay = 0.42>
ST_1 : Operation 45 [1/1] (0.42ns)   --->   "%store_ln380 = store i32 0, i32 %w" [swiglu.cpp:380]   --->   Operation 45 'store' 'store_ln380' <Predicate = true> <Delay = 0.42>
ST_1 : Operation 46 [1/1] (0.42ns)   --->   "%store_ln380 = store i32 0, i32 %b_5" [swiglu.cpp:380]   --->   Operation 46 'store' 'store_ln380' <Predicate = true> <Delay = 0.42>
ST_1 : Operation 47 [1/1] (0.00ns)   --->   "%br_ln0 = br void %for.body"   --->   Operation 47 'br' 'br_ln0' <Predicate = true> <Delay = 0.00>
ST_1 : Operation 48 [1/1] (0.00ns)   --->   "%i_1 = load i9 %i" [swiglu.cpp:381]   --->   Operation 48 'load' 'i_1' <Predicate = true> <Delay = 0.00>
ST_1 : Operation 49 [1/1] (0.77ns)   --->   "%icmp_ln381 = icmp_eq  i9 %i_1, i9 288" [swiglu.cpp:381]   --->   Operation 49 'icmp' 'icmp_ln381' <Predicate = true> <Delay = 0.77> <CoreInst = "Cmp">   --->   Core 9 'Cmp' <Latency = 0> <II = 1> <Delay = 0.77> <FuncUnit> <Opcode : 'seteq' 'setne' 'setle' 'setge' 'setlt' 'setgt'> <InPorts = 2> <OutPorts = 1>
ST_1 : Operation 50 [1/1] (0.77ns)   --->   "%add_ln381 = add i9 %i_1, i9 1" [swiglu.cpp:381]   --->   Operation 50 'add' 'add_ln381' <Predicate = true> <Delay = 0.77> <CoreInst = "Adder">   --->   Core 1 'Adder' <Latency = 0> <II = 1> <Delay = 0.77> <FuncUnit> <Opcode : 'add' 'sub'> <InPorts = 2> <OutPorts = 1>
ST_1 : Operation 51 [1/1] (0.00ns)   --->   "%br_ln381 = br i1 %icmp_ln381, void %for.body.split, void %for.end.exitStub" [swiglu.cpp:381]   --->   Operation 51 'br' 'br_ln381' <Predicate = true> <Delay = 0.00>
ST_1 : Operation 52 [1/1] (0.42ns)   --->   "%store_ln381 = store i9 %add_ln381, i9 %i" [swiglu.cpp:381]   --->   Operation 52 'store' 'store_ln381' <Predicate = (!icmp_ln381)> <Delay = 0.42>

State 2 <SV = 1> <Delay = 2.43>
ST_2 : Operation 53 [1/1] (0.00ns)   --->   "%b_6 = load i32 %b_5" [swiglu.cpp:384]   --->   Operation 53 'load' 'b_6' <Predicate = true> <Delay = 0.00>
ST_2 : Operation 54 [1/1] (0.00ns)   --->   "%w_3 = load i32 %w" [swiglu.cpp:385]   --->   Operation 54 'load' 'w_3' <Predicate = true> <Delay = 0.00>
ST_2 : Operation 55 [1/1] (0.00ns)   --->   "%gmem_Wd_addr = getelementptr i128 %gmem_Wd, i64 %sext_ln381_cast" [swiglu.cpp:381]   --->   Operation 55 'getelementptr' 'gmem_Wd_addr' <Predicate = (!icmp_ln381)> <Delay = 0.00>
ST_2 : Operation 56 [1/1] (2.43ns)   --->   "%gmem_Wd_addr_read = read i128 @_ssdm_op_Read.m_axi.p1i128, i128 %gmem_Wd_addr" [swiglu.cpp:383]   --->   Operation 56 'read' 'gmem_Wd_addr_read' <Predicate = (!icmp_ln381)> <Delay = 2.43> <CoreInst = "m_axi">   --->   Core 119 'm_axi' <Latency = 3> <II = 1> <Delay = 1.00> <Adapter> <Opcode : 'read' 'write' 'readreq' 'writereq' 'writeresp'>
ST_2 : Operation 57 [1/1] (1.01ns)   --->   "%switch_ln383 = switch i32 %b_6, void %arrayidx411.exit, i32 0, void %arrayidx411.case.0, i32 1, void %arrayidx411.case.1, i32 2, void %arrayidx411.case.2, i32 3, void %arrayidx411.case.3, i32 4, void %arrayidx411.case.4, i32 5, void %arrayidx411.case.5, i32 6, void %arrayidx411.case.6, i32 7, void %arrayidx411.case.7, i32 8, void %arrayidx411.case.8, i32 9, void %arrayidx411.case.9, i32 10, void %arrayidx411.case.10, i32 11, void %arrayidx411.case.11, i32 12, void %arrayidx411.case.12, i32 13, void %arrayidx411.case.13, i32 14, void %arrayidx411.case.14, i32 15, void %arrayidx411.case.15, i32 16, void %arrayidx411.case.16, i32 17, void %arrayidx411.case.17, i32 18, void %arrayidx411.case.18, i32 19, void %arrayidx411.case.19, i32 20, void %arrayidx411.case.20, i32 21, void %arrayidx411.case.21, i32 22, void %arrayidx411.case.22, i32 23, void %arrayidx411.case.23, i32 24, void %arrayidx411.case.24, i32 25, void %arrayidx411.case.25, i32 26, void %arrayidx411.case.26, i32 27, void %arrayidx411.case.27, i32 28, void %arrayidx411.case.28, i32 29, void %arrayidx411.case.29, i32 30, void %arrayidx411.case.30, i32 31, void %arrayidx411.case.31" [swiglu.cpp:383]   --->   Operation 57 'switch' 'switch_ln383' <Predicate = (!icmp_ln381)> <Delay = 1.01>
ST_2 : Operation 58 [1/1] (1.01ns)   --->   "%icmp_ln384 = icmp_eq  i32 %w_3, i32 8" [swiglu.cpp:384]   --->   Operation 58 'icmp' 'icmp_ln384' <Predicate = (!icmp_ln381)> <Delay = 1.01> <CoreInst = "Cmp">   --->   Core 9 'Cmp' <Latency = 0> <II = 1> <Delay = 1.01> <FuncUnit> <Opcode : 'seteq' 'setne' 'setle' 'setge' 'setlt' 'setgt'> <InPorts = 2> <OutPorts = 1>
ST_2 : Operation 59 [1/1] (1.01ns)   --->   "%b = add i32 %b_6, i32 1" [swiglu.cpp:384]   --->   Operation 59 'add' 'b' <Predicate = (!icmp_ln381)> <Delay = 1.01> <CoreInst = "Adder">   --->   Core 1 'Adder' <Latency = 0> <II = 1> <Delay = 1.01> <FuncUnit> <Opcode : 'add' 'sub'> <InPorts = 2> <OutPorts = 1>
ST_2 : Operation 60 [1/1] (1.01ns)   --->   "%w_4 = add i32 %w_3, i32 1" [swiglu.cpp:385]   --->   Operation 60 'add' 'w_4' <Predicate = (!icmp_ln381)> <Delay = 1.01> <CoreInst = "Adder">   --->   Core 1 'Adder' <Latency = 0> <II = 1> <Delay = 1.01> <FuncUnit> <Opcode : 'add' 'sub'> <InPorts = 2> <OutPorts = 1>
ST_2 : Operation 61 [1/1] (0.44ns)   --->   "%b_7 = select i1 %icmp_ln384, i32 %b, i32 %b_6" [swiglu.cpp:384]   --->   Operation 61 'select' 'b_7' <Predicate = (!icmp_ln381)> <Delay = 0.44> <CoreInst = "Sel">   --->   Core 73 'Sel' <Latency = 0> <II = 1> <Delay = 0.44> <FuncUnit> <Opcode : 'select'> <InPorts = 3> <OutPorts = 1>
ST_2 : Operation 62 [1/1] (0.44ns)   --->   "%w_5 = select i1 %icmp_ln384, i32 0, i32 %w_4" [swiglu.cpp:384]   --->   Operation 62 'select' 'w_5' <Predicate = (!icmp_ln381)> <Delay = 0.44> <CoreInst = "Sel">   --->   Core 73 'Sel' <Latency = 0> <II = 1> <Delay = 0.44> <FuncUnit> <Opcode : 'select'> <InPorts = 3> <OutPorts = 1>
ST_2 : Operation 63 [1/1] (0.42ns)   --->   "%store_ln380 = store i32 %w_5, i32 %w" [swiglu.cpp:380]   --->   Operation 63 'store' 'store_ln380' <Predicate = (!icmp_ln381)> <Delay = 0.42>
ST_2 : Operation 64 [1/1] (0.42ns)   --->   "%store_ln380 = store i32 %b_7, i32 %b_5" [swiglu.cpp:380]   --->   Operation 64 'store' 'store_ln380' <Predicate = (!icmp_ln381)> <Delay = 0.42>
ST_2 : Operation 65 [1/1] (0.00ns)   --->   "%br_ln381 = br void %for.body" [swiglu.cpp:381]   --->   Operation 65 'br' 'br_ln381' <Predicate = (!icmp_ln381)> <Delay = 0.00>
ST_2 : Operation 166 [1/1] (0.42ns)   --->   "%ret_ln0 = ret"   --->   Operation 166 'ret' 'ret_ln0' <Predicate = (icmp_ln381)> <Delay = 0.42>

State 3 <SV = 2> <Delay = 0.67>
ST_3 : Operation 66 [1/1] (0.00ns)   --->   "%specpipeline_ln382 = specpipeline void @_ssdm_op_SpecPipeline, i32 1, i32 0, i32 0, i32 0, void @empty_28" [swiglu.cpp:382]   --->   Operation 66 'specpipeline' 'specpipeline_ln382' <Predicate = true> <Delay = 0.00>
ST_3 : Operation 67 [1/1] (0.00ns)   --->   "%speclooptripcount_ln380 = speclooptripcount void @_ssdm_op_SpecLoopTripCount, i64 288, i64 288, i64 288" [swiglu.cpp:380]   --->   Operation 67 'speclooptripcount' 'speclooptripcount_ln380' <Predicate = true> <Delay = 0.00>
ST_3 : Operation 68 [1/1] (0.00ns)   --->   "%specloopname_ln381 = specloopname void @_ssdm_op_SpecLoopName, void @empty_25" [swiglu.cpp:381]   --->   Operation 68 'specloopname' 'specloopname_ln381' <Predicate = true> <Delay = 0.00>
ST_3 : Operation 69 [1/1] (0.00ns)   --->   "%zext_ln383 = zext i32 %w_3" [swiglu.cpp:383]   --->   Operation 69 'zext' 'zext_ln383' <Predicate = true> <Delay = 0.00>
ST_3 : Operation 70 [1/1] (0.00ns)   --->   "%rb_0_addr = getelementptr i128 %rb_0, i64 0, i64 %zext_ln383" [swiglu.cpp:383]   --->   Operation 70 'getelementptr' 'rb_0_addr' <Predicate = true> <Delay = 0.00>
ST_3 : Operation 71 [1/1] (0.00ns)   --->   "%rb_1_addr = getelementptr i128 %rb_1, i64 0, i64 %zext_ln383" [swiglu.cpp:383]   --->   Operation 71 'getelementptr' 'rb_1_addr' <Predicate = true> <Delay = 0.00>
ST_3 : Operation 72 [1/1] (0.00ns)   --->   "%rb_2_addr = getelementptr i128 %rb_2, i64 0, i64 %zext_ln383" [swiglu.cpp:383]   --->   Operation 72 'getelementptr' 'rb_2_addr' <Predicate = true> <Delay = 0.00>
ST_3 : Operation 73 [1/1] (0.00ns)   --->   "%rb_3_addr = getelementptr i128 %rb_3, i64 0, i64 %zext_ln383" [swiglu.cpp:383]   --->   Operation 73 'getelementptr' 'rb_3_addr' <Predicate = true> <Delay = 0.00>
ST_3 : Operation 74 [1/1] (0.00ns)   --->   "%rb_4_addr = getelementptr i128 %rb_4, i64 0, i64 %zext_ln383" [swiglu.cpp:383]   --->   Operation 74 'getelementptr' 'rb_4_addr' <Predicate = true> <Delay = 0.00>
ST_3 : Operation 75 [1/1] (0.00ns)   --->   "%rb_5_addr = getelementptr i128 %rb_5, i64 0, i64 %zext_ln383" [swiglu.cpp:383]   --->   Operation 75 'getelementptr' 'rb_5_addr' <Predicate = true> <Delay = 0.00>
ST_3 : Operation 76 [1/1] (0.00ns)   --->   "%rb_6_addr = getelementptr i128 %rb_6, i64 0, i64 %zext_ln383" [swiglu.cpp:383]   --->   Operation 76 'getelementptr' 'rb_6_addr' <Predicate = true> <Delay = 0.00>
ST_3 : Operation 77 [1/1] (0.00ns)   --->   "%rb_7_addr = getelementptr i128 %rb_7, i64 0, i64 %zext_ln383" [swiglu.cpp:383]   --->   Operation 77 'getelementptr' 'rb_7_addr' <Predicate = true> <Delay = 0.00>
ST_3 : Operation 78 [1/1] (0.00ns)   --->   "%rb_8_addr = getelementptr i128 %rb_8, i64 0, i64 %zext_ln383" [swiglu.cpp:383]   --->   Operation 78 'getelementptr' 'rb_8_addr' <Predicate = true> <Delay = 0.00>
ST_3 : Operation 79 [1/1] (0.00ns)   --->   "%rb_9_addr = getelementptr i128 %rb_9, i64 0, i64 %zext_ln383" [swiglu.cpp:383]   --->   Operation 79 'getelementptr' 'rb_9_addr' <Predicate = true> <Delay = 0.00>
ST_3 : Operation 80 [1/1] (0.00ns)   --->   "%rb_10_addr = getelementptr i128 %rb_10, i64 0, i64 %zext_ln383" [swiglu.cpp:383]   --->   Operation 80 'getelementptr' 'rb_10_addr' <Predicate = true> <Delay = 0.00>
ST_3 : Operation 81 [1/1] (0.00ns)   --->   "%rb_11_addr = getelementptr i128 %rb_11, i64 0, i64 %zext_ln383" [swiglu.cpp:383]   --->   Operation 81 'getelementptr' 'rb_11_addr' <Predicate = true> <Delay = 0.00>
ST_3 : Operation 82 [1/1] (0.00ns)   --->   "%rb_12_addr = getelementptr i128 %rb_12, i64 0, i64 %zext_ln383" [swiglu.cpp:383]   --->   Operation 82 'getelementptr' 'rb_12_addr' <Predicate = true> <Delay = 0.00>
ST_3 : Operation 83 [1/1] (0.00ns)   --->   "%rb_13_addr = getelementptr i128 %rb_13, i64 0, i64 %zext_ln383" [swiglu.cpp:383]   --->   Operation 83 'getelementptr' 'rb_13_addr' <Predicate = true> <Delay = 0.00>
ST_3 : Operation 84 [1/1] (0.00ns)   --->   "%rb_14_addr = getelementptr i128 %rb_14, i64 0, i64 %zext_ln383" [swiglu.cpp:383]   --->   Operation 84 'getelementptr' 'rb_14_addr' <Predicate = true> <Delay = 0.00>
ST_3 : Operation 85 [1/1] (0.00ns)   --->   "%rb_15_addr = getelementptr i128 %rb_15, i64 0, i64 %zext_ln383" [swiglu.cpp:383]   --->   Operation 85 'getelementptr' 'rb_15_addr' <Predicate = true> <Delay = 0.00>
ST_3 : Operation 86 [1/1] (0.00ns)   --->   "%rb_16_addr = getelementptr i128 %rb_16, i64 0, i64 %zext_ln383" [swiglu.cpp:383]   --->   Operation 86 'getelementptr' 'rb_16_addr' <Predicate = true> <Delay = 0.00>
ST_3 : Operation 87 [1/1] (0.00ns)   --->   "%rb_17_addr = getelementptr i128 %rb_17, i64 0, i64 %zext_ln383" [swiglu.cpp:383]   --->   Operation 87 'getelementptr' 'rb_17_addr' <Predicate = true> <Delay = 0.00>
ST_3 : Operation 88 [1/1] (0.00ns)   --->   "%rb_18_addr = getelementptr i128 %rb_18, i64 0, i64 %zext_ln383" [swiglu.cpp:383]   --->   Operation 88 'getelementptr' 'rb_18_addr' <Predicate = true> <Delay = 0.00>
ST_3 : Operation 89 [1/1] (0.00ns)   --->   "%rb_19_addr = getelementptr i128 %rb_19, i64 0, i64 %zext_ln383" [swiglu.cpp:383]   --->   Operation 89 'getelementptr' 'rb_19_addr' <Predicate = true> <Delay = 0.00>
ST_3 : Operation 90 [1/1] (0.00ns)   --->   "%rb_20_addr = getelementptr i128 %rb_20, i64 0, i64 %zext_ln383" [swiglu.cpp:383]   --->   Operation 90 'getelementptr' 'rb_20_addr' <Predicate = true> <Delay = 0.00>
ST_3 : Operation 91 [1/1] (0.00ns)   --->   "%rb_21_addr = getelementptr i128 %rb_21, i64 0, i64 %zext_ln383" [swiglu.cpp:383]   --->   Operation 91 'getelementptr' 'rb_21_addr' <Predicate = true> <Delay = 0.00>
ST_3 : Operation 92 [1/1] (0.00ns)   --->   "%rb_22_addr = getelementptr i128 %rb_22, i64 0, i64 %zext_ln383" [swiglu.cpp:383]   --->   Operation 92 'getelementptr' 'rb_22_addr' <Predicate = true> <Delay = 0.00>
ST_3 : Operation 93 [1/1] (0.00ns)   --->   "%rb_23_addr = getelementptr i128 %rb_23, i64 0, i64 %zext_ln383" [swiglu.cpp:383]   --->   Operation 93 'getelementptr' 'rb_23_addr' <Predicate = true> <Delay = 0.00>
ST_3 : Operation 94 [1/1] (0.00ns)   --->   "%rb_24_addr = getelementptr i128 %rb_24, i64 0, i64 %zext_ln383" [swiglu.cpp:383]   --->   Operation 94 'getelementptr' 'rb_24_addr' <Predicate = true> <Delay = 0.00>
ST_3 : Operation 95 [1/1] (0.00ns)   --->   "%rb_25_addr = getelementptr i128 %rb_25, i64 0, i64 %zext_ln383" [swiglu.cpp:383]   --->   Operation 95 'getelementptr' 'rb_25_addr' <Predicate = true> <Delay = 0.00>
ST_3 : Operation 96 [1/1] (0.00ns)   --->   "%rb_26_addr = getelementptr i128 %rb_26, i64 0, i64 %zext_ln383" [swiglu.cpp:383]   --->   Operation 96 'getelementptr' 'rb_26_addr' <Predicate = true> <Delay = 0.00>
ST_3 : Operation 97 [1/1] (0.00ns)   --->   "%rb_27_addr = getelementptr i128 %rb_27, i64 0, i64 %zext_ln383" [swiglu.cpp:383]   --->   Operation 97 'getelementptr' 'rb_27_addr' <Predicate = true> <Delay = 0.00>
ST_3 : Operation 98 [1/1] (0.00ns)   --->   "%rb_28_addr = getelementptr i128 %rb_28, i64 0, i64 %zext_ln383" [swiglu.cpp:383]   --->   Operation 98 'getelementptr' 'rb_28_addr' <Predicate = true> <Delay = 0.00>
ST_3 : Operation 99 [1/1] (0.00ns)   --->   "%rb_29_addr = getelementptr i128 %rb_29, i64 0, i64 %zext_ln383" [swiglu.cpp:383]   --->   Operation 99 'getelementptr' 'rb_29_addr' <Predicate = true> <Delay = 0.00>
ST_3 : Operation 100 [1/1] (0.00ns)   --->   "%rb_30_addr = getelementptr i128 %rb_30, i64 0, i64 %zext_ln383" [swiglu.cpp:383]   --->   Operation 100 'getelementptr' 'rb_30_addr' <Predicate = true> <Delay = 0.00>
ST_3 : Operation 101 [1/1] (0.00ns)   --->   "%rb_31_addr = getelementptr i128 %rb_31, i64 0, i64 %zext_ln383" [swiglu.cpp:383]   --->   Operation 101 'getelementptr' 'rb_31_addr' <Predicate = true> <Delay = 0.00>
ST_3 : Operation 102 [1/1] ( I:0.67ns O:0.67ns )   --->   "%store_ln383 = store i128 %gmem_Wd_addr_read, i4 %rb_31_addr" [swiglu.cpp:383]   --->   Operation 102 'store' 'store_ln383' <Predicate = (b_6 == 31)> <Delay = 0.67> <CoreInst = "RAM_1P_LUTRAM">   --->   Core 88 'RAM_1P_LUTRAM' <Latency = 1> <II = 1> <Delay = 0.67> <Storage> <Opcode : 'load' 'store'> <Ports = 1> <Width = 128> <Depth = 9> <RAM>
ST_3 : Operation 103 [1/1] (0.00ns)   --->   "%br_ln383 = br void %arrayidx411.exit" [swiglu.cpp:383]   --->   Operation 103 'br' 'br_ln383' <Predicate = (b_6 == 31)> <Delay = 0.00>
ST_3 : Operation 104 [1/1] ( I:0.67ns O:0.67ns )   --->   "%store_ln383 = store i128 %gmem_Wd_addr_read, i4 %rb_30_addr" [swiglu.cpp:383]   --->   Operation 104 'store' 'store_ln383' <Predicate = (b_6 == 30)> <Delay = 0.67> <CoreInst = "RAM_1P_LUTRAM">   --->   Core 88 'RAM_1P_LUTRAM' <Latency = 1> <II = 1> <Delay = 0.67> <Storage> <Opcode : 'load' 'store'> <Ports = 1> <Width = 128> <Depth = 9> <RAM>
ST_3 : Operation 105 [1/1] (0.00ns)   --->   "%br_ln383 = br void %arrayidx411.exit" [swiglu.cpp:383]   --->   Operation 105 'br' 'br_ln383' <Predicate = (b_6 == 30)> <Delay = 0.00>
ST_3 : Operation 106 [1/1] ( I:0.67ns O:0.67ns )   --->   "%store_ln383 = store i128 %gmem_Wd_addr_read, i4 %rb_29_addr" [swiglu.cpp:383]   --->   Operation 106 'store' 'store_ln383' <Predicate = (b_6 == 29)> <Delay = 0.67> <CoreInst = "RAM_1P_LUTRAM">   --->   Core 88 'RAM_1P_LUTRAM' <Latency = 1> <II = 1> <Delay = 0.67> <Storage> <Opcode : 'load' 'store'> <Ports = 1> <Width = 128> <Depth = 9> <RAM>
ST_3 : Operation 107 [1/1] (0.00ns)   --->   "%br_ln383 = br void %arrayidx411.exit" [swiglu.cpp:383]   --->   Operation 107 'br' 'br_ln383' <Predicate = (b_6 == 29)> <Delay = 0.00>
ST_3 : Operation 108 [1/1] ( I:0.67ns O:0.67ns )   --->   "%store_ln383 = store i128 %gmem_Wd_addr_read, i4 %rb_28_addr" [swiglu.cpp:383]   --->   Operation 108 'store' 'store_ln383' <Predicate = (b_6 == 28)> <Delay = 0.67> <CoreInst = "RAM_1P_LUTRAM">   --->   Core 88 'RAM_1P_LUTRAM' <Latency = 1> <II = 1> <Delay = 0.67> <Storage> <Opcode : 'load' 'store'> <Ports = 1> <Width = 128> <Depth = 9> <RAM>
ST_3 : Operation 109 [1/1] (0.00ns)   --->   "%br_ln383 = br void %arrayidx411.exit" [swiglu.cpp:383]   --->   Operation 109 'br' 'br_ln383' <Predicate = (b_6 == 28)> <Delay = 0.00>
ST_3 : Operation 110 [1/1] ( I:0.67ns O:0.67ns )   --->   "%store_ln383 = store i128 %gmem_Wd_addr_read, i4 %rb_27_addr" [swiglu.cpp:383]   --->   Operation 110 'store' 'store_ln383' <Predicate = (b_6 == 27)> <Delay = 0.67> <CoreInst = "RAM_1P_LUTRAM">   --->   Core 88 'RAM_1P_LUTRAM' <Latency = 1> <II = 1> <Delay = 0.67> <Storage> <Opcode : 'load' 'store'> <Ports = 1> <Width = 128> <Depth = 9> <RAM>
ST_3 : Operation 111 [1/1] (0.00ns)   --->   "%br_ln383 = br void %arrayidx411.exit" [swiglu.cpp:383]   --->   Operation 111 'br' 'br_ln383' <Predicate = (b_6 == 27)> <Delay = 0.00>
ST_3 : Operation 112 [1/1] ( I:0.67ns O:0.67ns )   --->   "%store_ln383 = store i128 %gmem_Wd_addr_read, i4 %rb_26_addr" [swiglu.cpp:383]   --->   Operation 112 'store' 'store_ln383' <Predicate = (b_6 == 26)> <Delay = 0.67> <CoreInst = "RAM_1P_LUTRAM">   --->   Core 88 'RAM_1P_LUTRAM' <Latency = 1> <II = 1> <Delay = 0.67> <Storage> <Opcode : 'load' 'store'> <Ports = 1> <Width = 128> <Depth = 9> <RAM>
ST_3 : Operation 113 [1/1] (0.00ns)   --->   "%br_ln383 = br void %arrayidx411.exit" [swiglu.cpp:383]   --->   Operation 113 'br' 'br_ln383' <Predicate = (b_6 == 26)> <Delay = 0.00>
ST_3 : Operation 114 [1/1] ( I:0.67ns O:0.67ns )   --->   "%store_ln383 = store i128 %gmem_Wd_addr_read, i4 %rb_25_addr" [swiglu.cpp:383]   --->   Operation 114 'store' 'store_ln383' <Predicate = (b_6 == 25)> <Delay = 0.67> <CoreInst = "RAM_1P_LUTRAM">   --->   Core 88 'RAM_1P_LUTRAM' <Latency = 1> <II = 1> <Delay = 0.67> <Storage> <Opcode : 'load' 'store'> <Ports = 1> <Width = 128> <Depth = 9> <RAM>
ST_3 : Operation 115 [1/1] (0.00ns)   --->   "%br_ln383 = br void %arrayidx411.exit" [swiglu.cpp:383]   --->   Operation 115 'br' 'br_ln383' <Predicate = (b_6 == 25)> <Delay = 0.00>
ST_3 : Operation 116 [1/1] ( I:0.67ns O:0.67ns )   --->   "%store_ln383 = store i128 %gmem_Wd_addr_read, i4 %rb_24_addr" [swiglu.cpp:383]   --->   Operation 116 'store' 'store_ln383' <Predicate = (b_6 == 24)> <Delay = 0.67> <CoreInst = "RAM_1P_LUTRAM">   --->   Core 88 'RAM_1P_LUTRAM' <Latency = 1> <II = 1> <Delay = 0.67> <Storage> <Opcode : 'load' 'store'> <Ports = 1> <Width = 128> <Depth = 9> <RAM>
ST_3 : Operation 117 [1/1] (0.00ns)   --->   "%br_ln383 = br void %arrayidx411.exit" [swiglu.cpp:383]   --->   Operation 117 'br' 'br_ln383' <Predicate = (b_6 == 24)> <Delay = 0.00>
ST_3 : Operation 118 [1/1] ( I:0.67ns O:0.67ns )   --->   "%store_ln383 = store i128 %gmem_Wd_addr_read, i4 %rb_23_addr" [swiglu.cpp:383]   --->   Operation 118 'store' 'store_ln383' <Predicate = (b_6 == 23)> <Delay = 0.67> <CoreInst = "RAM_1P_LUTRAM">   --->   Core 88 'RAM_1P_LUTRAM' <Latency = 1> <II = 1> <Delay = 0.67> <Storage> <Opcode : 'load' 'store'> <Ports = 1> <Width = 128> <Depth = 9> <RAM>
ST_3 : Operation 119 [1/1] (0.00ns)   --->   "%br_ln383 = br void %arrayidx411.exit" [swiglu.cpp:383]   --->   Operation 119 'br' 'br_ln383' <Predicate = (b_6 == 23)> <Delay = 0.00>
ST_3 : Operation 120 [1/1] ( I:0.67ns O:0.67ns )   --->   "%store_ln383 = store i128 %gmem_Wd_addr_read, i4 %rb_22_addr" [swiglu.cpp:383]   --->   Operation 120 'store' 'store_ln383' <Predicate = (b_6 == 22)> <Delay = 0.67> <CoreInst = "RAM_1P_LUTRAM">   --->   Core 88 'RAM_1P_LUTRAM' <Latency = 1> <II = 1> <Delay = 0.67> <Storage> <Opcode : 'load' 'store'> <Ports = 1> <Width = 128> <Depth = 9> <RAM>
ST_3 : Operation 121 [1/1] (0.00ns)   --->   "%br_ln383 = br void %arrayidx411.exit" [swiglu.cpp:383]   --->   Operation 121 'br' 'br_ln383' <Predicate = (b_6 == 22)> <Delay = 0.00>
ST_3 : Operation 122 [1/1] ( I:0.67ns O:0.67ns )   --->   "%store_ln383 = store i128 %gmem_Wd_addr_read, i4 %rb_21_addr" [swiglu.cpp:383]   --->   Operation 122 'store' 'store_ln383' <Predicate = (b_6 == 21)> <Delay = 0.67> <CoreInst = "RAM_1P_LUTRAM">   --->   Core 88 'RAM_1P_LUTRAM' <Latency = 1> <II = 1> <Delay = 0.67> <Storage> <Opcode : 'load' 'store'> <Ports = 1> <Width = 128> <Depth = 9> <RAM>
ST_3 : Operation 123 [1/1] (0.00ns)   --->   "%br_ln383 = br void %arrayidx411.exit" [swiglu.cpp:383]   --->   Operation 123 'br' 'br_ln383' <Predicate = (b_6 == 21)> <Delay = 0.00>
ST_3 : Operation 124 [1/1] ( I:0.67ns O:0.67ns )   --->   "%store_ln383 = store i128 %gmem_Wd_addr_read, i4 %rb_20_addr" [swiglu.cpp:383]   --->   Operation 124 'store' 'store_ln383' <Predicate = (b_6 == 20)> <Delay = 0.67> <CoreInst = "RAM_1P_LUTRAM">   --->   Core 88 'RAM_1P_LUTRAM' <Latency = 1> <II = 1> <Delay = 0.67> <Storage> <Opcode : 'load' 'store'> <Ports = 1> <Width = 128> <Depth = 9> <RAM>
ST_3 : Operation 125 [1/1] (0.00ns)   --->   "%br_ln383 = br void %arrayidx411.exit" [swiglu.cpp:383]   --->   Operation 125 'br' 'br_ln383' <Predicate = (b_6 == 20)> <Delay = 0.00>
ST_3 : Operation 126 [1/1] ( I:0.67ns O:0.67ns )   --->   "%store_ln383 = store i128 %gmem_Wd_addr_read, i4 %rb_19_addr" [swiglu.cpp:383]   --->   Operation 126 'store' 'store_ln383' <Predicate = (b_6 == 19)> <Delay = 0.67> <CoreInst = "RAM_1P_LUTRAM">   --->   Core 88 'RAM_1P_LUTRAM' <Latency = 1> <II = 1> <Delay = 0.67> <Storage> <Opcode : 'load' 'store'> <Ports = 1> <Width = 128> <Depth = 9> <RAM>
ST_3 : Operation 127 [1/1] (0.00ns)   --->   "%br_ln383 = br void %arrayidx411.exit" [swiglu.cpp:383]   --->   Operation 127 'br' 'br_ln383' <Predicate = (b_6 == 19)> <Delay = 0.00>
ST_3 : Operation 128 [1/1] ( I:0.67ns O:0.67ns )   --->   "%store_ln383 = store i128 %gmem_Wd_addr_read, i4 %rb_18_addr" [swiglu.cpp:383]   --->   Operation 128 'store' 'store_ln383' <Predicate = (b_6 == 18)> <Delay = 0.67> <CoreInst = "RAM_1P_LUTRAM">   --->   Core 88 'RAM_1P_LUTRAM' <Latency = 1> <II = 1> <Delay = 0.67> <Storage> <Opcode : 'load' 'store'> <Ports = 1> <Width = 128> <Depth = 9> <RAM>
ST_3 : Operation 129 [1/1] (0.00ns)   --->   "%br_ln383 = br void %arrayidx411.exit" [swiglu.cpp:383]   --->   Operation 129 'br' 'br_ln383' <Predicate = (b_6 == 18)> <Delay = 0.00>
ST_3 : Operation 130 [1/1] ( I:0.67ns O:0.67ns )   --->   "%store_ln383 = store i128 %gmem_Wd_addr_read, i4 %rb_17_addr" [swiglu.cpp:383]   --->   Operation 130 'store' 'store_ln383' <Predicate = (b_6 == 17)> <Delay = 0.67> <CoreInst = "RAM_1P_LUTRAM">   --->   Core 88 'RAM_1P_LUTRAM' <Latency = 1> <II = 1> <Delay = 0.67> <Storage> <Opcode : 'load' 'store'> <Ports = 1> <Width = 128> <Depth = 9> <RAM>
ST_3 : Operation 131 [1/1] (0.00ns)   --->   "%br_ln383 = br void %arrayidx411.exit" [swiglu.cpp:383]   --->   Operation 131 'br' 'br_ln383' <Predicate = (b_6 == 17)> <Delay = 0.00>
ST_3 : Operation 132 [1/1] ( I:0.67ns O:0.67ns )   --->   "%store_ln383 = store i128 %gmem_Wd_addr_read, i4 %rb_16_addr" [swiglu.cpp:383]   --->   Operation 132 'store' 'store_ln383' <Predicate = (b_6 == 16)> <Delay = 0.67> <CoreInst = "RAM_1P_LUTRAM">   --->   Core 88 'RAM_1P_LUTRAM' <Latency = 1> <II = 1> <Delay = 0.67> <Storage> <Opcode : 'load' 'store'> <Ports = 1> <Width = 128> <Depth = 9> <RAM>
ST_3 : Operation 133 [1/1] (0.00ns)   --->   "%br_ln383 = br void %arrayidx411.exit" [swiglu.cpp:383]   --->   Operation 133 'br' 'br_ln383' <Predicate = (b_6 == 16)> <Delay = 0.00>
ST_3 : Operation 134 [1/1] ( I:0.67ns O:0.67ns )   --->   "%store_ln383 = store i128 %gmem_Wd_addr_read, i4 %rb_15_addr" [swiglu.cpp:383]   --->   Operation 134 'store' 'store_ln383' <Predicate = (b_6 == 15)> <Delay = 0.67> <CoreInst = "RAM_1P_LUTRAM">   --->   Core 88 'RAM_1P_LUTRAM' <Latency = 1> <II = 1> <Delay = 0.67> <Storage> <Opcode : 'load' 'store'> <Ports = 1> <Width = 128> <Depth = 9> <RAM>
ST_3 : Operation 135 [1/1] (0.00ns)   --->   "%br_ln383 = br void %arrayidx411.exit" [swiglu.cpp:383]   --->   Operation 135 'br' 'br_ln383' <Predicate = (b_6 == 15)> <Delay = 0.00>
ST_3 : Operation 136 [1/1] ( I:0.67ns O:0.67ns )   --->   "%store_ln383 = store i128 %gmem_Wd_addr_read, i4 %rb_14_addr" [swiglu.cpp:383]   --->   Operation 136 'store' 'store_ln383' <Predicate = (b_6 == 14)> <Delay = 0.67> <CoreInst = "RAM_1P_LUTRAM">   --->   Core 88 'RAM_1P_LUTRAM' <Latency = 1> <II = 1> <Delay = 0.67> <Storage> <Opcode : 'load' 'store'> <Ports = 1> <Width = 128> <Depth = 9> <RAM>
ST_3 : Operation 137 [1/1] (0.00ns)   --->   "%br_ln383 = br void %arrayidx411.exit" [swiglu.cpp:383]   --->   Operation 137 'br' 'br_ln383' <Predicate = (b_6 == 14)> <Delay = 0.00>
ST_3 : Operation 138 [1/1] ( I:0.67ns O:0.67ns )   --->   "%store_ln383 = store i128 %gmem_Wd_addr_read, i4 %rb_13_addr" [swiglu.cpp:383]   --->   Operation 138 'store' 'store_ln383' <Predicate = (b_6 == 13)> <Delay = 0.67> <CoreInst = "RAM_1P_LUTRAM">   --->   Core 88 'RAM_1P_LUTRAM' <Latency = 1> <II = 1> <Delay = 0.67> <Storage> <Opcode : 'load' 'store'> <Ports = 1> <Width = 128> <Depth = 9> <RAM>
ST_3 : Operation 139 [1/1] (0.00ns)   --->   "%br_ln383 = br void %arrayidx411.exit" [swiglu.cpp:383]   --->   Operation 139 'br' 'br_ln383' <Predicate = (b_6 == 13)> <Delay = 0.00>
ST_3 : Operation 140 [1/1] ( I:0.67ns O:0.67ns )   --->   "%store_ln383 = store i128 %gmem_Wd_addr_read, i4 %rb_12_addr" [swiglu.cpp:383]   --->   Operation 140 'store' 'store_ln383' <Predicate = (b_6 == 12)> <Delay = 0.67> <CoreInst = "RAM_1P_LUTRAM">   --->   Core 88 'RAM_1P_LUTRAM' <Latency = 1> <II = 1> <Delay = 0.67> <Storage> <Opcode : 'load' 'store'> <Ports = 1> <Width = 128> <Depth = 9> <RAM>
ST_3 : Operation 141 [1/1] (0.00ns)   --->   "%br_ln383 = br void %arrayidx411.exit" [swiglu.cpp:383]   --->   Operation 141 'br' 'br_ln383' <Predicate = (b_6 == 12)> <Delay = 0.00>
ST_3 : Operation 142 [1/1] ( I:0.67ns O:0.67ns )   --->   "%store_ln383 = store i128 %gmem_Wd_addr_read, i4 %rb_11_addr" [swiglu.cpp:383]   --->   Operation 142 'store' 'store_ln383' <Predicate = (b_6 == 11)> <Delay = 0.67> <CoreInst = "RAM_1P_LUTRAM">   --->   Core 88 'RAM_1P_LUTRAM' <Latency = 1> <II = 1> <Delay = 0.67> <Storage> <Opcode : 'load' 'store'> <Ports = 1> <Width = 128> <Depth = 9> <RAM>
ST_3 : Operation 143 [1/1] (0.00ns)   --->   "%br_ln383 = br void %arrayidx411.exit" [swiglu.cpp:383]   --->   Operation 143 'br' 'br_ln383' <Predicate = (b_6 == 11)> <Delay = 0.00>
ST_3 : Operation 144 [1/1] ( I:0.67ns O:0.67ns )   --->   "%store_ln383 = store i128 %gmem_Wd_addr_read, i4 %rb_10_addr" [swiglu.cpp:383]   --->   Operation 144 'store' 'store_ln383' <Predicate = (b_6 == 10)> <Delay = 0.67> <CoreInst = "RAM_1P_LUTRAM">   --->   Core 88 'RAM_1P_LUTRAM' <Latency = 1> <II = 1> <Delay = 0.67> <Storage> <Opcode : 'load' 'store'> <Ports = 1> <Width = 128> <Depth = 9> <RAM>
ST_3 : Operation 145 [1/1] (0.00ns)   --->   "%br_ln383 = br void %arrayidx411.exit" [swiglu.cpp:383]   --->   Operation 145 'br' 'br_ln383' <Predicate = (b_6 == 10)> <Delay = 0.00>
ST_3 : Operation 146 [1/1] ( I:0.67ns O:0.67ns )   --->   "%store_ln383 = store i128 %gmem_Wd_addr_read, i4 %rb_9_addr" [swiglu.cpp:383]   --->   Operation 146 'store' 'store_ln383' <Predicate = (b_6 == 9)> <Delay = 0.67> <CoreInst = "RAM_1P_LUTRAM">   --->   Core 88 'RAM_1P_LUTRAM' <Latency = 1> <II = 1> <Delay = 0.67> <Storage> <Opcode : 'load' 'store'> <Ports = 1> <Width = 128> <Depth = 9> <RAM>
ST_3 : Operation 147 [1/1] (0.00ns)   --->   "%br_ln383 = br void %arrayidx411.exit" [swiglu.cpp:383]   --->   Operation 147 'br' 'br_ln383' <Predicate = (b_6 == 9)> <Delay = 0.00>
ST_3 : Operation 148 [1/1] ( I:0.67ns O:0.67ns )   --->   "%store_ln383 = store i128 %gmem_Wd_addr_read, i4 %rb_8_addr" [swiglu.cpp:383]   --->   Operation 148 'store' 'store_ln383' <Predicate = (b_6 == 8)> <Delay = 0.67> <CoreInst = "RAM_1P_LUTRAM">   --->   Core 88 'RAM_1P_LUTRAM' <Latency = 1> <II = 1> <Delay = 0.67> <Storage> <Opcode : 'load' 'store'> <Ports = 1> <Width = 128> <Depth = 9> <RAM>
ST_3 : Operation 149 [1/1] (0.00ns)   --->   "%br_ln383 = br void %arrayidx411.exit" [swiglu.cpp:383]   --->   Operation 149 'br' 'br_ln383' <Predicate = (b_6 == 8)> <Delay = 0.00>
ST_3 : Operation 150 [1/1] ( I:0.67ns O:0.67ns )   --->   "%store_ln383 = store i128 %gmem_Wd_addr_read, i4 %rb_7_addr" [swiglu.cpp:383]   --->   Operation 150 'store' 'store_ln383' <Predicate = (b_6 == 7)> <Delay = 0.67> <CoreInst = "RAM_1P_LUTRAM">   --->   Core 88 'RAM_1P_LUTRAM' <Latency = 1> <II = 1> <Delay = 0.67> <Storage> <Opcode : 'load' 'store'> <Ports = 1> <Width = 128> <Depth = 9> <RAM>
ST_3 : Operation 151 [1/1] (0.00ns)   --->   "%br_ln383 = br void %arrayidx411.exit" [swiglu.cpp:383]   --->   Operation 151 'br' 'br_ln383' <Predicate = (b_6 == 7)> <Delay = 0.00>
ST_3 : Operation 152 [1/1] ( I:0.67ns O:0.67ns )   --->   "%store_ln383 = store i128 %gmem_Wd_addr_read, i4 %rb_6_addr" [swiglu.cpp:383]   --->   Operation 152 'store' 'store_ln383' <Predicate = (b_6 == 6)> <Delay = 0.67> <CoreInst = "RAM_1P_LUTRAM">   --->   Core 88 'RAM_1P_LUTRAM' <Latency = 1> <II = 1> <Delay = 0.67> <Storage> <Opcode : 'load' 'store'> <Ports = 1> <Width = 128> <Depth = 9> <RAM>
ST_3 : Operation 153 [1/1] (0.00ns)   --->   "%br_ln383 = br void %arrayidx411.exit" [swiglu.cpp:383]   --->   Operation 153 'br' 'br_ln383' <Predicate = (b_6 == 6)> <Delay = 0.00>
ST_3 : Operation 154 [1/1] ( I:0.67ns O:0.67ns )   --->   "%store_ln383 = store i128 %gmem_Wd_addr_read, i4 %rb_5_addr" [swiglu.cpp:383]   --->   Operation 154 'store' 'store_ln383' <Predicate = (b_6 == 5)> <Delay = 0.67> <CoreInst = "RAM_1P_LUTRAM">   --->   Core 88 'RAM_1P_LUTRAM' <Latency = 1> <II = 1> <Delay = 0.67> <Storage> <Opcode : 'load' 'store'> <Ports = 1> <Width = 128> <Depth = 9> <RAM>
ST_3 : Operation 155 [1/1] (0.00ns)   --->   "%br_ln383 = br void %arrayidx411.exit" [swiglu.cpp:383]   --->   Operation 155 'br' 'br_ln383' <Predicate = (b_6 == 5)> <Delay = 0.00>
ST_3 : Operation 156 [1/1] ( I:0.67ns O:0.67ns )   --->   "%store_ln383 = store i128 %gmem_Wd_addr_read, i4 %rb_4_addr" [swiglu.cpp:383]   --->   Operation 156 'store' 'store_ln383' <Predicate = (b_6 == 4)> <Delay = 0.67> <CoreInst = "RAM_1P_LUTRAM">   --->   Core 88 'RAM_1P_LUTRAM' <Latency = 1> <II = 1> <Delay = 0.67> <Storage> <Opcode : 'load' 'store'> <Ports = 1> <Width = 128> <Depth = 9> <RAM>
ST_3 : Operation 157 [1/1] (0.00ns)   --->   "%br_ln383 = br void %arrayidx411.exit" [swiglu.cpp:383]   --->   Operation 157 'br' 'br_ln383' <Predicate = (b_6 == 4)> <Delay = 0.00>
ST_3 : Operation 158 [1/1] ( I:0.67ns O:0.67ns )   --->   "%store_ln383 = store i128 %gmem_Wd_addr_read, i4 %rb_3_addr" [swiglu.cpp:383]   --->   Operation 158 'store' 'store_ln383' <Predicate = (b_6 == 3)> <Delay = 0.67> <CoreInst = "RAM_1P_LUTRAM">   --->   Core 88 'RAM_1P_LUTRAM' <Latency = 1> <II = 1> <Delay = 0.67> <Storage> <Opcode : 'load' 'store'> <Ports = 1> <Width = 128> <Depth = 9> <RAM>
ST_3 : Operation 159 [1/1] (0.00ns)   --->   "%br_ln383 = br void %arrayidx411.exit" [swiglu.cpp:383]   --->   Operation 159 'br' 'br_ln383' <Predicate = (b_6 == 3)> <Delay = 0.00>
ST_3 : Operation 160 [1/1] ( I:0.67ns O:0.67ns )   --->   "%store_ln383 = store i128 %gmem_Wd_addr_read, i4 %rb_2_addr" [swiglu.cpp:383]   --->   Operation 160 'store' 'store_ln383' <Predicate = (b_6 == 2)> <Delay = 0.67> <CoreInst = "RAM_1P_LUTRAM">   --->   Core 88 'RAM_1P_LUTRAM' <Latency = 1> <II = 1> <Delay = 0.67> <Storage> <Opcode : 'load' 'store'> <Ports = 1> <Width = 128> <Depth = 9> <RAM>
ST_3 : Operation 161 [1/1] (0.00ns)   --->   "%br_ln383 = br void %arrayidx411.exit" [swiglu.cpp:383]   --->   Operation 161 'br' 'br_ln383' <Predicate = (b_6 == 2)> <Delay = 0.00>
ST_3 : Operation 162 [1/1] ( I:0.67ns O:0.67ns )   --->   "%store_ln383 = store i128 %gmem_Wd_addr_read, i4 %rb_1_addr" [swiglu.cpp:383]   --->   Operation 162 'store' 'store_ln383' <Predicate = (b_6 == 1)> <Delay = 0.67> <CoreInst = "RAM_1P_LUTRAM">   --->   Core 88 'RAM_1P_LUTRAM' <Latency = 1> <II = 1> <Delay = 0.67> <Storage> <Opcode : 'load' 'store'> <Ports = 1> <Width = 128> <Depth = 9> <RAM>
ST_3 : Operation 163 [1/1] (0.00ns)   --->   "%br_ln383 = br void %arrayidx411.exit" [swiglu.cpp:383]   --->   Operation 163 'br' 'br_ln383' <Predicate = (b_6 == 1)> <Delay = 0.00>
ST_3 : Operation 164 [1/1] ( I:0.67ns O:0.67ns )   --->   "%store_ln383 = store i128 %gmem_Wd_addr_read, i4 %rb_0_addr" [swiglu.cpp:383]   --->   Operation 164 'store' 'store_ln383' <Predicate = (b_6 == 0)> <Delay = 0.67> <CoreInst = "RAM_1P_LUTRAM">   --->   Core 88 'RAM_1P_LUTRAM' <Latency = 1> <II = 1> <Delay = 0.67> <Storage> <Opcode : 'load' 'store'> <Ports = 1> <Width = 128> <Depth = 9> <RAM>
ST_3 : Operation 165 [1/1] (0.00ns)   --->   "%br_ln383 = br void %arrayidx411.exit" [swiglu.cpp:383]   --->   Operation 165 'br' 'br_ln383' <Predicate = (b_6 == 0)> <Delay = 0.00>


============================================================
+ Verbose Summary: Timing violations
============================================================
Target clock period: 3.330ns, clock uncertainty: 0.900ns.

 <State 1>: 1.630ns
The critical path consists of the following:
	'store' operation 0 bit ('store_ln381', swiglu.cpp:381) of constant 0 on local variable 'i', swiglu.cpp:381 [73]  (0.427 ns)
	'load' operation 9 bit ('i', swiglu.cpp:381) on local variable 'i', swiglu.cpp:381 [80]  (0.000 ns)
	'icmp' operation 1 bit ('icmp_ln381', swiglu.cpp:381) [81]  (0.776 ns)
	'store' operation 0 bit ('store_ln381', swiglu.cpp:381) of variable 'add_ln381', swiglu.cpp:381 on local variable 'i', swiglu.cpp:381 [226]  (0.427 ns)

 <State 2>: 2.430ns
The critical path consists of the following:
	'getelementptr' operation 128 bit ('gmem_Wd_addr', swiglu.cpp:381) [85]  (0.000 ns)
	bus read operation ('gmem_Wd_addr_read', swiglu.cpp:383) on port 'gmem_Wd' (swiglu.cpp:383) [122]  (2.430 ns)

 <State 3>: 0.670ns
The critical path consists of the following:
	'getelementptr' operation 4 bit ('rb_4_addr', swiglu.cpp:383) [94]  (0.000 ns)
	'store' operation 0 bit ('store_ln383', swiglu.cpp:383) of variable 'gmem_Wd_addr_read', swiglu.cpp:383 on array 'rb_4' [206]  (0.670 ns)


============================================================
+ Verbose Summary: Binding
============================================================
N/A
* FSMD analyzer results:
  - Output states:
 - Input state : 
  - Chain level:
	State 1
	State 2
	State 3


============================================================
+ Verbose Summary: Datapath Resource usage 
============================================================
N/A
