

================================================================
== Vitis HLS Report for 'load_row_down_q4k'
================================================================
* Date:           Thu Apr  2 14:55:59 2026

* Version:        2025.1 (Build 6135595 on May 21 2025)
* Project:        swiglu
* Solution:       hls (Vivado IP Flow Target)
* Product family: zynquplus
* Target device:  xck26-sfvc784-2LV-c


================================================================
== Performance Estimates
================================================================
+ Timing: 
    * Summary: 
    +--------+---------+----------+------------+
    |  Clock |  Target | Estimated| Uncertainty|
    +--------+---------+----------+------------+
    |ap_clk  |  4.00 ns|  2.920 ns|     1.08 ns|
    +--------+---------+----------+------------+

+ Latency: 
    * Summary: 
    +---------+---------+----------+----------+-----+-----+---------+
    |  Latency (cycles) |  Latency (absolute) |  Interval | Pipeline|
    |   min   |   max   |    min   |    max   | min | max |   Type  |
    +---------+---------+----------+----------+-----+-----+---------+
    |      364|      364|  1.456 us|  1.456 us|  364|  364|       no|
    +---------+---------+----------+----------+-----+-----+---------+

    + Detail: 
        * Instance: 
        +---------------------------------------------------------------------+-----------------------------------------------------------+---------+---------+----------+----------+-----+-----+------------------------------------------------+
        |                                                                     |                                                           |  Latency (cycles) |  Latency (absolute) |  Interval |                    Pipeline                    |
        |                               Instance                              |                           Module                          |   min   |   max   |    min   |    max   | min | max |                      Type                      |
        +---------------------------------------------------------------------+-----------------------------------------------------------+---------+---------+----------+----------+-----+-----+------------------------------------------------+
        |grp_load_row_down_q4k_Pipeline_LOAD_DOWN_Q4K_VITIS_LOOP_311_1_fu_97  |load_row_down_q4k_Pipeline_LOAD_DOWN_Q4K_VITIS_LOOP_311_1  |      291|      291|  1.164 us|  1.164 us|  289|  289|  loop auto-rewind stp (delay=0 clock cycles(s))|
        +---------------------------------------------------------------------+-----------------------------------------------------------+---------+---------+----------+----------+-----+-----+------------------------------------------------+

        * Loop: 
        N/A

============================================================
+ Verbose Summary: Synthesis Manager
============================================================
InlineROM: 1
ExposeGlobal: 0
============================================================
+ Verbose Summary: CDFG Model
============================================================
IsTopModel: 0
ResetActiveHigh: 1
IsCombinational: 0
IsDatapathOnly: 0
HasWiredReturn: 1
HasMFsm: 0
HasVarLatency: 1
IsPipeline: 0
IsRtlPipelined: 0
IsInstanceOverlapped: 0
IsDontTouch: 0
HasImplIP: 0
IsGatedGlobalClock: 0


============================================================
+ Verbose Summary: Schedule
============================================================
* Number of FSM states : 74
* Pipeline : 0
* Dataflow Pipeline: 0

* FSM state transitions: 
1 --> 2 
2 --> 3 
3 --> 4 
4 --> 5 
5 --> 6 
6 --> 7 
7 --> 8 
8 --> 9 
9 --> 10 
10 --> 11 
11 --> 12 
12 --> 13 
13 --> 14 
14 --> 15 
15 --> 16 
16 --> 17 
17 --> 18 
18 --> 19 
19 --> 20 
20 --> 21 
21 --> 22 
22 --> 23 
23 --> 24 
24 --> 25 
25 --> 26 
26 --> 27 
27 --> 28 
28 --> 29 
29 --> 30 
30 --> 31 
31 --> 32 
32 --> 33 
33 --> 34 
34 --> 35 
35 --> 36 
36 --> 37 
37 --> 38 
38 --> 39 
39 --> 40 
40 --> 41 
41 --> 42 
42 --> 43 
43 --> 44 
44 --> 45 
45 --> 46 
46 --> 47 
47 --> 48 
48 --> 49 
49 --> 50 
50 --> 51 
51 --> 52 
52 --> 53 
53 --> 54 
54 --> 55 
55 --> 56 
56 --> 57 
57 --> 58 
58 --> 59 
59 --> 60 
60 --> 61 
61 --> 62 
62 --> 63 
63 --> 64 
64 --> 65 
65 --> 66 
66 --> 67 
67 --> 68 
68 --> 69 
69 --> 70 
70 --> 71 
71 --> 72 
72 --> 73 
73 --> 74 
74 --> 

* FSM state operations: 

State 1 <SV = 0> <Delay = 2.00>
ST_1 : Operation 75 [1/1] (0.00ns)   --->   "%out_i_read = read i11 @_ssdm_op_Read.ap_auto.i11, i11 %out_i"   --->   Operation 75 'read' 'out_i_read' <Predicate = true> <Delay = 0.00>
ST_1 : Operation 76 [1/1] (0.00ns)   --->   "%W_down_wide_read = read i64 @_ssdm_op_Read.ap_auto.i64, i64 %W_down_wide"   --->   Operation 76 'read' 'W_down_wide_read' <Predicate = true> <Delay = 0.00>
ST_1 : Operation 77 [1/1] (0.00ns)   --->   "%tmp = bitconcatenate i23 @_ssdm_op_BitConcatenate.i23.i11.i12, i11 %out_i_read, i12 0"   --->   Operation 77 'bitconcatenate' 'tmp' <Predicate = true> <Delay = 0.00>
ST_1 : Operation 78 [1/1] (0.00ns)   --->   "%p_shl = zext i23 %tmp"   --->   Operation 78 'zext' 'p_shl' <Predicate = true> <Delay = 0.00>
ST_1 : Operation 79 [1/1] (0.00ns)   --->   "%tmp_687 = bitconcatenate i20 @_ssdm_op_BitConcatenate.i20.i11.i9, i11 %out_i_read, i9 0"   --->   Operation 79 'bitconcatenate' 'tmp_687' <Predicate = true> <Delay = 0.00>
ST_1 : Operation 80 [1/1] (0.00ns)   --->   "%p_shl54 = zext i20 %tmp_687"   --->   Operation 80 'zext' 'p_shl54' <Predicate = true> <Delay = 0.00>
ST_1 : Operation 81 [1/1] (0.92ns)   --->   "%empty = add i24 %p_shl, i24 %p_shl54"   --->   Operation 81 'add' 'empty' <Predicate = true> <Delay = 0.92> <CoreInst = "Adder">   --->   Core 1 'Adder' <Latency = 0> <II = 1> <Delay = 0.92> <FuncUnit> <Opcode : 'add' 'sub'> <InPorts = 2> <OutPorts = 1>
ST_1 : Operation 82 [1/1] (0.00ns)   --->   "%p_cast = zext i24 %empty"   --->   Operation 82 'zext' 'p_cast' <Predicate = true> <Delay = 0.00>
ST_1 : Operation 83 [1/1] (1.08ns)   --->   "%empty_591 = add i64 %p_cast, i64 %W_down_wide_read"   --->   Operation 83 'add' 'empty_591' <Predicate = true> <Delay = 1.08> <CoreInst = "Adder">   --->   Core 1 'Adder' <Latency = 0> <II = 1> <Delay = 1.08> <FuncUnit> <Opcode : 'add' 'sub'> <InPorts = 2> <OutPorts = 1>
ST_1 : Operation 84 [1/1] (0.00ns)   --->   "%trunc_ln = partselect i60 @_ssdm_op_PartSelect.i60.i64.i32.i32, i64 %empty_591, i32 4, i32 63" [swiglu.cpp:310]   --->   Operation 84 'partselect' 'trunc_ln' <Predicate = true> <Delay = 0.00>

State 2 <SV = 1> <Delay = 2.92>
ST_2 : Operation 85 [1/1] (0.00ns)   --->   "%sext_ln310 = sext i60 %trunc_ln" [swiglu.cpp:310]   --->   Operation 85 'sext' 'sext_ln310' <Predicate = true> <Delay = 0.00>
ST_2 : Operation 86 [1/1] (0.00ns)   --->   "%gmem_Wd_addr = getelementptr i128 %gmem_Wd, i64 %sext_ln310" [swiglu.cpp:310]   --->   Operation 86 'getelementptr' 'gmem_Wd_addr' <Predicate = true> <Delay = 0.00>
ST_2 : Operation 87 [71/71] (2.92ns)   --->   "%empty_592 = readreq i1 @_ssdm_op_ReadReq.m_axi.p1i128, i128 %gmem_Wd_addr, i64 288" [swiglu.cpp:310]   --->   Operation 87 'readreq' 'empty_592' <Predicate = true> <Delay = 2.92> <CoreInst = "m_axi">   --->   Core 119 'm_axi' <Latency = 6> <II = 1> <Delay = 1.00> <Adapter> <Opcode : 'read' 'write' 'readreq' 'writereq' 'writeresp'>

State 3 <SV = 2> <Delay = 2.92>
ST_3 : Operation 88 [70/71] (2.92ns)   --->   "%empty_592 = readreq i1 @_ssdm_op_ReadReq.m_axi.p1i128, i128 %gmem_Wd_addr, i64 288" [swiglu.cpp:310]   --->   Operation 88 'readreq' 'empty_592' <Predicate = true> <Delay = 2.92> <CoreInst = "m_axi">   --->   Core 119 'm_axi' <Latency = 6> <II = 1> <Delay = 1.00> <Adapter> <Opcode : 'read' 'write' 'readreq' 'writereq' 'writeresp'>

State 4 <SV = 3> <Delay = 2.92>
ST_4 : Operation 89 [69/71] (2.92ns)   --->   "%empty_592 = readreq i1 @_ssdm_op_ReadReq.m_axi.p1i128, i128 %gmem_Wd_addr, i64 288" [swiglu.cpp:310]   --->   Operation 89 'readreq' 'empty_592' <Predicate = true> <Delay = 2.92> <CoreInst = "m_axi">   --->   Core 119 'm_axi' <Latency = 6> <II = 1> <Delay = 1.00> <Adapter> <Opcode : 'read' 'write' 'readreq' 'writereq' 'writeresp'>

State 5 <SV = 4> <Delay = 2.92>
ST_5 : Operation 90 [68/71] (2.92ns)   --->   "%empty_592 = readreq i1 @_ssdm_op_ReadReq.m_axi.p1i128, i128 %gmem_Wd_addr, i64 288" [swiglu.cpp:310]   --->   Operation 90 'readreq' 'empty_592' <Predicate = true> <Delay = 2.92> <CoreInst = "m_axi">   --->   Core 119 'm_axi' <Latency = 6> <II = 1> <Delay = 1.00> <Adapter> <Opcode : 'read' 'write' 'readreq' 'writereq' 'writeresp'>

State 6 <SV = 5> <Delay = 2.92>
ST_6 : Operation 91 [67/71] (2.92ns)   --->   "%empty_592 = readreq i1 @_ssdm_op_ReadReq.m_axi.p1i128, i128 %gmem_Wd_addr, i64 288" [swiglu.cpp:310]   --->   Operation 91 'readreq' 'empty_592' <Predicate = true> <Delay = 2.92> <CoreInst = "m_axi">   --->   Core 119 'm_axi' <Latency = 6> <II = 1> <Delay = 1.00> <Adapter> <Opcode : 'read' 'write' 'readreq' 'writereq' 'writeresp'>

State 7 <SV = 6> <Delay = 2.92>
ST_7 : Operation 92 [66/71] (2.92ns)   --->   "%empty_592 = readreq i1 @_ssdm_op_ReadReq.m_axi.p1i128, i128 %gmem_Wd_addr, i64 288" [swiglu.cpp:310]   --->   Operation 92 'readreq' 'empty_592' <Predicate = true> <Delay = 2.92> <CoreInst = "m_axi">   --->   Core 119 'm_axi' <Latency = 6> <II = 1> <Delay = 1.00> <Adapter> <Opcode : 'read' 'write' 'readreq' 'writereq' 'writeresp'>

State 8 <SV = 7> <Delay = 2.92>
ST_8 : Operation 93 [65/71] (2.92ns)   --->   "%empty_592 = readreq i1 @_ssdm_op_ReadReq.m_axi.p1i128, i128 %gmem_Wd_addr, i64 288" [swiglu.cpp:310]   --->   Operation 93 'readreq' 'empty_592' <Predicate = true> <Delay = 2.92> <CoreInst = "m_axi">   --->   Core 119 'm_axi' <Latency = 6> <II = 1> <Delay = 1.00> <Adapter> <Opcode : 'read' 'write' 'readreq' 'writereq' 'writeresp'>

State 9 <SV = 8> <Delay = 2.92>
ST_9 : Operation 94 [64/71] (2.92ns)   --->   "%empty_592 = readreq i1 @_ssdm_op_ReadReq.m_axi.p1i128, i128 %gmem_Wd_addr, i64 288" [swiglu.cpp:310]   --->   Operation 94 'readreq' 'empty_592' <Predicate = true> <Delay = 2.92> <CoreInst = "m_axi">   --->   Core 119 'm_axi' <Latency = 6> <II = 1> <Delay = 1.00> <Adapter> <Opcode : 'read' 'write' 'readreq' 'writereq' 'writeresp'>

State 10 <SV = 9> <Delay = 2.92>
ST_10 : Operation 95 [63/71] (2.92ns)   --->   "%empty_592 = readreq i1 @_ssdm_op_ReadReq.m_axi.p1i128, i128 %gmem_Wd_addr, i64 288" [swiglu.cpp:310]   --->   Operation 95 'readreq' 'empty_592' <Predicate = true> <Delay = 2.92> <CoreInst = "m_axi">   --->   Core 119 'm_axi' <Latency = 6> <II = 1> <Delay = 1.00> <Adapter> <Opcode : 'read' 'write' 'readreq' 'writereq' 'writeresp'>

State 11 <SV = 10> <Delay = 2.92>
ST_11 : Operation 96 [62/71] (2.92ns)   --->   "%empty_592 = readreq i1 @_ssdm_op_ReadReq.m_axi.p1i128, i128 %gmem_Wd_addr, i64 288" [swiglu.cpp:310]   --->   Operation 96 'readreq' 'empty_592' <Predicate = true> <Delay = 2.92> <CoreInst = "m_axi">   --->   Core 119 'm_axi' <Latency = 6> <II = 1> <Delay = 1.00> <Adapter> <Opcode : 'read' 'write' 'readreq' 'writereq' 'writeresp'>

State 12 <SV = 11> <Delay = 2.92>
ST_12 : Operation 97 [61/71] (2.92ns)   --->   "%empty_592 = readreq i1 @_ssdm_op_ReadReq.m_axi.p1i128, i128 %gmem_Wd_addr, i64 288" [swiglu.cpp:310]   --->   Operation 97 'readreq' 'empty_592' <Predicate = true> <Delay = 2.92> <CoreInst = "m_axi">   --->   Core 119 'm_axi' <Latency = 6> <II = 1> <Delay = 1.00> <Adapter> <Opcode : 'read' 'write' 'readreq' 'writereq' 'writeresp'>

State 13 <SV = 12> <Delay = 2.92>
ST_13 : Operation 98 [60/71] (2.92ns)   --->   "%empty_592 = readreq i1 @_ssdm_op_ReadReq.m_axi.p1i128, i128 %gmem_Wd_addr, i64 288" [swiglu.cpp:310]   --->   Operation 98 'readreq' 'empty_592' <Predicate = true> <Delay = 2.92> <CoreInst = "m_axi">   --->   Core 119 'm_axi' <Latency = 6> <II = 1> <Delay = 1.00> <Adapter> <Opcode : 'read' 'write' 'readreq' 'writereq' 'writeresp'>

State 14 <SV = 13> <Delay = 2.92>
ST_14 : Operation 99 [59/71] (2.92ns)   --->   "%empty_592 = readreq i1 @_ssdm_op_ReadReq.m_axi.p1i128, i128 %gmem_Wd_addr, i64 288" [swiglu.cpp:310]   --->   Operation 99 'readreq' 'empty_592' <Predicate = true> <Delay = 2.92> <CoreInst = "m_axi">   --->   Core 119 'm_axi' <Latency = 6> <II = 1> <Delay = 1.00> <Adapter> <Opcode : 'read' 'write' 'readreq' 'writereq' 'writeresp'>

State 15 <SV = 14> <Delay = 2.92>
ST_15 : Operation 100 [58/71] (2.92ns)   --->   "%empty_592 = readreq i1 @_ssdm_op_ReadReq.m_axi.p1i128, i128 %gmem_Wd_addr, i64 288" [swiglu.cpp:310]   --->   Operation 100 'readreq' 'empty_592' <Predicate = true> <Delay = 2.92> <CoreInst = "m_axi">   --->   Core 119 'm_axi' <Latency = 6> <II = 1> <Delay = 1.00> <Adapter> <Opcode : 'read' 'write' 'readreq' 'writereq' 'writeresp'>

State 16 <SV = 15> <Delay = 2.92>
ST_16 : Operation 101 [57/71] (2.92ns)   --->   "%empty_592 = readreq i1 @_ssdm_op_ReadReq.m_axi.p1i128, i128 %gmem_Wd_addr, i64 288" [swiglu.cpp:310]   --->   Operation 101 'readreq' 'empty_592' <Predicate = true> <Delay = 2.92> <CoreInst = "m_axi">   --->   Core 119 'm_axi' <Latency = 6> <II = 1> <Delay = 1.00> <Adapter> <Opcode : 'read' 'write' 'readreq' 'writereq' 'writeresp'>

State 17 <SV = 16> <Delay = 2.92>
ST_17 : Operation 102 [56/71] (2.92ns)   --->   "%empty_592 = readreq i1 @_ssdm_op_ReadReq.m_axi.p1i128, i128 %gmem_Wd_addr, i64 288" [swiglu.cpp:310]   --->   Operation 102 'readreq' 'empty_592' <Predicate = true> <Delay = 2.92> <CoreInst = "m_axi">   --->   Core 119 'm_axi' <Latency = 6> <II = 1> <Delay = 1.00> <Adapter> <Opcode : 'read' 'write' 'readreq' 'writereq' 'writeresp'>

State 18 <SV = 17> <Delay = 2.92>
ST_18 : Operation 103 [55/71] (2.92ns)   --->   "%empty_592 = readreq i1 @_ssdm_op_ReadReq.m_axi.p1i128, i128 %gmem_Wd_addr, i64 288" [swiglu.cpp:310]   --->   Operation 103 'readreq' 'empty_592' <Predicate = true> <Delay = 2.92> <CoreInst = "m_axi">   --->   Core 119 'm_axi' <Latency = 6> <II = 1> <Delay = 1.00> <Adapter> <Opcode : 'read' 'write' 'readreq' 'writereq' 'writeresp'>

State 19 <SV = 18> <Delay = 2.92>
ST_19 : Operation 104 [54/71] (2.92ns)   --->   "%empty_592 = readreq i1 @_ssdm_op_ReadReq.m_axi.p1i128, i128 %gmem_Wd_addr, i64 288" [swiglu.cpp:310]   --->   Operation 104 'readreq' 'empty_592' <Predicate = true> <Delay = 2.92> <CoreInst = "m_axi">   --->   Core 119 'm_axi' <Latency = 6> <II = 1> <Delay = 1.00> <Adapter> <Opcode : 'read' 'write' 'readreq' 'writereq' 'writeresp'>

State 20 <SV = 19> <Delay = 2.92>
ST_20 : Operation 105 [53/71] (2.92ns)   --->   "%empty_592 = readreq i1 @_ssdm_op_ReadReq.m_axi.p1i128, i128 %gmem_Wd_addr, i64 288" [swiglu.cpp:310]   --->   Operation 105 'readreq' 'empty_592' <Predicate = true> <Delay = 2.92> <CoreInst = "m_axi">   --->   Core 119 'm_axi' <Latency = 6> <II = 1> <Delay = 1.00> <Adapter> <Opcode : 'read' 'write' 'readreq' 'writereq' 'writeresp'>

State 21 <SV = 20> <Delay = 2.92>
ST_21 : Operation 106 [52/71] (2.92ns)   --->   "%empty_592 = readreq i1 @_ssdm_op_ReadReq.m_axi.p1i128, i128 %gmem_Wd_addr, i64 288" [swiglu.cpp:310]   --->   Operation 106 'readreq' 'empty_592' <Predicate = true> <Delay = 2.92> <CoreInst = "m_axi">   --->   Core 119 'm_axi' <Latency = 6> <II = 1> <Delay = 1.00> <Adapter> <Opcode : 'read' 'write' 'readreq' 'writereq' 'writeresp'>

State 22 <SV = 21> <Delay = 2.92>
ST_22 : Operation 107 [51/71] (2.92ns)   --->   "%empty_592 = readreq i1 @_ssdm_op_ReadReq.m_axi.p1i128, i128 %gmem_Wd_addr, i64 288" [swiglu.cpp:310]   --->   Operation 107 'readreq' 'empty_592' <Predicate = true> <Delay = 2.92> <CoreInst = "m_axi">   --->   Core 119 'm_axi' <Latency = 6> <II = 1> <Delay = 1.00> <Adapter> <Opcode : 'read' 'write' 'readreq' 'writereq' 'writeresp'>

State 23 <SV = 22> <Delay = 2.92>
ST_23 : Operation 108 [50/71] (2.92ns)   --->   "%empty_592 = readreq i1 @_ssdm_op_ReadReq.m_axi.p1i128, i128 %gmem_Wd_addr, i64 288" [swiglu.cpp:310]   --->   Operation 108 'readreq' 'empty_592' <Predicate = true> <Delay = 2.92> <CoreInst = "m_axi">   --->   Core 119 'm_axi' <Latency = 6> <II = 1> <Delay = 1.00> <Adapter> <Opcode : 'read' 'write' 'readreq' 'writereq' 'writeresp'>

State 24 <SV = 23> <Delay = 2.92>
ST_24 : Operation 109 [49/71] (2.92ns)   --->   "%empty_592 = readreq i1 @_ssdm_op_ReadReq.m_axi.p1i128, i128 %gmem_Wd_addr, i64 288" [swiglu.cpp:310]   --->   Operation 109 'readreq' 'empty_592' <Predicate = true> <Delay = 2.92> <CoreInst = "m_axi">   --->   Core 119 'm_axi' <Latency = 6> <II = 1> <Delay = 1.00> <Adapter> <Opcode : 'read' 'write' 'readreq' 'writereq' 'writeresp'>

State 25 <SV = 24> <Delay = 2.92>
ST_25 : Operation 110 [48/71] (2.92ns)   --->   "%empty_592 = readreq i1 @_ssdm_op_ReadReq.m_axi.p1i128, i128 %gmem_Wd_addr, i64 288" [swiglu.cpp:310]   --->   Operation 110 'readreq' 'empty_592' <Predicate = true> <Delay = 2.92> <CoreInst = "m_axi">   --->   Core 119 'm_axi' <Latency = 6> <II = 1> <Delay = 1.00> <Adapter> <Opcode : 'read' 'write' 'readreq' 'writereq' 'writeresp'>

State 26 <SV = 25> <Delay = 2.92>
ST_26 : Operation 111 [47/71] (2.92ns)   --->   "%empty_592 = readreq i1 @_ssdm_op_ReadReq.m_axi.p1i128, i128 %gmem_Wd_addr, i64 288" [swiglu.cpp:310]   --->   Operation 111 'readreq' 'empty_592' <Predicate = true> <Delay = 2.92> <CoreInst = "m_axi">   --->   Core 119 'm_axi' <Latency = 6> <II = 1> <Delay = 1.00> <Adapter> <Opcode : 'read' 'write' 'readreq' 'writereq' 'writeresp'>

State 27 <SV = 26> <Delay = 2.92>
ST_27 : Operation 112 [46/71] (2.92ns)   --->   "%empty_592 = readreq i1 @_ssdm_op_ReadReq.m_axi.p1i128, i128 %gmem_Wd_addr, i64 288" [swiglu.cpp:310]   --->   Operation 112 'readreq' 'empty_592' <Predicate = true> <Delay = 2.92> <CoreInst = "m_axi">   --->   Core 119 'm_axi' <Latency = 6> <II = 1> <Delay = 1.00> <Adapter> <Opcode : 'read' 'write' 'readreq' 'writereq' 'writeresp'>

State 28 <SV = 27> <Delay = 2.92>
ST_28 : Operation 113 [45/71] (2.92ns)   --->   "%empty_592 = readreq i1 @_ssdm_op_ReadReq.m_axi.p1i128, i128 %gmem_Wd_addr, i64 288" [swiglu.cpp:310]   --->   Operation 113 'readreq' 'empty_592' <Predicate = true> <Delay = 2.92> <CoreInst = "m_axi">   --->   Core 119 'm_axi' <Latency = 6> <II = 1> <Delay = 1.00> <Adapter> <Opcode : 'read' 'write' 'readreq' 'writereq' 'writeresp'>

State 29 <SV = 28> <Delay = 2.92>
ST_29 : Operation 114 [44/71] (2.92ns)   --->   "%empty_592 = readreq i1 @_ssdm_op_ReadReq.m_axi.p1i128, i128 %gmem_Wd_addr, i64 288" [swiglu.cpp:310]   --->   Operation 114 'readreq' 'empty_592' <Predicate = true> <Delay = 2.92> <CoreInst = "m_axi">   --->   Core 119 'm_axi' <Latency = 6> <II = 1> <Delay = 1.00> <Adapter> <Opcode : 'read' 'write' 'readreq' 'writereq' 'writeresp'>

State 30 <SV = 29> <Delay = 2.92>
ST_30 : Operation 115 [43/71] (2.92ns)   --->   "%empty_592 = readreq i1 @_ssdm_op_ReadReq.m_axi.p1i128, i128 %gmem_Wd_addr, i64 288" [swiglu.cpp:310]   --->   Operation 115 'readreq' 'empty_592' <Predicate = true> <Delay = 2.92> <CoreInst = "m_axi">   --->   Core 119 'm_axi' <Latency = 6> <II = 1> <Delay = 1.00> <Adapter> <Opcode : 'read' 'write' 'readreq' 'writereq' 'writeresp'>

State 31 <SV = 30> <Delay = 2.92>
ST_31 : Operation 116 [42/71] (2.92ns)   --->   "%empty_592 = readreq i1 @_ssdm_op_ReadReq.m_axi.p1i128, i128 %gmem_Wd_addr, i64 288" [swiglu.cpp:310]   --->   Operation 116 'readreq' 'empty_592' <Predicate = true> <Delay = 2.92> <CoreInst = "m_axi">   --->   Core 119 'm_axi' <Latency = 6> <II = 1> <Delay = 1.00> <Adapter> <Opcode : 'read' 'write' 'readreq' 'writereq' 'writeresp'>

State 32 <SV = 31> <Delay = 2.92>
ST_32 : Operation 117 [41/71] (2.92ns)   --->   "%empty_592 = readreq i1 @_ssdm_op_ReadReq.m_axi.p1i128, i128 %gmem_Wd_addr, i64 288" [swiglu.cpp:310]   --->   Operation 117 'readreq' 'empty_592' <Predicate = true> <Delay = 2.92> <CoreInst = "m_axi">   --->   Core 119 'm_axi' <Latency = 6> <II = 1> <Delay = 1.00> <Adapter> <Opcode : 'read' 'write' 'readreq' 'writereq' 'writeresp'>

State 33 <SV = 32> <Delay = 2.92>
ST_33 : Operation 118 [40/71] (2.92ns)   --->   "%empty_592 = readreq i1 @_ssdm_op_ReadReq.m_axi.p1i128, i128 %gmem_Wd_addr, i64 288" [swiglu.cpp:310]   --->   Operation 118 'readreq' 'empty_592' <Predicate = true> <Delay = 2.92> <CoreInst = "m_axi">   --->   Core 119 'm_axi' <Latency = 6> <II = 1> <Delay = 1.00> <Adapter> <Opcode : 'read' 'write' 'readreq' 'writereq' 'writeresp'>

State 34 <SV = 33> <Delay = 2.92>
ST_34 : Operation 119 [39/71] (2.92ns)   --->   "%empty_592 = readreq i1 @_ssdm_op_ReadReq.m_axi.p1i128, i128 %gmem_Wd_addr, i64 288" [swiglu.cpp:310]   --->   Operation 119 'readreq' 'empty_592' <Predicate = true> <Delay = 2.92> <CoreInst = "m_axi">   --->   Core 119 'm_axi' <Latency = 6> <II = 1> <Delay = 1.00> <Adapter> <Opcode : 'read' 'write' 'readreq' 'writereq' 'writeresp'>

State 35 <SV = 34> <Delay = 2.92>
ST_35 : Operation 120 [38/71] (2.92ns)   --->   "%empty_592 = readreq i1 @_ssdm_op_ReadReq.m_axi.p1i128, i128 %gmem_Wd_addr, i64 288" [swiglu.cpp:310]   --->   Operation 120 'readreq' 'empty_592' <Predicate = true> <Delay = 2.92> <CoreInst = "m_axi">   --->   Core 119 'm_axi' <Latency = 6> <II = 1> <Delay = 1.00> <Adapter> <Opcode : 'read' 'write' 'readreq' 'writereq' 'writeresp'>

State 36 <SV = 35> <Delay = 2.92>
ST_36 : Operation 121 [37/71] (2.92ns)   --->   "%empty_592 = readreq i1 @_ssdm_op_ReadReq.m_axi.p1i128, i128 %gmem_Wd_addr, i64 288" [swiglu.cpp:310]   --->   Operation 121 'readreq' 'empty_592' <Predicate = true> <Delay = 2.92> <CoreInst = "m_axi">   --->   Core 119 'm_axi' <Latency = 6> <II = 1> <Delay = 1.00> <Adapter> <Opcode : 'read' 'write' 'readreq' 'writereq' 'writeresp'>

State 37 <SV = 36> <Delay = 2.92>
ST_37 : Operation 122 [36/71] (2.92ns)   --->   "%empty_592 = readreq i1 @_ssdm_op_ReadReq.m_axi.p1i128, i128 %gmem_Wd_addr, i64 288" [swiglu.cpp:310]   --->   Operation 122 'readreq' 'empty_592' <Predicate = true> <Delay = 2.92> <CoreInst = "m_axi">   --->   Core 119 'm_axi' <Latency = 6> <II = 1> <Delay = 1.00> <Adapter> <Opcode : 'read' 'write' 'readreq' 'writereq' 'writeresp'>

State 38 <SV = 37> <Delay = 2.92>
ST_38 : Operation 123 [35/71] (2.92ns)   --->   "%empty_592 = readreq i1 @_ssdm_op_ReadReq.m_axi.p1i128, i128 %gmem_Wd_addr, i64 288" [swiglu.cpp:310]   --->   Operation 123 'readreq' 'empty_592' <Predicate = true> <Delay = 2.92> <CoreInst = "m_axi">   --->   Core 119 'm_axi' <Latency = 6> <II = 1> <Delay = 1.00> <Adapter> <Opcode : 'read' 'write' 'readreq' 'writereq' 'writeresp'>

State 39 <SV = 38> <Delay = 2.92>
ST_39 : Operation 124 [34/71] (2.92ns)   --->   "%empty_592 = readreq i1 @_ssdm_op_ReadReq.m_axi.p1i128, i128 %gmem_Wd_addr, i64 288" [swiglu.cpp:310]   --->   Operation 124 'readreq' 'empty_592' <Predicate = true> <Delay = 2.92> <CoreInst = "m_axi">   --->   Core 119 'm_axi' <Latency = 6> <II = 1> <Delay = 1.00> <Adapter> <Opcode : 'read' 'write' 'readreq' 'writereq' 'writeresp'>

State 40 <SV = 39> <Delay = 2.92>
ST_40 : Operation 125 [33/71] (2.92ns)   --->   "%empty_592 = readreq i1 @_ssdm_op_ReadReq.m_axi.p1i128, i128 %gmem_Wd_addr, i64 288" [swiglu.cpp:310]   --->   Operation 125 'readreq' 'empty_592' <Predicate = true> <Delay = 2.92> <CoreInst = "m_axi">   --->   Core 119 'm_axi' <Latency = 6> <II = 1> <Delay = 1.00> <Adapter> <Opcode : 'read' 'write' 'readreq' 'writereq' 'writeresp'>

State 41 <SV = 40> <Delay = 2.92>
ST_41 : Operation 126 [32/71] (2.92ns)   --->   "%empty_592 = readreq i1 @_ssdm_op_ReadReq.m_axi.p1i128, i128 %gmem_Wd_addr, i64 288" [swiglu.cpp:310]   --->   Operation 126 'readreq' 'empty_592' <Predicate = true> <Delay = 2.92> <CoreInst = "m_axi">   --->   Core 119 'm_axi' <Latency = 6> <II = 1> <Delay = 1.00> <Adapter> <Opcode : 'read' 'write' 'readreq' 'writereq' 'writeresp'>

State 42 <SV = 41> <Delay = 2.92>
ST_42 : Operation 127 [31/71] (2.92ns)   --->   "%empty_592 = readreq i1 @_ssdm_op_ReadReq.m_axi.p1i128, i128 %gmem_Wd_addr, i64 288" [swiglu.cpp:310]   --->   Operation 127 'readreq' 'empty_592' <Predicate = true> <Delay = 2.92> <CoreInst = "m_axi">   --->   Core 119 'm_axi' <Latency = 6> <II = 1> <Delay = 1.00> <Adapter> <Opcode : 'read' 'write' 'readreq' 'writereq' 'writeresp'>

State 43 <SV = 42> <Delay = 2.92>
ST_43 : Operation 128 [30/71] (2.92ns)   --->   "%empty_592 = readreq i1 @_ssdm_op_ReadReq.m_axi.p1i128, i128 %gmem_Wd_addr, i64 288" [swiglu.cpp:310]   --->   Operation 128 'readreq' 'empty_592' <Predicate = true> <Delay = 2.92> <CoreInst = "m_axi">   --->   Core 119 'm_axi' <Latency = 6> <II = 1> <Delay = 1.00> <Adapter> <Opcode : 'read' 'write' 'readreq' 'writereq' 'writeresp'>

State 44 <SV = 43> <Delay = 2.92>
ST_44 : Operation 129 [29/71] (2.92ns)   --->   "%empty_592 = readreq i1 @_ssdm_op_ReadReq.m_axi.p1i128, i128 %gmem_Wd_addr, i64 288" [swiglu.cpp:310]   --->   Operation 129 'readreq' 'empty_592' <Predicate = true> <Delay = 2.92> <CoreInst = "m_axi">   --->   Core 119 'm_axi' <Latency = 6> <II = 1> <Delay = 1.00> <Adapter> <Opcode : 'read' 'write' 'readreq' 'writereq' 'writeresp'>

State 45 <SV = 44> <Delay = 2.92>
ST_45 : Operation 130 [28/71] (2.92ns)   --->   "%empty_592 = readreq i1 @_ssdm_op_ReadReq.m_axi.p1i128, i128 %gmem_Wd_addr, i64 288" [swiglu.cpp:310]   --->   Operation 130 'readreq' 'empty_592' <Predicate = true> <Delay = 2.92> <CoreInst = "m_axi">   --->   Core 119 'm_axi' <Latency = 6> <II = 1> <Delay = 1.00> <Adapter> <Opcode : 'read' 'write' 'readreq' 'writereq' 'writeresp'>

State 46 <SV = 45> <Delay = 2.92>
ST_46 : Operation 131 [27/71] (2.92ns)   --->   "%empty_592 = readreq i1 @_ssdm_op_ReadReq.m_axi.p1i128, i128 %gmem_Wd_addr, i64 288" [swiglu.cpp:310]   --->   Operation 131 'readreq' 'empty_592' <Predicate = true> <Delay = 2.92> <CoreInst = "m_axi">   --->   Core 119 'm_axi' <Latency = 6> <II = 1> <Delay = 1.00> <Adapter> <Opcode : 'read' 'write' 'readreq' 'writereq' 'writeresp'>

State 47 <SV = 46> <Delay = 2.92>
ST_47 : Operation 132 [26/71] (2.92ns)   --->   "%empty_592 = readreq i1 @_ssdm_op_ReadReq.m_axi.p1i128, i128 %gmem_Wd_addr, i64 288" [swiglu.cpp:310]   --->   Operation 132 'readreq' 'empty_592' <Predicate = true> <Delay = 2.92> <CoreInst = "m_axi">   --->   Core 119 'm_axi' <Latency = 6> <II = 1> <Delay = 1.00> <Adapter> <Opcode : 'read' 'write' 'readreq' 'writereq' 'writeresp'>

State 48 <SV = 47> <Delay = 2.92>
ST_48 : Operation 133 [25/71] (2.92ns)   --->   "%empty_592 = readreq i1 @_ssdm_op_ReadReq.m_axi.p1i128, i128 %gmem_Wd_addr, i64 288" [swiglu.cpp:310]   --->   Operation 133 'readreq' 'empty_592' <Predicate = true> <Delay = 2.92> <CoreInst = "m_axi">   --->   Core 119 'm_axi' <Latency = 6> <II = 1> <Delay = 1.00> <Adapter> <Opcode : 'read' 'write' 'readreq' 'writereq' 'writeresp'>

State 49 <SV = 48> <Delay = 2.92>
ST_49 : Operation 134 [24/71] (2.92ns)   --->   "%empty_592 = readreq i1 @_ssdm_op_ReadReq.m_axi.p1i128, i128 %gmem_Wd_addr, i64 288" [swiglu.cpp:310]   --->   Operation 134 'readreq' 'empty_592' <Predicate = true> <Delay = 2.92> <CoreInst = "m_axi">   --->   Core 119 'm_axi' <Latency = 6> <II = 1> <Delay = 1.00> <Adapter> <Opcode : 'read' 'write' 'readreq' 'writereq' 'writeresp'>

State 50 <SV = 49> <Delay = 2.92>
ST_50 : Operation 135 [23/71] (2.92ns)   --->   "%empty_592 = readreq i1 @_ssdm_op_ReadReq.m_axi.p1i128, i128 %gmem_Wd_addr, i64 288" [swiglu.cpp:310]   --->   Operation 135 'readreq' 'empty_592' <Predicate = true> <Delay = 2.92> <CoreInst = "m_axi">   --->   Core 119 'm_axi' <Latency = 6> <II = 1> <Delay = 1.00> <Adapter> <Opcode : 'read' 'write' 'readreq' 'writereq' 'writeresp'>

State 51 <SV = 50> <Delay = 2.92>
ST_51 : Operation 136 [22/71] (2.92ns)   --->   "%empty_592 = readreq i1 @_ssdm_op_ReadReq.m_axi.p1i128, i128 %gmem_Wd_addr, i64 288" [swiglu.cpp:310]   --->   Operation 136 'readreq' 'empty_592' <Predicate = true> <Delay = 2.92> <CoreInst = "m_axi">   --->   Core 119 'm_axi' <Latency = 6> <II = 1> <Delay = 1.00> <Adapter> <Opcode : 'read' 'write' 'readreq' 'writereq' 'writeresp'>

State 52 <SV = 51> <Delay = 2.92>
ST_52 : Operation 137 [21/71] (2.92ns)   --->   "%empty_592 = readreq i1 @_ssdm_op_ReadReq.m_axi.p1i128, i128 %gmem_Wd_addr, i64 288" [swiglu.cpp:310]   --->   Operation 137 'readreq' 'empty_592' <Predicate = true> <Delay = 2.92> <CoreInst = "m_axi">   --->   Core 119 'm_axi' <Latency = 6> <II = 1> <Delay = 1.00> <Adapter> <Opcode : 'read' 'write' 'readreq' 'writereq' 'writeresp'>

State 53 <SV = 52> <Delay = 2.92>
ST_53 : Operation 138 [20/71] (2.92ns)   --->   "%empty_592 = readreq i1 @_ssdm_op_ReadReq.m_axi.p1i128, i128 %gmem_Wd_addr, i64 288" [swiglu.cpp:310]   --->   Operation 138 'readreq' 'empty_592' <Predicate = true> <Delay = 2.92> <CoreInst = "m_axi">   --->   Core 119 'm_axi' <Latency = 6> <II = 1> <Delay = 1.00> <Adapter> <Opcode : 'read' 'write' 'readreq' 'writereq' 'writeresp'>

State 54 <SV = 53> <Delay = 2.92>
ST_54 : Operation 139 [19/71] (2.92ns)   --->   "%empty_592 = readreq i1 @_ssdm_op_ReadReq.m_axi.p1i128, i128 %gmem_Wd_addr, i64 288" [swiglu.cpp:310]   --->   Operation 139 'readreq' 'empty_592' <Predicate = true> <Delay = 2.92> <CoreInst = "m_axi">   --->   Core 119 'm_axi' <Latency = 6> <II = 1> <Delay = 1.00> <Adapter> <Opcode : 'read' 'write' 'readreq' 'writereq' 'writeresp'>

State 55 <SV = 54> <Delay = 2.92>
ST_55 : Operation 140 [18/71] (2.92ns)   --->   "%empty_592 = readreq i1 @_ssdm_op_ReadReq.m_axi.p1i128, i128 %gmem_Wd_addr, i64 288" [swiglu.cpp:310]   --->   Operation 140 'readreq' 'empty_592' <Predicate = true> <Delay = 2.92> <CoreInst = "m_axi">   --->   Core 119 'm_axi' <Latency = 6> <II = 1> <Delay = 1.00> <Adapter> <Opcode : 'read' 'write' 'readreq' 'writereq' 'writeresp'>

State 56 <SV = 55> <Delay = 2.92>
ST_56 : Operation 141 [17/71] (2.92ns)   --->   "%empty_592 = readreq i1 @_ssdm_op_ReadReq.m_axi.p1i128, i128 %gmem_Wd_addr, i64 288" [swiglu.cpp:310]   --->   Operation 141 'readreq' 'empty_592' <Predicate = true> <Delay = 2.92> <CoreInst = "m_axi">   --->   Core 119 'm_axi' <Latency = 6> <II = 1> <Delay = 1.00> <Adapter> <Opcode : 'read' 'write' 'readreq' 'writereq' 'writeresp'>

State 57 <SV = 56> <Delay = 2.92>
ST_57 : Operation 142 [16/71] (2.92ns)   --->   "%empty_592 = readreq i1 @_ssdm_op_ReadReq.m_axi.p1i128, i128 %gmem_Wd_addr, i64 288" [swiglu.cpp:310]   --->   Operation 142 'readreq' 'empty_592' <Predicate = true> <Delay = 2.92> <CoreInst = "m_axi">   --->   Core 119 'm_axi' <Latency = 6> <II = 1> <Delay = 1.00> <Adapter> <Opcode : 'read' 'write' 'readreq' 'writereq' 'writeresp'>

State 58 <SV = 57> <Delay = 2.92>
ST_58 : Operation 143 [15/71] (2.92ns)   --->   "%empty_592 = readreq i1 @_ssdm_op_ReadReq.m_axi.p1i128, i128 %gmem_Wd_addr, i64 288" [swiglu.cpp:310]   --->   Operation 143 'readreq' 'empty_592' <Predicate = true> <Delay = 2.92> <CoreInst = "m_axi">   --->   Core 119 'm_axi' <Latency = 6> <II = 1> <Delay = 1.00> <Adapter> <Opcode : 'read' 'write' 'readreq' 'writereq' 'writeresp'>

State 59 <SV = 58> <Delay = 2.92>
ST_59 : Operation 144 [14/71] (2.92ns)   --->   "%empty_592 = readreq i1 @_ssdm_op_ReadReq.m_axi.p1i128, i128 %gmem_Wd_addr, i64 288" [swiglu.cpp:310]   --->   Operation 144 'readreq' 'empty_592' <Predicate = true> <Delay = 2.92> <CoreInst = "m_axi">   --->   Core 119 'm_axi' <Latency = 6> <II = 1> <Delay = 1.00> <Adapter> <Opcode : 'read' 'write' 'readreq' 'writereq' 'writeresp'>

State 60 <SV = 59> <Delay = 2.92>
ST_60 : Operation 145 [13/71] (2.92ns)   --->   "%empty_592 = readreq i1 @_ssdm_op_ReadReq.m_axi.p1i128, i128 %gmem_Wd_addr, i64 288" [swiglu.cpp:310]   --->   Operation 145 'readreq' 'empty_592' <Predicate = true> <Delay = 2.92> <CoreInst = "m_axi">   --->   Core 119 'm_axi' <Latency = 6> <II = 1> <Delay = 1.00> <Adapter> <Opcode : 'read' 'write' 'readreq' 'writereq' 'writeresp'>

State 61 <SV = 60> <Delay = 2.92>
ST_61 : Operation 146 [12/71] (2.92ns)   --->   "%empty_592 = readreq i1 @_ssdm_op_ReadReq.m_axi.p1i128, i128 %gmem_Wd_addr, i64 288" [swiglu.cpp:310]   --->   Operation 146 'readreq' 'empty_592' <Predicate = true> <Delay = 2.92> <CoreInst = "m_axi">   --->   Core 119 'm_axi' <Latency = 6> <II = 1> <Delay = 1.00> <Adapter> <Opcode : 'read' 'write' 'readreq' 'writereq' 'writeresp'>

State 62 <SV = 61> <Delay = 2.92>
ST_62 : Operation 147 [11/71] (2.92ns)   --->   "%empty_592 = readreq i1 @_ssdm_op_ReadReq.m_axi.p1i128, i128 %gmem_Wd_addr, i64 288" [swiglu.cpp:310]   --->   Operation 147 'readreq' 'empty_592' <Predicate = true> <Delay = 2.92> <CoreInst = "m_axi">   --->   Core 119 'm_axi' <Latency = 6> <II = 1> <Delay = 1.00> <Adapter> <Opcode : 'read' 'write' 'readreq' 'writereq' 'writeresp'>

State 63 <SV = 62> <Delay = 2.92>
ST_63 : Operation 148 [10/71] (2.92ns)   --->   "%empty_592 = readreq i1 @_ssdm_op_ReadReq.m_axi.p1i128, i128 %gmem_Wd_addr, i64 288" [swiglu.cpp:310]   --->   Operation 148 'readreq' 'empty_592' <Predicate = true> <Delay = 2.92> <CoreInst = "m_axi">   --->   Core 119 'm_axi' <Latency = 6> <II = 1> <Delay = 1.00> <Adapter> <Opcode : 'read' 'write' 'readreq' 'writereq' 'writeresp'>

State 64 <SV = 63> <Delay = 2.92>
ST_64 : Operation 149 [9/71] (2.92ns)   --->   "%empty_592 = readreq i1 @_ssdm_op_ReadReq.m_axi.p1i128, i128 %gmem_Wd_addr, i64 288" [swiglu.cpp:310]   --->   Operation 149 'readreq' 'empty_592' <Predicate = true> <Delay = 2.92> <CoreInst = "m_axi">   --->   Core 119 'm_axi' <Latency = 6> <II = 1> <Delay = 1.00> <Adapter> <Opcode : 'read' 'write' 'readreq' 'writereq' 'writeresp'>

State 65 <SV = 64> <Delay = 2.92>
ST_65 : Operation 150 [8/71] (2.92ns)   --->   "%empty_592 = readreq i1 @_ssdm_op_ReadReq.m_axi.p1i128, i128 %gmem_Wd_addr, i64 288" [swiglu.cpp:310]   --->   Operation 150 'readreq' 'empty_592' <Predicate = true> <Delay = 2.92> <CoreInst = "m_axi">   --->   Core 119 'm_axi' <Latency = 6> <II = 1> <Delay = 1.00> <Adapter> <Opcode : 'read' 'write' 'readreq' 'writereq' 'writeresp'>

State 66 <SV = 65> <Delay = 2.92>
ST_66 : Operation 151 [7/71] (2.92ns)   --->   "%empty_592 = readreq i1 @_ssdm_op_ReadReq.m_axi.p1i128, i128 %gmem_Wd_addr, i64 288" [swiglu.cpp:310]   --->   Operation 151 'readreq' 'empty_592' <Predicate = true> <Delay = 2.92> <CoreInst = "m_axi">   --->   Core 119 'm_axi' <Latency = 6> <II = 1> <Delay = 1.00> <Adapter> <Opcode : 'read' 'write' 'readreq' 'writereq' 'writeresp'>

State 67 <SV = 66> <Delay = 2.92>
ST_67 : Operation 152 [6/71] (2.92ns)   --->   "%empty_592 = readreq i1 @_ssdm_op_ReadReq.m_axi.p1i128, i128 %gmem_Wd_addr, i64 288" [swiglu.cpp:310]   --->   Operation 152 'readreq' 'empty_592' <Predicate = true> <Delay = 2.92> <CoreInst = "m_axi">   --->   Core 119 'm_axi' <Latency = 6> <II = 1> <Delay = 1.00> <Adapter> <Opcode : 'read' 'write' 'readreq' 'writereq' 'writeresp'>

State 68 <SV = 67> <Delay = 2.92>
ST_68 : Operation 153 [5/71] (2.92ns)   --->   "%empty_592 = readreq i1 @_ssdm_op_ReadReq.m_axi.p1i128, i128 %gmem_Wd_addr, i64 288" [swiglu.cpp:310]   --->   Operation 153 'readreq' 'empty_592' <Predicate = true> <Delay = 2.92> <CoreInst = "m_axi">   --->   Core 119 'm_axi' <Latency = 6> <II = 1> <Delay = 1.00> <Adapter> <Opcode : 'read' 'write' 'readreq' 'writereq' 'writeresp'>

State 69 <SV = 68> <Delay = 2.92>
ST_69 : Operation 154 [4/71] (2.92ns)   --->   "%empty_592 = readreq i1 @_ssdm_op_ReadReq.m_axi.p1i128, i128 %gmem_Wd_addr, i64 288" [swiglu.cpp:310]   --->   Operation 154 'readreq' 'empty_592' <Predicate = true> <Delay = 2.92> <CoreInst = "m_axi">   --->   Core 119 'm_axi' <Latency = 6> <II = 1> <Delay = 1.00> <Adapter> <Opcode : 'read' 'write' 'readreq' 'writereq' 'writeresp'>

State 70 <SV = 69> <Delay = 2.92>
ST_70 : Operation 155 [3/71] (2.92ns)   --->   "%empty_592 = readreq i1 @_ssdm_op_ReadReq.m_axi.p1i128, i128 %gmem_Wd_addr, i64 288" [swiglu.cpp:310]   --->   Operation 155 'readreq' 'empty_592' <Predicate = true> <Delay = 2.92> <CoreInst = "m_axi">   --->   Core 119 'm_axi' <Latency = 6> <II = 1> <Delay = 1.00> <Adapter> <Opcode : 'read' 'write' 'readreq' 'writereq' 'writeresp'>

State 71 <SV = 70> <Delay = 2.92>
ST_71 : Operation 156 [2/71] (2.92ns)   --->   "%empty_592 = readreq i1 @_ssdm_op_ReadReq.m_axi.p1i128, i128 %gmem_Wd_addr, i64 288" [swiglu.cpp:310]   --->   Operation 156 'readreq' 'empty_592' <Predicate = true> <Delay = 2.92> <CoreInst = "m_axi">   --->   Core 119 'm_axi' <Latency = 6> <II = 1> <Delay = 1.00> <Adapter> <Opcode : 'read' 'write' 'readreq' 'writereq' 'writeresp'>

State 72 <SV = 71> <Delay = 2.92>
ST_72 : Operation 157 [1/71] (2.92ns)   --->   "%empty_592 = readreq i1 @_ssdm_op_ReadReq.m_axi.p1i128, i128 %gmem_Wd_addr, i64 288" [swiglu.cpp:310]   --->   Operation 157 'readreq' 'empty_592' <Predicate = true> <Delay = 2.92> <CoreInst = "m_axi">   --->   Core 119 'm_axi' <Latency = 6> <II = 1> <Delay = 1.00> <Adapter> <Opcode : 'read' 'write' 'readreq' 'writereq' 'writeresp'>

State 73 <SV = 72> <Delay = 0.00>
ST_73 : Operation 158 [2/2] (0.00ns)   --->   "%call_ln310 = call void @load_row_down_q4k_Pipeline_LOAD_DOWN_Q4K_VITIS_LOOP_311_1, i128 %gmem_Wd, i60 %trunc_ln, i128 %rb_0, i128 %rb_1, i128 %rb_2, i128 %rb_3, i128 %rb_4, i128 %rb_5, i128 %rb_6, i128 %rb_7" [swiglu.cpp:310]   --->   Operation 158 'call' 'call_ln310' <Predicate = true> <Delay = 0.00> <CoreType = "Generic">   --->   Generic Core

State 74 <SV = 73> <Delay = 0.00>
ST_74 : Operation 159 [1/1] (0.00ns)   --->   "%specmemcore_ln0 = specmemcore void @_ssdm_op_SpecMemCore, i128 %rb_0, i64 666, i64 19, i64 18446744073709551615"   --->   Operation 159 'specmemcore' 'specmemcore_ln0' <Predicate = true> <Delay = 0.00>
ST_74 : Operation 160 [1/1] (0.00ns)   --->   "%specmemcore_ln0 = specmemcore void @_ssdm_op_SpecMemCore, i128 %rb_1, i64 666, i64 19, i64 18446744073709551615"   --->   Operation 160 'specmemcore' 'specmemcore_ln0' <Predicate = true> <Delay = 0.00>
ST_74 : Operation 161 [1/1] (0.00ns)   --->   "%specmemcore_ln0 = specmemcore void @_ssdm_op_SpecMemCore, i128 %rb_2, i64 666, i64 19, i64 18446744073709551615"   --->   Operation 161 'specmemcore' 'specmemcore_ln0' <Predicate = true> <Delay = 0.00>
ST_74 : Operation 162 [1/1] (0.00ns)   --->   "%specmemcore_ln0 = specmemcore void @_ssdm_op_SpecMemCore, i128 %rb_3, i64 666, i64 19, i64 18446744073709551615"   --->   Operation 162 'specmemcore' 'specmemcore_ln0' <Predicate = true> <Delay = 0.00>
ST_74 : Operation 163 [1/1] (0.00ns)   --->   "%specmemcore_ln0 = specmemcore void @_ssdm_op_SpecMemCore, i128 %rb_4, i64 666, i64 19, i64 18446744073709551615"   --->   Operation 163 'specmemcore' 'specmemcore_ln0' <Predicate = true> <Delay = 0.00>
ST_74 : Operation 164 [1/1] (0.00ns)   --->   "%specmemcore_ln0 = specmemcore void @_ssdm_op_SpecMemCore, i128 %rb_5, i64 666, i64 19, i64 18446744073709551615"   --->   Operation 164 'specmemcore' 'specmemcore_ln0' <Predicate = true> <Delay = 0.00>
ST_74 : Operation 165 [1/1] (0.00ns)   --->   "%specmemcore_ln0 = specmemcore void @_ssdm_op_SpecMemCore, i128 %rb_6, i64 666, i64 19, i64 18446744073709551615"   --->   Operation 165 'specmemcore' 'specmemcore_ln0' <Predicate = true> <Delay = 0.00>
ST_74 : Operation 166 [1/1] (0.00ns)   --->   "%specmemcore_ln0 = specmemcore void @_ssdm_op_SpecMemCore, i128 %rb_7, i64 666, i64 19, i64 18446744073709551615"   --->   Operation 166 'specmemcore' 'specmemcore_ln0' <Predicate = true> <Delay = 0.00>
ST_74 : Operation 167 [1/1] (0.00ns)   --->   "%specinterface_ln0 = specinterface void @_ssdm_op_SpecInterface, i128 %gmem_Wd, void @empty_36, i32 0, i32 0, void @empty_32, i32 64, i32 860160, void @empty_0, void @empty_38, void @empty_32, i32 2, i32 16, i32 256, i32 16, void @empty_32, void @empty_32, i32 4294967295, i32 0, i32 0"   --->   Operation 167 'specinterface' 'specinterface_ln0' <Predicate = true> <Delay = 0.00>
ST_74 : Operation 168 [1/2] (0.00ns)   --->   "%call_ln310 = call void @load_row_down_q4k_Pipeline_LOAD_DOWN_Q4K_VITIS_LOOP_311_1, i128 %gmem_Wd, i60 %trunc_ln, i128 %rb_0, i128 %rb_1, i128 %rb_2, i128 %rb_3, i128 %rb_4, i128 %rb_5, i128 %rb_6, i128 %rb_7" [swiglu.cpp:310]   --->   Operation 168 'call' 'call_ln310' <Predicate = true> <Delay = 0.00> <CoreType = "Generic">   --->   Generic Core
ST_74 : Operation 169 [1/1] (0.00ns)   --->   "%ret_ln316 = ret" [swiglu.cpp:316]   --->   Operation 169 'ret' 'ret_ln316' <Predicate = true> <Delay = 0.00>


============================================================
+ Verbose Summary: Binding
============================================================
STG Binding: 
---------------- STG Properties BEGIN ----------------
- Is combinational: 0
- Is one-state seq: 0
- Is datapath-only: 0
- Is pipelined: 0
- Is top level: 0
Port [ Return ] is wired: 1; IO mode=ap_ctrl_hs:ce=0
Port [ gmem_Wd]:  wired=1; compound=1; hidden=0; nouse=0; global=0; static=0; extern=0; dir=0; type=4; pingpong=0; private_global=0; IO mode=m_axi:ce=0
Port [ W_down_wide]:  wired=1; compound=0; hidden=0; nouse=0; global=0; static=0; extern=0; dir=0; type=0; pingpong=0; private_global=0; IO mode=ap_none:ce=0
Port [ out_i]:  wired=1; compound=0; hidden=0; nouse=0; global=0; static=0; extern=0; dir=0; type=0; pingpong=0; private_global=0; IO mode=ap_none:ce=0
Port [ rb_0]:  wired=1; compound=1; hidden=0; nouse=0; global=0; static=0; extern=0; dir=1; type=1; pingpong=0; private_global=0; MemPort=[0]; IO mode=ap_memory:ce=0
Port [ rb_1]:  wired=1; compound=1; hidden=0; nouse=0; global=0; static=0; extern=0; dir=1; type=1; pingpong=0; private_global=0; MemPort=[0]; IO mode=ap_memory:ce=0
Port [ rb_2]:  wired=1; compound=1; hidden=0; nouse=0; global=0; static=0; extern=0; dir=1; type=1; pingpong=0; private_global=0; MemPort=[0]; IO mode=ap_memory:ce=0
Port [ rb_3]:  wired=1; compound=1; hidden=0; nouse=0; global=0; static=0; extern=0; dir=1; type=1; pingpong=0; private_global=0; MemPort=[0]; IO mode=ap_memory:ce=0
Port [ rb_4]:  wired=1; compound=1; hidden=0; nouse=0; global=0; static=0; extern=0; dir=1; type=1; pingpong=0; private_global=0; MemPort=[0]; IO mode=ap_memory:ce=0
Port [ rb_5]:  wired=1; compound=1; hidden=0; nouse=0; global=0; static=0; extern=0; dir=1; type=1; pingpong=0; private_global=0; MemPort=[0]; IO mode=ap_memory:ce=0
Port [ rb_6]:  wired=1; compound=1; hidden=0; nouse=0; global=0; static=0; extern=0; dir=1; type=1; pingpong=0; private_global=0; MemPort=[0]; IO mode=ap_memory:ce=0
Port [ rb_7]:  wired=1; compound=1; hidden=0; nouse=0; global=0; static=0; extern=0; dir=1; type=1; pingpong=0; private_global=0; MemPort=[0]; IO mode=ap_memory:ce=0
---------------- STG Properties END ------------------

---------------- Datapath Model BEGIN ----------------

<LifeTime>
<method=bitvector/>
out_i_read        (read          ) [ 000000000000000000000000000000000000000000000000000000000000000000000000000]
W_down_wide_read  (read          ) [ 000000000000000000000000000000000000000000000000000000000000000000000000000]
tmp               (bitconcatenate) [ 000000000000000000000000000000000000000000000000000000000000000000000000000]
p_shl             (zext          ) [ 000000000000000000000000000000000000000000000000000000000000000000000000000]
tmp_687           (bitconcatenate) [ 000000000000000000000000000000000000000000000000000000000000000000000000000]
p_shl54           (zext          ) [ 000000000000000000000000000000000000000000000000000000000000000000000000000]
empty             (add           ) [ 000000000000000000000000000000000000000000000000000000000000000000000000000]
p_cast            (zext          ) [ 000000000000000000000000000000000000000000000000000000000000000000000000000]
empty_591         (add           ) [ 000000000000000000000000000000000000000000000000000000000000000000000000000]
trunc_ln          (partselect    ) [ 001111111111111111111111111111111111111111111111111111111111111111111111111]
sext_ln310        (sext          ) [ 000000000000000000000000000000000000000000000000000000000000000000000000000]
gmem_Wd_addr      (getelementptr ) [ 000111111111111111111111111111111111111111111111111111111111111111111111100]
empty_592         (readreq       ) [ 000000000000000000000000000000000000000000000000000000000000000000000000000]
specmemcore_ln0   (specmemcore   ) [ 000000000000000000000000000000000000000000000000000000000000000000000000000]
specmemcore_ln0   (specmemcore   ) [ 000000000000000000000000000000000000000000000000000000000000000000000000000]
specmemcore_ln0   (specmemcore   ) [ 000000000000000000000000000000000000000000000000000000000000000000000000000]
specmemcore_ln0   (specmemcore   ) [ 000000000000000000000000000000000000000000000000000000000000000000000000000]
specmemcore_ln0   (specmemcore   ) [ 000000000000000000000000000000000000000000000000000000000000000000000000000]
specmemcore_ln0   (specmemcore   ) [ 000000000000000000000000000000000000000000000000000000000000000000000000000]
specmemcore_ln0   (specmemcore   ) [ 000000000000000000000000000000000000000000000000000000000000000000000000000]
specmemcore_ln0   (specmemcore   ) [ 000000000000000000000000000000000000000000000000000000000000000000000000000]
specinterface_ln0 (specinterface ) [ 000000000000000000000000000000000000000000000000000000000000000000000000000]
call_ln310        (call          ) [ 000000000000000000000000000000000000000000000000000000000000000000000000000]
ret_ln316         (ret           ) [ 000000000000000000000000000000000000000000000000000000000000000000000000000]
</LifeTime>

<model>

<comp_list>
<comp id="0" class="1000" name="gmem_Wd">
<pin_list>
<pin id="1" dir="1" index="0" bw="1" slack="0"/>
</pin_list>
<bind>
<StgValue><ssdm name="gmem_Wd"/><MemPortTyVec>0 </MemPortTyVec>
</StgValue>
</bind>
</comp>

<comp id="2" class="1000" name="W_down_wide">
<pin_list>
<pin id="3" dir="1" index="0" bw="1" slack="0"/>
</pin_list>
<bind>
<StgValue><ssdm name="W_down_wide"/></StgValue>
</bind>
</comp>

<comp id="4" class="1000" name="out_i">
<pin_list>
<pin id="5" dir="1" index="0" bw="1" slack="0"/>
</pin_list>
<bind>
<StgValue><ssdm name="out_i"/></StgValue>
</bind>
</comp>

<comp id="6" class="1000" name="rb_0">
<pin_list>
<pin id="7" dir="1" index="0" bw="1" slack="0"/>
</pin_list>
<bind>
<StgValue><ssdm name="rb_0"/><MemPortTyVec>0 </MemPortTyVec>
</StgValue>
</bind>
</comp>

<comp id="8" class="1000" name="rb_1">
<pin_list>
<pin id="9" dir="1" index="0" bw="1" slack="0"/>
</pin_list>
<bind>
<StgValue><ssdm name="rb_1"/><MemPortTyVec>0 </MemPortTyVec>
</StgValue>
</bind>
</comp>

<comp id="10" class="1000" name="rb_2">
<pin_list>
<pin id="11" dir="1" index="0" bw="1" slack="0"/>
</pin_list>
<bind>
<StgValue><ssdm name="rb_2"/><MemPortTyVec>0 </MemPortTyVec>
</StgValue>
</bind>
</comp>

<comp id="12" class="1000" name="rb_3">
<pin_list>
<pin id="13" dir="1" index="0" bw="1" slack="0"/>
</pin_list>
<bind>
<StgValue><ssdm name="rb_3"/><MemPortTyVec>0 </MemPortTyVec>
</StgValue>
</bind>
</comp>

<comp id="14" class="1000" name="rb_4">
<pin_list>
<pin id="15" dir="1" index="0" bw="1" slack="0"/>
</pin_list>
<bind>
<StgValue><ssdm name="rb_4"/><MemPortTyVec>0 </MemPortTyVec>
</StgValue>
</bind>
</comp>

<comp id="16" class="1000" name="rb_5">
<pin_list>
<pin id="17" dir="1" index="0" bw="1" slack="0"/>
</pin_list>
<bind>
<StgValue><ssdm name="rb_5"/><MemPortTyVec>0 </MemPortTyVec>
</StgValue>
</bind>
</comp>

<comp id="18" class="1000" name="rb_6">
<pin_list>
<pin id="19" dir="1" index="0" bw="1" slack="0"/>
</pin_list>
<bind>
<StgValue><ssdm name="rb_6"/><MemPortTyVec>0 </MemPortTyVec>
</StgValue>
</bind>
</comp>

<comp id="20" class="1000" name="rb_7">
<pin_list>
<pin id="21" dir="1" index="0" bw="1" slack="0"/>
</pin_list>
<bind>
<StgValue><ssdm name="rb_7"/><MemPortTyVec>0 </MemPortTyVec>
</StgValue>
</bind>
</comp>

<comp id="22" class="1001" name="const_22">
<pin_list>
<pin id="23" dir="1" index="0" bw="1" slack="0"/>
</pin_list>
<bind>
<StgValue><ssdm name="_ssdm_op_Read.ap_auto.i11"/></StgValue>
</bind>
</comp>

<comp id="24" class="1001" name="const_24">
<pin_list>
<pin id="25" dir="1" index="0" bw="1" slack="0"/>
</pin_list>
<bind>
<StgValue><ssdm name="_ssdm_op_Read.ap_auto.i64"/></StgValue>
</bind>
</comp>

<comp id="26" class="1001" name="const_26">
<pin_list>
<pin id="27" dir="1" index="0" bw="1" slack="0"/>
</pin_list>
<bind>
<StgValue><ssdm name="_ssdm_op_BitConcatenate.i23.i11.i12"/></StgValue>
</bind>
</comp>

<comp id="28" class="1001" name="const_28">
<pin_list>
<pin id="29" dir="1" index="0" bw="1" slack="0"/>
</pin_list>
<bind>
<StgValue><ssdm name=""/></StgValue>
</bind>
</comp>

<comp id="30" class="1001" name="const_30">
<pin_list>
<pin id="31" dir="1" index="0" bw="1" slack="0"/>
</pin_list>
<bind>
<StgValue><ssdm name="_ssdm_op_BitConcatenate.i20.i11.i9"/></StgValue>
</bind>
</comp>

<comp id="32" class="1001" name="const_32">
<pin_list>
<pin id="33" dir="1" index="0" bw="1" slack="0"/>
</pin_list>
<bind>
<StgValue><ssdm name=""/></StgValue>
</bind>
</comp>

<comp id="34" class="1001" name="const_34">
<pin_list>
<pin id="35" dir="1" index="0" bw="1" slack="0"/>
</pin_list>
<bind>
<StgValue><ssdm name="_ssdm_op_PartSelect.i60.i64.i32.i32"/></StgValue>
</bind>
</comp>

<comp id="36" class="1001" name="const_36">
<pin_list>
<pin id="37" dir="1" index="0" bw="1" slack="0"/>
</pin_list>
<bind>
<StgValue><ssdm name=""/></StgValue>
</bind>
</comp>

<comp id="38" class="1001" name="const_38">
<pin_list>
<pin id="39" dir="1" index="0" bw="1" slack="0"/>
</pin_list>
<bind>
<StgValue><ssdm name=""/></StgValue>
</bind>
</comp>

<comp id="40" class="1001" name="const_40">
<pin_list>
<pin id="41" dir="1" index="0" bw="1" slack="0"/>
</pin_list>
<bind>
<StgValue><ssdm name="_ssdm_op_ReadReq.m_axi.p1i128"/></StgValue>
</bind>
</comp>

<comp id="42" class="1001" name="const_42">
<pin_list>
<pin id="43" dir="1" index="0" bw="1" slack="0"/>
</pin_list>
<bind>
<StgValue><ssdm name=""/></StgValue>
</bind>
</comp>

<comp id="44" class="1001" name="const_44">
<pin_list>
<pin id="45" dir="1" index="0" bw="1" slack="0"/>
</pin_list>
<bind>
<StgValue><ssdm name="load_row_down_q4k_Pipeline_LOAD_DOWN_Q4K_VITIS_LOOP_311_1"/></StgValue>
</bind>
</comp>

<comp id="46" class="1001" name="const_46">
<pin_list>
<pin id="47" dir="1" index="0" bw="1" slack="2147483647"/>
</pin_list>
<bind>
<StgValue><ssdm name="_ssdm_op_SpecMemCore"/></StgValue>
</bind>
</comp>

<comp id="48" class="1001" name="const_48">
<pin_list>
<pin id="49" dir="1" index="0" bw="1" slack="2147483647"/>
</pin_list>
<bind>
<StgValue><ssdm name=""/></StgValue>
</bind>
</comp>

<comp id="50" class="1001" name="const_50">
<pin_list>
<pin id="51" dir="1" index="0" bw="1" slack="2147483647"/>
</pin_list>
<bind>
<StgValue><ssdm name=""/></StgValue>
</bind>
</comp>

<comp id="52" class="1001" name="const_52">
<pin_list>
<pin id="53" dir="1" index="0" bw="1" slack="2147483647"/>
</pin_list>
<bind>
<StgValue><ssdm name=""/></StgValue>
</bind>
</comp>

<comp id="54" class="1001" name="const_54">
<pin_list>
<pin id="55" dir="1" index="0" bw="1" slack="2147483647"/>
</pin_list>
<bind>
<StgValue><ssdm name="_ssdm_op_SpecInterface"/></StgValue>
</bind>
</comp>

<comp id="56" class="1001" name="const_56">
<pin_list>
<pin id="57" dir="1" index="0" bw="1" slack="2147483647"/>
</pin_list>
<bind>
<StgValue><ssdm name="empty_36"/></StgValue>
</bind>
</comp>

<comp id="58" class="1001" name="const_58">
<pin_list>
<pin id="59" dir="1" index="0" bw="1" slack="2147483647"/>
</pin_list>
<bind>
<StgValue><ssdm name=""/></StgValue>
</bind>
</comp>

<comp id="60" class="1001" name="const_60">
<pin_list>
<pin id="61" dir="1" index="0" bw="1" slack="2147483647"/>
</pin_list>
<bind>
<StgValue><ssdm name="empty_32"/></StgValue>
</bind>
</comp>

<comp id="62" class="1001" name="const_62">
<pin_list>
<pin id="63" dir="1" index="0" bw="1" slack="2147483647"/>
</pin_list>
<bind>
<StgValue><ssdm name=""/></StgValue>
</bind>
</comp>

<comp id="64" class="1001" name="const_64">
<pin_list>
<pin id="65" dir="1" index="0" bw="1" slack="2147483647"/>
</pin_list>
<bind>
<StgValue><ssdm name=""/></StgValue>
</bind>
</comp>

<comp id="66" class="1001" name="const_66">
<pin_list>
<pin id="67" dir="1" index="0" bw="1" slack="2147483647"/>
</pin_list>
<bind>
<StgValue><ssdm name="empty_0"/></StgValue>
</bind>
</comp>

<comp id="68" class="1001" name="const_68">
<pin_list>
<pin id="69" dir="1" index="0" bw="1" slack="2147483647"/>
</pin_list>
<bind>
<StgValue><ssdm name="empty_38"/></StgValue>
</bind>
</comp>

<comp id="70" class="1001" name="const_70">
<pin_list>
<pin id="71" dir="1" index="0" bw="1" slack="2147483647"/>
</pin_list>
<bind>
<StgValue><ssdm name=""/></StgValue>
</bind>
</comp>

<comp id="72" class="1001" name="const_72">
<pin_list>
<pin id="73" dir="1" index="0" bw="1" slack="2147483647"/>
</pin_list>
<bind>
<StgValue><ssdm name=""/></StgValue>
</bind>
</comp>

<comp id="74" class="1001" name="const_74">
<pin_list>
<pin id="75" dir="1" index="0" bw="1" slack="2147483647"/>
</pin_list>
<bind>
<StgValue><ssdm name=""/></StgValue>
</bind>
</comp>

<comp id="76" class="1001" name="const_76">
<pin_list>
<pin id="77" dir="1" index="0" bw="1" slack="2147483647"/>
</pin_list>
<bind>
<StgValue><ssdm name=""/></StgValue>
</bind>
</comp>

<comp id="78" class="1004" name="out_i_read_read_fu_78">
<pin_list>
<pin id="79" dir="0" index="0" bw="11" slack="0"/>
<pin id="80" dir="0" index="1" bw="11" slack="0"/>
<pin id="81" dir="1" index="2" bw="11" slack="0"/>
</pin_list>
<bind>
<opcode="read(1150) " fcode="read"/>
<opset="out_i_read/1 "/>
</bind>
</comp>

<comp id="84" class="1004" name="W_down_wide_read_read_fu_84">
<pin_list>
<pin id="85" dir="0" index="0" bw="64" slack="0"/>
<pin id="86" dir="0" index="1" bw="64" slack="0"/>
<pin id="87" dir="1" index="2" bw="64" slack="0"/>
</pin_list>
<bind>
<opcode="read(1150) " fcode="read"/>
<opset="W_down_wide_read/1 "/>
</bind>
</comp>

<comp id="90" class="1004" name="grp_readreq_fu_90">
<pin_list>
<pin id="91" dir="0" index="0" bw="1" slack="0"/>
<pin id="92" dir="0" index="1" bw="128" slack="0"/>
<pin id="93" dir="0" index="2" bw="10" slack="0"/>
<pin id="94" dir="1" index="3" bw="1" slack="2147483647"/>
</pin_list>
<bind>
<opcode="readreq(1154) " fcode="readreq"/>
<opset="empty_592/2 "/>
</bind>
</comp>

<comp id="97" class="1004" name="grp_load_row_down_q4k_Pipeline_LOAD_DOWN_Q4K_VITIS_LOOP_311_1_fu_97">
<pin_list>
<pin id="98" dir="0" index="0" bw="0" slack="0"/>
<pin id="99" dir="0" index="1" bw="128" slack="0"/>
<pin id="100" dir="0" index="2" bw="60" slack="72"/>
<pin id="101" dir="0" index="3" bw="128" slack="0"/>
<pin id="102" dir="0" index="4" bw="128" slack="0"/>
<pin id="103" dir="0" index="5" bw="128" slack="0"/>
<pin id="104" dir="0" index="6" bw="128" slack="0"/>
<pin id="105" dir="0" index="7" bw="128" slack="0"/>
<pin id="106" dir="0" index="8" bw="128" slack="0"/>
<pin id="107" dir="0" index="9" bw="128" slack="0"/>
<pin id="108" dir="0" index="10" bw="128" slack="0"/>
<pin id="109" dir="1" index="11" bw="0" slack="2147483647"/>
</pin_list>
<bind>
<opcode="call(48) " fcode="call"/>
<opset="call_ln310/73 "/>
</bind>
</comp>

<comp id="120" class="1004" name="tmp_fu_120">
<pin_list>
<pin id="121" dir="0" index="0" bw="23" slack="0"/>
<pin id="122" dir="0" index="1" bw="11" slack="0"/>
<pin id="123" dir="0" index="2" bw="1" slack="0"/>
<pin id="124" dir="1" index="3" bw="23" slack="0"/>
</pin_list>
<bind>
<opcode="bitconcatenate(1004) " fcode="bitconcatenate"/>
<opset="tmp/1 "/>
</bind>
</comp>

<comp id="128" class="1004" name="p_shl_fu_128">
<pin_list>
<pin id="129" dir="0" index="0" bw="23" slack="0"/>
<pin id="130" dir="1" index="1" bw="24" slack="0"/>
</pin_list>
<bind>
<opcode="zext(34) " fcode="zext"/>
<opset="p_shl/1 "/>
</bind>
</comp>

<comp id="132" class="1004" name="tmp_687_fu_132">
<pin_list>
<pin id="133" dir="0" index="0" bw="20" slack="0"/>
<pin id="134" dir="0" index="1" bw="11" slack="0"/>
<pin id="135" dir="0" index="2" bw="1" slack="0"/>
<pin id="136" dir="1" index="3" bw="20" slack="0"/>
</pin_list>
<bind>
<opcode="bitconcatenate(1004) " fcode="bitconcatenate"/>
<opset="tmp_687/1 "/>
</bind>
</comp>

<comp id="140" class="1004" name="p_shl54_fu_140">
<pin_list>
<pin id="141" dir="0" index="0" bw="20" slack="0"/>
<pin id="142" dir="1" index="1" bw="24" slack="0"/>
</pin_list>
<bind>
<opcode="zext(34) " fcode="zext"/>
<opset="p_shl54/1 "/>
</bind>
</comp>

<comp id="144" class="1004" name="empty_fu_144">
<pin_list>
<pin id="145" dir="0" index="0" bw="23" slack="0"/>
<pin id="146" dir="0" index="1" bw="20" slack="0"/>
<pin id="147" dir="1" index="2" bw="24" slack="0"/>
</pin_list>
<bind>
<opcode="add(8) " fcode="add"/>
<opset="empty/1 "/>
</bind>
</comp>

<comp id="150" class="1004" name="p_cast_fu_150">
<pin_list>
<pin id="151" dir="0" index="0" bw="24" slack="0"/>
<pin id="152" dir="1" index="1" bw="64" slack="0"/>
</pin_list>
<bind>
<opcode="zext(34) " fcode="zext"/>
<opset="p_cast/1 "/>
</bind>
</comp>

<comp id="154" class="1004" name="empty_591_fu_154">
<pin_list>
<pin id="155" dir="0" index="0" bw="24" slack="0"/>
<pin id="156" dir="0" index="1" bw="64" slack="0"/>
<pin id="157" dir="1" index="2" bw="64" slack="0"/>
</pin_list>
<bind>
<opcode="add(8) " fcode="add"/>
<opset="empty_591/1 "/>
</bind>
</comp>

<comp id="160" class="1004" name="trunc_ln_fu_160">
<pin_list>
<pin id="161" dir="0" index="0" bw="60" slack="0"/>
<pin id="162" dir="0" index="1" bw="64" slack="0"/>
<pin id="163" dir="0" index="2" bw="4" slack="0"/>
<pin id="164" dir="0" index="3" bw="7" slack="0"/>
<pin id="165" dir="1" index="4" bw="60" slack="1"/>
</pin_list>
<bind>
<opcode="partselect(1002) " fcode="partselect"/>
<opset="trunc_ln/1 "/>
</bind>
</comp>

<comp id="170" class="1004" name="sext_ln310_fu_170">
<pin_list>
<pin id="171" dir="0" index="0" bw="60" slack="1"/>
<pin id="172" dir="1" index="1" bw="64" slack="0"/>
</pin_list>
<bind>
<opcode="sext(35) " fcode="sext"/>
<opset="sext_ln310/2 "/>
</bind>
</comp>

<comp id="173" class="1004" name="gmem_Wd_addr_fu_173">
<pin_list>
<pin id="174" dir="0" index="0" bw="128" slack="0"/>
<pin id="175" dir="0" index="1" bw="60" slack="0"/>
<pin id="176" dir="1" index="2" bw="128" slack="0"/>
</pin_list>
<bind>
<opcode="getelementptr(29) " fcode="getelementptr"/>
<opset="gmem_Wd_addr/2 "/>
</bind>
</comp>

<comp id="180" class="1005" name="trunc_ln_reg_180">
<pin_list>
<pin id="181" dir="0" index="0" bw="60" slack="1"/>
<pin id="182" dir="1" index="1" bw="60" slack="1"/>
</pin_list>
<bind>
<opset="trunc_ln "/>
</bind>
</comp>

<comp id="186" class="1005" name="gmem_Wd_addr_reg_186">
<pin_list>
<pin id="187" dir="0" index="0" bw="128" slack="1"/>
<pin id="188" dir="1" index="1" bw="128" slack="1"/>
</pin_list>
<bind>
<opset="gmem_Wd_addr "/>
</bind>
</comp>

</comp_list>

<net_list>
<net id="82"><net_src comp="22" pin="0"/><net_sink comp="78" pin=0"/></net>

<net id="83"><net_src comp="4" pin="0"/><net_sink comp="78" pin=1"/></net>

<net id="88"><net_src comp="24" pin="0"/><net_sink comp="84" pin=0"/></net>

<net id="89"><net_src comp="2" pin="0"/><net_sink comp="84" pin=1"/></net>

<net id="95"><net_src comp="40" pin="0"/><net_sink comp="90" pin=0"/></net>

<net id="96"><net_src comp="42" pin="0"/><net_sink comp="90" pin=2"/></net>

<net id="110"><net_src comp="44" pin="0"/><net_sink comp="97" pin=0"/></net>

<net id="111"><net_src comp="0" pin="0"/><net_sink comp="97" pin=1"/></net>

<net id="112"><net_src comp="6" pin="0"/><net_sink comp="97" pin=3"/></net>

<net id="113"><net_src comp="8" pin="0"/><net_sink comp="97" pin=4"/></net>

<net id="114"><net_src comp="10" pin="0"/><net_sink comp="97" pin=5"/></net>

<net id="115"><net_src comp="12" pin="0"/><net_sink comp="97" pin=6"/></net>

<net id="116"><net_src comp="14" pin="0"/><net_sink comp="97" pin=7"/></net>

<net id="117"><net_src comp="16" pin="0"/><net_sink comp="97" pin=8"/></net>

<net id="118"><net_src comp="18" pin="0"/><net_sink comp="97" pin=9"/></net>

<net id="119"><net_src comp="20" pin="0"/><net_sink comp="97" pin=10"/></net>

<net id="125"><net_src comp="26" pin="0"/><net_sink comp="120" pin=0"/></net>

<net id="126"><net_src comp="78" pin="2"/><net_sink comp="120" pin=1"/></net>

<net id="127"><net_src comp="28" pin="0"/><net_sink comp="120" pin=2"/></net>

<net id="131"><net_src comp="120" pin="3"/><net_sink comp="128" pin=0"/></net>

<net id="137"><net_src comp="30" pin="0"/><net_sink comp="132" pin=0"/></net>

<net id="138"><net_src comp="78" pin="2"/><net_sink comp="132" pin=1"/></net>

<net id="139"><net_src comp="32" pin="0"/><net_sink comp="132" pin=2"/></net>

<net id="143"><net_src comp="132" pin="3"/><net_sink comp="140" pin=0"/></net>

<net id="148"><net_src comp="128" pin="1"/><net_sink comp="144" pin=0"/></net>

<net id="149"><net_src comp="140" pin="1"/><net_sink comp="144" pin=1"/></net>

<net id="153"><net_src comp="144" pin="2"/><net_sink comp="150" pin=0"/></net>

<net id="158"><net_src comp="150" pin="1"/><net_sink comp="154" pin=0"/></net>

<net id="159"><net_src comp="84" pin="2"/><net_sink comp="154" pin=1"/></net>

<net id="166"><net_src comp="34" pin="0"/><net_sink comp="160" pin=0"/></net>

<net id="167"><net_src comp="154" pin="2"/><net_sink comp="160" pin=1"/></net>

<net id="168"><net_src comp="36" pin="0"/><net_sink comp="160" pin=2"/></net>

<net id="169"><net_src comp="38" pin="0"/><net_sink comp="160" pin=3"/></net>

<net id="177"><net_src comp="0" pin="0"/><net_sink comp="173" pin=0"/></net>

<net id="178"><net_src comp="170" pin="1"/><net_sink comp="173" pin=1"/></net>

<net id="179"><net_src comp="173" pin="2"/><net_sink comp="90" pin=1"/></net>

<net id="183"><net_src comp="160" pin="4"/><net_sink comp="180" pin=0"/></net>

<net id="184"><net_src comp="180" pin="1"/><net_sink comp="170" pin=0"/></net>

<net id="185"><net_src comp="180" pin="1"/><net_sink comp="97" pin=2"/></net>

<net id="189"><net_src comp="173" pin="2"/><net_sink comp="186" pin=0"/></net>

<net id="190"><net_src comp="186" pin="1"/><net_sink comp="90" pin=1"/></net>

</net_list>

</model> 
---------------- Datapath Model END ------------------

* FSMD analyzer results:
  - Output states:
	Port: rb_0 | {73 74 }
	Port: rb_1 | {73 74 }
	Port: rb_2 | {73 74 }
	Port: rb_3 | {73 74 }
	Port: rb_4 | {73 74 }
	Port: rb_5 | {73 74 }
	Port: rb_6 | {73 74 }
	Port: rb_7 | {73 74 }
 - Input state : 
	Port: load_row_down_q4k : gmem_Wd | {2 3 4 5 6 7 8 9 10 11 12 13 14 15 16 17 18 19 20 21 22 23 24 25 26 27 28 29 30 31 32 33 34 35 36 37 38 39 40 41 42 43 44 45 46 47 48 49 50 51 52 53 54 55 56 57 58 59 60 61 62 63 64 65 66 67 68 69 70 71 72 73 74 }
	Port: load_row_down_q4k : W_down_wide | {1 }
	Port: load_row_down_q4k : out_i | {1 }
  - Chain level:
	State 1
		p_shl : 1
		p_shl54 : 1
		empty : 2
		p_cast : 3
		empty_591 : 4
		trunc_ln : 5
	State 2
		gmem_Wd_addr : 1
		empty_592 : 2
	State 3
	State 4
	State 5
	State 6
	State 7
	State 8
	State 9
	State 10
	State 11
	State 12
	State 13
	State 14
	State 15
	State 16
	State 17
	State 18
	State 19
	State 20
	State 21
	State 22
	State 23
	State 24
	State 25
	State 26
	State 27
	State 28
	State 29
	State 30
	State 31
	State 32
	State 33
	State 34
	State 35
	State 36
	State 37
	State 38
	State 39
	State 40
	State 41
	State 42
	State 43
	State 44
	State 45
	State 46
	State 47
	State 48
	State 49
	State 50
	State 51
	State 52
	State 53
	State 54
	State 55
	State 56
	State 57
	State 58
	State 59
	State 60
	State 61
	State 62
	State 63
	State 64
	State 65
	State 66
	State 67
	State 68
	State 69
	State 70
	State 71
	State 72
	State 73
	State 74


============================================================
+ Verbose Summary: Datapath Resource usage 
============================================================

* Functional unit list:
|----------|---------------------------------------------------------------------|---------|---------|
| Operation|                           Functional Unit                           |    FF   |   LUT   |
|----------|---------------------------------------------------------------------|---------|---------|
|   call   | grp_load_row_down_q4k_Pipeline_LOAD_DOWN_Q4K_VITIS_LOOP_311_1_fu_97 |   212   |    91   |
|----------|---------------------------------------------------------------------|---------|---------|
|    add   |                             empty_fu_144                            |    0    |    30   |
|          |                           empty_591_fu_154                          |    0    |    71   |
|----------|---------------------------------------------------------------------|---------|---------|
|   read   |                        out_i_read_read_fu_78                        |    0    |    0    |
|          |                     W_down_wide_read_read_fu_84                     |    0    |    0    |
|----------|---------------------------------------------------------------------|---------|---------|
|  readreq |                          grp_readreq_fu_90                          |    0    |    0    |
|----------|---------------------------------------------------------------------|---------|---------|
|bitconcatenate|                              tmp_fu_120                             |    0    |    0    |
|          |                            tmp_687_fu_132                           |    0    |    0    |
|----------|---------------------------------------------------------------------|---------|---------|
|          |                             p_shl_fu_128                            |    0    |    0    |
|   zext   |                            p_shl54_fu_140                           |    0    |    0    |
|          |                            p_cast_fu_150                            |    0    |    0    |
|----------|---------------------------------------------------------------------|---------|---------|
|partselect|                           trunc_ln_fu_160                           |    0    |    0    |
|----------|---------------------------------------------------------------------|---------|---------|
|   sext   |                          sext_ln310_fu_170                          |    0    |    0    |
|----------|---------------------------------------------------------------------|---------|---------|
|   Total  |                                                                     |   212   |   192   |
|----------|---------------------------------------------------------------------|---------|---------|

Memories:
N/A

* Register list:
+--------------------+--------+
|                    |   FF   |
+--------------------+--------+
|gmem_Wd_addr_reg_186|   128  |
|  trunc_ln_reg_180  |   60   |
+--------------------+--------+
|        Total       |   188  |
+--------------------+--------+

* Multiplexer (MUX) list: 
|-------------------|------|------|------|--------||---------||---------||---------|
|        Comp       |  Pin | Size |  BW  | S x BW ||  Delay  ||    FF   ||   LUT   |
|-------------------|------|------|------|--------||---------||---------||---------|
| grp_readreq_fu_90 |  p1  |   2  |  128 |   256  ||    0    ||    9    |
|-------------------|------|------|------|--------||---------||---------||---------|
|       Total       |      |      |      |   256  ||  0.427  ||    0    ||    9    |
|-------------------|------|------|------|--------||---------||---------||---------|



* Summary:
+-----------+--------+--------+--------+
|           |  Delay |   FF   |   LUT  |
+-----------+--------+--------+--------+
|  Function |    -   |   212  |   192  |
|   Memory  |    -   |    -   |    -   |
|Multiplexer|    0   |    0   |    9   |
|  Register |    -   |   188  |    -   |
+-----------+--------+--------+--------+
|   Total   |    0   |   400  |   201  |
+-----------+--------+--------+--------+
