

================================================================
== Vitis HLS Report for 'load_row_down_q6k_1_Pipeline_LOAD_QL'
================================================================
* Date:           Sun Apr  5 16:07:05 2026

* Version:        2025.1 (Build 6135595 on May 21 2025)
* Project:        swiglu
* Solution:       hls (Vivado IP Flow Target)
* Product family: zynquplus
* Target device:  xck26-sfvc784-2LV-c


================================================================
== Performance Estimates
================================================================
+ Timing: 
    * Summary: 
    +--------+---------+----------+------------+
    |  Clock |  Target | Estimated| Uncertainty|
    +--------+---------+----------+------------+
    |ap_clk  |  3.33 ns|  2.433 ns|     0.90 ns|
    +--------+---------+----------+------------+

+ Latency: 
    * Summary: 
    +---------+---------+----------+----------+-----+-----+------------------------------------------------+
    |  Latency (cycles) |  Latency (absolute) |  Interval |                    Pipeline                    |
    |   min   |   max   |    min   |    max   | min | max |                      Type                      |
    +---------+---------+----------+----------+-----+-----+------------------------------------------------+
    |      259|      259|  0.863 us|  0.863 us|  257|  257|  loop auto-rewind stp (delay=0 clock cycles(s))|
    +---------+---------+----------+----------+-----+-----+------------------------------------------------+

    + Detail: 
        * Instance: 
        N/A

        * Loop: 
        +-----------+---------+---------+----------+-----------+-----------+------+----------+
        |           |  Latency (cycles) | Iteration|  Initiation Interval  | Trip |          |
        | Loop Name |   min   |   max   |  Latency |  achieved |   target  | Count| Pipelined|
        +-----------+---------+---------+----------+-----------+-----------+------+----------+
        |- LOAD_QL  |      257|      257|         3|          1|          1|   256|       yes|
        +-----------+---------+---------+----------+-----------+-----------+------+----------+



================================================================
== Utilization Estimates
================================================================
* Summary: 
+-----------------+---------+------+--------+--------+-----+
|       Name      | BRAM_18K|  DSP |   FF   |   LUT  | URAM|
+-----------------+---------+------+--------+--------+-----+
|DSP              |        -|     -|       -|       -|    -|
|Expression       |        -|     -|       0|      37|    -|
|FIFO             |        -|     -|       -|       -|    -|
|Instance         |        -|     -|       -|       -|    -|
|Memory           |        -|     -|       -|       -|    -|
|Multiplexer      |        -|     -|       0|      45|    -|
|Register         |        -|     -|     159|       -|    -|
+-----------------+---------+------+--------+--------+-----+
|Total            |        0|     0|     159|      82|    0|
+-----------------+---------+------+--------+--------+-----+
|Available        |      288|  1248|  234240|  117120|   64|
+-----------------+---------+------+--------+--------+-----+
|Utilization (%)  |        0|     0|      ~0|      ~0|    0|
+-----------------+---------+------+--------+--------+-----+

+ Detail: 
    * Instance: 
    N/A

    * DSP: 
    N/A

    * Memory: 
    N/A

    * FIFO: 
    N/A

    * Expression: 
    +---------------------------+----------+----+---+----+------------+------------+
    |       Variable Name       | Operation| DSP| FF| LUT| Bitwidth P0| Bitwidth P1|
    +---------------------------+----------+----+---+----+------------+------------+
    |add_ln492_fu_247_p2        |         +|   0|  0|  16|           9|           1|
    |ap_block_pp0_stage0_11001  |       and|   0|  0|   2|           1|           1|
    |icmp_ln492_fu_241_p2       |      icmp|   0|  0|  17|           9|          10|
    |ap_enable_pp0              |       xor|   0|  0|   2|           1|           2|
    +---------------------------+----------+----+---+----+------------+------------+
    |Total                      |          |   0|  0|  37|          20|          14|
    +---------------------------+----------+----+---+----+------------+------------+

    * Multiplexer: 
    +-------------------------+----+-----------+-----+-----------+
    |           Name          | LUT| Input Size| Bits| Total Bits|
    +-------------------------+----+-----------+-----+-----------+
    |ap_done_int              |   9|          2|    1|          2|
    |ap_enable_reg_pp0_iter1  |   9|          2|    1|          2|
    |ap_sig_allocacmp_w_5     |   9|          2|    9|         18|
    |gmem_Wd2_blk_n_R         |   9|          2|    1|          2|
    |w_fu_110                 |   9|          2|    9|         18|
    +-------------------------+----+-----------+-----+-----------+
    |Total                    |  45|         10|   21|         42|
    +-------------------------+----+-----------+-----+-----------+

    * Register: 
    +-------------------------------------------+-----+----+-----+-----------+
    |                    Name                   |  FF | LUT| Bits| Const Bits|
    +-------------------------------------------+-----+----+-----+-----------+
    |ap_CS_fsm                                  |    1|   0|    1|          0|
    |ap_block_pp0_stage0_subdone_grp0_done_reg  |    1|   0|    1|          0|
    |ap_done_reg                                |    1|   0|    1|          0|
    |ap_enable_reg_pp0_iter1                    |    1|   0|    1|          0|
    |ap_enable_reg_pp0_iter2                    |    1|   0|    1|          0|
    |ap_loop_exit_ready_pp0_iter1_reg           |    1|   0|    1|          0|
    |gmem_Wd2_addr_read_reg_354                 |  128|   0|  128|          0|
    |lshr_ln494_1_reg_349                       |    2|   0|    2|          0|
    |lshr_ln494_1_reg_349_pp0_iter1_reg         |    2|   0|    2|          0|
    |trunc_ln494_3_reg_345                      |    3|   0|    3|          0|
    |trunc_ln494_3_reg_345_pp0_iter1_reg        |    3|   0|    3|          0|
    |trunc_ln494_reg_340                        |    3|   0|    3|          0|
    |trunc_ln494_reg_340_pp0_iter1_reg          |    3|   0|    3|          0|
    |w_fu_110                                   |    9|   0|    9|          0|
    +-------------------------------------------+-----+----+-----+-----------+
    |Total                                      |  159|   0|  159|          0|
    +-------------------------------------------+-----+----+-----+-----------+



================================================================
== Interface
================================================================
* Summary: 
+---------------------------+-----+-----+------------+--------------------------------------+--------------+
|         RTL Ports         | Dir | Bits|  Protocol  |             Source Object            |    C Type    |
+---------------------------+-----+-----+------------+--------------------------------------+--------------+
|ap_clk                     |   in|    1|  ap_ctrl_hs|  load_row_down_q6k.1_Pipeline_LOAD_QL|  return value|
|ap_rst                     |   in|    1|  ap_ctrl_hs|  load_row_down_q6k.1_Pipeline_LOAD_QL|  return value|
|ap_start                   |   in|    1|  ap_ctrl_hs|  load_row_down_q6k.1_Pipeline_LOAD_QL|  return value|
|ap_done                    |  out|    1|  ap_ctrl_hs|  load_row_down_q6k.1_Pipeline_LOAD_QL|  return value|
|ap_idle                    |  out|    1|  ap_ctrl_hs|  load_row_down_q6k.1_Pipeline_LOAD_QL|  return value|
|ap_ready                   |  out|    1|  ap_ctrl_hs|  load_row_down_q6k.1_Pipeline_LOAD_QL|  return value|
|m_axi_gmem_Wd2_0_AWVALID   |  out|    1|       m_axi|                              gmem_Wd2|       pointer|
|m_axi_gmem_Wd2_0_AWREADY   |   in|    1|       m_axi|                              gmem_Wd2|       pointer|
|m_axi_gmem_Wd2_0_AWADDR    |  out|   64|       m_axi|                              gmem_Wd2|       pointer|
|m_axi_gmem_Wd2_0_AWID      |  out|    1|       m_axi|                              gmem_Wd2|       pointer|
|m_axi_gmem_Wd2_0_AWLEN     |  out|   32|       m_axi|                              gmem_Wd2|       pointer|
|m_axi_gmem_Wd2_0_AWSIZE    |  out|    3|       m_axi|                              gmem_Wd2|       pointer|
|m_axi_gmem_Wd2_0_AWBURST   |  out|    2|       m_axi|                              gmem_Wd2|       pointer|
|m_axi_gmem_Wd2_0_AWLOCK    |  out|    2|       m_axi|                              gmem_Wd2|       pointer|
|m_axi_gmem_Wd2_0_AWCACHE   |  out|    4|       m_axi|                              gmem_Wd2|       pointer|
|m_axi_gmem_Wd2_0_AWPROT    |  out|    3|       m_axi|                              gmem_Wd2|       pointer|
|m_axi_gmem_Wd2_0_AWQOS     |  out|    4|       m_axi|                              gmem_Wd2|       pointer|
|m_axi_gmem_Wd2_0_AWREGION  |  out|    4|       m_axi|                              gmem_Wd2|       pointer|
|m_axi_gmem_Wd2_0_AWUSER    |  out|    1|       m_axi|                              gmem_Wd2|       pointer|
|m_axi_gmem_Wd2_0_WVALID    |  out|    1|       m_axi|                              gmem_Wd2|       pointer|
|m_axi_gmem_Wd2_0_WREADY    |   in|    1|       m_axi|                              gmem_Wd2|       pointer|
|m_axi_gmem_Wd2_0_WDATA     |  out|  128|       m_axi|                              gmem_Wd2|       pointer|
|m_axi_gmem_Wd2_0_WSTRB     |  out|   16|       m_axi|                              gmem_Wd2|       pointer|
|m_axi_gmem_Wd2_0_WLAST     |  out|    1|       m_axi|                              gmem_Wd2|       pointer|
|m_axi_gmem_Wd2_0_WID       |  out|    1|       m_axi|                              gmem_Wd2|       pointer|
|m_axi_gmem_Wd2_0_WUSER     |  out|    1|       m_axi|                              gmem_Wd2|       pointer|
|m_axi_gmem_Wd2_0_ARVALID   |  out|    1|       m_axi|                              gmem_Wd2|       pointer|
|m_axi_gmem_Wd2_0_ARREADY   |   in|    1|       m_axi|                              gmem_Wd2|       pointer|
|m_axi_gmem_Wd2_0_ARADDR    |  out|   64|       m_axi|                              gmem_Wd2|       pointer|
|m_axi_gmem_Wd2_0_ARID      |  out|    1|       m_axi|                              gmem_Wd2|       pointer|
|m_axi_gmem_Wd2_0_ARLEN     |  out|   32|       m_axi|                              gmem_Wd2|       pointer|
|m_axi_gmem_Wd2_0_ARSIZE    |  out|    3|       m_axi|                              gmem_Wd2|       pointer|
|m_axi_gmem_Wd2_0_ARBURST   |  out|    2|       m_axi|                              gmem_Wd2|       pointer|
|m_axi_gmem_Wd2_0_ARLOCK    |  out|    2|       m_axi|                              gmem_Wd2|       pointer|
|m_axi_gmem_Wd2_0_ARCACHE   |  out|    4|       m_axi|                              gmem_Wd2|       pointer|
|m_axi_gmem_Wd2_0_ARPROT    |  out|    3|       m_axi|                              gmem_Wd2|       pointer|
|m_axi_gmem_Wd2_0_ARQOS     |  out|    4|       m_axi|                              gmem_Wd2|       pointer|
|m_axi_gmem_Wd2_0_ARREGION  |  out|    4|       m_axi|                              gmem_Wd2|       pointer|
|m_axi_gmem_Wd2_0_ARUSER    |  out|    1|       m_axi|                              gmem_Wd2|       pointer|
|m_axi_gmem_Wd2_0_RVALID    |   in|    1|       m_axi|                              gmem_Wd2|       pointer|
|m_axi_gmem_Wd2_0_RREADY    |  out|    1|       m_axi|                              gmem_Wd2|       pointer|
|m_axi_gmem_Wd2_0_RDATA     |   in|  128|       m_axi|                              gmem_Wd2|       pointer|
|m_axi_gmem_Wd2_0_RLAST     |   in|    1|       m_axi|                              gmem_Wd2|       pointer|
|m_axi_gmem_Wd2_0_RID       |   in|    1|       m_axi|                              gmem_Wd2|       pointer|
|m_axi_gmem_Wd2_0_RFIFONUM  |   in|   10|       m_axi|                              gmem_Wd2|       pointer|
|m_axi_gmem_Wd2_0_RUSER     |   in|    1|       m_axi|                              gmem_Wd2|       pointer|
|m_axi_gmem_Wd2_0_RRESP     |   in|    2|       m_axi|                              gmem_Wd2|       pointer|
|m_axi_gmem_Wd2_0_BVALID    |   in|    1|       m_axi|                              gmem_Wd2|       pointer|
|m_axi_gmem_Wd2_0_BREADY    |  out|    1|       m_axi|                              gmem_Wd2|       pointer|
|m_axi_gmem_Wd2_0_BRESP     |   in|    2|       m_axi|                              gmem_Wd2|       pointer|
|m_axi_gmem_Wd2_0_BID       |   in|    1|       m_axi|                              gmem_Wd2|       pointer|
|m_axi_gmem_Wd2_0_BUSER     |   in|    1|       m_axi|                              gmem_Wd2|       pointer|
|sext_ln492                 |   in|   60|   ap_stable|                            sext_ln492|        scalar|
|ql_buf_7_address0          |  out|    5|   ap_memory|                              ql_buf_7|         array|
|ql_buf_7_ce0               |  out|    1|   ap_memory|                              ql_buf_7|         array|
|ql_buf_7_we0               |  out|    1|   ap_memory|                              ql_buf_7|         array|
|ql_buf_7_d0                |  out|  128|   ap_memory|                              ql_buf_7|         array|
|ql_buf_6_address0          |  out|    5|   ap_memory|                              ql_buf_6|         array|
|ql_buf_6_ce0               |  out|    1|   ap_memory|                              ql_buf_6|         array|
|ql_buf_6_we0               |  out|    1|   ap_memory|                              ql_buf_6|         array|
|ql_buf_6_d0                |  out|  128|   ap_memory|                              ql_buf_6|         array|
|ql_buf_5_address0          |  out|    5|   ap_memory|                              ql_buf_5|         array|
|ql_buf_5_ce0               |  out|    1|   ap_memory|                              ql_buf_5|         array|
|ql_buf_5_we0               |  out|    1|   ap_memory|                              ql_buf_5|         array|
|ql_buf_5_d0                |  out|  128|   ap_memory|                              ql_buf_5|         array|
|ql_buf_4_address0          |  out|    5|   ap_memory|                              ql_buf_4|         array|
|ql_buf_4_ce0               |  out|    1|   ap_memory|                              ql_buf_4|         array|
|ql_buf_4_we0               |  out|    1|   ap_memory|                              ql_buf_4|         array|
|ql_buf_4_d0                |  out|  128|   ap_memory|                              ql_buf_4|         array|
|ql_buf_3_address0          |  out|    5|   ap_memory|                              ql_buf_3|         array|
|ql_buf_3_ce0               |  out|    1|   ap_memory|                              ql_buf_3|         array|
|ql_buf_3_we0               |  out|    1|   ap_memory|                              ql_buf_3|         array|
|ql_buf_3_d0                |  out|  128|   ap_memory|                              ql_buf_3|         array|
|ql_buf_2_address0          |  out|    5|   ap_memory|                              ql_buf_2|         array|
|ql_buf_2_ce0               |  out|    1|   ap_memory|                              ql_buf_2|         array|
|ql_buf_2_we0               |  out|    1|   ap_memory|                              ql_buf_2|         array|
|ql_buf_2_d0                |  out|  128|   ap_memory|                              ql_buf_2|         array|
|ql_buf_1_address0          |  out|    5|   ap_memory|                              ql_buf_1|         array|
|ql_buf_1_ce0               |  out|    1|   ap_memory|                              ql_buf_1|         array|
|ql_buf_1_we0               |  out|    1|   ap_memory|                              ql_buf_1|         array|
|ql_buf_1_d0                |  out|  128|   ap_memory|                              ql_buf_1|         array|
|ql_buf_0_address0          |  out|    5|   ap_memory|                              ql_buf_0|         array|
|ql_buf_0_ce0               |  out|    1|   ap_memory|                              ql_buf_0|         array|
|ql_buf_0_we0               |  out|    1|   ap_memory|                              ql_buf_0|         array|
|ql_buf_0_d0                |  out|  128|   ap_memory|                              ql_buf_0|         array|
+---------------------------+-----+-----+------------+--------------------------------------+--------------+

============================================================
+ Verbose Summary: Synthesis Manager
============================================================
InlineROM: 1
ExposeGlobal: 0
============================================================
+ Verbose Summary: CDFG Model
============================================================
IsTopModel: 0
ResetActiveHigh: 1
IsCombinational: 2
IsDatapathOnly: 2
HasWiredReturn: 1
HasMFsm: 2
HasVarLatency: 1
IsPipeline: 0
IsRtlPipelined: 0
IsInstanceOverlapped: 0
IsDontTouch: 0
HasImplIP: 0
IsGatedGlobalClock: 0

+ Individual pipeline summary: 
  * Pipeline-0: initiation interval (II) = 1, depth = 3


============================================================
+ Verbose Summary: Schedule
============================================================
* Number of FSM states : 3
* Pipeline : 1
  Pipeline-0 : II = 1, D = 3, States = { 1 2 3 }
* Dataflow Pipeline: 0

* FSM state transitions: 
1 --> 2 
2 --> 3 
3 --> 

* FSM state operations: 

State 1 <SV = 0> <Delay = 1.63>
ST_1 : Operation 6 [1/1] (0.00ns)   --->   "%w = alloca i32 1" [swiglu.cpp:492]   --->   Operation 6 'alloca' 'w' <Predicate = true> <Delay = 0.00>
ST_1 : Operation 7 [1/1] (0.00ns)   --->   "%sext_ln492_read = read i60 @_ssdm_op_Read.ap_auto.i60, i60 %sext_ln492"   --->   Operation 7 'read' 'sext_ln492_read' <Predicate = true> <Delay = 0.00>
ST_1 : Operation 8 [1/1] (0.00ns)   --->   "%sext_ln492_cast = sext i60 %sext_ln492_read"   --->   Operation 8 'sext' 'sext_ln492_cast' <Predicate = true> <Delay = 0.00>
ST_1 : Operation 9 [1/1] (0.00ns)   --->   "%specstablecontent_ln0 = specstablecontent void @_ssdm_op_SpecStableContent, i128 %gmem_Wd2, i1 1, void @p_str"   --->   Operation 9 'specstablecontent' 'specstablecontent_ln0' <Predicate = true> <Delay = 0.00>
ST_1 : Operation 10 [1/1] (0.00ns)   --->   "%specmemcore_ln0 = specmemcore void @_ssdm_op_SpecMemCore, i128 %ql_buf_0, i64 666, i64 20, i64 18446744073709551615"   --->   Operation 10 'specmemcore' 'specmemcore_ln0' <Predicate = true> <Delay = 0.00>
ST_1 : Operation 11 [1/1] (0.00ns)   --->   "%specmemcore_ln0 = specmemcore void @_ssdm_op_SpecMemCore, i128 %ql_buf_1, i64 666, i64 20, i64 18446744073709551615"   --->   Operation 11 'specmemcore' 'specmemcore_ln0' <Predicate = true> <Delay = 0.00>
ST_1 : Operation 12 [1/1] (0.00ns)   --->   "%specmemcore_ln0 = specmemcore void @_ssdm_op_SpecMemCore, i128 %ql_buf_2, i64 666, i64 20, i64 18446744073709551615"   --->   Operation 12 'specmemcore' 'specmemcore_ln0' <Predicate = true> <Delay = 0.00>
ST_1 : Operation 13 [1/1] (0.00ns)   --->   "%specmemcore_ln0 = specmemcore void @_ssdm_op_SpecMemCore, i128 %ql_buf_3, i64 666, i64 20, i64 18446744073709551615"   --->   Operation 13 'specmemcore' 'specmemcore_ln0' <Predicate = true> <Delay = 0.00>
ST_1 : Operation 14 [1/1] (0.00ns)   --->   "%specmemcore_ln0 = specmemcore void @_ssdm_op_SpecMemCore, i128 %ql_buf_4, i64 666, i64 20, i64 18446744073709551615"   --->   Operation 14 'specmemcore' 'specmemcore_ln0' <Predicate = true> <Delay = 0.00>
ST_1 : Operation 15 [1/1] (0.00ns)   --->   "%specmemcore_ln0 = specmemcore void @_ssdm_op_SpecMemCore, i128 %ql_buf_5, i64 666, i64 20, i64 18446744073709551615"   --->   Operation 15 'specmemcore' 'specmemcore_ln0' <Predicate = true> <Delay = 0.00>
ST_1 : Operation 16 [1/1] (0.00ns)   --->   "%specmemcore_ln0 = specmemcore void @_ssdm_op_SpecMemCore, i128 %ql_buf_6, i64 666, i64 20, i64 18446744073709551615"   --->   Operation 16 'specmemcore' 'specmemcore_ln0' <Predicate = true> <Delay = 0.00>
ST_1 : Operation 17 [1/1] (0.00ns)   --->   "%specmemcore_ln0 = specmemcore void @_ssdm_op_SpecMemCore, i128 %ql_buf_7, i64 666, i64 20, i64 18446744073709551615"   --->   Operation 17 'specmemcore' 'specmemcore_ln0' <Predicate = true> <Delay = 0.00>
ST_1 : Operation 18 [1/1] (0.00ns)   --->   "%specinterface_ln0 = specinterface void @_ssdm_op_SpecInterface, i128 %gmem_Wd2, void @empty_38, i32 0, i32 0, void @empty_39, i32 64, i32 860160, void @empty_0, void @empty_40, void @empty_39, i32 2, i32 16, i32 256, i32 16, void @empty_39, void @empty_39, i32 4294967295, i32 0, i32 0"   --->   Operation 18 'specinterface' 'specinterface_ln0' <Predicate = true> <Delay = 0.00>
ST_1 : Operation 19 [1/1] (0.42ns)   --->   "%store_ln492 = store i9 0, i9 %w" [swiglu.cpp:492]   --->   Operation 19 'store' 'store_ln492' <Predicate = true> <Delay = 0.42>
ST_1 : Operation 20 [1/1] (0.00ns)   --->   "%br_ln0 = br void %for.inc"   --->   Operation 20 'br' 'br_ln0' <Predicate = true> <Delay = 0.00>
ST_1 : Operation 21 [1/1] (0.00ns)   --->   "%w_5 = load i9 %w" [swiglu.cpp:492]   --->   Operation 21 'load' 'w_5' <Predicate = true> <Delay = 0.00>
ST_1 : Operation 22 [1/1] (0.77ns)   --->   "%icmp_ln492 = icmp_eq  i9 %w_5, i9 256" [swiglu.cpp:492]   --->   Operation 22 'icmp' 'icmp_ln492' <Predicate = true> <Delay = 0.77> <CoreInst = "Cmp">   --->   Core 9 'Cmp' <Latency = 0> <II = 1> <Delay = 0.78> <FuncUnit> <Opcode : 'seteq' 'setne' 'setle' 'setge' 'setlt' 'setgt'> <InPorts = 2> <OutPorts = 1>
ST_1 : Operation 23 [1/1] (0.77ns)   --->   "%add_ln492 = add i9 %w_5, i9 1" [swiglu.cpp:492]   --->   Operation 23 'add' 'add_ln492' <Predicate = true> <Delay = 0.77> <CoreInst = "Adder">   --->   Core 1 'Adder' <Latency = 0> <II = 1> <Delay = 0.77> <FuncUnit> <Opcode : 'add' 'sub'> <InPorts = 2> <OutPorts = 1>
ST_1 : Operation 24 [1/1] (0.00ns)   --->   "%br_ln492 = br i1 %icmp_ln492, void %for.inc.split, void %LOAD_QH.exitStub" [swiglu.cpp:492]   --->   Operation 24 'br' 'br_ln492' <Predicate = true> <Delay = 0.00>
ST_1 : Operation 25 [1/1] (0.00ns)   --->   "%trunc_ln494 = trunc i9 %w_5" [swiglu.cpp:494]   --->   Operation 25 'trunc' 'trunc_ln494' <Predicate = (!icmp_ln492)> <Delay = 0.00>
ST_1 : Operation 26 [1/1] (0.00ns)   --->   "%trunc_ln494_3 = partselect i3 @_ssdm_op_PartSelect.i3.i9.i32.i32, i9 %w_5, i32 3, i32 5" [swiglu.cpp:494]   --->   Operation 26 'partselect' 'trunc_ln494_3' <Predicate = (!icmp_ln492)> <Delay = 0.00>
ST_1 : Operation 27 [1/1] (0.00ns)   --->   "%lshr_ln494_1 = partselect i2 @_ssdm_op_PartSelect.i2.i9.i32.i32, i9 %w_5, i32 6, i32 7" [swiglu.cpp:494]   --->   Operation 27 'partselect' 'lshr_ln494_1' <Predicate = (!icmp_ln492)> <Delay = 0.00>
ST_1 : Operation 28 [1/1] (0.67ns)   --->   "%switch_ln494 = switch i3 %trunc_ln494_3, void %arrayidx521.case.7, i3 0, void %arrayidx521.case.0, i3 1, void %arrayidx521.case.1, i3 2, void %arrayidx521.case.2, i3 3, void %arrayidx521.case.3, i3 4, void %arrayidx521.case.4, i3 5, void %arrayidx521.case.5, i3 6, void %arrayidx521.case.6" [swiglu.cpp:494]   --->   Operation 28 'switch' 'switch_ln494' <Predicate = (!icmp_ln492)> <Delay = 0.67>
ST_1 : Operation 29 [1/1] (0.42ns)   --->   "%store_ln492 = store i9 %add_ln492, i9 %w" [swiglu.cpp:492]   --->   Operation 29 'store' 'store_ln492' <Predicate = (!icmp_ln492)> <Delay = 0.42>
ST_1 : Operation 30 [1/1] (0.00ns)   --->   "%br_ln492 = br void %for.inc" [swiglu.cpp:492]   --->   Operation 30 'br' 'br_ln492' <Predicate = (!icmp_ln492)> <Delay = 0.00>

State 2 <SV = 1> <Delay = 2.43>
ST_2 : Operation 31 [1/1] (0.00ns)   --->   "%gmem_Wd2_addr = getelementptr i128 %gmem_Wd2, i64 %sext_ln492_cast" [swiglu.cpp:492]   --->   Operation 31 'getelementptr' 'gmem_Wd2_addr' <Predicate = true> <Delay = 0.00>
ST_2 : Operation 32 [1/1] (2.43ns)   --->   "%gmem_Wd2_addr_read = read i128 @_ssdm_op_Read.m_axi.p1i128, i64 %gmem_Wd2_addr" [swiglu.cpp:494]   --->   Operation 32 'read' 'gmem_Wd2_addr_read' <Predicate = true> <Delay = 2.43> <CoreInst = "m_axi">   --->   Core 119 'm_axi' <Latency = 3> <II = 1> <Delay = 1.00> <Adapter> <Opcode : 'read' 'write' 'readreq' 'writereq' 'writeresp'>
ST_2 : Operation 62 [1/1] (0.42ns)   --->   "%ret_ln0 = ret"   --->   Operation 62 'ret' 'ret_ln0' <Predicate = (icmp_ln492)> <Delay = 0.42>

State 3 <SV = 2> <Delay = 1.23>
ST_3 : Operation 33 [1/1] (0.00ns)   --->   "%specpipeline_ln493 = specpipeline void @_ssdm_op_SpecPipeline, i32 1, i32 0, i32 0, i32 0, void @empty_39" [swiglu.cpp:493]   --->   Operation 33 'specpipeline' 'specpipeline_ln493' <Predicate = true> <Delay = 0.00>
ST_3 : Operation 34 [1/1] (0.00ns)   --->   "%speclooptripcount_ln492 = speclooptripcount void @_ssdm_op_SpecLoopTripCount, i64 256, i64 256, i64 256" [swiglu.cpp:492]   --->   Operation 34 'speclooptripcount' 'speclooptripcount_ln492' <Predicate = true> <Delay = 0.00>
ST_3 : Operation 35 [1/1] (0.00ns)   --->   "%specloopname_ln492 = specloopname void @_ssdm_op_SpecLoopName, void @empty_7" [swiglu.cpp:492]   --->   Operation 35 'specloopname' 'specloopname_ln492' <Predicate = true> <Delay = 0.00>
ST_3 : Operation 36 [1/1] (0.00ns)   --->   "%tmp_s = bitconcatenate i5 @_ssdm_op_BitConcatenate.i5.i2.i3, i2 %lshr_ln494_1, i3 %trunc_ln494" [swiglu.cpp:494]   --->   Operation 36 'bitconcatenate' 'tmp_s' <Predicate = true> <Delay = 0.00>
ST_3 : Operation 37 [1/1] (0.00ns)   --->   "%zext_ln494 = zext i5 %tmp_s" [swiglu.cpp:494]   --->   Operation 37 'zext' 'zext_ln494' <Predicate = true> <Delay = 0.00>
ST_3 : Operation 38 [1/1] (0.00ns)   --->   "%ql_buf_0_addr = getelementptr i128 %ql_buf_0, i64 0, i64 %zext_ln494" [swiglu.cpp:494]   --->   Operation 38 'getelementptr' 'ql_buf_0_addr' <Predicate = true> <Delay = 0.00>
ST_3 : Operation 39 [1/1] (0.00ns)   --->   "%ql_buf_1_addr = getelementptr i128 %ql_buf_1, i64 0, i64 %zext_ln494" [swiglu.cpp:494]   --->   Operation 39 'getelementptr' 'ql_buf_1_addr' <Predicate = true> <Delay = 0.00>
ST_3 : Operation 40 [1/1] (0.00ns)   --->   "%ql_buf_2_addr = getelementptr i128 %ql_buf_2, i64 0, i64 %zext_ln494" [swiglu.cpp:494]   --->   Operation 40 'getelementptr' 'ql_buf_2_addr' <Predicate = true> <Delay = 0.00>
ST_3 : Operation 41 [1/1] (0.00ns)   --->   "%ql_buf_3_addr = getelementptr i128 %ql_buf_3, i64 0, i64 %zext_ln494" [swiglu.cpp:494]   --->   Operation 41 'getelementptr' 'ql_buf_3_addr' <Predicate = true> <Delay = 0.00>
ST_3 : Operation 42 [1/1] (0.00ns)   --->   "%ql_buf_4_addr = getelementptr i128 %ql_buf_4, i64 0, i64 %zext_ln494" [swiglu.cpp:494]   --->   Operation 42 'getelementptr' 'ql_buf_4_addr' <Predicate = true> <Delay = 0.00>
ST_3 : Operation 43 [1/1] (0.00ns)   --->   "%ql_buf_5_addr = getelementptr i128 %ql_buf_5, i64 0, i64 %zext_ln494" [swiglu.cpp:494]   --->   Operation 43 'getelementptr' 'ql_buf_5_addr' <Predicate = true> <Delay = 0.00>
ST_3 : Operation 44 [1/1] (0.00ns)   --->   "%ql_buf_6_addr = getelementptr i128 %ql_buf_6, i64 0, i64 %zext_ln494" [swiglu.cpp:494]   --->   Operation 44 'getelementptr' 'ql_buf_6_addr' <Predicate = true> <Delay = 0.00>
ST_3 : Operation 45 [1/1] (0.00ns)   --->   "%ql_buf_7_addr = getelementptr i128 %ql_buf_7, i64 0, i64 %zext_ln494" [swiglu.cpp:494]   --->   Operation 45 'getelementptr' 'ql_buf_7_addr' <Predicate = true> <Delay = 0.00>
ST_3 : Operation 46 [1/1] ( I:1.23ns O:1.23ns )   --->   "%store_ln494 = store i128 %gmem_Wd2_addr_read, i5 %ql_buf_6_addr" [swiglu.cpp:494]   --->   Operation 46 'store' 'store_ln494' <Predicate = (trunc_ln494_3 == 6)> <Delay = 1.23> <CoreInst = "RAM_1P_URAM">   --->   Core 90 'RAM_1P_URAM' <Latency = 1> <II = 1> <Delay = 1.23> <Storage> <Opcode : 'load' 'store'> <Ports = 1> <Width = 128> <Depth = 32> <RAM>
ST_3 : Operation 47 [1/1] (0.00ns)   --->   "%br_ln494 = br void %arrayidx521.exit" [swiglu.cpp:494]   --->   Operation 47 'br' 'br_ln494' <Predicate = (trunc_ln494_3 == 6)> <Delay = 0.00>
ST_3 : Operation 48 [1/1] ( I:1.23ns O:1.23ns )   --->   "%store_ln494 = store i128 %gmem_Wd2_addr_read, i5 %ql_buf_5_addr" [swiglu.cpp:494]   --->   Operation 48 'store' 'store_ln494' <Predicate = (trunc_ln494_3 == 5)> <Delay = 1.23> <CoreInst = "RAM_1P_URAM">   --->   Core 90 'RAM_1P_URAM' <Latency = 1> <II = 1> <Delay = 1.23> <Storage> <Opcode : 'load' 'store'> <Ports = 1> <Width = 128> <Depth = 32> <RAM>
ST_3 : Operation 49 [1/1] (0.00ns)   --->   "%br_ln494 = br void %arrayidx521.exit" [swiglu.cpp:494]   --->   Operation 49 'br' 'br_ln494' <Predicate = (trunc_ln494_3 == 5)> <Delay = 0.00>
ST_3 : Operation 50 [1/1] ( I:1.23ns O:1.23ns )   --->   "%store_ln494 = store i128 %gmem_Wd2_addr_read, i5 %ql_buf_4_addr" [swiglu.cpp:494]   --->   Operation 50 'store' 'store_ln494' <Predicate = (trunc_ln494_3 == 4)> <Delay = 1.23> <CoreInst = "RAM_1P_URAM">   --->   Core 90 'RAM_1P_URAM' <Latency = 1> <II = 1> <Delay = 1.23> <Storage> <Opcode : 'load' 'store'> <Ports = 1> <Width = 128> <Depth = 32> <RAM>
ST_3 : Operation 51 [1/1] (0.00ns)   --->   "%br_ln494 = br void %arrayidx521.exit" [swiglu.cpp:494]   --->   Operation 51 'br' 'br_ln494' <Predicate = (trunc_ln494_3 == 4)> <Delay = 0.00>
ST_3 : Operation 52 [1/1] ( I:1.23ns O:1.23ns )   --->   "%store_ln494 = store i128 %gmem_Wd2_addr_read, i5 %ql_buf_3_addr" [swiglu.cpp:494]   --->   Operation 52 'store' 'store_ln494' <Predicate = (trunc_ln494_3 == 3)> <Delay = 1.23> <CoreInst = "RAM_1P_URAM">   --->   Core 90 'RAM_1P_URAM' <Latency = 1> <II = 1> <Delay = 1.23> <Storage> <Opcode : 'load' 'store'> <Ports = 1> <Width = 128> <Depth = 32> <RAM>
ST_3 : Operation 53 [1/1] (0.00ns)   --->   "%br_ln494 = br void %arrayidx521.exit" [swiglu.cpp:494]   --->   Operation 53 'br' 'br_ln494' <Predicate = (trunc_ln494_3 == 3)> <Delay = 0.00>
ST_3 : Operation 54 [1/1] ( I:1.23ns O:1.23ns )   --->   "%store_ln494 = store i128 %gmem_Wd2_addr_read, i5 %ql_buf_2_addr" [swiglu.cpp:494]   --->   Operation 54 'store' 'store_ln494' <Predicate = (trunc_ln494_3 == 2)> <Delay = 1.23> <CoreInst = "RAM_1P_URAM">   --->   Core 90 'RAM_1P_URAM' <Latency = 1> <II = 1> <Delay = 1.23> <Storage> <Opcode : 'load' 'store'> <Ports = 1> <Width = 128> <Depth = 32> <RAM>
ST_3 : Operation 55 [1/1] (0.00ns)   --->   "%br_ln494 = br void %arrayidx521.exit" [swiglu.cpp:494]   --->   Operation 55 'br' 'br_ln494' <Predicate = (trunc_ln494_3 == 2)> <Delay = 0.00>
ST_3 : Operation 56 [1/1] ( I:1.23ns O:1.23ns )   --->   "%store_ln494 = store i128 %gmem_Wd2_addr_read, i5 %ql_buf_1_addr" [swiglu.cpp:494]   --->   Operation 56 'store' 'store_ln494' <Predicate = (trunc_ln494_3 == 1)> <Delay = 1.23> <CoreInst = "RAM_1P_URAM">   --->   Core 90 'RAM_1P_URAM' <Latency = 1> <II = 1> <Delay = 1.23> <Storage> <Opcode : 'load' 'store'> <Ports = 1> <Width = 128> <Depth = 32> <RAM>
ST_3 : Operation 57 [1/1] (0.00ns)   --->   "%br_ln494 = br void %arrayidx521.exit" [swiglu.cpp:494]   --->   Operation 57 'br' 'br_ln494' <Predicate = (trunc_ln494_3 == 1)> <Delay = 0.00>
ST_3 : Operation 58 [1/1] ( I:1.23ns O:1.23ns )   --->   "%store_ln494 = store i128 %gmem_Wd2_addr_read, i5 %ql_buf_0_addr" [swiglu.cpp:494]   --->   Operation 58 'store' 'store_ln494' <Predicate = (trunc_ln494_3 == 0)> <Delay = 1.23> <CoreInst = "RAM_1P_URAM">   --->   Core 90 'RAM_1P_URAM' <Latency = 1> <II = 1> <Delay = 1.23> <Storage> <Opcode : 'load' 'store'> <Ports = 1> <Width = 128> <Depth = 32> <RAM>
ST_3 : Operation 59 [1/1] (0.00ns)   --->   "%br_ln494 = br void %arrayidx521.exit" [swiglu.cpp:494]   --->   Operation 59 'br' 'br_ln494' <Predicate = (trunc_ln494_3 == 0)> <Delay = 0.00>
ST_3 : Operation 60 [1/1] ( I:1.23ns O:1.23ns )   --->   "%store_ln494 = store i128 %gmem_Wd2_addr_read, i5 %ql_buf_7_addr" [swiglu.cpp:494]   --->   Operation 60 'store' 'store_ln494' <Predicate = (trunc_ln494_3 == 7)> <Delay = 1.23> <CoreInst = "RAM_1P_URAM">   --->   Core 90 'RAM_1P_URAM' <Latency = 1> <II = 1> <Delay = 1.23> <Storage> <Opcode : 'load' 'store'> <Ports = 1> <Width = 128> <Depth = 32> <RAM>
ST_3 : Operation 61 [1/1] (0.00ns)   --->   "%br_ln494 = br void %arrayidx521.exit" [swiglu.cpp:494]   --->   Operation 61 'br' 'br_ln494' <Predicate = (trunc_ln494_3 == 7)> <Delay = 0.00>


============================================================
+ Verbose Summary: Binding
============================================================
STG Binding: 
---------------- STG Properties BEGIN ----------------
- Is combinational: 0
- Is one-state seq: 0
- Is datapath-only: 0
- Is pipelined: 0
- Is top level: 0
Port [ Return ] is wired: 1; IO mode=ap_ctrl_hs:ce=0
Port [ gmem_Wd2]:  wired=1; compound=1; hidden=0; nouse=0; global=0; static=0; extern=0; dir=0; type=4; pingpong=0; private_global=0; IO mode=m_axi:ce=0
Port [ sext_ln492]:  wired=1; compound=0; hidden=0; nouse=0; global=0; static=0; extern=0; dir=0; type=0; pingpong=0; private_global=0; IO mode=ap_stable:ce=0
Port [ ql_buf_7]:  wired=1; compound=1; hidden=0; nouse=0; global=0; static=0; extern=0; dir=1; type=1; pingpong=0; private_global=0; MemPort=[0]; IO mode=ap_memory:ce=0
Port [ ql_buf_6]:  wired=1; compound=1; hidden=0; nouse=0; global=0; static=0; extern=0; dir=1; type=1; pingpong=0; private_global=0; MemPort=[0]; IO mode=ap_memory:ce=0
Port [ ql_buf_5]:  wired=1; compound=1; hidden=0; nouse=0; global=0; static=0; extern=0; dir=1; type=1; pingpong=0; private_global=0; MemPort=[0]; IO mode=ap_memory:ce=0
Port [ ql_buf_4]:  wired=1; compound=1; hidden=0; nouse=0; global=0; static=0; extern=0; dir=1; type=1; pingpong=0; private_global=0; MemPort=[0]; IO mode=ap_memory:ce=0
Port [ ql_buf_3]:  wired=1; compound=1; hidden=0; nouse=0; global=0; static=0; extern=0; dir=1; type=1; pingpong=0; private_global=0; MemPort=[0]; IO mode=ap_memory:ce=0
Port [ ql_buf_2]:  wired=1; compound=1; hidden=0; nouse=0; global=0; static=0; extern=0; dir=1; type=1; pingpong=0; private_global=0; MemPort=[0]; IO mode=ap_memory:ce=0
Port [ ql_buf_1]:  wired=1; compound=1; hidden=0; nouse=0; global=0; static=0; extern=0; dir=1; type=1; pingpong=0; private_global=0; MemPort=[0]; IO mode=ap_memory:ce=0
Port [ ql_buf_0]:  wired=1; compound=1; hidden=0; nouse=0; global=0; static=0; extern=0; dir=1; type=1; pingpong=0; private_global=0; MemPort=[0]; IO mode=ap_memory:ce=0
---------------- STG Properties END ------------------

---------------- Datapath Model BEGIN ----------------

<LifeTime>
<method=bitvector/>
w                       (alloca           ) [ 0100]
sext_ln492_read         (read             ) [ 0000]
sext_ln492_cast         (sext             ) [ 0110]
specstablecontent_ln0   (specstablecontent) [ 0000]
specmemcore_ln0         (specmemcore      ) [ 0000]
specmemcore_ln0         (specmemcore      ) [ 0000]
specmemcore_ln0         (specmemcore      ) [ 0000]
specmemcore_ln0         (specmemcore      ) [ 0000]
specmemcore_ln0         (specmemcore      ) [ 0000]
specmemcore_ln0         (specmemcore      ) [ 0000]
specmemcore_ln0         (specmemcore      ) [ 0000]
specmemcore_ln0         (specmemcore      ) [ 0000]
specinterface_ln0       (specinterface    ) [ 0000]
store_ln492             (store            ) [ 0000]
br_ln0                  (br               ) [ 0000]
w_5                     (load             ) [ 0000]
icmp_ln492              (icmp             ) [ 0110]
add_ln492               (add              ) [ 0000]
br_ln492                (br               ) [ 0000]
trunc_ln494             (trunc            ) [ 0111]
trunc_ln494_3           (partselect       ) [ 0111]
lshr_ln494_1            (partselect       ) [ 0111]
switch_ln494            (switch           ) [ 0000]
store_ln492             (store            ) [ 0000]
br_ln492                (br               ) [ 0000]
gmem_Wd2_addr           (getelementptr    ) [ 0000]
gmem_Wd2_addr_read      (read             ) [ 0101]
specpipeline_ln493      (specpipeline     ) [ 0000]
speclooptripcount_ln492 (speclooptripcount) [ 0000]
specloopname_ln492      (specloopname     ) [ 0000]
tmp_s                   (bitconcatenate   ) [ 0000]
zext_ln494              (zext             ) [ 0000]
ql_buf_0_addr           (getelementptr    ) [ 0000]
ql_buf_1_addr           (getelementptr    ) [ 0000]
ql_buf_2_addr           (getelementptr    ) [ 0000]
ql_buf_3_addr           (getelementptr    ) [ 0000]
ql_buf_4_addr           (getelementptr    ) [ 0000]
ql_buf_5_addr           (getelementptr    ) [ 0000]
ql_buf_6_addr           (getelementptr    ) [ 0000]
ql_buf_7_addr           (getelementptr    ) [ 0000]
store_ln494             (store            ) [ 0000]
br_ln494                (br               ) [ 0000]
store_ln494             (store            ) [ 0000]
br_ln494                (br               ) [ 0000]
store_ln494             (store            ) [ 0000]
br_ln494                (br               ) [ 0000]
store_ln494             (store            ) [ 0000]
br_ln494                (br               ) [ 0000]
store_ln494             (store            ) [ 0000]
br_ln494                (br               ) [ 0000]
store_ln494             (store            ) [ 0000]
br_ln494                (br               ) [ 0000]
store_ln494             (store            ) [ 0000]
br_ln494                (br               ) [ 0000]
store_ln494             (store            ) [ 0000]
br_ln494                (br               ) [ 0000]
ret_ln0                 (ret              ) [ 0000]
</LifeTime>

<model>

<comp_list>
<comp id="0" class="1000" name="gmem_Wd2">
<pin_list>
<pin id="1" dir="1" index="0" bw="1" slack="0"/>
</pin_list>
<bind>
<StgValue><ssdm name="gmem_Wd2"/><MemPortTyVec>0 </MemPortTyVec>
</StgValue>
</bind>
</comp>

<comp id="2" class="1000" name="sext_ln492">
<pin_list>
<pin id="3" dir="1" index="0" bw="1" slack="0"/>
</pin_list>
<bind>
<StgValue><ssdm name="sext_ln492"/></StgValue>
</bind>
</comp>

<comp id="4" class="1000" name="ql_buf_7">
<pin_list>
<pin id="5" dir="1" index="0" bw="1" slack="0"/>
</pin_list>
<bind>
<StgValue><ssdm name="ql_buf_7"/><MemPortTyVec>0 </MemPortTyVec>
</StgValue>
</bind>
</comp>

<comp id="6" class="1000" name="ql_buf_6">
<pin_list>
<pin id="7" dir="1" index="0" bw="1" slack="0"/>
</pin_list>
<bind>
<StgValue><ssdm name="ql_buf_6"/><MemPortTyVec>0 </MemPortTyVec>
</StgValue>
</bind>
</comp>

<comp id="8" class="1000" name="ql_buf_5">
<pin_list>
<pin id="9" dir="1" index="0" bw="1" slack="0"/>
</pin_list>
<bind>
<StgValue><ssdm name="ql_buf_5"/><MemPortTyVec>0 </MemPortTyVec>
</StgValue>
</bind>
</comp>

<comp id="10" class="1000" name="ql_buf_4">
<pin_list>
<pin id="11" dir="1" index="0" bw="1" slack="0"/>
</pin_list>
<bind>
<StgValue><ssdm name="ql_buf_4"/><MemPortTyVec>0 </MemPortTyVec>
</StgValue>
</bind>
</comp>

<comp id="12" class="1000" name="ql_buf_3">
<pin_list>
<pin id="13" dir="1" index="0" bw="1" slack="0"/>
</pin_list>
<bind>
<StgValue><ssdm name="ql_buf_3"/><MemPortTyVec>0 </MemPortTyVec>
</StgValue>
</bind>
</comp>

<comp id="14" class="1000" name="ql_buf_2">
<pin_list>
<pin id="15" dir="1" index="0" bw="1" slack="0"/>
</pin_list>
<bind>
<StgValue><ssdm name="ql_buf_2"/><MemPortTyVec>0 </MemPortTyVec>
</StgValue>
</bind>
</comp>

<comp id="16" class="1000" name="ql_buf_1">
<pin_list>
<pin id="17" dir="1" index="0" bw="1" slack="0"/>
</pin_list>
<bind>
<StgValue><ssdm name="ql_buf_1"/><MemPortTyVec>0 </MemPortTyVec>
</StgValue>
</bind>
</comp>

<comp id="18" class="1000" name="ql_buf_0">
<pin_list>
<pin id="19" dir="1" index="0" bw="1" slack="0"/>
</pin_list>
<bind>
<StgValue><ssdm name="ql_buf_0"/><MemPortTyVec>0 </MemPortTyVec>
</StgValue>
</bind>
</comp>

<comp id="20" class="1001" name="const_20">
<pin_list>
<pin id="21" dir="1" index="0" bw="1" slack="0"/>
</pin_list>
<bind>
<StgValue><ssdm name=""/></StgValue>
</bind>
</comp>

<comp id="22" class="1001" name="const_22">
<pin_list>
<pin id="23" dir="1" index="0" bw="1" slack="0"/>
</pin_list>
<bind>
<StgValue><ssdm name="_ssdm_op_Read.ap_auto.i60"/></StgValue>
</bind>
</comp>

<comp id="24" class="1001" name="const_24">
<pin_list>
<pin id="25" dir="1" index="0" bw="1" slack="2147483647"/>
</pin_list>
<bind>
<StgValue><ssdm name="_ssdm_op_SpecStableContent"/></StgValue>
</bind>
</comp>

<comp id="26" class="1001" name="const_26">
<pin_list>
<pin id="27" dir="1" index="0" bw="1" slack="2147483647"/>
</pin_list>
<bind>
<StgValue><ssdm name=""/></StgValue>
</bind>
</comp>

<comp id="28" class="1001" name="const_28">
<pin_list>
<pin id="29" dir="1" index="0" bw="1" slack="2147483647"/>
</pin_list>
<bind>
<StgValue><ssdm name="p_str"/></StgValue>
</bind>
</comp>

<comp id="30" class="1001" name="const_30">
<pin_list>
<pin id="31" dir="1" index="0" bw="1" slack="2147483647"/>
</pin_list>
<bind>
<StgValue><ssdm name="_ssdm_op_SpecMemCore"/></StgValue>
</bind>
</comp>

<comp id="32" class="1001" name="const_32">
<pin_list>
<pin id="33" dir="1" index="0" bw="1" slack="2147483647"/>
</pin_list>
<bind>
<StgValue><ssdm name=""/></StgValue>
</bind>
</comp>

<comp id="34" class="1001" name="const_34">
<pin_list>
<pin id="35" dir="1" index="0" bw="1" slack="2147483647"/>
</pin_list>
<bind>
<StgValue><ssdm name=""/></StgValue>
</bind>
</comp>

<comp id="36" class="1001" name="const_36">
<pin_list>
<pin id="37" dir="1" index="0" bw="1" slack="2147483647"/>
</pin_list>
<bind>
<StgValue><ssdm name=""/></StgValue>
</bind>
</comp>

<comp id="38" class="1001" name="const_38">
<pin_list>
<pin id="39" dir="1" index="0" bw="1" slack="2147483647"/>
</pin_list>
<bind>
<StgValue><ssdm name="_ssdm_op_SpecInterface"/></StgValue>
</bind>
</comp>

<comp id="40" class="1001" name="const_40">
<pin_list>
<pin id="41" dir="1" index="0" bw="1" slack="2147483647"/>
</pin_list>
<bind>
<StgValue><ssdm name="empty_38"/></StgValue>
</bind>
</comp>

<comp id="42" class="1001" name="const_42">
<pin_list>
<pin id="43" dir="1" index="0" bw="1" slack="2147483647"/>
</pin_list>
<bind>
<StgValue><ssdm name=""/></StgValue>
</bind>
</comp>

<comp id="44" class="1001" name="const_44">
<pin_list>
<pin id="45" dir="1" index="0" bw="1" slack="2147483647"/>
</pin_list>
<bind>
<StgValue><ssdm name="empty_39"/></StgValue>
</bind>
</comp>

<comp id="46" class="1001" name="const_46">
<pin_list>
<pin id="47" dir="1" index="0" bw="1" slack="2147483647"/>
</pin_list>
<bind>
<StgValue><ssdm name=""/></StgValue>
</bind>
</comp>

<comp id="48" class="1001" name="const_48">
<pin_list>
<pin id="49" dir="1" index="0" bw="1" slack="2147483647"/>
</pin_list>
<bind>
<StgValue><ssdm name=""/></StgValue>
</bind>
</comp>

<comp id="50" class="1001" name="const_50">
<pin_list>
<pin id="51" dir="1" index="0" bw="1" slack="2147483647"/>
</pin_list>
<bind>
<StgValue><ssdm name="empty_0"/></StgValue>
</bind>
</comp>

<comp id="52" class="1001" name="const_52">
<pin_list>
<pin id="53" dir="1" index="0" bw="1" slack="2147483647"/>
</pin_list>
<bind>
<StgValue><ssdm name="empty_40"/></StgValue>
</bind>
</comp>

<comp id="54" class="1001" name="const_54">
<pin_list>
<pin id="55" dir="1" index="0" bw="1" slack="2147483647"/>
</pin_list>
<bind>
<StgValue><ssdm name=""/></StgValue>
</bind>
</comp>

<comp id="56" class="1001" name="const_56">
<pin_list>
<pin id="57" dir="1" index="0" bw="1" slack="2147483647"/>
</pin_list>
<bind>
<StgValue><ssdm name=""/></StgValue>
</bind>
</comp>

<comp id="58" class="1001" name="const_58">
<pin_list>
<pin id="59" dir="1" index="0" bw="1" slack="2147483647"/>
</pin_list>
<bind>
<StgValue><ssdm name=""/></StgValue>
</bind>
</comp>

<comp id="60" class="1001" name="const_60">
<pin_list>
<pin id="61" dir="1" index="0" bw="1" slack="2147483647"/>
</pin_list>
<bind>
<StgValue><ssdm name=""/></StgValue>
</bind>
</comp>

<comp id="62" class="1001" name="const_62">
<pin_list>
<pin id="63" dir="1" index="0" bw="1" slack="0"/>
</pin_list>
<bind>
<StgValue><ssdm name=""/></StgValue>
</bind>
</comp>

<comp id="64" class="1001" name="const_64">
<pin_list>
<pin id="65" dir="1" index="0" bw="1" slack="0"/>
</pin_list>
<bind>
<StgValue><ssdm name=""/></StgValue>
</bind>
</comp>

<comp id="66" class="1001" name="const_66">
<pin_list>
<pin id="67" dir="1" index="0" bw="1" slack="0"/>
</pin_list>
<bind>
<StgValue><ssdm name=""/></StgValue>
</bind>
</comp>

<comp id="68" class="1001" name="const_68">
<pin_list>
<pin id="69" dir="1" index="0" bw="1" slack="0"/>
</pin_list>
<bind>
<StgValue><ssdm name="_ssdm_op_PartSelect.i3.i9.i32.i32"/></StgValue>
</bind>
</comp>

<comp id="70" class="1001" name="const_70">
<pin_list>
<pin id="71" dir="1" index="0" bw="1" slack="0"/>
</pin_list>
<bind>
<StgValue><ssdm name=""/></StgValue>
</bind>
</comp>

<comp id="72" class="1001" name="const_72">
<pin_list>
<pin id="73" dir="1" index="0" bw="1" slack="0"/>
</pin_list>
<bind>
<StgValue><ssdm name=""/></StgValue>
</bind>
</comp>

<comp id="74" class="1001" name="const_74">
<pin_list>
<pin id="75" dir="1" index="0" bw="1" slack="0"/>
</pin_list>
<bind>
<StgValue><ssdm name="_ssdm_op_PartSelect.i2.i9.i32.i32"/></StgValue>
</bind>
</comp>

<comp id="76" class="1001" name="const_76">
<pin_list>
<pin id="77" dir="1" index="0" bw="1" slack="0"/>
</pin_list>
<bind>
<StgValue><ssdm name=""/></StgValue>
</bind>
</comp>

<comp id="78" class="1001" name="const_78">
<pin_list>
<pin id="79" dir="1" index="0" bw="1" slack="0"/>
</pin_list>
<bind>
<StgValue><ssdm name=""/></StgValue>
</bind>
</comp>

<comp id="80" class="1001" name="const_80">
<pin_list>
<pin id="81" dir="1" index="0" bw="1" slack="0"/>
</pin_list>
<bind>
<StgValue><ssdm name=""/></StgValue>
</bind>
</comp>

<comp id="82" class="1001" name="const_82">
<pin_list>
<pin id="83" dir="1" index="0" bw="1" slack="0"/>
</pin_list>
<bind>
<StgValue><ssdm name=""/></StgValue>
</bind>
</comp>

<comp id="84" class="1001" name="const_84">
<pin_list>
<pin id="85" dir="1" index="0" bw="1" slack="0"/>
</pin_list>
<bind>
<StgValue><ssdm name=""/></StgValue>
</bind>
</comp>

<comp id="86" class="1001" name="const_86">
<pin_list>
<pin id="87" dir="1" index="0" bw="1" slack="0"/>
</pin_list>
<bind>
<StgValue><ssdm name=""/></StgValue>
</bind>
</comp>

<comp id="88" class="1001" name="const_88">
<pin_list>
<pin id="89" dir="1" index="0" bw="1" slack="0"/>
</pin_list>
<bind>
<StgValue><ssdm name=""/></StgValue>
</bind>
</comp>

<comp id="90" class="1001" name="const_90">
<pin_list>
<pin id="91" dir="1" index="0" bw="1" slack="0"/>
</pin_list>
<bind>
<StgValue><ssdm name=""/></StgValue>
</bind>
</comp>

<comp id="92" class="1001" name="const_92">
<pin_list>
<pin id="93" dir="1" index="0" bw="1" slack="0"/>
</pin_list>
<bind>
<StgValue><ssdm name=""/></StgValue>
</bind>
</comp>

<comp id="94" class="1001" name="const_94">
<pin_list>
<pin id="95" dir="1" index="0" bw="1" slack="0"/>
</pin_list>
<bind>
<StgValue><ssdm name="_ssdm_op_Read.m_axi.p1i128"/></StgValue>
</bind>
</comp>

<comp id="96" class="1001" name="const_96">
<pin_list>
<pin id="97" dir="1" index="0" bw="1" slack="2147483647"/>
</pin_list>
<bind>
<StgValue><ssdm name="_ssdm_op_SpecPipeline"/></StgValue>
</bind>
</comp>

<comp id="98" class="1001" name="const_98">
<pin_list>
<pin id="99" dir="1" index="0" bw="1" slack="2147483647"/>
</pin_list>
<bind>
<StgValue><ssdm name="_ssdm_op_SpecLoopTripCount"/></StgValue>
</bind>
</comp>

<comp id="100" class="1001" name="const_100">
<pin_list>
<pin id="101" dir="1" index="0" bw="1" slack="2147483647"/>
</pin_list>
<bind>
<StgValue><ssdm name=""/></StgValue>
</bind>
</comp>

<comp id="102" class="1001" name="const_102">
<pin_list>
<pin id="103" dir="1" index="0" bw="1" slack="2147483647"/>
</pin_list>
<bind>
<StgValue><ssdm name="_ssdm_op_SpecLoopName"/></StgValue>
</bind>
</comp>

<comp id="104" class="1001" name="const_104">
<pin_list>
<pin id="105" dir="1" index="0" bw="1" slack="2147483647"/>
</pin_list>
<bind>
<StgValue><ssdm name="empty_7"/></StgValue>
</bind>
</comp>

<comp id="106" class="1001" name="const_106">
<pin_list>
<pin id="107" dir="1" index="0" bw="1" slack="0"/>
</pin_list>
<bind>
<StgValue><ssdm name="_ssdm_op_BitConcatenate.i5.i2.i3"/></StgValue>
</bind>
</comp>

<comp id="108" class="1001" name="const_108">
<pin_list>
<pin id="109" dir="1" index="0" bw="1" slack="0"/>
</pin_list>
<bind>
<StgValue><ssdm name=""/></StgValue>
</bind>
</comp>

<comp id="110" class="1004" name="w_fu_110">
<pin_list>
<pin id="111" dir="0" index="0" bw="1" slack="0"/>
<pin id="112" dir="1" index="1" bw="9" slack="0"/>
</pin_list>
<bind>
<opcode="alloca(26) " fcode="alloca"/>
<opset="w/1 "/>
</bind>
</comp>

<comp id="114" class="1004" name="sext_ln492_read_read_fu_114">
<pin_list>
<pin id="115" dir="0" index="0" bw="60" slack="0"/>
<pin id="116" dir="0" index="1" bw="60" slack="0"/>
<pin id="117" dir="1" index="2" bw="60" slack="0"/>
</pin_list>
<bind>
<opcode="read(1150) " fcode="read"/>
<opset="sext_ln492_read/1 "/>
</bind>
</comp>

<comp id="120" class="1004" name="ql_buf_0_addr_gep_fu_120">
<pin_list>
<pin id="121" dir="0" index="0" bw="128" slack="0"/>
<pin id="122" dir="0" index="1" bw="1" slack="0"/>
<pin id="123" dir="0" index="2" bw="5" slack="0"/>
<pin id="124" dir="1" index="3" bw="5" slack="0"/>
</pin_list>
<bind>
<opcode="getelementptr(29) " fcode="getelementptr"/>
<opset="ql_buf_0_addr/3 "/>
</bind>
</comp>

<comp id="127" class="1004" name="ql_buf_1_addr_gep_fu_127">
<pin_list>
<pin id="128" dir="0" index="0" bw="128" slack="0"/>
<pin id="129" dir="0" index="1" bw="1" slack="0"/>
<pin id="130" dir="0" index="2" bw="5" slack="0"/>
<pin id="131" dir="1" index="3" bw="5" slack="0"/>
</pin_list>
<bind>
<opcode="getelementptr(29) " fcode="getelementptr"/>
<opset="ql_buf_1_addr/3 "/>
</bind>
</comp>

<comp id="134" class="1004" name="ql_buf_2_addr_gep_fu_134">
<pin_list>
<pin id="135" dir="0" index="0" bw="128" slack="0"/>
<pin id="136" dir="0" index="1" bw="1" slack="0"/>
<pin id="137" dir="0" index="2" bw="5" slack="0"/>
<pin id="138" dir="1" index="3" bw="5" slack="0"/>
</pin_list>
<bind>
<opcode="getelementptr(29) " fcode="getelementptr"/>
<opset="ql_buf_2_addr/3 "/>
</bind>
</comp>

<comp id="141" class="1004" name="ql_buf_3_addr_gep_fu_141">
<pin_list>
<pin id="142" dir="0" index="0" bw="128" slack="0"/>
<pin id="143" dir="0" index="1" bw="1" slack="0"/>
<pin id="144" dir="0" index="2" bw="5" slack="0"/>
<pin id="145" dir="1" index="3" bw="5" slack="0"/>
</pin_list>
<bind>
<opcode="getelementptr(29) " fcode="getelementptr"/>
<opset="ql_buf_3_addr/3 "/>
</bind>
</comp>

<comp id="148" class="1004" name="ql_buf_4_addr_gep_fu_148">
<pin_list>
<pin id="149" dir="0" index="0" bw="128" slack="0"/>
<pin id="150" dir="0" index="1" bw="1" slack="0"/>
<pin id="151" dir="0" index="2" bw="5" slack="0"/>
<pin id="152" dir="1" index="3" bw="5" slack="0"/>
</pin_list>
<bind>
<opcode="getelementptr(29) " fcode="getelementptr"/>
<opset="ql_buf_4_addr/3 "/>
</bind>
</comp>

<comp id="155" class="1004" name="ql_buf_5_addr_gep_fu_155">
<pin_list>
<pin id="156" dir="0" index="0" bw="128" slack="0"/>
<pin id="157" dir="0" index="1" bw="1" slack="0"/>
<pin id="158" dir="0" index="2" bw="5" slack="0"/>
<pin id="159" dir="1" index="3" bw="5" slack="0"/>
</pin_list>
<bind>
<opcode="getelementptr(29) " fcode="getelementptr"/>
<opset="ql_buf_5_addr/3 "/>
</bind>
</comp>

<comp id="162" class="1004" name="ql_buf_6_addr_gep_fu_162">
<pin_list>
<pin id="163" dir="0" index="0" bw="128" slack="0"/>
<pin id="164" dir="0" index="1" bw="1" slack="0"/>
<pin id="165" dir="0" index="2" bw="5" slack="0"/>
<pin id="166" dir="1" index="3" bw="5" slack="0"/>
</pin_list>
<bind>
<opcode="getelementptr(29) " fcode="getelementptr"/>
<opset="ql_buf_6_addr/3 "/>
</bind>
</comp>

<comp id="169" class="1004" name="ql_buf_7_addr_gep_fu_169">
<pin_list>
<pin id="170" dir="0" index="0" bw="128" slack="0"/>
<pin id="171" dir="0" index="1" bw="1" slack="0"/>
<pin id="172" dir="0" index="2" bw="5" slack="0"/>
<pin id="173" dir="1" index="3" bw="5" slack="0"/>
</pin_list>
<bind>
<opcode="getelementptr(29) " fcode="getelementptr"/>
<opset="ql_buf_7_addr/3 "/>
</bind>
</comp>

<comp id="176" class="1004" name="store_ln494_access_fu_176">
<pin_list>
<pin id="177" dir="0" index="0" bw="5" slack="0"/>
<pin id="178" dir="0" index="1" bw="128" slack="1"/>
<pin id="179" dir="0" index="2" bw="0" slack="2147483647"/>
<pin id="180" dir="1" index="3" bw="128" slack="2147483647"/>
</pin_list>
<bind>
<opcode="store(28) " fcode="store"/>
<opset="store_ln494/3 "/>
</bind>
</comp>

<comp id="182" class="1004" name="store_ln494_access_fu_182">
<pin_list>
<pin id="183" dir="0" index="0" bw="5" slack="0"/>
<pin id="184" dir="0" index="1" bw="128" slack="1"/>
<pin id="185" dir="0" index="2" bw="0" slack="2147483647"/>
<pin id="186" dir="1" index="3" bw="128" slack="2147483647"/>
</pin_list>
<bind>
<opcode="store(28) " fcode="store"/>
<opset="store_ln494/3 "/>
</bind>
</comp>

<comp id="188" class="1004" name="store_ln494_access_fu_188">
<pin_list>
<pin id="189" dir="0" index="0" bw="5" slack="0"/>
<pin id="190" dir="0" index="1" bw="128" slack="1"/>
<pin id="191" dir="0" index="2" bw="0" slack="2147483647"/>
<pin id="192" dir="1" index="3" bw="128" slack="2147483647"/>
</pin_list>
<bind>
<opcode="store(28) " fcode="store"/>
<opset="store_ln494/3 "/>
</bind>
</comp>

<comp id="194" class="1004" name="store_ln494_access_fu_194">
<pin_list>
<pin id="195" dir="0" index="0" bw="5" slack="0"/>
<pin id="196" dir="0" index="1" bw="128" slack="1"/>
<pin id="197" dir="0" index="2" bw="0" slack="2147483647"/>
<pin id="198" dir="1" index="3" bw="128" slack="2147483647"/>
</pin_list>
<bind>
<opcode="store(28) " fcode="store"/>
<opset="store_ln494/3 "/>
</bind>
</comp>

<comp id="200" class="1004" name="store_ln494_access_fu_200">
<pin_list>
<pin id="201" dir="0" index="0" bw="5" slack="0"/>
<pin id="202" dir="0" index="1" bw="128" slack="1"/>
<pin id="203" dir="0" index="2" bw="0" slack="2147483647"/>
<pin id="204" dir="1" index="3" bw="128" slack="2147483647"/>
</pin_list>
<bind>
<opcode="store(28) " fcode="store"/>
<opset="store_ln494/3 "/>
</bind>
</comp>

<comp id="206" class="1004" name="store_ln494_access_fu_206">
<pin_list>
<pin id="207" dir="0" index="0" bw="5" slack="0"/>
<pin id="208" dir="0" index="1" bw="128" slack="1"/>
<pin id="209" dir="0" index="2" bw="0" slack="2147483647"/>
<pin id="210" dir="1" index="3" bw="128" slack="2147483647"/>
</pin_list>
<bind>
<opcode="store(28) " fcode="store"/>
<opset="store_ln494/3 "/>
</bind>
</comp>

<comp id="212" class="1004" name="store_ln494_access_fu_212">
<pin_list>
<pin id="213" dir="0" index="0" bw="5" slack="0"/>
<pin id="214" dir="0" index="1" bw="128" slack="1"/>
<pin id="215" dir="0" index="2" bw="0" slack="2147483647"/>
<pin id="216" dir="1" index="3" bw="128" slack="2147483647"/>
</pin_list>
<bind>
<opcode="store(28) " fcode="store"/>
<opset="store_ln494/3 "/>
</bind>
</comp>

<comp id="218" class="1004" name="store_ln494_access_fu_218">
<pin_list>
<pin id="219" dir="0" index="0" bw="5" slack="0"/>
<pin id="220" dir="0" index="1" bw="128" slack="1"/>
<pin id="221" dir="0" index="2" bw="0" slack="2147483647"/>
<pin id="222" dir="1" index="3" bw="128" slack="2147483647"/>
</pin_list>
<bind>
<opcode="store(28) " fcode="store"/>
<opset="store_ln494/3 "/>
</bind>
</comp>

<comp id="224" class="1004" name="gmem_Wd2_addr_read_read_fu_224">
<pin_list>
<pin id="225" dir="0" index="0" bw="128" slack="0"/>
<pin id="226" dir="0" index="1" bw="128" slack="0"/>
<pin id="227" dir="1" index="2" bw="128" slack="1"/>
</pin_list>
<bind>
<opcode="read(1150) " fcode="read"/>
<opset="gmem_Wd2_addr_read/2 "/>
</bind>
</comp>

<comp id="229" class="1004" name="sext_ln492_cast_fu_229">
<pin_list>
<pin id="230" dir="0" index="0" bw="60" slack="0"/>
<pin id="231" dir="1" index="1" bw="64" slack="1"/>
</pin_list>
<bind>
<opcode="sext(35) " fcode="sext"/>
<opset="sext_ln492_cast/1 "/>
</bind>
</comp>

<comp id="233" class="1004" name="store_ln492_store_fu_233">
<pin_list>
<pin id="234" dir="0" index="0" bw="1" slack="0"/>
<pin id="235" dir="0" index="1" bw="9" slack="0"/>
<pin id="236" dir="1" index="2" bw="0" slack="2147483647"/>
</pin_list>
<bind>
<opcode="store(28) " fcode="store"/>
<opset="store_ln492/1 "/>
</bind>
</comp>

<comp id="238" class="1004" name="w_5_load_fu_238">
<pin_list>
<pin id="239" dir="0" index="0" bw="9" slack="0"/>
<pin id="240" dir="1" index="1" bw="9" slack="0"/>
</pin_list>
<bind>
<opcode="load(27) " fcode="load"/>
<opset="w_5/1 "/>
</bind>
</comp>

<comp id="241" class="1004" name="icmp_ln492_fu_241">
<pin_list>
<pin id="242" dir="0" index="0" bw="9" slack="0"/>
<pin id="243" dir="0" index="1" bw="9" slack="0"/>
<pin id="244" dir="1" index="2" bw="1" slack="1"/>
</pin_list>
<bind>
<opcode="icmp(45) " fcode="icmp"/>
<opset="icmp_ln492/1 "/>
</bind>
</comp>

<comp id="247" class="1004" name="add_ln492_fu_247">
<pin_list>
<pin id="248" dir="0" index="0" bw="9" slack="0"/>
<pin id="249" dir="0" index="1" bw="1" slack="0"/>
<pin id="250" dir="1" index="2" bw="9" slack="0"/>
</pin_list>
<bind>
<opcode="add(8) " fcode="add"/>
<opset="add_ln492/1 "/>
</bind>
</comp>

<comp id="253" class="1004" name="trunc_ln494_fu_253">
<pin_list>
<pin id="254" dir="0" index="0" bw="9" slack="0"/>
<pin id="255" dir="1" index="1" bw="3" slack="2"/>
</pin_list>
<bind>
<opcode="trunc(33) " fcode="trunc"/>
<opset="trunc_ln494/1 "/>
</bind>
</comp>

<comp id="257" class="1004" name="trunc_ln494_3_fu_257">
<pin_list>
<pin id="258" dir="0" index="0" bw="3" slack="0"/>
<pin id="259" dir="0" index="1" bw="9" slack="0"/>
<pin id="260" dir="0" index="2" bw="3" slack="0"/>
<pin id="261" dir="0" index="3" bw="4" slack="0"/>
<pin id="262" dir="1" index="4" bw="3" slack="0"/>
</pin_list>
<bind>
<opcode="partselect(1002) " fcode="partselect"/>
<opset="trunc_ln494_3/1 "/>
</bind>
</comp>

<comp id="267" class="1004" name="lshr_ln494_1_fu_267">
<pin_list>
<pin id="268" dir="0" index="0" bw="2" slack="0"/>
<pin id="269" dir="0" index="1" bw="9" slack="0"/>
<pin id="270" dir="0" index="2" bw="4" slack="0"/>
<pin id="271" dir="0" index="3" bw="4" slack="0"/>
<pin id="272" dir="1" index="4" bw="2" slack="2"/>
</pin_list>
<bind>
<opcode="partselect(1002) " fcode="partselect"/>
<opset="lshr_ln494_1/1 "/>
</bind>
</comp>

<comp id="277" class="1004" name="switch_ln494_fu_277">
<pin_list>
<pin id="278" dir="0" index="0" bw="3" slack="0"/>
<pin id="279" dir="0" index="1" bw="1" slack="0"/>
<pin id="280" dir="0" index="2" bw="1" slack="0"/>
<pin id="281" dir="0" index="3" bw="3" slack="0"/>
<pin id="282" dir="0" index="4" bw="3" slack="0"/>
<pin id="283" dir="0" index="5" bw="3" slack="0"/>
<pin id="284" dir="0" index="6" bw="3" slack="0"/>
<pin id="285" dir="0" index="7" bw="2" slack="0"/>
<pin id="286" dir="1" index="8" bw="0" slack="2147483647"/>
</pin_list>
<bind>
<opcode="switch(3) " fcode="switch"/>
<opset="switch_ln494/1 "/>
</bind>
</comp>

<comp id="295" class="1004" name="store_ln492_store_fu_295">
<pin_list>
<pin id="296" dir="0" index="0" bw="9" slack="0"/>
<pin id="297" dir="0" index="1" bw="9" slack="0"/>
<pin id="298" dir="1" index="2" bw="0" slack="2147483647"/>
</pin_list>
<bind>
<opcode="store(28) " fcode="store"/>
<opset="store_ln492/1 "/>
</bind>
</comp>

<comp id="300" class="1004" name="gmem_Wd2_addr_fu_300">
<pin_list>
<pin id="301" dir="0" index="0" bw="64" slack="0"/>
<pin id="302" dir="0" index="1" bw="64" slack="1"/>
<pin id="303" dir="1" index="2" bw="64" slack="0"/>
</pin_list>
<bind>
<opcode="getelementptr(29) " fcode="getelementptr"/>
<opset="gmem_Wd2_addr/2 "/>
</bind>
</comp>

<comp id="306" class="1004" name="tmp_s_fu_306">
<pin_list>
<pin id="307" dir="0" index="0" bw="5" slack="0"/>
<pin id="308" dir="0" index="1" bw="2" slack="2"/>
<pin id="309" dir="0" index="2" bw="3" slack="2"/>
<pin id="310" dir="1" index="3" bw="5" slack="0"/>
</pin_list>
<bind>
<opcode="bitconcatenate(1004) " fcode="bitconcatenate"/>
<opset="tmp_s/3 "/>
</bind>
</comp>

<comp id="312" class="1004" name="zext_ln494_fu_312">
<pin_list>
<pin id="313" dir="0" index="0" bw="5" slack="0"/>
<pin id="314" dir="1" index="1" bw="64" slack="0"/>
</pin_list>
<bind>
<opcode="zext(34) " fcode="zext"/>
<opset="zext_ln494/3 "/>
</bind>
</comp>

<comp id="324" class="1005" name="w_reg_324">
<pin_list>
<pin id="325" dir="0" index="0" bw="9" slack="0"/>
<pin id="326" dir="1" index="1" bw="9" slack="0"/>
</pin_list>
<bind>
<opset="w "/>
</bind>
</comp>

<comp id="331" class="1005" name="sext_ln492_cast_reg_331">
<pin_list>
<pin id="332" dir="0" index="0" bw="64" slack="1"/>
<pin id="333" dir="1" index="1" bw="64" slack="1"/>
</pin_list>
<bind>
<opset="sext_ln492_cast "/>
</bind>
</comp>

<comp id="336" class="1005" name="icmp_ln492_reg_336">
<pin_list>
<pin id="337" dir="0" index="0" bw="1" slack="1"/>
<pin id="338" dir="1" index="1" bw="1" slack="2147483647"/>
</pin_list>
<bind>
<opset="icmp_ln492 "/>
</bind>
</comp>

<comp id="340" class="1005" name="trunc_ln494_reg_340">
<pin_list>
<pin id="341" dir="0" index="0" bw="3" slack="2"/>
<pin id="342" dir="1" index="1" bw="3" slack="2"/>
</pin_list>
<bind>
<opset="trunc_ln494 "/>
</bind>
</comp>

<comp id="345" class="1005" name="trunc_ln494_3_reg_345">
<pin_list>
<pin id="346" dir="0" index="0" bw="3" slack="2"/>
<pin id="347" dir="1" index="1" bw="3" slack="2147483647"/>
</pin_list>
<bind>
<opset="trunc_ln494_3 "/>
</bind>
</comp>

<comp id="349" class="1005" name="lshr_ln494_1_reg_349">
<pin_list>
<pin id="350" dir="0" index="0" bw="2" slack="2"/>
<pin id="351" dir="1" index="1" bw="2" slack="2"/>
</pin_list>
<bind>
<opset="lshr_ln494_1 "/>
</bind>
</comp>

<comp id="354" class="1005" name="gmem_Wd2_addr_read_reg_354">
<pin_list>
<pin id="355" dir="0" index="0" bw="128" slack="1"/>
<pin id="356" dir="1" index="1" bw="128" slack="1"/>
</pin_list>
<bind>
<opset="gmem_Wd2_addr_read "/>
</bind>
</comp>

</comp_list>

<net_list>
<net id="113"><net_src comp="20" pin="0"/><net_sink comp="110" pin=0"/></net>

<net id="118"><net_src comp="22" pin="0"/><net_sink comp="114" pin=0"/></net>

<net id="119"><net_src comp="2" pin="0"/><net_sink comp="114" pin=1"/></net>

<net id="125"><net_src comp="18" pin="0"/><net_sink comp="120" pin=0"/></net>

<net id="126"><net_src comp="108" pin="0"/><net_sink comp="120" pin=1"/></net>

<net id="132"><net_src comp="16" pin="0"/><net_sink comp="127" pin=0"/></net>

<net id="133"><net_src comp="108" pin="0"/><net_sink comp="127" pin=1"/></net>

<net id="139"><net_src comp="14" pin="0"/><net_sink comp="134" pin=0"/></net>

<net id="140"><net_src comp="108" pin="0"/><net_sink comp="134" pin=1"/></net>

<net id="146"><net_src comp="12" pin="0"/><net_sink comp="141" pin=0"/></net>

<net id="147"><net_src comp="108" pin="0"/><net_sink comp="141" pin=1"/></net>

<net id="153"><net_src comp="10" pin="0"/><net_sink comp="148" pin=0"/></net>

<net id="154"><net_src comp="108" pin="0"/><net_sink comp="148" pin=1"/></net>

<net id="160"><net_src comp="8" pin="0"/><net_sink comp="155" pin=0"/></net>

<net id="161"><net_src comp="108" pin="0"/><net_sink comp="155" pin=1"/></net>

<net id="167"><net_src comp="6" pin="0"/><net_sink comp="162" pin=0"/></net>

<net id="168"><net_src comp="108" pin="0"/><net_sink comp="162" pin=1"/></net>

<net id="174"><net_src comp="4" pin="0"/><net_sink comp="169" pin=0"/></net>

<net id="175"><net_src comp="108" pin="0"/><net_sink comp="169" pin=1"/></net>

<net id="181"><net_src comp="162" pin="3"/><net_sink comp="176" pin=0"/></net>

<net id="187"><net_src comp="155" pin="3"/><net_sink comp="182" pin=0"/></net>

<net id="193"><net_src comp="148" pin="3"/><net_sink comp="188" pin=0"/></net>

<net id="199"><net_src comp="141" pin="3"/><net_sink comp="194" pin=0"/></net>

<net id="205"><net_src comp="134" pin="3"/><net_sink comp="200" pin=0"/></net>

<net id="211"><net_src comp="127" pin="3"/><net_sink comp="206" pin=0"/></net>

<net id="217"><net_src comp="120" pin="3"/><net_sink comp="212" pin=0"/></net>

<net id="223"><net_src comp="169" pin="3"/><net_sink comp="218" pin=0"/></net>

<net id="228"><net_src comp="94" pin="0"/><net_sink comp="224" pin=0"/></net>

<net id="232"><net_src comp="114" pin="2"/><net_sink comp="229" pin=0"/></net>

<net id="237"><net_src comp="62" pin="0"/><net_sink comp="233" pin=0"/></net>

<net id="245"><net_src comp="238" pin="1"/><net_sink comp="241" pin=0"/></net>

<net id="246"><net_src comp="64" pin="0"/><net_sink comp="241" pin=1"/></net>

<net id="251"><net_src comp="238" pin="1"/><net_sink comp="247" pin=0"/></net>

<net id="252"><net_src comp="66" pin="0"/><net_sink comp="247" pin=1"/></net>

<net id="256"><net_src comp="238" pin="1"/><net_sink comp="253" pin=0"/></net>

<net id="263"><net_src comp="68" pin="0"/><net_sink comp="257" pin=0"/></net>

<net id="264"><net_src comp="238" pin="1"/><net_sink comp="257" pin=1"/></net>

<net id="265"><net_src comp="70" pin="0"/><net_sink comp="257" pin=2"/></net>

<net id="266"><net_src comp="72" pin="0"/><net_sink comp="257" pin=3"/></net>

<net id="273"><net_src comp="74" pin="0"/><net_sink comp="267" pin=0"/></net>

<net id="274"><net_src comp="238" pin="1"/><net_sink comp="267" pin=1"/></net>

<net id="275"><net_src comp="76" pin="0"/><net_sink comp="267" pin=2"/></net>

<net id="276"><net_src comp="78" pin="0"/><net_sink comp="267" pin=3"/></net>

<net id="287"><net_src comp="257" pin="4"/><net_sink comp="277" pin=0"/></net>

<net id="288"><net_src comp="80" pin="0"/><net_sink comp="277" pin=1"/></net>

<net id="289"><net_src comp="82" pin="0"/><net_sink comp="277" pin=2"/></net>

<net id="290"><net_src comp="84" pin="0"/><net_sink comp="277" pin=3"/></net>

<net id="291"><net_src comp="86" pin="0"/><net_sink comp="277" pin=4"/></net>

<net id="292"><net_src comp="88" pin="0"/><net_sink comp="277" pin=5"/></net>

<net id="293"><net_src comp="90" pin="0"/><net_sink comp="277" pin=6"/></net>

<net id="294"><net_src comp="92" pin="0"/><net_sink comp="277" pin=7"/></net>

<net id="299"><net_src comp="247" pin="2"/><net_sink comp="295" pin=0"/></net>

<net id="304"><net_src comp="0" pin="0"/><net_sink comp="300" pin=0"/></net>

<net id="305"><net_src comp="300" pin="2"/><net_sink comp="224" pin=1"/></net>

<net id="311"><net_src comp="106" pin="0"/><net_sink comp="306" pin=0"/></net>

<net id="315"><net_src comp="306" pin="3"/><net_sink comp="312" pin=0"/></net>

<net id="316"><net_src comp="312" pin="1"/><net_sink comp="120" pin=2"/></net>

<net id="317"><net_src comp="312" pin="1"/><net_sink comp="127" pin=2"/></net>

<net id="318"><net_src comp="312" pin="1"/><net_sink comp="134" pin=2"/></net>

<net id="319"><net_src comp="312" pin="1"/><net_sink comp="141" pin=2"/></net>

<net id="320"><net_src comp="312" pin="1"/><net_sink comp="148" pin=2"/></net>

<net id="321"><net_src comp="312" pin="1"/><net_sink comp="155" pin=2"/></net>

<net id="322"><net_src comp="312" pin="1"/><net_sink comp="162" pin=2"/></net>

<net id="323"><net_src comp="312" pin="1"/><net_sink comp="169" pin=2"/></net>

<net id="327"><net_src comp="110" pin="1"/><net_sink comp="324" pin=0"/></net>

<net id="328"><net_src comp="324" pin="1"/><net_sink comp="233" pin=1"/></net>

<net id="329"><net_src comp="324" pin="1"/><net_sink comp="238" pin=0"/></net>

<net id="330"><net_src comp="324" pin="1"/><net_sink comp="295" pin=1"/></net>

<net id="334"><net_src comp="229" pin="1"/><net_sink comp="331" pin=0"/></net>

<net id="335"><net_src comp="331" pin="1"/><net_sink comp="300" pin=1"/></net>

<net id="339"><net_src comp="241" pin="2"/><net_sink comp="336" pin=0"/></net>

<net id="343"><net_src comp="253" pin="1"/><net_sink comp="340" pin=0"/></net>

<net id="344"><net_src comp="340" pin="1"/><net_sink comp="306" pin=2"/></net>

<net id="348"><net_src comp="257" pin="4"/><net_sink comp="345" pin=0"/></net>

<net id="352"><net_src comp="267" pin="4"/><net_sink comp="349" pin=0"/></net>

<net id="353"><net_src comp="349" pin="1"/><net_sink comp="306" pin=1"/></net>

<net id="357"><net_src comp="224" pin="2"/><net_sink comp="354" pin=0"/></net>

<net id="358"><net_src comp="354" pin="1"/><net_sink comp="176" pin=1"/></net>

<net id="359"><net_src comp="354" pin="1"/><net_sink comp="182" pin=1"/></net>

<net id="360"><net_src comp="354" pin="1"/><net_sink comp="188" pin=1"/></net>

<net id="361"><net_src comp="354" pin="1"/><net_sink comp="194" pin=1"/></net>

<net id="362"><net_src comp="354" pin="1"/><net_sink comp="200" pin=1"/></net>

<net id="363"><net_src comp="354" pin="1"/><net_sink comp="206" pin=1"/></net>

<net id="364"><net_src comp="354" pin="1"/><net_sink comp="212" pin=1"/></net>

<net id="365"><net_src comp="354" pin="1"/><net_sink comp="218" pin=1"/></net>

</net_list>

</model> 
---------------- Datapath Model END ------------------

* FSMD analyzer results:
  - Output states:
	Port: gmem_Wd2 | {}
	Port: ql_buf_7 | {3 }
	Port: ql_buf_6 | {3 }
	Port: ql_buf_5 | {3 }
	Port: ql_buf_4 | {3 }
	Port: ql_buf_3 | {3 }
	Port: ql_buf_2 | {3 }
	Port: ql_buf_1 | {3 }
	Port: ql_buf_0 | {3 }
 - Input state : 
	Port: load_row_down_q6k.1_Pipeline_LOAD_QL : gmem_Wd2 | {2 }
	Port: load_row_down_q6k.1_Pipeline_LOAD_QL : sext_ln492 | {1 }
	Port: load_row_down_q6k.1_Pipeline_LOAD_QL : ql_buf_7 | {}
	Port: load_row_down_q6k.1_Pipeline_LOAD_QL : ql_buf_6 | {}
	Port: load_row_down_q6k.1_Pipeline_LOAD_QL : ql_buf_5 | {}
	Port: load_row_down_q6k.1_Pipeline_LOAD_QL : ql_buf_4 | {}
	Port: load_row_down_q6k.1_Pipeline_LOAD_QL : ql_buf_3 | {}
	Port: load_row_down_q6k.1_Pipeline_LOAD_QL : ql_buf_2 | {}
	Port: load_row_down_q6k.1_Pipeline_LOAD_QL : ql_buf_1 | {}
	Port: load_row_down_q6k.1_Pipeline_LOAD_QL : ql_buf_0 | {}
  - Chain level:
	State 1
		store_ln492 : 1
		w_5 : 1
		icmp_ln492 : 2
		add_ln492 : 2
		br_ln492 : 3
		trunc_ln494 : 2
		trunc_ln494_3 : 2
		lshr_ln494_1 : 2
		switch_ln494 : 3
		store_ln492 : 3
	State 2
		gmem_Wd2_addr_read : 1
	State 3
		zext_ln494 : 1
		ql_buf_0_addr : 2
		ql_buf_1_addr : 2
		ql_buf_2_addr : 2
		ql_buf_3_addr : 2
		ql_buf_4_addr : 2
		ql_buf_5_addr : 2
		ql_buf_6_addr : 2
		ql_buf_7_addr : 2
		store_ln494 : 3
		store_ln494 : 3
		store_ln494 : 3
		store_ln494 : 3
		store_ln494 : 3
		store_ln494 : 3
		store_ln494 : 3
		store_ln494 : 3


============================================================
+ Verbose Summary: Datapath Resource usage 
============================================================

* Functional unit list:
|----------|--------------------------------|---------|---------|
| Operation|         Functional Unit        |    FF   |   LUT   |
|----------|--------------------------------|---------|---------|
|   icmp   |        icmp_ln492_fu_241       |    0    |    16   |
|----------|--------------------------------|---------|---------|
|    add   |        add_ln492_fu_247        |    0    |    16   |
|----------|--------------------------------|---------|---------|
|   read   |   sext_ln492_read_read_fu_114  |    0    |    0    |
|          | gmem_Wd2_addr_read_read_fu_224 |    0    |    0    |
|----------|--------------------------------|---------|---------|
|   sext   |     sext_ln492_cast_fu_229     |    0    |    0    |
|----------|--------------------------------|---------|---------|
|   trunc  |       trunc_ln494_fu_253       |    0    |    0    |
|----------|--------------------------------|---------|---------|
|partselect|      trunc_ln494_3_fu_257      |    0    |    0    |
|          |       lshr_ln494_1_fu_267      |    0    |    0    |
|----------|--------------------------------|---------|---------|
|  switch  |       switch_ln494_fu_277      |    0    |    0    |
|----------|--------------------------------|---------|---------|
|bitconcatenate|          tmp_s_fu_306          |    0    |    0    |
|----------|--------------------------------|---------|---------|
|   zext   |        zext_ln494_fu_312       |    0    |    0    |
|----------|--------------------------------|---------|---------|
|   Total  |                                |    0    |    32   |
|----------|--------------------------------|---------|---------|

Memories:
N/A

* Register list:
+--------------------------+--------+
|                          |   FF   |
+--------------------------+--------+
|gmem_Wd2_addr_read_reg_354|   128  |
|    icmp_ln492_reg_336    |    1   |
|   lshr_ln494_1_reg_349   |    2   |
|  sext_ln492_cast_reg_331 |   64   |
|   trunc_ln494_3_reg_345  |    3   |
|    trunc_ln494_reg_340   |    3   |
|         w_reg_324        |    9   |
+--------------------------+--------+
|           Total          |   210  |
+--------------------------+--------+

* Multiplexer (MUX) list: 
|--------|------|------|------|--------|
|  Comp  |  Pin | Size |  BW  | S x BW |
|--------|------|------|------|--------|
|  Total |      |      |      |    0   |
|--------|------|------|------|--------|



* Summary:
+-----------+--------+--------+
|           |   FF   |   LUT  |
+-----------+--------+--------+
|  Function |    0   |   32   |
|   Memory  |    -   |    -   |
|Multiplexer|    -   |    -   |
|  Register |   210  |    -   |
+-----------+--------+--------+
|   Total   |   210  |   32   |
+-----------+--------+--------+
