

================================================================
== Vitis HLS Report for 'mac_blocks_wv_k1_Pipeline_REDUCE_WV_K1'
================================================================
* Date:           Sun Apr  5 16:06:26 2026

* Version:        2025.1 (Build 6135595 on May 21 2025)
* Project:        swiglu
* Solution:       hls (Vivado IP Flow Target)
* Product family: zynquplus
* Target device:  xck26-sfvc784-2LV-c


================================================================
== Performance Estimates
================================================================
+ Timing: 
    * Summary: 
    +--------+---------+----------+------------+
    |  Clock |  Target | Estimated| Uncertainty|
    +--------+---------+----------+------------+
    |ap_clk  |  3.33 ns|  2.431 ns|     0.90 ns|
    +--------+---------+----------+------------+

+ Latency: 
    * Summary: 
    +---------+---------+-----------+-----------+-----+-----+------------------------------------------------+
    |  Latency (cycles) |   Latency (absolute)  |  Interval |                    Pipeline                    |
    |   min   |   max   |    min    |    max    | min | max |                      Type                      |
    +---------+---------+-----------+-----------+-----+-----+------------------------------------------------+
    |       19|       19|  63.327 ns|  63.327 ns|    9|    9|  loop auto-rewind stp (delay=0 clock cycles(s))|
    +---------+---------+-----------+-----------+-----+-----+------------------------------------------------+

    + Detail: 
        * Instance: 
        N/A

        * Loop: 
        +----------------+---------+---------+----------+-----------+-----------+------+----------+
        |                |  Latency (cycles) | Iteration|  Initiation Interval  | Trip |          |
        |    Loop Name   |   min   |   max   |  Latency |  achieved |   target  | Count| Pipelined|
        +----------------+---------+---------+----------+-----------+-----------+------+----------+
        |- REDUCE_WV_K1  |       17|       17|        11|          1|          1|     8|       yes|
        +----------------+---------+---------+----------+-----------+-----------+------+----------+

============================================================
+ Verbose Summary: Synthesis Manager
============================================================
InlineROM: 1
ExposeGlobal: 0
============================================================
+ Verbose Summary: CDFG Model
============================================================
IsTopModel: 0
ResetActiveHigh: 1
IsCombinational: 0
IsDatapathOnly: 0
HasWiredReturn: 1
HasMFsm: 2
HasVarLatency: 1
IsPipeline: 0
IsRtlPipelined: 0
IsInstanceOverlapped: 0
IsDontTouch: 0
HasImplIP: 0
IsGatedGlobalClock: 0

+ Individual pipeline summary: 
  * Pipeline-0: initiation interval (II) = 1, depth = 11


============================================================
+ Verbose Summary: Schedule
============================================================
* Number of FSM states : 11
* Pipeline : 1
  Pipeline-0 : II = 1, D = 11, States = { 1 2 3 4 5 6 7 8 9 10 11 }
* Dataflow Pipeline: 0

* FSM state transitions: 
1 --> 2 
2 --> 3 
3 --> 4 
4 --> 5 
5 --> 6 
6 --> 7 
7 --> 8 
8 --> 9 
9 --> 10 
10 --> 11 
11 --> 

* FSM state operations: 

State 1 <SV = 0> <Delay = 2.16>
ST_1 : Operation 14 [1/1] (0.00ns)   --->   "%total = alloca i32 1" [swiglu.cpp:197]   --->   Operation 14 'alloca' 'total' <Predicate = true> <Delay = 0.00>
ST_1 : Operation 15 [1/1] (0.00ns)   --->   "%b_1 = alloca i32 1" [swiglu.cpp:198]   --->   Operation 15 'alloca' 'b_1' <Predicate = true> <Delay = 0.00>
ST_1 : Operation 16 [1/1] (0.00ns)   --->   "%mux_case_784047_reload_read = read i32 @_ssdm_op_Read.ap_auto.float, i32 %mux_case_784047_reload"   --->   Operation 16 'read' 'mux_case_784047_reload_read' <Predicate = true> <Delay = 0.00>
ST_1 : Operation 17 [1/1] (0.00ns)   --->   "%mux_case_683944_reload_read = read i32 @_ssdm_op_Read.ap_auto.float, i32 %mux_case_683944_reload"   --->   Operation 17 'read' 'mux_case_683944_reload_read' <Predicate = true> <Delay = 0.00>
ST_1 : Operation 18 [1/1] (0.00ns)   --->   "%mux_case_583841_reload_read = read i32 @_ssdm_op_Read.ap_auto.float, i32 %mux_case_583841_reload"   --->   Operation 18 'read' 'mux_case_583841_reload_read' <Predicate = true> <Delay = 0.00>
ST_1 : Operation 19 [1/1] (0.00ns)   --->   "%mux_case_483738_reload_read = read i32 @_ssdm_op_Read.ap_auto.float, i32 %mux_case_483738_reload"   --->   Operation 19 'read' 'mux_case_483738_reload_read' <Predicate = true> <Delay = 0.00>
ST_1 : Operation 20 [1/1] (0.00ns)   --->   "%mux_case_383635_reload_read = read i32 @_ssdm_op_Read.ap_auto.float, i32 %mux_case_383635_reload"   --->   Operation 20 'read' 'mux_case_383635_reload_read' <Predicate = true> <Delay = 0.00>
ST_1 : Operation 21 [1/1] (0.00ns)   --->   "%mux_case_283532_reload_read = read i32 @_ssdm_op_Read.ap_auto.float, i32 %mux_case_283532_reload"   --->   Operation 21 'read' 'mux_case_283532_reload_read' <Predicate = true> <Delay = 0.00>
ST_1 : Operation 22 [1/1] (0.00ns)   --->   "%mux_case_183429_reload_read = read i32 @_ssdm_op_Read.ap_auto.float, i32 %mux_case_183429_reload"   --->   Operation 22 'read' 'mux_case_183429_reload_read' <Predicate = true> <Delay = 0.00>
ST_1 : Operation 23 [1/1] (0.00ns)   --->   "%mux_case_083326_reload_read = read i32 @_ssdm_op_Read.ap_auto.float, i32 %mux_case_083326_reload"   --->   Operation 23 'read' 'mux_case_083326_reload_read' <Predicate = true> <Delay = 0.00>
ST_1 : Operation 24 [1/1] (0.00ns)   --->   "%mux_case_783222_reload_read = read i32 @_ssdm_op_Read.ap_auto.float, i32 %mux_case_783222_reload"   --->   Operation 24 'read' 'mux_case_783222_reload_read' <Predicate = true> <Delay = 0.00>
ST_1 : Operation 25 [1/1] (0.00ns)   --->   "%mux_case_683119_reload_read = read i32 @_ssdm_op_Read.ap_auto.float, i32 %mux_case_683119_reload"   --->   Operation 25 'read' 'mux_case_683119_reload_read' <Predicate = true> <Delay = 0.00>
ST_1 : Operation 26 [1/1] (0.00ns)   --->   "%mux_case_583016_reload_read = read i32 @_ssdm_op_Read.ap_auto.float, i32 %mux_case_583016_reload"   --->   Operation 26 'read' 'mux_case_583016_reload_read' <Predicate = true> <Delay = 0.00>
ST_1 : Operation 27 [1/1] (0.00ns)   --->   "%mux_case_482913_reload_read = read i32 @_ssdm_op_Read.ap_auto.float, i32 %mux_case_482913_reload"   --->   Operation 27 'read' 'mux_case_482913_reload_read' <Predicate = true> <Delay = 0.00>
ST_1 : Operation 28 [1/1] (0.00ns)   --->   "%mux_case_382810_reload_read = read i32 @_ssdm_op_Read.ap_auto.float, i32 %mux_case_382810_reload"   --->   Operation 28 'read' 'mux_case_382810_reload_read' <Predicate = true> <Delay = 0.00>
ST_1 : Operation 29 [1/1] (0.00ns)   --->   "%mux_case_28277_reload_read = read i32 @_ssdm_op_Read.ap_auto.float, i32 %mux_case_28277_reload"   --->   Operation 29 'read' 'mux_case_28277_reload_read' <Predicate = true> <Delay = 0.00>
ST_1 : Operation 30 [1/1] (0.00ns)   --->   "%mux_case_18264_reload_read = read i32 @_ssdm_op_Read.ap_auto.float, i32 %mux_case_18264_reload"   --->   Operation 30 'read' 'mux_case_18264_reload_read' <Predicate = true> <Delay = 0.00>
ST_1 : Operation 31 [1/1] (0.00ns)   --->   "%mux_case_08251_reload_read = read i32 @_ssdm_op_Read.ap_auto.float, i32 %mux_case_08251_reload"   --->   Operation 31 'read' 'mux_case_08251_reload_read' <Predicate = true> <Delay = 0.00>
ST_1 : Operation 32 [1/1] (0.00ns)   --->   "%int_acc_m_63_load_reload_read = read i32 @_ssdm_op_Read.ap_auto.i32, i32 %int_acc_m_63_load_reload"   --->   Operation 32 'read' 'int_acc_m_63_load_reload_read' <Predicate = true> <Delay = 0.00>
ST_1 : Operation 33 [1/1] (0.00ns)   --->   "%int_acc_m_55_load_reload_read = read i32 @_ssdm_op_Read.ap_auto.i32, i32 %int_acc_m_55_load_reload"   --->   Operation 33 'read' 'int_acc_m_55_load_reload_read' <Predicate = true> <Delay = 0.00>
ST_1 : Operation 34 [1/1] (0.00ns)   --->   "%int_acc_m_47_load_reload_read = read i32 @_ssdm_op_Read.ap_auto.i32, i32 %int_acc_m_47_load_reload"   --->   Operation 34 'read' 'int_acc_m_47_load_reload_read' <Predicate = true> <Delay = 0.00>
ST_1 : Operation 35 [1/1] (0.00ns)   --->   "%int_acc_m_39_load_reload_read = read i32 @_ssdm_op_Read.ap_auto.i32, i32 %int_acc_m_39_load_reload"   --->   Operation 35 'read' 'int_acc_m_39_load_reload_read' <Predicate = true> <Delay = 0.00>
ST_1 : Operation 36 [1/1] (0.00ns)   --->   "%int_acc_m_31_load_reload_read = read i32 @_ssdm_op_Read.ap_auto.i32, i32 %int_acc_m_31_load_reload"   --->   Operation 36 'read' 'int_acc_m_31_load_reload_read' <Predicate = true> <Delay = 0.00>
ST_1 : Operation 37 [1/1] (0.00ns)   --->   "%int_acc_m_23_load_reload_read = read i32 @_ssdm_op_Read.ap_auto.i32, i32 %int_acc_m_23_load_reload"   --->   Operation 37 'read' 'int_acc_m_23_load_reload_read' <Predicate = true> <Delay = 0.00>
ST_1 : Operation 38 [1/1] (0.00ns)   --->   "%int_acc_m_15_load_reload_read = read i32 @_ssdm_op_Read.ap_auto.i32, i32 %int_acc_m_15_load_reload"   --->   Operation 38 'read' 'int_acc_m_15_load_reload_read' <Predicate = true> <Delay = 0.00>
ST_1 : Operation 39 [1/1] (0.00ns)   --->   "%int_acc_m_7_load_reload_read = read i32 @_ssdm_op_Read.ap_auto.i32, i32 %int_acc_m_7_load_reload"   --->   Operation 39 'read' 'int_acc_m_7_load_reload_read' <Predicate = true> <Delay = 0.00>
ST_1 : Operation 40 [1/1] (0.00ns)   --->   "%int_acc_w_63_load_reload_read = read i32 @_ssdm_op_Read.ap_auto.i32, i32 %int_acc_w_63_load_reload"   --->   Operation 40 'read' 'int_acc_w_63_load_reload_read' <Predicate = true> <Delay = 0.00>
ST_1 : Operation 41 [1/1] (0.00ns)   --->   "%int_acc_w_55_load_reload_read = read i32 @_ssdm_op_Read.ap_auto.i32, i32 %int_acc_w_55_load_reload"   --->   Operation 41 'read' 'int_acc_w_55_load_reload_read' <Predicate = true> <Delay = 0.00>
ST_1 : Operation 42 [1/1] (0.00ns)   --->   "%int_acc_w_47_load_reload_read = read i32 @_ssdm_op_Read.ap_auto.i32, i32 %int_acc_w_47_load_reload"   --->   Operation 42 'read' 'int_acc_w_47_load_reload_read' <Predicate = true> <Delay = 0.00>
ST_1 : Operation 43 [1/1] (0.00ns)   --->   "%int_acc_w_39_load_reload_read = read i32 @_ssdm_op_Read.ap_auto.i32, i32 %int_acc_w_39_load_reload"   --->   Operation 43 'read' 'int_acc_w_39_load_reload_read' <Predicate = true> <Delay = 0.00>
ST_1 : Operation 44 [1/1] (0.00ns)   --->   "%int_acc_w_31_load_reload_read = read i32 @_ssdm_op_Read.ap_auto.i32, i32 %int_acc_w_31_load_reload"   --->   Operation 44 'read' 'int_acc_w_31_load_reload_read' <Predicate = true> <Delay = 0.00>
ST_1 : Operation 45 [1/1] (0.00ns)   --->   "%int_acc_w_23_load_reload_read = read i32 @_ssdm_op_Read.ap_auto.i32, i32 %int_acc_w_23_load_reload"   --->   Operation 45 'read' 'int_acc_w_23_load_reload_read' <Predicate = true> <Delay = 0.00>
ST_1 : Operation 46 [1/1] (0.00ns)   --->   "%int_acc_w_15_load_reload_read = read i32 @_ssdm_op_Read.ap_auto.i32, i32 %int_acc_w_15_load_reload"   --->   Operation 46 'read' 'int_acc_w_15_load_reload_read' <Predicate = true> <Delay = 0.00>
ST_1 : Operation 47 [1/1] (0.00ns)   --->   "%int_acc_w_7_load_reload_read = read i32 @_ssdm_op_Read.ap_auto.i32, i32 %int_acc_w_7_load_reload"   --->   Operation 47 'read' 'int_acc_w_7_load_reload_read' <Predicate = true> <Delay = 0.00>
ST_1 : Operation 48 [1/1] (0.00ns)   --->   "%int_acc_m_62_load_reload_read = read i32 @_ssdm_op_Read.ap_auto.i32, i32 %int_acc_m_62_load_reload"   --->   Operation 48 'read' 'int_acc_m_62_load_reload_read' <Predicate = true> <Delay = 0.00>
ST_1 : Operation 49 [1/1] (0.00ns)   --->   "%int_acc_m_54_load_reload_read = read i32 @_ssdm_op_Read.ap_auto.i32, i32 %int_acc_m_54_load_reload"   --->   Operation 49 'read' 'int_acc_m_54_load_reload_read' <Predicate = true> <Delay = 0.00>
ST_1 : Operation 50 [1/1] (0.00ns)   --->   "%int_acc_m_46_load_reload_read = read i32 @_ssdm_op_Read.ap_auto.i32, i32 %int_acc_m_46_load_reload"   --->   Operation 50 'read' 'int_acc_m_46_load_reload_read' <Predicate = true> <Delay = 0.00>
ST_1 : Operation 51 [1/1] (0.00ns)   --->   "%int_acc_m_38_load_reload_read = read i32 @_ssdm_op_Read.ap_auto.i32, i32 %int_acc_m_38_load_reload"   --->   Operation 51 'read' 'int_acc_m_38_load_reload_read' <Predicate = true> <Delay = 0.00>
ST_1 : Operation 52 [1/1] (0.00ns)   --->   "%int_acc_m_30_load_reload_read = read i32 @_ssdm_op_Read.ap_auto.i32, i32 %int_acc_m_30_load_reload"   --->   Operation 52 'read' 'int_acc_m_30_load_reload_read' <Predicate = true> <Delay = 0.00>
ST_1 : Operation 53 [1/1] (0.00ns)   --->   "%int_acc_m_22_load_reload_read = read i32 @_ssdm_op_Read.ap_auto.i32, i32 %int_acc_m_22_load_reload"   --->   Operation 53 'read' 'int_acc_m_22_load_reload_read' <Predicate = true> <Delay = 0.00>
ST_1 : Operation 54 [1/1] (0.00ns)   --->   "%int_acc_m_14_load_reload_read = read i32 @_ssdm_op_Read.ap_auto.i32, i32 %int_acc_m_14_load_reload"   --->   Operation 54 'read' 'int_acc_m_14_load_reload_read' <Predicate = true> <Delay = 0.00>
ST_1 : Operation 55 [1/1] (0.00ns)   --->   "%int_acc_m_6_load_reload_read = read i32 @_ssdm_op_Read.ap_auto.i32, i32 %int_acc_m_6_load_reload"   --->   Operation 55 'read' 'int_acc_m_6_load_reload_read' <Predicate = true> <Delay = 0.00>
ST_1 : Operation 56 [1/1] (0.00ns)   --->   "%int_acc_w_62_load_reload_read = read i32 @_ssdm_op_Read.ap_auto.i32, i32 %int_acc_w_62_load_reload"   --->   Operation 56 'read' 'int_acc_w_62_load_reload_read' <Predicate = true> <Delay = 0.00>
ST_1 : Operation 57 [1/1] (0.00ns)   --->   "%int_acc_w_54_load_reload_read = read i32 @_ssdm_op_Read.ap_auto.i32, i32 %int_acc_w_54_load_reload"   --->   Operation 57 'read' 'int_acc_w_54_load_reload_read' <Predicate = true> <Delay = 0.00>
ST_1 : Operation 58 [1/1] (0.00ns)   --->   "%int_acc_w_46_load_reload_read = read i32 @_ssdm_op_Read.ap_auto.i32, i32 %int_acc_w_46_load_reload"   --->   Operation 58 'read' 'int_acc_w_46_load_reload_read' <Predicate = true> <Delay = 0.00>
ST_1 : Operation 59 [1/1] (0.00ns)   --->   "%int_acc_w_38_load_reload_read = read i32 @_ssdm_op_Read.ap_auto.i32, i32 %int_acc_w_38_load_reload"   --->   Operation 59 'read' 'int_acc_w_38_load_reload_read' <Predicate = true> <Delay = 0.00>
ST_1 : Operation 60 [1/1] (0.00ns)   --->   "%int_acc_w_30_load_reload_read = read i32 @_ssdm_op_Read.ap_auto.i32, i32 %int_acc_w_30_load_reload"   --->   Operation 60 'read' 'int_acc_w_30_load_reload_read' <Predicate = true> <Delay = 0.00>
ST_1 : Operation 61 [1/1] (0.00ns)   --->   "%int_acc_w_22_load_reload_read = read i32 @_ssdm_op_Read.ap_auto.i32, i32 %int_acc_w_22_load_reload"   --->   Operation 61 'read' 'int_acc_w_22_load_reload_read' <Predicate = true> <Delay = 0.00>
ST_1 : Operation 62 [1/1] (0.00ns)   --->   "%int_acc_w_14_load_reload_read = read i32 @_ssdm_op_Read.ap_auto.i32, i32 %int_acc_w_14_load_reload"   --->   Operation 62 'read' 'int_acc_w_14_load_reload_read' <Predicate = true> <Delay = 0.00>
ST_1 : Operation 63 [1/1] (0.00ns)   --->   "%int_acc_w_6_load_reload_read = read i32 @_ssdm_op_Read.ap_auto.i32, i32 %int_acc_w_6_load_reload"   --->   Operation 63 'read' 'int_acc_w_6_load_reload_read' <Predicate = true> <Delay = 0.00>
ST_1 : Operation 64 [1/1] (0.00ns)   --->   "%int_acc_m_61_load_reload_read = read i32 @_ssdm_op_Read.ap_auto.i32, i32 %int_acc_m_61_load_reload"   --->   Operation 64 'read' 'int_acc_m_61_load_reload_read' <Predicate = true> <Delay = 0.00>
ST_1 : Operation 65 [1/1] (0.00ns)   --->   "%int_acc_m_53_load_reload_read = read i32 @_ssdm_op_Read.ap_auto.i32, i32 %int_acc_m_53_load_reload"   --->   Operation 65 'read' 'int_acc_m_53_load_reload_read' <Predicate = true> <Delay = 0.00>
ST_1 : Operation 66 [1/1] (0.00ns)   --->   "%int_acc_m_45_load_reload_read = read i32 @_ssdm_op_Read.ap_auto.i32, i32 %int_acc_m_45_load_reload"   --->   Operation 66 'read' 'int_acc_m_45_load_reload_read' <Predicate = true> <Delay = 0.00>
ST_1 : Operation 67 [1/1] (0.00ns)   --->   "%int_acc_m_37_load_reload_read = read i32 @_ssdm_op_Read.ap_auto.i32, i32 %int_acc_m_37_load_reload"   --->   Operation 67 'read' 'int_acc_m_37_load_reload_read' <Predicate = true> <Delay = 0.00>
ST_1 : Operation 68 [1/1] (0.00ns)   --->   "%int_acc_m_29_load_reload_read = read i32 @_ssdm_op_Read.ap_auto.i32, i32 %int_acc_m_29_load_reload"   --->   Operation 68 'read' 'int_acc_m_29_load_reload_read' <Predicate = true> <Delay = 0.00>
ST_1 : Operation 69 [1/1] (0.00ns)   --->   "%int_acc_m_21_load_reload_read = read i32 @_ssdm_op_Read.ap_auto.i32, i32 %int_acc_m_21_load_reload"   --->   Operation 69 'read' 'int_acc_m_21_load_reload_read' <Predicate = true> <Delay = 0.00>
ST_1 : Operation 70 [1/1] (0.00ns)   --->   "%int_acc_m_13_load_reload_read = read i32 @_ssdm_op_Read.ap_auto.i32, i32 %int_acc_m_13_load_reload"   --->   Operation 70 'read' 'int_acc_m_13_load_reload_read' <Predicate = true> <Delay = 0.00>
ST_1 : Operation 71 [1/1] (0.00ns)   --->   "%int_acc_m_5_load_reload_read = read i32 @_ssdm_op_Read.ap_auto.i32, i32 %int_acc_m_5_load_reload"   --->   Operation 71 'read' 'int_acc_m_5_load_reload_read' <Predicate = true> <Delay = 0.00>
ST_1 : Operation 72 [1/1] (0.00ns)   --->   "%int_acc_w_61_load_reload_read = read i32 @_ssdm_op_Read.ap_auto.i32, i32 %int_acc_w_61_load_reload"   --->   Operation 72 'read' 'int_acc_w_61_load_reload_read' <Predicate = true> <Delay = 0.00>
ST_1 : Operation 73 [1/1] (0.00ns)   --->   "%int_acc_w_53_load_reload_read = read i32 @_ssdm_op_Read.ap_auto.i32, i32 %int_acc_w_53_load_reload"   --->   Operation 73 'read' 'int_acc_w_53_load_reload_read' <Predicate = true> <Delay = 0.00>
ST_1 : Operation 74 [1/1] (0.00ns)   --->   "%int_acc_w_45_load_reload_read = read i32 @_ssdm_op_Read.ap_auto.i32, i32 %int_acc_w_45_load_reload"   --->   Operation 74 'read' 'int_acc_w_45_load_reload_read' <Predicate = true> <Delay = 0.00>
ST_1 : Operation 75 [1/1] (0.00ns)   --->   "%int_acc_w_37_load_reload_read = read i32 @_ssdm_op_Read.ap_auto.i32, i32 %int_acc_w_37_load_reload"   --->   Operation 75 'read' 'int_acc_w_37_load_reload_read' <Predicate = true> <Delay = 0.00>
ST_1 : Operation 76 [1/1] (0.00ns)   --->   "%int_acc_w_29_load_reload_read = read i32 @_ssdm_op_Read.ap_auto.i32, i32 %int_acc_w_29_load_reload"   --->   Operation 76 'read' 'int_acc_w_29_load_reload_read' <Predicate = true> <Delay = 0.00>
ST_1 : Operation 77 [1/1] (0.00ns)   --->   "%int_acc_w_21_load_reload_read = read i32 @_ssdm_op_Read.ap_auto.i32, i32 %int_acc_w_21_load_reload"   --->   Operation 77 'read' 'int_acc_w_21_load_reload_read' <Predicate = true> <Delay = 0.00>
ST_1 : Operation 78 [1/1] (0.00ns)   --->   "%int_acc_w_13_load_reload_read = read i32 @_ssdm_op_Read.ap_auto.i32, i32 %int_acc_w_13_load_reload"   --->   Operation 78 'read' 'int_acc_w_13_load_reload_read' <Predicate = true> <Delay = 0.00>
ST_1 : Operation 79 [1/1] (0.00ns)   --->   "%int_acc_w_5_load_reload_read = read i32 @_ssdm_op_Read.ap_auto.i32, i32 %int_acc_w_5_load_reload"   --->   Operation 79 'read' 'int_acc_w_5_load_reload_read' <Predicate = true> <Delay = 0.00>
ST_1 : Operation 80 [1/1] (0.00ns)   --->   "%int_acc_m_60_load_reload_read = read i32 @_ssdm_op_Read.ap_auto.i32, i32 %int_acc_m_60_load_reload"   --->   Operation 80 'read' 'int_acc_m_60_load_reload_read' <Predicate = true> <Delay = 0.00>
ST_1 : Operation 81 [1/1] (0.00ns)   --->   "%int_acc_m_52_load_reload_read = read i32 @_ssdm_op_Read.ap_auto.i32, i32 %int_acc_m_52_load_reload"   --->   Operation 81 'read' 'int_acc_m_52_load_reload_read' <Predicate = true> <Delay = 0.00>
ST_1 : Operation 82 [1/1] (0.00ns)   --->   "%int_acc_m_44_load_reload_read = read i32 @_ssdm_op_Read.ap_auto.i32, i32 %int_acc_m_44_load_reload"   --->   Operation 82 'read' 'int_acc_m_44_load_reload_read' <Predicate = true> <Delay = 0.00>
ST_1 : Operation 83 [1/1] (0.00ns)   --->   "%int_acc_m_36_load_reload_read = read i32 @_ssdm_op_Read.ap_auto.i32, i32 %int_acc_m_36_load_reload"   --->   Operation 83 'read' 'int_acc_m_36_load_reload_read' <Predicate = true> <Delay = 0.00>
ST_1 : Operation 84 [1/1] (0.00ns)   --->   "%int_acc_m_28_load_reload_read = read i32 @_ssdm_op_Read.ap_auto.i32, i32 %int_acc_m_28_load_reload"   --->   Operation 84 'read' 'int_acc_m_28_load_reload_read' <Predicate = true> <Delay = 0.00>
ST_1 : Operation 85 [1/1] (0.00ns)   --->   "%int_acc_m_20_load_reload_read = read i32 @_ssdm_op_Read.ap_auto.i32, i32 %int_acc_m_20_load_reload"   --->   Operation 85 'read' 'int_acc_m_20_load_reload_read' <Predicate = true> <Delay = 0.00>
ST_1 : Operation 86 [1/1] (0.00ns)   --->   "%int_acc_m_12_load_reload_read = read i32 @_ssdm_op_Read.ap_auto.i32, i32 %int_acc_m_12_load_reload"   --->   Operation 86 'read' 'int_acc_m_12_load_reload_read' <Predicate = true> <Delay = 0.00>
ST_1 : Operation 87 [1/1] (0.00ns)   --->   "%int_acc_m_4_load_reload_read = read i32 @_ssdm_op_Read.ap_auto.i32, i32 %int_acc_m_4_load_reload"   --->   Operation 87 'read' 'int_acc_m_4_load_reload_read' <Predicate = true> <Delay = 0.00>
ST_1 : Operation 88 [1/1] (0.00ns)   --->   "%int_acc_w_60_load_reload_read = read i32 @_ssdm_op_Read.ap_auto.i32, i32 %int_acc_w_60_load_reload"   --->   Operation 88 'read' 'int_acc_w_60_load_reload_read' <Predicate = true> <Delay = 0.00>
ST_1 : Operation 89 [1/1] (0.00ns)   --->   "%int_acc_w_52_load_reload_read = read i32 @_ssdm_op_Read.ap_auto.i32, i32 %int_acc_w_52_load_reload"   --->   Operation 89 'read' 'int_acc_w_52_load_reload_read' <Predicate = true> <Delay = 0.00>
ST_1 : Operation 90 [1/1] (0.00ns)   --->   "%int_acc_w_44_load_reload_read = read i32 @_ssdm_op_Read.ap_auto.i32, i32 %int_acc_w_44_load_reload"   --->   Operation 90 'read' 'int_acc_w_44_load_reload_read' <Predicate = true> <Delay = 0.00>
ST_1 : Operation 91 [1/1] (0.00ns)   --->   "%int_acc_w_36_load_reload_read = read i32 @_ssdm_op_Read.ap_auto.i32, i32 %int_acc_w_36_load_reload"   --->   Operation 91 'read' 'int_acc_w_36_load_reload_read' <Predicate = true> <Delay = 0.00>
ST_1 : Operation 92 [1/1] (0.00ns)   --->   "%int_acc_w_28_load_reload_read = read i32 @_ssdm_op_Read.ap_auto.i32, i32 %int_acc_w_28_load_reload"   --->   Operation 92 'read' 'int_acc_w_28_load_reload_read' <Predicate = true> <Delay = 0.00>
ST_1 : Operation 93 [1/1] (0.00ns)   --->   "%int_acc_w_20_load_reload_read = read i32 @_ssdm_op_Read.ap_auto.i32, i32 %int_acc_w_20_load_reload"   --->   Operation 93 'read' 'int_acc_w_20_load_reload_read' <Predicate = true> <Delay = 0.00>
ST_1 : Operation 94 [1/1] (0.00ns)   --->   "%int_acc_w_12_load_reload_read = read i32 @_ssdm_op_Read.ap_auto.i32, i32 %int_acc_w_12_load_reload"   --->   Operation 94 'read' 'int_acc_w_12_load_reload_read' <Predicate = true> <Delay = 0.00>
ST_1 : Operation 95 [1/1] (0.00ns)   --->   "%int_acc_w_4_load_reload_read = read i32 @_ssdm_op_Read.ap_auto.i32, i32 %int_acc_w_4_load_reload"   --->   Operation 95 'read' 'int_acc_w_4_load_reload_read' <Predicate = true> <Delay = 0.00>
ST_1 : Operation 96 [1/1] (0.00ns)   --->   "%int_acc_m_59_load_reload_read = read i32 @_ssdm_op_Read.ap_auto.i32, i32 %int_acc_m_59_load_reload"   --->   Operation 96 'read' 'int_acc_m_59_load_reload_read' <Predicate = true> <Delay = 0.00>
ST_1 : Operation 97 [1/1] (0.00ns)   --->   "%int_acc_m_51_load_reload_read = read i32 @_ssdm_op_Read.ap_auto.i32, i32 %int_acc_m_51_load_reload"   --->   Operation 97 'read' 'int_acc_m_51_load_reload_read' <Predicate = true> <Delay = 0.00>
ST_1 : Operation 98 [1/1] (0.00ns)   --->   "%int_acc_m_43_load_reload_read = read i32 @_ssdm_op_Read.ap_auto.i32, i32 %int_acc_m_43_load_reload"   --->   Operation 98 'read' 'int_acc_m_43_load_reload_read' <Predicate = true> <Delay = 0.00>
ST_1 : Operation 99 [1/1] (0.00ns)   --->   "%int_acc_m_35_load_reload_read = read i32 @_ssdm_op_Read.ap_auto.i32, i32 %int_acc_m_35_load_reload"   --->   Operation 99 'read' 'int_acc_m_35_load_reload_read' <Predicate = true> <Delay = 0.00>
ST_1 : Operation 100 [1/1] (0.00ns)   --->   "%int_acc_m_27_load_reload_read = read i32 @_ssdm_op_Read.ap_auto.i32, i32 %int_acc_m_27_load_reload"   --->   Operation 100 'read' 'int_acc_m_27_load_reload_read' <Predicate = true> <Delay = 0.00>
ST_1 : Operation 101 [1/1] (0.00ns)   --->   "%int_acc_m_19_load_reload_read = read i32 @_ssdm_op_Read.ap_auto.i32, i32 %int_acc_m_19_load_reload"   --->   Operation 101 'read' 'int_acc_m_19_load_reload_read' <Predicate = true> <Delay = 0.00>
ST_1 : Operation 102 [1/1] (0.00ns)   --->   "%int_acc_m_11_load_reload_read = read i32 @_ssdm_op_Read.ap_auto.i32, i32 %int_acc_m_11_load_reload"   --->   Operation 102 'read' 'int_acc_m_11_load_reload_read' <Predicate = true> <Delay = 0.00>
ST_1 : Operation 103 [1/1] (0.00ns)   --->   "%int_acc_m_3_load_reload_read = read i32 @_ssdm_op_Read.ap_auto.i32, i32 %int_acc_m_3_load_reload"   --->   Operation 103 'read' 'int_acc_m_3_load_reload_read' <Predicate = true> <Delay = 0.00>
ST_1 : Operation 104 [1/1] (0.00ns)   --->   "%int_acc_w_59_load_reload_read = read i32 @_ssdm_op_Read.ap_auto.i32, i32 %int_acc_w_59_load_reload"   --->   Operation 104 'read' 'int_acc_w_59_load_reload_read' <Predicate = true> <Delay = 0.00>
ST_1 : Operation 105 [1/1] (0.00ns)   --->   "%int_acc_w_51_load_reload_read = read i32 @_ssdm_op_Read.ap_auto.i32, i32 %int_acc_w_51_load_reload"   --->   Operation 105 'read' 'int_acc_w_51_load_reload_read' <Predicate = true> <Delay = 0.00>
ST_1 : Operation 106 [1/1] (0.00ns)   --->   "%int_acc_w_43_load_reload_read = read i32 @_ssdm_op_Read.ap_auto.i32, i32 %int_acc_w_43_load_reload"   --->   Operation 106 'read' 'int_acc_w_43_load_reload_read' <Predicate = true> <Delay = 0.00>
ST_1 : Operation 107 [1/1] (0.00ns)   --->   "%int_acc_w_35_load_reload_read = read i32 @_ssdm_op_Read.ap_auto.i32, i32 %int_acc_w_35_load_reload"   --->   Operation 107 'read' 'int_acc_w_35_load_reload_read' <Predicate = true> <Delay = 0.00>
ST_1 : Operation 108 [1/1] (0.00ns)   --->   "%int_acc_w_27_load_reload_read = read i32 @_ssdm_op_Read.ap_auto.i32, i32 %int_acc_w_27_load_reload"   --->   Operation 108 'read' 'int_acc_w_27_load_reload_read' <Predicate = true> <Delay = 0.00>
ST_1 : Operation 109 [1/1] (0.00ns)   --->   "%int_acc_w_19_load_reload_read = read i32 @_ssdm_op_Read.ap_auto.i32, i32 %int_acc_w_19_load_reload"   --->   Operation 109 'read' 'int_acc_w_19_load_reload_read' <Predicate = true> <Delay = 0.00>
ST_1 : Operation 110 [1/1] (0.00ns)   --->   "%int_acc_w_11_load_reload_read = read i32 @_ssdm_op_Read.ap_auto.i32, i32 %int_acc_w_11_load_reload"   --->   Operation 110 'read' 'int_acc_w_11_load_reload_read' <Predicate = true> <Delay = 0.00>
ST_1 : Operation 111 [1/1] (0.00ns)   --->   "%int_acc_w_3_load_reload_read = read i32 @_ssdm_op_Read.ap_auto.i32, i32 %int_acc_w_3_load_reload"   --->   Operation 111 'read' 'int_acc_w_3_load_reload_read' <Predicate = true> <Delay = 0.00>
ST_1 : Operation 112 [1/1] (0.00ns)   --->   "%int_acc_m_58_load_reload_read = read i32 @_ssdm_op_Read.ap_auto.i32, i32 %int_acc_m_58_load_reload"   --->   Operation 112 'read' 'int_acc_m_58_load_reload_read' <Predicate = true> <Delay = 0.00>
ST_1 : Operation 113 [1/1] (0.00ns)   --->   "%int_acc_m_50_load_reload_read = read i32 @_ssdm_op_Read.ap_auto.i32, i32 %int_acc_m_50_load_reload"   --->   Operation 113 'read' 'int_acc_m_50_load_reload_read' <Predicate = true> <Delay = 0.00>
ST_1 : Operation 114 [1/1] (0.00ns)   --->   "%int_acc_m_42_load_reload_read = read i32 @_ssdm_op_Read.ap_auto.i32, i32 %int_acc_m_42_load_reload"   --->   Operation 114 'read' 'int_acc_m_42_load_reload_read' <Predicate = true> <Delay = 0.00>
ST_1 : Operation 115 [1/1] (0.00ns)   --->   "%int_acc_m_34_load_reload_read = read i32 @_ssdm_op_Read.ap_auto.i32, i32 %int_acc_m_34_load_reload"   --->   Operation 115 'read' 'int_acc_m_34_load_reload_read' <Predicate = true> <Delay = 0.00>
ST_1 : Operation 116 [1/1] (0.00ns)   --->   "%int_acc_m_26_load_reload_read = read i32 @_ssdm_op_Read.ap_auto.i32, i32 %int_acc_m_26_load_reload"   --->   Operation 116 'read' 'int_acc_m_26_load_reload_read' <Predicate = true> <Delay = 0.00>
ST_1 : Operation 117 [1/1] (0.00ns)   --->   "%int_acc_m_18_load_reload_read = read i32 @_ssdm_op_Read.ap_auto.i32, i32 %int_acc_m_18_load_reload"   --->   Operation 117 'read' 'int_acc_m_18_load_reload_read' <Predicate = true> <Delay = 0.00>
ST_1 : Operation 118 [1/1] (0.00ns)   --->   "%int_acc_m_10_load_reload_read = read i32 @_ssdm_op_Read.ap_auto.i32, i32 %int_acc_m_10_load_reload"   --->   Operation 118 'read' 'int_acc_m_10_load_reload_read' <Predicate = true> <Delay = 0.00>
ST_1 : Operation 119 [1/1] (0.00ns)   --->   "%int_acc_m_2_load_reload_read = read i32 @_ssdm_op_Read.ap_auto.i32, i32 %int_acc_m_2_load_reload"   --->   Operation 119 'read' 'int_acc_m_2_load_reload_read' <Predicate = true> <Delay = 0.00>
ST_1 : Operation 120 [1/1] (0.00ns)   --->   "%int_acc_w_58_load_reload_read = read i32 @_ssdm_op_Read.ap_auto.i32, i32 %int_acc_w_58_load_reload"   --->   Operation 120 'read' 'int_acc_w_58_load_reload_read' <Predicate = true> <Delay = 0.00>
ST_1 : Operation 121 [1/1] (0.00ns)   --->   "%int_acc_w_50_load_reload_read = read i32 @_ssdm_op_Read.ap_auto.i32, i32 %int_acc_w_50_load_reload"   --->   Operation 121 'read' 'int_acc_w_50_load_reload_read' <Predicate = true> <Delay = 0.00>
ST_1 : Operation 122 [1/1] (0.00ns)   --->   "%int_acc_w_42_load_reload_read = read i32 @_ssdm_op_Read.ap_auto.i32, i32 %int_acc_w_42_load_reload"   --->   Operation 122 'read' 'int_acc_w_42_load_reload_read' <Predicate = true> <Delay = 0.00>
ST_1 : Operation 123 [1/1] (0.00ns)   --->   "%int_acc_w_34_load_reload_read = read i32 @_ssdm_op_Read.ap_auto.i32, i32 %int_acc_w_34_load_reload"   --->   Operation 123 'read' 'int_acc_w_34_load_reload_read' <Predicate = true> <Delay = 0.00>
ST_1 : Operation 124 [1/1] (0.00ns)   --->   "%int_acc_w_26_load_reload_read = read i32 @_ssdm_op_Read.ap_auto.i32, i32 %int_acc_w_26_load_reload"   --->   Operation 124 'read' 'int_acc_w_26_load_reload_read' <Predicate = true> <Delay = 0.00>
ST_1 : Operation 125 [1/1] (0.00ns)   --->   "%int_acc_w_18_load_reload_read = read i32 @_ssdm_op_Read.ap_auto.i32, i32 %int_acc_w_18_load_reload"   --->   Operation 125 'read' 'int_acc_w_18_load_reload_read' <Predicate = true> <Delay = 0.00>
ST_1 : Operation 126 [1/1] (0.00ns)   --->   "%int_acc_w_10_load_reload_read = read i32 @_ssdm_op_Read.ap_auto.i32, i32 %int_acc_w_10_load_reload"   --->   Operation 126 'read' 'int_acc_w_10_load_reload_read' <Predicate = true> <Delay = 0.00>
ST_1 : Operation 127 [1/1] (0.00ns)   --->   "%int_acc_w_2_load_reload_read = read i32 @_ssdm_op_Read.ap_auto.i32, i32 %int_acc_w_2_load_reload"   --->   Operation 127 'read' 'int_acc_w_2_load_reload_read' <Predicate = true> <Delay = 0.00>
ST_1 : Operation 128 [1/1] (0.00ns)   --->   "%int_acc_m_57_load_reload_read = read i32 @_ssdm_op_Read.ap_auto.i32, i32 %int_acc_m_57_load_reload"   --->   Operation 128 'read' 'int_acc_m_57_load_reload_read' <Predicate = true> <Delay = 0.00>
ST_1 : Operation 129 [1/1] (0.00ns)   --->   "%int_acc_m_49_load_reload_read = read i32 @_ssdm_op_Read.ap_auto.i32, i32 %int_acc_m_49_load_reload"   --->   Operation 129 'read' 'int_acc_m_49_load_reload_read' <Predicate = true> <Delay = 0.00>
ST_1 : Operation 130 [1/1] (0.00ns)   --->   "%int_acc_m_41_load_reload_read = read i32 @_ssdm_op_Read.ap_auto.i32, i32 %int_acc_m_41_load_reload"   --->   Operation 130 'read' 'int_acc_m_41_load_reload_read' <Predicate = true> <Delay = 0.00>
ST_1 : Operation 131 [1/1] (0.00ns)   --->   "%int_acc_m_33_load_reload_read = read i32 @_ssdm_op_Read.ap_auto.i32, i32 %int_acc_m_33_load_reload"   --->   Operation 131 'read' 'int_acc_m_33_load_reload_read' <Predicate = true> <Delay = 0.00>
ST_1 : Operation 132 [1/1] (0.00ns)   --->   "%int_acc_m_25_load_reload_read = read i32 @_ssdm_op_Read.ap_auto.i32, i32 %int_acc_m_25_load_reload"   --->   Operation 132 'read' 'int_acc_m_25_load_reload_read' <Predicate = true> <Delay = 0.00>
ST_1 : Operation 133 [1/1] (0.00ns)   --->   "%int_acc_m_17_load_reload_read = read i32 @_ssdm_op_Read.ap_auto.i32, i32 %int_acc_m_17_load_reload"   --->   Operation 133 'read' 'int_acc_m_17_load_reload_read' <Predicate = true> <Delay = 0.00>
ST_1 : Operation 134 [1/1] (0.00ns)   --->   "%int_acc_m_9_load_reload_read = read i32 @_ssdm_op_Read.ap_auto.i32, i32 %int_acc_m_9_load_reload"   --->   Operation 134 'read' 'int_acc_m_9_load_reload_read' <Predicate = true> <Delay = 0.00>
ST_1 : Operation 135 [1/1] (0.00ns)   --->   "%int_acc_m_1_load_reload_read = read i32 @_ssdm_op_Read.ap_auto.i32, i32 %int_acc_m_1_load_reload"   --->   Operation 135 'read' 'int_acc_m_1_load_reload_read' <Predicate = true> <Delay = 0.00>
ST_1 : Operation 136 [1/1] (0.00ns)   --->   "%int_acc_w_57_load_reload_read = read i32 @_ssdm_op_Read.ap_auto.i32, i32 %int_acc_w_57_load_reload"   --->   Operation 136 'read' 'int_acc_w_57_load_reload_read' <Predicate = true> <Delay = 0.00>
ST_1 : Operation 137 [1/1] (0.00ns)   --->   "%int_acc_w_49_load_reload_read = read i32 @_ssdm_op_Read.ap_auto.i32, i32 %int_acc_w_49_load_reload"   --->   Operation 137 'read' 'int_acc_w_49_load_reload_read' <Predicate = true> <Delay = 0.00>
ST_1 : Operation 138 [1/1] (0.00ns)   --->   "%int_acc_w_41_load_reload_read = read i32 @_ssdm_op_Read.ap_auto.i32, i32 %int_acc_w_41_load_reload"   --->   Operation 138 'read' 'int_acc_w_41_load_reload_read' <Predicate = true> <Delay = 0.00>
ST_1 : Operation 139 [1/1] (0.00ns)   --->   "%int_acc_w_33_load_reload_read = read i32 @_ssdm_op_Read.ap_auto.i32, i32 %int_acc_w_33_load_reload"   --->   Operation 139 'read' 'int_acc_w_33_load_reload_read' <Predicate = true> <Delay = 0.00>
ST_1 : Operation 140 [1/1] (0.00ns)   --->   "%int_acc_w_25_load_reload_read = read i32 @_ssdm_op_Read.ap_auto.i32, i32 %int_acc_w_25_load_reload"   --->   Operation 140 'read' 'int_acc_w_25_load_reload_read' <Predicate = true> <Delay = 0.00>
ST_1 : Operation 141 [1/1] (0.00ns)   --->   "%int_acc_w_17_load_reload_read = read i32 @_ssdm_op_Read.ap_auto.i32, i32 %int_acc_w_17_load_reload"   --->   Operation 141 'read' 'int_acc_w_17_load_reload_read' <Predicate = true> <Delay = 0.00>
ST_1 : Operation 142 [1/1] (0.00ns)   --->   "%int_acc_w_9_load_reload_read = read i32 @_ssdm_op_Read.ap_auto.i32, i32 %int_acc_w_9_load_reload"   --->   Operation 142 'read' 'int_acc_w_9_load_reload_read' <Predicate = true> <Delay = 0.00>
ST_1 : Operation 143 [1/1] (0.00ns)   --->   "%int_acc_w_1_load_reload_read = read i32 @_ssdm_op_Read.ap_auto.i32, i32 %int_acc_w_1_load_reload"   --->   Operation 143 'read' 'int_acc_w_1_load_reload_read' <Predicate = true> <Delay = 0.00>
ST_1 : Operation 144 [1/1] (0.00ns)   --->   "%int_acc_m_56_load_reload_read = read i32 @_ssdm_op_Read.ap_auto.i32, i32 %int_acc_m_56_load_reload"   --->   Operation 144 'read' 'int_acc_m_56_load_reload_read' <Predicate = true> <Delay = 0.00>
ST_1 : Operation 145 [1/1] (0.00ns)   --->   "%int_acc_m_48_load_reload_read = read i32 @_ssdm_op_Read.ap_auto.i32, i32 %int_acc_m_48_load_reload"   --->   Operation 145 'read' 'int_acc_m_48_load_reload_read' <Predicate = true> <Delay = 0.00>
ST_1 : Operation 146 [1/1] (0.00ns)   --->   "%int_acc_m_40_load_reload_read = read i32 @_ssdm_op_Read.ap_auto.i32, i32 %int_acc_m_40_load_reload"   --->   Operation 146 'read' 'int_acc_m_40_load_reload_read' <Predicate = true> <Delay = 0.00>
ST_1 : Operation 147 [1/1] (0.00ns)   --->   "%int_acc_m_32_load_reload_read = read i32 @_ssdm_op_Read.ap_auto.i32, i32 %int_acc_m_32_load_reload"   --->   Operation 147 'read' 'int_acc_m_32_load_reload_read' <Predicate = true> <Delay = 0.00>
ST_1 : Operation 148 [1/1] (0.00ns)   --->   "%int_acc_m_24_load_reload_read = read i32 @_ssdm_op_Read.ap_auto.i32, i32 %int_acc_m_24_load_reload"   --->   Operation 148 'read' 'int_acc_m_24_load_reload_read' <Predicate = true> <Delay = 0.00>
ST_1 : Operation 149 [1/1] (0.00ns)   --->   "%int_acc_m_16_load_reload_read = read i32 @_ssdm_op_Read.ap_auto.i32, i32 %int_acc_m_16_load_reload"   --->   Operation 149 'read' 'int_acc_m_16_load_reload_read' <Predicate = true> <Delay = 0.00>
ST_1 : Operation 150 [1/1] (0.00ns)   --->   "%int_acc_m_8_load_reload_read = read i32 @_ssdm_op_Read.ap_auto.i32, i32 %int_acc_m_8_load_reload"   --->   Operation 150 'read' 'int_acc_m_8_load_reload_read' <Predicate = true> <Delay = 0.00>
ST_1 : Operation 151 [1/1] (0.00ns)   --->   "%int_acc_m_load_reload_read = read i32 @_ssdm_op_Read.ap_auto.i32, i32 %int_acc_m_load_reload"   --->   Operation 151 'read' 'int_acc_m_load_reload_read' <Predicate = true> <Delay = 0.00>
ST_1 : Operation 152 [1/1] (0.00ns)   --->   "%int_acc_w_56_load_reload_read = read i32 @_ssdm_op_Read.ap_auto.i32, i32 %int_acc_w_56_load_reload"   --->   Operation 152 'read' 'int_acc_w_56_load_reload_read' <Predicate = true> <Delay = 0.00>
ST_1 : Operation 153 [1/1] (0.00ns)   --->   "%int_acc_w_48_load_reload_read = read i32 @_ssdm_op_Read.ap_auto.i32, i32 %int_acc_w_48_load_reload"   --->   Operation 153 'read' 'int_acc_w_48_load_reload_read' <Predicate = true> <Delay = 0.00>
ST_1 : Operation 154 [1/1] (0.00ns)   --->   "%int_acc_w_40_load_reload_read = read i32 @_ssdm_op_Read.ap_auto.i32, i32 %int_acc_w_40_load_reload"   --->   Operation 154 'read' 'int_acc_w_40_load_reload_read' <Predicate = true> <Delay = 0.00>
ST_1 : Operation 155 [1/1] (0.00ns)   --->   "%int_acc_w_32_load_reload_read = read i32 @_ssdm_op_Read.ap_auto.i32, i32 %int_acc_w_32_load_reload"   --->   Operation 155 'read' 'int_acc_w_32_load_reload_read' <Predicate = true> <Delay = 0.00>
ST_1 : Operation 156 [1/1] (0.00ns)   --->   "%int_acc_w_24_load_reload_read = read i32 @_ssdm_op_Read.ap_auto.i32, i32 %int_acc_w_24_load_reload"   --->   Operation 156 'read' 'int_acc_w_24_load_reload_read' <Predicate = true> <Delay = 0.00>
ST_1 : Operation 157 [1/1] (0.00ns)   --->   "%int_acc_w_16_load_reload_read = read i32 @_ssdm_op_Read.ap_auto.i32, i32 %int_acc_w_16_load_reload"   --->   Operation 157 'read' 'int_acc_w_16_load_reload_read' <Predicate = true> <Delay = 0.00>
ST_1 : Operation 158 [1/1] (0.00ns)   --->   "%int_acc_w_8_load_reload_read = read i32 @_ssdm_op_Read.ap_auto.i32, i32 %int_acc_w_8_load_reload"   --->   Operation 158 'read' 'int_acc_w_8_load_reload_read' <Predicate = true> <Delay = 0.00>
ST_1 : Operation 159 [1/1] (0.00ns)   --->   "%int_acc_w_load_reload_read = read i32 @_ssdm_op_Read.ap_auto.i32, i32 %int_acc_w_load_reload"   --->   Operation 159 'read' 'int_acc_w_load_reload_read' <Predicate = true> <Delay = 0.00>
ST_1 : Operation 160 [1/1] (0.42ns)   --->   "%store_ln198 = store i4 0, i4 %b_1" [swiglu.cpp:198]   --->   Operation 160 'store' 'store_ln198' <Predicate = true> <Delay = 0.42>
ST_1 : Operation 161 [1/1] (0.42ns)   --->   "%store_ln197 = store i56 0, i56 %total" [swiglu.cpp:197]   --->   Operation 161 'store' 'store_ln197' <Predicate = true> <Delay = 0.42>
ST_1 : Operation 162 [1/1] (0.00ns)   --->   "%br_ln0 = br void %VITIS_LOOP_200_3"   --->   Operation 162 'br' 'br_ln0' <Predicate = true> <Delay = 0.00>
ST_1 : Operation 163 [1/1] (0.00ns)   --->   "%b = load i4 %b_1" [swiglu.cpp:198]   --->   Operation 163 'load' 'b' <Predicate = true> <Delay = 0.00>
ST_1 : Operation 164 [1/1] (0.79ns)   --->   "%icmp_ln198 = icmp_eq  i4 %b, i4 8" [swiglu.cpp:198]   --->   Operation 164 'icmp' 'icmp_ln198' <Predicate = true> <Delay = 0.79> <CoreInst = "Cmp">   --->   Core 9 'Cmp' <Latency = 0> <II = 1> <Delay = 0.79> <FuncUnit> <Opcode : 'seteq' 'setne' 'setle' 'setge' 'setlt' 'setgt'> <InPorts = 2> <OutPorts = 1>
ST_1 : Operation 165 [1/1] (0.79ns)   --->   "%add_ln198 = add i4 %b, i4 1" [swiglu.cpp:198]   --->   Operation 165 'add' 'add_ln198' <Predicate = true> <Delay = 0.79> <CoreInst = "Adder">   --->   Core 1 'Adder' <Latency = 0> <II = 1> <Delay = 0.79> <FuncUnit> <Opcode : 'add' 'sub'> <InPorts = 2> <OutPorts = 1>
ST_1 : Operation 166 [1/1] (0.00ns)   --->   "%br_ln198 = br i1 %icmp_ln198, void %VITIS_LOOP_200_3.split_ifconv, void %for.cond.cleanup354_ifconv.exitStub" [swiglu.cpp:198]   --->   Operation 166 'br' 'br_ln198' <Predicate = true> <Delay = 0.00>
ST_1 : Operation 167 [1/1] (0.00ns)   --->   "%trunc_ln198 = trunc i4 %b" [swiglu.cpp:198]   --->   Operation 167 'trunc' 'trunc_ln198' <Predicate = (!icmp_ln198)> <Delay = 0.00>
ST_1 : Operation 168 [1/1] (0.72ns)   --->   "%sw = sparsemux i32 @_ssdm_op_SparseMux.ap_auto.8i32.i32.i3, i3 0, i32 %int_acc_w_load_reload_read, i3 1, i32 %int_acc_w_8_load_reload_read, i3 2, i32 %int_acc_w_16_load_reload_read, i3 3, i32 %int_acc_w_24_load_reload_read, i3 4, i32 %int_acc_w_32_load_reload_read, i3 5, i32 %int_acc_w_40_load_reload_read, i3 6, i32 %int_acc_w_48_load_reload_read, i3 7, i32 %int_acc_w_56_load_reload_read, i32 0, i3 %trunc_ln198" [swiglu.cpp:202]   --->   Operation 168 'sparsemux' 'sw' <Predicate = (!icmp_ln198)> <Delay = 0.72> <CoreInst = "BinarySparseMux_DontCare">   --->   Core 149 'BinarySparseMux_DontCare' <Latency = 0> <II = 1> <Delay = 0.72> <FuncUnit> <Opcode : 'sparsemux'> <InPorts = 2> <OutPorts = 1>
ST_1 : Operation 169 [1/1] (0.72ns)   --->   "%sm = sparsemux i32 @_ssdm_op_SparseMux.ap_auto.8i32.i32.i3, i3 0, i32 %int_acc_m_load_reload_read, i3 1, i32 %int_acc_m_8_load_reload_read, i3 2, i32 %int_acc_m_16_load_reload_read, i3 3, i32 %int_acc_m_24_load_reload_read, i3 4, i32 %int_acc_m_32_load_reload_read, i3 5, i32 %int_acc_m_40_load_reload_read, i3 6, i32 %int_acc_m_48_load_reload_read, i3 7, i32 %int_acc_m_56_load_reload_read, i32 0, i3 %trunc_ln198" [swiglu.cpp:203]   --->   Operation 169 'sparsemux' 'sm' <Predicate = (!icmp_ln198)> <Delay = 0.72> <CoreInst = "BinarySparseMux_DontCare">   --->   Core 149 'BinarySparseMux_DontCare' <Latency = 0> <II = 1> <Delay = 0.72> <FuncUnit> <Opcode : 'sparsemux'> <InPorts = 2> <OutPorts = 1>
ST_1 : Operation 170 [1/1] (0.72ns)   --->   "%tmp_s = sparsemux i32 @_ssdm_op_SparseMux.ap_auto.8i32.i32.i3, i3 0, i32 %int_acc_w_1_load_reload_read, i3 1, i32 %int_acc_w_9_load_reload_read, i3 2, i32 %int_acc_w_17_load_reload_read, i3 3, i32 %int_acc_w_25_load_reload_read, i3 4, i32 %int_acc_w_33_load_reload_read, i3 5, i32 %int_acc_w_41_load_reload_read, i3 6, i32 %int_acc_w_49_load_reload_read, i3 7, i32 %int_acc_w_57_load_reload_read, i32 0, i3 %trunc_ln198" [swiglu.cpp:202]   --->   Operation 170 'sparsemux' 'tmp_s' <Predicate = (!icmp_ln198)> <Delay = 0.72> <CoreInst = "BinarySparseMux_DontCare">   --->   Core 149 'BinarySparseMux_DontCare' <Latency = 0> <II = 1> <Delay = 0.72> <FuncUnit> <Opcode : 'sparsemux'> <InPorts = 2> <OutPorts = 1>
ST_1 : Operation 171 [1/1] (0.72ns)   --->   "%tmp_12 = sparsemux i32 @_ssdm_op_SparseMux.ap_auto.8i32.i32.i3, i3 0, i32 %int_acc_m_1_load_reload_read, i3 1, i32 %int_acc_m_9_load_reload_read, i3 2, i32 %int_acc_m_17_load_reload_read, i3 3, i32 %int_acc_m_25_load_reload_read, i3 4, i32 %int_acc_m_33_load_reload_read, i3 5, i32 %int_acc_m_41_load_reload_read, i3 6, i32 %int_acc_m_49_load_reload_read, i3 7, i32 %int_acc_m_57_load_reload_read, i32 0, i3 %trunc_ln198" [swiglu.cpp:203]   --->   Operation 171 'sparsemux' 'tmp_12' <Predicate = (!icmp_ln198)> <Delay = 0.72> <CoreInst = "BinarySparseMux_DontCare">   --->   Core 149 'BinarySparseMux_DontCare' <Latency = 0> <II = 1> <Delay = 0.72> <FuncUnit> <Opcode : 'sparsemux'> <InPorts = 2> <OutPorts = 1>
ST_1 : Operation 172 [1/1] (0.72ns)   --->   "%tmp_13 = sparsemux i32 @_ssdm_op_SparseMux.ap_auto.8i32.i32.i3, i3 0, i32 %int_acc_w_2_load_reload_read, i3 1, i32 %int_acc_w_10_load_reload_read, i3 2, i32 %int_acc_w_18_load_reload_read, i3 3, i32 %int_acc_w_26_load_reload_read, i3 4, i32 %int_acc_w_34_load_reload_read, i3 5, i32 %int_acc_w_42_load_reload_read, i3 6, i32 %int_acc_w_50_load_reload_read, i3 7, i32 %int_acc_w_58_load_reload_read, i32 0, i3 %trunc_ln198" [swiglu.cpp:202]   --->   Operation 172 'sparsemux' 'tmp_13' <Predicate = (!icmp_ln198)> <Delay = 0.72> <CoreInst = "BinarySparseMux_DontCare">   --->   Core 149 'BinarySparseMux_DontCare' <Latency = 0> <II = 1> <Delay = 0.72> <FuncUnit> <Opcode : 'sparsemux'> <InPorts = 2> <OutPorts = 1>
ST_1 : Operation 173 [1/1] (0.72ns)   --->   "%tmp_14 = sparsemux i32 @_ssdm_op_SparseMux.ap_auto.8i32.i32.i3, i3 0, i32 %int_acc_m_2_load_reload_read, i3 1, i32 %int_acc_m_10_load_reload_read, i3 2, i32 %int_acc_m_18_load_reload_read, i3 3, i32 %int_acc_m_26_load_reload_read, i3 4, i32 %int_acc_m_34_load_reload_read, i3 5, i32 %int_acc_m_42_load_reload_read, i3 6, i32 %int_acc_m_50_load_reload_read, i3 7, i32 %int_acc_m_58_load_reload_read, i32 0, i3 %trunc_ln198" [swiglu.cpp:203]   --->   Operation 173 'sparsemux' 'tmp_14' <Predicate = (!icmp_ln198)> <Delay = 0.72> <CoreInst = "BinarySparseMux_DontCare">   --->   Core 149 'BinarySparseMux_DontCare' <Latency = 0> <II = 1> <Delay = 0.72> <FuncUnit> <Opcode : 'sparsemux'> <InPorts = 2> <OutPorts = 1>
ST_1 : Operation 174 [1/1] (0.72ns)   --->   "%tmp_15 = sparsemux i32 @_ssdm_op_SparseMux.ap_auto.8i32.i32.i3, i3 0, i32 %int_acc_w_3_load_reload_read, i3 1, i32 %int_acc_w_11_load_reload_read, i3 2, i32 %int_acc_w_19_load_reload_read, i3 3, i32 %int_acc_w_27_load_reload_read, i3 4, i32 %int_acc_w_35_load_reload_read, i3 5, i32 %int_acc_w_43_load_reload_read, i3 6, i32 %int_acc_w_51_load_reload_read, i3 7, i32 %int_acc_w_59_load_reload_read, i32 0, i3 %trunc_ln198" [swiglu.cpp:202]   --->   Operation 174 'sparsemux' 'tmp_15' <Predicate = (!icmp_ln198)> <Delay = 0.72> <CoreInst = "BinarySparseMux_DontCare">   --->   Core 149 'BinarySparseMux_DontCare' <Latency = 0> <II = 1> <Delay = 0.72> <FuncUnit> <Opcode : 'sparsemux'> <InPorts = 2> <OutPorts = 1>
ST_1 : Operation 175 [1/1] (0.72ns)   --->   "%tmp_16 = sparsemux i32 @_ssdm_op_SparseMux.ap_auto.8i32.i32.i3, i3 0, i32 %int_acc_m_3_load_reload_read, i3 1, i32 %int_acc_m_11_load_reload_read, i3 2, i32 %int_acc_m_19_load_reload_read, i3 3, i32 %int_acc_m_27_load_reload_read, i3 4, i32 %int_acc_m_35_load_reload_read, i3 5, i32 %int_acc_m_43_load_reload_read, i3 6, i32 %int_acc_m_51_load_reload_read, i3 7, i32 %int_acc_m_59_load_reload_read, i32 0, i3 %trunc_ln198" [swiglu.cpp:203]   --->   Operation 175 'sparsemux' 'tmp_16' <Predicate = (!icmp_ln198)> <Delay = 0.72> <CoreInst = "BinarySparseMux_DontCare">   --->   Core 149 'BinarySparseMux_DontCare' <Latency = 0> <II = 1> <Delay = 0.72> <FuncUnit> <Opcode : 'sparsemux'> <InPorts = 2> <OutPorts = 1>
ST_1 : Operation 176 [1/1] (0.72ns)   --->   "%tmp_21 = sparsemux i32 @_ssdm_op_SparseMux.ap_auto.8i32.i32.i3, i3 0, i32 %int_acc_w_6_load_reload_read, i3 1, i32 %int_acc_w_14_load_reload_read, i3 2, i32 %int_acc_w_22_load_reload_read, i3 3, i32 %int_acc_w_30_load_reload_read, i3 4, i32 %int_acc_w_38_load_reload_read, i3 5, i32 %int_acc_w_46_load_reload_read, i3 6, i32 %int_acc_w_54_load_reload_read, i3 7, i32 %int_acc_w_62_load_reload_read, i32 0, i3 %trunc_ln198" [swiglu.cpp:202]   --->   Operation 176 'sparsemux' 'tmp_21' <Predicate = (!icmp_ln198)> <Delay = 0.72> <CoreInst = "BinarySparseMux_DontCare">   --->   Core 149 'BinarySparseMux_DontCare' <Latency = 0> <II = 1> <Delay = 0.72> <FuncUnit> <Opcode : 'sparsemux'> <InPorts = 2> <OutPorts = 1>
ST_1 : Operation 177 [1/1] (0.72ns)   --->   "%tmp_22 = sparsemux i32 @_ssdm_op_SparseMux.ap_auto.8i32.i32.i3, i3 0, i32 %int_acc_m_6_load_reload_read, i3 1, i32 %int_acc_m_14_load_reload_read, i3 2, i32 %int_acc_m_22_load_reload_read, i3 3, i32 %int_acc_m_30_load_reload_read, i3 4, i32 %int_acc_m_38_load_reload_read, i3 5, i32 %int_acc_m_46_load_reload_read, i3 6, i32 %int_acc_m_54_load_reload_read, i3 7, i32 %int_acc_m_62_load_reload_read, i32 0, i3 %trunc_ln198" [swiglu.cpp:203]   --->   Operation 177 'sparsemux' 'tmp_22' <Predicate = (!icmp_ln198)> <Delay = 0.72> <CoreInst = "BinarySparseMux_DontCare">   --->   Core 149 'BinarySparseMux_DontCare' <Latency = 0> <II = 1> <Delay = 0.72> <FuncUnit> <Opcode : 'sparsemux'> <InPorts = 2> <OutPorts = 1>
ST_1 : Operation 178 [1/1] (0.72ns)   --->   "%tmp_23 = sparsemux i32 @_ssdm_op_SparseMux.ap_auto.8i32.i32.i3, i3 0, i32 %int_acc_w_7_load_reload_read, i3 1, i32 %int_acc_w_15_load_reload_read, i3 2, i32 %int_acc_w_23_load_reload_read, i3 3, i32 %int_acc_w_31_load_reload_read, i3 4, i32 %int_acc_w_39_load_reload_read, i3 5, i32 %int_acc_w_47_load_reload_read, i3 6, i32 %int_acc_w_55_load_reload_read, i3 7, i32 %int_acc_w_63_load_reload_read, i32 0, i3 %trunc_ln198" [swiglu.cpp:202]   --->   Operation 178 'sparsemux' 'tmp_23' <Predicate = (!icmp_ln198)> <Delay = 0.72> <CoreInst = "BinarySparseMux_DontCare">   --->   Core 149 'BinarySparseMux_DontCare' <Latency = 0> <II = 1> <Delay = 0.72> <FuncUnit> <Opcode : 'sparsemux'> <InPorts = 2> <OutPorts = 1>
ST_1 : Operation 179 [1/1] (1.01ns)   --->   "%add_ln202 = add i32 %tmp_s, i32 %sw" [swiglu.cpp:202]   --->   Operation 179 'add' 'add_ln202' <Predicate = (!icmp_ln198)> <Delay = 1.01> <CoreInst = "Adder">   --->   Core 1 'Adder' <Latency = 0> <II = 1> <Delay = 1.01> <FuncUnit> <Opcode : 'add' 'sub'> <InPorts = 2> <OutPorts = 1>
ST_1 : Operation 180 [1/1] (1.01ns)   --->   "%add_ln202_1 = add i32 %tmp_13, i32 %tmp_15" [swiglu.cpp:202]   --->   Operation 180 'add' 'add_ln202_1' <Predicate = (!icmp_ln198)> <Delay = 1.01> <CoreInst = "Adder">   --->   Core 1 'Adder' <Latency = 0> <II = 1> <Delay = 1.01> <FuncUnit> <Opcode : 'add' 'sub'> <InPorts = 2> <OutPorts = 1>
ST_1 : Operation 181 [1/1] (1.01ns)   --->   "%add_ln202_4 = add i32 %tmp_21, i32 %tmp_23" [swiglu.cpp:202]   --->   Operation 181 'add' 'add_ln202_4' <Predicate = (!icmp_ln198)> <Delay = 1.01> <CoreInst = "Adder">   --->   Core 1 'Adder' <Latency = 0> <II = 1> <Delay = 1.01> <FuncUnit> <Opcode : 'add' 'sub'> <InPorts = 2> <OutPorts = 1>
ST_1 : Operation 182 [1/1] (0.72ns)   --->   "%tmp_24 = sparsemux i32 @_ssdm_op_SparseMux.ap_auto.8i32.i32.i3, i3 0, i32 %int_acc_m_7_load_reload_read, i3 1, i32 %int_acc_m_15_load_reload_read, i3 2, i32 %int_acc_m_23_load_reload_read, i3 3, i32 %int_acc_m_31_load_reload_read, i3 4, i32 %int_acc_m_39_load_reload_read, i3 5, i32 %int_acc_m_47_load_reload_read, i3 6, i32 %int_acc_m_55_load_reload_read, i3 7, i32 %int_acc_m_63_load_reload_read, i32 0, i3 %trunc_ln198" [swiglu.cpp:203]   --->   Operation 182 'sparsemux' 'tmp_24' <Predicate = (!icmp_ln198)> <Delay = 0.72> <CoreInst = "BinarySparseMux_DontCare">   --->   Core 149 'BinarySparseMux_DontCare' <Latency = 0> <II = 1> <Delay = 0.72> <FuncUnit> <Opcode : 'sparsemux'> <InPorts = 2> <OutPorts = 1>
ST_1 : Operation 183 [1/1] (1.01ns)   --->   "%add_ln203 = add i32 %tmp_12, i32 %sm" [swiglu.cpp:203]   --->   Operation 183 'add' 'add_ln203' <Predicate = (!icmp_ln198)> <Delay = 1.01> <CoreInst = "Adder">   --->   Core 1 'Adder' <Latency = 0> <II = 1> <Delay = 1.01> <FuncUnit> <Opcode : 'add' 'sub'> <InPorts = 2> <OutPorts = 1>
ST_1 : Operation 184 [1/1] (1.01ns)   --->   "%add_ln203_1 = add i32 %tmp_14, i32 %tmp_16" [swiglu.cpp:203]   --->   Operation 184 'add' 'add_ln203_1' <Predicate = (!icmp_ln198)> <Delay = 1.01> <CoreInst = "Adder">   --->   Core 1 'Adder' <Latency = 0> <II = 1> <Delay = 1.01> <FuncUnit> <Opcode : 'add' 'sub'> <InPorts = 2> <OutPorts = 1>
ST_1 : Operation 185 [1/1] (1.01ns)   --->   "%add_ln203_4 = add i32 %tmp_22, i32 %tmp_24" [swiglu.cpp:203]   --->   Operation 185 'add' 'add_ln203_4' <Predicate = (!icmp_ln198)> <Delay = 1.01> <CoreInst = "Adder">   --->   Core 1 'Adder' <Latency = 0> <II = 1> <Delay = 1.01> <FuncUnit> <Opcode : 'add' 'sub'> <InPorts = 2> <OutPorts = 1>
ST_1 : Operation 186 [1/1] (0.72ns)   --->   "%tmp_25 = sparsemux i32 @_ssdm_op_SparseMux.ap_auto.8float.float.i3, i3 0, i32 %mux_case_08251_reload_read, i3 1, i32 %mux_case_18264_reload_read, i3 2, i32 %mux_case_28277_reload_read, i3 3, i32 %mux_case_382810_reload_read, i3 4, i32 %mux_case_482913_reload_read, i3 5, i32 %mux_case_583016_reload_read, i3 6, i32 %mux_case_683119_reload_read, i3 7, i32 %mux_case_783222_reload_read, i32 <undef>, i3 %trunc_ln198" [swiglu.cpp:205]   --->   Operation 186 'sparsemux' 'tmp_25' <Predicate = (!icmp_ln198)> <Delay = 0.72> <CoreInst = "BinarySparseMux_DontCare">   --->   Core 149 'BinarySparseMux_DontCare' <Latency = 0> <II = 1> <Delay = 0.72> <FuncUnit> <Opcode : 'sparsemux'> <InPorts = 2> <OutPorts = 1>
ST_1 : Operation 187 [1/1] (0.72ns)   --->   "%tmp_27 = sparsemux i32 @_ssdm_op_SparseMux.ap_auto.8float.float.i3, i3 0, i32 %mux_case_083326_reload_read, i3 1, i32 %mux_case_183429_reload_read, i3 2, i32 %mux_case_283532_reload_read, i3 3, i32 %mux_case_383635_reload_read, i3 4, i32 %mux_case_483738_reload_read, i3 5, i32 %mux_case_583841_reload_read, i3 6, i32 %mux_case_683944_reload_read, i3 7, i32 %mux_case_784047_reload_read, i32 <undef>, i3 %trunc_ln198" [swiglu.cpp:206]   --->   Operation 187 'sparsemux' 'tmp_27' <Predicate = (!icmp_ln198)> <Delay = 0.72> <CoreInst = "BinarySparseMux_DontCare">   --->   Core 149 'BinarySparseMux_DontCare' <Latency = 0> <II = 1> <Delay = 0.72> <FuncUnit> <Opcode : 'sparsemux'> <InPorts = 2> <OutPorts = 1>
ST_1 : Operation 188 [1/1] (0.42ns)   --->   "%store_ln198 = store i4 %add_ln198, i4 %b_1" [swiglu.cpp:198]   --->   Operation 188 'store' 'store_ln198' <Predicate = (!icmp_ln198)> <Delay = 0.42>

State 2 <SV = 1> <Delay = 2.30>
ST_2 : Operation 189 [1/1] (0.72ns)   --->   "%tmp_17 = sparsemux i32 @_ssdm_op_SparseMux.ap_auto.8i32.i32.i3, i3 0, i32 %int_acc_w_4_load_reload_read, i3 1, i32 %int_acc_w_12_load_reload_read, i3 2, i32 %int_acc_w_20_load_reload_read, i3 3, i32 %int_acc_w_28_load_reload_read, i3 4, i32 %int_acc_w_36_load_reload_read, i3 5, i32 %int_acc_w_44_load_reload_read, i3 6, i32 %int_acc_w_52_load_reload_read, i3 7, i32 %int_acc_w_60_load_reload_read, i32 0, i3 %trunc_ln198" [swiglu.cpp:202]   --->   Operation 189 'sparsemux' 'tmp_17' <Predicate = true> <Delay = 0.72> <CoreInst = "BinarySparseMux_DontCare">   --->   Core 149 'BinarySparseMux_DontCare' <Latency = 0> <II = 1> <Delay = 0.72> <FuncUnit> <Opcode : 'sparsemux'> <InPorts = 2> <OutPorts = 1>
ST_2 : Operation 190 [1/1] (0.72ns)   --->   "%tmp_18 = sparsemux i32 @_ssdm_op_SparseMux.ap_auto.8i32.i32.i3, i3 0, i32 %int_acc_m_4_load_reload_read, i3 1, i32 %int_acc_m_12_load_reload_read, i3 2, i32 %int_acc_m_20_load_reload_read, i3 3, i32 %int_acc_m_28_load_reload_read, i3 4, i32 %int_acc_m_36_load_reload_read, i3 5, i32 %int_acc_m_44_load_reload_read, i3 6, i32 %int_acc_m_52_load_reload_read, i3 7, i32 %int_acc_m_60_load_reload_read, i32 0, i3 %trunc_ln198" [swiglu.cpp:203]   --->   Operation 190 'sparsemux' 'tmp_18' <Predicate = true> <Delay = 0.72> <CoreInst = "BinarySparseMux_DontCare">   --->   Core 149 'BinarySparseMux_DontCare' <Latency = 0> <II = 1> <Delay = 0.72> <FuncUnit> <Opcode : 'sparsemux'> <InPorts = 2> <OutPorts = 1>
ST_2 : Operation 191 [1/1] (0.72ns)   --->   "%tmp_19 = sparsemux i32 @_ssdm_op_SparseMux.ap_auto.8i32.i32.i3, i3 0, i32 %int_acc_w_5_load_reload_read, i3 1, i32 %int_acc_w_13_load_reload_read, i3 2, i32 %int_acc_w_21_load_reload_read, i3 3, i32 %int_acc_w_29_load_reload_read, i3 4, i32 %int_acc_w_37_load_reload_read, i3 5, i32 %int_acc_w_45_load_reload_read, i3 6, i32 %int_acc_w_53_load_reload_read, i3 7, i32 %int_acc_w_61_load_reload_read, i32 0, i3 %trunc_ln198" [swiglu.cpp:202]   --->   Operation 191 'sparsemux' 'tmp_19' <Predicate = true> <Delay = 0.72> <CoreInst = "BinarySparseMux_DontCare">   --->   Core 149 'BinarySparseMux_DontCare' <Latency = 0> <II = 1> <Delay = 0.72> <FuncUnit> <Opcode : 'sparsemux'> <InPorts = 2> <OutPorts = 1>
ST_2 : Operation 192 [1/1] (0.72ns)   --->   "%tmp_20 = sparsemux i32 @_ssdm_op_SparseMux.ap_auto.8i32.i32.i3, i3 0, i32 %int_acc_m_5_load_reload_read, i3 1, i32 %int_acc_m_13_load_reload_read, i3 2, i32 %int_acc_m_21_load_reload_read, i3 3, i32 %int_acc_m_29_load_reload_read, i3 4, i32 %int_acc_m_37_load_reload_read, i3 5, i32 %int_acc_m_45_load_reload_read, i3 6, i32 %int_acc_m_53_load_reload_read, i3 7, i32 %int_acc_m_61_load_reload_read, i32 0, i3 %trunc_ln198" [swiglu.cpp:203]   --->   Operation 192 'sparsemux' 'tmp_20' <Predicate = true> <Delay = 0.72> <CoreInst = "BinarySparseMux_DontCare">   --->   Core 149 'BinarySparseMux_DontCare' <Latency = 0> <II = 1> <Delay = 0.72> <FuncUnit> <Opcode : 'sparsemux'> <InPorts = 2> <OutPorts = 1>
ST_2 : Operation 193 [1/1] (0.00ns) (grouped into TernaryAdder)   --->   "%add_ln202_2 = add i32 %add_ln202_1, i32 %add_ln202" [swiglu.cpp:202]   --->   Operation 193 'add' 'add_ln202_2' <Predicate = true> <Delay = 0.00> <CoreInst = "TAddSub">   --->   Core 10 'TAddSub' <Latency = 0> <II = 1> <Delay = 0.43> <IPBlock> <Opcode : 'add' 'sub'> <InPorts = 3> <OutPorts = 1> <Sync> <CReg>
ST_2 : Operation 194 [1/1] (0.00ns) (grouped into TernaryAdder)   --->   "%add_ln202_3 = add i32 %tmp_17, i32 %tmp_19" [swiglu.cpp:202]   --->   Operation 194 'add' 'add_ln202_3' <Predicate = true> <Delay = 0.00> <CoreInst = "TAddSub">   --->   Core 10 'TAddSub' <Latency = 0> <II = 1> <Delay = 0.43> <IPBlock> <Opcode : 'add' 'sub'> <InPorts = 3> <OutPorts = 1> <Sync> <CReg>
ST_2 : Operation 195 [1/1] (0.73ns) (root node of TernaryAdder)   --->   "%add_ln202_5 = add i32 %add_ln202_4, i32 %add_ln202_3" [swiglu.cpp:202]   --->   Operation 195 'add' 'add_ln202_5' <Predicate = true> <Delay = 0.73> <CoreInst = "TAddSub">   --->   Core 10 'TAddSub' <Latency = 0> <II = 1> <Delay = 0.43> <IPBlock> <Opcode : 'add' 'sub'> <InPorts = 3> <OutPorts = 1> <Sync> <CReg>
ST_2 : Operation 196 [1/1] (0.73ns) (root node of TernaryAdder)   --->   "%sw_1 = add i32 %add_ln202_5, i32 %add_ln202_2" [swiglu.cpp:202]   --->   Operation 196 'add' 'sw_1' <Predicate = true> <Delay = 0.73> <CoreInst = "TAddSub">   --->   Core 10 'TAddSub' <Latency = 0> <II = 1> <Delay = 0.43> <IPBlock> <Opcode : 'add' 'sub'> <InPorts = 3> <OutPorts = 1> <Sync> <CReg>
ST_2 : Operation 197 [1/1] (0.00ns) (grouped into TernaryAdder)   --->   "%add_ln203_2 = add i32 %add_ln203_1, i32 %add_ln203" [swiglu.cpp:203]   --->   Operation 197 'add' 'add_ln203_2' <Predicate = true> <Delay = 0.00> <CoreInst = "TAddSub">   --->   Core 10 'TAddSub' <Latency = 0> <II = 1> <Delay = 0.43> <IPBlock> <Opcode : 'add' 'sub'> <InPorts = 3> <OutPorts = 1> <Sync> <CReg>
ST_2 : Operation 198 [1/1] (0.00ns) (grouped into TernaryAdder)   --->   "%add_ln203_3 = add i32 %tmp_18, i32 %tmp_20" [swiglu.cpp:203]   --->   Operation 198 'add' 'add_ln203_3' <Predicate = true> <Delay = 0.00> <CoreInst = "TAddSub">   --->   Core 10 'TAddSub' <Latency = 0> <II = 1> <Delay = 0.43> <IPBlock> <Opcode : 'add' 'sub'> <InPorts = 3> <OutPorts = 1> <Sync> <CReg>
ST_2 : Operation 199 [1/1] (0.73ns) (root node of TernaryAdder)   --->   "%add_ln203_5 = add i32 %add_ln203_4, i32 %add_ln203_3" [swiglu.cpp:203]   --->   Operation 199 'add' 'add_ln203_5' <Predicate = true> <Delay = 0.73> <CoreInst = "TAddSub">   --->   Core 10 'TAddSub' <Latency = 0> <II = 1> <Delay = 0.43> <IPBlock> <Opcode : 'add' 'sub'> <InPorts = 3> <OutPorts = 1> <Sync> <CReg>
ST_2 : Operation 200 [1/1] (0.73ns) (root node of TernaryAdder)   --->   "%sm_1 = add i32 %add_ln203_5, i32 %add_ln203_2" [swiglu.cpp:203]   --->   Operation 200 'add' 'sm_1' <Predicate = true> <Delay = 0.73> <CoreInst = "TAddSub">   --->   Core 10 'TAddSub' <Latency = 0> <II = 1> <Delay = 0.43> <IPBlock> <Opcode : 'add' 'sub'> <InPorts = 3> <OutPorts = 1> <Sync> <CReg>
ST_2 : Operation 201 [2/2] (2.30ns)   --->   "%pf = fpext i32 %tmp_25" [swiglu.cpp:205]   --->   Operation 201 'fpext' 'pf' <Predicate = true> <Delay = 2.30> <CoreInst = "Float2Double">   --->   Core 64 'Float2Double' <Latency = 1> <II = 1> <Delay = 2.30> <FuncUnit> <Opcode : 'fpext'> <InPorts = 1> <OutPorts = 1>
ST_2 : Operation 202 [2/2] (2.30ns)   --->   "%pf_1 = fpext i32 %tmp_27" [swiglu.cpp:206]   --->   Operation 202 'fpext' 'pf_1' <Predicate = true> <Delay = 2.30> <CoreInst = "Float2Double">   --->   Core 64 'Float2Double' <Latency = 1> <II = 1> <Delay = 2.30> <FuncUnit> <Opcode : 'fpext'> <InPorts = 1> <OutPorts = 1>

State 3 <SV = 2> <Delay = 2.30>
ST_3 : Operation 203 [1/2] (2.30ns)   --->   "%pf = fpext i32 %tmp_25" [swiglu.cpp:205]   --->   Operation 203 'fpext' 'pf' <Predicate = true> <Delay = 2.30> <CoreInst = "Float2Double">   --->   Core 64 'Float2Double' <Latency = 1> <II = 1> <Delay = 2.30> <FuncUnit> <Opcode : 'fpext'> <InPorts = 1> <OutPorts = 1>
ST_3 : Operation 204 [1/1] (0.00ns)   --->   "%bitcast_ln735 = bitcast i64 %pf" [swiglu.cpp:205]   --->   Operation 204 'bitcast' 'bitcast_ln735' <Predicate = true> <Delay = 0.00>
ST_3 : Operation 205 [1/1] (0.00ns)   --->   "%trunc_ln205 = trunc i64 %bitcast_ln735" [swiglu.cpp:205]   --->   Operation 205 'trunc' 'trunc_ln205' <Predicate = true> <Delay = 0.00>
ST_3 : Operation 206 [1/1] (0.00ns)   --->   "%tmp = bitselect i1 @_ssdm_op_BitSelect.i1.i64.i32, i64 %bitcast_ln735, i32 63" [swiglu.cpp:205]   --->   Operation 206 'bitselect' 'tmp' <Predicate = true> <Delay = 0.00>
ST_3 : Operation 207 [1/1] (0.00ns)   --->   "%tmp_26 = partselect i11 @_ssdm_op_PartSelect.i11.i64.i32, i64 %bitcast_ln735, i32 52" [swiglu.cpp:205]   --->   Operation 207 'partselect' 'tmp_26' <Predicate = true> <Delay = 0.00>
ST_3 : Operation 208 [1/1] (0.00ns)   --->   "%trunc_ln205_1 = trunc i64 %bitcast_ln735" [swiglu.cpp:205]   --->   Operation 208 'trunc' 'trunc_ln205_1' <Predicate = true> <Delay = 0.00>
ST_3 : Operation 209 [1/2] (2.30ns)   --->   "%pf_1 = fpext i32 %tmp_27" [swiglu.cpp:206]   --->   Operation 209 'fpext' 'pf_1' <Predicate = true> <Delay = 2.30> <CoreInst = "Float2Double">   --->   Core 64 'Float2Double' <Latency = 1> <II = 1> <Delay = 2.30> <FuncUnit> <Opcode : 'fpext'> <InPorts = 1> <OutPorts = 1>
ST_3 : Operation 210 [1/1] (0.00ns)   --->   "%bitcast_ln735_1 = bitcast i64 %pf_1" [swiglu.cpp:206]   --->   Operation 210 'bitcast' 'bitcast_ln735_1' <Predicate = true> <Delay = 0.00>
ST_3 : Operation 211 [1/1] (0.00ns)   --->   "%trunc_ln206 = trunc i64 %bitcast_ln735_1" [swiglu.cpp:206]   --->   Operation 211 'trunc' 'trunc_ln206' <Predicate = true> <Delay = 0.00>
ST_3 : Operation 212 [1/1] (0.00ns)   --->   "%tmp_2 = bitselect i1 @_ssdm_op_BitSelect.i1.i64.i32, i64 %bitcast_ln735_1, i32 63" [swiglu.cpp:206]   --->   Operation 212 'bitselect' 'tmp_2' <Predicate = true> <Delay = 0.00>
ST_3 : Operation 213 [1/1] (0.00ns)   --->   "%tmp_28 = partselect i11 @_ssdm_op_PartSelect.i11.i64.i32, i64 %bitcast_ln735_1, i32 52" [swiglu.cpp:206]   --->   Operation 213 'partselect' 'tmp_28' <Predicate = true> <Delay = 0.00>
ST_3 : Operation 214 [1/1] (0.00ns)   --->   "%trunc_ln206_1 = trunc i64 %bitcast_ln735_1" [swiglu.cpp:206]   --->   Operation 214 'trunc' 'trunc_ln206_1' <Predicate = true> <Delay = 0.00>

State 4 <SV = 3> <Delay = 2.00>
ST_4 : Operation 215 [1/1] (0.00ns)   --->   "%zext_ln205 = zext i11 %tmp_26" [swiglu.cpp:205]   --->   Operation 215 'zext' 'zext_ln205' <Predicate = true> <Delay = 0.00>
ST_4 : Operation 216 [1/1] (0.00ns)   --->   "%zext_ln205_1_cast = bitconcatenate i53 @_ssdm_op_BitConcatenate.i53.i1.i52, i1 1, i52 %trunc_ln205_1" [swiglu.cpp:205]   --->   Operation 216 'bitconcatenate' 'zext_ln205_1_cast' <Predicate = true> <Delay = 0.00>
ST_4 : Operation 217 [1/1] (0.00ns)   --->   "%zext_ln205_1 = zext i53 %zext_ln205_1_cast" [swiglu.cpp:205]   --->   Operation 217 'zext' 'zext_ln205_1' <Predicate = true> <Delay = 0.00>
ST_4 : Operation 218 [1/1] (1.10ns)   --->   "%sub_ln205 = sub i54 0, i54 %zext_ln205_1" [swiglu.cpp:205]   --->   Operation 218 'sub' 'sub_ln205' <Predicate = (tmp)> <Delay = 1.10> <CoreInst = "Adder">   --->   Core 1 'Adder' <Latency = 0> <II = 1> <Delay = 1.10> <FuncUnit> <Opcode : 'add' 'sub'> <InPorts = 2> <OutPorts = 1>
ST_4 : Operation 219 [1/1] (0.40ns)   --->   "%select_ln205 = select i1 %tmp, i54 %sub_ln205, i54 %zext_ln205_1" [swiglu.cpp:205]   --->   Operation 219 'select' 'select_ln205' <Predicate = true> <Delay = 0.40> <CoreInst = "Sel">   --->   Core 73 'Sel' <Latency = 0> <II = 1> <Delay = 0.40> <FuncUnit> <Opcode : 'select'> <InPorts = 3> <OutPorts = 1>
ST_4 : Operation 220 [1/1] (1.08ns)   --->   "%icmp_ln205 = icmp_eq  i63 %trunc_ln205, i63 0" [swiglu.cpp:205]   --->   Operation 220 'icmp' 'icmp_ln205' <Predicate = true> <Delay = 1.08> <CoreInst = "Cmp">   --->   Core 9 'Cmp' <Latency = 0> <II = 1> <Delay = 1.08> <FuncUnit> <Opcode : 'seteq' 'setne' 'setle' 'setge' 'setlt' 'setgt'> <InPorts = 2> <OutPorts = 1>
ST_4 : Operation 221 [1/1] (0.80ns)   --->   "%sub_ln205_1 = sub i12 1075, i12 %zext_ln205" [swiglu.cpp:205]   --->   Operation 221 'sub' 'sub_ln205_1' <Predicate = true> <Delay = 0.80> <CoreInst = "Adder">   --->   Core 1 'Adder' <Latency = 0> <II = 1> <Delay = 0.80> <FuncUnit> <Opcode : 'add' 'sub'> <InPorts = 2> <OutPorts = 1>
ST_4 : Operation 222 [1/1] (0.00ns)   --->   "%trunc_ln205_2 = trunc i12 %sub_ln205_1" [swiglu.cpp:205]   --->   Operation 222 'trunc' 'trunc_ln205_2' <Predicate = true> <Delay = 0.00>
ST_4 : Operation 223 [1/1] (0.80ns)   --->   "%icmp_ln205_1 = icmp_sgt  i12 %sub_ln205_1, i12 24" [swiglu.cpp:205]   --->   Operation 223 'icmp' 'icmp_ln205_1' <Predicate = true> <Delay = 0.80> <CoreInst = "Cmp">   --->   Core 9 'Cmp' <Latency = 0> <II = 1> <Delay = 0.80> <FuncUnit> <Opcode : 'seteq' 'setne' 'setle' 'setge' 'setlt' 'setgt'> <InPorts = 2> <OutPorts = 1>
ST_4 : Operation 224 [1/1] (0.79ns)   --->   "%add_ln205 = add i11 %trunc_ln205_2, i11 2024" [swiglu.cpp:205]   --->   Operation 224 'add' 'add_ln205' <Predicate = true> <Delay = 0.79> <CoreInst = "Adder">   --->   Core 1 'Adder' <Latency = 0> <II = 1> <Delay = 0.79> <FuncUnit> <Opcode : 'add' 'sub'> <InPorts = 2> <OutPorts = 1>
ST_4 : Operation 225 [1/1] (0.79ns)   --->   "%sub_ln205_2 = sub i11 24, i11 %trunc_ln205_2" [swiglu.cpp:205]   --->   Operation 225 'sub' 'sub_ln205_2' <Predicate = true> <Delay = 0.79> <CoreInst = "Adder">   --->   Core 1 'Adder' <Latency = 0> <II = 1> <Delay = 0.79> <FuncUnit> <Opcode : 'add' 'sub'> <InPorts = 2> <OutPorts = 1>
ST_4 : Operation 226 [1/1] (0.38ns)   --->   "%select_ln205_1 = select i1 %icmp_ln205_1, i11 %add_ln205, i11 %sub_ln205_2" [swiglu.cpp:205]   --->   Operation 226 'select' 'select_ln205_1' <Predicate = true> <Delay = 0.38> <CoreInst = "Sel">   --->   Core 73 'Sel' <Latency = 0> <II = 1> <Delay = 0.38> <FuncUnit> <Opcode : 'select'> <InPorts = 3> <OutPorts = 1>
ST_4 : Operation 227 [1/1] (0.80ns)   --->   "%icmp_ln205_2 = icmp_eq  i12 %sub_ln205_1, i12 24" [swiglu.cpp:205]   --->   Operation 227 'icmp' 'icmp_ln205_2' <Predicate = true> <Delay = 0.80> <CoreInst = "Cmp">   --->   Core 9 'Cmp' <Latency = 0> <II = 1> <Delay = 0.80> <FuncUnit> <Opcode : 'seteq' 'setne' 'setle' 'setge' 'setlt' 'setgt'> <InPorts = 2> <OutPorts = 1>
ST_4 : Operation 228 [1/1] (0.00ns)   --->   "%trunc_ln205_3 = trunc i54 %select_ln205" [swiglu.cpp:205]   --->   Operation 228 'trunc' 'trunc_ln205_3' <Predicate = true> <Delay = 0.00>
ST_4 : Operation 229 [1/1] (0.00ns)   --->   "%tmp_1 = partselect i6 @_ssdm_op_PartSelect.i6.i11.i32.i32, i11 %select_ln205_1, i32 5, i32 10" [swiglu.cpp:205]   --->   Operation 229 'partselect' 'tmp_1' <Predicate = true> <Delay = 0.00>
ST_4 : Operation 230 [1/1] (0.00ns)   --->   "%zext_ln206 = zext i11 %tmp_28" [swiglu.cpp:206]   --->   Operation 230 'zext' 'zext_ln206' <Predicate = true> <Delay = 0.00>
ST_4 : Operation 231 [1/1] (0.00ns)   --->   "%zext_ln206_1_cast = bitconcatenate i53 @_ssdm_op_BitConcatenate.i53.i1.i52, i1 1, i52 %trunc_ln206_1" [swiglu.cpp:206]   --->   Operation 231 'bitconcatenate' 'zext_ln206_1_cast' <Predicate = true> <Delay = 0.00>
ST_4 : Operation 232 [1/1] (0.00ns)   --->   "%zext_ln206_1 = zext i53 %zext_ln206_1_cast" [swiglu.cpp:206]   --->   Operation 232 'zext' 'zext_ln206_1' <Predicate = true> <Delay = 0.00>
ST_4 : Operation 233 [1/1] (1.10ns)   --->   "%sub_ln206 = sub i54 0, i54 %zext_ln206_1" [swiglu.cpp:206]   --->   Operation 233 'sub' 'sub_ln206' <Predicate = (tmp_2)> <Delay = 1.10> <CoreInst = "Adder">   --->   Core 1 'Adder' <Latency = 0> <II = 1> <Delay = 1.10> <FuncUnit> <Opcode : 'add' 'sub'> <InPorts = 2> <OutPorts = 1>
ST_4 : Operation 234 [1/1] (0.40ns)   --->   "%select_ln206 = select i1 %tmp_2, i54 %sub_ln206, i54 %zext_ln206_1" [swiglu.cpp:206]   --->   Operation 234 'select' 'select_ln206' <Predicate = true> <Delay = 0.40> <CoreInst = "Sel">   --->   Core 73 'Sel' <Latency = 0> <II = 1> <Delay = 0.40> <FuncUnit> <Opcode : 'select'> <InPorts = 3> <OutPorts = 1>
ST_4 : Operation 235 [1/1] (1.08ns)   --->   "%icmp_ln206 = icmp_eq  i63 %trunc_ln206, i63 0" [swiglu.cpp:206]   --->   Operation 235 'icmp' 'icmp_ln206' <Predicate = true> <Delay = 1.08> <CoreInst = "Cmp">   --->   Core 9 'Cmp' <Latency = 0> <II = 1> <Delay = 1.08> <FuncUnit> <Opcode : 'seteq' 'setne' 'setle' 'setge' 'setlt' 'setgt'> <InPorts = 2> <OutPorts = 1>
ST_4 : Operation 236 [1/1] (0.80ns)   --->   "%sub_ln206_1 = sub i12 1075, i12 %zext_ln206" [swiglu.cpp:206]   --->   Operation 236 'sub' 'sub_ln206_1' <Predicate = true> <Delay = 0.80> <CoreInst = "Adder">   --->   Core 1 'Adder' <Latency = 0> <II = 1> <Delay = 0.80> <FuncUnit> <Opcode : 'add' 'sub'> <InPorts = 2> <OutPorts = 1>
ST_4 : Operation 237 [1/1] (0.00ns)   --->   "%trunc_ln206_2 = trunc i12 %sub_ln206_1" [swiglu.cpp:206]   --->   Operation 237 'trunc' 'trunc_ln206_2' <Predicate = true> <Delay = 0.00>
ST_4 : Operation 238 [1/1] (0.80ns)   --->   "%icmp_ln206_1 = icmp_sgt  i12 %sub_ln206_1, i12 24" [swiglu.cpp:206]   --->   Operation 238 'icmp' 'icmp_ln206_1' <Predicate = true> <Delay = 0.80> <CoreInst = "Cmp">   --->   Core 9 'Cmp' <Latency = 0> <II = 1> <Delay = 0.80> <FuncUnit> <Opcode : 'seteq' 'setne' 'setle' 'setge' 'setlt' 'setgt'> <InPorts = 2> <OutPorts = 1>
ST_4 : Operation 239 [1/1] (0.79ns)   --->   "%add_ln206 = add i11 %trunc_ln206_2, i11 2024" [swiglu.cpp:206]   --->   Operation 239 'add' 'add_ln206' <Predicate = true> <Delay = 0.79> <CoreInst = "Adder">   --->   Core 1 'Adder' <Latency = 0> <II = 1> <Delay = 0.79> <FuncUnit> <Opcode : 'add' 'sub'> <InPorts = 2> <OutPorts = 1>
ST_4 : Operation 240 [1/1] (0.79ns)   --->   "%sub_ln206_2 = sub i11 24, i11 %trunc_ln206_2" [swiglu.cpp:206]   --->   Operation 240 'sub' 'sub_ln206_2' <Predicate = true> <Delay = 0.79> <CoreInst = "Adder">   --->   Core 1 'Adder' <Latency = 0> <II = 1> <Delay = 0.79> <FuncUnit> <Opcode : 'add' 'sub'> <InPorts = 2> <OutPorts = 1>
ST_4 : Operation 241 [1/1] (0.38ns)   --->   "%select_ln206_1 = select i1 %icmp_ln206_1, i11 %add_ln206, i11 %sub_ln206_2" [swiglu.cpp:206]   --->   Operation 241 'select' 'select_ln206_1' <Predicate = true> <Delay = 0.38> <CoreInst = "Sel">   --->   Core 73 'Sel' <Latency = 0> <II = 1> <Delay = 0.38> <FuncUnit> <Opcode : 'select'> <InPorts = 3> <OutPorts = 1>
ST_4 : Operation 242 [1/1] (0.80ns)   --->   "%icmp_ln206_2 = icmp_eq  i12 %sub_ln206_1, i12 24" [swiglu.cpp:206]   --->   Operation 242 'icmp' 'icmp_ln206_2' <Predicate = true> <Delay = 0.80> <CoreInst = "Cmp">   --->   Core 9 'Cmp' <Latency = 0> <II = 1> <Delay = 0.80> <FuncUnit> <Opcode : 'seteq' 'setne' 'setle' 'setge' 'setlt' 'setgt'> <InPorts = 2> <OutPorts = 1>
ST_4 : Operation 243 [1/1] (0.00ns)   --->   "%trunc_ln206_3 = trunc i54 %select_ln206" [swiglu.cpp:206]   --->   Operation 243 'trunc' 'trunc_ln206_3' <Predicate = true> <Delay = 0.00>
ST_4 : Operation 244 [1/1] (0.00ns)   --->   "%tmp_3 = partselect i6 @_ssdm_op_PartSelect.i6.i11.i32.i32, i11 %select_ln206_1, i32 5, i32 10" [swiglu.cpp:206]   --->   Operation 244 'partselect' 'tmp_3' <Predicate = true> <Delay = 0.00>

State 5 <SV = 4> <Delay = 2.43>
ST_5 : Operation 245 [1/1] (0.00ns)   --->   "%zext_ln205_3 = zext i11 %select_ln205_1" [swiglu.cpp:205]   --->   Operation 245 'zext' 'zext_ln205_3' <Predicate = true> <Delay = 0.00>
ST_5 : Operation 246 [1/1] (0.79ns)   --->   "%icmp_ln205_3 = icmp_ult  i11 %select_ln205_1, i11 54" [swiglu.cpp:205]   --->   Operation 246 'icmp' 'icmp_ln205_3' <Predicate = true> <Delay = 0.79> <CoreInst = "Cmp">   --->   Core 9 'Cmp' <Latency = 0> <II = 1> <Delay = 0.79> <FuncUnit> <Opcode : 'seteq' 'setne' 'setle' 'setge' 'setlt' 'setgt'> <InPorts = 2> <OutPorts = 1>
ST_5 : Operation 247 [1/1] (0.00ns) (grouped into LUT with out node select_ln205_2)   --->   "%select_ln205_4 = select i1 %tmp, i32 4294967295, i32 0" [swiglu.cpp:205]   --->   Operation 247 'select' 'select_ln205_4' <Predicate = true> <Delay = 0.00> <CoreInst = "Sel">   --->   Core 73 'Sel' <Latency = 0> <II = 1> <Delay = 0.17> <FuncUnit> <Opcode : 'select'> <InPorts = 3> <OutPorts = 1>
ST_5 : Operation 248 [1/1] (0.00ns)   --->   "%zext_ln205_2 = zext i11 %select_ln205_1" [swiglu.cpp:205]   --->   Operation 248 'zext' 'zext_ln205_2' <Predicate = true> <Delay = 0.00>
ST_5 : Operation 249 [1/1] (1.50ns)   --->   "%ashr_ln205 = ashr i54 %select_ln205, i54 %zext_ln205_2" [swiglu.cpp:205]   --->   Operation 249 'ashr' 'ashr_ln205' <Predicate = true> <Delay = 1.50> <CoreInst = "Shifter">   --->   Core 75 'Shifter' <Latency = 0> <II = 1> <Delay = 1.50> <FuncUnit> <Opcode : 'shl' 'lshr' 'ashr'> <InPorts = 2> <OutPorts = 1>
ST_5 : Operation 250 [1/1] (0.00ns) (grouped into LUT with out node select_ln205_2)   --->   "%trunc_ln205_4 = trunc i54 %ashr_ln205" [swiglu.cpp:205]   --->   Operation 250 'trunc' 'trunc_ln205_4' <Predicate = true> <Delay = 0.00>
ST_5 : Operation 251 [1/1] (0.44ns) (out node of the LUT)   --->   "%select_ln205_2 = select i1 %icmp_ln205_3, i32 %trunc_ln205_4, i32 %select_ln205_4" [swiglu.cpp:205]   --->   Operation 251 'select' 'select_ln205_2' <Predicate = true> <Delay = 0.44> <CoreInst = "Sel">   --->   Core 73 'Sel' <Latency = 0> <II = 1> <Delay = 0.44> <FuncUnit> <Opcode : 'select'> <InPorts = 3> <OutPorts = 1>
ST_5 : Operation 252 [1/1] (0.78ns)   --->   "%icmp_ln205_4 = icmp_eq  i6 %tmp_1, i6 0" [swiglu.cpp:205]   --->   Operation 252 'icmp' 'icmp_ln205_4' <Predicate = true> <Delay = 0.78> <CoreInst = "Cmp">   --->   Core 9 'Cmp' <Latency = 0> <II = 1> <Delay = 0.78> <FuncUnit> <Opcode : 'seteq' 'setne' 'setle' 'setge' 'setlt' 'setgt'> <InPorts = 2> <OutPorts = 1>
ST_5 : Operation 253 [1/1] (1.38ns)   --->   "%shl_ln205 = shl i32 %trunc_ln205_3, i32 %zext_ln205_3" [swiglu.cpp:205]   --->   Operation 253 'shl' 'shl_ln205' <Predicate = true> <Delay = 1.38> <CoreInst = "Shifter">   --->   Core 75 'Shifter' <Latency = 0> <II = 1> <Delay = 1.38> <FuncUnit> <Opcode : 'shl' 'lshr' 'ashr'> <InPorts = 2> <OutPorts = 1>
ST_5 : Operation 254 [1/1] (0.44ns)   --->   "%select_ln205_3 = select i1 %icmp_ln205_4, i32 %shl_ln205, i32 0" [swiglu.cpp:205]   --->   Operation 254 'select' 'select_ln205_3' <Predicate = true> <Delay = 0.44> <CoreInst = "Sel">   --->   Core 73 'Sel' <Latency = 0> <II = 1> <Delay = 0.44> <FuncUnit> <Opcode : 'select'> <InPorts = 3> <OutPorts = 1>
ST_5 : Operation 255 [1/1] (0.00ns) (grouped into LUT with out node and_ln205)   --->   "%xor_ln205 = xor i1 %icmp_ln205, i1 1" [swiglu.cpp:205]   --->   Operation 255 'xor' 'xor_ln205' <Predicate = true> <Delay = 0.00> <CoreInst = "LogicGate">   --->   Core 74 'LogicGate' <Latency = 0> <II = 1> <Delay = 0.28> <FuncUnit> <Opcode : 'and' 'or' 'xor'> <InPorts = 2> <OutPorts = 1>
ST_5 : Operation 256 [1/1] (0.28ns) (out node of the LUT)   --->   "%and_ln205 = and i1 %icmp_ln205_2, i1 %xor_ln205" [swiglu.cpp:205]   --->   Operation 256 'and' 'and_ln205' <Predicate = true> <Delay = 0.28> <CoreInst = "LogicGate">   --->   Core 74 'LogicGate' <Latency = 0> <II = 1> <Delay = 0.28> <FuncUnit> <Opcode : 'and' 'or' 'xor'> <InPorts = 2> <OutPorts = 1>
ST_5 : Operation 257 [1/1] (0.00ns) (grouped into LUT with out node and_ln205_1)   --->   "%or_ln205 = or i1 %icmp_ln205, i1 %icmp_ln205_2" [swiglu.cpp:205]   --->   Operation 257 'or' 'or_ln205' <Predicate = true> <Delay = 0.00> <CoreInst = "LogicGate">   --->   Core 74 'LogicGate' <Latency = 0> <II = 1> <Delay = 0.28> <FuncUnit> <Opcode : 'and' 'or' 'xor'> <InPorts = 2> <OutPorts = 1>
ST_5 : Operation 258 [1/1] (0.00ns) (grouped into LUT with out node and_ln205_1)   --->   "%xor_ln205_1 = xor i1 %or_ln205, i1 1" [swiglu.cpp:205]   --->   Operation 258 'xor' 'xor_ln205_1' <Predicate = true> <Delay = 0.00> <CoreInst = "LogicGate">   --->   Core 74 'LogicGate' <Latency = 0> <II = 1> <Delay = 0.28> <FuncUnit> <Opcode : 'and' 'or' 'xor'> <InPorts = 2> <OutPorts = 1>
ST_5 : Operation 259 [1/1] (0.28ns) (out node of the LUT)   --->   "%and_ln205_1 = and i1 %icmp_ln205_1, i1 %xor_ln205_1" [swiglu.cpp:205]   --->   Operation 259 'and' 'and_ln205_1' <Predicate = true> <Delay = 0.28> <CoreInst = "LogicGate">   --->   Core 74 'LogicGate' <Latency = 0> <II = 1> <Delay = 0.28> <FuncUnit> <Opcode : 'and' 'or' 'xor'> <InPorts = 2> <OutPorts = 1>
ST_5 : Operation 260 [1/1] (0.00ns)   --->   "%sel_tmp = bitconcatenate i3 @_ssdm_op_BitConcatenate.i3.i1.i1.i1, i1 %icmp_ln205, i1 %and_ln205, i1 %and_ln205_1" [swiglu.cpp:205]   --->   Operation 260 'bitconcatenate' 'sel_tmp' <Predicate = true> <Delay = 0.00>
ST_5 : Operation 261 [1/1] (0.47ns)   --->   "%storemerge4_i = sparsemux i32 @_ssdm_op_SparseMux.ap_auto.4i32.i32.i3, i3 4, i32 0, i3 2, i32 %trunc_ln205_3, i3 1, i32 %select_ln205_2, i3 0, i32 %select_ln205_3, i32 0, i3 %sel_tmp" [swiglu.cpp:205]   --->   Operation 261 'sparsemux' 'storemerge4_i' <Predicate = true> <Delay = 0.47> <CoreInst = "OneHotSparseMux_HasDef">   --->   Core 152 'OneHotSparseMux_HasDef' <Latency = 0> <II = 1> <Delay = 0.47> <FuncUnit> <Opcode : 'sparsemux'> <InPorts = 2> <OutPorts = 1>
ST_5 : Operation 262 [1/1] (0.00ns)   --->   "%zext_ln206_3 = zext i11 %select_ln206_1" [swiglu.cpp:206]   --->   Operation 262 'zext' 'zext_ln206_3' <Predicate = true> <Delay = 0.00>
ST_5 : Operation 263 [1/1] (0.79ns)   --->   "%icmp_ln206_3 = icmp_ult  i11 %select_ln206_1, i11 54" [swiglu.cpp:206]   --->   Operation 263 'icmp' 'icmp_ln206_3' <Predicate = true> <Delay = 0.79> <CoreInst = "Cmp">   --->   Core 9 'Cmp' <Latency = 0> <II = 1> <Delay = 0.79> <FuncUnit> <Opcode : 'seteq' 'setne' 'setle' 'setge' 'setlt' 'setgt'> <InPorts = 2> <OutPorts = 1>
ST_5 : Operation 264 [1/1] (0.00ns) (grouped into LUT with out node select_ln206_2)   --->   "%select_ln206_4 = select i1 %tmp_2, i32 4294967295, i32 0" [swiglu.cpp:206]   --->   Operation 264 'select' 'select_ln206_4' <Predicate = true> <Delay = 0.00> <CoreInst = "Sel">   --->   Core 73 'Sel' <Latency = 0> <II = 1> <Delay = 0.17> <FuncUnit> <Opcode : 'select'> <InPorts = 3> <OutPorts = 1>
ST_5 : Operation 265 [1/1] (0.00ns)   --->   "%zext_ln206_2 = zext i11 %select_ln206_1" [swiglu.cpp:206]   --->   Operation 265 'zext' 'zext_ln206_2' <Predicate = true> <Delay = 0.00>
ST_5 : Operation 266 [1/1] (1.50ns)   --->   "%ashr_ln206 = ashr i54 %select_ln206, i54 %zext_ln206_2" [swiglu.cpp:206]   --->   Operation 266 'ashr' 'ashr_ln206' <Predicate = true> <Delay = 1.50> <CoreInst = "Shifter">   --->   Core 75 'Shifter' <Latency = 0> <II = 1> <Delay = 1.50> <FuncUnit> <Opcode : 'shl' 'lshr' 'ashr'> <InPorts = 2> <OutPorts = 1>
ST_5 : Operation 267 [1/1] (0.00ns) (grouped into LUT with out node select_ln206_2)   --->   "%trunc_ln206_4 = trunc i54 %ashr_ln206" [swiglu.cpp:206]   --->   Operation 267 'trunc' 'trunc_ln206_4' <Predicate = true> <Delay = 0.00>
ST_5 : Operation 268 [1/1] (0.44ns) (out node of the LUT)   --->   "%select_ln206_2 = select i1 %icmp_ln206_3, i32 %trunc_ln206_4, i32 %select_ln206_4" [swiglu.cpp:206]   --->   Operation 268 'select' 'select_ln206_2' <Predicate = true> <Delay = 0.44> <CoreInst = "Sel">   --->   Core 73 'Sel' <Latency = 0> <II = 1> <Delay = 0.44> <FuncUnit> <Opcode : 'select'> <InPorts = 3> <OutPorts = 1>
ST_5 : Operation 269 [1/1] (0.78ns)   --->   "%icmp_ln206_4 = icmp_eq  i6 %tmp_3, i6 0" [swiglu.cpp:206]   --->   Operation 269 'icmp' 'icmp_ln206_4' <Predicate = true> <Delay = 0.78> <CoreInst = "Cmp">   --->   Core 9 'Cmp' <Latency = 0> <II = 1> <Delay = 0.78> <FuncUnit> <Opcode : 'seteq' 'setne' 'setle' 'setge' 'setlt' 'setgt'> <InPorts = 2> <OutPorts = 1>
ST_5 : Operation 270 [1/1] (1.38ns)   --->   "%shl_ln206 = shl i32 %trunc_ln206_3, i32 %zext_ln206_3" [swiglu.cpp:206]   --->   Operation 270 'shl' 'shl_ln206' <Predicate = true> <Delay = 1.38> <CoreInst = "Shifter">   --->   Core 75 'Shifter' <Latency = 0> <II = 1> <Delay = 1.38> <FuncUnit> <Opcode : 'shl' 'lshr' 'ashr'> <InPorts = 2> <OutPorts = 1>
ST_5 : Operation 271 [1/1] (0.44ns)   --->   "%select_ln206_3 = select i1 %icmp_ln206_4, i32 %shl_ln206, i32 0" [swiglu.cpp:206]   --->   Operation 271 'select' 'select_ln206_3' <Predicate = true> <Delay = 0.44> <CoreInst = "Sel">   --->   Core 73 'Sel' <Latency = 0> <II = 1> <Delay = 0.44> <FuncUnit> <Opcode : 'select'> <InPorts = 3> <OutPorts = 1>
ST_5 : Operation 272 [1/1] (0.00ns) (grouped into LUT with out node and_ln206)   --->   "%xor_ln206 = xor i1 %icmp_ln206, i1 1" [swiglu.cpp:206]   --->   Operation 272 'xor' 'xor_ln206' <Predicate = true> <Delay = 0.00> <CoreInst = "LogicGate">   --->   Core 74 'LogicGate' <Latency = 0> <II = 1> <Delay = 0.28> <FuncUnit> <Opcode : 'and' 'or' 'xor'> <InPorts = 2> <OutPorts = 1>
ST_5 : Operation 273 [1/1] (0.28ns) (out node of the LUT)   --->   "%and_ln206 = and i1 %icmp_ln206_2, i1 %xor_ln206" [swiglu.cpp:206]   --->   Operation 273 'and' 'and_ln206' <Predicate = true> <Delay = 0.28> <CoreInst = "LogicGate">   --->   Core 74 'LogicGate' <Latency = 0> <II = 1> <Delay = 0.28> <FuncUnit> <Opcode : 'and' 'or' 'xor'> <InPorts = 2> <OutPorts = 1>
ST_5 : Operation 274 [1/1] (0.00ns) (grouped into LUT with out node and_ln206_1)   --->   "%or_ln206 = or i1 %icmp_ln206, i1 %icmp_ln206_2" [swiglu.cpp:206]   --->   Operation 274 'or' 'or_ln206' <Predicate = true> <Delay = 0.00> <CoreInst = "LogicGate">   --->   Core 74 'LogicGate' <Latency = 0> <II = 1> <Delay = 0.28> <FuncUnit> <Opcode : 'and' 'or' 'xor'> <InPorts = 2> <OutPorts = 1>
ST_5 : Operation 275 [1/1] (0.00ns) (grouped into LUT with out node and_ln206_1)   --->   "%xor_ln206_1 = xor i1 %or_ln206, i1 1" [swiglu.cpp:206]   --->   Operation 275 'xor' 'xor_ln206_1' <Predicate = true> <Delay = 0.00> <CoreInst = "LogicGate">   --->   Core 74 'LogicGate' <Latency = 0> <II = 1> <Delay = 0.28> <FuncUnit> <Opcode : 'and' 'or' 'xor'> <InPorts = 2> <OutPorts = 1>
ST_5 : Operation 276 [1/1] (0.28ns) (out node of the LUT)   --->   "%and_ln206_1 = and i1 %icmp_ln206_1, i1 %xor_ln206_1" [swiglu.cpp:206]   --->   Operation 276 'and' 'and_ln206_1' <Predicate = true> <Delay = 0.28> <CoreInst = "LogicGate">   --->   Core 74 'LogicGate' <Latency = 0> <II = 1> <Delay = 0.28> <FuncUnit> <Opcode : 'and' 'or' 'xor'> <InPorts = 2> <OutPorts = 1>
ST_5 : Operation 277 [1/1] (0.00ns)   --->   "%sel_tmp1 = bitconcatenate i3 @_ssdm_op_BitConcatenate.i3.i1.i1.i1, i1 %icmp_ln206, i1 %and_ln206, i1 %and_ln206_1" [swiglu.cpp:206]   --->   Operation 277 'bitconcatenate' 'sel_tmp1' <Predicate = true> <Delay = 0.00>
ST_5 : Operation 278 [1/1] (0.47ns)   --->   "%storemerge4_i1 = sparsemux i32 @_ssdm_op_SparseMux.ap_auto.4i32.i32.i3, i3 4, i32 0, i3 2, i32 %trunc_ln206_3, i3 1, i32 %select_ln206_2, i3 0, i32 %select_ln206_3, i32 0, i3 %sel_tmp1" [swiglu.cpp:206]   --->   Operation 278 'sparsemux' 'storemerge4_i1' <Predicate = true> <Delay = 0.47> <CoreInst = "OneHotSparseMux_HasDef">   --->   Core 152 'OneHotSparseMux_HasDef' <Latency = 0> <II = 1> <Delay = 0.47> <FuncUnit> <Opcode : 'sparsemux'> <InPorts = 2> <OutPorts = 1>

State 6 <SV = 5> <Delay = 2.16>
ST_6 : Operation 279 [1/1] (0.00ns)   --->   "%shl_ln205_1 = bitconcatenate i50 @_ssdm_op_BitConcatenate.i50.i32.i18, i32 %sw_1, i18 0" [swiglu.cpp:205]   --->   Operation 279 'bitconcatenate' 'shl_ln205_1' <Predicate = true> <Delay = 0.00>
ST_6 : Operation 280 [1/1] (0.00ns)   --->   "%sext_ln205 = sext i32 %storemerge4_i" [swiglu.cpp:205]   --->   Operation 280 'sext' 'sext_ln205' <Predicate = true> <Delay = 0.00>
ST_6 : Operation 281 [1/1] (0.00ns)   --->   "%sext_ln205_1 = sext i50 %shl_ln205_1" [swiglu.cpp:205]   --->   Operation 281 'sext' 'sext_ln205_1' <Predicate = true> <Delay = 0.00>
ST_6 : Operation 282 [5/5] (2.16ns)   --->   "%mul_ln205 = mul i80 %sext_ln205_1, i80 %sext_ln205" [swiglu.cpp:205]   --->   Operation 282 'mul' 'mul_ln205' <Predicate = true> <Delay = 2.16> <CoreInst = "Multiplier">   --->   Core 3 'Multiplier' <Latency = 4> <II = 1> <Delay = 2.16> <FuncUnit> <Opcode : 'mul'> <InPorts = 2> <OutPorts = 1>
ST_6 : Operation 283 [1/1] (0.00ns)   --->   "%shl_ln206_1 = bitconcatenate i50 @_ssdm_op_BitConcatenate.i50.i32.i18, i32 %sm_1, i18 0" [swiglu.cpp:206]   --->   Operation 283 'bitconcatenate' 'shl_ln206_1' <Predicate = true> <Delay = 0.00>
ST_6 : Operation 284 [1/1] (0.00ns)   --->   "%sext_ln206 = sext i32 %storemerge4_i1" [swiglu.cpp:206]   --->   Operation 284 'sext' 'sext_ln206' <Predicate = true> <Delay = 0.00>
ST_6 : Operation 285 [1/1] (0.00ns)   --->   "%sext_ln206_1 = sext i50 %shl_ln206_1" [swiglu.cpp:206]   --->   Operation 285 'sext' 'sext_ln206_1' <Predicate = true> <Delay = 0.00>
ST_6 : Operation 286 [5/5] (2.16ns)   --->   "%mul_ln206 = mul i80 %sext_ln206_1, i80 %sext_ln206" [swiglu.cpp:206]   --->   Operation 286 'mul' 'mul_ln206' <Predicate = true> <Delay = 2.16> <CoreInst = "Multiplier">   --->   Core 3 'Multiplier' <Latency = 4> <II = 1> <Delay = 2.16> <FuncUnit> <Opcode : 'mul'> <InPorts = 2> <OutPorts = 1>

State 7 <SV = 6> <Delay = 2.16>
ST_7 : Operation 287 [4/5] (2.16ns)   --->   "%mul_ln205 = mul i80 %sext_ln205_1, i80 %sext_ln205" [swiglu.cpp:205]   --->   Operation 287 'mul' 'mul_ln205' <Predicate = true> <Delay = 2.16> <CoreInst = "Multiplier">   --->   Core 3 'Multiplier' <Latency = 4> <II = 1> <Delay = 2.16> <FuncUnit> <Opcode : 'mul'> <InPorts = 2> <OutPorts = 1>
ST_7 : Operation 288 [4/5] (2.16ns)   --->   "%mul_ln206 = mul i80 %sext_ln206_1, i80 %sext_ln206" [swiglu.cpp:206]   --->   Operation 288 'mul' 'mul_ln206' <Predicate = true> <Delay = 2.16> <CoreInst = "Multiplier">   --->   Core 3 'Multiplier' <Latency = 4> <II = 1> <Delay = 2.16> <FuncUnit> <Opcode : 'mul'> <InPorts = 2> <OutPorts = 1>

State 8 <SV = 7> <Delay = 2.16>
ST_8 : Operation 289 [3/5] (2.16ns)   --->   "%mul_ln205 = mul i80 %sext_ln205_1, i80 %sext_ln205" [swiglu.cpp:205]   --->   Operation 289 'mul' 'mul_ln205' <Predicate = true> <Delay = 2.16> <CoreInst = "Multiplier">   --->   Core 3 'Multiplier' <Latency = 4> <II = 1> <Delay = 2.16> <FuncUnit> <Opcode : 'mul'> <InPorts = 2> <OutPorts = 1>
ST_8 : Operation 290 [3/5] (2.16ns)   --->   "%mul_ln206 = mul i80 %sext_ln206_1, i80 %sext_ln206" [swiglu.cpp:206]   --->   Operation 290 'mul' 'mul_ln206' <Predicate = true> <Delay = 2.16> <CoreInst = "Multiplier">   --->   Core 3 'Multiplier' <Latency = 4> <II = 1> <Delay = 2.16> <FuncUnit> <Opcode : 'mul'> <InPorts = 2> <OutPorts = 1>

State 9 <SV = 8> <Delay = 2.16>
ST_9 : Operation 291 [2/5] (2.16ns)   --->   "%mul_ln205 = mul i80 %sext_ln205_1, i80 %sext_ln205" [swiglu.cpp:205]   --->   Operation 291 'mul' 'mul_ln205' <Predicate = true> <Delay = 2.16> <CoreInst = "Multiplier">   --->   Core 3 'Multiplier' <Latency = 4> <II = 1> <Delay = 2.16> <FuncUnit> <Opcode : 'mul'> <InPorts = 2> <OutPorts = 1>
ST_9 : Operation 292 [2/5] (2.16ns)   --->   "%mul_ln206 = mul i80 %sext_ln206_1, i80 %sext_ln206" [swiglu.cpp:206]   --->   Operation 292 'mul' 'mul_ln206' <Predicate = true> <Delay = 2.16> <CoreInst = "Multiplier">   --->   Core 3 'Multiplier' <Latency = 4> <II = 1> <Delay = 2.16> <FuncUnit> <Opcode : 'mul'> <InPorts = 2> <OutPorts = 1>

State 10 <SV = 9> <Delay = 2.16>
ST_10 : Operation 293 [1/5] (2.16ns)   --->   "%mul_ln205 = mul i80 %sext_ln205_1, i80 %sext_ln205" [swiglu.cpp:205]   --->   Operation 293 'mul' 'mul_ln205' <Predicate = true> <Delay = 2.16> <CoreInst = "Multiplier">   --->   Core 3 'Multiplier' <Latency = 4> <II = 1> <Delay = 2.16> <FuncUnit> <Opcode : 'mul'> <InPorts = 2> <OutPorts = 1>
ST_10 : Operation 294 [1/5] (2.16ns)   --->   "%mul_ln206 = mul i80 %sext_ln206_1, i80 %sext_ln206" [swiglu.cpp:206]   --->   Operation 294 'mul' 'mul_ln206' <Predicate = true> <Delay = 2.16> <CoreInst = "Multiplier">   --->   Core 3 'Multiplier' <Latency = 4> <II = 1> <Delay = 2.16> <FuncUnit> <Opcode : 'mul'> <InPorts = 2> <OutPorts = 1>
ST_10 : Operation 305 [1/1] (0.00ns)   --->   "%total_load = load i56 %total"   --->   Operation 305 'load' 'total_load' <Predicate = (icmp_ln198)> <Delay = 0.00>
ST_10 : Operation 306 [1/1] (0.00ns)   --->   "%write_ln0 = write void @_ssdm_op_Write.ap_auto.i56P0A, i56 %total_out, i56 %total_load"   --->   Operation 306 'write' 'write_ln0' <Predicate = (icmp_ln198)> <Delay = 0.00>
ST_10 : Operation 307 [1/1] (0.42ns)   --->   "%ret_ln0 = ret"   --->   Operation 307 'ret' 'ret_ln0' <Predicate = (icmp_ln198)> <Delay = 0.42>

State 11 <SV = 10> <Delay = 1.29>
ST_11 : Operation 295 [1/1] (0.00ns)   --->   "%total_load_1 = load i56 %total" [swiglu.cpp:205]   --->   Operation 295 'load' 'total_load_1' <Predicate = true> <Delay = 0.00>
ST_11 : Operation 296 [1/1] (0.00ns)   --->   "%specpipeline_ln197 = specpipeline void @_ssdm_op_SpecPipeline, i32 4294967295, i32 0, i32 0, i32 0, void @empty_39" [swiglu.cpp:197]   --->   Operation 296 'specpipeline' 'specpipeline_ln197' <Predicate = true> <Delay = 0.00>
ST_11 : Operation 297 [1/1] (0.00ns)   --->   "%speclooptripcount_ln197 = speclooptripcount void @_ssdm_op_SpecLoopTripCount, i64 8, i64 8, i64 8" [swiglu.cpp:197]   --->   Operation 297 'speclooptripcount' 'speclooptripcount_ln197' <Predicate = true> <Delay = 0.00>
ST_11 : Operation 298 [1/1] (0.00ns)   --->   "%specloopname_ln198 = specloopname void @_ssdm_op_SpecLoopName, void @empty_24" [swiglu.cpp:198]   --->   Operation 298 'specloopname' 'specloopname_ln198' <Predicate = true> <Delay = 0.00>
ST_11 : Operation 299 [1/1] (0.00ns) (grouped into TernaryAdder)   --->   "%sub_ln206_3 = sub i80 %mul_ln205, i80 %mul_ln206" [swiglu.cpp:206]   --->   Operation 299 'sub' 'sub_ln206_3' <Predicate = true> <Delay = 0.00> <CoreInst = "TAddSub">   --->   Core 10 'TAddSub' <Latency = 0> <II = 1> <Delay = 0.43> <IPBlock> <Opcode : 'add' 'sub'> <InPorts = 3> <OutPorts = 1> <Sync> <CReg>
ST_11 : Operation 300 [1/1] (0.00ns)   --->   "%shl_ln205_2 = bitconcatenate i80 @_ssdm_op_BitConcatenate.i80.i56.i24, i56 %total_load_1, i24 0" [swiglu.cpp:205]   --->   Operation 300 'bitconcatenate' 'shl_ln205_2' <Predicate = true> <Delay = 0.00>
ST_11 : Operation 301 [1/1] (0.86ns) (root node of TernaryAdder)   --->   "%add_ln205_1 = add i80 %sub_ln206_3, i80 %shl_ln205_2" [swiglu.cpp:205]   --->   Operation 301 'add' 'add_ln205_1' <Predicate = true> <Delay = 0.86> <CoreInst = "TAddSub">   --->   Core 10 'TAddSub' <Latency = 0> <II = 1> <Delay = 0.43> <IPBlock> <Opcode : 'add' 'sub'> <InPorts = 3> <OutPorts = 1> <Sync> <CReg>
ST_11 : Operation 302 [1/1] (0.00ns)   --->   "%total_1 = partselect i56 @_ssdm_op_PartSelect.i56.i80.i32.i32, i80 %add_ln205_1, i32 24, i32 79" [swiglu.cpp:205]   --->   Operation 302 'partselect' 'total_1' <Predicate = true> <Delay = 0.00>
ST_11 : Operation 303 [1/1] (0.42ns)   --->   "%store_ln197 = store i56 %total_1, i56 %total" [swiglu.cpp:197]   --->   Operation 303 'store' 'store_ln197' <Predicate = true> <Delay = 0.42>
ST_11 : Operation 304 [1/1] (0.00ns)   --->   "%br_ln198 = br void %VITIS_LOOP_200_3" [swiglu.cpp:198]   --->   Operation 304 'br' 'br_ln198' <Predicate = true> <Delay = 0.00>


============================================================
+ Verbose Summary: Timing violations
============================================================
Target clock period: 3.333ns, clock uncertainty: 0.900ns.

 <State 1>: 2.164ns
The critical path consists of the following:
	'store' operation 0 bit ('store_ln198', swiglu.cpp:198) of constant 0 on local variable 'b', swiglu.cpp:198 [292]  (0.427 ns)
	'load' operation 4 bit ('b', swiglu.cpp:198) on local variable 'b', swiglu.cpp:198 [296]  (0.000 ns)
	'sparsemux' operation 32 bit ('tmp_s', swiglu.cpp:202) [308]  (0.721 ns)
	'add' operation 32 bit ('add_ln202', swiglu.cpp:202) [321]  (1.016 ns)

 <State 2>: 2.306ns
The critical path consists of the following:
	'fpext' operation 64 bit ('pf', swiglu.cpp:205) [337]  (2.306 ns)

 <State 3>: 2.306ns
The critical path consists of the following:
	'fpext' operation 64 bit ('pf', swiglu.cpp:205) [337]  (2.306 ns)

 <State 4>: 2.007ns
The critical path consists of the following:
	'sub' operation 12 bit ('sub_ln205_1', swiglu.cpp:205) [349]  (0.809 ns)
	'icmp' operation 1 bit ('icmp_ln205_1', swiglu.cpp:205) [351]  (0.809 ns)
	'select' operation 11 bit ('select_ln205_1', swiglu.cpp:205) [354]  (0.389 ns)

 <State 5>: 2.431ns
The critical path consists of the following:
	'ashr' operation 54 bit ('ashr_ln205', swiglu.cpp:205) [361]  (1.506 ns)
	'select' operation 32 bit ('select_ln205_2', swiglu.cpp:205) [363]  (0.449 ns)
	'sparsemux' operation 32 bit ('storemerge4_i', swiglu.cpp:205) [374]  (0.476 ns)

 <State 6>: 2.168ns
The critical path consists of the following:
	'mul' operation 80 bit ('mul_ln205', swiglu.cpp:205) [378]  (2.168 ns)

 <State 7>: 2.168ns
The critical path consists of the following:
	'mul' operation 80 bit ('mul_ln205', swiglu.cpp:205) [378]  (2.168 ns)

 <State 8>: 2.168ns
The critical path consists of the following:
	'mul' operation 80 bit ('mul_ln205', swiglu.cpp:205) [378]  (2.168 ns)

 <State 9>: 2.168ns
The critical path consists of the following:
	'mul' operation 80 bit ('mul_ln205', swiglu.cpp:205) [378]  (2.168 ns)

 <State 10>: 2.168ns
The critical path consists of the following:
	'mul' operation 80 bit ('mul_ln205', swiglu.cpp:205) [378]  (2.168 ns)

 <State 11>: 1.290ns
The critical path consists of the following:
	'load' operation 56 bit ('total_load_1', swiglu.cpp:205) on local variable 'total', swiglu.cpp:197 [301]  (0.000 ns)
	'add' operation 80 bit ('add_ln205_1', swiglu.cpp:205) [424]  (0.863 ns)
	'store' operation 0 bit ('store_ln197', swiglu.cpp:197) of variable 'total', swiglu.cpp:205 on local variable 'total', swiglu.cpp:197 [427]  (0.427 ns)


============================================================
+ Verbose Summary: Binding
============================================================
N/A
* FSMD analyzer results:
  - Output states:
 - Input state : 
  - Chain level:
	State 1
	State 2
	State 3
	State 4
	State 5
	State 6
	State 7
	State 8
	State 9
	State 10
	State 11


============================================================
+ Verbose Summary: Datapath Resource usage 
============================================================
N/A
