

================================================================
== Vitis HLS Report for 'mac_blocks_down_q6k5'
================================================================
* Date:           Sun Apr  5 16:06:40 2026

* Version:        2025.1 (Build 6135595 on May 21 2025)
* Project:        swiglu
* Solution:       hls (Vivado IP Flow Target)
* Product family: zynquplus
* Target device:  xck26-sfvc784-2LV-c


================================================================
== Performance Estimates
================================================================
+ Timing: 
    * Summary: 
    +--------+---------+----------+------------+
    |  Clock |  Target | Estimated| Uncertainty|
    +--------+---------+----------+------------+
    |ap_clk  |  3.33 ns|  2.431 ns|     0.90 ns|
    +--------+---------+----------+------------+

+ Latency: 
    * Summary: 
    +---------+---------+----------+----------+------+------+---------+
    |  Latency (cycles) |  Latency (absolute) |   Interval  | Pipeline|
    |   min   |   max   |    min   |    max   |  min |  max |   Type  |
    +---------+---------+----------+----------+------+------+---------+
    |     2283|     2283|  7.609 us|  7.609 us|  2283|  2283|       no|
    +---------+---------+----------+----------+------+------+---------+

    + Detail: 
        * Instance: 
        N/A

        * Loop: 
        +--------------------+---------+---------+----------+-----------+-----------+------+----------+
        |                    |  Latency (cycles) | Iteration|  Initiation Interval  | Trip |          |
        |      Loop Name     |   min   |   max   |  Latency |  achieved |   target  | Count| Pipelined|
        +--------------------+---------+---------+----------+-----------+-----------+------+----------+
        |- VITIS_LOOP_576_1  |     2272|     2272|       284|          -|          -|     8|        no|
        +--------------------+---------+---------+----------+-----------+-----------+------+----------+

============================================================
+ Verbose Summary: Synthesis Manager
============================================================
InlineROM: 1
ExposeGlobal: 0
============================================================
+ Verbose Summary: CDFG Model
============================================================
IsTopModel: 0
ResetActiveHigh: 1
IsCombinational: 0
IsDatapathOnly: 0
HasWiredReturn: 1
HasMFsm: 0
HasVarLatency: 1
IsPipeline: 0
IsRtlPipelined: 0
IsInstanceOverlapped: 0
IsDontTouch: 0
HasImplIP: 0
IsGatedGlobalClock: 0


============================================================
+ Verbose Summary: Schedule
============================================================
* Number of FSM states : 16
* Pipeline : 0
* Dataflow Pipeline: 0

* FSM state transitions: 
1 --> 2 
2 --> 3 7 
3 --> 4 
4 --> 5 
5 --> 6 
6 --> 2 
7 --> 8 
8 --> 9 
9 --> 10 
10 --> 11 
11 --> 12 
12 --> 13 
13 --> 14 
14 --> 15 
15 --> 16 
16 --> 

* FSM state operations: 

State 1 <SV = 0> <Delay = 0.42>
ST_1 : Operation 17 [1/1] (0.00ns)   --->   "%add_i_i14_lcssa_phi = alloca i32 1"   --->   Operation 17 'alloca' 'add_i_i14_lcssa_phi' <Predicate = true> <Delay = 0.00>
ST_1 : Operation 18 [1/1] (0.00ns)   --->   "%total = alloca i32 1" [swiglu.cpp:575]   --->   Operation 18 'alloca' 'total' <Predicate = true> <Delay = 0.00>
ST_1 : Operation 19 [1/1] (0.00ns)   --->   "%g = alloca i32 1" [swiglu.cpp:576]   --->   Operation 19 'alloca' 'g' <Predicate = true> <Delay = 0.00>
ST_1 : Operation 20 [1/1] (0.00ns)   --->   "%gate_scale_read = read i32 @_ssdm_op_Read.ap_auto.float, i32 %gate_scale"   --->   Operation 20 'read' 'gate_scale_read' <Predicate = true> <Delay = 0.00>
ST_1 : Operation 21 [1/1] (0.00ns)   --->   "%d_buf_31_val_read = read i32 @_ssdm_op_Read.ap_auto.float, i32 %d_buf_31_val"   --->   Operation 21 'read' 'd_buf_31_val_read' <Predicate = true> <Delay = 0.00>
ST_1 : Operation 22 [1/1] (0.00ns)   --->   "%d_buf_30_val_read = read i32 @_ssdm_op_Read.ap_auto.float, i32 %d_buf_30_val"   --->   Operation 22 'read' 'd_buf_30_val_read' <Predicate = true> <Delay = 0.00>
ST_1 : Operation 23 [1/1] (0.00ns)   --->   "%d_buf_29_val_read = read i32 @_ssdm_op_Read.ap_auto.float, i32 %d_buf_29_val"   --->   Operation 23 'read' 'd_buf_29_val_read' <Predicate = true> <Delay = 0.00>
ST_1 : Operation 24 [1/1] (0.00ns)   --->   "%d_buf_28_val_read = read i32 @_ssdm_op_Read.ap_auto.float, i32 %d_buf_28_val"   --->   Operation 24 'read' 'd_buf_28_val_read' <Predicate = true> <Delay = 0.00>
ST_1 : Operation 25 [1/1] (0.00ns)   --->   "%d_buf_27_val_read = read i32 @_ssdm_op_Read.ap_auto.float, i32 %d_buf_27_val"   --->   Operation 25 'read' 'd_buf_27_val_read' <Predicate = true> <Delay = 0.00>
ST_1 : Operation 26 [1/1] (0.00ns)   --->   "%d_buf_26_val_read = read i32 @_ssdm_op_Read.ap_auto.float, i32 %d_buf_26_val"   --->   Operation 26 'read' 'd_buf_26_val_read' <Predicate = true> <Delay = 0.00>
ST_1 : Operation 27 [1/1] (0.00ns)   --->   "%d_buf_25_val_read = read i32 @_ssdm_op_Read.ap_auto.float, i32 %d_buf_25_val"   --->   Operation 27 'read' 'd_buf_25_val_read' <Predicate = true> <Delay = 0.00>
ST_1 : Operation 28 [1/1] (0.00ns)   --->   "%d_buf_24_val_read = read i32 @_ssdm_op_Read.ap_auto.float, i32 %d_buf_24_val"   --->   Operation 28 'read' 'd_buf_24_val_read' <Predicate = true> <Delay = 0.00>
ST_1 : Operation 29 [1/1] (0.00ns)   --->   "%d_buf_23_val_read = read i32 @_ssdm_op_Read.ap_auto.float, i32 %d_buf_23_val"   --->   Operation 29 'read' 'd_buf_23_val_read' <Predicate = true> <Delay = 0.00>
ST_1 : Operation 30 [1/1] (0.00ns)   --->   "%d_buf_22_val_read = read i32 @_ssdm_op_Read.ap_auto.float, i32 %d_buf_22_val"   --->   Operation 30 'read' 'd_buf_22_val_read' <Predicate = true> <Delay = 0.00>
ST_1 : Operation 31 [1/1] (0.00ns)   --->   "%d_buf_21_val_read = read i32 @_ssdm_op_Read.ap_auto.float, i32 %d_buf_21_val"   --->   Operation 31 'read' 'd_buf_21_val_read' <Predicate = true> <Delay = 0.00>
ST_1 : Operation 32 [1/1] (0.00ns)   --->   "%d_buf_20_val_read = read i32 @_ssdm_op_Read.ap_auto.float, i32 %d_buf_20_val"   --->   Operation 32 'read' 'd_buf_20_val_read' <Predicate = true> <Delay = 0.00>
ST_1 : Operation 33 [1/1] (0.00ns)   --->   "%d_buf_19_val_read = read i32 @_ssdm_op_Read.ap_auto.float, i32 %d_buf_19_val"   --->   Operation 33 'read' 'd_buf_19_val_read' <Predicate = true> <Delay = 0.00>
ST_1 : Operation 34 [1/1] (0.00ns)   --->   "%d_buf_18_val_read = read i32 @_ssdm_op_Read.ap_auto.float, i32 %d_buf_18_val"   --->   Operation 34 'read' 'd_buf_18_val_read' <Predicate = true> <Delay = 0.00>
ST_1 : Operation 35 [1/1] (0.00ns)   --->   "%d_buf_17_val_read = read i32 @_ssdm_op_Read.ap_auto.float, i32 %d_buf_17_val"   --->   Operation 35 'read' 'd_buf_17_val_read' <Predicate = true> <Delay = 0.00>
ST_1 : Operation 36 [1/1] (0.00ns)   --->   "%d_buf_16_val_read = read i32 @_ssdm_op_Read.ap_auto.float, i32 %d_buf_16_val"   --->   Operation 36 'read' 'd_buf_16_val_read' <Predicate = true> <Delay = 0.00>
ST_1 : Operation 37 [1/1] (0.00ns)   --->   "%d_buf_15_val_read = read i32 @_ssdm_op_Read.ap_auto.float, i32 %d_buf_15_val"   --->   Operation 37 'read' 'd_buf_15_val_read' <Predicate = true> <Delay = 0.00>
ST_1 : Operation 38 [1/1] (0.00ns)   --->   "%d_buf_14_val_read = read i32 @_ssdm_op_Read.ap_auto.float, i32 %d_buf_14_val"   --->   Operation 38 'read' 'd_buf_14_val_read' <Predicate = true> <Delay = 0.00>
ST_1 : Operation 39 [1/1] (0.00ns)   --->   "%d_buf_13_val_read = read i32 @_ssdm_op_Read.ap_auto.float, i32 %d_buf_13_val"   --->   Operation 39 'read' 'd_buf_13_val_read' <Predicate = true> <Delay = 0.00>
ST_1 : Operation 40 [1/1] (0.00ns)   --->   "%d_buf_12_val_read = read i32 @_ssdm_op_Read.ap_auto.float, i32 %d_buf_12_val"   --->   Operation 40 'read' 'd_buf_12_val_read' <Predicate = true> <Delay = 0.00>
ST_1 : Operation 41 [1/1] (0.00ns)   --->   "%d_buf_11_val_read = read i32 @_ssdm_op_Read.ap_auto.float, i32 %d_buf_11_val"   --->   Operation 41 'read' 'd_buf_11_val_read' <Predicate = true> <Delay = 0.00>
ST_1 : Operation 42 [1/1] (0.00ns)   --->   "%d_buf_10_val_read = read i32 @_ssdm_op_Read.ap_auto.float, i32 %d_buf_10_val"   --->   Operation 42 'read' 'd_buf_10_val_read' <Predicate = true> <Delay = 0.00>
ST_1 : Operation 43 [1/1] (0.00ns)   --->   "%d_buf_9_val_read = read i32 @_ssdm_op_Read.ap_auto.float, i32 %d_buf_9_val"   --->   Operation 43 'read' 'd_buf_9_val_read' <Predicate = true> <Delay = 0.00>
ST_1 : Operation 44 [1/1] (0.00ns)   --->   "%d_buf_8_val_read = read i32 @_ssdm_op_Read.ap_auto.float, i32 %d_buf_8_val"   --->   Operation 44 'read' 'd_buf_8_val_read' <Predicate = true> <Delay = 0.00>
ST_1 : Operation 45 [1/1] (0.00ns)   --->   "%d_buf_7_val_read = read i32 @_ssdm_op_Read.ap_auto.float, i32 %d_buf_7_val"   --->   Operation 45 'read' 'd_buf_7_val_read' <Predicate = true> <Delay = 0.00>
ST_1 : Operation 46 [1/1] (0.00ns)   --->   "%d_buf_6_val_read = read i32 @_ssdm_op_Read.ap_auto.float, i32 %d_buf_6_val"   --->   Operation 46 'read' 'd_buf_6_val_read' <Predicate = true> <Delay = 0.00>
ST_1 : Operation 47 [1/1] (0.00ns)   --->   "%d_buf_5_val_read = read i32 @_ssdm_op_Read.ap_auto.float, i32 %d_buf_5_val"   --->   Operation 47 'read' 'd_buf_5_val_read' <Predicate = true> <Delay = 0.00>
ST_1 : Operation 48 [1/1] (0.00ns)   --->   "%d_buf_4_val_read = read i32 @_ssdm_op_Read.ap_auto.float, i32 %d_buf_4_val"   --->   Operation 48 'read' 'd_buf_4_val_read' <Predicate = true> <Delay = 0.00>
ST_1 : Operation 49 [1/1] (0.00ns)   --->   "%d_buf_3_val_read = read i32 @_ssdm_op_Read.ap_auto.float, i32 %d_buf_3_val"   --->   Operation 49 'read' 'd_buf_3_val_read' <Predicate = true> <Delay = 0.00>
ST_1 : Operation 50 [1/1] (0.00ns)   --->   "%d_buf_2_val_read = read i32 @_ssdm_op_Read.ap_auto.float, i32 %d_buf_2_val"   --->   Operation 50 'read' 'd_buf_2_val_read' <Predicate = true> <Delay = 0.00>
ST_1 : Operation 51 [1/1] (0.00ns)   --->   "%d_buf_1_val_read = read i32 @_ssdm_op_Read.ap_auto.float, i32 %d_buf_1_val"   --->   Operation 51 'read' 'd_buf_1_val_read' <Predicate = true> <Delay = 0.00>
ST_1 : Operation 52 [1/1] (0.00ns)   --->   "%d_buf_0_val_read = read i32 @_ssdm_op_Read.ap_auto.float, i32 %d_buf_0_val"   --->   Operation 52 'read' 'd_buf_0_val_read' <Predicate = true> <Delay = 0.00>
ST_1 : Operation 53 [1/1] (0.00ns)   --->   "%sc_buf_31_val_read = read i128 @_ssdm_op_Read.ap_auto.i128, i128 %sc_buf_31_val"   --->   Operation 53 'read' 'sc_buf_31_val_read' <Predicate = true> <Delay = 0.00>
ST_1 : Operation 54 [1/1] (0.00ns)   --->   "%sc_buf_30_val_read = read i128 @_ssdm_op_Read.ap_auto.i128, i128 %sc_buf_30_val"   --->   Operation 54 'read' 'sc_buf_30_val_read' <Predicate = true> <Delay = 0.00>
ST_1 : Operation 55 [1/1] (0.00ns)   --->   "%sc_buf_29_val_read = read i128 @_ssdm_op_Read.ap_auto.i128, i128 %sc_buf_29_val"   --->   Operation 55 'read' 'sc_buf_29_val_read' <Predicate = true> <Delay = 0.00>
ST_1 : Operation 56 [1/1] (0.00ns)   --->   "%sc_buf_28_val_read = read i128 @_ssdm_op_Read.ap_auto.i128, i128 %sc_buf_28_val"   --->   Operation 56 'read' 'sc_buf_28_val_read' <Predicate = true> <Delay = 0.00>
ST_1 : Operation 57 [1/1] (0.00ns)   --->   "%sc_buf_27_val_read = read i128 @_ssdm_op_Read.ap_auto.i128, i128 %sc_buf_27_val"   --->   Operation 57 'read' 'sc_buf_27_val_read' <Predicate = true> <Delay = 0.00>
ST_1 : Operation 58 [1/1] (0.00ns)   --->   "%sc_buf_26_val_read = read i128 @_ssdm_op_Read.ap_auto.i128, i128 %sc_buf_26_val"   --->   Operation 58 'read' 'sc_buf_26_val_read' <Predicate = true> <Delay = 0.00>
ST_1 : Operation 59 [1/1] (0.00ns)   --->   "%sc_buf_25_val_read = read i128 @_ssdm_op_Read.ap_auto.i128, i128 %sc_buf_25_val"   --->   Operation 59 'read' 'sc_buf_25_val_read' <Predicate = true> <Delay = 0.00>
ST_1 : Operation 60 [1/1] (0.00ns)   --->   "%sc_buf_24_val_read = read i128 @_ssdm_op_Read.ap_auto.i128, i128 %sc_buf_24_val"   --->   Operation 60 'read' 'sc_buf_24_val_read' <Predicate = true> <Delay = 0.00>
ST_1 : Operation 61 [1/1] (0.00ns)   --->   "%sc_buf_23_val_read = read i128 @_ssdm_op_Read.ap_auto.i128, i128 %sc_buf_23_val"   --->   Operation 61 'read' 'sc_buf_23_val_read' <Predicate = true> <Delay = 0.00>
ST_1 : Operation 62 [1/1] (0.00ns)   --->   "%sc_buf_22_val_read = read i128 @_ssdm_op_Read.ap_auto.i128, i128 %sc_buf_22_val"   --->   Operation 62 'read' 'sc_buf_22_val_read' <Predicate = true> <Delay = 0.00>
ST_1 : Operation 63 [1/1] (0.00ns)   --->   "%sc_buf_21_val_read = read i128 @_ssdm_op_Read.ap_auto.i128, i128 %sc_buf_21_val"   --->   Operation 63 'read' 'sc_buf_21_val_read' <Predicate = true> <Delay = 0.00>
ST_1 : Operation 64 [1/1] (0.00ns)   --->   "%sc_buf_20_val_read = read i128 @_ssdm_op_Read.ap_auto.i128, i128 %sc_buf_20_val"   --->   Operation 64 'read' 'sc_buf_20_val_read' <Predicate = true> <Delay = 0.00>
ST_1 : Operation 65 [1/1] (0.00ns)   --->   "%sc_buf_19_val_read = read i128 @_ssdm_op_Read.ap_auto.i128, i128 %sc_buf_19_val"   --->   Operation 65 'read' 'sc_buf_19_val_read' <Predicate = true> <Delay = 0.00>
ST_1 : Operation 66 [1/1] (0.00ns)   --->   "%sc_buf_18_val_read = read i128 @_ssdm_op_Read.ap_auto.i128, i128 %sc_buf_18_val"   --->   Operation 66 'read' 'sc_buf_18_val_read' <Predicate = true> <Delay = 0.00>
ST_1 : Operation 67 [1/1] (0.00ns)   --->   "%sc_buf_17_val_read = read i128 @_ssdm_op_Read.ap_auto.i128, i128 %sc_buf_17_val"   --->   Operation 67 'read' 'sc_buf_17_val_read' <Predicate = true> <Delay = 0.00>
ST_1 : Operation 68 [1/1] (0.00ns)   --->   "%sc_buf_16_val_read = read i128 @_ssdm_op_Read.ap_auto.i128, i128 %sc_buf_16_val"   --->   Operation 68 'read' 'sc_buf_16_val_read' <Predicate = true> <Delay = 0.00>
ST_1 : Operation 69 [1/1] (0.00ns)   --->   "%sc_buf_15_val_read = read i128 @_ssdm_op_Read.ap_auto.i128, i128 %sc_buf_15_val"   --->   Operation 69 'read' 'sc_buf_15_val_read' <Predicate = true> <Delay = 0.00>
ST_1 : Operation 70 [1/1] (0.00ns)   --->   "%sc_buf_14_val_read = read i128 @_ssdm_op_Read.ap_auto.i128, i128 %sc_buf_14_val"   --->   Operation 70 'read' 'sc_buf_14_val_read' <Predicate = true> <Delay = 0.00>
ST_1 : Operation 71 [1/1] (0.00ns)   --->   "%sc_buf_13_val_read = read i128 @_ssdm_op_Read.ap_auto.i128, i128 %sc_buf_13_val"   --->   Operation 71 'read' 'sc_buf_13_val_read' <Predicate = true> <Delay = 0.00>
ST_1 : Operation 72 [1/1] (0.00ns)   --->   "%sc_buf_12_val_read = read i128 @_ssdm_op_Read.ap_auto.i128, i128 %sc_buf_12_val"   --->   Operation 72 'read' 'sc_buf_12_val_read' <Predicate = true> <Delay = 0.00>
ST_1 : Operation 73 [1/1] (0.00ns)   --->   "%sc_buf_11_val_read = read i128 @_ssdm_op_Read.ap_auto.i128, i128 %sc_buf_11_val"   --->   Operation 73 'read' 'sc_buf_11_val_read' <Predicate = true> <Delay = 0.00>
ST_1 : Operation 74 [1/1] (0.00ns)   --->   "%sc_buf_10_val_read = read i128 @_ssdm_op_Read.ap_auto.i128, i128 %sc_buf_10_val"   --->   Operation 74 'read' 'sc_buf_10_val_read' <Predicate = true> <Delay = 0.00>
ST_1 : Operation 75 [1/1] (0.00ns)   --->   "%sc_buf_9_val_read = read i128 @_ssdm_op_Read.ap_auto.i128, i128 %sc_buf_9_val"   --->   Operation 75 'read' 'sc_buf_9_val_read' <Predicate = true> <Delay = 0.00>
ST_1 : Operation 76 [1/1] (0.00ns)   --->   "%sc_buf_8_val_read = read i128 @_ssdm_op_Read.ap_auto.i128, i128 %sc_buf_8_val"   --->   Operation 76 'read' 'sc_buf_8_val_read' <Predicate = true> <Delay = 0.00>
ST_1 : Operation 77 [1/1] (0.00ns)   --->   "%sc_buf_7_val_read = read i128 @_ssdm_op_Read.ap_auto.i128, i128 %sc_buf_7_val"   --->   Operation 77 'read' 'sc_buf_7_val_read' <Predicate = true> <Delay = 0.00>
ST_1 : Operation 78 [1/1] (0.00ns)   --->   "%sc_buf_6_val_read = read i128 @_ssdm_op_Read.ap_auto.i128, i128 %sc_buf_6_val"   --->   Operation 78 'read' 'sc_buf_6_val_read' <Predicate = true> <Delay = 0.00>
ST_1 : Operation 79 [1/1] (0.00ns)   --->   "%sc_buf_5_val_read = read i128 @_ssdm_op_Read.ap_auto.i128, i128 %sc_buf_5_val"   --->   Operation 79 'read' 'sc_buf_5_val_read' <Predicate = true> <Delay = 0.00>
ST_1 : Operation 80 [1/1] (0.00ns)   --->   "%sc_buf_4_val_read = read i128 @_ssdm_op_Read.ap_auto.i128, i128 %sc_buf_4_val"   --->   Operation 80 'read' 'sc_buf_4_val_read' <Predicate = true> <Delay = 0.00>
ST_1 : Operation 81 [1/1] (0.00ns)   --->   "%sc_buf_3_val_read = read i128 @_ssdm_op_Read.ap_auto.i128, i128 %sc_buf_3_val"   --->   Operation 81 'read' 'sc_buf_3_val_read' <Predicate = true> <Delay = 0.00>
ST_1 : Operation 82 [1/1] (0.00ns)   --->   "%sc_buf_2_val_read = read i128 @_ssdm_op_Read.ap_auto.i128, i128 %sc_buf_2_val"   --->   Operation 82 'read' 'sc_buf_2_val_read' <Predicate = true> <Delay = 0.00>
ST_1 : Operation 83 [1/1] (0.00ns)   --->   "%sc_buf_1_val_read = read i128 @_ssdm_op_Read.ap_auto.i128, i128 %sc_buf_1_val"   --->   Operation 83 'read' 'sc_buf_1_val_read' <Predicate = true> <Delay = 0.00>
ST_1 : Operation 84 [1/1] (0.00ns)   --->   "%sc_buf_0_val_read = read i128 @_ssdm_op_Read.ap_auto.i128, i128 %sc_buf_0_val"   --->   Operation 84 'read' 'sc_buf_0_val_read' <Predicate = true> <Delay = 0.00>
ST_1 : Operation 85 [1/1] (0.00ns)   --->   "%add_i_i14_phi_loc = alloca i64 1"   --->   Operation 85 'alloca' 'add_i_i14_phi_loc' <Predicate = true> <Delay = 0.00>
ST_1 : Operation 86 [1/1] (0.00ns)   --->   "%acc_local_31_load_loc = alloca i64 1"   --->   Operation 86 'alloca' 'acc_local_31_load_loc' <Predicate = true> <Delay = 0.00>
ST_1 : Operation 87 [1/1] (0.00ns)   --->   "%acc_local_30_load_loc = alloca i64 1"   --->   Operation 87 'alloca' 'acc_local_30_load_loc' <Predicate = true> <Delay = 0.00>
ST_1 : Operation 88 [1/1] (0.00ns)   --->   "%acc_local_29_load_loc = alloca i64 1"   --->   Operation 88 'alloca' 'acc_local_29_load_loc' <Predicate = true> <Delay = 0.00>
ST_1 : Operation 89 [1/1] (0.00ns)   --->   "%acc_local_28_load_loc = alloca i64 1"   --->   Operation 89 'alloca' 'acc_local_28_load_loc' <Predicate = true> <Delay = 0.00>
ST_1 : Operation 90 [1/1] (0.00ns)   --->   "%acc_local_27_load_loc = alloca i64 1"   --->   Operation 90 'alloca' 'acc_local_27_load_loc' <Predicate = true> <Delay = 0.00>
ST_1 : Operation 91 [1/1] (0.00ns)   --->   "%acc_local_26_load_loc = alloca i64 1"   --->   Operation 91 'alloca' 'acc_local_26_load_loc' <Predicate = true> <Delay = 0.00>
ST_1 : Operation 92 [1/1] (0.00ns)   --->   "%acc_local_25_load_loc = alloca i64 1"   --->   Operation 92 'alloca' 'acc_local_25_load_loc' <Predicate = true> <Delay = 0.00>
ST_1 : Operation 93 [1/1] (0.00ns)   --->   "%acc_local_24_load_loc = alloca i64 1"   --->   Operation 93 'alloca' 'acc_local_24_load_loc' <Predicate = true> <Delay = 0.00>
ST_1 : Operation 94 [1/1] (0.00ns)   --->   "%acc_local_23_load_loc = alloca i64 1"   --->   Operation 94 'alloca' 'acc_local_23_load_loc' <Predicate = true> <Delay = 0.00>
ST_1 : Operation 95 [1/1] (0.00ns)   --->   "%acc_local_22_load_loc = alloca i64 1"   --->   Operation 95 'alloca' 'acc_local_22_load_loc' <Predicate = true> <Delay = 0.00>
ST_1 : Operation 96 [1/1] (0.00ns)   --->   "%acc_local_21_load_loc = alloca i64 1"   --->   Operation 96 'alloca' 'acc_local_21_load_loc' <Predicate = true> <Delay = 0.00>
ST_1 : Operation 97 [1/1] (0.00ns)   --->   "%acc_local_20_load_loc = alloca i64 1"   --->   Operation 97 'alloca' 'acc_local_20_load_loc' <Predicate = true> <Delay = 0.00>
ST_1 : Operation 98 [1/1] (0.00ns)   --->   "%acc_local_19_load_loc = alloca i64 1"   --->   Operation 98 'alloca' 'acc_local_19_load_loc' <Predicate = true> <Delay = 0.00>
ST_1 : Operation 99 [1/1] (0.00ns)   --->   "%acc_local_18_load_loc = alloca i64 1"   --->   Operation 99 'alloca' 'acc_local_18_load_loc' <Predicate = true> <Delay = 0.00>
ST_1 : Operation 100 [1/1] (0.00ns)   --->   "%acc_local_17_load_loc = alloca i64 1"   --->   Operation 100 'alloca' 'acc_local_17_load_loc' <Predicate = true> <Delay = 0.00>
ST_1 : Operation 101 [1/1] (0.00ns)   --->   "%acc_local_16_load_loc = alloca i64 1"   --->   Operation 101 'alloca' 'acc_local_16_load_loc' <Predicate = true> <Delay = 0.00>
ST_1 : Operation 102 [1/1] (0.00ns)   --->   "%acc_local_15_load_loc = alloca i64 1"   --->   Operation 102 'alloca' 'acc_local_15_load_loc' <Predicate = true> <Delay = 0.00>
ST_1 : Operation 103 [1/1] (0.00ns)   --->   "%acc_local_14_load_loc = alloca i64 1"   --->   Operation 103 'alloca' 'acc_local_14_load_loc' <Predicate = true> <Delay = 0.00>
ST_1 : Operation 104 [1/1] (0.00ns)   --->   "%acc_local_13_load_loc = alloca i64 1"   --->   Operation 104 'alloca' 'acc_local_13_load_loc' <Predicate = true> <Delay = 0.00>
ST_1 : Operation 105 [1/1] (0.00ns)   --->   "%acc_local_12_load_loc = alloca i64 1"   --->   Operation 105 'alloca' 'acc_local_12_load_loc' <Predicate = true> <Delay = 0.00>
ST_1 : Operation 106 [1/1] (0.00ns)   --->   "%acc_local_11_load_loc = alloca i64 1"   --->   Operation 106 'alloca' 'acc_local_11_load_loc' <Predicate = true> <Delay = 0.00>
ST_1 : Operation 107 [1/1] (0.00ns)   --->   "%acc_local_10_load_loc = alloca i64 1"   --->   Operation 107 'alloca' 'acc_local_10_load_loc' <Predicate = true> <Delay = 0.00>
ST_1 : Operation 108 [1/1] (0.00ns)   --->   "%acc_local_9_load_loc = alloca i64 1"   --->   Operation 108 'alloca' 'acc_local_9_load_loc' <Predicate = true> <Delay = 0.00>
ST_1 : Operation 109 [1/1] (0.00ns)   --->   "%acc_local_8_load_loc = alloca i64 1"   --->   Operation 109 'alloca' 'acc_local_8_load_loc' <Predicate = true> <Delay = 0.00>
ST_1 : Operation 110 [1/1] (0.00ns)   --->   "%acc_local_7_load_loc = alloca i64 1"   --->   Operation 110 'alloca' 'acc_local_7_load_loc' <Predicate = true> <Delay = 0.00>
ST_1 : Operation 111 [1/1] (0.00ns)   --->   "%acc_local_6_load_loc = alloca i64 1"   --->   Operation 111 'alloca' 'acc_local_6_load_loc' <Predicate = true> <Delay = 0.00>
ST_1 : Operation 112 [1/1] (0.00ns)   --->   "%acc_local_5_load_loc = alloca i64 1"   --->   Operation 112 'alloca' 'acc_local_5_load_loc' <Predicate = true> <Delay = 0.00>
ST_1 : Operation 113 [1/1] (0.00ns)   --->   "%acc_local_4_load_loc = alloca i64 1"   --->   Operation 113 'alloca' 'acc_local_4_load_loc' <Predicate = true> <Delay = 0.00>
ST_1 : Operation 114 [1/1] (0.00ns)   --->   "%acc_local_3_load_loc = alloca i64 1"   --->   Operation 114 'alloca' 'acc_local_3_load_loc' <Predicate = true> <Delay = 0.00>
ST_1 : Operation 115 [1/1] (0.00ns)   --->   "%acc_local_2_load_loc = alloca i64 1"   --->   Operation 115 'alloca' 'acc_local_2_load_loc' <Predicate = true> <Delay = 0.00>
ST_1 : Operation 116 [1/1] (0.00ns)   --->   "%acc_local_1_load_loc = alloca i64 1"   --->   Operation 116 'alloca' 'acc_local_1_load_loc' <Predicate = true> <Delay = 0.00>
ST_1 : Operation 117 [1/1] (0.00ns)   --->   "%acc_local_load_loc = alloca i64 1"   --->   Operation 117 'alloca' 'acc_local_load_loc' <Predicate = true> <Delay = 0.00>
ST_1 : Operation 118 [1/1] (0.00ns)   --->   "%specmemcore_ln0 = specmemcore void @_ssdm_op_SpecMemCore, i128 %qh_buf_0, i64 666, i64 20, i64 18446744073709551615"   --->   Operation 118 'specmemcore' 'specmemcore_ln0' <Predicate = true> <Delay = 0.00>
ST_1 : Operation 119 [1/1] (0.00ns)   --->   "%specmemcore_ln0 = specmemcore void @_ssdm_op_SpecMemCore, i128 %qh_buf_1, i64 666, i64 20, i64 18446744073709551615"   --->   Operation 119 'specmemcore' 'specmemcore_ln0' <Predicate = true> <Delay = 0.00>
ST_1 : Operation 120 [1/1] (0.00ns)   --->   "%specmemcore_ln0 = specmemcore void @_ssdm_op_SpecMemCore, i128 %qh_buf_2, i64 666, i64 20, i64 18446744073709551615"   --->   Operation 120 'specmemcore' 'specmemcore_ln0' <Predicate = true> <Delay = 0.00>
ST_1 : Operation 121 [1/1] (0.00ns)   --->   "%specmemcore_ln0 = specmemcore void @_ssdm_op_SpecMemCore, i128 %qh_buf_3, i64 666, i64 20, i64 18446744073709551615"   --->   Operation 121 'specmemcore' 'specmemcore_ln0' <Predicate = true> <Delay = 0.00>
ST_1 : Operation 122 [1/1] (0.00ns)   --->   "%specmemcore_ln0 = specmemcore void @_ssdm_op_SpecMemCore, i128 %qh_buf_4, i64 666, i64 20, i64 18446744073709551615"   --->   Operation 122 'specmemcore' 'specmemcore_ln0' <Predicate = true> <Delay = 0.00>
ST_1 : Operation 123 [1/1] (0.00ns)   --->   "%specmemcore_ln0 = specmemcore void @_ssdm_op_SpecMemCore, i128 %qh_buf_5, i64 666, i64 20, i64 18446744073709551615"   --->   Operation 123 'specmemcore' 'specmemcore_ln0' <Predicate = true> <Delay = 0.00>
ST_1 : Operation 124 [1/1] (0.00ns)   --->   "%specmemcore_ln0 = specmemcore void @_ssdm_op_SpecMemCore, i128 %qh_buf_6, i64 666, i64 20, i64 18446744073709551615"   --->   Operation 124 'specmemcore' 'specmemcore_ln0' <Predicate = true> <Delay = 0.00>
ST_1 : Operation 125 [1/1] (0.00ns)   --->   "%specmemcore_ln0 = specmemcore void @_ssdm_op_SpecMemCore, i128 %qh_buf_7, i64 666, i64 20, i64 18446744073709551615"   --->   Operation 125 'specmemcore' 'specmemcore_ln0' <Predicate = true> <Delay = 0.00>
ST_1 : Operation 126 [1/1] (0.00ns)   --->   "%specmemcore_ln0 = specmemcore void @_ssdm_op_SpecMemCore, i128 %ql_buf_0, i64 666, i64 20, i64 18446744073709551615"   --->   Operation 126 'specmemcore' 'specmemcore_ln0' <Predicate = true> <Delay = 0.00>
ST_1 : Operation 127 [1/1] (0.00ns)   --->   "%specmemcore_ln0 = specmemcore void @_ssdm_op_SpecMemCore, i128 %ql_buf_1, i64 666, i64 20, i64 18446744073709551615"   --->   Operation 127 'specmemcore' 'specmemcore_ln0' <Predicate = true> <Delay = 0.00>
ST_1 : Operation 128 [1/1] (0.00ns)   --->   "%specmemcore_ln0 = specmemcore void @_ssdm_op_SpecMemCore, i128 %ql_buf_2, i64 666, i64 20, i64 18446744073709551615"   --->   Operation 128 'specmemcore' 'specmemcore_ln0' <Predicate = true> <Delay = 0.00>
ST_1 : Operation 129 [1/1] (0.00ns)   --->   "%specmemcore_ln0 = specmemcore void @_ssdm_op_SpecMemCore, i128 %ql_buf_3, i64 666, i64 20, i64 18446744073709551615"   --->   Operation 129 'specmemcore' 'specmemcore_ln0' <Predicate = true> <Delay = 0.00>
ST_1 : Operation 130 [1/1] (0.00ns)   --->   "%specmemcore_ln0 = specmemcore void @_ssdm_op_SpecMemCore, i128 %ql_buf_4, i64 666, i64 20, i64 18446744073709551615"   --->   Operation 130 'specmemcore' 'specmemcore_ln0' <Predicate = true> <Delay = 0.00>
ST_1 : Operation 131 [1/1] (0.00ns)   --->   "%specmemcore_ln0 = specmemcore void @_ssdm_op_SpecMemCore, i128 %ql_buf_5, i64 666, i64 20, i64 18446744073709551615"   --->   Operation 131 'specmemcore' 'specmemcore_ln0' <Predicate = true> <Delay = 0.00>
ST_1 : Operation 132 [1/1] (0.00ns)   --->   "%specmemcore_ln0 = specmemcore void @_ssdm_op_SpecMemCore, i128 %ql_buf_6, i64 666, i64 20, i64 18446744073709551615"   --->   Operation 132 'specmemcore' 'specmemcore_ln0' <Predicate = true> <Delay = 0.00>
ST_1 : Operation 133 [1/1] (0.00ns)   --->   "%specmemcore_ln0 = specmemcore void @_ssdm_op_SpecMemCore, i128 %ql_buf_7, i64 666, i64 20, i64 18446744073709551615"   --->   Operation 133 'specmemcore' 'specmemcore_ln0' <Predicate = true> <Delay = 0.00>
ST_1 : Operation 134 [1/1] (0.00ns)   --->   "%specmemcore_ln0 = specmemcore void @_ssdm_op_SpecMemCore, i8 %gate_7, i64 666, i64 20, i64 18446744073709551615"   --->   Operation 134 'specmemcore' 'specmemcore_ln0' <Predicate = true> <Delay = 0.00>
ST_1 : Operation 135 [1/1] (0.00ns)   --->   "%specmemcore_ln0 = specmemcore void @_ssdm_op_SpecMemCore, i8 %gate_6, i64 666, i64 20, i64 18446744073709551615"   --->   Operation 135 'specmemcore' 'specmemcore_ln0' <Predicate = true> <Delay = 0.00>
ST_1 : Operation 136 [1/1] (0.00ns)   --->   "%specmemcore_ln0 = specmemcore void @_ssdm_op_SpecMemCore, i8 %gate_5, i64 666, i64 20, i64 18446744073709551615"   --->   Operation 136 'specmemcore' 'specmemcore_ln0' <Predicate = true> <Delay = 0.00>
ST_1 : Operation 137 [1/1] (0.00ns)   --->   "%specmemcore_ln0 = specmemcore void @_ssdm_op_SpecMemCore, i8 %gate_4, i64 666, i64 20, i64 18446744073709551615"   --->   Operation 137 'specmemcore' 'specmemcore_ln0' <Predicate = true> <Delay = 0.00>
ST_1 : Operation 138 [1/1] (0.00ns)   --->   "%specmemcore_ln0 = specmemcore void @_ssdm_op_SpecMemCore, i8 %gate_3, i64 666, i64 20, i64 18446744073709551615"   --->   Operation 138 'specmemcore' 'specmemcore_ln0' <Predicate = true> <Delay = 0.00>
ST_1 : Operation 139 [1/1] (0.00ns)   --->   "%specmemcore_ln0 = specmemcore void @_ssdm_op_SpecMemCore, i8 %gate_2, i64 666, i64 20, i64 18446744073709551615"   --->   Operation 139 'specmemcore' 'specmemcore_ln0' <Predicate = true> <Delay = 0.00>
ST_1 : Operation 140 [1/1] (0.00ns)   --->   "%specmemcore_ln0 = specmemcore void @_ssdm_op_SpecMemCore, i8 %gate_1, i64 666, i64 20, i64 18446744073709551615"   --->   Operation 140 'specmemcore' 'specmemcore_ln0' <Predicate = true> <Delay = 0.00>
ST_1 : Operation 141 [1/1] (0.00ns)   --->   "%specmemcore_ln0 = specmemcore void @_ssdm_op_SpecMemCore, i8 %gate_0, i64 666, i64 20, i64 18446744073709551615"   --->   Operation 141 'specmemcore' 'specmemcore_ln0' <Predicate = true> <Delay = 0.00>
ST_1 : Operation 142 [1/1] (0.42ns)   --->   "%store_ln576 = store i4 0, i4 %g" [swiglu.cpp:576]   --->   Operation 142 'store' 'store_ln576' <Predicate = true> <Delay = 0.42>
ST_1 : Operation 143 [1/1] (0.42ns)   --->   "%store_ln575 = store i56 0, i56 %total" [swiglu.cpp:575]   --->   Operation 143 'store' 'store_ln575' <Predicate = true> <Delay = 0.42>
ST_1 : Operation 144 [1/1] (0.00ns)   --->   "%br_ln576 = br void %INIT_Q6K_G" [swiglu.cpp:576]   --->   Operation 144 'br' 'br_ln576' <Predicate = true> <Delay = 0.00>

State 2 <SV = 1> <Delay = 2.03>
ST_2 : Operation 145 [1/1] (0.00ns)   --->   "%g_1 = load i4 %g" [swiglu.cpp:576]   --->   Operation 145 'load' 'g_1' <Predicate = true> <Delay = 0.00>
ST_2 : Operation 146 [1/1] (0.79ns)   --->   "%icmp_ln576 = icmp_eq  i4 %g_1, i4 8" [swiglu.cpp:576]   --->   Operation 146 'icmp' 'icmp_ln576' <Predicate = true> <Delay = 0.79> <CoreInst = "Cmp">   --->   Core 9 'Cmp' <Latency = 0> <II = 1> <Delay = 0.79> <FuncUnit> <Opcode : 'seteq' 'setne' 'setle' 'setge' 'setlt' 'setgt'> <InPorts = 2> <OutPorts = 1>
ST_2 : Operation 147 [1/1] (0.79ns)   --->   "%add_ln576 = add i4 %g_1, i4 1" [swiglu.cpp:576]   --->   Operation 147 'add' 'add_ln576' <Predicate = true> <Delay = 0.79> <CoreInst = "Adder">   --->   Core 1 'Adder' <Latency = 0> <II = 1> <Delay = 0.79> <FuncUnit> <Opcode : 'add' 'sub'> <InPorts = 2> <OutPorts = 1>
ST_2 : Operation 148 [1/1] (0.00ns)   --->   "%br_ln576 = br i1 %icmp_ln576, void %INIT_Q6K_G.split, void %for.cond.cleanup_ifconv" [swiglu.cpp:576]   --->   Operation 148 'br' 'br_ln576' <Predicate = true> <Delay = 0.00>
ST_2 : Operation 149 [1/1] (0.00ns)   --->   "%trunc_ln576 = trunc i4 %g_1" [swiglu.cpp:576]   --->   Operation 149 'trunc' 'trunc_ln576' <Predicate = (!icmp_ln576)> <Delay = 0.00>
ST_2 : Operation 150 [1/1] (0.00ns)   --->   "%trunc_ln576_1 = trunc i4 %g_1" [swiglu.cpp:576]   --->   Operation 150 'trunc' 'trunc_ln576_1' <Predicate = (!icmp_ln576)> <Delay = 0.00>
ST_2 : Operation 151 [1/1] (0.00ns)   --->   "%tmp_87 = partselect i2 @_ssdm_op_PartSelect.i2.i4.i32.i32, i4 %g_1, i32 1, i32 2" [swiglu.cpp:576]   --->   Operation 151 'partselect' 'tmp_87' <Predicate = (!icmp_ln576)> <Delay = 0.00>
ST_2 : Operation 152 [1/1] (0.00ns)   --->   "%tmp_88 = bitconcatenate i10 @_ssdm_op_BitConcatenate.i10.i2.i8, i2 %tmp_87, i8 0" [swiglu.cpp:607]   --->   Operation 152 'bitconcatenate' 'tmp_88' <Predicate = (!icmp_ln576)> <Delay = 0.00>
ST_2 : Operation 153 [1/1] (0.72ns)   --->   "%tmp = sparsemux i128 @_ssdm_op_SparseMux.ap_auto.8i128.i128.i3, i3 0, i128 %sc_buf_0_val_read, i3 1, i128 %sc_buf_4_val_read, i3 2, i128 %sc_buf_8_val_read, i3 3, i128 %sc_buf_12_val_read, i3 4, i128 %sc_buf_16_val_read, i3 5, i128 %sc_buf_20_val_read, i3 6, i128 %sc_buf_24_val_read, i3 7, i128 %sc_buf_28_val_read, i128 0, i3 %trunc_ln576_1" [swiglu.cpp:576]   --->   Operation 153 'sparsemux' 'tmp' <Predicate = (!icmp_ln576)> <Delay = 0.72> <CoreInst = "BinarySparseMux_DontCare">   --->   Core 149 'BinarySparseMux_DontCare' <Latency = 0> <II = 1> <Delay = 0.72> <FuncUnit> <Opcode : 'sparsemux'> <InPorts = 2> <OutPorts = 1>
ST_2 : Operation 154 [1/1] (0.72ns)   --->   "%tmp_s = sparsemux i128 @_ssdm_op_SparseMux.ap_auto.8i128.i128.i3, i3 0, i128 %sc_buf_1_val_read, i3 1, i128 %sc_buf_5_val_read, i3 2, i128 %sc_buf_9_val_read, i3 3, i128 %sc_buf_13_val_read, i3 4, i128 %sc_buf_17_val_read, i3 5, i128 %sc_buf_21_val_read, i3 6, i128 %sc_buf_25_val_read, i3 7, i128 %sc_buf_29_val_read, i128 0, i3 %trunc_ln576_1" [swiglu.cpp:576]   --->   Operation 154 'sparsemux' 'tmp_s' <Predicate = (!icmp_ln576)> <Delay = 0.72> <CoreInst = "BinarySparseMux_DontCare">   --->   Core 149 'BinarySparseMux_DontCare' <Latency = 0> <II = 1> <Delay = 0.72> <FuncUnit> <Opcode : 'sparsemux'> <InPorts = 2> <OutPorts = 1>
ST_2 : Operation 155 [1/1] (0.72ns)   --->   "%tmp_65 = sparsemux i128 @_ssdm_op_SparseMux.ap_auto.8i128.i128.i3, i3 0, i128 %sc_buf_2_val_read, i3 1, i128 %sc_buf_6_val_read, i3 2, i128 %sc_buf_10_val_read, i3 3, i128 %sc_buf_14_val_read, i3 4, i128 %sc_buf_18_val_read, i3 5, i128 %sc_buf_22_val_read, i3 6, i128 %sc_buf_26_val_read, i3 7, i128 %sc_buf_30_val_read, i128 0, i3 %trunc_ln576_1" [swiglu.cpp:576]   --->   Operation 155 'sparsemux' 'tmp_65' <Predicate = (!icmp_ln576)> <Delay = 0.72> <CoreInst = "BinarySparseMux_DontCare">   --->   Core 149 'BinarySparseMux_DontCare' <Latency = 0> <II = 1> <Delay = 0.72> <FuncUnit> <Opcode : 'sparsemux'> <InPorts = 2> <OutPorts = 1>
ST_2 : Operation 156 [1/1] (0.72ns)   --->   "%tmp_66 = sparsemux i128 @_ssdm_op_SparseMux.ap_auto.8i128.i128.i3, i3 0, i128 %sc_buf_3_val_read, i3 1, i128 %sc_buf_7_val_read, i3 2, i128 %sc_buf_11_val_read, i3 3, i128 %sc_buf_15_val_read, i3 4, i128 %sc_buf_19_val_read, i3 5, i128 %sc_buf_23_val_read, i3 6, i128 %sc_buf_27_val_read, i3 7, i128 %sc_buf_31_val_read, i128 0, i3 %trunc_ln576_1" [swiglu.cpp:576]   --->   Operation 156 'sparsemux' 'tmp_66' <Predicate = (!icmp_ln576)> <Delay = 0.72> <CoreInst = "BinarySparseMux_DontCare">   --->   Core 149 'BinarySparseMux_DontCare' <Latency = 0> <II = 1> <Delay = 0.72> <FuncUnit> <Opcode : 'sparsemux'> <InPorts = 2> <OutPorts = 1>
ST_2 : Operation 157 [2/2] (1.23ns)   --->   "%call_ln607 = call void @mac_blocks_down_q6k5_Pipeline_Q6K_MAC_GROUP, i10 %tmp_88, i8 %gate_0, i8 %gate_1, i8 %gate_2, i8 %gate_3, i8 %gate_4, i8 %gate_5, i8 %gate_6, i8 %gate_7, i2 %tmp_87, i128 %ql_buf_0, i128 %ql_buf_1, i128 %ql_buf_2, i128 %ql_buf_3, i128 %ql_buf_4, i128 %ql_buf_5, i128 %ql_buf_6, i128 %ql_buf_7, i128 %qh_buf_0, i128 %qh_buf_1, i128 %qh_buf_2, i128 %qh_buf_3, i128 %qh_buf_4, i128 %qh_buf_5, i128 %qh_buf_6, i128 %qh_buf_7, i1 %trunc_ln576, i128 %tmp, i128 %tmp_s, i128 %tmp_65, i128 %tmp_66, i32 %acc_local_load_loc, i32 %acc_local_1_load_loc, i32 %acc_local_2_load_loc, i32 %acc_local_3_load_loc, i32 %acc_local_4_load_loc, i32 %acc_local_5_load_loc, i32 %acc_local_6_load_loc, i32 %acc_local_7_load_loc, i32 %acc_local_8_load_loc, i32 %acc_local_9_load_loc, i32 %acc_local_10_load_loc, i32 %acc_local_11_load_loc, i32 %acc_local_12_load_loc, i32 %acc_local_13_load_loc, i32 %acc_local_14_load_loc, i32 %acc_local_15_load_loc, i32 %acc_local_16_load_loc, i32 %acc_local_17_load_loc, i32 %acc_local_18_load_loc, i32 %acc_local_19_load_loc, i32 %acc_local_20_load_loc, i32 %acc_local_21_load_loc, i32 %acc_local_22_load_loc, i32 %acc_local_23_load_loc, i32 %acc_local_24_load_loc, i32 %acc_local_25_load_loc, i32 %acc_local_26_load_loc, i32 %acc_local_27_load_loc, i32 %acc_local_28_load_loc, i32 %acc_local_29_load_loc, i32 %acc_local_30_load_loc, i32 %acc_local_31_load_loc" [swiglu.cpp:607]   --->   Operation 157 'call' 'call_ln607' <Predicate = (!icmp_ln576)> <Delay = 1.23> <CoreType = "Generic">   --->   Generic Core
ST_2 : Operation 158 [1/1] (0.42ns)   --->   "%store_ln576 = store i4 %add_ln576, i4 %g" [swiglu.cpp:576]   --->   Operation 158 'store' 'store_ln576' <Predicate = (!icmp_ln576)> <Delay = 0.42>
ST_2 : Operation 159 [1/1] (0.00ns)   --->   "%add_i_i14_lcssa_phi_load_1 = load i89 %add_i_i14_lcssa_phi" [swiglu.cpp:624]   --->   Operation 159 'load' 'add_i_i14_lcssa_phi_load_1' <Predicate = (icmp_ln576)> <Delay = 0.00>
ST_2 : Operation 160 [1/1] (0.00ns)   --->   "%trunc_ln = partselect i56 @_ssdm_op_PartSelect.i56.i89.i32.i32, i89 %add_i_i14_lcssa_phi_load_1, i32 24, i32 79" [swiglu.cpp:621]   --->   Operation 160 'partselect' 'trunc_ln' <Predicate = (icmp_ln576)> <Delay = 0.00>
ST_2 : Operation 161 [1/1] (1.09ns)   --->   "%icmp_ln624 = icmp_eq  i56 %trunc_ln, i56 0" [swiglu.cpp:624]   --->   Operation 161 'icmp' 'icmp_ln624' <Predicate = (icmp_ln576)> <Delay = 1.09> <CoreInst = "Cmp">   --->   Core 9 'Cmp' <Latency = 0> <II = 1> <Delay = 1.09> <FuncUnit> <Opcode : 'seteq' 'setne' 'setle' 'setge' 'setlt' 'setgt'> <InPorts = 2> <OutPorts = 1>
ST_2 : Operation 162 [1/1] (0.00ns)   --->   "%tmp_171 = bitselect i1 @_ssdm_op_BitSelect.i1.i89.i32, i89 %add_i_i14_lcssa_phi_load_1, i32 79" [swiglu.cpp:624]   --->   Operation 162 'bitselect' 'tmp_171' <Predicate = (icmp_ln576)> <Delay = 0.00>
ST_2 : Operation 163 [1/1] (1.09ns)   --->   "%sub_ln624 = sub i56 0, i56 %trunc_ln" [swiglu.cpp:624]   --->   Operation 163 'sub' 'sub_ln624' <Predicate = (icmp_ln576)> <Delay = 1.09> <CoreInst = "Adder">   --->   Core 1 'Adder' <Latency = 0> <II = 1> <Delay = 1.09> <FuncUnit> <Opcode : 'add' 'sub'> <InPorts = 2> <OutPorts = 1>
ST_2 : Operation 164 [1/1] (0.36ns)   --->   "%select_ln624 = select i1 %tmp_171, i56 %sub_ln624, i56 %trunc_ln" [swiglu.cpp:624]   --->   Operation 164 'select' 'select_ln624' <Predicate = (icmp_ln576)> <Delay = 0.36> <CoreInst = "Sel">   --->   Core 73 'Sel' <Latency = 0> <II = 1> <Delay = 0.36> <FuncUnit> <Opcode : 'select'> <InPorts = 3> <OutPorts = 1>

State 3 <SV = 2> <Delay = 0.00>
ST_3 : Operation 165 [1/2] (0.00ns)   --->   "%call_ln607 = call void @mac_blocks_down_q6k5_Pipeline_Q6K_MAC_GROUP, i10 %tmp_88, i8 %gate_0, i8 %gate_1, i8 %gate_2, i8 %gate_3, i8 %gate_4, i8 %gate_5, i8 %gate_6, i8 %gate_7, i2 %tmp_87, i128 %ql_buf_0, i128 %ql_buf_1, i128 %ql_buf_2, i128 %ql_buf_3, i128 %ql_buf_4, i128 %ql_buf_5, i128 %ql_buf_6, i128 %ql_buf_7, i128 %qh_buf_0, i128 %qh_buf_1, i128 %qh_buf_2, i128 %qh_buf_3, i128 %qh_buf_4, i128 %qh_buf_5, i128 %qh_buf_6, i128 %qh_buf_7, i1 %trunc_ln576, i128 %tmp, i128 %tmp_s, i128 %tmp_65, i128 %tmp_66, i32 %acc_local_load_loc, i32 %acc_local_1_load_loc, i32 %acc_local_2_load_loc, i32 %acc_local_3_load_loc, i32 %acc_local_4_load_loc, i32 %acc_local_5_load_loc, i32 %acc_local_6_load_loc, i32 %acc_local_7_load_loc, i32 %acc_local_8_load_loc, i32 %acc_local_9_load_loc, i32 %acc_local_10_load_loc, i32 %acc_local_11_load_loc, i32 %acc_local_12_load_loc, i32 %acc_local_13_load_loc, i32 %acc_local_14_load_loc, i32 %acc_local_15_load_loc, i32 %acc_local_16_load_loc, i32 %acc_local_17_load_loc, i32 %acc_local_18_load_loc, i32 %acc_local_19_load_loc, i32 %acc_local_20_load_loc, i32 %acc_local_21_load_loc, i32 %acc_local_22_load_loc, i32 %acc_local_23_load_loc, i32 %acc_local_24_load_loc, i32 %acc_local_25_load_loc, i32 %acc_local_26_load_loc, i32 %acc_local_27_load_loc, i32 %acc_local_28_load_loc, i32 %acc_local_29_load_loc, i32 %acc_local_30_load_loc, i32 %acc_local_31_load_loc" [swiglu.cpp:607]   --->   Operation 165 'call' 'call_ln607' <Predicate = true> <Delay = 0.00> <CoreType = "Generic">   --->   Generic Core

State 4 <SV = 3> <Delay = 1.57>
ST_4 : Operation 166 [1/1] (0.00ns)   --->   "%add_i_i14_lcssa_phi_load = load i89 %add_i_i14_lcssa_phi"   --->   Operation 166 'load' 'add_i_i14_lcssa_phi_load' <Predicate = true> <Delay = 0.00>
ST_4 : Operation 167 [1/1] (0.00ns)   --->   "%total_load = load i56 %total"   --->   Operation 167 'load' 'total_load' <Predicate = true> <Delay = 0.00>
ST_4 : Operation 168 [1/1] (0.00ns)   --->   "%acc_local_load = load i32 %acc_local_load_loc"   --->   Operation 168 'load' 'acc_local_load' <Predicate = true> <Delay = 0.00>
ST_4 : Operation 169 [1/1] (0.00ns)   --->   "%acc_local_1_load = load i32 %acc_local_1_load_loc"   --->   Operation 169 'load' 'acc_local_1_load' <Predicate = true> <Delay = 0.00>
ST_4 : Operation 170 [1/1] (0.00ns)   --->   "%acc_local_2_load = load i32 %acc_local_2_load_loc"   --->   Operation 170 'load' 'acc_local_2_load' <Predicate = true> <Delay = 0.00>
ST_4 : Operation 171 [1/1] (0.00ns)   --->   "%acc_local_3_load = load i32 %acc_local_3_load_loc"   --->   Operation 171 'load' 'acc_local_3_load' <Predicate = true> <Delay = 0.00>
ST_4 : Operation 172 [1/1] (0.00ns)   --->   "%acc_local_4_load = load i32 %acc_local_4_load_loc"   --->   Operation 172 'load' 'acc_local_4_load' <Predicate = true> <Delay = 0.00>
ST_4 : Operation 173 [1/1] (0.00ns)   --->   "%acc_local_5_load = load i32 %acc_local_5_load_loc"   --->   Operation 173 'load' 'acc_local_5_load' <Predicate = true> <Delay = 0.00>
ST_4 : Operation 174 [1/1] (0.00ns)   --->   "%acc_local_6_load = load i32 %acc_local_6_load_loc"   --->   Operation 174 'load' 'acc_local_6_load' <Predicate = true> <Delay = 0.00>
ST_4 : Operation 175 [1/1] (0.00ns)   --->   "%acc_local_7_load = load i32 %acc_local_7_load_loc"   --->   Operation 175 'load' 'acc_local_7_load' <Predicate = true> <Delay = 0.00>
ST_4 : Operation 176 [1/1] (0.00ns)   --->   "%acc_local_8_load = load i32 %acc_local_8_load_loc"   --->   Operation 176 'load' 'acc_local_8_load' <Predicate = true> <Delay = 0.00>
ST_4 : Operation 177 [1/1] (0.00ns)   --->   "%acc_local_9_load = load i32 %acc_local_9_load_loc"   --->   Operation 177 'load' 'acc_local_9_load' <Predicate = true> <Delay = 0.00>
ST_4 : Operation 178 [1/1] (0.00ns)   --->   "%acc_local_10_load = load i32 %acc_local_10_load_loc"   --->   Operation 178 'load' 'acc_local_10_load' <Predicate = true> <Delay = 0.00>
ST_4 : Operation 179 [1/1] (0.00ns)   --->   "%acc_local_11_load = load i32 %acc_local_11_load_loc"   --->   Operation 179 'load' 'acc_local_11_load' <Predicate = true> <Delay = 0.00>
ST_4 : Operation 180 [1/1] (0.00ns)   --->   "%acc_local_12_load = load i32 %acc_local_12_load_loc"   --->   Operation 180 'load' 'acc_local_12_load' <Predicate = true> <Delay = 0.00>
ST_4 : Operation 181 [1/1] (0.00ns)   --->   "%acc_local_13_load = load i32 %acc_local_13_load_loc"   --->   Operation 181 'load' 'acc_local_13_load' <Predicate = true> <Delay = 0.00>
ST_4 : Operation 182 [1/1] (0.00ns)   --->   "%acc_local_14_load = load i32 %acc_local_14_load_loc"   --->   Operation 182 'load' 'acc_local_14_load' <Predicate = true> <Delay = 0.00>
ST_4 : Operation 183 [1/1] (0.00ns)   --->   "%acc_local_15_load = load i32 %acc_local_15_load_loc"   --->   Operation 183 'load' 'acc_local_15_load' <Predicate = true> <Delay = 0.00>
ST_4 : Operation 184 [1/1] (0.00ns)   --->   "%acc_local_16_load = load i32 %acc_local_16_load_loc"   --->   Operation 184 'load' 'acc_local_16_load' <Predicate = true> <Delay = 0.00>
ST_4 : Operation 185 [1/1] (0.00ns)   --->   "%acc_local_17_load = load i32 %acc_local_17_load_loc"   --->   Operation 185 'load' 'acc_local_17_load' <Predicate = true> <Delay = 0.00>
ST_4 : Operation 186 [1/1] (0.00ns)   --->   "%acc_local_18_load = load i32 %acc_local_18_load_loc"   --->   Operation 186 'load' 'acc_local_18_load' <Predicate = true> <Delay = 0.00>
ST_4 : Operation 187 [1/1] (0.00ns)   --->   "%acc_local_19_load = load i32 %acc_local_19_load_loc"   --->   Operation 187 'load' 'acc_local_19_load' <Predicate = true> <Delay = 0.00>
ST_4 : Operation 188 [1/1] (0.00ns)   --->   "%acc_local_20_load = load i32 %acc_local_20_load_loc"   --->   Operation 188 'load' 'acc_local_20_load' <Predicate = true> <Delay = 0.00>
ST_4 : Operation 189 [1/1] (0.00ns)   --->   "%acc_local_21_load = load i32 %acc_local_21_load_loc"   --->   Operation 189 'load' 'acc_local_21_load' <Predicate = true> <Delay = 0.00>
ST_4 : Operation 190 [1/1] (0.00ns)   --->   "%acc_local_22_load = load i32 %acc_local_22_load_loc"   --->   Operation 190 'load' 'acc_local_22_load' <Predicate = true> <Delay = 0.00>
ST_4 : Operation 191 [1/1] (0.00ns)   --->   "%acc_local_23_load = load i32 %acc_local_23_load_loc"   --->   Operation 191 'load' 'acc_local_23_load' <Predicate = true> <Delay = 0.00>
ST_4 : Operation 192 [1/1] (0.00ns)   --->   "%acc_local_24_load = load i32 %acc_local_24_load_loc"   --->   Operation 192 'load' 'acc_local_24_load' <Predicate = true> <Delay = 0.00>
ST_4 : Operation 193 [1/1] (0.00ns)   --->   "%acc_local_25_load = load i32 %acc_local_25_load_loc"   --->   Operation 193 'load' 'acc_local_25_load' <Predicate = true> <Delay = 0.00>
ST_4 : Operation 194 [1/1] (0.00ns)   --->   "%acc_local_26_load = load i32 %acc_local_26_load_loc"   --->   Operation 194 'load' 'acc_local_26_load' <Predicate = true> <Delay = 0.00>
ST_4 : Operation 195 [1/1] (0.00ns)   --->   "%acc_local_27_load = load i32 %acc_local_27_load_loc"   --->   Operation 195 'load' 'acc_local_27_load' <Predicate = true> <Delay = 0.00>
ST_4 : Operation 196 [1/1] (0.00ns)   --->   "%acc_local_28_load = load i32 %acc_local_28_load_loc"   --->   Operation 196 'load' 'acc_local_28_load' <Predicate = true> <Delay = 0.00>
ST_4 : Operation 197 [1/1] (0.00ns)   --->   "%acc_local_29_load = load i32 %acc_local_29_load_loc"   --->   Operation 197 'load' 'acc_local_29_load' <Predicate = true> <Delay = 0.00>
ST_4 : Operation 198 [1/1] (0.00ns)   --->   "%acc_local_30_load = load i32 %acc_local_30_load_loc"   --->   Operation 198 'load' 'acc_local_30_load' <Predicate = true> <Delay = 0.00>
ST_4 : Operation 199 [1/1] (0.00ns)   --->   "%acc_local_31_load = load i32 %acc_local_31_load_loc"   --->   Operation 199 'load' 'acc_local_31_load' <Predicate = true> <Delay = 0.00>
ST_4 : Operation 200 [1/1] (0.00ns)   --->   "%tmp_90 = bitconcatenate i5 @_ssdm_op_BitConcatenate.i5.i3.i2, i3 %trunc_ln576_1, i2 0" [swiglu.cpp:576]   --->   Operation 200 'bitconcatenate' 'tmp_90' <Predicate = true> <Delay = 0.00>
ST_4 : Operation 201 [2/2] (1.57ns)   --->   "%call_ln576 = call void @mac_blocks_down_q6k5_Pipeline_VITIS_LOOP_614_4, i56 %total_load, i89 %add_i_i14_lcssa_phi_load, i5 %tmp_90, i32 %acc_local_load, i32 %acc_local_8_load, i32 %acc_local_16_load, i32 %acc_local_24_load, i32 %acc_local_1_load, i32 %acc_local_9_load, i32 %acc_local_17_load, i32 %acc_local_25_load, i32 %acc_local_2_load, i32 %acc_local_10_load, i32 %acc_local_18_load, i32 %acc_local_26_load, i32 %acc_local_3_load, i32 %acc_local_11_load, i32 %acc_local_19_load, i32 %acc_local_27_load, i32 %acc_local_4_load, i32 %acc_local_12_load, i32 %acc_local_20_load, i32 %acc_local_28_load, i32 %acc_local_5_load, i32 %acc_local_13_load, i32 %acc_local_21_load, i32 %acc_local_29_load, i32 %acc_local_6_load, i32 %acc_local_14_load, i32 %acc_local_22_load, i32 %acc_local_30_load, i32 %acc_local_7_load, i32 %acc_local_15_load, i32 %acc_local_23_load, i32 %acc_local_31_load, i32 %d_buf_0_val_read, i32 %d_buf_1_val_read, i32 %d_buf_2_val_read, i32 %d_buf_3_val_read, i32 %d_buf_4_val_read, i32 %d_buf_5_val_read, i32 %d_buf_6_val_read, i32 %d_buf_7_val_read, i32 %d_buf_8_val_read, i32 %d_buf_9_val_read, i32 %d_buf_10_val_read, i32 %d_buf_11_val_read, i32 %d_buf_12_val_read, i32 %d_buf_13_val_read, i32 %d_buf_14_val_read, i32 %d_buf_15_val_read, i32 %d_buf_16_val_read, i32 %d_buf_17_val_read, i32 %d_buf_18_val_read, i32 %d_buf_19_val_read, i32 %d_buf_20_val_read, i32 %d_buf_21_val_read, i32 %d_buf_22_val_read, i32 %d_buf_23_val_read, i32 %d_buf_24_val_read, i32 %d_buf_25_val_read, i32 %d_buf_26_val_read, i32 %d_buf_27_val_read, i32 %d_buf_28_val_read, i32 %d_buf_29_val_read, i32 %d_buf_30_val_read, i32 %d_buf_31_val_read, i89 %add_i_i14_phi_loc" [swiglu.cpp:576]   --->   Operation 201 'call' 'call_ln576' <Predicate = true> <Delay = 1.57> <CoreType = "Generic">   --->   Generic Core

State 5 <SV = 4> <Delay = 0.00>
ST_5 : Operation 202 [1/2] (0.00ns)   --->   "%call_ln576 = call void @mac_blocks_down_q6k5_Pipeline_VITIS_LOOP_614_4, i56 %total_load, i89 %add_i_i14_lcssa_phi_load, i5 %tmp_90, i32 %acc_local_load, i32 %acc_local_8_load, i32 %acc_local_16_load, i32 %acc_local_24_load, i32 %acc_local_1_load, i32 %acc_local_9_load, i32 %acc_local_17_load, i32 %acc_local_25_load, i32 %acc_local_2_load, i32 %acc_local_10_load, i32 %acc_local_18_load, i32 %acc_local_26_load, i32 %acc_local_3_load, i32 %acc_local_11_load, i32 %acc_local_19_load, i32 %acc_local_27_load, i32 %acc_local_4_load, i32 %acc_local_12_load, i32 %acc_local_20_load, i32 %acc_local_28_load, i32 %acc_local_5_load, i32 %acc_local_13_load, i32 %acc_local_21_load, i32 %acc_local_29_load, i32 %acc_local_6_load, i32 %acc_local_14_load, i32 %acc_local_22_load, i32 %acc_local_30_load, i32 %acc_local_7_load, i32 %acc_local_15_load, i32 %acc_local_23_load, i32 %acc_local_31_load, i32 %d_buf_0_val_read, i32 %d_buf_1_val_read, i32 %d_buf_2_val_read, i32 %d_buf_3_val_read, i32 %d_buf_4_val_read, i32 %d_buf_5_val_read, i32 %d_buf_6_val_read, i32 %d_buf_7_val_read, i32 %d_buf_8_val_read, i32 %d_buf_9_val_read, i32 %d_buf_10_val_read, i32 %d_buf_11_val_read, i32 %d_buf_12_val_read, i32 %d_buf_13_val_read, i32 %d_buf_14_val_read, i32 %d_buf_15_val_read, i32 %d_buf_16_val_read, i32 %d_buf_17_val_read, i32 %d_buf_18_val_read, i32 %d_buf_19_val_read, i32 %d_buf_20_val_read, i32 %d_buf_21_val_read, i32 %d_buf_22_val_read, i32 %d_buf_23_val_read, i32 %d_buf_24_val_read, i32 %d_buf_25_val_read, i32 %d_buf_26_val_read, i32 %d_buf_27_val_read, i32 %d_buf_28_val_read, i32 %d_buf_29_val_read, i32 %d_buf_30_val_read, i32 %d_buf_31_val_read, i89 %add_i_i14_phi_loc" [swiglu.cpp:576]   --->   Operation 202 'call' 'call_ln576' <Predicate = true> <Delay = 0.00> <CoreType = "Generic">   --->   Generic Core

State 6 <SV = 5> <Delay = 0.42>
ST_6 : Operation 203 [1/1] (0.00ns)   --->   "%speclooptripcount_ln577 = speclooptripcount void @_ssdm_op_SpecLoopTripCount, i64 8, i64 8, i64 8" [swiglu.cpp:577]   --->   Operation 203 'speclooptripcount' 'speclooptripcount_ln577' <Predicate = true> <Delay = 0.00>
ST_6 : Operation 204 [1/1] (0.00ns)   --->   "%specloopname_ln576 = specloopname void @_ssdm_op_SpecLoopName, void @empty_19" [swiglu.cpp:576]   --->   Operation 204 'specloopname' 'specloopname_ln576' <Predicate = true> <Delay = 0.00>
ST_6 : Operation 205 [1/1] (0.00ns)   --->   "%add_i_i14_phi_loc_load = load i89 %add_i_i14_phi_loc"   --->   Operation 205 'load' 'add_i_i14_phi_loc_load' <Predicate = true> <Delay = 0.00>
ST_6 : Operation 206 [1/1] (0.00ns)   --->   "%trunc_ln621_1 = partselect i56 @_ssdm_op_PartSelect.i56.i89.i32.i32, i89 %add_i_i14_phi_loc_load, i32 24, i32 79" [swiglu.cpp:621]   --->   Operation 206 'partselect' 'trunc_ln621_1' <Predicate = true> <Delay = 0.00>
ST_6 : Operation 207 [1/1] (0.42ns)   --->   "%store_ln575 = store i56 %trunc_ln621_1, i56 %total" [swiglu.cpp:575]   --->   Operation 207 'store' 'store_ln575' <Predicate = true> <Delay = 0.42>
ST_6 : Operation 208 [1/1] (0.00ns)   --->   "%store_ln0 = store i89 %add_i_i14_phi_loc_load, i89 %add_i_i14_lcssa_phi"   --->   Operation 208 'store' 'store_ln0' <Predicate = true> <Delay = 0.00>
ST_6 : Operation 209 [1/1] (0.00ns)   --->   "%br_ln576 = br void %INIT_Q6K_G" [swiglu.cpp:576]   --->   Operation 209 'br' 'br_ln576' <Predicate = true> <Delay = 0.00>

State 7 <SV = 2> <Delay = 2.27>
ST_7 : Operation 210 [1/1] (0.71ns)   --->   "%tmp_67 = ctlz i56 @llvm.ctlz.i56, i56 %select_ln624, i1 0" [swiglu.cpp:624]   --->   Operation 210 'ctlz' 'tmp_67' <Predicate = (!icmp_ln624)> <Delay = 0.71> <CoreInst = "ctlz">   --->   Core 145 'ctlz' <Latency = 0> <II = 1> <Delay = 0.71> <FuncUnit> <Opcode : 'ctlz'> <InPorts = 1> <OutPorts = 1>
ST_7 : Operation 211 [1/1] (0.00ns)   --->   "%trunc_ln624 = trunc i56 %tmp_67" [swiglu.cpp:624]   --->   Operation 211 'trunc' 'trunc_ln624' <Predicate = (!icmp_ln624)> <Delay = 0.00>
ST_7 : Operation 212 [1/1] (0.00ns)   --->   "%trunc_ln624_1 = trunc i56 %tmp_67" [swiglu.cpp:624]   --->   Operation 212 'trunc' 'trunc_ln624_1' <Predicate = (!icmp_ln624)> <Delay = 0.00>
ST_7 : Operation 213 [1/1] (0.78ns)   --->   "%sub_ln624_1 = sub i6 56, i6 %trunc_ln624" [swiglu.cpp:624]   --->   Operation 213 'sub' 'sub_ln624_1' <Predicate = (!icmp_ln624)> <Delay = 0.78> <CoreInst = "Adder">   --->   Core 1 'Adder' <Latency = 0> <II = 1> <Delay = 0.78> <FuncUnit> <Opcode : 'add' 'sub'> <InPorts = 2> <OutPorts = 1>
ST_7 : Operation 214 [1/1] (0.78ns)   --->   "%sub_ln624_4 = sub i6 17, i6 %sub_ln624_1" [swiglu.cpp:624]   --->   Operation 214 'sub' 'sub_ln624_4' <Predicate = (!icmp_ln624)> <Delay = 0.78> <CoreInst = "Adder">   --->   Core 1 'Adder' <Latency = 0> <II = 1> <Delay = 0.78> <FuncUnit> <Opcode : 'add' 'sub'> <InPorts = 2> <OutPorts = 1>

State 8 <SV = 3> <Delay = 2.29>
ST_8 : Operation 215 [1/1] (0.00ns)   --->   "%zext_ln624 = zext i6 %sub_ln624_1" [swiglu.cpp:624]   --->   Operation 215 'zext' 'zext_ln624' <Predicate = (!icmp_ln624)> <Delay = 0.00>
ST_8 : Operation 216 [1/1] (0.78ns)   --->   "%add_ln624 = add i7 %zext_ln624, i7 104" [swiglu.cpp:624]   --->   Operation 216 'add' 'add_ln624' <Predicate = (!icmp_ln624)> <Delay = 0.78> <CoreInst = "Adder">   --->   Core 1 'Adder' <Latency = 0> <II = 1> <Delay = 0.78> <FuncUnit> <Opcode : 'add' 'sub'> <InPorts = 2> <OutPorts = 1>
ST_8 : Operation 217 [1/1] (0.00ns)   --->   "%trunc_ln624_2 = trunc i7 %add_ln624" [swiglu.cpp:624]   --->   Operation 217 'trunc' 'trunc_ln624_2' <Predicate = (!icmp_ln624)> <Delay = 0.00>
ST_8 : Operation 218 [1/1] (0.00ns)   --->   "%tmp_172 = partselect i6 @_ssdm_op_PartSelect.i6.i7.i32.i32, i7 %add_ln624, i32 1, i32 6" [swiglu.cpp:624]   --->   Operation 218 'partselect' 'tmp_172' <Predicate = (!icmp_ln624)> <Delay = 0.00>
ST_8 : Operation 219 [1/1] (0.78ns)   --->   "%icmp_ln624_1 = icmp_sgt  i6 %tmp_172, i6 0" [swiglu.cpp:624]   --->   Operation 219 'icmp' 'icmp_ln624_1' <Predicate = (!icmp_ln624)> <Delay = 0.78> <CoreInst = "Cmp">   --->   Core 9 'Cmp' <Latency = 0> <II = 1> <Delay = 0.78> <FuncUnit> <Opcode : 'seteq' 'setne' 'setle' 'setge' 'setlt' 'setgt'> <InPorts = 2> <OutPorts = 1>
ST_8 : Operation 220 [1/1] (0.00ns)   --->   "%zext_ln624_1 = zext i6 %sub_ln624_4" [swiglu.cpp:624]   --->   Operation 220 'zext' 'zext_ln624_1' <Predicate = (!icmp_ln624)> <Delay = 0.00>
ST_8 : Operation 221 [1/1] (0.73ns)   --->   "%lshr_ln624_2 = lshr i56 72057594037927935, i56 %zext_ln624_1" [swiglu.cpp:624]   --->   Operation 221 'lshr' 'lshr_ln624_2' <Predicate = (!icmp_ln624)> <Delay = 0.73> <CoreInst = "Shifter">   --->   Core 75 'Shifter' <Latency = 0> <II = 1> <Delay = 0.73> <FuncUnit> <Opcode : 'shl' 'lshr' 'ashr'> <InPorts = 2> <OutPorts = 1>
ST_8 : Operation 222 [1/1] (0.00ns) (grouped into LUT with out node icmp_ln624_2)   --->   "%and_ln624 = and i56 %select_ln624, i56 %lshr_ln624_2" [swiglu.cpp:624]   --->   Operation 222 'and' 'and_ln624' <Predicate = (!icmp_ln624)> <Delay = 0.00> <CoreInst = "LogicGate">   --->   Core 74 'LogicGate' <Latency = 0> <II = 1> <Delay = 0.37> <FuncUnit> <Opcode : 'and' 'or' 'xor'> <InPorts = 2> <OutPorts = 1>
ST_8 : Operation 223 [1/1] (1.09ns) (out node of the LUT)   --->   "%icmp_ln624_2 = icmp_ne  i56 %and_ln624, i56 0" [swiglu.cpp:624]   --->   Operation 223 'icmp' 'icmp_ln624_2' <Predicate = (!icmp_ln624)> <Delay = 1.09> <CoreInst = "Cmp">   --->   Core 9 'Cmp' <Latency = 0> <II = 1> <Delay = 1.09> <FuncUnit> <Opcode : 'seteq' 'setne' 'setle' 'setge' 'setlt' 'setgt'> <InPorts = 2> <OutPorts = 1>
ST_8 : Operation 224 [1/1] (0.00ns) (grouped into LUT with out node or_ln624)   --->   "%phi_ln624 = and i1 %icmp_ln624_1, i1 %icmp_ln624_2" [swiglu.cpp:624]   --->   Operation 224 'and' 'phi_ln624' <Predicate = (!icmp_ln624)> <Delay = 0.00> <CoreInst = "LogicGate">   --->   Core 74 'LogicGate' <Latency = 0> <II = 1> <Delay = 0.28> <FuncUnit> <Opcode : 'and' 'or' 'xor'> <InPorts = 2> <OutPorts = 1>
ST_8 : Operation 225 [1/1] (0.00ns) (grouped into LUT with out node or_ln624)   --->   "%tmp_173 = bitselect i1 @_ssdm_op_BitSelect.i1.i7.i32, i7 %add_ln624, i32 6" [swiglu.cpp:624]   --->   Operation 225 'bitselect' 'tmp_173' <Predicate = (!icmp_ln624)> <Delay = 0.00>
ST_8 : Operation 226 [1/1] (0.00ns) (grouped into LUT with out node or_ln624)   --->   "%xor_ln624 = xor i1 %tmp_173, i1 1" [swiglu.cpp:624]   --->   Operation 226 'xor' 'xor_ln624' <Predicate = (!icmp_ln624)> <Delay = 0.00> <CoreInst = "LogicGate">   --->   Core 74 'LogicGate' <Latency = 0> <II = 1> <Delay = 0.28> <FuncUnit> <Opcode : 'and' 'or' 'xor'> <InPorts = 2> <OutPorts = 1>
ST_8 : Operation 227 [1/1] (0.65ns)   --->   "%tmp_174 = bitselect i1 @_ssdm_op_BitSelect.i1.i56.i6, i56 %select_ln624, i6 %trunc_ln624_2" [swiglu.cpp:624]   --->   Operation 227 'bitselect' 'tmp_174' <Predicate = (!icmp_ln624)> <Delay = 0.65> <CoreInst = "BitSelector">   --->   Core 153 'BitSelector' <Latency = 0> <II = 1> <Delay = 0.65> <FuncUnit> <Opcode : 'bitselect'> <InPorts = 2> <OutPorts = 1>
ST_8 : Operation 228 [1/1] (0.00ns) (grouped into LUT with out node or_ln624)   --->   "%phi_ln624_1 = and i1 %tmp_174, i1 %xor_ln624" [swiglu.cpp:624]   --->   Operation 228 'and' 'phi_ln624_1' <Predicate = (!icmp_ln624)> <Delay = 0.00> <CoreInst = "LogicGate">   --->   Core 74 'LogicGate' <Latency = 0> <II = 1> <Delay = 0.28> <FuncUnit> <Opcode : 'and' 'or' 'xor'> <InPorts = 2> <OutPorts = 1>
ST_8 : Operation 229 [1/1] (0.28ns) (out node of the LUT)   --->   "%or_ln624 = or i1 %phi_ln624_1, i1 %phi_ln624" [swiglu.cpp:624]   --->   Operation 229 'or' 'or_ln624' <Predicate = (!icmp_ln624)> <Delay = 0.28> <CoreInst = "LogicGate">   --->   Core 74 'LogicGate' <Latency = 0> <II = 1> <Delay = 0.28> <FuncUnit> <Opcode : 'and' 'or' 'xor'> <InPorts = 2> <OutPorts = 1>
ST_8 : Operation 230 [1/1] (0.77ns)   --->   "%icmp_ln624_3 = icmp_sgt  i7 %add_ln624, i7 0" [swiglu.cpp:624]   --->   Operation 230 'icmp' 'icmp_ln624_3' <Predicate = (!icmp_ln624)> <Delay = 0.77> <CoreInst = "Cmp">   --->   Core 9 'Cmp' <Latency = 0> <II = 1> <Delay = 0.77> <FuncUnit> <Opcode : 'seteq' 'setne' 'setle' 'setge' 'setlt' 'setgt'> <InPorts = 2> <OutPorts = 1>
ST_8 : Operation 231 [1/1] (0.78ns)   --->   "%add_ln624_1 = add i6 %sub_ln624_1, i6 39" [swiglu.cpp:624]   --->   Operation 231 'add' 'add_ln624_1' <Predicate = (!icmp_ln624)> <Delay = 0.78> <CoreInst = "Adder">   --->   Core 1 'Adder' <Latency = 0> <II = 1> <Delay = 0.78> <FuncUnit> <Opcode : 'add' 'sub'> <InPorts = 2> <OutPorts = 1>
ST_8 : Operation 232 [1/1] (0.00ns)   --->   "%sext_ln624 = sext i6 %add_ln624_1" [swiglu.cpp:624]   --->   Operation 232 'sext' 'sext_ln624' <Predicate = (!icmp_ln624)> <Delay = 0.00>
ST_8 : Operation 233 [1/1] (0.00ns)   --->   "%zext_ln624_2 = zext i32 %sext_ln624" [swiglu.cpp:624]   --->   Operation 233 'zext' 'zext_ln624_2' <Predicate = (!icmp_ln624)> <Delay = 0.00>
ST_8 : Operation 234 [1/1] (1.51ns)   --->   "%lshr_ln624 = lshr i56 %select_ln624, i56 %zext_ln624_2" [swiglu.cpp:624]   --->   Operation 234 'lshr' 'lshr_ln624' <Predicate = (!icmp_ln624)> <Delay = 1.51> <CoreInst = "Shifter">   --->   Core 75 'Shifter' <Latency = 0> <II = 1> <Delay = 1.51> <FuncUnit> <Opcode : 'shl' 'lshr' 'ashr'> <InPorts = 2> <OutPorts = 1>
ST_8 : Operation 235 [1/1] (0.78ns)   --->   "%sub_ln624_2 = sub i6 25, i6 %sub_ln624_1" [swiglu.cpp:624]   --->   Operation 235 'sub' 'sub_ln624_2' <Predicate = (!icmp_ln624)> <Delay = 0.78> <CoreInst = "Adder">   --->   Core 1 'Adder' <Latency = 0> <II = 1> <Delay = 0.78> <FuncUnit> <Opcode : 'add' 'sub'> <InPorts = 2> <OutPorts = 1>
ST_8 : Operation 236 [1/1] (0.00ns)   --->   "%sext_ln624_1 = sext i6 %sub_ln624_2" [swiglu.cpp:624]   --->   Operation 236 'sext' 'sext_ln624_1' <Predicate = (!icmp_ln624)> <Delay = 0.00>
ST_8 : Operation 237 [1/1] (0.00ns)   --->   "%zext_ln624_6 = zext i32 %sext_ln624_1" [swiglu.cpp:624]   --->   Operation 237 'zext' 'zext_ln624_6' <Predicate = (!icmp_ln624)> <Delay = 0.00>
ST_8 : Operation 238 [1/1] (1.51ns)   --->   "%shl_ln624 = shl i56 %select_ln624, i56 %zext_ln624_6" [swiglu.cpp:624]   --->   Operation 238 'shl' 'shl_ln624' <Predicate = (!icmp_ln624)> <Delay = 1.51> <CoreInst = "Shifter">   --->   Core 75 'Shifter' <Latency = 0> <II = 1> <Delay = 1.51> <FuncUnit> <Opcode : 'shl' 'lshr' 'ashr'> <InPorts = 2> <OutPorts = 1>

State 9 <SV = 4> <Delay = 2.31>
ST_9 : Operation 239 [1/1] (0.00ns) (grouped into LUT with out node add_ln624_2)   --->   "%cond49_i_i_in = select i1 %icmp_ln624_3, i56 %lshr_ln624, i56 %shl_ln624" [swiglu.cpp:624]   --->   Operation 239 'select' 'cond49_i_i_in' <Predicate = (!icmp_ln624)> <Delay = 0.00> <CoreInst = "Sel">   --->   Core 73 'Sel' <Latency = 0> <II = 1> <Delay = 0.36> <FuncUnit> <Opcode : 'select'> <InPorts = 3> <OutPorts = 1>
ST_9 : Operation 240 [1/1] (0.00ns) (grouped into LUT with out node add_ln624_2)   --->   "%zext_ln624_3 = zext i56 %cond49_i_i_in" [swiglu.cpp:624]   --->   Operation 240 'zext' 'zext_ln624_3' <Predicate = (!icmp_ln624)> <Delay = 0.00>
ST_9 : Operation 241 [1/1] (0.00ns) (grouped into LUT with out node add_ln624_2)   --->   "%zext_ln624_4 = zext i1 %or_ln624" [swiglu.cpp:624]   --->   Operation 241 'zext' 'zext_ln624_4' <Predicate = (!icmp_ln624)> <Delay = 0.00>
ST_9 : Operation 242 [1/1] (1.09ns) (out node of the LUT)   --->   "%add_ln624_2 = add i57 %zext_ln624_3, i57 %zext_ln624_4" [swiglu.cpp:624]   --->   Operation 242 'add' 'add_ln624_2' <Predicate = (!icmp_ln624)> <Delay = 1.09> <CoreInst = "Adder">   --->   Core 1 'Adder' <Latency = 0> <II = 1> <Delay = 1.09> <FuncUnit> <Opcode : 'add' 'sub'> <InPorts = 2> <OutPorts = 1>
ST_9 : Operation 243 [1/1] (0.00ns)   --->   "%lshr_ln624_1 = partselect i56 @_ssdm_op_PartSelect.i56.i57.i32.i32, i57 %add_ln624_2, i32 1, i32 56" [swiglu.cpp:624]   --->   Operation 243 'partselect' 'lshr_ln624_1' <Predicate = (!icmp_ln624)> <Delay = 0.00>
ST_9 : Operation 244 [1/1] (0.00ns)   --->   "%zext_ln624_5 = zext i56 %lshr_ln624_1" [swiglu.cpp:624]   --->   Operation 244 'zext' 'zext_ln624_5' <Predicate = (!icmp_ln624)> <Delay = 0.00>
ST_9 : Operation 245 [1/1] (0.00ns) (grouped into LUT with out node add_ln624_3)   --->   "%tmp_175 = bitselect i1 @_ssdm_op_BitSelect.i1.i57.i32, i57 %add_ln624_2, i32 25" [swiglu.cpp:624]   --->   Operation 245 'bitselect' 'tmp_175' <Predicate = (!icmp_ln624)> <Delay = 0.00>
ST_9 : Operation 246 [1/1] (0.00ns) (grouped into LUT with out node add_ln624_3)   --->   "%select_ln624_1 = select i1 %tmp_175, i8 127, i8 126" [swiglu.cpp:624]   --->   Operation 246 'select' 'select_ln624_1' <Predicate = (!icmp_ln624)> <Delay = 0.00> <CoreInst = "Sel">   --->   Core 73 'Sel' <Latency = 0> <II = 1> <Delay = 0.39> <FuncUnit> <Opcode : 'select'> <InPorts = 3> <OutPorts = 1>
ST_9 : Operation 247 [1/1] (0.77ns)   --->   "%sub_ln624_3 = sub i7 38, i7 %trunc_ln624_1" [swiglu.cpp:624]   --->   Operation 247 'sub' 'sub_ln624_3' <Predicate = (!icmp_ln624)> <Delay = 0.77> <CoreInst = "Adder">   --->   Core 1 'Adder' <Latency = 0> <II = 1> <Delay = 0.77> <FuncUnit> <Opcode : 'add' 'sub'> <InPorts = 2> <OutPorts = 1>
ST_9 : Operation 248 [1/1] (0.00ns) (grouped into LUT with out node add_ln624_3)   --->   "%sext_ln624_2 = sext i7 %sub_ln624_3" [swiglu.cpp:624]   --->   Operation 248 'sext' 'sext_ln624_2' <Predicate = (!icmp_ln624)> <Delay = 0.00>
ST_9 : Operation 249 [1/1] (0.76ns) (out node of the LUT)   --->   "%add_ln624_3 = add i8 %select_ln624_1, i8 %sext_ln624_2" [swiglu.cpp:624]   --->   Operation 249 'add' 'add_ln624_3' <Predicate = (!icmp_ln624)> <Delay = 0.76> <CoreInst = "Adder">   --->   Core 1 'Adder' <Latency = 0> <II = 1> <Delay = 0.76> <FuncUnit> <Opcode : 'add' 'sub'> <InPorts = 2> <OutPorts = 1>
ST_9 : Operation 250 [1/1] (0.00ns)   --->   "%tmp_75 = bitconcatenate i9 @_ssdm_op_BitConcatenate.i9.i1.i8, i1 %tmp_171, i8 %add_ln624_3" [swiglu.cpp:624]   --->   Operation 250 'bitconcatenate' 'tmp_75' <Predicate = (!icmp_ln624)> <Delay = 0.00>
ST_9 : Operation 251 [1/1] (0.00ns)   --->   "%pi_assign = partset i64 @_ssdm_op_PartSet.i64.i64.i9.i32.i32, i64 %zext_ln624_5, i9 %tmp_75, i32 23, i32 31" [swiglu.cpp:624]   --->   Operation 251 'partset' 'pi_assign' <Predicate = (!icmp_ln624)> <Delay = 0.00>
ST_9 : Operation 252 [1/1] (0.00ns)   --->   "%LD = trunc i64 %pi_assign" [swiglu.cpp:624]   --->   Operation 252 'trunc' 'LD' <Predicate = (!icmp_ln624)> <Delay = 0.00>
ST_9 : Operation 253 [1/1] (0.00ns)   --->   "%bitcast_ln777 = bitcast i32 %LD" [swiglu.cpp:624]   --->   Operation 253 'bitcast' 'bitcast_ln777' <Predicate = (!icmp_ln624)> <Delay = 0.00>
ST_9 : Operation 254 [1/1] (0.44ns)   --->   "%retval_0_i_i = select i1 %icmp_ln624, i32 0, i32 %bitcast_ln777" [swiglu.cpp:624]   --->   Operation 254 'select' 'retval_0_i_i' <Predicate = true> <Delay = 0.44> <CoreInst = "Sel">   --->   Core 73 'Sel' <Latency = 0> <II = 1> <Delay = 0.44> <FuncUnit> <Opcode : 'select'> <InPorts = 3> <OutPorts = 1>

State 10 <SV = 5> <Delay = 2.41>
ST_10 : Operation 255 [7/7] (2.41ns)   --->   "%result_write_assign = fmul i32 %retval_0_i_i, i32 %gate_scale_read" [swiglu.cpp:624]   --->   Operation 255 'fmul' 'result_write_assign' <Predicate = true> <Delay = 2.41> <CoreInst = "FMul_maxdsp">   --->   Core 30 'FMul_maxdsp' <Latency = 6> <II = 1> <Delay = 2.41> <FuncUnit> <Opcode : 'fmul'> <InPorts = 2> <OutPorts = 1>

State 11 <SV = 6> <Delay = 2.41>
ST_11 : Operation 256 [6/7] (2.41ns)   --->   "%result_write_assign = fmul i32 %retval_0_i_i, i32 %gate_scale_read" [swiglu.cpp:624]   --->   Operation 256 'fmul' 'result_write_assign' <Predicate = true> <Delay = 2.41> <CoreInst = "FMul_maxdsp">   --->   Core 30 'FMul_maxdsp' <Latency = 6> <II = 1> <Delay = 2.41> <FuncUnit> <Opcode : 'fmul'> <InPorts = 2> <OutPorts = 1>

State 12 <SV = 7> <Delay = 2.41>
ST_12 : Operation 257 [5/7] (2.41ns)   --->   "%result_write_assign = fmul i32 %retval_0_i_i, i32 %gate_scale_read" [swiglu.cpp:624]   --->   Operation 257 'fmul' 'result_write_assign' <Predicate = true> <Delay = 2.41> <CoreInst = "FMul_maxdsp">   --->   Core 30 'FMul_maxdsp' <Latency = 6> <II = 1> <Delay = 2.41> <FuncUnit> <Opcode : 'fmul'> <InPorts = 2> <OutPorts = 1>

State 13 <SV = 8> <Delay = 2.41>
ST_13 : Operation 258 [4/7] (2.41ns)   --->   "%result_write_assign = fmul i32 %retval_0_i_i, i32 %gate_scale_read" [swiglu.cpp:624]   --->   Operation 258 'fmul' 'result_write_assign' <Predicate = true> <Delay = 2.41> <CoreInst = "FMul_maxdsp">   --->   Core 30 'FMul_maxdsp' <Latency = 6> <II = 1> <Delay = 2.41> <FuncUnit> <Opcode : 'fmul'> <InPorts = 2> <OutPorts = 1>

State 14 <SV = 9> <Delay = 2.41>
ST_14 : Operation 259 [3/7] (2.41ns)   --->   "%result_write_assign = fmul i32 %retval_0_i_i, i32 %gate_scale_read" [swiglu.cpp:624]   --->   Operation 259 'fmul' 'result_write_assign' <Predicate = true> <Delay = 2.41> <CoreInst = "FMul_maxdsp">   --->   Core 30 'FMul_maxdsp' <Latency = 6> <II = 1> <Delay = 2.41> <FuncUnit> <Opcode : 'fmul'> <InPorts = 2> <OutPorts = 1>

State 15 <SV = 10> <Delay = 2.41>
ST_15 : Operation 260 [2/7] (2.41ns)   --->   "%result_write_assign = fmul i32 %retval_0_i_i, i32 %gate_scale_read" [swiglu.cpp:624]   --->   Operation 260 'fmul' 'result_write_assign' <Predicate = true> <Delay = 2.41> <CoreInst = "FMul_maxdsp">   --->   Core 30 'FMul_maxdsp' <Latency = 6> <II = 1> <Delay = 2.41> <FuncUnit> <Opcode : 'fmul'> <InPorts = 2> <OutPorts = 1>

State 16 <SV = 11> <Delay = 2.41>
ST_16 : Operation 261 [1/7] (2.41ns)   --->   "%result_write_assign = fmul i32 %retval_0_i_i, i32 %gate_scale_read" [swiglu.cpp:624]   --->   Operation 261 'fmul' 'result_write_assign' <Predicate = true> <Delay = 2.41> <CoreInst = "FMul_maxdsp">   --->   Core 30 'FMul_maxdsp' <Latency = 6> <II = 1> <Delay = 2.41> <FuncUnit> <Opcode : 'fmul'> <InPorts = 2> <OutPorts = 1>
ST_16 : Operation 262 [1/1] (0.00ns)   --->   "%ret_ln625 = ret i32 %result_write_assign" [swiglu.cpp:625]   --->   Operation 262 'ret' 'ret_ln625' <Predicate = true> <Delay = 0.00>


============================================================
+ Verbose Summary: Timing violations
============================================================
Target clock period: 3.333ns, clock uncertainty: 0.900ns.

 <State 1>: 0.427ns
The critical path consists of the following:
	'alloca' operation 4 bit ('g', swiglu.cpp:576) [92]  (0.000 ns)
	'store' operation 0 bit ('store_ln576', swiglu.cpp:576) of constant 0 on local variable 'g', swiglu.cpp:576 [215]  (0.427 ns)

 <State 2>: 2.034ns
The critical path consists of the following:
	'load' operation 4 bit ('g', swiglu.cpp:576) on local variable 'g', swiglu.cpp:576 [219]  (0.000 ns)
	'icmp' operation 1 bit ('icmp_ln576', swiglu.cpp:576) [220]  (0.797 ns)
	'call' operation 0 bit ('call_ln607', swiglu.cpp:607) to 'mac_blocks_down_q6k5_Pipeline_Q6K_MAC_GROUP' [236]  (1.237 ns)

 <State 3>: 0.000ns
The critical path consists of the following:

 <State 4>: 1.578ns
The critical path consists of the following:
	'load' operation 89 bit ('add_i_i14_lcssa_phi_load') on local variable 'add_i_i14_lcssa_phi' [224]  (0.000 ns)
	'call' operation 0 bit ('call_ln576', swiglu.cpp:576) to 'mac_blocks_down_q6k5_Pipeline_VITIS_LOOP_614_4' [270]  (1.578 ns)

 <State 5>: 0.000ns
The critical path consists of the following:

 <State 6>: 0.427ns
The critical path consists of the following:
	'load' operation 89 bit ('add_i_i14_phi_loc_load') on local variable 'add_i_i14_phi_loc' [271]  (0.000 ns)
	'store' operation 0 bit ('store_ln575', swiglu.cpp:575) of variable 'trunc_ln621_1', swiglu.cpp:621 on local variable 'total', swiglu.cpp:575 [274]  (0.427 ns)

 <State 7>: 2.275ns
The critical path consists of the following:
	'ctlz' operation 56 bit ('tmp_67', swiglu.cpp:624) [284]  (0.713 ns)
	'sub' operation 6 bit ('sub_ln624_1', swiglu.cpp:624) [287]  (0.781 ns)
	'sub' operation 6 bit ('sub_ln624_4', swiglu.cpp:624) [293]  (0.781 ns)

 <State 8>: 2.293ns
The critical path consists of the following:
	'add' operation 6 bit ('add_ln624_1', swiglu.cpp:624) [305]  (0.781 ns)
	'lshr' operation 56 bit ('lshr_ln624', swiglu.cpp:624) [308]  (1.512 ns)

 <State 9>: 2.310ns
The critical path consists of the following:
	'select' operation 56 bit ('cond49_i_i_in', swiglu.cpp:624) [313]  (0.000 ns)
	'add' operation 57 bit ('add_ln624_2', swiglu.cpp:624) [316]  (1.096 ns)
	'select' operation 8 bit ('select_ln624_1', swiglu.cpp:624) [320]  (0.000 ns)
	'add' operation 8 bit ('add_ln624_3', swiglu.cpp:624) [323]  (0.765 ns)
	'select' operation 32 bit ('retval_0_i_i', swiglu.cpp:624) [328]  (0.449 ns)

 <State 10>: 2.416ns
The critical path consists of the following:
	'fmul' operation 32 bit ('result', swiglu.cpp:624) [329]  (2.416 ns)

 <State 11>: 2.416ns
The critical path consists of the following:
	'fmul' operation 32 bit ('result', swiglu.cpp:624) [329]  (2.416 ns)

 <State 12>: 2.416ns
The critical path consists of the following:
	'fmul' operation 32 bit ('result', swiglu.cpp:624) [329]  (2.416 ns)

 <State 13>: 2.416ns
The critical path consists of the following:
	'fmul' operation 32 bit ('result', swiglu.cpp:624) [329]  (2.416 ns)

 <State 14>: 2.416ns
The critical path consists of the following:
	'fmul' operation 32 bit ('result', swiglu.cpp:624) [329]  (2.416 ns)

 <State 15>: 2.416ns
The critical path consists of the following:
	'fmul' operation 32 bit ('result', swiglu.cpp:624) [329]  (2.416 ns)

 <State 16>: 2.416ns
The critical path consists of the following:
	'fmul' operation 32 bit ('result', swiglu.cpp:624) [329]  (2.416 ns)


============================================================
+ Verbose Summary: Binding
============================================================
N/A
* FSMD analyzer results:
  - Output states:
 - Input state : 
  - Chain level:
	State 1
	State 2
	State 3
	State 4
	State 5
	State 6
	State 7
	State 8
	State 9
	State 10
	State 11
	State 12
	State 13
	State 14
	State 15
	State 16


============================================================
+ Verbose Summary: Datapath Resource usage 
============================================================
N/A
