

================================================================
== Vitis HLS Report for 'mac_blocks_down_q6k5_Pipeline_VITIS_LOOP_614_4'
================================================================
* Date:           Sun Apr  5 16:06:40 2026

* Version:        2025.1 (Build 6135595 on May 21 2025)
* Project:        swiglu
* Solution:       hls (Vivado IP Flow Target)
* Product family: zynquplus
* Target device:  xck26-sfvc784-2LV-c


================================================================
== Performance Estimates
================================================================
+ Timing: 
    * Summary: 
    +--------+---------+----------+------------+
    |  Clock |  Target | Estimated| Uncertainty|
    +--------+---------+----------+------------+
    |ap_clk  |  3.33 ns|  2.431 ns|     0.90 ns|
    +--------+---------+----------+------------+

+ Latency: 
    * Summary: 
    +---------+---------+-----------+-----------+-----+-----+------------------------------------------------+
    |  Latency (cycles) |   Latency (absolute)  |  Interval |                    Pipeline                    |
    |   min   |   max   |    min    |    max    | min | max |                      Type                      |
    +---------+---------+-----------+-----------+-----+-----+------------------------------------------------+
    |       15|       15|  49.995 ns|  49.995 ns|    5|    5|  loop auto-rewind stp (delay=0 clock cycles(s))|
    +---------+---------+-----------+-----------+-----+-----+------------------------------------------------+

    + Detail: 
        * Instance: 
        N/A

        * Loop: 
        +--------------------+---------+---------+----------+-----------+-----------+------+----------+
        |                    |  Latency (cycles) | Iteration|  Initiation Interval  | Trip |          |
        |      Loop Name     |   min   |   max   |  Latency |  achieved |   target  | Count| Pipelined|
        +--------------------+---------+---------+----------+-----------+-----------+------+----------+
        |- VITIS_LOOP_614_4  |       13|       13|        11|          1|          1|     4|       yes|
        +--------------------+---------+---------+----------+-----------+-----------+------+----------+

============================================================
+ Verbose Summary: Synthesis Manager
============================================================
InlineROM: 1
ExposeGlobal: 0
============================================================
+ Verbose Summary: CDFG Model
============================================================
IsTopModel: 0
ResetActiveHigh: 1
IsCombinational: 0
IsDatapathOnly: 0
HasWiredReturn: 1
HasMFsm: 2
HasVarLatency: 1
IsPipeline: 0
IsRtlPipelined: 0
IsInstanceOverlapped: 0
IsDontTouch: 0
HasImplIP: 0
IsGatedGlobalClock: 0

+ Individual pipeline summary: 
  * Pipeline-0: initiation interval (II) = 1, depth = 11


============================================================
+ Verbose Summary: Schedule
============================================================
* Number of FSM states : 11
* Pipeline : 1
  Pipeline-0 : II = 1, D = 11, States = { 1 2 3 4 5 6 7 8 9 10 11 }
* Dataflow Pipeline: 0

* FSM state transitions: 
1 --> 2 
2 --> 3 
3 --> 4 
4 --> 5 
5 --> 6 
6 --> 7 
7 --> 8 
8 --> 9 
9 --> 10 
10 --> 11 
11 --> 

* FSM state operations: 

State 1 <SV = 0> <Delay = 2.00>
ST_1 : Operation 14 [1/1] (0.00ns)   --->   "%add_i_i14_phi = alloca i32 1"   --->   Operation 14 'alloca' 'add_i_i14_phi' <Predicate = true> <Delay = 0.00>
ST_1 : Operation 15 [1/1] (0.00ns)   --->   "%total_3 = alloca i32 1" [swiglu.cpp:575]   --->   Operation 15 'alloca' 'total_3' <Predicate = true> <Delay = 0.00>
ST_1 : Operation 16 [1/1] (0.00ns)   --->   "%bsg = alloca i32 1" [swiglu.cpp:614]   --->   Operation 16 'alloca' 'bsg' <Predicate = true> <Delay = 0.00>
ST_1 : Operation 17 [1/1] (0.00ns)   --->   "%d_buf_31_val_read = read i32 @_ssdm_op_Read.ap_auto.float, i32 %d_buf_31_val"   --->   Operation 17 'read' 'd_buf_31_val_read' <Predicate = true> <Delay = 0.00>
ST_1 : Operation 18 [1/1] (0.00ns)   --->   "%d_buf_30_val_read = read i32 @_ssdm_op_Read.ap_auto.float, i32 %d_buf_30_val"   --->   Operation 18 'read' 'd_buf_30_val_read' <Predicate = true> <Delay = 0.00>
ST_1 : Operation 19 [1/1] (0.00ns)   --->   "%d_buf_29_val_read = read i32 @_ssdm_op_Read.ap_auto.float, i32 %d_buf_29_val"   --->   Operation 19 'read' 'd_buf_29_val_read' <Predicate = true> <Delay = 0.00>
ST_1 : Operation 20 [1/1] (0.00ns)   --->   "%d_buf_28_val_read = read i32 @_ssdm_op_Read.ap_auto.float, i32 %d_buf_28_val"   --->   Operation 20 'read' 'd_buf_28_val_read' <Predicate = true> <Delay = 0.00>
ST_1 : Operation 21 [1/1] (0.00ns)   --->   "%d_buf_27_val_read = read i32 @_ssdm_op_Read.ap_auto.float, i32 %d_buf_27_val"   --->   Operation 21 'read' 'd_buf_27_val_read' <Predicate = true> <Delay = 0.00>
ST_1 : Operation 22 [1/1] (0.00ns)   --->   "%d_buf_26_val_read = read i32 @_ssdm_op_Read.ap_auto.float, i32 %d_buf_26_val"   --->   Operation 22 'read' 'd_buf_26_val_read' <Predicate = true> <Delay = 0.00>
ST_1 : Operation 23 [1/1] (0.00ns)   --->   "%d_buf_25_val_read = read i32 @_ssdm_op_Read.ap_auto.float, i32 %d_buf_25_val"   --->   Operation 23 'read' 'd_buf_25_val_read' <Predicate = true> <Delay = 0.00>
ST_1 : Operation 24 [1/1] (0.00ns)   --->   "%d_buf_24_val_read = read i32 @_ssdm_op_Read.ap_auto.float, i32 %d_buf_24_val"   --->   Operation 24 'read' 'd_buf_24_val_read' <Predicate = true> <Delay = 0.00>
ST_1 : Operation 25 [1/1] (0.00ns)   --->   "%d_buf_23_val_read = read i32 @_ssdm_op_Read.ap_auto.float, i32 %d_buf_23_val"   --->   Operation 25 'read' 'd_buf_23_val_read' <Predicate = true> <Delay = 0.00>
ST_1 : Operation 26 [1/1] (0.00ns)   --->   "%d_buf_22_val_read = read i32 @_ssdm_op_Read.ap_auto.float, i32 %d_buf_22_val"   --->   Operation 26 'read' 'd_buf_22_val_read' <Predicate = true> <Delay = 0.00>
ST_1 : Operation 27 [1/1] (0.00ns)   --->   "%d_buf_21_val_read = read i32 @_ssdm_op_Read.ap_auto.float, i32 %d_buf_21_val"   --->   Operation 27 'read' 'd_buf_21_val_read' <Predicate = true> <Delay = 0.00>
ST_1 : Operation 28 [1/1] (0.00ns)   --->   "%d_buf_20_val_read = read i32 @_ssdm_op_Read.ap_auto.float, i32 %d_buf_20_val"   --->   Operation 28 'read' 'd_buf_20_val_read' <Predicate = true> <Delay = 0.00>
ST_1 : Operation 29 [1/1] (0.00ns)   --->   "%d_buf_19_val_read = read i32 @_ssdm_op_Read.ap_auto.float, i32 %d_buf_19_val"   --->   Operation 29 'read' 'd_buf_19_val_read' <Predicate = true> <Delay = 0.00>
ST_1 : Operation 30 [1/1] (0.00ns)   --->   "%d_buf_18_val_read = read i32 @_ssdm_op_Read.ap_auto.float, i32 %d_buf_18_val"   --->   Operation 30 'read' 'd_buf_18_val_read' <Predicate = true> <Delay = 0.00>
ST_1 : Operation 31 [1/1] (0.00ns)   --->   "%d_buf_17_val_read = read i32 @_ssdm_op_Read.ap_auto.float, i32 %d_buf_17_val"   --->   Operation 31 'read' 'd_buf_17_val_read' <Predicate = true> <Delay = 0.00>
ST_1 : Operation 32 [1/1] (0.00ns)   --->   "%d_buf_16_val_read = read i32 @_ssdm_op_Read.ap_auto.float, i32 %d_buf_16_val"   --->   Operation 32 'read' 'd_buf_16_val_read' <Predicate = true> <Delay = 0.00>
ST_1 : Operation 33 [1/1] (0.00ns)   --->   "%d_buf_15_val_read = read i32 @_ssdm_op_Read.ap_auto.float, i32 %d_buf_15_val"   --->   Operation 33 'read' 'd_buf_15_val_read' <Predicate = true> <Delay = 0.00>
ST_1 : Operation 34 [1/1] (0.00ns)   --->   "%d_buf_14_val_read = read i32 @_ssdm_op_Read.ap_auto.float, i32 %d_buf_14_val"   --->   Operation 34 'read' 'd_buf_14_val_read' <Predicate = true> <Delay = 0.00>
ST_1 : Operation 35 [1/1] (0.00ns)   --->   "%d_buf_13_val_read = read i32 @_ssdm_op_Read.ap_auto.float, i32 %d_buf_13_val"   --->   Operation 35 'read' 'd_buf_13_val_read' <Predicate = true> <Delay = 0.00>
ST_1 : Operation 36 [1/1] (0.00ns)   --->   "%d_buf_12_val_read = read i32 @_ssdm_op_Read.ap_auto.float, i32 %d_buf_12_val"   --->   Operation 36 'read' 'd_buf_12_val_read' <Predicate = true> <Delay = 0.00>
ST_1 : Operation 37 [1/1] (0.00ns)   --->   "%d_buf_11_val_read = read i32 @_ssdm_op_Read.ap_auto.float, i32 %d_buf_11_val"   --->   Operation 37 'read' 'd_buf_11_val_read' <Predicate = true> <Delay = 0.00>
ST_1 : Operation 38 [1/1] (0.00ns)   --->   "%d_buf_10_val_read = read i32 @_ssdm_op_Read.ap_auto.float, i32 %d_buf_10_val"   --->   Operation 38 'read' 'd_buf_10_val_read' <Predicate = true> <Delay = 0.00>
ST_1 : Operation 39 [1/1] (0.00ns)   --->   "%d_buf_9_val_read = read i32 @_ssdm_op_Read.ap_auto.float, i32 %d_buf_9_val"   --->   Operation 39 'read' 'd_buf_9_val_read' <Predicate = true> <Delay = 0.00>
ST_1 : Operation 40 [1/1] (0.00ns)   --->   "%d_buf_8_val_read = read i32 @_ssdm_op_Read.ap_auto.float, i32 %d_buf_8_val"   --->   Operation 40 'read' 'd_buf_8_val_read' <Predicate = true> <Delay = 0.00>
ST_1 : Operation 41 [1/1] (0.00ns)   --->   "%d_buf_7_val_read = read i32 @_ssdm_op_Read.ap_auto.float, i32 %d_buf_7_val"   --->   Operation 41 'read' 'd_buf_7_val_read' <Predicate = true> <Delay = 0.00>
ST_1 : Operation 42 [1/1] (0.00ns)   --->   "%d_buf_6_val_read = read i32 @_ssdm_op_Read.ap_auto.float, i32 %d_buf_6_val"   --->   Operation 42 'read' 'd_buf_6_val_read' <Predicate = true> <Delay = 0.00>
ST_1 : Operation 43 [1/1] (0.00ns)   --->   "%d_buf_5_val_read = read i32 @_ssdm_op_Read.ap_auto.float, i32 %d_buf_5_val"   --->   Operation 43 'read' 'd_buf_5_val_read' <Predicate = true> <Delay = 0.00>
ST_1 : Operation 44 [1/1] (0.00ns)   --->   "%d_buf_4_val_read = read i32 @_ssdm_op_Read.ap_auto.float, i32 %d_buf_4_val"   --->   Operation 44 'read' 'd_buf_4_val_read' <Predicate = true> <Delay = 0.00>
ST_1 : Operation 45 [1/1] (0.00ns)   --->   "%d_buf_3_val_read = read i32 @_ssdm_op_Read.ap_auto.float, i32 %d_buf_3_val"   --->   Operation 45 'read' 'd_buf_3_val_read' <Predicate = true> <Delay = 0.00>
ST_1 : Operation 46 [1/1] (0.00ns)   --->   "%d_buf_2_val_read = read i32 @_ssdm_op_Read.ap_auto.float, i32 %d_buf_2_val"   --->   Operation 46 'read' 'd_buf_2_val_read' <Predicate = true> <Delay = 0.00>
ST_1 : Operation 47 [1/1] (0.00ns)   --->   "%d_buf_1_val_read = read i32 @_ssdm_op_Read.ap_auto.float, i32 %d_buf_1_val"   --->   Operation 47 'read' 'd_buf_1_val_read' <Predicate = true> <Delay = 0.00>
ST_1 : Operation 48 [1/1] (0.00ns)   --->   "%d_buf_0_val_read = read i32 @_ssdm_op_Read.ap_auto.float, i32 %d_buf_0_val"   --->   Operation 48 'read' 'd_buf_0_val_read' <Predicate = true> <Delay = 0.00>
ST_1 : Operation 49 [1/1] (0.00ns)   --->   "%acc_local_31_load_reload_read = read i32 @_ssdm_op_Read.ap_auto.i32, i32 %acc_local_31_load_reload"   --->   Operation 49 'read' 'acc_local_31_load_reload_read' <Predicate = true> <Delay = 0.00>
ST_1 : Operation 50 [1/1] (0.00ns)   --->   "%acc_local_23_load_reload_read = read i32 @_ssdm_op_Read.ap_auto.i32, i32 %acc_local_23_load_reload"   --->   Operation 50 'read' 'acc_local_23_load_reload_read' <Predicate = true> <Delay = 0.00>
ST_1 : Operation 51 [1/1] (0.00ns)   --->   "%acc_local_15_load_reload_read = read i32 @_ssdm_op_Read.ap_auto.i32, i32 %acc_local_15_load_reload"   --->   Operation 51 'read' 'acc_local_15_load_reload_read' <Predicate = true> <Delay = 0.00>
ST_1 : Operation 52 [1/1] (0.00ns)   --->   "%acc_local_7_load_reload_read = read i32 @_ssdm_op_Read.ap_auto.i32, i32 %acc_local_7_load_reload"   --->   Operation 52 'read' 'acc_local_7_load_reload_read' <Predicate = true> <Delay = 0.00>
ST_1 : Operation 53 [1/1] (0.00ns)   --->   "%acc_local_30_load_reload_read = read i32 @_ssdm_op_Read.ap_auto.i32, i32 %acc_local_30_load_reload"   --->   Operation 53 'read' 'acc_local_30_load_reload_read' <Predicate = true> <Delay = 0.00>
ST_1 : Operation 54 [1/1] (0.00ns)   --->   "%acc_local_22_load_reload_read = read i32 @_ssdm_op_Read.ap_auto.i32, i32 %acc_local_22_load_reload"   --->   Operation 54 'read' 'acc_local_22_load_reload_read' <Predicate = true> <Delay = 0.00>
ST_1 : Operation 55 [1/1] (0.00ns)   --->   "%acc_local_14_load_reload_read = read i32 @_ssdm_op_Read.ap_auto.i32, i32 %acc_local_14_load_reload"   --->   Operation 55 'read' 'acc_local_14_load_reload_read' <Predicate = true> <Delay = 0.00>
ST_1 : Operation 56 [1/1] (0.00ns)   --->   "%acc_local_6_load_reload_read = read i32 @_ssdm_op_Read.ap_auto.i32, i32 %acc_local_6_load_reload"   --->   Operation 56 'read' 'acc_local_6_load_reload_read' <Predicate = true> <Delay = 0.00>
ST_1 : Operation 57 [1/1] (0.00ns)   --->   "%acc_local_29_load_reload_read = read i32 @_ssdm_op_Read.ap_auto.i32, i32 %acc_local_29_load_reload"   --->   Operation 57 'read' 'acc_local_29_load_reload_read' <Predicate = true> <Delay = 0.00>
ST_1 : Operation 58 [1/1] (0.00ns)   --->   "%acc_local_21_load_reload_read = read i32 @_ssdm_op_Read.ap_auto.i32, i32 %acc_local_21_load_reload"   --->   Operation 58 'read' 'acc_local_21_load_reload_read' <Predicate = true> <Delay = 0.00>
ST_1 : Operation 59 [1/1] (0.00ns)   --->   "%acc_local_13_load_reload_read = read i32 @_ssdm_op_Read.ap_auto.i32, i32 %acc_local_13_load_reload"   --->   Operation 59 'read' 'acc_local_13_load_reload_read' <Predicate = true> <Delay = 0.00>
ST_1 : Operation 60 [1/1] (0.00ns)   --->   "%acc_local_5_load_reload_read = read i32 @_ssdm_op_Read.ap_auto.i32, i32 %acc_local_5_load_reload"   --->   Operation 60 'read' 'acc_local_5_load_reload_read' <Predicate = true> <Delay = 0.00>
ST_1 : Operation 61 [1/1] (0.00ns)   --->   "%acc_local_28_load_reload_read = read i32 @_ssdm_op_Read.ap_auto.i32, i32 %acc_local_28_load_reload"   --->   Operation 61 'read' 'acc_local_28_load_reload_read' <Predicate = true> <Delay = 0.00>
ST_1 : Operation 62 [1/1] (0.00ns)   --->   "%acc_local_20_load_reload_read = read i32 @_ssdm_op_Read.ap_auto.i32, i32 %acc_local_20_load_reload"   --->   Operation 62 'read' 'acc_local_20_load_reload_read' <Predicate = true> <Delay = 0.00>
ST_1 : Operation 63 [1/1] (0.00ns)   --->   "%acc_local_12_load_reload_read = read i32 @_ssdm_op_Read.ap_auto.i32, i32 %acc_local_12_load_reload"   --->   Operation 63 'read' 'acc_local_12_load_reload_read' <Predicate = true> <Delay = 0.00>
ST_1 : Operation 64 [1/1] (0.00ns)   --->   "%acc_local_4_load_reload_read = read i32 @_ssdm_op_Read.ap_auto.i32, i32 %acc_local_4_load_reload"   --->   Operation 64 'read' 'acc_local_4_load_reload_read' <Predicate = true> <Delay = 0.00>
ST_1 : Operation 65 [1/1] (0.00ns)   --->   "%acc_local_27_load_reload_read = read i32 @_ssdm_op_Read.ap_auto.i32, i32 %acc_local_27_load_reload"   --->   Operation 65 'read' 'acc_local_27_load_reload_read' <Predicate = true> <Delay = 0.00>
ST_1 : Operation 66 [1/1] (0.00ns)   --->   "%acc_local_19_load_reload_read = read i32 @_ssdm_op_Read.ap_auto.i32, i32 %acc_local_19_load_reload"   --->   Operation 66 'read' 'acc_local_19_load_reload_read' <Predicate = true> <Delay = 0.00>
ST_1 : Operation 67 [1/1] (0.00ns)   --->   "%acc_local_11_load_reload_read = read i32 @_ssdm_op_Read.ap_auto.i32, i32 %acc_local_11_load_reload"   --->   Operation 67 'read' 'acc_local_11_load_reload_read' <Predicate = true> <Delay = 0.00>
ST_1 : Operation 68 [1/1] (0.00ns)   --->   "%acc_local_3_load_reload_read = read i32 @_ssdm_op_Read.ap_auto.i32, i32 %acc_local_3_load_reload"   --->   Operation 68 'read' 'acc_local_3_load_reload_read' <Predicate = true> <Delay = 0.00>
ST_1 : Operation 69 [1/1] (0.00ns)   --->   "%acc_local_26_load_reload_read = read i32 @_ssdm_op_Read.ap_auto.i32, i32 %acc_local_26_load_reload"   --->   Operation 69 'read' 'acc_local_26_load_reload_read' <Predicate = true> <Delay = 0.00>
ST_1 : Operation 70 [1/1] (0.00ns)   --->   "%acc_local_18_load_reload_read = read i32 @_ssdm_op_Read.ap_auto.i32, i32 %acc_local_18_load_reload"   --->   Operation 70 'read' 'acc_local_18_load_reload_read' <Predicate = true> <Delay = 0.00>
ST_1 : Operation 71 [1/1] (0.00ns)   --->   "%acc_local_10_load_reload_read = read i32 @_ssdm_op_Read.ap_auto.i32, i32 %acc_local_10_load_reload"   --->   Operation 71 'read' 'acc_local_10_load_reload_read' <Predicate = true> <Delay = 0.00>
ST_1 : Operation 72 [1/1] (0.00ns)   --->   "%acc_local_2_load_reload_read = read i32 @_ssdm_op_Read.ap_auto.i32, i32 %acc_local_2_load_reload"   --->   Operation 72 'read' 'acc_local_2_load_reload_read' <Predicate = true> <Delay = 0.00>
ST_1 : Operation 73 [1/1] (0.00ns)   --->   "%acc_local_25_load_reload_read = read i32 @_ssdm_op_Read.ap_auto.i32, i32 %acc_local_25_load_reload"   --->   Operation 73 'read' 'acc_local_25_load_reload_read' <Predicate = true> <Delay = 0.00>
ST_1 : Operation 74 [1/1] (0.00ns)   --->   "%acc_local_17_load_reload_read = read i32 @_ssdm_op_Read.ap_auto.i32, i32 %acc_local_17_load_reload"   --->   Operation 74 'read' 'acc_local_17_load_reload_read' <Predicate = true> <Delay = 0.00>
ST_1 : Operation 75 [1/1] (0.00ns)   --->   "%acc_local_9_load_reload_read = read i32 @_ssdm_op_Read.ap_auto.i32, i32 %acc_local_9_load_reload"   --->   Operation 75 'read' 'acc_local_9_load_reload_read' <Predicate = true> <Delay = 0.00>
ST_1 : Operation 76 [1/1] (0.00ns)   --->   "%acc_local_1_load_reload_read = read i32 @_ssdm_op_Read.ap_auto.i32, i32 %acc_local_1_load_reload"   --->   Operation 76 'read' 'acc_local_1_load_reload_read' <Predicate = true> <Delay = 0.00>
ST_1 : Operation 77 [1/1] (0.00ns)   --->   "%acc_local_24_load_reload_read = read i32 @_ssdm_op_Read.ap_auto.i32, i32 %acc_local_24_load_reload"   --->   Operation 77 'read' 'acc_local_24_load_reload_read' <Predicate = true> <Delay = 0.00>
ST_1 : Operation 78 [1/1] (0.00ns)   --->   "%acc_local_16_load_reload_read = read i32 @_ssdm_op_Read.ap_auto.i32, i32 %acc_local_16_load_reload"   --->   Operation 78 'read' 'acc_local_16_load_reload_read' <Predicate = true> <Delay = 0.00>
ST_1 : Operation 79 [1/1] (0.00ns)   --->   "%acc_local_8_load_reload_read = read i32 @_ssdm_op_Read.ap_auto.i32, i32 %acc_local_8_load_reload"   --->   Operation 79 'read' 'acc_local_8_load_reload_read' <Predicate = true> <Delay = 0.00>
ST_1 : Operation 80 [1/1] (0.00ns)   --->   "%acc_local_load_reload_read = read i32 @_ssdm_op_Read.ap_auto.i32, i32 %acc_local_load_reload"   --->   Operation 80 'read' 'acc_local_load_reload_read' <Predicate = true> <Delay = 0.00>
ST_1 : Operation 81 [1/1] (0.00ns)   --->   "%tmp_90_read = read i5 @_ssdm_op_Read.ap_auto.i5, i5 %tmp_90"   --->   Operation 81 'read' 'tmp_90_read' <Predicate = true> <Delay = 0.00>
ST_1 : Operation 82 [1/1] (0.00ns)   --->   "%add_i_i14_lcssa_phi_read = read i89 @_ssdm_op_Read.ap_auto.i89, i89 %add_i_i14_lcssa_phi"   --->   Operation 82 'read' 'add_i_i14_lcssa_phi_read' <Predicate = true> <Delay = 0.00>
ST_1 : Operation 83 [1/1] (0.00ns)   --->   "%total_read = read i56 @_ssdm_op_Read.ap_auto.i56, i56 %total"   --->   Operation 83 'read' 'total_read' <Predicate = true> <Delay = 0.00>
ST_1 : Operation 84 [1/1] (0.42ns)   --->   "%store_ln614 = store i3 0, i3 %bsg" [swiglu.cpp:614]   --->   Operation 84 'store' 'store_ln614' <Predicate = true> <Delay = 0.42>
ST_1 : Operation 85 [1/1] (0.42ns)   --->   "%store_ln575 = store i56 %total_read, i56 %total_3" [swiglu.cpp:575]   --->   Operation 85 'store' 'store_ln575' <Predicate = true> <Delay = 0.42>
ST_1 : Operation 86 [1/1] (0.42ns)   --->   "%store_ln0 = store i89 %add_i_i14_lcssa_phi_read, i89 %add_i_i14_phi"   --->   Operation 86 'store' 'store_ln0' <Predicate = true> <Delay = 0.42>
ST_1 : Operation 87 [1/1] (0.00ns)   --->   "%br_ln0 = br void %VITIS_LOOP_617_5"   --->   Operation 87 'br' 'br_ln0' <Predicate = true> <Delay = 0.00>
ST_1 : Operation 88 [1/1] (0.00ns)   --->   "%bsg_1 = load i3 %bsg" [swiglu.cpp:614]   --->   Operation 88 'load' 'bsg_1' <Predicate = true> <Delay = 0.00>
ST_1 : Operation 89 [1/1] (0.67ns)   --->   "%icmp_ln614 = icmp_eq  i3 %bsg_1, i3 4" [swiglu.cpp:614]   --->   Operation 89 'icmp' 'icmp_ln614' <Predicate = true> <Delay = 0.67> <CoreInst = "Cmp">   --->   Core 9 'Cmp' <Latency = 0> <II = 1> <Delay = 0.67> <FuncUnit> <Opcode : 'seteq' 'setne' 'setle' 'setge' 'setlt' 'setgt'> <InPorts = 2> <OutPorts = 1>
ST_1 : Operation 90 [1/1] (0.67ns)   --->   "%add_ln614 = add i3 %bsg_1, i3 1" [swiglu.cpp:614]   --->   Operation 90 'add' 'add_ln614' <Predicate = true> <Delay = 0.67> <CoreInst = "Adder">   --->   Core 1 'Adder' <Latency = 0> <II = 1> <Delay = 0.67> <FuncUnit> <Opcode : 'add' 'sub'> <InPorts = 2> <OutPorts = 1>
ST_1 : Operation 91 [1/1] (0.00ns)   --->   "%br_ln614 = br i1 %icmp_ln614, void %VITIS_LOOP_617_5.split_ifconv, void %for.inc129.exitStub" [swiglu.cpp:614]   --->   Operation 91 'br' 'br_ln614' <Predicate = true> <Delay = 0.00>
ST_1 : Operation 92 [1/1] (0.00ns)   --->   "%zext_ln614 = zext i3 %bsg_1" [swiglu.cpp:614]   --->   Operation 92 'zext' 'zext_ln614' <Predicate = (!icmp_ln614)> <Delay = 0.00>
ST_1 : Operation 93 [1/1] (0.00ns)   --->   "%trunc_ln614 = trunc i3 %bsg_1" [swiglu.cpp:614]   --->   Operation 93 'trunc' 'trunc_ln614' <Predicate = (!icmp_ln614)> <Delay = 0.00>
ST_1 : Operation 94 [1/1] (0.78ns)   --->   "%add_ln615 = add i5 %tmp_90_read, i5 %zext_ln614" [swiglu.cpp:615]   --->   Operation 94 'add' 'add_ln615' <Predicate = (!icmp_ln614)> <Delay = 0.78> <CoreInst = "Adder">   --->   Core 1 'Adder' <Latency = 0> <II = 1> <Delay = 0.78> <FuncUnit> <Opcode : 'add' 'sub'> <InPorts = 2> <OutPorts = 1>
ST_1 : Operation 95 [1/1] (0.52ns)   --->   "%tmp_81 = sparsemux i32 @_ssdm_op_SparseMux.ap_auto.4i32.i32.i2, i2 0, i32 %acc_local_6_load_reload_read, i2 1, i32 %acc_local_14_load_reload_read, i2 2, i32 %acc_local_22_load_reload_read, i2 3, i32 %acc_local_30_load_reload_read, i32 0, i2 %trunc_ln614" [swiglu.cpp:619]   --->   Operation 95 'sparsemux' 'tmp_81' <Predicate = (!icmp_ln614)> <Delay = 0.52> <CoreInst = "BinarySparseMux_DontCare">   --->   Core 149 'BinarySparseMux_DontCare' <Latency = 0> <II = 1> <Delay = 0.52> <FuncUnit> <Opcode : 'sparsemux'> <InPorts = 2> <OutPorts = 1>
ST_1 : Operation 96 [1/1] (0.52ns)   --->   "%tmp_82 = sparsemux i32 @_ssdm_op_SparseMux.ap_auto.4i32.i32.i2, i2 0, i32 %acc_local_7_load_reload_read, i2 1, i32 %acc_local_15_load_reload_read, i2 2, i32 %acc_local_23_load_reload_read, i2 3, i32 %acc_local_31_load_reload_read, i32 0, i2 %trunc_ln614" [swiglu.cpp:619]   --->   Operation 96 'sparsemux' 'tmp_82' <Predicate = (!icmp_ln614)> <Delay = 0.52> <CoreInst = "BinarySparseMux_DontCare">   --->   Core 149 'BinarySparseMux_DontCare' <Latency = 0> <II = 1> <Delay = 0.52> <FuncUnit> <Opcode : 'sparsemux'> <InPorts = 2> <OutPorts = 1>
ST_1 : Operation 97 [1/1] (1.01ns)   --->   "%add_ln619_4 = add i32 %tmp_81, i32 %tmp_82" [swiglu.cpp:619]   --->   Operation 97 'add' 'add_ln619_4' <Predicate = (!icmp_ln614)> <Delay = 1.01> <CoreInst = "Adder">   --->   Core 1 'Adder' <Latency = 0> <II = 1> <Delay = 1.01> <FuncUnit> <Opcode : 'add' 'sub'> <InPorts = 2> <OutPorts = 1>
ST_1 : Operation 98 [1/1] (0.78ns)   --->   "%tmp_s = sparsemux i32 @_ssdm_op_SparseMux.ap_auto.32float.float.i5, i5 0, i32 %d_buf_0_val_read, i5 1, i32 %d_buf_1_val_read, i5 2, i32 %d_buf_2_val_read, i5 3, i32 %d_buf_3_val_read, i5 4, i32 %d_buf_4_val_read, i5 5, i32 %d_buf_5_val_read, i5 6, i32 %d_buf_6_val_read, i5 7, i32 %d_buf_7_val_read, i5 8, i32 %d_buf_8_val_read, i5 9, i32 %d_buf_9_val_read, i5 10, i32 %d_buf_10_val_read, i5 11, i32 %d_buf_11_val_read, i5 12, i32 %d_buf_12_val_read, i5 13, i32 %d_buf_13_val_read, i5 14, i32 %d_buf_14_val_read, i5 15, i32 %d_buf_15_val_read, i5 16, i32 %d_buf_16_val_read, i5 17, i32 %d_buf_17_val_read, i5 18, i32 %d_buf_18_val_read, i5 19, i32 %d_buf_19_val_read, i5 20, i32 %d_buf_20_val_read, i5 21, i32 %d_buf_21_val_read, i5 22, i32 %d_buf_22_val_read, i5 23, i32 %d_buf_23_val_read, i5 24, i32 %d_buf_24_val_read, i5 25, i32 %d_buf_25_val_read, i5 26, i32 %d_buf_26_val_read, i5 27, i32 %d_buf_27_val_read, i5 28, i32 %d_buf_28_val_read, i5 29, i32 %d_buf_29_val_read, i5 30, i32 %d_buf_30_val_read, i5 31, i32 %d_buf_31_val_read, i32 <undef>, i5 %add_ln615" [swiglu.cpp:621]   --->   Operation 98 'sparsemux' 'tmp_s' <Predicate = (!icmp_ln614)> <Delay = 0.78> <CoreInst = "BinarySparseMux_DontCare">   --->   Core 149 'BinarySparseMux_DontCare' <Latency = 0> <II = 1> <Delay = 0.78> <FuncUnit> <Opcode : 'sparsemux'> <InPorts = 2> <OutPorts = 1>
ST_1 : Operation 99 [1/1] (0.42ns)   --->   "%store_ln614 = store i3 %add_ln614, i3 %bsg" [swiglu.cpp:614]   --->   Operation 99 'store' 'store_ln614' <Predicate = (!icmp_ln614)> <Delay = 0.42>

State 2 <SV = 1> <Delay = 2.30>
ST_2 : Operation 100 [1/1] (0.52ns)   --->   "%sw = sparsemux i32 @_ssdm_op_SparseMux.ap_auto.4i32.i32.i2, i2 0, i32 %acc_local_load_reload_read, i2 1, i32 %acc_local_8_load_reload_read, i2 2, i32 %acc_local_16_load_reload_read, i2 3, i32 %acc_local_24_load_reload_read, i32 0, i2 %trunc_ln614" [swiglu.cpp:619]   --->   Operation 100 'sparsemux' 'sw' <Predicate = true> <Delay = 0.52> <CoreInst = "BinarySparseMux_DontCare">   --->   Core 149 'BinarySparseMux_DontCare' <Latency = 0> <II = 1> <Delay = 0.52> <FuncUnit> <Opcode : 'sparsemux'> <InPorts = 2> <OutPorts = 1>
ST_2 : Operation 101 [1/1] (0.52ns)   --->   "%tmp_76 = sparsemux i32 @_ssdm_op_SparseMux.ap_auto.4i32.i32.i2, i2 0, i32 %acc_local_1_load_reload_read, i2 1, i32 %acc_local_9_load_reload_read, i2 2, i32 %acc_local_17_load_reload_read, i2 3, i32 %acc_local_25_load_reload_read, i32 0, i2 %trunc_ln614" [swiglu.cpp:619]   --->   Operation 101 'sparsemux' 'tmp_76' <Predicate = true> <Delay = 0.52> <CoreInst = "BinarySparseMux_DontCare">   --->   Core 149 'BinarySparseMux_DontCare' <Latency = 0> <II = 1> <Delay = 0.52> <FuncUnit> <Opcode : 'sparsemux'> <InPorts = 2> <OutPorts = 1>
ST_2 : Operation 102 [1/1] (0.52ns)   --->   "%tmp_77 = sparsemux i32 @_ssdm_op_SparseMux.ap_auto.4i32.i32.i2, i2 0, i32 %acc_local_2_load_reload_read, i2 1, i32 %acc_local_10_load_reload_read, i2 2, i32 %acc_local_18_load_reload_read, i2 3, i32 %acc_local_26_load_reload_read, i32 0, i2 %trunc_ln614" [swiglu.cpp:619]   --->   Operation 102 'sparsemux' 'tmp_77' <Predicate = true> <Delay = 0.52> <CoreInst = "BinarySparseMux_DontCare">   --->   Core 149 'BinarySparseMux_DontCare' <Latency = 0> <II = 1> <Delay = 0.52> <FuncUnit> <Opcode : 'sparsemux'> <InPorts = 2> <OutPorts = 1>
ST_2 : Operation 103 [1/1] (0.52ns)   --->   "%tmp_78 = sparsemux i32 @_ssdm_op_SparseMux.ap_auto.4i32.i32.i2, i2 0, i32 %acc_local_3_load_reload_read, i2 1, i32 %acc_local_11_load_reload_read, i2 2, i32 %acc_local_19_load_reload_read, i2 3, i32 %acc_local_27_load_reload_read, i32 0, i2 %trunc_ln614" [swiglu.cpp:619]   --->   Operation 103 'sparsemux' 'tmp_78' <Predicate = true> <Delay = 0.52> <CoreInst = "BinarySparseMux_DontCare">   --->   Core 149 'BinarySparseMux_DontCare' <Latency = 0> <II = 1> <Delay = 0.52> <FuncUnit> <Opcode : 'sparsemux'> <InPorts = 2> <OutPorts = 1>
ST_2 : Operation 104 [1/1] (0.52ns)   --->   "%tmp_79 = sparsemux i32 @_ssdm_op_SparseMux.ap_auto.4i32.i32.i2, i2 0, i32 %acc_local_4_load_reload_read, i2 1, i32 %acc_local_12_load_reload_read, i2 2, i32 %acc_local_20_load_reload_read, i2 3, i32 %acc_local_28_load_reload_read, i32 0, i2 %trunc_ln614" [swiglu.cpp:619]   --->   Operation 104 'sparsemux' 'tmp_79' <Predicate = true> <Delay = 0.52> <CoreInst = "BinarySparseMux_DontCare">   --->   Core 149 'BinarySparseMux_DontCare' <Latency = 0> <II = 1> <Delay = 0.52> <FuncUnit> <Opcode : 'sparsemux'> <InPorts = 2> <OutPorts = 1>
ST_2 : Operation 105 [1/1] (0.52ns)   --->   "%tmp_80 = sparsemux i32 @_ssdm_op_SparseMux.ap_auto.4i32.i32.i2, i2 0, i32 %acc_local_5_load_reload_read, i2 1, i32 %acc_local_13_load_reload_read, i2 2, i32 %acc_local_21_load_reload_read, i2 3, i32 %acc_local_29_load_reload_read, i32 0, i2 %trunc_ln614" [swiglu.cpp:619]   --->   Operation 105 'sparsemux' 'tmp_80' <Predicate = true> <Delay = 0.52> <CoreInst = "BinarySparseMux_DontCare">   --->   Core 149 'BinarySparseMux_DontCare' <Latency = 0> <II = 1> <Delay = 0.52> <FuncUnit> <Opcode : 'sparsemux'> <InPorts = 2> <OutPorts = 1>
ST_2 : Operation 106 [1/1] (1.01ns)   --->   "%add_ln619 = add i32 %tmp_76, i32 %sw" [swiglu.cpp:619]   --->   Operation 106 'add' 'add_ln619' <Predicate = true> <Delay = 1.01> <CoreInst = "Adder">   --->   Core 1 'Adder' <Latency = 0> <II = 1> <Delay = 1.01> <FuncUnit> <Opcode : 'add' 'sub'> <InPorts = 2> <OutPorts = 1>
ST_2 : Operation 107 [1/1] (1.01ns)   --->   "%add_ln619_1 = add i32 %tmp_77, i32 %tmp_78" [swiglu.cpp:619]   --->   Operation 107 'add' 'add_ln619_1' <Predicate = true> <Delay = 1.01> <CoreInst = "Adder">   --->   Core 1 'Adder' <Latency = 0> <II = 1> <Delay = 1.01> <FuncUnit> <Opcode : 'add' 'sub'> <InPorts = 2> <OutPorts = 1>
ST_2 : Operation 108 [1/1] (0.00ns) (grouped into TernaryAdder)   --->   "%add_ln619_2 = add i32 %add_ln619_1, i32 %add_ln619" [swiglu.cpp:619]   --->   Operation 108 'add' 'add_ln619_2' <Predicate = true> <Delay = 0.00> <CoreInst = "TAddSub">   --->   Core 10 'TAddSub' <Latency = 0> <II = 1> <Delay = 0.36> <IPBlock> <Opcode : 'add' 'sub'> <InPorts = 3> <OutPorts = 1> <Sync> <CReg>
ST_2 : Operation 109 [1/1] (0.00ns) (grouped into TernaryAdder)   --->   "%add_ln619_3 = add i32 %tmp_79, i32 %tmp_80" [swiglu.cpp:619]   --->   Operation 109 'add' 'add_ln619_3' <Predicate = true> <Delay = 0.00> <CoreInst = "TAddSub">   --->   Core 10 'TAddSub' <Latency = 0> <II = 1> <Delay = 0.36> <IPBlock> <Opcode : 'add' 'sub'> <InPorts = 3> <OutPorts = 1> <Sync> <CReg>
ST_2 : Operation 110 [1/1] (0.73ns) (root node of TernaryAdder)   --->   "%add_ln619_5 = add i32 %add_ln619_4, i32 %add_ln619_3" [swiglu.cpp:619]   --->   Operation 110 'add' 'add_ln619_5' <Predicate = true> <Delay = 0.73> <CoreInst = "TAddSub">   --->   Core 10 'TAddSub' <Latency = 0> <II = 1> <Delay = 0.36> <IPBlock> <Opcode : 'add' 'sub'> <InPorts = 3> <OutPorts = 1> <Sync> <CReg>
ST_2 : Operation 111 [1/1] (0.73ns) (root node of TernaryAdder)   --->   "%sw_2 = add i32 %add_ln619_5, i32 %add_ln619_2" [swiglu.cpp:619]   --->   Operation 111 'add' 'sw_2' <Predicate = true> <Delay = 0.73> <CoreInst = "TAddSub">   --->   Core 10 'TAddSub' <Latency = 0> <II = 1> <Delay = 0.36> <IPBlock> <Opcode : 'add' 'sub'> <InPorts = 3> <OutPorts = 1> <Sync> <CReg>
ST_2 : Operation 112 [2/2] (2.30ns)   --->   "%pf = fpext i32 %tmp_s" [swiglu.cpp:621]   --->   Operation 112 'fpext' 'pf' <Predicate = true> <Delay = 2.30> <CoreInst = "Float2Double">   --->   Core 64 'Float2Double' <Latency = 1> <II = 1> <Delay = 2.30> <FuncUnit> <Opcode : 'fpext'> <InPorts = 1> <OutPorts = 1>

State 3 <SV = 2> <Delay = 2.30>
ST_3 : Operation 113 [1/2] (2.30ns)   --->   "%pf = fpext i32 %tmp_s" [swiglu.cpp:621]   --->   Operation 113 'fpext' 'pf' <Predicate = true> <Delay = 2.30> <CoreInst = "Float2Double">   --->   Core 64 'Float2Double' <Latency = 1> <II = 1> <Delay = 2.30> <FuncUnit> <Opcode : 'fpext'> <InPorts = 1> <OutPorts = 1>
ST_3 : Operation 114 [1/1] (0.00ns)   --->   "%bitcast_ln735 = bitcast i64 %pf" [swiglu.cpp:621]   --->   Operation 114 'bitcast' 'bitcast_ln735' <Predicate = true> <Delay = 0.00>
ST_3 : Operation 115 [1/1] (0.00ns)   --->   "%trunc_ln621 = trunc i64 %bitcast_ln735" [swiglu.cpp:621]   --->   Operation 115 'trunc' 'trunc_ln621' <Predicate = true> <Delay = 0.00>
ST_3 : Operation 116 [1/1] (0.00ns)   --->   "%tmp = bitselect i1 @_ssdm_op_BitSelect.i1.i64.i32, i64 %bitcast_ln735, i32 63" [swiglu.cpp:621]   --->   Operation 116 'bitselect' 'tmp' <Predicate = true> <Delay = 0.00>
ST_3 : Operation 117 [1/1] (0.00ns)   --->   "%tmp_83 = partselect i11 @_ssdm_op_PartSelect.i11.i64.i32, i64 %bitcast_ln735, i32 52" [swiglu.cpp:621]   --->   Operation 117 'partselect' 'tmp_83' <Predicate = true> <Delay = 0.00>
ST_3 : Operation 118 [1/1] (0.00ns)   --->   "%trunc_ln621_1 = trunc i64 %bitcast_ln735" [swiglu.cpp:621]   --->   Operation 118 'trunc' 'trunc_ln621_1' <Predicate = true> <Delay = 0.00>

State 4 <SV = 3> <Delay = 2.00>
ST_4 : Operation 119 [1/1] (0.00ns)   --->   "%zext_ln621 = zext i11 %tmp_83" [swiglu.cpp:621]   --->   Operation 119 'zext' 'zext_ln621' <Predicate = true> <Delay = 0.00>
ST_4 : Operation 120 [1/1] (0.00ns)   --->   "%zext_ln621_1_cast = bitconcatenate i53 @_ssdm_op_BitConcatenate.i53.i1.i52, i1 1, i52 %trunc_ln621_1" [swiglu.cpp:621]   --->   Operation 120 'bitconcatenate' 'zext_ln621_1_cast' <Predicate = true> <Delay = 0.00>
ST_4 : Operation 121 [1/1] (0.00ns)   --->   "%zext_ln621_1 = zext i53 %zext_ln621_1_cast" [swiglu.cpp:621]   --->   Operation 121 'zext' 'zext_ln621_1' <Predicate = true> <Delay = 0.00>
ST_4 : Operation 122 [1/1] (1.10ns)   --->   "%sub_ln621 = sub i54 0, i54 %zext_ln621_1" [swiglu.cpp:621]   --->   Operation 122 'sub' 'sub_ln621' <Predicate = (tmp)> <Delay = 1.10> <CoreInst = "Adder">   --->   Core 1 'Adder' <Latency = 0> <II = 1> <Delay = 1.10> <FuncUnit> <Opcode : 'add' 'sub'> <InPorts = 2> <OutPorts = 1>
ST_4 : Operation 123 [1/1] (0.40ns)   --->   "%select_ln621 = select i1 %tmp, i54 %sub_ln621, i54 %zext_ln621_1" [swiglu.cpp:621]   --->   Operation 123 'select' 'select_ln621' <Predicate = true> <Delay = 0.40> <CoreInst = "Sel">   --->   Core 73 'Sel' <Latency = 0> <II = 1> <Delay = 0.40> <FuncUnit> <Opcode : 'select'> <InPorts = 3> <OutPorts = 1>
ST_4 : Operation 124 [1/1] (1.08ns)   --->   "%icmp_ln621 = icmp_eq  i63 %trunc_ln621, i63 0" [swiglu.cpp:621]   --->   Operation 124 'icmp' 'icmp_ln621' <Predicate = true> <Delay = 1.08> <CoreInst = "Cmp">   --->   Core 9 'Cmp' <Latency = 0> <II = 1> <Delay = 1.08> <FuncUnit> <Opcode : 'seteq' 'setne' 'setle' 'setge' 'setlt' 'setgt'> <InPorts = 2> <OutPorts = 1>
ST_4 : Operation 125 [1/1] (0.80ns)   --->   "%sub_ln621_1 = sub i12 1075, i12 %zext_ln621" [swiglu.cpp:621]   --->   Operation 125 'sub' 'sub_ln621_1' <Predicate = true> <Delay = 0.80> <CoreInst = "Adder">   --->   Core 1 'Adder' <Latency = 0> <II = 1> <Delay = 0.80> <FuncUnit> <Opcode : 'add' 'sub'> <InPorts = 2> <OutPorts = 1>
ST_4 : Operation 126 [1/1] (0.00ns)   --->   "%trunc_ln621_2 = trunc i12 %sub_ln621_1" [swiglu.cpp:621]   --->   Operation 126 'trunc' 'trunc_ln621_2' <Predicate = true> <Delay = 0.00>
ST_4 : Operation 127 [1/1] (0.80ns)   --->   "%icmp_ln621_1 = icmp_sgt  i12 %sub_ln621_1, i12 24" [swiglu.cpp:621]   --->   Operation 127 'icmp' 'icmp_ln621_1' <Predicate = true> <Delay = 0.80> <CoreInst = "Cmp">   --->   Core 9 'Cmp' <Latency = 0> <II = 1> <Delay = 0.80> <FuncUnit> <Opcode : 'seteq' 'setne' 'setle' 'setge' 'setlt' 'setgt'> <InPorts = 2> <OutPorts = 1>
ST_4 : Operation 128 [1/1] (0.79ns)   --->   "%add_ln621 = add i11 %trunc_ln621_2, i11 2024" [swiglu.cpp:621]   --->   Operation 128 'add' 'add_ln621' <Predicate = true> <Delay = 0.79> <CoreInst = "Adder">   --->   Core 1 'Adder' <Latency = 0> <II = 1> <Delay = 0.79> <FuncUnit> <Opcode : 'add' 'sub'> <InPorts = 2> <OutPorts = 1>
ST_4 : Operation 129 [1/1] (0.79ns)   --->   "%sub_ln621_2 = sub i11 24, i11 %trunc_ln621_2" [swiglu.cpp:621]   --->   Operation 129 'sub' 'sub_ln621_2' <Predicate = true> <Delay = 0.79> <CoreInst = "Adder">   --->   Core 1 'Adder' <Latency = 0> <II = 1> <Delay = 0.79> <FuncUnit> <Opcode : 'add' 'sub'> <InPorts = 2> <OutPorts = 1>
ST_4 : Operation 130 [1/1] (0.38ns)   --->   "%select_ln621_1 = select i1 %icmp_ln621_1, i11 %add_ln621, i11 %sub_ln621_2" [swiglu.cpp:621]   --->   Operation 130 'select' 'select_ln621_1' <Predicate = true> <Delay = 0.38> <CoreInst = "Sel">   --->   Core 73 'Sel' <Latency = 0> <II = 1> <Delay = 0.38> <FuncUnit> <Opcode : 'select'> <InPorts = 3> <OutPorts = 1>
ST_4 : Operation 131 [1/1] (0.80ns)   --->   "%icmp_ln621_2 = icmp_eq  i12 %sub_ln621_1, i12 24" [swiglu.cpp:621]   --->   Operation 131 'icmp' 'icmp_ln621_2' <Predicate = true> <Delay = 0.80> <CoreInst = "Cmp">   --->   Core 9 'Cmp' <Latency = 0> <II = 1> <Delay = 0.80> <FuncUnit> <Opcode : 'seteq' 'setne' 'setle' 'setge' 'setlt' 'setgt'> <InPorts = 2> <OutPorts = 1>
ST_4 : Operation 132 [1/1] (0.00ns)   --->   "%trunc_ln621_3 = trunc i54 %select_ln621" [swiglu.cpp:621]   --->   Operation 132 'trunc' 'trunc_ln621_3' <Predicate = true> <Delay = 0.00>
ST_4 : Operation 133 [1/1] (0.00ns)   --->   "%tmp_169 = partselect i6 @_ssdm_op_PartSelect.i6.i11.i32.i32, i11 %select_ln621_1, i32 5, i32 10" [swiglu.cpp:621]   --->   Operation 133 'partselect' 'tmp_169' <Predicate = true> <Delay = 0.00>

State 5 <SV = 4> <Delay = 2.43>
ST_5 : Operation 134 [1/1] (0.00ns)   --->   "%zext_ln621_3 = zext i11 %select_ln621_1" [swiglu.cpp:621]   --->   Operation 134 'zext' 'zext_ln621_3' <Predicate = true> <Delay = 0.00>
ST_5 : Operation 135 [1/1] (0.79ns)   --->   "%icmp_ln621_3 = icmp_ult  i11 %select_ln621_1, i11 54" [swiglu.cpp:621]   --->   Operation 135 'icmp' 'icmp_ln621_3' <Predicate = true> <Delay = 0.79> <CoreInst = "Cmp">   --->   Core 9 'Cmp' <Latency = 0> <II = 1> <Delay = 0.79> <FuncUnit> <Opcode : 'seteq' 'setne' 'setle' 'setge' 'setlt' 'setgt'> <InPorts = 2> <OutPorts = 1>
ST_5 : Operation 136 [1/1] (0.00ns) (grouped into LUT with out node select_ln621_2)   --->   "%select_ln621_4 = select i1 %tmp, i32 4294967295, i32 0" [swiglu.cpp:621]   --->   Operation 136 'select' 'select_ln621_4' <Predicate = true> <Delay = 0.00> <CoreInst = "Sel">   --->   Core 73 'Sel' <Latency = 0> <II = 1> <Delay = 0.17> <FuncUnit> <Opcode : 'select'> <InPorts = 3> <OutPorts = 1>
ST_5 : Operation 137 [1/1] (0.00ns)   --->   "%zext_ln621_2 = zext i11 %select_ln621_1" [swiglu.cpp:621]   --->   Operation 137 'zext' 'zext_ln621_2' <Predicate = true> <Delay = 0.00>
ST_5 : Operation 138 [1/1] (1.50ns)   --->   "%ashr_ln621 = ashr i54 %select_ln621, i54 %zext_ln621_2" [swiglu.cpp:621]   --->   Operation 138 'ashr' 'ashr_ln621' <Predicate = true> <Delay = 1.50> <CoreInst = "Shifter">   --->   Core 75 'Shifter' <Latency = 0> <II = 1> <Delay = 1.50> <FuncUnit> <Opcode : 'shl' 'lshr' 'ashr'> <InPorts = 2> <OutPorts = 1>
ST_5 : Operation 139 [1/1] (0.00ns) (grouped into LUT with out node select_ln621_2)   --->   "%trunc_ln621_4 = trunc i54 %ashr_ln621" [swiglu.cpp:621]   --->   Operation 139 'trunc' 'trunc_ln621_4' <Predicate = true> <Delay = 0.00>
ST_5 : Operation 140 [1/1] (0.44ns) (out node of the LUT)   --->   "%select_ln621_2 = select i1 %icmp_ln621_3, i32 %trunc_ln621_4, i32 %select_ln621_4" [swiglu.cpp:621]   --->   Operation 140 'select' 'select_ln621_2' <Predicate = true> <Delay = 0.44> <CoreInst = "Sel">   --->   Core 73 'Sel' <Latency = 0> <II = 1> <Delay = 0.44> <FuncUnit> <Opcode : 'select'> <InPorts = 3> <OutPorts = 1>
ST_5 : Operation 141 [1/1] (0.78ns)   --->   "%icmp_ln621_4 = icmp_eq  i6 %tmp_169, i6 0" [swiglu.cpp:621]   --->   Operation 141 'icmp' 'icmp_ln621_4' <Predicate = true> <Delay = 0.78> <CoreInst = "Cmp">   --->   Core 9 'Cmp' <Latency = 0> <II = 1> <Delay = 0.78> <FuncUnit> <Opcode : 'seteq' 'setne' 'setle' 'setge' 'setlt' 'setgt'> <InPorts = 2> <OutPorts = 1>
ST_5 : Operation 142 [1/1] (1.38ns)   --->   "%shl_ln621 = shl i32 %trunc_ln621_3, i32 %zext_ln621_3" [swiglu.cpp:621]   --->   Operation 142 'shl' 'shl_ln621' <Predicate = true> <Delay = 1.38> <CoreInst = "Shifter">   --->   Core 75 'Shifter' <Latency = 0> <II = 1> <Delay = 1.38> <FuncUnit> <Opcode : 'shl' 'lshr' 'ashr'> <InPorts = 2> <OutPorts = 1>
ST_5 : Operation 143 [1/1] (0.44ns)   --->   "%select_ln621_3 = select i1 %icmp_ln621_4, i32 %shl_ln621, i32 0" [swiglu.cpp:621]   --->   Operation 143 'select' 'select_ln621_3' <Predicate = true> <Delay = 0.44> <CoreInst = "Sel">   --->   Core 73 'Sel' <Latency = 0> <II = 1> <Delay = 0.44> <FuncUnit> <Opcode : 'select'> <InPorts = 3> <OutPorts = 1>
ST_5 : Operation 144 [1/1] (0.00ns) (grouped into LUT with out node and_ln621)   --->   "%xor_ln621 = xor i1 %icmp_ln621, i1 1" [swiglu.cpp:621]   --->   Operation 144 'xor' 'xor_ln621' <Predicate = true> <Delay = 0.00> <CoreInst = "LogicGate">   --->   Core 74 'LogicGate' <Latency = 0> <II = 1> <Delay = 0.28> <FuncUnit> <Opcode : 'and' 'or' 'xor'> <InPorts = 2> <OutPorts = 1>
ST_5 : Operation 145 [1/1] (0.28ns) (out node of the LUT)   --->   "%and_ln621 = and i1 %icmp_ln621_2, i1 %xor_ln621" [swiglu.cpp:621]   --->   Operation 145 'and' 'and_ln621' <Predicate = true> <Delay = 0.28> <CoreInst = "LogicGate">   --->   Core 74 'LogicGate' <Latency = 0> <II = 1> <Delay = 0.28> <FuncUnit> <Opcode : 'and' 'or' 'xor'> <InPorts = 2> <OutPorts = 1>
ST_5 : Operation 146 [1/1] (0.00ns) (grouped into LUT with out node and_ln621_1)   --->   "%or_ln621 = or i1 %icmp_ln621, i1 %icmp_ln621_2" [swiglu.cpp:621]   --->   Operation 146 'or' 'or_ln621' <Predicate = true> <Delay = 0.00> <CoreInst = "LogicGate">   --->   Core 74 'LogicGate' <Latency = 0> <II = 1> <Delay = 0.28> <FuncUnit> <Opcode : 'and' 'or' 'xor'> <InPorts = 2> <OutPorts = 1>
ST_5 : Operation 147 [1/1] (0.00ns) (grouped into LUT with out node and_ln621_1)   --->   "%xor_ln621_1 = xor i1 %or_ln621, i1 1" [swiglu.cpp:621]   --->   Operation 147 'xor' 'xor_ln621_1' <Predicate = true> <Delay = 0.00> <CoreInst = "LogicGate">   --->   Core 74 'LogicGate' <Latency = 0> <II = 1> <Delay = 0.28> <FuncUnit> <Opcode : 'and' 'or' 'xor'> <InPorts = 2> <OutPorts = 1>
ST_5 : Operation 148 [1/1] (0.28ns) (out node of the LUT)   --->   "%and_ln621_1 = and i1 %icmp_ln621_1, i1 %xor_ln621_1" [swiglu.cpp:621]   --->   Operation 148 'and' 'and_ln621_1' <Predicate = true> <Delay = 0.28> <CoreInst = "LogicGate">   --->   Core 74 'LogicGate' <Latency = 0> <II = 1> <Delay = 0.28> <FuncUnit> <Opcode : 'and' 'or' 'xor'> <InPorts = 2> <OutPorts = 1>
ST_5 : Operation 149 [1/1] (0.00ns)   --->   "%sel_tmp = bitconcatenate i3 @_ssdm_op_BitConcatenate.i3.i1.i1.i1, i1 %icmp_ln621, i1 %and_ln621, i1 %and_ln621_1" [swiglu.cpp:621]   --->   Operation 149 'bitconcatenate' 'sel_tmp' <Predicate = true> <Delay = 0.00>
ST_5 : Operation 150 [1/1] (0.47ns)   --->   "%storemerge4_i = sparsemux i32 @_ssdm_op_SparseMux.ap_auto.4i32.i32.i3, i3 4, i32 0, i3 2, i32 %trunc_ln621_3, i3 1, i32 %select_ln621_2, i3 0, i32 %select_ln621_3, i32 0, i3 %sel_tmp" [swiglu.cpp:621]   --->   Operation 150 'sparsemux' 'storemerge4_i' <Predicate = true> <Delay = 0.47> <CoreInst = "OneHotSparseMux_HasDef">   --->   Core 152 'OneHotSparseMux_HasDef' <Latency = 0> <II = 1> <Delay = 0.47> <FuncUnit> <Opcode : 'sparsemux'> <InPorts = 2> <OutPorts = 1>

State 6 <SV = 5> <Delay = 2.16>
ST_6 : Operation 151 [1/1] (0.00ns)   --->   "%shl_ln621_1 = bitconcatenate i50 @_ssdm_op_BitConcatenate.i50.i32.i18, i32 %sw_2, i18 0" [swiglu.cpp:621]   --->   Operation 151 'bitconcatenate' 'shl_ln621_1' <Predicate = true> <Delay = 0.00>
ST_6 : Operation 152 [1/1] (0.00ns)   --->   "%sext_ln621 = sext i32 %storemerge4_i" [swiglu.cpp:621]   --->   Operation 152 'sext' 'sext_ln621' <Predicate = true> <Delay = 0.00>
ST_6 : Operation 153 [1/1] (0.00ns)   --->   "%sext_ln621_1 = sext i50 %shl_ln621_1" [swiglu.cpp:621]   --->   Operation 153 'sext' 'sext_ln621_1' <Predicate = true> <Delay = 0.00>
ST_6 : Operation 154 [5/5] (2.16ns)   --->   "%mul_ln621 = mul i82 %sext_ln621_1, i82 %sext_ln621" [swiglu.cpp:621]   --->   Operation 154 'mul' 'mul_ln621' <Predicate = true> <Delay = 2.16> <CoreInst = "Multiplier">   --->   Core 3 'Multiplier' <Latency = 4> <II = 1> <Delay = 2.16> <FuncUnit> <Opcode : 'mul'> <InPorts = 2> <OutPorts = 1>

State 7 <SV = 6> <Delay = 2.16>
ST_7 : Operation 155 [4/5] (2.16ns)   --->   "%mul_ln621 = mul i82 %sext_ln621_1, i82 %sext_ln621" [swiglu.cpp:621]   --->   Operation 155 'mul' 'mul_ln621' <Predicate = true> <Delay = 2.16> <CoreInst = "Multiplier">   --->   Core 3 'Multiplier' <Latency = 4> <II = 1> <Delay = 2.16> <FuncUnit> <Opcode : 'mul'> <InPorts = 2> <OutPorts = 1>

State 8 <SV = 7> <Delay = 2.16>
ST_8 : Operation 156 [3/5] (2.16ns)   --->   "%mul_ln621 = mul i82 %sext_ln621_1, i82 %sext_ln621" [swiglu.cpp:621]   --->   Operation 156 'mul' 'mul_ln621' <Predicate = true> <Delay = 2.16> <CoreInst = "Multiplier">   --->   Core 3 'Multiplier' <Latency = 4> <II = 1> <Delay = 2.16> <FuncUnit> <Opcode : 'mul'> <InPorts = 2> <OutPorts = 1>

State 9 <SV = 8> <Delay = 2.16>
ST_9 : Operation 157 [2/5] (2.16ns)   --->   "%mul_ln621 = mul i82 %sext_ln621_1, i82 %sext_ln621" [swiglu.cpp:621]   --->   Operation 157 'mul' 'mul_ln621' <Predicate = true> <Delay = 2.16> <CoreInst = "Multiplier">   --->   Core 3 'Multiplier' <Latency = 4> <II = 1> <Delay = 2.16> <FuncUnit> <Opcode : 'mul'> <InPorts = 2> <OutPorts = 1>

State 10 <SV = 9> <Delay = 2.16>
ST_10 : Operation 158 [1/5] (2.16ns)   --->   "%mul_ln621 = mul i82 %sext_ln621_1, i82 %sext_ln621" [swiglu.cpp:621]   --->   Operation 158 'mul' 'mul_ln621' <Predicate = true> <Delay = 2.16> <CoreInst = "Multiplier">   --->   Core 3 'Multiplier' <Latency = 4> <II = 1> <Delay = 2.16> <FuncUnit> <Opcode : 'mul'> <InPorts = 2> <OutPorts = 1>
ST_10 : Operation 172 [1/1] (0.00ns)   --->   "%add_i_i14_phi_load = load i89 %add_i_i14_phi"   --->   Operation 172 'load' 'add_i_i14_phi_load' <Predicate = (icmp_ln614)> <Delay = 0.00>
ST_10 : Operation 173 [1/1] (0.00ns)   --->   "%write_ln0 = write void @_ssdm_op_Write.ap_auto.i89P0A, i89 %add_i_i14_phi_out, i89 %add_i_i14_phi_load"   --->   Operation 173 'write' 'write_ln0' <Predicate = (icmp_ln614)> <Delay = 0.00>
ST_10 : Operation 174 [1/1] (0.42ns)   --->   "%ret_ln0 = ret"   --->   Operation 174 'ret' 'ret_ln0' <Predicate = (icmp_ln614)> <Delay = 0.42>

State 11 <SV = 10> <Delay = 1.69>
ST_11 : Operation 159 [1/1] (0.00ns)   --->   "%total_3_load = load i56 %total_3" [swiglu.cpp:621]   --->   Operation 159 'load' 'total_3_load' <Predicate = true> <Delay = 0.00>
ST_11 : Operation 160 [1/1] (0.00ns)   --->   "%specpipeline_ln575 = specpipeline void @_ssdm_op_SpecPipeline, i32 4294967295, i32 0, i32 0, i32 0, void @empty_39" [swiglu.cpp:575]   --->   Operation 160 'specpipeline' 'specpipeline_ln575' <Predicate = true> <Delay = 0.00>
ST_11 : Operation 161 [1/1] (0.00ns)   --->   "%speclooptripcount_ln575 = speclooptripcount void @_ssdm_op_SpecLoopTripCount, i64 4, i64 4, i64 4" [swiglu.cpp:575]   --->   Operation 161 'speclooptripcount' 'speclooptripcount_ln575' <Predicate = true> <Delay = 0.00>
ST_11 : Operation 162 [1/1] (0.00ns)   --->   "%specloopname_ln614 = specloopname void @_ssdm_op_SpecLoopName, void @empty_18" [swiglu.cpp:614]   --->   Operation 162 'specloopname' 'specloopname_ln614' <Predicate = true> <Delay = 0.00>
ST_11 : Operation 163 [1/1] (0.00ns)   --->   "%shl_ln621_2 = bitconcatenate i80 @_ssdm_op_BitConcatenate.i80.i56.i24, i56 %total_3_load, i24 0" [swiglu.cpp:621]   --->   Operation 163 'bitconcatenate' 'shl_ln621_2' <Predicate = true> <Delay = 0.00>
ST_11 : Operation 164 [1/1] (0.00ns)   --->   "%sext_ln621_2 = sext i80 %shl_ln621_2" [swiglu.cpp:621]   --->   Operation 164 'sext' 'sext_ln621_2' <Predicate = true> <Delay = 0.00>
ST_11 : Operation 165 [1/1] (0.00ns)   --->   "%sext_ln621_3 = sext i82 %mul_ln621" [swiglu.cpp:621]   --->   Operation 165 'sext' 'sext_ln621_3' <Predicate = true> <Delay = 0.00>
ST_11 : Operation 166 [1/1] (0.00ns)   --->   "%zext_ln621_4 = zext i88 %sext_ln621_3" [swiglu.cpp:621]   --->   Operation 166 'zext' 'zext_ln621_4' <Predicate = true> <Delay = 0.00>
ST_11 : Operation 167 [1/1] (1.27ns)   --->   "%add_ln621_1 = add i89 %zext_ln621_4, i89 %sext_ln621_2" [swiglu.cpp:621]   --->   Operation 167 'add' 'add_ln621_1' <Predicate = true> <Delay = 1.27> <CoreInst = "Adder">   --->   Core 1 'Adder' <Latency = 0> <II = 1> <Delay = 1.27> <FuncUnit> <Opcode : 'add' 'sub'> <InPorts = 2> <OutPorts = 1>
ST_11 : Operation 168 [1/1] (0.00ns)   --->   "%total_2 = partselect i56 @_ssdm_op_PartSelect.i56.i89.i32.i32, i89 %add_ln621_1, i32 24, i32 79" [swiglu.cpp:621]   --->   Operation 168 'partselect' 'total_2' <Predicate = true> <Delay = 0.00>
ST_11 : Operation 169 [1/1] (0.42ns)   --->   "%store_ln575 = store i56 %total_2, i56 %total_3" [swiglu.cpp:575]   --->   Operation 169 'store' 'store_ln575' <Predicate = true> <Delay = 0.42>
ST_11 : Operation 170 [1/1] (0.42ns)   --->   "%store_ln621 = store i89 %add_ln621_1, i89 %add_i_i14_phi" [swiglu.cpp:621]   --->   Operation 170 'store' 'store_ln621' <Predicate = true> <Delay = 0.42>
ST_11 : Operation 171 [1/1] (0.00ns)   --->   "%br_ln614 = br void %VITIS_LOOP_617_5" [swiglu.cpp:614]   --->   Operation 171 'br' 'br_ln614' <Predicate = true> <Delay = 0.00>


============================================================
+ Verbose Summary: Timing violations
============================================================
Target clock period: 3.333ns, clock uncertainty: 0.900ns.

 <State 1>: 2.005ns
The critical path consists of the following:
	'store' operation 0 bit ('store_ln614', swiglu.cpp:614) of constant 0 on local variable 'bsg', swiglu.cpp:614 [139]  (0.427 ns)
	'load' operation 3 bit ('bsg', swiglu.cpp:614) on local variable 'bsg', swiglu.cpp:614 [144]  (0.000 ns)
	'add' operation 5 bit ('add_ln615', swiglu.cpp:615) [155]  (0.789 ns)
	'sparsemux' operation 32 bit ('tmp_s', swiglu.cpp:621) [171]  (0.789 ns)

 <State 2>: 2.306ns
The critical path consists of the following:
	'fpext' operation 64 bit ('pf', swiglu.cpp:621) [172]  (2.306 ns)

 <State 3>: 2.306ns
The critical path consists of the following:
	'fpext' operation 64 bit ('pf', swiglu.cpp:621) [172]  (2.306 ns)

 <State 4>: 2.007ns
The critical path consists of the following:
	'sub' operation 12 bit ('sub_ln621_1', swiglu.cpp:621) [184]  (0.809 ns)
	'icmp' operation 1 bit ('icmp_ln621_1', swiglu.cpp:621) [186]  (0.809 ns)
	'select' operation 11 bit ('select_ln621_1', swiglu.cpp:621) [189]  (0.389 ns)

 <State 5>: 2.431ns
The critical path consists of the following:
	'ashr' operation 54 bit ('ashr_ln621', swiglu.cpp:621) [196]  (1.506 ns)
	'select' operation 32 bit ('select_ln621_2', swiglu.cpp:621) [198]  (0.449 ns)
	'sparsemux' operation 32 bit ('storemerge4_i', swiglu.cpp:621) [209]  (0.476 ns)

 <State 6>: 2.168ns
The critical path consists of the following:
	'mul' operation 82 bit ('mul_ln621', swiglu.cpp:621) [213]  (2.168 ns)

 <State 7>: 2.168ns
The critical path consists of the following:
	'mul' operation 82 bit ('mul_ln621', swiglu.cpp:621) [213]  (2.168 ns)

 <State 8>: 2.168ns
The critical path consists of the following:
	'mul' operation 82 bit ('mul_ln621', swiglu.cpp:621) [213]  (2.168 ns)

 <State 9>: 2.168ns
The critical path consists of the following:
	'mul' operation 82 bit ('mul_ln621', swiglu.cpp:621) [213]  (2.168 ns)

 <State 10>: 2.168ns
The critical path consists of the following:
	'mul' operation 82 bit ('mul_ln621', swiglu.cpp:621) [213]  (2.168 ns)

 <State 11>: 1.697ns
The critical path consists of the following:
	'load' operation 56 bit ('total_3_load', swiglu.cpp:621) on local variable 'total', swiglu.cpp:575 [149]  (0.000 ns)
	'add' operation 89 bit ('add_ln621_1', swiglu.cpp:621) [218]  (1.270 ns)
	'store' operation 0 bit ('store_ln575', swiglu.cpp:575) of variable 'total', swiglu.cpp:621 on local variable 'total', swiglu.cpp:575 [221]  (0.427 ns)


============================================================
+ Verbose Summary: Binding
============================================================
N/A
* FSMD analyzer results:
  - Output states:
 - Input state : 
  - Chain level:
	State 1
	State 2
	State 3
	State 4
	State 5
	State 6
	State 7
	State 8
	State 9
	State 10
	State 11


============================================================
+ Verbose Summary: Datapath Resource usage 
============================================================
N/A
