

================================================================
== Vitis HLS Report for 'mac_blocks_down_q6k_Pipeline_3'
================================================================
* Date:           Sun Mar 29 14:22:13 2026

* Version:        2025.1 (Build 6135595 on May 21 2025)
* Project:        swiglu
* Solution:       hls (Vivado IP Flow Target)
* Product family: zynquplus
* Target device:  xck26-sfvc784-2LV-c


================================================================
== Performance Estimates
================================================================
+ Timing: 
    * Summary: 
    +--------+---------+----------+------------+
    |  Clock |  Target | Estimated| Uncertainty|
    +--------+---------+----------+------------+
    |ap_clk  |  3.33 ns|  1.651 ns|     0.90 ns|
    +--------+---------+----------+------------+

+ Latency: 
    * Summary: 
    +---------+---------+-----------+-----------+-----+-----+------------------------------------------------+
    |  Latency (cycles) |   Latency (absolute)  |  Interval |                    Pipeline                    |
    |   min   |   max   |    min    |    max    | min | max |                      Type                      |
    +---------+---------+-----------+-----------+-----+-----+------------------------------------------------+
    |       10|       10|  33.300 ns|  33.300 ns|    9|    9|  loop auto-rewind stp (delay=0 clock cycles(s))|
    +---------+---------+-----------+-----------+-----+-----+------------------------------------------------+

    + Detail: 
        * Instance: 
        N/A

        * Loop: 
        +----------+---------+---------+----------+-----------+-----------+------+----------+
        |          |  Latency (cycles) | Iteration|  Initiation Interval  | Trip |          |
        | Loop Name|   min   |   max   |  Latency |  achieved |   target  | Count| Pipelined|
        +----------+---------+---------+----------+-----------+-----------+------+----------+
        |- Loop 1  |        8|        8|         1|          1|          1|     8|       yes|
        +----------+---------+---------+----------+-----------+-----------+------+----------+

============================================================
+ Verbose Summary: Synthesis Manager
============================================================
InlineROM: 1
ExposeGlobal: 0
============================================================
+ Verbose Summary: CDFG Model
============================================================
IsTopModel: 0
ResetActiveHigh: 1
IsCombinational: 0
IsDatapathOnly: 0
HasWiredReturn: 1
HasMFsm: 2
HasVarLatency: 1
IsPipeline: 0
IsRtlPipelined: 0
IsInstanceOverlapped: 0
IsDontTouch: 0
HasImplIP: 0
IsGatedGlobalClock: 0

+ Individual pipeline summary: 
  * Pipeline-0: initiation interval (II) = 1, depth = 1


============================================================
+ Verbose Summary: Schedule
============================================================
* Number of FSM states : 1
* Pipeline : 1
  Pipeline-0 : II = 1, D = 1, States = { 1 }
* Dataflow Pipeline: 0

* FSM state transitions: 
1 --> 

* FSM state operations: 

State 1 <SV = 0> <Delay = 1.65>
ST_1 : Operation 4 [1/1] (0.00ns)   --->   "%empty = alloca i32 1"   --->   Operation 4 'alloca' 'empty' <Predicate = true> <Delay = 0.00>
ST_1 : Operation 5 [1/1] (0.42ns)   --->   "%store_ln0 = store i4 0, i4 %empty"   --->   Operation 5 'store' 'store_ln0' <Predicate = true> <Delay = 0.42>
ST_1 : Operation 6 [1/1] (0.00ns)   --->   "%br_ln0 = br void %memset.loop.1"   --->   Operation 6 'br' 'br_ln0' <Predicate = true> <Delay = 0.00>
ST_1 : Operation 7 [1/1] (0.00ns)   --->   "%p_load = load i4 %empty"   --->   Operation 7 'load' 'p_load' <Predicate = true> <Delay = 0.00>
ST_1 : Operation 8 [1/1] (0.79ns)   --->   "%exitcond3235 = icmp_eq  i4 %p_load, i4 8"   --->   Operation 8 'icmp' 'exitcond3235' <Predicate = true> <Delay = 0.79> <CoreInst = "Cmp">   --->   Core 9 'Cmp' <Latency = 0> <II = 1> <Delay = 0.79> <FuncUnit> <Opcode : 'seteq' 'setne' 'setle' 'setge' 'setlt' 'setgt'> <InPorts = 2> <OutPorts = 1>
ST_1 : Operation 9 [1/1] (0.79ns)   --->   "%empty_87 = add i4 %p_load, i4 1"   --->   Operation 9 'add' 'empty_87' <Predicate = true> <Delay = 0.79> <CoreInst = "Adder">   --->   Core 1 'Adder' <Latency = 0> <II = 1> <Delay = 0.79> <FuncUnit> <Opcode : 'add' 'sub'> <InPorts = 2> <OutPorts = 1>
ST_1 : Operation 10 [1/1] (0.00ns)   --->   "%br_ln0 = br i1 %exitcond3235, void %memset.loop.1.split, void %for.body.i.1.preheader.exitStub"   --->   Operation 10 'br' 'br_ln0' <Predicate = true> <Delay = 0.00>
ST_1 : Operation 11 [1/1] (0.00ns)   --->   "%empty_88 = trunc i4 %p_load"   --->   Operation 11 'trunc' 'empty_88' <Predicate = (!exitcond3235)> <Delay = 0.00>
ST_1 : Operation 12 [1/1] (0.00ns)   --->   "%specpipeline_ln0 = specpipeline void @_ssdm_op_SpecPipeline, i32 4294967295, i32 0, i32 0, i32 0, void @empty_32"   --->   Operation 12 'specpipeline' 'specpipeline_ln0' <Predicate = (!exitcond3235)> <Delay = 0.00>
ST_1 : Operation 13 [1/1] (0.00ns)   --->   "%speclooptripcount_ln0 = speclooptripcount void @_ssdm_op_SpecLoopTripCount, i64 8, i64 8, i64 8"   --->   Operation 13 'speclooptripcount' 'speclooptripcount_ln0' <Predicate = (!exitcond3235)> <Delay = 0.00>
ST_1 : Operation 14 [1/1] (0.67ns)   --->   "%switch_ln0 = switch i3 %empty_88, void %.case.737, i3 0, void %.case.030, i3 1, void %.case.131, i3 2, void %.case.232, i3 3, void %.case.333, i3 4, void %.case.434, i3 5, void %.case.535, i3 6, void %.case.636"   --->   Operation 14 'switch' 'switch_ln0' <Predicate = (!exitcond3235)> <Delay = 0.67>
ST_1 : Operation 15 [1/1] (0.00ns)   --->   "%write_ln0 = write void @_ssdm_op_Write.ap_auto.floatP0A, i32 %acc_6, i32 0"   --->   Operation 15 'write' 'write_ln0' <Predicate = (!exitcond3235 & empty_88 == 6)> <Delay = 0.00>
ST_1 : Operation 16 [1/1] (0.00ns)   --->   "%br_ln0 = br void %.exit29"   --->   Operation 16 'br' 'br_ln0' <Predicate = (!exitcond3235 & empty_88 == 6)> <Delay = 0.00>
ST_1 : Operation 17 [1/1] (0.00ns)   --->   "%write_ln0 = write void @_ssdm_op_Write.ap_auto.floatP0A, i32 %acc_5, i32 0"   --->   Operation 17 'write' 'write_ln0' <Predicate = (!exitcond3235 & empty_88 == 5)> <Delay = 0.00>
ST_1 : Operation 18 [1/1] (0.00ns)   --->   "%br_ln0 = br void %.exit29"   --->   Operation 18 'br' 'br_ln0' <Predicate = (!exitcond3235 & empty_88 == 5)> <Delay = 0.00>
ST_1 : Operation 19 [1/1] (0.00ns)   --->   "%write_ln0 = write void @_ssdm_op_Write.ap_auto.floatP0A, i32 %acc_4, i32 0"   --->   Operation 19 'write' 'write_ln0' <Predicate = (!exitcond3235 & empty_88 == 4)> <Delay = 0.00>
ST_1 : Operation 20 [1/1] (0.00ns)   --->   "%br_ln0 = br void %.exit29"   --->   Operation 20 'br' 'br_ln0' <Predicate = (!exitcond3235 & empty_88 == 4)> <Delay = 0.00>
ST_1 : Operation 21 [1/1] (0.00ns)   --->   "%write_ln0 = write void @_ssdm_op_Write.ap_auto.floatP0A, i32 %acc_3, i32 0"   --->   Operation 21 'write' 'write_ln0' <Predicate = (!exitcond3235 & empty_88 == 3)> <Delay = 0.00>
ST_1 : Operation 22 [1/1] (0.00ns)   --->   "%br_ln0 = br void %.exit29"   --->   Operation 22 'br' 'br_ln0' <Predicate = (!exitcond3235 & empty_88 == 3)> <Delay = 0.00>
ST_1 : Operation 23 [1/1] (0.00ns)   --->   "%write_ln0 = write void @_ssdm_op_Write.ap_auto.floatP0A, i32 %acc_2, i32 0"   --->   Operation 23 'write' 'write_ln0' <Predicate = (!exitcond3235 & empty_88 == 2)> <Delay = 0.00>
ST_1 : Operation 24 [1/1] (0.00ns)   --->   "%br_ln0 = br void %.exit29"   --->   Operation 24 'br' 'br_ln0' <Predicate = (!exitcond3235 & empty_88 == 2)> <Delay = 0.00>
ST_1 : Operation 25 [1/1] (0.00ns)   --->   "%write_ln0 = write void @_ssdm_op_Write.ap_auto.floatP0A, i32 %acc_1, i32 0"   --->   Operation 25 'write' 'write_ln0' <Predicate = (!exitcond3235 & empty_88 == 1)> <Delay = 0.00>
ST_1 : Operation 26 [1/1] (0.00ns)   --->   "%br_ln0 = br void %.exit29"   --->   Operation 26 'br' 'br_ln0' <Predicate = (!exitcond3235 & empty_88 == 1)> <Delay = 0.00>
ST_1 : Operation 27 [1/1] (0.00ns)   --->   "%write_ln0 = write void @_ssdm_op_Write.ap_auto.floatP0A, i32 %acc, i32 0"   --->   Operation 27 'write' 'write_ln0' <Predicate = (!exitcond3235 & empty_88 == 0)> <Delay = 0.00>
ST_1 : Operation 28 [1/1] (0.00ns)   --->   "%br_ln0 = br void %.exit29"   --->   Operation 28 'br' 'br_ln0' <Predicate = (!exitcond3235 & empty_88 == 0)> <Delay = 0.00>
ST_1 : Operation 29 [1/1] (0.00ns)   --->   "%write_ln0 = write void @_ssdm_op_Write.ap_auto.floatP0A, i32 %acc_7, i32 0"   --->   Operation 29 'write' 'write_ln0' <Predicate = (!exitcond3235 & empty_88 == 7)> <Delay = 0.00>
ST_1 : Operation 30 [1/1] (0.00ns)   --->   "%br_ln0 = br void %.exit29"   --->   Operation 30 'br' 'br_ln0' <Predicate = (!exitcond3235 & empty_88 == 7)> <Delay = 0.00>
ST_1 : Operation 31 [1/1] (0.42ns)   --->   "%store_ln0 = store i4 %empty_87, i4 %empty"   --->   Operation 31 'store' 'store_ln0' <Predicate = (!exitcond3235)> <Delay = 0.42>
ST_1 : Operation 32 [1/1] (0.00ns)   --->   "%br_ln0 = br void %memset.loop.1"   --->   Operation 32 'br' 'br_ln0' <Predicate = (!exitcond3235)> <Delay = 0.00>
ST_1 : Operation 33 [1/1] (0.42ns)   --->   "%ret_ln0 = ret"   --->   Operation 33 'ret' 'ret_ln0' <Predicate = (exitcond3235)> <Delay = 0.42>


============================================================
+ Verbose Summary: Timing violations
============================================================
Target clock period: 3.330ns, clock uncertainty: 0.900ns.

 <State 1>: 1.651ns
The critical path consists of the following:
	'store' operation 0 bit ('store_ln0') of constant 0 on local variable 'empty' [10]  (0.427 ns)
	'load' operation 4 bit ('p_load') on local variable 'empty' [13]  (0.000 ns)
	'icmp' operation 1 bit ('exitcond3235') [14]  (0.797 ns)
	'store' operation 0 bit ('store_ln0') of variable 'empty_87' on local variable 'empty' [47]  (0.427 ns)


============================================================
+ Verbose Summary: Binding
============================================================
N/A
* FSMD analyzer results:
  - Output states:
 - Input state : 
  - Chain level:
	State 1


============================================================
+ Verbose Summary: Datapath Resource usage 
============================================================
N/A
